[2024-09-09 16:29:01,182] [1    ] [INFO ] [] - ========== Box Local Com Server v4.26.1.1109 ==========
[2024-09-09 16:29:01,203] [1    ] [INFO ] [] - Running as a per-user installation
[2024-09-09 16:29:01,259] [1    ] [INFO ] [] - LocalMachine RegistryKey not set
[2024-09-09 16:29:01,260] [1    ] [INFO ] [] - Starting server...
[2024-09-09 16:29:01,267] [1    ] [INFO ] [] - Server running. Listening to port 17223
[2024-09-09 16:29:01,269] [1    ] [INFO ] [] - Working with debug logging OFF
[2024-09-09 16:29:05,986] [12   ] [INFO ] [] - Accepted Origin
[2024-09-09 16:29:05,986] [10   ] [INFO ] [] - Accepted Origin
[2024-09-09 16:29:06,002] [10   ] [INFO ] [] - Handling status request
[2024-09-09 16:29:06,272] [10   ] [INFO ] [] - Accepted Origin
[2024-09-09 16:29:06,278] [10   ] [INFO ] [] - Accepted Origin
[2024-09-09 16:29:06,331] [10   ] [INFO ] [] - Checking executable signing ceritifcate
[2024-09-09 16:29:06,441] [10   ] [INFO ] [] - Application "Box Edit" running for user "FERALLOY\pcedillo"
[2024-09-09 16:29:06,452] [10   ] [INFO ] [] - Handling application_request
[2024-09-09 16:29:06,459] [16   ] [INFO ] [] - Attempt #1 to connect to named pipe box_edit_pipe1
[2024-09-09 16:29:06,471] [16   ] [INFO ] [] - The named pipe box_edit_pipe1 is connected
[2024-09-09 16:29:06,566] [17   ] [INFO ] [] - Received 176 bytes from application boxedit
[2024-09-09 16:29:06,566] [17   ] [INFO ] [] - Disconnected from box_edit_pipe1
[2024-09-09 16:29:06,568] [10   ] [INFO ] [] - Received {"response_type":"get_default_application","default_application_name":[{"pptx":"PowerPoint"},{"mp4":"Reproductor multimedia"},{"xlsx":"Excel"},{"xls":"Excel"},{"docx":"Word"}]} from application boxedit
[2024-09-09 16:29:06,569] [10   ] [INFO ] [] - Elapsed time to handle application_request: 00:00:00.1156097
[2024-09-09 16:29:07,529] [15   ] [INFO ] [] - Accepted Origin
[2024-09-09 16:29:07,533] [15   ] [INFO ] [] - Accepted Origin
[2024-09-09 16:29:07,534] [15   ] [INFO ] [] - Checking executable signing ceritifcate
[2024-09-09 16:29:07,582] [15   ] [INFO ] [] - Application "Box Edit" running for user "FERALLOY\pcedillo"
[2024-09-09 16:29:07,589] [15   ] [INFO ] [] - Handling application message
[2024-09-09 16:29:07,590] [18   ] [INFO ] [] - Attempt #1 to connect to named pipe box_edit_pipe1
[2024-09-09 16:29:07,591] [18   ] [INFO ] [] - The named pipe box_edit_pipe1 is connected
[2024-09-09 16:29:07,593] [15   ] [INFO ] [] - Elapsed time to handle application_command: 00:00:00.0044033
