[2024-09-19 12:07:48,839] [1    ] [INFO ] [] - ========== Box Local Com Server v4.26.1.1109 ==========
[2024-09-19 12:07:48,921] [1    ] [INFO ] [] - Running as a per-user installation
[2024-09-19 12:07:49,093] [1    ] [INFO ] [] - LocalMachine RegistryKey not set
[2024-09-19 12:07:49,093] [1    ] [INFO ] [] - Starting server...
[2024-09-19 12:07:49,125] [1    ] [INFO ] [] - Server running. Listening to port 17223
[2024-09-19 12:07:49,125] [1    ] [INFO ] [] - Working with debug logging OFF
[2024-09-19 12:09:43,136] [15   ] [INFO ] [] - Accepted Origin
[2024-09-19 12:09:43,136] [15   ] [INFO ] [] - Handling status request
[2024-09-19 13:07:17,352] [1    ] [INFO ] [] - ========== Box Local Com Server v4.26.1.1109 ==========
[2024-09-19 13:07:17,416] [1    ] [INFO ] [] - Running as a per-user installation
[2024-09-19 13:07:17,511] [1    ] [INFO ] [] - LocalMachine RegistryKey not set
[2024-09-19 13:07:17,526] [1    ] [INFO ] [] - Starting server...
[2024-09-19 13:07:17,526] [1    ] [INFO ] [] - Server running. Listening to port 17223
[2024-09-19 13:07:17,542] [1    ] [INFO ] [] - Working with debug logging OFF
[2024-09-19 13:08:59,960] [15   ] [INFO ] [] - Accepted Origin
[2024-09-19 13:08:59,976] [15   ] [INFO ] [] - Handling status request
[2024-09-19 15:25:26,159] [1    ] [INFO ] [] - ========== Box Local Com Server v4.26.1.1109 ==========
[2024-09-19 15:25:26,224] [1    ] [INFO ] [] - Running as a per-user installation
[2024-09-19 15:25:26,410] [1    ] [INFO ] [] - LocalMachine RegistryKey not set
[2024-09-19 15:25:26,410] [1    ] [INFO ] [] - Starting server...
[2024-09-19 15:25:26,438] [1    ] [INFO ] [] - Server running. Listening to port 17223
[2024-09-19 15:25:26,438] [1    ] [INFO ] [] - Working with debug logging OFF
[2024-09-19 15:27:06,680] [15   ] [INFO ] [] - Accepted Origin
[2024-09-19 15:27:06,680] [15   ] [INFO ] [] - Handling status request
