[2024-09-20 09:55:34,234] [1    ] [INFO ] [] - ========== Box Local Com Server v4.26.1.1109 ==========
[2024-09-20 09:55:34,289] [1    ] [INFO ] [] - Running as a per-user installation
[2024-09-20 09:55:34,395] [1    ] [INFO ] [] - LocalMachine RegistryKey not set
[2024-09-20 09:55:34,399] [1    ] [INFO ] [] - Starting server...
[2024-09-20 09:55:34,411] [1    ] [INFO ] [] - Server running. Listening to port 17223
[2024-09-20 09:55:34,413] [1    ] [INFO ] [] - Working with debug logging OFF
[2024-09-20 09:57:30,197] [15   ] [INFO ] [] - Accepted Origin
[2024-09-20 09:57:30,197] [15   ] [INFO ] [] - Handling status request
[2024-09-20 10:25:13,072] [1    ] [INFO ] [] - ========== Box Local Com Server v4.26.1.1109 ==========
[2024-09-20 10:25:13,102] [1    ] [INFO ] [] - Running as a per-user installation
[2024-09-20 10:25:13,146] [1    ] [INFO ] [] - LocalMachine RegistryKey not set
[2024-09-20 10:25:13,147] [1    ] [INFO ] [] - Starting server...
[2024-09-20 10:25:13,154] [1    ] [INFO ] [] - Server running. Listening to port 17223
[2024-09-20 10:25:13,156] [1    ] [INFO ] [] - Working with debug logging OFF
[2024-09-20 10:27:07,280] [15   ] [INFO ] [] - Accepted Origin
[2024-09-20 10:27:07,280] [15   ] [INFO ] [] - Handling status request
[2024-09-20 10:29:48,817] [1    ] [INFO ] [] - ========== Box Local Com Server v4.26.1.1109 ==========
[2024-09-20 10:29:48,845] [1    ] [INFO ] [] - Running as a per-user installation
[2024-09-20 10:29:48,889] [1    ] [INFO ] [] - LocalMachine RegistryKey not set
[2024-09-20 10:29:48,890] [1    ] [INFO ] [] - Starting server...
[2024-09-20 10:29:48,898] [1    ] [INFO ] [] - Server running. Listening to port 17223
[2024-09-20 10:29:48,901] [1    ] [INFO ] [] - Working with debug logging OFF
[2024-09-20 10:31:44,891] [15   ] [INFO ] [] - Accepted Origin
[2024-09-20 10:31:44,891] [15   ] [INFO ] [] - Handling status request
