[2025-03-24 08:12:43,548] [52   ] [INFO ] [] - Initializing the metrics collector
[2025-03-24 08:12:43,582] [52   ] [INFO ] [] - MetricsCollector::Sender(49): _disableSentMetrics 1
[2025-03-24 08:12:43,583] [52   ] [INFO ] [] - MetricsCollector::Initialize(231): Initialized metrics collector
- session id: ff58d207-8cfe-43a4-b003-353fde944d14
- device id: 4ca35884-a93a-48fc-ad16-80b2a90aa32e
- application id: Box Tools Win exe
- application name: BoxTools
- application version: 4.28.1.1163
- metric collection url: https://client-log.box.com/index.php?rm=box_gen204_json_record
- metric data path: C:\Users\pcedillo\AppData\Local\Box\Box Tools\Metrics\BoxTools_Metrics_EFD61745.db
- post callback: 05D92F2E
- log callback: 05D92F56
- context: 00000000
- post interval in seconds: 600
- max records in a post: 100
- max db records: 500
- disable sender: true
[2025-03-24 08:12:43,605] [52   ] [INFO ] [] - Shutting down the metrics collector
[2025-03-24 08:22:41,476] [52   ] [INFO ] [] - Initializing the metrics collector
[2025-03-24 08:22:41,487] [52   ] [INFO ] [] - MetricsCollector::Sender(49): _disableSentMetrics 1
[2025-03-24 08:22:41,488] [52   ] [INFO ] [] - MetricsCollector::Initialize(231): Initialized metrics collector
- session id: ff58d207-8cfe-43a4-b003-353fde944d14
- device id: 4ca35884-a93a-48fc-ad16-80b2a90aa32e
- application id: Box Tools Win exe
- application name: BoxTools
- application version: 4.28.1.1163
- metric collection url: https://client-log.box.com/index.php?rm=box_gen204_json_record
- metric data path: C:\Users\pcedillo\AppData\Local\Box\Box Tools\Metrics\BoxTools_Metrics_EFD61745.db
- post callback: 05D92F2E
- log callback: 05D92F56
- context: 00000000
- post interval in seconds: 600
- max records in a post: 100
- max db records: 500
- disable sender: true
[2025-03-24 08:22:41,507] [52   ] [INFO ] [] - Shutting down the metrics collector
[2025-03-24 08:32:41,439] [77   ] [INFO ] [] - Initializing the metrics collector
[2025-03-24 08:32:41,448] [77   ] [INFO ] [] - MetricsCollector::Sender(49): _disableSentMetrics 1
[2025-03-24 08:32:41,448] [77   ] [INFO ] [] - MetricsCollector::Initialize(231): Initialized metrics collector
- session id: ff58d207-8cfe-43a4-b003-353fde944d14
- device id: 4ca35884-a93a-48fc-ad16-80b2a90aa32e
- application id: Box Tools Win exe
- application name: BoxTools
- application version: 4.28.1.1163
- metric collection url: https://client-log.box.com/index.php?rm=box_gen204_json_record
- metric data path: C:\Users\pcedillo\AppData\Local\Box\Box Tools\Metrics\BoxTools_Metrics_EFD61745.db
- post callback: 05D92F2E
- log callback: 05D92F56
- context: 00000000
- post interval in seconds: 600
- max records in a post: 100
- max db records: 500
- disable sender: true
[2025-03-24 08:32:41,456] [77   ] [INFO ] [] - Shutting down the metrics collector
[2025-03-24 08:42:41,477] [34   ] [INFO ] [] - Initializing the metrics collector
[2025-03-24 08:42:41,581] [34   ] [INFO ] [] - MetricsCollector::Sender(49): _disableSentMetrics 1
[2025-03-24 08:42:41,628] [34   ] [INFO ] [] - MetricsCollector::Initialize(231): Initialized metrics collector
- session id: ff58d207-8cfe-43a4-b003-353fde944d14
- device id: 4ca35884-a93a-48fc-ad16-80b2a90aa32e
- application id: Box Tools Win exe
- application name: BoxTools
- application version: 4.28.1.1163
- metric collection url: https://client-log.box.com/index.php?rm=box_gen204_json_record
- metric data path: C:\Users\pcedillo\AppData\Local\Box\Box Tools\Metrics\BoxTools_Metrics_EFD61745.db
- post callback: 05D92F2E
- log callback: 05D92F56
- context: 00000000
- post interval in seconds: 600
- max records in a post: 100
- max db records: 500
- disable sender: true
[2025-03-24 08:42:41,899] [34   ] [INFO ] [] - Shutting down the metrics collector
[2025-03-24 08:52:41,508] [52   ] [INFO ] [] - Initializing the metrics collector
[2025-03-24 08:52:41,521] [52   ] [INFO ] [] - MetricsCollector::Sender(49): _disableSentMetrics 1
[2025-03-24 08:52:41,521] [52   ] [INFO ] [] - MetricsCollector::Initialize(231): Initialized metrics collector
- session id: ff58d207-8cfe-43a4-b003-353fde944d14
- device id: 4ca35884-a93a-48fc-ad16-80b2a90aa32e
- application id: Box Tools Win exe
- application name: BoxTools
- application version: 4.28.1.1163
- metric collection url: https://client-log.box.com/index.php?rm=box_gen204_json_record
- metric data path: C:\Users\pcedillo\AppData\Local\Box\Box Tools\Metrics\BoxTools_Metrics_EFD61745.db
- post callback: 05D92F2E
- log callback: 05D92F56
- context: 00000000
- post interval in seconds: 600
- max records in a post: 100
- max db records: 500
- disable sender: true
[2025-03-24 08:52:41,533] [52   ] [INFO ] [] - Shutting down the metrics collector
[2025-03-24 09:02:41,492] [27   ] [INFO ] [] - Initializing the metrics collector
[2025-03-24 09:02:41,500] [27   ] [INFO ] [] - MetricsCollector::Sender(49): _disableSentMetrics 1
[2025-03-24 09:02:41,501] [27   ] [INFO ] [] - MetricsCollector::Initialize(231): Initialized metrics collector
- session id: ff58d207-8cfe-43a4-b003-353fde944d14
- device id: 4ca35884-a93a-48fc-ad16-80b2a90aa32e
- application id: Box Tools Win exe
- application name: BoxTools
- application version: 4.28.1.1163
- metric collection url: https://client-log.box.com/index.php?rm=box_gen204_json_record
- metric data path: C:\Users\pcedillo\AppData\Local\Box\Box Tools\Metrics\BoxTools_Metrics_EFD61745.db
- post callback: 05D92F2E
- log callback: 05D92F56
- context: 00000000
- post interval in seconds: 600
- max records in a post: 100
- max db records: 500
- disable sender: true
[2025-03-24 09:02:41,510] [27   ] [INFO ] [] - Shutting down the metrics collector
[2025-03-24 09:12:41,504] [41   ] [INFO ] [] - Initializing the metrics collector
[2025-03-24 09:12:41,521] [41   ] [INFO ] [] - MetricsCollector::Sender(49): _disableSentMetrics 1
[2025-03-24 09:12:41,522] [41   ] [INFO ] [] - MetricsCollector::Initialize(231): Initialized metrics collector
- session id: ff58d207-8cfe-43a4-b003-353fde944d14
- device id: 4ca35884-a93a-48fc-ad16-80b2a90aa32e
- application id: Box Tools Win exe
- application name: BoxTools
- application version: 4.28.1.1163
- metric collection url: https://client-log.box.com/index.php?rm=box_gen204_json_record
- metric data path: C:\Users\pcedillo\AppData\Local\Box\Box Tools\Metrics\BoxTools_Metrics_EFD61745.db
- post callback: 05D92F2E
- log callback: 05D92F56
- context: 00000000
- post interval in seconds: 600
- max records in a post: 100
- max db records: 500
- disable sender: true
[2025-03-24 09:12:41,542] [41   ] [INFO ] [] - Shutting down the metrics collector
[2025-03-24 09:22:41,509] [37   ] [INFO ] [] - Initializing the metrics collector
[2025-03-24 09:22:41,533] [37   ] [INFO ] [] - MetricsCollector::Sender(49): _disableSentMetrics 1
[2025-03-24 09:22:41,534] [37   ] [INFO ] [] - MetricsCollector::Initialize(231): Initialized metrics collector
- session id: ff58d207-8cfe-43a4-b003-353fde944d14
- device id: 4ca35884-a93a-48fc-ad16-80b2a90aa32e
- application id: Box Tools Win exe
- application name: BoxTools
- application version: 4.28.1.1163
- metric collection url: https://client-log.box.com/index.php?rm=box_gen204_json_record
- metric data path: C:\Users\pcedillo\AppData\Local\Box\Box Tools\Metrics\BoxTools_Metrics_EFD61745.db
- post callback: 05D92F2E
- log callback: 05D92F56
- context: 00000000
- post interval in seconds: 600
- max records in a post: 100
- max db records: 500
- disable sender: true
[2025-03-24 09:22:41,556] [37   ] [INFO ] [] - Shutting down the metrics collector
[2025-03-24 09:33:48,938] [76   ] [INFO ] [] - Initializing the metrics collector
[2025-03-24 09:33:48,966] [76   ] [INFO ] [] - MetricsCollector::Sender(49): _disableSentMetrics 1
[2025-03-24 09:33:48,966] [76   ] [INFO ] [] - MetricsCollector::Initialize(231): Initialized metrics collector
- session id: ff58d207-8cfe-43a4-b003-353fde944d14
- device id: 4ca35884-a93a-48fc-ad16-80b2a90aa32e
- application id: Box Tools Win exe
- application name: BoxTools
- application version: 4.28.1.1163
- metric collection url: https://client-log.box.com/index.php?rm=box_gen204_json_record
- metric data path: C:\Users\pcedillo\AppData\Local\Box\Box Tools\Metrics\BoxTools_Metrics_EFD61745.db
- post callback: 05D92F2E
- log callback: 05D92F56
- context: 00000000
- post interval in seconds: 600
- max records in a post: 100
- max db records: 500
- disable sender: true
[2025-03-24 09:33:48,972] [76   ] [INFO ] [] - Shutting down the metrics collector
[2025-03-24 09:43:48,879] [77   ] [INFO ] [] - Initializing the metrics collector
[2025-03-24 09:43:48,893] [77   ] [INFO ] [] - MetricsCollector::Sender(49): _disableSentMetrics 1
[2025-03-24 09:43:48,894] [77   ] [INFO ] [] - MetricsCollector::Initialize(231): Initialized metrics collector
- session id: ff58d207-8cfe-43a4-b003-353fde944d14
- device id: 4ca35884-a93a-48fc-ad16-80b2a90aa32e
- application id: Box Tools Win exe
- application name: BoxTools
- application version: 4.28.1.1163
- metric collection url: https://client-log.box.com/index.php?rm=box_gen204_json_record
- metric data path: C:\Users\pcedillo\AppData\Local\Box\Box Tools\Metrics\BoxTools_Metrics_EFD61745.db
- post callback: 05D92F2E
- log callback: 05D92F56
- context: 00000000
- post interval in seconds: 600
- max records in a post: 100
- max db records: 500
- disable sender: true
[2025-03-24 09:43:48,907] [77   ] [INFO ] [] - Shutting down the metrics collector
[2025-03-24 09:53:48,910] [14   ] [INFO ] [] - Initializing the metrics collector
[2025-03-24 09:53:48,919] [14   ] [INFO ] [] - MetricsCollector::Sender(49): _disableSentMetrics 1
[2025-03-24 09:53:48,920] [14   ] [INFO ] [] - MetricsCollector::Initialize(231): Initialized metrics collector
- session id: ff58d207-8cfe-43a4-b003-353fde944d14
- device id: 4ca35884-a93a-48fc-ad16-80b2a90aa32e
- application id: Box Tools Win exe
- application name: BoxTools
- application version: 4.28.1.1163
- metric collection url: https://client-log.box.com/index.php?rm=box_gen204_json_record
- metric data path: C:\Users\pcedillo\AppData\Local\Box\Box Tools\Metrics\BoxTools_Metrics_EFD61745.db
- post callback: 05D92F2E
- log callback: 05D92F56
- context: 00000000
- post interval in seconds: 600
- max records in a post: 100
- max db records: 500
- disable sender: true
[2025-03-24 09:53:48,931] [14   ] [INFO ] [] - Shutting down the metrics collector
[2025-03-24 10:03:48,923] [14   ] [INFO ] [] - Initializing the metrics collector
[2025-03-24 10:03:48,933] [14   ] [INFO ] [] - MetricsCollector::Sender(49): _disableSentMetrics 1
[2025-03-24 10:03:48,934] [14   ] [INFO ] [] - MetricsCollector::Initialize(231): Initialized metrics collector
- session id: ff58d207-8cfe-43a4-b003-353fde944d14
- device id: 4ca35884-a93a-48fc-ad16-80b2a90aa32e
- application id: Box Tools Win exe
- application name: BoxTools
- application version: 4.28.1.1163
- metric collection url: https://client-log.box.com/index.php?rm=box_gen204_json_record
- metric data path: C:\Users\pcedillo\AppData\Local\Box\Box Tools\Metrics\BoxTools_Metrics_EFD61745.db
- post callback: 05D92F2E
- log callback: 05D92F56
- context: 00000000
- post interval in seconds: 600
- max records in a post: 100
- max db records: 500
- disable sender: true
[2025-03-24 10:03:48,943] [14   ] [INFO ] [] - Shutting down the metrics collector
[2025-03-24 10:13:48,958] [20   ] [INFO ] [] - Initializing the metrics collector
[2025-03-24 10:13:48,965] [20   ] [INFO ] [] - MetricsCollector::Sender(49): _disableSentMetrics 1
[2025-03-24 10:13:48,965] [20   ] [INFO ] [] - MetricsCollector::Initialize(231): Initialized metrics collector
- session id: ff58d207-8cfe-43a4-b003-353fde944d14
- device id: 4ca35884-a93a-48fc-ad16-80b2a90aa32e
- application id: Box Tools Win exe
- application name: BoxTools
- application version: 4.28.1.1163
- metric collection url: https://client-log.box.com/index.php?rm=box_gen204_json_record
- metric data path: C:\Users\pcedillo\AppData\Local\Box\Box Tools\Metrics\BoxTools_Metrics_EFD61745.db
- post callback: 05D92F2E
- log callback: 05D92F56
- context: 00000000
- post interval in seconds: 600
- max records in a post: 100
- max db records: 500
- disable sender: true
[2025-03-24 10:13:48,971] [20   ] [INFO ] [] - Shutting down the metrics collector
[2025-03-24 10:23:48,957] [27   ] [INFO ] [] - Initializing the metrics collector
[2025-03-24 10:23:48,970] [27   ] [INFO ] [] - MetricsCollector::Sender(49): _disableSentMetrics 1
[2025-03-24 10:23:48,970] [27   ] [INFO ] [] - MetricsCollector::Initialize(231): Initialized metrics collector
- session id: ff58d207-8cfe-43a4-b003-353fde944d14
- device id: 4ca35884-a93a-48fc-ad16-80b2a90aa32e
- application id: Box Tools Win exe
- application name: BoxTools
- application version: 4.28.1.1163
- metric collection url: https://client-log.box.com/index.php?rm=box_gen204_json_record
- metric data path: C:\Users\pcedillo\AppData\Local\Box\Box Tools\Metrics\BoxTools_Metrics_EFD61745.db
- post callback: 05D92F2E
- log callback: 05D92F56
- context: 00000000
- post interval in seconds: 600
- max records in a post: 100
- max db records: 500
- disable sender: true
[2025-03-24 10:23:48,983] [27   ] [INFO ] [] - Shutting down the metrics collector
[2025-03-24 10:33:48,985] [36   ] [INFO ] [] - Initializing the metrics collector
[2025-03-24 10:33:48,998] [36   ] [INFO ] [] - MetricsCollector::Sender(49): _disableSentMetrics 1
[2025-03-24 10:33:48,999] [36   ] [INFO ] [] - MetricsCollector::Initialize(231): Initialized metrics collector
- session id: ff58d207-8cfe-43a4-b003-353fde944d14
- device id: 4ca35884-a93a-48fc-ad16-80b2a90aa32e
- application id: Box Tools Win exe
- application name: BoxTools
- application version: 4.28.1.1163
- metric collection url: https://client-log.box.com/index.php?rm=box_gen204_json_record
- metric data path: C:\Users\pcedillo\AppData\Local\Box\Box Tools\Metrics\BoxTools_Metrics_EFD61745.db
- post callback: 05D92F2E
- log callback: 05D92F56
- context: 00000000
- post interval in seconds: 600
- max records in a post: 100
- max db records: 500
- disable sender: true
[2025-03-24 10:33:49,013] [36   ] [INFO ] [] - Shutting down the metrics collector
[2025-03-24 10:43:48,992] [61   ] [INFO ] [] - Initializing the metrics collector
[2025-03-24 10:43:49,007] [61   ] [INFO ] [] - MetricsCollector::Sender(49): _disableSentMetrics 1
[2025-03-24 10:43:49,007] [61   ] [INFO ] [] - MetricsCollector::Initialize(231): Initialized metrics collector
- session id: ff58d207-8cfe-43a4-b003-353fde944d14
- device id: 4ca35884-a93a-48fc-ad16-80b2a90aa32e
- application id: Box Tools Win exe
- application name: BoxTools
- application version: 4.28.1.1163
- metric collection url: https://client-log.box.com/index.php?rm=box_gen204_json_record
- metric data path: C:\Users\pcedillo\AppData\Local\Box\Box Tools\Metrics\BoxTools_Metrics_EFD61745.db
- post callback: 05D92F2E
- log callback: 05D92F56
- context: 00000000
- post interval in seconds: 600
- max records in a post: 100
- max db records: 500
- disable sender: true
[2025-03-24 10:43:49,020] [61   ] [INFO ] [] - Shutting down the metrics collector
[2025-03-24 10:53:49,001] [46   ] [INFO ] [] - Initializing the metrics collector
[2025-03-24 10:53:49,012] [46   ] [INFO ] [] - MetricsCollector::Sender(49): _disableSentMetrics 1
[2025-03-24 10:53:49,012] [46   ] [INFO ] [] - MetricsCollector::Initialize(231): Initialized metrics collector
- session id: ff58d207-8cfe-43a4-b003-353fde944d14
- device id: 4ca35884-a93a-48fc-ad16-80b2a90aa32e
- application id: Box Tools Win exe
- application name: BoxTools
- application version: 4.28.1.1163
- metric collection url: https://client-log.box.com/index.php?rm=box_gen204_json_record
- metric data path: C:\Users\pcedillo\AppData\Local\Box\Box Tools\Metrics\BoxTools_Metrics_EFD61745.db
- post callback: 05D92F2E
- log callback: 05D92F56
- context: 00000000
- post interval in seconds: 600
- max records in a post: 100
- max db records: 500
- disable sender: true
[2025-03-24 10:53:49,023] [46   ] [INFO ] [] - Shutting down the metrics collector
[2025-03-24 11:03:49,015] [21   ] [INFO ] [] - Initializing the metrics collector
[2025-03-24 11:03:49,023] [21   ] [INFO ] [] - MetricsCollector::Sender(49): _disableSentMetrics 1
[2025-03-24 11:03:49,024] [21   ] [INFO ] [] - MetricsCollector::Initialize(231): Initialized metrics collector
- session id: ff58d207-8cfe-43a4-b003-353fde944d14
- device id: 4ca35884-a93a-48fc-ad16-80b2a90aa32e
- application id: Box Tools Win exe
- application name: BoxTools
- application version: 4.28.1.1163
- metric collection url: https://client-log.box.com/index.php?rm=box_gen204_json_record
- metric data path: C:\Users\pcedillo\AppData\Local\Box\Box Tools\Metrics\BoxTools_Metrics_EFD61745.db
- post callback: 05D92F2E
- log callback: 05D92F56
- context: 00000000
- post interval in seconds: 600
- max records in a post: 100
- max db records: 500
- disable sender: true
[2025-03-24 11:03:49,031] [21   ] [INFO ] [] - Shutting down the metrics collector
[2025-03-24 11:13:49,036] [81   ] [INFO ] [] - Initializing the metrics collector
[2025-03-24 11:13:49,049] [81   ] [INFO ] [] - MetricsCollector::Sender(49): _disableSentMetrics 1
[2025-03-24 11:13:49,050] [81   ] [INFO ] [] - MetricsCollector::Initialize(231): Initialized metrics collector
- session id: ff58d207-8cfe-43a4-b003-353fde944d14
- device id: 4ca35884-a93a-48fc-ad16-80b2a90aa32e
- application id: Box Tools Win exe
- application name: BoxTools
- application version: 4.28.1.1163
- metric collection url: https://client-log.box.com/index.php?rm=box_gen204_json_record
- metric data path: C:\Users\pcedillo\AppData\Local\Box\Box Tools\Metrics\BoxTools_Metrics_EFD61745.db
- post callback: 05D92F2E
- log callback: 05D92F56
- context: 00000000
- post interval in seconds: 600
- max records in a post: 100
- max db records: 500
- disable sender: true
[2025-03-24 11:13:49,061] [81   ] [INFO ] [] - Shutting down the metrics collector
[2025-03-24 11:23:49,039] [21   ] [INFO ] [] - Initializing the metrics collector
[2025-03-24 11:23:49,050] [21   ] [INFO ] [] - MetricsCollector::Sender(49): _disableSentMetrics 1
[2025-03-24 11:23:49,050] [21   ] [INFO ] [] - MetricsCollector::Initialize(231): Initialized metrics collector
- session id: ff58d207-8cfe-43a4-b003-353fde944d14
- device id: 4ca35884-a93a-48fc-ad16-80b2a90aa32e
- application id: Box Tools Win exe
- application name: BoxTools
- application version: 4.28.1.1163
- metric collection url: https://client-log.box.com/index.php?rm=box_gen204_json_record
- metric data path: C:\Users\pcedillo\AppData\Local\Box\Box Tools\Metrics\BoxTools_Metrics_EFD61745.db
- post callback: 05D92F2E
- log callback: 05D92F56
- context: 00000000
- post interval in seconds: 600
- max records in a post: 100
- max db records: 500
- disable sender: true
[2025-03-24 11:23:49,061] [21   ] [INFO ] [] - Shutting down the metrics collector
[2025-03-24 11:33:49,034] [46   ] [INFO ] [] - Initializing the metrics collector
[2025-03-24 11:33:49,041] [46   ] [INFO ] [] - MetricsCollector::Sender(49): _disableSentMetrics 1
[2025-03-24 11:33:49,041] [46   ] [INFO ] [] - MetricsCollector::Initialize(231): Initialized metrics collector
- session id: ff58d207-8cfe-43a4-b003-353fde944d14
- device id: 4ca35884-a93a-48fc-ad16-80b2a90aa32e
- application id: Box Tools Win exe
- application name: BoxTools
- application version: 4.28.1.1163
- metric collection url: https://client-log.box.com/index.php?rm=box_gen204_json_record
- metric data path: C:\Users\pcedillo\AppData\Local\Box\Box Tools\Metrics\BoxTools_Metrics_EFD61745.db
- post callback: 05D92F2E
- log callback: 05D92F56
- context: 00000000
- post interval in seconds: 600
- max records in a post: 100
- max db records: 500
- disable sender: true
[2025-03-24 11:33:49,047] [46   ] [INFO ] [] - Shutting down the metrics collector
[2025-03-24 11:43:49,044] [61   ] [INFO ] [] - Initializing the metrics collector
[2025-03-24 11:43:49,057] [61   ] [INFO ] [] - MetricsCollector::Sender(49): _disableSentMetrics 1
[2025-03-24 11:43:49,059] [61   ] [INFO ] [] - MetricsCollector::Initialize(231): Initialized metrics collector
- session id: ff58d207-8cfe-43a4-b003-353fde944d14
- device id: 4ca35884-a93a-48fc-ad16-80b2a90aa32e
- application id: Box Tools Win exe
- application name: BoxTools
- application version: 4.28.1.1163
- metric collection url: https://client-log.box.com/index.php?rm=box_gen204_json_record
- metric data path: C:\Users\pcedillo\AppData\Local\Box\Box Tools\Metrics\BoxTools_Metrics_EFD61745.db
- post callback: 05D92F2E
- log callback: 05D92F56
- context: 00000000
- post interval in seconds: 600
- max records in a post: 100
- max db records: 500
- disable sender: true
[2025-03-24 11:43:49,072] [61   ] [INFO ] [] - Shutting down the metrics collector
[2025-03-24 11:53:49,041] [29   ] [INFO ] [] - Initializing the metrics collector
[2025-03-24 11:53:49,054] [29   ] [INFO ] [] - MetricsCollector::Sender(49): _disableSentMetrics 1
[2025-03-24 11:53:49,055] [29   ] [INFO ] [] - MetricsCollector::Initialize(231): Initialized metrics collector
- session id: ff58d207-8cfe-43a4-b003-353fde944d14
- device id: 4ca35884-a93a-48fc-ad16-80b2a90aa32e
- application id: Box Tools Win exe
- application name: BoxTools
- application version: 4.28.1.1163
- metric collection url: https://client-log.box.com/index.php?rm=box_gen204_json_record
- metric data path: C:\Users\pcedillo\AppData\Local\Box\Box Tools\Metrics\BoxTools_Metrics_EFD61745.db
- post callback: 05D92F2E
- log callback: 05D92F56
- context: 00000000
- post interval in seconds: 600
- max records in a post: 100
- max db records: 500
- disable sender: true
[2025-03-24 11:53:49,070] [29   ] [INFO ] [] - Shutting down the metrics collector
[2025-03-24 12:03:49,049] [52   ] [INFO ] [] - Initializing the metrics collector
[2025-03-24 12:03:49,062] [52   ] [INFO ] [] - MetricsCollector::Sender(49): _disableSentMetrics 1
[2025-03-24 12:03:49,063] [52   ] [INFO ] [] - MetricsCollector::Initialize(231): Initialized metrics collector
- session id: ff58d207-8cfe-43a4-b003-353fde944d14
- device id: 4ca35884-a93a-48fc-ad16-80b2a90aa32e
- application id: Box Tools Win exe
- application name: BoxTools
- application version: 4.28.1.1163
- metric collection url: https://client-log.box.com/index.php?rm=box_gen204_json_record
- metric data path: C:\Users\pcedillo\AppData\Local\Box\Box Tools\Metrics\BoxTools_Metrics_EFD61745.db
- post callback: 05D92F2E
- log callback: 05D92F56
- context: 00000000
- post interval in seconds: 600
- max records in a post: 100
- max db records: 500
- disable sender: true
[2025-03-24 12:03:49,077] [52   ] [INFO ] [] - Shutting down the metrics collector
[2025-03-24 12:13:49,063] [35   ] [INFO ] [] - Initializing the metrics collector
[2025-03-24 12:13:49,077] [35   ] [INFO ] [] - MetricsCollector::Sender(49): _disableSentMetrics 1
[2025-03-24 12:13:49,078] [35   ] [INFO ] [] - MetricsCollector::Initialize(231): Initialized metrics collector
- session id: ff58d207-8cfe-43a4-b003-353fde944d14
- device id: 4ca35884-a93a-48fc-ad16-80b2a90aa32e
- application id: Box Tools Win exe
- application name: BoxTools
- application version: 4.28.1.1163
- metric collection url: https://client-log.box.com/index.php?rm=box_gen204_json_record
- metric data path: C:\Users\pcedillo\AppData\Local\Box\Box Tools\Metrics\BoxTools_Metrics_EFD61745.db
- post callback: 05D92F2E
- log callback: 05D92F56
- context: 00000000
- post interval in seconds: 600
- max records in a post: 100
- max db records: 500
- disable sender: true
[2025-03-24 12:13:49,091] [35   ] [INFO ] [] - Shutting down the metrics collector
[2025-03-24 12:23:49,068] [41   ] [INFO ] [] - Initializing the metrics collector
[2025-03-24 12:23:49,081] [41   ] [INFO ] [] - MetricsCollector::Sender(49): _disableSentMetrics 1
[2025-03-24 12:23:49,082] [41   ] [INFO ] [] - MetricsCollector::Initialize(231): Initialized metrics collector
- session id: ff58d207-8cfe-43a4-b003-353fde944d14
- device id: 4ca35884-a93a-48fc-ad16-80b2a90aa32e
- application id: Box Tools Win exe
- application name: BoxTools
- application version: 4.28.1.1163
- metric collection url: https://client-log.box.com/index.php?rm=box_gen204_json_record
- metric data path: C:\Users\pcedillo\AppData\Local\Box\Box Tools\Metrics\BoxTools_Metrics_EFD61745.db
- post callback: 05D92F2E
- log callback: 05D92F56
- context: 00000000
- post interval in seconds: 600
- max records in a post: 100
- max db records: 500
- disable sender: true
[2025-03-24 12:23:49,095] [41   ] [INFO ] [] - Shutting down the metrics collector
[2025-03-24 12:33:49,065] [37   ] [INFO ] [] - Initializing the metrics collector
[2025-03-24 12:33:49,080] [37   ] [INFO ] [] - MetricsCollector::Sender(49): _disableSentMetrics 1
[2025-03-24 12:33:49,080] [37   ] [INFO ] [] - MetricsCollector::Initialize(231): Initialized metrics collector
- session id: ff58d207-8cfe-43a4-b003-353fde944d14
- device id: 4ca35884-a93a-48fc-ad16-80b2a90aa32e
- application id: Box Tools Win exe
- application name: BoxTools
- application version: 4.28.1.1163
- metric collection url: https://client-log.box.com/index.php?rm=box_gen204_json_record
- metric data path: C:\Users\pcedillo\AppData\Local\Box\Box Tools\Metrics\BoxTools_Metrics_EFD61745.db
- post callback: 05D92F2E
- log callback: 05D92F56
- context: 00000000
- post interval in seconds: 600
- max records in a post: 100
- max db records: 500
- disable sender: true
[2025-03-24 12:33:49,096] [37   ] [INFO ] [] - Shutting down the metrics collector
[2025-03-24 12:43:49,075] [14   ] [INFO ] [] - Initializing the metrics collector
[2025-03-24 12:43:49,087] [14   ] [INFO ] [] - MetricsCollector::Sender(49): _disableSentMetrics 1
[2025-03-24 12:43:49,088] [14   ] [INFO ] [] - MetricsCollector::Initialize(231): Initialized metrics collector
- session id: ff58d207-8cfe-43a4-b003-353fde944d14
- device id: 4ca35884-a93a-48fc-ad16-80b2a90aa32e
- application id: Box Tools Win exe
- application name: BoxTools
- application version: 4.28.1.1163
- metric collection url: https://client-log.box.com/index.php?rm=box_gen204_json_record
- metric data path: C:\Users\pcedillo\AppData\Local\Box\Box Tools\Metrics\BoxTools_Metrics_EFD61745.db
- post callback: 05D92F2E
- log callback: 05D92F56
- context: 00000000
- post interval in seconds: 600
- max records in a post: 100
- max db records: 500
- disable sender: true
[2025-03-24 12:43:49,096] [14   ] [INFO ] [] - Shutting down the metrics collector
[2025-03-24 12:53:49,080] [77   ] [INFO ] [] - Initializing the metrics collector
[2025-03-24 12:53:49,095] [77   ] [INFO ] [] - MetricsCollector::Sender(49): _disableSentMetrics 1
[2025-03-24 12:53:49,095] [77   ] [INFO ] [] - MetricsCollector::Initialize(231): Initialized metrics collector
- session id: ff58d207-8cfe-43a4-b003-353fde944d14
- device id: 4ca35884-a93a-48fc-ad16-80b2a90aa32e
- application id: Box Tools Win exe
- application name: BoxTools
- application version: 4.28.1.1163
- metric collection url: https://client-log.box.com/index.php?rm=box_gen204_json_record
- metric data path: C:\Users\pcedillo\AppData\Local\Box\Box Tools\Metrics\BoxTools_Metrics_EFD61745.db
- post callback: 05D92F2E
- log callback: 05D92F56
- context: 00000000
- post interval in seconds: 600
- max records in a post: 100
- max db records: 500
- disable sender: true
[2025-03-24 12:53:49,108] [77   ] [INFO ] [] - Shutting down the metrics collector
[2025-03-24 13:03:49,061] [34   ] [INFO ] [] - Initializing the metrics collector
[2025-03-24 13:03:49,074] [34   ] [INFO ] [] - MetricsCollector::Sender(49): _disableSentMetrics 1
[2025-03-24 13:03:49,075] [34   ] [INFO ] [] - MetricsCollector::Initialize(231): Initialized metrics collector
- session id: ff58d207-8cfe-43a4-b003-353fde944d14
- device id: 4ca35884-a93a-48fc-ad16-80b2a90aa32e
- application id: Box Tools Win exe
- application name: BoxTools
- application version: 4.28.1.1163
- metric collection url: https://client-log.box.com/index.php?rm=box_gen204_json_record
- metric data path: C:\Users\pcedillo\AppData\Local\Box\Box Tools\Metrics\BoxTools_Metrics_EFD61745.db
- post callback: 05D92F2E
- log callback: 05D92F56
- context: 00000000
- post interval in seconds: 600
- max records in a post: 100
- max db records: 500
- disable sender: true
[2025-03-24 13:03:49,089] [34   ] [INFO ] [] - Shutting down the metrics collector
[2025-03-24 13:13:49,081] [18   ] [INFO ] [] - Initializing the metrics collector
[2025-03-24 13:13:49,091] [18   ] [INFO ] [] - MetricsCollector::Sender(49): _disableSentMetrics 1
[2025-03-24 13:13:49,092] [18   ] [INFO ] [] - MetricsCollector::Initialize(231): Initialized metrics collector
- session id: ff58d207-8cfe-43a4-b003-353fde944d14
- device id: 4ca35884-a93a-48fc-ad16-80b2a90aa32e
- application id: Box Tools Win exe
- application name: BoxTools
- application version: 4.28.1.1163
- metric collection url: https://client-log.box.com/index.php?rm=box_gen204_json_record
- metric data path: C:\Users\pcedillo\AppData\Local\Box\Box Tools\Metrics\BoxTools_Metrics_EFD61745.db
- post callback: 05D92F2E
- log callback: 05D92F56
- context: 00000000
- post interval in seconds: 600
- max records in a post: 100
- max db records: 500
- disable sender: true
[2025-03-24 13:13:49,107] [18   ] [INFO ] [] - Shutting down the metrics collector
[2025-03-24 13:23:49,082] [75   ] [INFO ] [] - Initializing the metrics collector
[2025-03-24 13:23:49,096] [75   ] [INFO ] [] - MetricsCollector::Sender(49): _disableSentMetrics 1
[2025-03-24 13:23:49,097] [75   ] [INFO ] [] - MetricsCollector::Initialize(231): Initialized metrics collector
- session id: ff58d207-8cfe-43a4-b003-353fde944d14
- device id: 4ca35884-a93a-48fc-ad16-80b2a90aa32e
- application id: Box Tools Win exe
- application name: BoxTools
- application version: 4.28.1.1163
- metric collection url: https://client-log.box.com/index.php?rm=box_gen204_json_record
- metric data path: C:\Users\pcedillo\AppData\Local\Box\Box Tools\Metrics\BoxTools_Metrics_EFD61745.db
- post callback: 05D92F2E
- log callback: 05D92F56
- context: 00000000
- post interval in seconds: 600
- max records in a post: 100
- max db records: 500
- disable sender: true
[2025-03-24 13:23:49,105] [75   ] [INFO ] [] - Shutting down the metrics collector
[2025-03-24 13:33:49,088] [22   ] [INFO ] [] - Initializing the metrics collector
[2025-03-24 13:33:49,101] [22   ] [INFO ] [] - MetricsCollector::Sender(49): _disableSentMetrics 1
[2025-03-24 13:33:49,102] [22   ] [INFO ] [] - MetricsCollector::Initialize(231): Initialized metrics collector
- session id: ff58d207-8cfe-43a4-b003-353fde944d14
- device id: 4ca35884-a93a-48fc-ad16-80b2a90aa32e
- application id: Box Tools Win exe
- application name: BoxTools
- application version: 4.28.1.1163
- metric collection url: https://client-log.box.com/index.php?rm=box_gen204_json_record
- metric data path: C:\Users\pcedillo\AppData\Local\Box\Box Tools\Metrics\BoxTools_Metrics_EFD61745.db
- post callback: 05D92F2E
- log callback: 05D92F56
- context: 00000000
- post interval in seconds: 600
- max records in a post: 100
- max db records: 500
- disable sender: true
[2025-03-24 13:33:49,114] [22   ] [INFO ] [] - Shutting down the metrics collector
[2025-03-24 13:43:49,083] [74   ] [INFO ] [] - Initializing the metrics collector
[2025-03-24 13:43:49,092] [74   ] [INFO ] [] - MetricsCollector::Sender(49): _disableSentMetrics 1
[2025-03-24 13:43:49,092] [74   ] [INFO ] [] - MetricsCollector::Initialize(231): Initialized metrics collector
- session id: ff58d207-8cfe-43a4-b003-353fde944d14
- device id: 4ca35884-a93a-48fc-ad16-80b2a90aa32e
- application id: Box Tools Win exe
- application name: BoxTools
- application version: 4.28.1.1163
- metric collection url: https://client-log.box.com/index.php?rm=box_gen204_json_record
- metric data path: C:\Users\pcedillo\AppData\Local\Box\Box Tools\Metrics\BoxTools_Metrics_EFD61745.db
- post callback: 05D92F2E
- log callback: 05D92F56
- context: 00000000
- post interval in seconds: 600
- max records in a post: 100
- max db records: 500
- disable sender: true
[2025-03-24 13:43:49,107] [74   ] [INFO ] [] - Shutting down the metrics collector
[2025-03-24 13:53:49,101] [72   ] [INFO ] [] - Initializing the metrics collector
[2025-03-24 13:53:49,114] [72   ] [INFO ] [] - MetricsCollector::Sender(49): _disableSentMetrics 1
[2025-03-24 13:53:49,115] [72   ] [INFO ] [] - MetricsCollector::Initialize(231): Initialized metrics collector
- session id: ff58d207-8cfe-43a4-b003-353fde944d14
- device id: 4ca35884-a93a-48fc-ad16-80b2a90aa32e
- application id: Box Tools Win exe
- application name: BoxTools
- application version: 4.28.1.1163
- metric collection url: https://client-log.box.com/index.php?rm=box_gen204_json_record
- metric data path: C:\Users\pcedillo\AppData\Local\Box\Box Tools\Metrics\BoxTools_Metrics_EFD61745.db
- post callback: 05D92F2E
- log callback: 05D92F56
- context: 00000000
- post interval in seconds: 600
- max records in a post: 100
- max db records: 500
- disable sender: true
[2025-03-24 13:53:49,128] [72   ] [INFO ] [] - Shutting down the metrics collector
[2025-03-24 14:03:49,103] [42   ] [INFO ] [] - Initializing the metrics collector
[2025-03-24 14:03:49,117] [42   ] [INFO ] [] - MetricsCollector::Sender(49): _disableSentMetrics 1
[2025-03-24 14:03:49,118] [42   ] [INFO ] [] - MetricsCollector::Initialize(231): Initialized metrics collector
- session id: ff58d207-8cfe-43a4-b003-353fde944d14
- device id: 4ca35884-a93a-48fc-ad16-80b2a90aa32e
- application id: Box Tools Win exe
- application name: BoxTools
- application version: 4.28.1.1163
- metric collection url: https://client-log.box.com/index.php?rm=box_gen204_json_record
- metric data path: C:\Users\pcedillo\AppData\Local\Box\Box Tools\Metrics\BoxTools_Metrics_EFD61745.db
- post callback: 05D92F2E
- log callback: 05D92F56
- context: 00000000
- post interval in seconds: 600
- max records in a post: 100
- max db records: 500
- disable sender: true
[2025-03-24 14:03:49,132] [42   ] [INFO ] [] - Shutting down the metrics collector
[2025-03-24 14:13:49,127] [68   ] [INFO ] [] - Initializing the metrics collector
[2025-03-24 14:13:49,138] [68   ] [INFO ] [] - MetricsCollector::Sender(49): _disableSentMetrics 1
[2025-03-24 14:13:49,139] [68   ] [INFO ] [] - MetricsCollector::Initialize(231): Initialized metrics collector
- session id: ff58d207-8cfe-43a4-b003-353fde944d14
- device id: 4ca35884-a93a-48fc-ad16-80b2a90aa32e
- application id: Box Tools Win exe
- application name: BoxTools
- application version: 4.28.1.1163
- metric collection url: https://client-log.box.com/index.php?rm=box_gen204_json_record
- metric data path: C:\Users\pcedillo\AppData\Local\Box\Box Tools\Metrics\BoxTools_Metrics_EFD61745.db
- post callback: 05D92F2E
- log callback: 05D92F56
- context: 00000000
- post interval in seconds: 600
- max records in a post: 100
- max db records: 500
- disable sender: true
[2025-03-24 14:13:49,148] [68   ] [INFO ] [] - Shutting down the metrics collector
[2025-03-24 14:23:49,136] [42   ] [INFO ] [] - Initializing the metrics collector
[2025-03-24 14:23:49,151] [42   ] [INFO ] [] - MetricsCollector::Sender(49): _disableSentMetrics 1
[2025-03-24 14:23:49,152] [42   ] [INFO ] [] - MetricsCollector::Initialize(231): Initialized metrics collector
- session id: ff58d207-8cfe-43a4-b003-353fde944d14
- device id: 4ca35884-a93a-48fc-ad16-80b2a90aa32e
- application id: Box Tools Win exe
- application name: BoxTools
- application version: 4.28.1.1163
- metric collection url: https://client-log.box.com/index.php?rm=box_gen204_json_record
- metric data path: C:\Users\pcedillo\AppData\Local\Box\Box Tools\Metrics\BoxTools_Metrics_EFD61745.db
- post callback: 05D92F2E
- log callback: 05D92F56
- context: 00000000
- post interval in seconds: 600
- max records in a post: 100
- max db records: 500
- disable sender: true
[2025-03-24 14:23:49,162] [42   ] [INFO ] [] - Shutting down the metrics collector
[2025-03-24 14:33:49,146] [70   ] [INFO ] [] - Initializing the metrics collector
[2025-03-24 14:33:49,161] [70   ] [INFO ] [] - MetricsCollector::Sender(49): _disableSentMetrics 1
[2025-03-24 14:33:49,162] [70   ] [INFO ] [] - MetricsCollector::Initialize(231): Initialized metrics collector
- session id: ff58d207-8cfe-43a4-b003-353fde944d14
- device id: 4ca35884-a93a-48fc-ad16-80b2a90aa32e
- application id: Box Tools Win exe
- application name: BoxTools
- application version: 4.28.1.1163
- metric collection url: https://client-log.box.com/index.php?rm=box_gen204_json_record
- metric data path: C:\Users\pcedillo\AppData\Local\Box\Box Tools\Metrics\BoxTools_Metrics_EFD61745.db
- post callback: 05D92F2E
- log callback: 05D92F56
- context: 00000000
- post interval in seconds: 600
- max records in a post: 100
- max db records: 500
- disable sender: true
[2025-03-24 14:33:49,175] [70   ] [INFO ] [] - Shutting down the metrics collector
[2025-03-24 14:43:49,153] [72   ] [INFO ] [] - Initializing the metrics collector
[2025-03-24 14:43:49,168] [72   ] [INFO ] [] - MetricsCollector::Sender(49): _disableSentMetrics 1
[2025-03-24 14:43:49,168] [72   ] [INFO ] [] - MetricsCollector::Initialize(231): Initialized metrics collector
- session id: ff58d207-8cfe-43a4-b003-353fde944d14
- device id: 4ca35884-a93a-48fc-ad16-80b2a90aa32e
- application id: Box Tools Win exe
- application name: BoxTools
- application version: 4.28.1.1163
- metric collection url: https://client-log.box.com/index.php?rm=box_gen204_json_record
- metric data path: C:\Users\pcedillo\AppData\Local\Box\Box Tools\Metrics\BoxTools_Metrics_EFD61745.db
- post callback: 05D92F2E
- log callback: 05D92F56
- context: 00000000
- post interval in seconds: 600
- max records in a post: 100
- max db records: 500
- disable sender: true
[2025-03-24 14:43:49,181] [72   ] [INFO ] [] - Shutting down the metrics collector
[2025-03-24 14:53:49,152] [71   ] [INFO ] [] - Initializing the metrics collector
[2025-03-24 14:53:49,158] [71   ] [INFO ] [] - MetricsCollector::Sender(49): _disableSentMetrics 1
[2025-03-24 14:53:49,158] [71   ] [INFO ] [] - MetricsCollector::Initialize(231): Initialized metrics collector
- session id: ff58d207-8cfe-43a4-b003-353fde944d14
- device id: 4ca35884-a93a-48fc-ad16-80b2a90aa32e
- application id: Box Tools Win exe
- application name: BoxTools
- application version: 4.28.1.1163
- metric collection url: https://client-log.box.com/index.php?rm=box_gen204_json_record
- metric data path: C:\Users\pcedillo\AppData\Local\Box\Box Tools\Metrics\BoxTools_Metrics_EFD61745.db
- post callback: 05D92F2E
- log callback: 05D92F56
- context: 00000000
- post interval in seconds: 600
- max records in a post: 100
- max db records: 500
- disable sender: true
[2025-03-24 14:53:49,164] [71   ] [INFO ] [] - Shutting down the metrics collector
[2025-03-24 15:03:49,168] [75   ] [INFO ] [] - Initializing the metrics collector
[2025-03-24 15:03:49,181] [75   ] [INFO ] [] - MetricsCollector::Sender(49): _disableSentMetrics 1
[2025-03-24 15:03:49,181] [75   ] [INFO ] [] - MetricsCollector::Initialize(231): Initialized metrics collector
- session id: ff58d207-8cfe-43a4-b003-353fde944d14
- device id: 4ca35884-a93a-48fc-ad16-80b2a90aa32e
- application id: Box Tools Win exe
- application name: BoxTools
- application version: 4.28.1.1163
- metric collection url: https://client-log.box.com/index.php?rm=box_gen204_json_record
- metric data path: C:\Users\pcedillo\AppData\Local\Box\Box Tools\Metrics\BoxTools_Metrics_EFD61745.db
- post callback: 05D92F2E
- log callback: 05D92F56
- context: 00000000
- post interval in seconds: 600
- max records in a post: 100
- max db records: 500
- disable sender: true
[2025-03-24 15:03:49,194] [75   ] [INFO ] [] - Shutting down the metrics collector
[2025-03-24 15:13:49,184] [51   ] [INFO ] [] - Initializing the metrics collector
[2025-03-24 15:13:49,195] [51   ] [INFO ] [] - MetricsCollector::Sender(49): _disableSentMetrics 1
[2025-03-24 15:13:49,196] [51   ] [INFO ] [] - MetricsCollector::Initialize(231): Initialized metrics collector
- session id: ff58d207-8cfe-43a4-b003-353fde944d14
- device id: 4ca35884-a93a-48fc-ad16-80b2a90aa32e
- application id: Box Tools Win exe
- application name: BoxTools
- application version: 4.28.1.1163
- metric collection url: https://client-log.box.com/index.php?rm=box_gen204_json_record
- metric data path: C:\Users\pcedillo\AppData\Local\Box\Box Tools\Metrics\BoxTools_Metrics_EFD61745.db
- post callback: 05D92F2E
- log callback: 05D92F56
- context: 00000000
- post interval in seconds: 600
- max records in a post: 100
- max db records: 500
- disable sender: true
[2025-03-24 15:13:49,207] [51   ] [INFO ] [] - Shutting down the metrics collector
[2025-03-24 15:23:49,199] [76   ] [INFO ] [] - Initializing the metrics collector
[2025-03-24 15:23:49,213] [76   ] [INFO ] [] - MetricsCollector::Sender(49): _disableSentMetrics 1
[2025-03-24 15:23:49,214] [76   ] [INFO ] [] - MetricsCollector::Initialize(231): Initialized metrics collector
- session id: ff58d207-8cfe-43a4-b003-353fde944d14
- device id: 4ca35884-a93a-48fc-ad16-80b2a90aa32e
- application id: Box Tools Win exe
- application name: BoxTools
- application version: 4.28.1.1163
- metric collection url: https://client-log.box.com/index.php?rm=box_gen204_json_record
- metric data path: C:\Users\pcedillo\AppData\Local\Box\Box Tools\Metrics\BoxTools_Metrics_EFD61745.db
- post callback: 05D92F2E
- log callback: 05D92F56
- context: 00000000
- post interval in seconds: 600
- max records in a post: 100
- max db records: 500
- disable sender: true
[2025-03-24 15:23:49,223] [76   ] [INFO ] [] - Shutting down the metrics collector
[2025-03-24 15:33:49,201] [77   ] [INFO ] [] - Initializing the metrics collector
[2025-03-24 15:33:49,215] [77   ] [INFO ] [] - MetricsCollector::Sender(49): _disableSentMetrics 1
[2025-03-24 15:33:49,216] [77   ] [INFO ] [] - MetricsCollector::Initialize(231): Initialized metrics collector
- session id: ff58d207-8cfe-43a4-b003-353fde944d14
- device id: 4ca35884-a93a-48fc-ad16-80b2a90aa32e
- application id: Box Tools Win exe
- application name: BoxTools
- application version: 4.28.1.1163
- metric collection url: https://client-log.box.com/index.php?rm=box_gen204_json_record
- metric data path: C:\Users\pcedillo\AppData\Local\Box\Box Tools\Metrics\BoxTools_Metrics_EFD61745.db
- post callback: 05D92F2E
- log callback: 05D92F56
- context: 00000000
- post interval in seconds: 600
- max records in a post: 100
- max db records: 500
- disable sender: true
[2025-03-24 15:33:49,228] [77   ] [INFO ] [] - Shutting down the metrics collector
[2025-03-24 15:43:49,215] [16   ] [INFO ] [] - Initializing the metrics collector
[2025-03-24 15:43:49,228] [16   ] [INFO ] [] - MetricsCollector::Sender(49): _disableSentMetrics 1
[2025-03-24 15:43:49,228] [16   ] [INFO ] [] - MetricsCollector::Initialize(231): Initialized metrics collector
- session id: ff58d207-8cfe-43a4-b003-353fde944d14
- device id: 4ca35884-a93a-48fc-ad16-80b2a90aa32e
- application id: Box Tools Win exe
- application name: BoxTools
- application version: 4.28.1.1163
- metric collection url: https://client-log.box.com/index.php?rm=box_gen204_json_record
- metric data path: C:\Users\pcedillo\AppData\Local\Box\Box Tools\Metrics\BoxTools_Metrics_EFD61745.db
- post callback: 05D92F2E
- log callback: 05D92F56
- context: 00000000
- post interval in seconds: 600
- max records in a post: 100
- max db records: 500
- disable sender: true
[2025-03-24 15:43:49,241] [16   ] [INFO ] [] - Shutting down the metrics collector
[2025-03-24 15:53:49,215] [35   ] [INFO ] [] - Initializing the metrics collector
[2025-03-24 15:53:49,231] [35   ] [INFO ] [] - MetricsCollector::Sender(49): _disableSentMetrics 1
[2025-03-24 15:53:49,231] [35   ] [INFO ] [] - MetricsCollector::Initialize(231): Initialized metrics collector
- session id: ff58d207-8cfe-43a4-b003-353fde944d14
- device id: 4ca35884-a93a-48fc-ad16-80b2a90aa32e
- application id: Box Tools Win exe
- application name: BoxTools
- application version: 4.28.1.1163
- metric collection url: https://client-log.box.com/index.php?rm=box_gen204_json_record
- metric data path: C:\Users\pcedillo\AppData\Local\Box\Box Tools\Metrics\BoxTools_Metrics_EFD61745.db
- post callback: 05D92F2E
- log callback: 05D92F56
- context: 00000000
- post interval in seconds: 600
- max records in a post: 100
- max db records: 500
- disable sender: true
[2025-03-24 15:53:49,241] [35   ] [INFO ] [] - Shutting down the metrics collector
[2025-03-24 16:03:49,215] [35   ] [INFO ] [] - Initializing the metrics collector
[2025-03-24 16:03:49,228] [35   ] [INFO ] [] - MetricsCollector::Sender(49): _disableSentMetrics 1
[2025-03-24 16:03:49,228] [35   ] [INFO ] [] - MetricsCollector::Initialize(231): Initialized metrics collector
- session id: ff58d207-8cfe-43a4-b003-353fde944d14
- device id: 4ca35884-a93a-48fc-ad16-80b2a90aa32e
- application id: Box Tools Win exe
- application name: BoxTools
- application version: 4.28.1.1163
- metric collection url: https://client-log.box.com/index.php?rm=box_gen204_json_record
- metric data path: C:\Users\pcedillo\AppData\Local\Box\Box Tools\Metrics\BoxTools_Metrics_EFD61745.db
- post callback: 05D92F2E
- log callback: 05D92F56
- context: 00000000
- post interval in seconds: 600
- max records in a post: 100
- max db records: 500
- disable sender: true
[2025-03-24 16:03:49,244] [35   ] [INFO ] [] - Shutting down the metrics collector
[2025-03-24 16:13:49,243] [36   ] [INFO ] [] - Initializing the metrics collector
[2025-03-24 16:13:49,253] [36   ] [INFO ] [] - MetricsCollector::Sender(49): _disableSentMetrics 1
[2025-03-24 16:13:49,253] [36   ] [INFO ] [] - MetricsCollector::Initialize(231): Initialized metrics collector
- session id: ff58d207-8cfe-43a4-b003-353fde944d14
- device id: 4ca35884-a93a-48fc-ad16-80b2a90aa32e
- application id: Box Tools Win exe
- application name: BoxTools
- application version: 4.28.1.1163
- metric collection url: https://client-log.box.com/index.php?rm=box_gen204_json_record
- metric data path: C:\Users\pcedillo\AppData\Local\Box\Box Tools\Metrics\BoxTools_Metrics_EFD61745.db
- post callback: 05D92F2E
- log callback: 05D92F56
- context: 00000000
- post interval in seconds: 600
- max records in a post: 100
- max db records: 500
- disable sender: true
[2025-03-24 16:13:49,266] [36   ] [INFO ] [] - Shutting down the metrics collector
[2025-03-24 16:23:49,240] [61   ] [INFO ] [] - Initializing the metrics collector
[2025-03-24 16:23:49,253] [61   ] [INFO ] [] - MetricsCollector::Sender(49): _disableSentMetrics 1
[2025-03-24 16:23:49,254] [61   ] [INFO ] [] - MetricsCollector::Initialize(231): Initialized metrics collector
- session id: ff58d207-8cfe-43a4-b003-353fde944d14
- device id: 4ca35884-a93a-48fc-ad16-80b2a90aa32e
- application id: Box Tools Win exe
- application name: BoxTools
- application version: 4.28.1.1163
- metric collection url: https://client-log.box.com/index.php?rm=box_gen204_json_record
- metric data path: C:\Users\pcedillo\AppData\Local\Box\Box Tools\Metrics\BoxTools_Metrics_EFD61745.db
- post callback: 05D92F2E
- log callback: 05D92F56
- context: 00000000
- post interval in seconds: 600
- max records in a post: 100
- max db records: 500
- disable sender: true
[2025-03-24 16:23:49,267] [61   ] [INFO ] [] - Shutting down the metrics collector
[2025-03-24 16:33:49,252] [61   ] [INFO ] [] - Initializing the metrics collector
[2025-03-24 16:33:49,266] [61   ] [INFO ] [] - MetricsCollector::Sender(49): _disableSentMetrics 1
[2025-03-24 16:33:49,267] [61   ] [INFO ] [] - MetricsCollector::Initialize(231): Initialized metrics collector
- session id: ff58d207-8cfe-43a4-b003-353fde944d14
- device id: 4ca35884-a93a-48fc-ad16-80b2a90aa32e
- application id: Box Tools Win exe
- application name: BoxTools
- application version: 4.28.1.1163
- metric collection url: https://client-log.box.com/index.php?rm=box_gen204_json_record
- metric data path: C:\Users\pcedillo\AppData\Local\Box\Box Tools\Metrics\BoxTools_Metrics_EFD61745.db
- post callback: 05D92F2E
- log callback: 05D92F56
- context: 00000000
- post interval in seconds: 600
- max records in a post: 100
- max db records: 500
- disable sender: true
[2025-03-24 16:33:49,280] [61   ] [INFO ] [] - Shutting down the metrics collector
[2025-03-24 16:43:49,271] [46   ] [INFO ] [] - Initializing the metrics collector
[2025-03-24 16:43:49,282] [46   ] [INFO ] [] - MetricsCollector::Sender(49): _disableSentMetrics 1
[2025-03-24 16:43:49,283] [46   ] [INFO ] [] - MetricsCollector::Initialize(231): Initialized metrics collector
- session id: ff58d207-8cfe-43a4-b003-353fde944d14
- device id: 4ca35884-a93a-48fc-ad16-80b2a90aa32e
- application id: Box Tools Win exe
- application name: BoxTools
- application version: 4.28.1.1163
- metric collection url: https://client-log.box.com/index.php?rm=box_gen204_json_record
- metric data path: C:\Users\pcedillo\AppData\Local\Box\Box Tools\Metrics\BoxTools_Metrics_EFD61745.db
- post callback: 05D92F2E
- log callback: 05D92F56
- context: 00000000
- post interval in seconds: 600
- max records in a post: 100
- max db records: 500
- disable sender: true
[2025-03-24 16:43:49,296] [46   ] [INFO ] [] - Shutting down the metrics collector
[2025-03-24 16:53:49,277] [62   ] [INFO ] [] - Initializing the metrics collector
[2025-03-24 16:53:49,292] [62   ] [INFO ] [] - MetricsCollector::Sender(49): _disableSentMetrics 1
[2025-03-24 16:53:49,293] [62   ] [INFO ] [] - MetricsCollector::Initialize(231): Initialized metrics collector
- session id: ff58d207-8cfe-43a4-b003-353fde944d14
- device id: 4ca35884-a93a-48fc-ad16-80b2a90aa32e
- application id: Box Tools Win exe
- application name: BoxTools
- application version: 4.28.1.1163
- metric collection url: https://client-log.box.com/index.php?rm=box_gen204_json_record
- metric data path: C:\Users\pcedillo\AppData\Local\Box\Box Tools\Metrics\BoxTools_Metrics_EFD61745.db
- post callback: 05D92F2E
- log callback: 05D92F56
- context: 00000000
- post interval in seconds: 600
- max records in a post: 100
- max db records: 500
- disable sender: true
[2025-03-24 16:53:49,307] [62   ] [INFO ] [] - Shutting down the metrics collector
[2025-03-24 17:03:49,242] [19   ] [INFO ] [] - Initializing the metrics collector
[2025-03-24 17:03:49,255] [19   ] [INFO ] [] - MetricsCollector::Sender(49): _disableSentMetrics 1
[2025-03-24 17:03:49,257] [19   ] [INFO ] [] - MetricsCollector::Initialize(231): Initialized metrics collector
- session id: ff58d207-8cfe-43a4-b003-353fde944d14
- device id: 4ca35884-a93a-48fc-ad16-80b2a90aa32e
- application id: Box Tools Win exe
- application name: BoxTools
- application version: 4.28.1.1163
- metric collection url: https://client-log.box.com/index.php?rm=box_gen204_json_record
- metric data path: C:\Users\pcedillo\AppData\Local\Box\Box Tools\Metrics\BoxTools_Metrics_EFD61745.db
- post callback: 05D92F2E
- log callback: 05D92F56
- context: 00000000
- post interval in seconds: 600
- max records in a post: 100
- max db records: 500
- disable sender: true
[2025-03-24 17:03:49,269] [19   ] [INFO ] [] - Shutting down the metrics collector
[2025-03-24 17:13:49,235] [43   ] [INFO ] [] - Initializing the metrics collector
[2025-03-24 17:13:49,248] [43   ] [INFO ] [] - MetricsCollector::Sender(49): _disableSentMetrics 1
[2025-03-24 17:13:49,248] [43   ] [INFO ] [] - MetricsCollector::Initialize(231): Initialized metrics collector
- session id: ff58d207-8cfe-43a4-b003-353fde944d14
- device id: 4ca35884-a93a-48fc-ad16-80b2a90aa32e
- application id: Box Tools Win exe
- application name: BoxTools
- application version: 4.28.1.1163
- metric collection url: https://client-log.box.com/index.php?rm=box_gen204_json_record
- metric data path: C:\Users\pcedillo\AppData\Local\Box\Box Tools\Metrics\BoxTools_Metrics_EFD61745.db
- post callback: 05D92F2E
- log callback: 05D92F56
- context: 00000000
- post interval in seconds: 600
- max records in a post: 100
- max db records: 500
- disable sender: true
[2025-03-24 17:13:49,260] [43   ] [INFO ] [] - Shutting down the metrics collector
[2025-03-24 17:23:49,238] [64   ] [INFO ] [] - Initializing the metrics collector
[2025-03-24 17:23:49,246] [64   ] [INFO ] [] - MetricsCollector::Sender(49): _disableSentMetrics 1
[2025-03-24 17:23:49,246] [64   ] [INFO ] [] - MetricsCollector::Initialize(231): Initialized metrics collector
- session id: ff58d207-8cfe-43a4-b003-353fde944d14
- device id: 4ca35884-a93a-48fc-ad16-80b2a90aa32e
- application id: Box Tools Win exe
- application name: BoxTools
- application version: 4.28.1.1163
- metric collection url: https://client-log.box.com/index.php?rm=box_gen204_json_record
- metric data path: C:\Users\pcedillo\AppData\Local\Box\Box Tools\Metrics\BoxTools_Metrics_EFD61745.db
- post callback: 05D92F2E
- log callback: 05D92F56
- context: 00000000
- post interval in seconds: 600
- max records in a post: 100
- max db records: 500
- disable sender: true
[2025-03-24 17:23:49,253] [64   ] [INFO ] [] - Shutting down the metrics collector
[2025-03-24 17:33:49,236] [67   ] [INFO ] [] - Initializing the metrics collector
[2025-03-24 17:33:49,250] [67   ] [INFO ] [] - MetricsCollector::Sender(49): _disableSentMetrics 1
[2025-03-24 17:33:49,251] [67   ] [INFO ] [] - MetricsCollector::Initialize(231): Initialized metrics collector
- session id: ff58d207-8cfe-43a4-b003-353fde944d14
- device id: 4ca35884-a93a-48fc-ad16-80b2a90aa32e
- application id: Box Tools Win exe
- application name: BoxTools
- application version: 4.28.1.1163
- metric collection url: https://client-log.box.com/index.php?rm=box_gen204_json_record
- metric data path: C:\Users\pcedillo\AppData\Local\Box\Box Tools\Metrics\BoxTools_Metrics_EFD61745.db
- post callback: 05D92F2E
- log callback: 05D92F56
- context: 00000000
- post interval in seconds: 600
- max records in a post: 100
- max db records: 500
- disable sender: true
[2025-03-24 17:33:49,263] [67   ] [INFO ] [] - Shutting down the metrics collector
[2025-03-24 17:43:49,248] [3    ] [INFO ] [] - Initializing the metrics collector
[2025-03-24 17:43:49,261] [3    ] [INFO ] [] - MetricsCollector::Sender(49): _disableSentMetrics 1
[2025-03-24 17:43:49,261] [3    ] [INFO ] [] - MetricsCollector::Initialize(231): Initialized metrics collector
- session id: ff58d207-8cfe-43a4-b003-353fde944d14
- device id: 4ca35884-a93a-48fc-ad16-80b2a90aa32e
- application id: Box Tools Win exe
- application name: BoxTools
- application version: 4.28.1.1163
- metric collection url: https://client-log.box.com/index.php?rm=box_gen204_json_record
- metric data path: C:\Users\pcedillo\AppData\Local\Box\Box Tools\Metrics\BoxTools_Metrics_EFD61745.db
- post callback: 05D92F2E
- log callback: 05D92F56
- context: 00000000
- post interval in seconds: 600
- max records in a post: 100
- max db records: 500
- disable sender: true
[2025-03-24 17:43:49,272] [3    ] [INFO ] [] - Shutting down the metrics collector
[2025-03-24 17:53:49,253] [11   ] [INFO ] [] - Initializing the metrics collector
[2025-03-24 17:53:49,267] [11   ] [INFO ] [] - MetricsCollector::Sender(49): _disableSentMetrics 1
[2025-03-24 17:53:49,268] [11   ] [INFO ] [] - MetricsCollector::Initialize(231): Initialized metrics collector
- session id: ff58d207-8cfe-43a4-b003-353fde944d14
- device id: 4ca35884-a93a-48fc-ad16-80b2a90aa32e
- application id: Box Tools Win exe
- application name: BoxTools
- application version: 4.28.1.1163
- metric collection url: https://client-log.box.com/index.php?rm=box_gen204_json_record
- metric data path: C:\Users\pcedillo\AppData\Local\Box\Box Tools\Metrics\BoxTools_Metrics_EFD61745.db
- post callback: 05D92F2E
- log callback: 05D92F56
- context: 00000000
- post interval in seconds: 600
- max records in a post: 100
- max db records: 500
- disable sender: true
[2025-03-24 17:53:49,280] [11   ] [INFO ] [] - Shutting down the metrics collector
[2025-03-24 18:03:49,277] [7    ] [INFO ] [] - Initializing the metrics collector
[2025-03-24 18:03:49,290] [7    ] [INFO ] [] - MetricsCollector::Sender(49): _disableSentMetrics 1
[2025-03-24 18:03:49,290] [7    ] [INFO ] [] - MetricsCollector::Initialize(231): Initialized metrics collector
- session id: ff58d207-8cfe-43a4-b003-353fde944d14
- device id: 4ca35884-a93a-48fc-ad16-80b2a90aa32e
- application id: Box Tools Win exe
- application name: BoxTools
- application version: 4.28.1.1163
- metric collection url: https://client-log.box.com/index.php?rm=box_gen204_json_record
- metric data path: C:\Users\pcedillo\AppData\Local\Box\Box Tools\Metrics\BoxTools_Metrics_EFD61745.db
- post callback: 05D92F2E
- log callback: 05D92F56
- context: 00000000
- post interval in seconds: 600
- max records in a post: 100
- max db records: 500
- disable sender: true
[2025-03-24 18:03:49,304] [7    ] [INFO ] [] - Shutting down the metrics collector
[2025-03-24 18:13:02,473] [15   ] [INFO ] [] - Accepted Origin
[2025-03-24 18:13:02,480] [15   ] [INFO ] [] - Handling status request
[2025-03-24 18:13:49,279] [12   ] [INFO ] [] - Initializing the metrics collector
[2025-03-24 18:13:49,292] [12   ] [INFO ] [] - MetricsCollector::Sender(49): _disableSentMetrics 1
[2025-03-24 18:13:49,294] [12   ] [INFO ] [] - MetricsCollector::Initialize(231): Initialized metrics collector
- session id: ff58d207-8cfe-43a4-b003-353fde944d14
- device id: 4ca35884-a93a-48fc-ad16-80b2a90aa32e
- application id: Box Tools Win exe
- application name: BoxTools
- application version: 4.28.1.1163
- metric collection url: https://client-log.box.com/index.php?rm=box_gen204_json_record
- metric data path: C:\Users\pcedillo\AppData\Local\Box\Box Tools\Metrics\BoxTools_Metrics_EFD61745.db
- post callback: 05D92F2E
- log callback: 05D92F56
- context: 00000000
- post interval in seconds: 600
- max records in a post: 100
- max db records: 500
- disable sender: true
[2025-03-24 18:13:49,307] [12   ] [INFO ] [] - Shutting down the metrics collector
[2025-03-24 18:23:49,274] [23   ] [INFO ] [] - Initializing the metrics collector
[2025-03-24 18:23:49,289] [23   ] [INFO ] [] - MetricsCollector::Sender(49): _disableSentMetrics 1
[2025-03-24 18:23:49,289] [23   ] [INFO ] [] - MetricsCollector::Initialize(231): Initialized metrics collector
- session id: ff58d207-8cfe-43a4-b003-353fde944d14
- device id: 4ca35884-a93a-48fc-ad16-80b2a90aa32e
- application id: Box Tools Win exe
- application name: BoxTools
- application version: 4.28.1.1163
- metric collection url: https://client-log.box.com/index.php?rm=box_gen204_json_record
- metric data path: C:\Users\pcedillo\AppData\Local\Box\Box Tools\Metrics\BoxTools_Metrics_EFD61745.db
- post callback: 05D92F2E
- log callback: 05D92F56
- context: 00000000
- post interval in seconds: 600
- max records in a post: 100
- max db records: 500
- disable sender: true
[2025-03-24 18:23:49,303] [23   ] [INFO ] [] - Shutting down the metrics collector
[2025-03-24 18:33:49,295] [8    ] [INFO ] [] - Initializing the metrics collector
[2025-03-24 18:33:49,309] [8    ] [INFO ] [] - MetricsCollector::Sender(49): _disableSentMetrics 1
[2025-03-24 18:33:49,310] [8    ] [INFO ] [] - MetricsCollector::Initialize(231): Initialized metrics collector
- session id: ff58d207-8cfe-43a4-b003-353fde944d14
- device id: 4ca35884-a93a-48fc-ad16-80b2a90aa32e
- application id: Box Tools Win exe
- application name: BoxTools
- application version: 4.28.1.1163
- metric collection url: https://client-log.box.com/index.php?rm=box_gen204_json_record
- metric data path: C:\Users\pcedillo\AppData\Local\Box\Box Tools\Metrics\BoxTools_Metrics_EFD61745.db
- post callback: 05D92F2E
- log callback: 05D92F56
- context: 00000000
- post interval in seconds: 600
- max records in a post: 100
- max db records: 500
- disable sender: true
[2025-03-24 18:33:49,322] [8    ] [INFO ] [] - Shutting down the metrics collector
[2025-03-24 18:43:49,304] [24   ] [INFO ] [] - Initializing the metrics collector
[2025-03-24 18:43:49,317] [24   ] [INFO ] [] - MetricsCollector::Sender(49): _disableSentMetrics 1
[2025-03-24 18:43:49,318] [24   ] [INFO ] [] - MetricsCollector::Initialize(231): Initialized metrics collector
- session id: ff58d207-8cfe-43a4-b003-353fde944d14
- device id: 4ca35884-a93a-48fc-ad16-80b2a90aa32e
- application id: Box Tools Win exe
- application name: BoxTools
- application version: 4.28.1.1163
- metric collection url: https://client-log.box.com/index.php?rm=box_gen204_json_record
- metric data path: C:\Users\pcedillo\AppData\Local\Box\Box Tools\Metrics\BoxTools_Metrics_EFD61745.db
- post callback: 05D92F2E
- log callback: 05D92F56
- context: 00000000
- post interval in seconds: 600
- max records in a post: 100
- max db records: 500
- disable sender: true
[2025-03-24 18:43:49,330] [24   ] [INFO ] [] - Shutting down the metrics collector
[2025-03-24 18:53:49,294] [28   ] [INFO ] [] - Initializing the metrics collector
[2025-03-24 18:53:49,310] [28   ] [INFO ] [] - MetricsCollector::Sender(49): _disableSentMetrics 1
[2025-03-24 18:53:49,310] [28   ] [INFO ] [] - MetricsCollector::Initialize(231): Initialized metrics collector
- session id: ff58d207-8cfe-43a4-b003-353fde944d14
- device id: 4ca35884-a93a-48fc-ad16-80b2a90aa32e
- application id: Box Tools Win exe
- application name: BoxTools
- application version: 4.28.1.1163
- metric collection url: https://client-log.box.com/index.php?rm=box_gen204_json_record
- metric data path: C:\Users\pcedillo\AppData\Local\Box\Box Tools\Metrics\BoxTools_Metrics_EFD61745.db
- post callback: 05D92F2E
- log callback: 05D92F56
- context: 00000000
- post interval in seconds: 600
- max records in a post: 100
- max db records: 500
- disable sender: true
[2025-03-24 18:53:49,322] [28   ] [INFO ] [] - Shutting down the metrics collector
[2025-03-24 19:03:49,304] [26   ] [INFO ] [] - Initializing the metrics collector
[2025-03-24 19:03:49,316] [26   ] [INFO ] [] - MetricsCollector::Sender(49): _disableSentMetrics 1
[2025-03-24 19:03:49,317] [26   ] [INFO ] [] - MetricsCollector::Initialize(231): Initialized metrics collector
- session id: ff58d207-8cfe-43a4-b003-353fde944d14
- device id: 4ca35884-a93a-48fc-ad16-80b2a90aa32e
- application id: Box Tools Win exe
- application name: BoxTools
- application version: 4.28.1.1163
- metric collection url: https://client-log.box.com/index.php?rm=box_gen204_json_record
- metric data path: C:\Users\pcedillo\AppData\Local\Box\Box Tools\Metrics\BoxTools_Metrics_EFD61745.db
- post callback: 05D92F2E
- log callback: 05D92F56
- context: 00000000
- post interval in seconds: 600
- max records in a post: 100
- max db records: 500
- disable sender: true
[2025-03-24 19:03:49,328] [26   ] [INFO ] [] - Shutting down the metrics collector
[2025-03-24 19:13:49,307] [48   ] [INFO ] [] - Initializing the metrics collector
[2025-03-24 19:13:49,322] [48   ] [INFO ] [] - MetricsCollector::Sender(49): _disableSentMetrics 1
[2025-03-24 19:13:49,323] [48   ] [INFO ] [] - MetricsCollector::Initialize(231): Initialized metrics collector
- session id: ff58d207-8cfe-43a4-b003-353fde944d14
- device id: 4ca35884-a93a-48fc-ad16-80b2a90aa32e
- application id: Box Tools Win exe
- application name: BoxTools
- application version: 4.28.1.1163
- metric collection url: https://client-log.box.com/index.php?rm=box_gen204_json_record
- metric data path: C:\Users\pcedillo\AppData\Local\Box\Box Tools\Metrics\BoxTools_Metrics_EFD61745.db
- post callback: 05D92F2E
- log callback: 05D92F56
- context: 00000000
- post interval in seconds: 600
- max records in a post: 100
- max db records: 500
- disable sender: true
[2025-03-24 19:13:49,336] [48   ] [INFO ] [] - Shutting down the metrics collector
[2025-03-24 19:23:49,313] [50   ] [INFO ] [] - Initializing the metrics collector
[2025-03-24 19:23:49,329] [50   ] [INFO ] [] - MetricsCollector::Sender(49): _disableSentMetrics 1
[2025-03-24 19:23:49,329] [50   ] [INFO ] [] - MetricsCollector::Initialize(231): Initialized metrics collector
- session id: ff58d207-8cfe-43a4-b003-353fde944d14
- device id: 4ca35884-a93a-48fc-ad16-80b2a90aa32e
- application id: Box Tools Win exe
- application name: BoxTools
- application version: 4.28.1.1163
- metric collection url: https://client-log.box.com/index.php?rm=box_gen204_json_record
- metric data path: C:\Users\pcedillo\AppData\Local\Box\Box Tools\Metrics\BoxTools_Metrics_EFD61745.db
- post callback: 05D92F2E
- log callback: 05D92F56
- context: 00000000
- post interval in seconds: 600
- max records in a post: 100
- max db records: 500
- disable sender: true
[2025-03-24 19:23:49,343] [50   ] [INFO ] [] - Shutting down the metrics collector
[2025-03-24 19:33:49,307] [55   ] [INFO ] [] - Initializing the metrics collector
[2025-03-24 19:33:49,323] [55   ] [INFO ] [] - MetricsCollector::Sender(49): _disableSentMetrics 1
[2025-03-24 19:33:49,324] [55   ] [INFO ] [] - MetricsCollector::Initialize(231): Initialized metrics collector
- session id: ff58d207-8cfe-43a4-b003-353fde944d14
- device id: 4ca35884-a93a-48fc-ad16-80b2a90aa32e
- application id: Box Tools Win exe
- application name: BoxTools
- application version: 4.28.1.1163
- metric collection url: https://client-log.box.com/index.php?rm=box_gen204_json_record
- metric data path: C:\Users\pcedillo\AppData\Local\Box\Box Tools\Metrics\BoxTools_Metrics_EFD61745.db
- post callback: 05D92F2E
- log callback: 05D92F56
- context: 00000000
- post interval in seconds: 600
- max records in a post: 100
- max db records: 500
- disable sender: true
[2025-03-24 19:33:49,337] [55   ] [INFO ] [] - Shutting down the metrics collector
[2025-03-24 19:43:49,326] [60   ] [INFO ] [] - Initializing the metrics collector
[2025-03-24 19:43:49,336] [60   ] [INFO ] [] - MetricsCollector::Sender(49): _disableSentMetrics 1
[2025-03-24 19:43:49,336] [60   ] [INFO ] [] - MetricsCollector::Initialize(231): Initialized metrics collector
- session id: ff58d207-8cfe-43a4-b003-353fde944d14
- device id: 4ca35884-a93a-48fc-ad16-80b2a90aa32e
- application id: Box Tools Win exe
- application name: BoxTools
- application version: 4.28.1.1163
- metric collection url: https://client-log.box.com/index.php?rm=box_gen204_json_record
- metric data path: C:\Users\pcedillo\AppData\Local\Box\Box Tools\Metrics\BoxTools_Metrics_EFD61745.db
- post callback: 05D92F2E
- log callback: 05D92F56
- context: 00000000
- post interval in seconds: 600
- max records in a post: 100
- max db records: 500
- disable sender: true
[2025-03-24 19:43:49,343] [60   ] [INFO ] [] - Shutting down the metrics collector
[2025-03-24 19:53:49,319] [58   ] [INFO ] [] - Initializing the metrics collector
[2025-03-24 19:53:49,332] [58   ] [INFO ] [] - MetricsCollector::Sender(49): _disableSentMetrics 1
[2025-03-24 19:53:49,333] [58   ] [INFO ] [] - MetricsCollector::Initialize(231): Initialized metrics collector
- session id: ff58d207-8cfe-43a4-b003-353fde944d14
- device id: 4ca35884-a93a-48fc-ad16-80b2a90aa32e
- application id: Box Tools Win exe
- application name: BoxTools
- application version: 4.28.1.1163
- metric collection url: https://client-log.box.com/index.php?rm=box_gen204_json_record
- metric data path: C:\Users\pcedillo\AppData\Local\Box\Box Tools\Metrics\BoxTools_Metrics_EFD61745.db
- post callback: 05D92F2E
- log callback: 05D92F56
- context: 00000000
- post interval in seconds: 600
- max records in a post: 100
- max db records: 500
- disable sender: true
[2025-03-24 19:53:49,343] [58   ] [INFO ] [] - Shutting down the metrics collector
[2025-03-24 20:03:49,340] [57   ] [INFO ] [] - Initializing the metrics collector
[2025-03-24 20:03:49,346] [57   ] [INFO ] [] - MetricsCollector::Sender(49): _disableSentMetrics 1
[2025-03-24 20:03:49,346] [57   ] [INFO ] [] - MetricsCollector::Initialize(231): Initialized metrics collector
- session id: ff58d207-8cfe-43a4-b003-353fde944d14
- device id: 4ca35884-a93a-48fc-ad16-80b2a90aa32e
- application id: Box Tools Win exe
- application name: BoxTools
- application version: 4.28.1.1163
- metric collection url: https://client-log.box.com/index.php?rm=box_gen204_json_record
- metric data path: C:\Users\pcedillo\AppData\Local\Box\Box Tools\Metrics\BoxTools_Metrics_EFD61745.db
- post callback: 05D92F2E
- log callback: 05D92F56
- context: 00000000
- post interval in seconds: 600
- max records in a post: 100
- max db records: 500
- disable sender: true
[2025-03-24 20:03:49,352] [57   ] [INFO ] [] - Shutting down the metrics collector
[2025-03-24 20:13:49,349] [59   ] [INFO ] [] - Initializing the metrics collector
[2025-03-24 20:13:49,363] [59   ] [INFO ] [] - MetricsCollector::Sender(49): _disableSentMetrics 1
[2025-03-24 20:13:49,363] [59   ] [INFO ] [] - MetricsCollector::Initialize(231): Initialized metrics collector
- session id: ff58d207-8cfe-43a4-b003-353fde944d14
- device id: 4ca35884-a93a-48fc-ad16-80b2a90aa32e
- application id: Box Tools Win exe
- application name: BoxTools
- application version: 4.28.1.1163
- metric collection url: https://client-log.box.com/index.php?rm=box_gen204_json_record
- metric data path: C:\Users\pcedillo\AppData\Local\Box\Box Tools\Metrics\BoxTools_Metrics_EFD61745.db
- post callback: 05D92F2E
- log callback: 05D92F56
- context: 00000000
- post interval in seconds: 600
- max records in a post: 100
- max db records: 500
- disable sender: true
[2025-03-24 20:13:49,377] [59   ] [INFO ] [] - Shutting down the metrics collector
[2025-03-24 20:23:49,360] [63   ] [INFO ] [] - Initializing the metrics collector
[2025-03-24 20:23:49,372] [63   ] [INFO ] [] - MetricsCollector::Sender(49): _disableSentMetrics 1
[2025-03-24 20:23:49,372] [63   ] [INFO ] [] - MetricsCollector::Initialize(231): Initialized metrics collector
- session id: ff58d207-8cfe-43a4-b003-353fde944d14
- device id: 4ca35884-a93a-48fc-ad16-80b2a90aa32e
- application id: Box Tools Win exe
- application name: BoxTools
- application version: 4.28.1.1163
- metric collection url: https://client-log.box.com/index.php?rm=box_gen204_json_record
- metric data path: C:\Users\pcedillo\AppData\Local\Box\Box Tools\Metrics\BoxTools_Metrics_EFD61745.db
- post callback: 05D92F2E
- log callback: 05D92F56
- context: 00000000
- post interval in seconds: 600
- max records in a post: 100
- max db records: 500
- disable sender: true
[2025-03-24 20:23:49,385] [63   ] [INFO ] [] - Shutting down the metrics collector
[2025-03-24 20:33:49,351] [17   ] [INFO ] [] - Initializing the metrics collector
[2025-03-24 20:33:49,365] [17   ] [INFO ] [] - MetricsCollector::Sender(49): _disableSentMetrics 1
[2025-03-24 20:33:49,366] [17   ] [INFO ] [] - MetricsCollector::Initialize(231): Initialized metrics collector
- session id: ff58d207-8cfe-43a4-b003-353fde944d14
- device id: 4ca35884-a93a-48fc-ad16-80b2a90aa32e
- application id: Box Tools Win exe
- application name: BoxTools
- application version: 4.28.1.1163
- metric collection url: https://client-log.box.com/index.php?rm=box_gen204_json_record
- metric data path: C:\Users\pcedillo\AppData\Local\Box\Box Tools\Metrics\BoxTools_Metrics_EFD61745.db
- post callback: 05D92F2E
- log callback: 05D92F56
- context: 00000000
- post interval in seconds: 600
- max records in a post: 100
- max db records: 500
- disable sender: true
[2025-03-24 20:33:49,377] [17   ] [INFO ] [] - Shutting down the metrics collector
[2025-03-24 20:43:49,360] [59   ] [INFO ] [] - Initializing the metrics collector
[2025-03-24 20:43:49,372] [59   ] [INFO ] [] - MetricsCollector::Sender(49): _disableSentMetrics 1
[2025-03-24 20:43:49,373] [59   ] [INFO ] [] - MetricsCollector::Initialize(231): Initialized metrics collector
- session id: ff58d207-8cfe-43a4-b003-353fde944d14
- device id: 4ca35884-a93a-48fc-ad16-80b2a90aa32e
- application id: Box Tools Win exe
- application name: BoxTools
- application version: 4.28.1.1163
- metric collection url: https://client-log.box.com/index.php?rm=box_gen204_json_record
- metric data path: C:\Users\pcedillo\AppData\Local\Box\Box Tools\Metrics\BoxTools_Metrics_EFD61745.db
- post callback: 05D92F2E
- log callback: 05D92F56
- context: 00000000
- post interval in seconds: 600
- max records in a post: 100
- max db records: 500
- disable sender: true
[2025-03-24 20:43:49,390] [59   ] [INFO ] [] - Shutting down the metrics collector
[2025-03-24 20:53:49,367] [58   ] [INFO ] [] - Initializing the metrics collector
[2025-03-24 20:53:49,381] [58   ] [INFO ] [] - MetricsCollector::Sender(49): _disableSentMetrics 1
[2025-03-24 20:53:49,382] [58   ] [INFO ] [] - MetricsCollector::Initialize(231): Initialized metrics collector
- session id: ff58d207-8cfe-43a4-b003-353fde944d14
- device id: 4ca35884-a93a-48fc-ad16-80b2a90aa32e
- application id: Box Tools Win exe
- application name: BoxTools
- application version: 4.28.1.1163
- metric collection url: https://client-log.box.com/index.php?rm=box_gen204_json_record
- metric data path: C:\Users\pcedillo\AppData\Local\Box\Box Tools\Metrics\BoxTools_Metrics_EFD61745.db
- post callback: 05D92F2E
- log callback: 05D92F56
- context: 00000000
- post interval in seconds: 600
- max records in a post: 100
- max db records: 500
- disable sender: true
[2025-03-24 20:53:49,396] [58   ] [INFO ] [] - Shutting down the metrics collector
[2025-03-24 21:03:49,366] [60   ] [INFO ] [] - Initializing the metrics collector
[2025-03-24 21:03:49,377] [60   ] [INFO ] [] - MetricsCollector::Sender(49): _disableSentMetrics 1
[2025-03-24 21:03:49,378] [60   ] [INFO ] [] - MetricsCollector::Initialize(231): Initialized metrics collector
- session id: ff58d207-8cfe-43a4-b003-353fde944d14
- device id: 4ca35884-a93a-48fc-ad16-80b2a90aa32e
- application id: Box Tools Win exe
- application name: BoxTools
- application version: 4.28.1.1163
- metric collection url: https://client-log.box.com/index.php?rm=box_gen204_json_record
- metric data path: C:\Users\pcedillo\AppData\Local\Box\Box Tools\Metrics\BoxTools_Metrics_EFD61745.db
- post callback: 05D92F2E
- log callback: 05D92F56
- context: 00000000
- post interval in seconds: 600
- max records in a post: 100
- max db records: 500
- disable sender: true
[2025-03-24 21:03:49,388] [60   ] [INFO ] [] - Shutting down the metrics collector
[2025-03-24 21:13:49,386] [56   ] [INFO ] [] - Initializing the metrics collector
[2025-03-24 21:13:49,395] [56   ] [INFO ] [] - MetricsCollector::Sender(49): _disableSentMetrics 1
[2025-03-24 21:13:49,395] [56   ] [INFO ] [] - MetricsCollector::Initialize(231): Initialized metrics collector
- session id: ff58d207-8cfe-43a4-b003-353fde944d14
- device id: 4ca35884-a93a-48fc-ad16-80b2a90aa32e
- application id: Box Tools Win exe
- application name: BoxTools
- application version: 4.28.1.1163
- metric collection url: https://client-log.box.com/index.php?rm=box_gen204_json_record
- metric data path: C:\Users\pcedillo\AppData\Local\Box\Box Tools\Metrics\BoxTools_Metrics_EFD61745.db
- post callback: 05D92F2E
- log callback: 05D92F56
- context: 00000000
- post interval in seconds: 600
- max records in a post: 100
- max db records: 500
- disable sender: true
[2025-03-24 21:13:49,411] [56   ] [INFO ] [] - Shutting down the metrics collector
[2025-03-24 21:23:49,395] [55   ] [INFO ] [] - Initializing the metrics collector
[2025-03-24 21:23:49,409] [55   ] [INFO ] [] - MetricsCollector::Sender(49): _disableSentMetrics 1
[2025-03-24 21:23:49,410] [55   ] [INFO ] [] - MetricsCollector::Initialize(231): Initialized metrics collector
- session id: ff58d207-8cfe-43a4-b003-353fde944d14
- device id: 4ca35884-a93a-48fc-ad16-80b2a90aa32e
- application id: Box Tools Win exe
- application name: BoxTools
- application version: 4.28.1.1163
- metric collection url: https://client-log.box.com/index.php?rm=box_gen204_json_record
- metric data path: C:\Users\pcedillo\AppData\Local\Box\Box Tools\Metrics\BoxTools_Metrics_EFD61745.db
- post callback: 05D92F2E
- log callback: 05D92F56
- context: 00000000
- post interval in seconds: 600
- max records in a post: 100
- max db records: 500
- disable sender: true
[2025-03-24 21:23:49,422] [55   ] [INFO ] [] - Shutting down the metrics collector
[2025-03-24 21:33:49,594] [54   ] [INFO ] [] - Initializing the metrics collector
[2025-03-24 21:33:49,601] [54   ] [INFO ] [] - MetricsCollector::Sender(49): _disableSentMetrics 1
[2025-03-24 21:33:49,602] [54   ] [INFO ] [] - MetricsCollector::Initialize(231): Initialized metrics collector
- session id: ff58d207-8cfe-43a4-b003-353fde944d14
- device id: 4ca35884-a93a-48fc-ad16-80b2a90aa32e
- application id: Box Tools Win exe
- application name: BoxTools
- application version: 4.28.1.1163
- metric collection url: https://client-log.box.com/index.php?rm=box_gen204_json_record
- metric data path: C:\Users\pcedillo\AppData\Local\Box\Box Tools\Metrics\BoxTools_Metrics_EFD61745.db
- post callback: 05D92F2E
- log callback: 05D92F56
- context: 00000000
- post interval in seconds: 600
- max records in a post: 100
- max db records: 500
- disable sender: true
[2025-03-24 21:33:49,607] [54   ] [INFO ] [] - Shutting down the metrics collector
[2025-03-24 21:43:49,821] [50   ] [INFO ] [] - Initializing the metrics collector
[2025-03-24 21:43:49,826] [50   ] [INFO ] [] - MetricsCollector::Sender(49): _disableSentMetrics 1
[2025-03-24 21:43:49,826] [50   ] [INFO ] [] - MetricsCollector::Initialize(231): Initialized metrics collector
- session id: ff58d207-8cfe-43a4-b003-353fde944d14
- device id: 4ca35884-a93a-48fc-ad16-80b2a90aa32e
- application id: Box Tools Win exe
- application name: BoxTools
- application version: 4.28.1.1163
- metric collection url: https://client-log.box.com/index.php?rm=box_gen204_json_record
- metric data path: C:\Users\pcedillo\AppData\Local\Box\Box Tools\Metrics\BoxTools_Metrics_EFD61745.db
- post callback: 05D92F2E
- log callback: 05D92F56
- context: 00000000
- post interval in seconds: 600
- max records in a post: 100
- max db records: 500
- disable sender: true
[2025-03-24 21:43:49,835] [50   ] [INFO ] [] - Shutting down the metrics collector
[2025-03-24 21:53:49,996] [47   ] [INFO ] [] - Initializing the metrics collector
[2025-03-24 21:53:50,011] [47   ] [INFO ] [] - MetricsCollector::Sender(49): _disableSentMetrics 1
[2025-03-24 21:53:50,011] [47   ] [INFO ] [] - MetricsCollector::Initialize(231): Initialized metrics collector
- session id: ff58d207-8cfe-43a4-b003-353fde944d14
- device id: 4ca35884-a93a-48fc-ad16-80b2a90aa32e
- application id: Box Tools Win exe
- application name: BoxTools
- application version: 4.28.1.1163
- metric collection url: https://client-log.box.com/index.php?rm=box_gen204_json_record
- metric data path: C:\Users\pcedillo\AppData\Local\Box\Box Tools\Metrics\BoxTools_Metrics_EFD61745.db
- post callback: 05D92F2E
- log callback: 05D92F56
- context: 00000000
- post interval in seconds: 600
- max records in a post: 100
- max db records: 500
- disable sender: true
[2025-03-24 21:53:50,024] [47   ] [INFO ] [] - Shutting down the metrics collector
[2025-03-24 22:03:50,121] [26   ] [INFO ] [] - Initializing the metrics collector
[2025-03-24 22:03:50,134] [26   ] [INFO ] [] - MetricsCollector::Sender(49): _disableSentMetrics 1
[2025-03-24 22:03:50,135] [26   ] [INFO ] [] - MetricsCollector::Initialize(231): Initialized metrics collector
- session id: ff58d207-8cfe-43a4-b003-353fde944d14
- device id: 4ca35884-a93a-48fc-ad16-80b2a90aa32e
- application id: Box Tools Win exe
- application name: BoxTools
- application version: 4.28.1.1163
- metric collection url: https://client-log.box.com/index.php?rm=box_gen204_json_record
- metric data path: C:\Users\pcedillo\AppData\Local\Box\Box Tools\Metrics\BoxTools_Metrics_EFD61745.db
- post callback: 05D92F2E
- log callback: 05D92F56
- context: 00000000
- post interval in seconds: 600
- max records in a post: 100
- max db records: 500
- disable sender: true
[2025-03-24 22:03:50,152] [26   ] [INFO ] [] - Shutting down the metrics collector
[2025-03-24 22:13:50,216] [28   ] [INFO ] [] - Initializing the metrics collector
[2025-03-24 22:13:50,222] [28   ] [INFO ] [] - MetricsCollector::Sender(49): _disableSentMetrics 1
[2025-03-24 22:13:50,223] [28   ] [INFO ] [] - MetricsCollector::Initialize(231): Initialized metrics collector
- session id: ff58d207-8cfe-43a4-b003-353fde944d14
- device id: 4ca35884-a93a-48fc-ad16-80b2a90aa32e
- application id: Box Tools Win exe
- application name: BoxTools
- application version: 4.28.1.1163
- metric collection url: https://client-log.box.com/index.php?rm=box_gen204_json_record
- metric data path: C:\Users\pcedillo\AppData\Local\Box\Box Tools\Metrics\BoxTools_Metrics_EFD61745.db
- post callback: 05D92F2E
- log callback: 05D92F56
- context: 00000000
- post interval in seconds: 600
- max records in a post: 100
- max db records: 500
- disable sender: true
[2025-03-24 22:13:50,229] [28   ] [INFO ] [] - Shutting down the metrics collector
[2025-03-24 22:23:50,297] [24   ] [INFO ] [] - Initializing the metrics collector
[2025-03-24 22:23:50,308] [24   ] [INFO ] [] - MetricsCollector::Sender(49): _disableSentMetrics 1
[2025-03-24 22:23:50,308] [24   ] [INFO ] [] - MetricsCollector::Initialize(231): Initialized metrics collector
- session id: ff58d207-8cfe-43a4-b003-353fde944d14
- device id: 4ca35884-a93a-48fc-ad16-80b2a90aa32e
- application id: Box Tools Win exe
- application name: BoxTools
- application version: 4.28.1.1163
- metric collection url: https://client-log.box.com/index.php?rm=box_gen204_json_record
- metric data path: C:\Users\pcedillo\AppData\Local\Box\Box Tools\Metrics\BoxTools_Metrics_EFD61745.db
- post callback: 05D92F2E
- log callback: 05D92F56
- context: 00000000
- post interval in seconds: 600
- max records in a post: 100
- max db records: 500
- disable sender: true
[2025-03-24 22:23:50,319] [24   ] [INFO ] [] - Shutting down the metrics collector
[2025-03-24 22:33:50,341] [25   ] [INFO ] [] - Initializing the metrics collector
[2025-03-24 22:33:50,354] [25   ] [INFO ] [] - MetricsCollector::Sender(49): _disableSentMetrics 1
[2025-03-24 22:33:50,356] [25   ] [INFO ] [] - MetricsCollector::Initialize(231): Initialized metrics collector
- session id: ff58d207-8cfe-43a4-b003-353fde944d14
- device id: 4ca35884-a93a-48fc-ad16-80b2a90aa32e
- application id: Box Tools Win exe
- application name: BoxTools
- application version: 4.28.1.1163
- metric collection url: https://client-log.box.com/index.php?rm=box_gen204_json_record
- metric data path: C:\Users\pcedillo\AppData\Local\Box\Box Tools\Metrics\BoxTools_Metrics_EFD61745.db
- post callback: 05D92F2E
- log callback: 05D92F56
- context: 00000000
- post interval in seconds: 600
- max records in a post: 100
- max db records: 500
- disable sender: true
[2025-03-24 22:33:50,368] [25   ] [INFO ] [] - Shutting down the metrics collector
[2025-03-24 22:43:50,387] [23   ] [INFO ] [] - Initializing the metrics collector
[2025-03-24 22:43:50,402] [23   ] [INFO ] [] - MetricsCollector::Sender(49): _disableSentMetrics 1
[2025-03-24 22:43:50,402] [23   ] [INFO ] [] - MetricsCollector::Initialize(231): Initialized metrics collector
- session id: ff58d207-8cfe-43a4-b003-353fde944d14
- device id: 4ca35884-a93a-48fc-ad16-80b2a90aa32e
- application id: Box Tools Win exe
- application name: BoxTools
- application version: 4.28.1.1163
- metric collection url: https://client-log.box.com/index.php?rm=box_gen204_json_record
- metric data path: C:\Users\pcedillo\AppData\Local\Box\Box Tools\Metrics\BoxTools_Metrics_EFD61745.db
- post callback: 05D92F2E
- log callback: 05D92F56
- context: 00000000
- post interval in seconds: 600
- max records in a post: 100
- max db records: 500
- disable sender: true
[2025-03-24 22:43:50,413] [23   ] [INFO ] [] - Shutting down the metrics collector
[2025-03-24 22:53:50,414] [12   ] [INFO ] [] - Initializing the metrics collector
[2025-03-24 22:53:50,428] [12   ] [INFO ] [] - MetricsCollector::Sender(49): _disableSentMetrics 1
[2025-03-24 22:53:50,428] [12   ] [INFO ] [] - MetricsCollector::Initialize(231): Initialized metrics collector
- session id: ff58d207-8cfe-43a4-b003-353fde944d14
- device id: 4ca35884-a93a-48fc-ad16-80b2a90aa32e
- application id: Box Tools Win exe
- application name: BoxTools
- application version: 4.28.1.1163
- metric collection url: https://client-log.box.com/index.php?rm=box_gen204_json_record
- metric data path: C:\Users\pcedillo\AppData\Local\Box\Box Tools\Metrics\BoxTools_Metrics_EFD61745.db
- post callback: 05D92F2E
- log callback: 05D92F56
- context: 00000000
- post interval in seconds: 600
- max records in a post: 100
- max db records: 500
- disable sender: true
[2025-03-24 22:53:50,442] [12   ] [INFO ] [] - Shutting down the metrics collector
[2025-03-24 23:03:50,457] [31   ] [INFO ] [] - Initializing the metrics collector
[2025-03-24 23:03:50,469] [31   ] [INFO ] [] - MetricsCollector::Sender(49): _disableSentMetrics 1
[2025-03-24 23:03:50,471] [31   ] [INFO ] [] - MetricsCollector::Initialize(231): Initialized metrics collector
- session id: ff58d207-8cfe-43a4-b003-353fde944d14
- device id: 4ca35884-a93a-48fc-ad16-80b2a90aa32e
- application id: Box Tools Win exe
- application name: BoxTools
- application version: 4.28.1.1163
- metric collection url: https://client-log.box.com/index.php?rm=box_gen204_json_record
- metric data path: C:\Users\pcedillo\AppData\Local\Box\Box Tools\Metrics\BoxTools_Metrics_EFD61745.db
- post callback: 05D92F2E
- log callback: 05D92F56
- context: 00000000
- post interval in seconds: 600
- max records in a post: 100
- max db records: 500
- disable sender: true
[2025-03-24 23:03:50,481] [31   ] [INFO ] [] - Shutting down the metrics collector
[2025-03-24 23:13:50,477] [30   ] [INFO ] [] - Initializing the metrics collector
[2025-03-24 23:13:50,487] [30   ] [INFO ] [] - MetricsCollector::Sender(49): _disableSentMetrics 1
[2025-03-24 23:13:50,488] [30   ] [INFO ] [] - MetricsCollector::Initialize(231): Initialized metrics collector
- session id: ff58d207-8cfe-43a4-b003-353fde944d14
- device id: 4ca35884-a93a-48fc-ad16-80b2a90aa32e
- application id: Box Tools Win exe
- application name: BoxTools
- application version: 4.28.1.1163
- metric collection url: https://client-log.box.com/index.php?rm=box_gen204_json_record
- metric data path: C:\Users\pcedillo\AppData\Local\Box\Box Tools\Metrics\BoxTools_Metrics_EFD61745.db
- post callback: 05D92F2E
- log callback: 05D92F56
- context: 00000000
- post interval in seconds: 600
- max records in a post: 100
- max db records: 500
- disable sender: true
[2025-03-24 23:13:50,500] [30   ] [INFO ] [] - Shutting down the metrics collector
[2025-03-24 23:23:50,512] [65   ] [INFO ] [] - Initializing the metrics collector
[2025-03-24 23:23:50,521] [65   ] [INFO ] [] - MetricsCollector::Sender(49): _disableSentMetrics 1
[2025-03-24 23:23:50,521] [65   ] [INFO ] [] - MetricsCollector::Initialize(231): Initialized metrics collector
- session id: ff58d207-8cfe-43a4-b003-353fde944d14
- device id: 4ca35884-a93a-48fc-ad16-80b2a90aa32e
- application id: Box Tools Win exe
- application name: BoxTools
- application version: 4.28.1.1163
- metric collection url: https://client-log.box.com/index.php?rm=box_gen204_json_record
- metric data path: C:\Users\pcedillo\AppData\Local\Box\Box Tools\Metrics\BoxTools_Metrics_EFD61745.db
- post callback: 05D92F2E
- log callback: 05D92F56
- context: 00000000
- post interval in seconds: 600
- max records in a post: 100
- max db records: 500
- disable sender: true
[2025-03-24 23:23:50,527] [65   ] [INFO ] [] - Shutting down the metrics collector
[2025-03-24 23:33:50,509] [69   ] [INFO ] [] - Initializing the metrics collector
[2025-03-24 23:33:50,524] [69   ] [INFO ] [] - MetricsCollector::Sender(49): _disableSentMetrics 1
[2025-03-24 23:33:50,524] [69   ] [INFO ] [] - MetricsCollector::Initialize(231): Initialized metrics collector
- session id: ff58d207-8cfe-43a4-b003-353fde944d14
- device id: 4ca35884-a93a-48fc-ad16-80b2a90aa32e
- application id: Box Tools Win exe
- application name: BoxTools
- application version: 4.28.1.1163
- metric collection url: https://client-log.box.com/index.php?rm=box_gen204_json_record
- metric data path: C:\Users\pcedillo\AppData\Local\Box\Box Tools\Metrics\BoxTools_Metrics_EFD61745.db
- post callback: 05D92F2E
- log callback: 05D92F56
- context: 00000000
- post interval in seconds: 600
- max records in a post: 100
- max db records: 500
- disable sender: true
[2025-03-24 23:33:50,538] [69   ] [INFO ] [] - Shutting down the metrics collector
[2025-03-24 23:43:50,524] [64   ] [INFO ] [] - Initializing the metrics collector
[2025-03-24 23:43:50,537] [64   ] [INFO ] [] - MetricsCollector::Sender(49): _disableSentMetrics 1
[2025-03-24 23:43:50,537] [64   ] [INFO ] [] - MetricsCollector::Initialize(231): Initialized metrics collector
- session id: ff58d207-8cfe-43a4-b003-353fde944d14
- device id: 4ca35884-a93a-48fc-ad16-80b2a90aa32e
- application id: Box Tools Win exe
- application name: BoxTools
- application version: 4.28.1.1163
- metric collection url: https://client-log.box.com/index.php?rm=box_gen204_json_record
- metric data path: C:\Users\pcedillo\AppData\Local\Box\Box Tools\Metrics\BoxTools_Metrics_EFD61745.db
- post callback: 05D92F2E
- log callback: 05D92F56
- context: 00000000
- post interval in seconds: 600
- max records in a post: 100
- max db records: 500
- disable sender: true
[2025-03-24 23:43:50,549] [64   ] [INFO ] [] - Shutting down the metrics collector
[2025-03-24 23:53:50,482] [39   ] [INFO ] [] - Initializing the metrics collector
[2025-03-24 23:53:50,493] [39   ] [INFO ] [] - MetricsCollector::Sender(49): _disableSentMetrics 1
[2025-03-24 23:53:50,494] [39   ] [INFO ] [] - MetricsCollector::Initialize(231): Initialized metrics collector
- session id: ff58d207-8cfe-43a4-b003-353fde944d14
- device id: 4ca35884-a93a-48fc-ad16-80b2a90aa32e
- application id: Box Tools Win exe
- application name: BoxTools
- application version: 4.28.1.1163
- metric collection url: https://client-log.box.com/index.php?rm=box_gen204_json_record
- metric data path: C:\Users\pcedillo\AppData\Local\Box\Box Tools\Metrics\BoxTools_Metrics_EFD61745.db
- post callback: 05D92F2E
- log callback: 05D92F56
- context: 00000000
- post interval in seconds: 600
- max records in a post: 100
- max db records: 500
- disable sender: true
[2025-03-24 23:53:50,500] [39   ] [INFO ] [] - Shutting down the metrics collector
