[2025-02-12 08:28:56,876] [61   ] [INFO ] [] - Initializing the metrics collector
[2025-02-12 08:28:56,897] [61   ] [INFO ] [] - MetricsCollector::Sender(49): _disableSentMetrics 1
[2025-02-12 08:28:56,898] [61   ] [INFO ] [] - MetricsCollector::Initialize(231): Initialized metrics collector
- session id: e0472d3e-0d6a-4010-83a4-f833730aafa7
- device id: 4ca35884-a93a-48fc-ad16-80b2a90aa32e
- application id: Box Tools Win exe
- application name: BoxTools
- application version: 4.28.0.1161
- metric collection url: https://client-log.box.com/index.php?rm=box_gen204_json_record
- metric data path: C:\Users\pcedillo\AppData\Local\Box\Box Tools\Metrics\BoxTools_Metrics.db
- post callback: 057004C6
- log callback: 057061D6
- context: 00000000
- post interval in seconds: 600
- max records in a post: 100
- max db records: 500
- disable sender: true
[2025-02-12 08:28:56,906] [61   ] [INFO ] [] - Shutting down the metrics collector
[2025-02-12 08:39:00,701] [29   ] [INFO ] [] - Initializing the metrics collector
[2025-02-12 08:39:00,712] [29   ] [INFO ] [] - MetricsCollector::Sender(49): _disableSentMetrics 1
[2025-02-12 08:39:00,713] [29   ] [INFO ] [] - MetricsCollector::Initialize(231): Initialized metrics collector
- session id: e0472d3e-0d6a-4010-83a4-f833730aafa7
- device id: 4ca35884-a93a-48fc-ad16-80b2a90aa32e
- application id: Box Tools Win exe
- application name: BoxTools
- application version: 4.28.0.1161
- metric collection url: https://client-log.box.com/index.php?rm=box_gen204_json_record
- metric data path: C:\Users\pcedillo\AppData\Local\Box\Box Tools\Metrics\BoxTools_Metrics.db
- post callback: 057004C6
- log callback: 057061D6
- context: 00000000
- post interval in seconds: 600
- max records in a post: 100
- max db records: 500
- disable sender: true
[2025-02-12 08:39:00,728] [29   ] [INFO ] [] - Shutting down the metrics collector
[2025-02-12 08:49:00,695] [30   ] [INFO ] [] - Initializing the metrics collector
[2025-02-12 08:49:00,711] [30   ] [INFO ] [] - MetricsCollector::Sender(49): _disableSentMetrics 1
[2025-02-12 08:49:00,712] [30   ] [INFO ] [] - MetricsCollector::Initialize(231): Initialized metrics collector
- session id: e0472d3e-0d6a-4010-83a4-f833730aafa7
- device id: 4ca35884-a93a-48fc-ad16-80b2a90aa32e
- application id: Box Tools Win exe
- application name: BoxTools
- application version: 4.28.0.1161
- metric collection url: https://client-log.box.com/index.php?rm=box_gen204_json_record
- metric data path: C:\Users\pcedillo\AppData\Local\Box\Box Tools\Metrics\BoxTools_Metrics.db
- post callback: 057004C6
- log callback: 057061D6
- context: 00000000
- post interval in seconds: 600
- max records in a post: 100
- max db records: 500
- disable sender: true
[2025-02-12 08:49:00,733] [30   ] [INFO ] [] - Shutting down the metrics collector
[2025-02-12 08:59:00,707] [29   ] [INFO ] [] - Initializing the metrics collector
[2025-02-12 08:59:00,720] [29   ] [INFO ] [] - MetricsCollector::Sender(49): _disableSentMetrics 1
[2025-02-12 08:59:00,721] [29   ] [INFO ] [] - MetricsCollector::Initialize(231): Initialized metrics collector
- session id: e0472d3e-0d6a-4010-83a4-f833730aafa7
- device id: 4ca35884-a93a-48fc-ad16-80b2a90aa32e
- application id: Box Tools Win exe
- application name: BoxTools
- application version: 4.28.0.1161
- metric collection url: https://client-log.box.com/index.php?rm=box_gen204_json_record
- metric data path: C:\Users\pcedillo\AppData\Local\Box\Box Tools\Metrics\BoxTools_Metrics.db
- post callback: 057004C6
- log callback: 057061D6
- context: 00000000
- post interval in seconds: 600
- max records in a post: 100
- max db records: 500
- disable sender: true
[2025-02-12 08:59:00,737] [29   ] [INFO ] [] - Shutting down the metrics collector
[2025-02-12 09:09:00,518] [76   ] [INFO ] [] - Initializing the metrics collector
[2025-02-12 09:09:00,528] [76   ] [INFO ] [] - MetricsCollector::Sender(49): _disableSentMetrics 1
[2025-02-12 09:09:00,529] [76   ] [INFO ] [] - MetricsCollector::Initialize(231): Initialized metrics collector
- session id: e0472d3e-0d6a-4010-83a4-f833730aafa7
- device id: 4ca35884-a93a-48fc-ad16-80b2a90aa32e
- application id: Box Tools Win exe
- application name: BoxTools
- application version: 4.28.0.1161
- metric collection url: https://client-log.box.com/index.php?rm=box_gen204_json_record
- metric data path: C:\Users\pcedillo\AppData\Local\Box\Box Tools\Metrics\BoxTools_Metrics.db
- post callback: 057004C6
- log callback: 057061D6
- context: 00000000
- post interval in seconds: 600
- max records in a post: 100
- max db records: 500
- disable sender: true
[2025-02-12 09:09:00,542] [76   ] [INFO ] [] - Shutting down the metrics collector
[2025-02-12 09:19:00,509] [28   ] [INFO ] [] - Initializing the metrics collector
[2025-02-12 09:19:00,519] [28   ] [INFO ] [] - MetricsCollector::Sender(49): _disableSentMetrics 1
[2025-02-12 09:19:00,520] [28   ] [INFO ] [] - MetricsCollector::Initialize(231): Initialized metrics collector
- session id: e0472d3e-0d6a-4010-83a4-f833730aafa7
- device id: 4ca35884-a93a-48fc-ad16-80b2a90aa32e
- application id: Box Tools Win exe
- application name: BoxTools
- application version: 4.28.0.1161
- metric collection url: https://client-log.box.com/index.php?rm=box_gen204_json_record
- metric data path: C:\Users\pcedillo\AppData\Local\Box\Box Tools\Metrics\BoxTools_Metrics.db
- post callback: 057004C6
- log callback: 057061D6
- context: 00000000
- post interval in seconds: 600
- max records in a post: 100
- max db records: 500
- disable sender: true
[2025-02-12 09:19:00,532] [28   ] [INFO ] [] - Shutting down the metrics collector
[2025-02-12 09:29:00,445] [57   ] [INFO ] [] - Initializing the metrics collector
[2025-02-12 09:29:00,456] [57   ] [INFO ] [] - MetricsCollector::Sender(49): _disableSentMetrics 1
[2025-02-12 09:29:00,456] [57   ] [INFO ] [] - MetricsCollector::Initialize(231): Initialized metrics collector
- session id: e0472d3e-0d6a-4010-83a4-f833730aafa7
- device id: 4ca35884-a93a-48fc-ad16-80b2a90aa32e
- application id: Box Tools Win exe
- application name: BoxTools
- application version: 4.28.0.1161
- metric collection url: https://client-log.box.com/index.php?rm=box_gen204_json_record
- metric data path: C:\Users\pcedillo\AppData\Local\Box\Box Tools\Metrics\BoxTools_Metrics.db
- post callback: 057004C6
- log callback: 057061D6
- context: 00000000
- post interval in seconds: 600
- max records in a post: 100
- max db records: 500
- disable sender: true
[2025-02-12 09:29:00,469] [57   ] [INFO ] [] - Shutting down the metrics collector
[2025-02-12 09:39:00,447] [57   ] [INFO ] [] - Initializing the metrics collector
[2025-02-12 09:39:00,464] [57   ] [INFO ] [] - MetricsCollector::Sender(49): _disableSentMetrics 1
[2025-02-12 09:39:00,465] [57   ] [INFO ] [] - MetricsCollector::Initialize(231): Initialized metrics collector
- session id: e0472d3e-0d6a-4010-83a4-f833730aafa7
- device id: 4ca35884-a93a-48fc-ad16-80b2a90aa32e
- application id: Box Tools Win exe
- application name: BoxTools
- application version: 4.28.0.1161
- metric collection url: https://client-log.box.com/index.php?rm=box_gen204_json_record
- metric data path: C:\Users\pcedillo\AppData\Local\Box\Box Tools\Metrics\BoxTools_Metrics.db
- post callback: 057004C6
- log callback: 057061D6
- context: 00000000
- post interval in seconds: 600
- max records in a post: 100
- max db records: 500
- disable sender: true
[2025-02-12 09:39:00,480] [57   ] [INFO ] [] - Shutting down the metrics collector
[2025-02-12 09:49:00,467] [64   ] [INFO ] [] - Initializing the metrics collector
[2025-02-12 09:49:00,476] [64   ] [INFO ] [] - MetricsCollector::Sender(49): _disableSentMetrics 1
[2025-02-12 09:49:00,477] [64   ] [INFO ] [] - MetricsCollector::Initialize(231): Initialized metrics collector
- session id: e0472d3e-0d6a-4010-83a4-f833730aafa7
- device id: 4ca35884-a93a-48fc-ad16-80b2a90aa32e
- application id: Box Tools Win exe
- application name: BoxTools
- application version: 4.28.0.1161
- metric collection url: https://client-log.box.com/index.php?rm=box_gen204_json_record
- metric data path: C:\Users\pcedillo\AppData\Local\Box\Box Tools\Metrics\BoxTools_Metrics.db
- post callback: 057004C6
- log callback: 057061D6
- context: 00000000
- post interval in seconds: 600
- max records in a post: 100
- max db records: 500
- disable sender: true
[2025-02-12 09:49:00,489] [64   ] [INFO ] [] - Shutting down the metrics collector
[2025-02-12 09:59:00,374] [33   ] [INFO ] [] - Initializing the metrics collector
[2025-02-12 09:59:00,388] [33   ] [INFO ] [] - MetricsCollector::Sender(49): _disableSentMetrics 1
[2025-02-12 09:59:00,389] [33   ] [INFO ] [] - MetricsCollector::Initialize(231): Initialized metrics collector
- session id: e0472d3e-0d6a-4010-83a4-f833730aafa7
- device id: 4ca35884-a93a-48fc-ad16-80b2a90aa32e
- application id: Box Tools Win exe
- application name: BoxTools
- application version: 4.28.0.1161
- metric collection url: https://client-log.box.com/index.php?rm=box_gen204_json_record
- metric data path: C:\Users\pcedillo\AppData\Local\Box\Box Tools\Metrics\BoxTools_Metrics.db
- post callback: 057004C6
- log callback: 057061D6
- context: 00000000
- post interval in seconds: 600
- max records in a post: 100
- max db records: 500
- disable sender: true
[2025-02-12 09:59:00,402] [33   ] [INFO ] [] - Shutting down the metrics collector
[2025-02-12 10:09:00,341] [22   ] [INFO ] [] - Initializing the metrics collector
[2025-02-12 10:09:00,351] [22   ] [INFO ] [] - MetricsCollector::Sender(49): _disableSentMetrics 1
[2025-02-12 10:09:00,353] [22   ] [INFO ] [] - MetricsCollector::Initialize(231): Initialized metrics collector
- session id: e0472d3e-0d6a-4010-83a4-f833730aafa7
- device id: 4ca35884-a93a-48fc-ad16-80b2a90aa32e
- application id: Box Tools Win exe
- application name: BoxTools
- application version: 4.28.0.1161
- metric collection url: https://client-log.box.com/index.php?rm=box_gen204_json_record
- metric data path: C:\Users\pcedillo\AppData\Local\Box\Box Tools\Metrics\BoxTools_Metrics.db
- post callback: 057004C6
- log callback: 057061D6
- context: 00000000
- post interval in seconds: 600
- max records in a post: 100
- max db records: 500
- disable sender: true
[2025-02-12 10:09:00,361] [22   ] [INFO ] [] - Shutting down the metrics collector
[2025-02-12 10:19:00,281] [39   ] [INFO ] [] - Initializing the metrics collector
[2025-02-12 10:19:00,295] [39   ] [INFO ] [] - MetricsCollector::Sender(49): _disableSentMetrics 1
[2025-02-12 10:19:00,296] [39   ] [INFO ] [] - MetricsCollector::Initialize(231): Initialized metrics collector
- session id: e0472d3e-0d6a-4010-83a4-f833730aafa7
- device id: 4ca35884-a93a-48fc-ad16-80b2a90aa32e
- application id: Box Tools Win exe
- application name: BoxTools
- application version: 4.28.0.1161
- metric collection url: https://client-log.box.com/index.php?rm=box_gen204_json_record
- metric data path: C:\Users\pcedillo\AppData\Local\Box\Box Tools\Metrics\BoxTools_Metrics.db
- post callback: 057004C6
- log callback: 057061D6
- context: 00000000
- post interval in seconds: 600
- max records in a post: 100
- max db records: 500
- disable sender: true
[2025-02-12 10:19:00,309] [39   ] [INFO ] [] - Shutting down the metrics collector
[2025-02-12 10:29:00,248] [45   ] [INFO ] [] - Initializing the metrics collector
[2025-02-12 10:29:00,262] [45   ] [INFO ] [] - MetricsCollector::Sender(49): _disableSentMetrics 1
[2025-02-12 10:29:00,263] [45   ] [INFO ] [] - MetricsCollector::Initialize(231): Initialized metrics collector
- session id: e0472d3e-0d6a-4010-83a4-f833730aafa7
- device id: 4ca35884-a93a-48fc-ad16-80b2a90aa32e
- application id: Box Tools Win exe
- application name: BoxTools
- application version: 4.28.0.1161
- metric collection url: https://client-log.box.com/index.php?rm=box_gen204_json_record
- metric data path: C:\Users\pcedillo\AppData\Local\Box\Box Tools\Metrics\BoxTools_Metrics.db
- post callback: 057004C6
- log callback: 057061D6
- context: 00000000
- post interval in seconds: 600
- max records in a post: 100
- max db records: 500
- disable sender: true
[2025-02-12 10:29:00,278] [45   ] [INFO ] [] - Shutting down the metrics collector
[2025-02-12 10:39:00,194] [79   ] [INFO ] [] - Initializing the metrics collector
[2025-02-12 10:39:00,204] [79   ] [INFO ] [] - MetricsCollector::Sender(49): _disableSentMetrics 1
[2025-02-12 10:39:00,204] [79   ] [INFO ] [] - MetricsCollector::Initialize(231): Initialized metrics collector
- session id: e0472d3e-0d6a-4010-83a4-f833730aafa7
- device id: 4ca35884-a93a-48fc-ad16-80b2a90aa32e
- application id: Box Tools Win exe
- application name: BoxTools
- application version: 4.28.0.1161
- metric collection url: https://client-log.box.com/index.php?rm=box_gen204_json_record
- metric data path: C:\Users\pcedillo\AppData\Local\Box\Box Tools\Metrics\BoxTools_Metrics.db
- post callback: 057004C6
- log callback: 057061D6
- context: 00000000
- post interval in seconds: 600
- max records in a post: 100
- max db records: 500
- disable sender: true
[2025-02-12 10:39:00,217] [79   ] [INFO ] [] - Shutting down the metrics collector
[2025-02-12 10:49:00,157] [14   ] [INFO ] [] - Initializing the metrics collector
[2025-02-12 10:49:00,162] [14   ] [INFO ] [] - MetricsCollector::Sender(49): _disableSentMetrics 1
[2025-02-12 10:49:00,163] [14   ] [INFO ] [] - MetricsCollector::Initialize(231): Initialized metrics collector
- session id: e0472d3e-0d6a-4010-83a4-f833730aafa7
- device id: 4ca35884-a93a-48fc-ad16-80b2a90aa32e
- application id: Box Tools Win exe
- application name: BoxTools
- application version: 4.28.0.1161
- metric collection url: https://client-log.box.com/index.php?rm=box_gen204_json_record
- metric data path: C:\Users\pcedillo\AppData\Local\Box\Box Tools\Metrics\BoxTools_Metrics.db
- post callback: 057004C6
- log callback: 057061D6
- context: 00000000
- post interval in seconds: 600
- max records in a post: 100
- max db records: 500
- disable sender: true
[2025-02-12 10:49:00,168] [14   ] [INFO ] [] - Shutting down the metrics collector
[2025-02-12 10:59:00,135] [41   ] [INFO ] [] - Initializing the metrics collector
[2025-02-12 10:59:00,149] [41   ] [INFO ] [] - MetricsCollector::Sender(49): _disableSentMetrics 1
[2025-02-12 10:59:00,149] [41   ] [INFO ] [] - MetricsCollector::Initialize(231): Initialized metrics collector
- session id: e0472d3e-0d6a-4010-83a4-f833730aafa7
- device id: 4ca35884-a93a-48fc-ad16-80b2a90aa32e
- application id: Box Tools Win exe
- application name: BoxTools
- application version: 4.28.0.1161
- metric collection url: https://client-log.box.com/index.php?rm=box_gen204_json_record
- metric data path: C:\Users\pcedillo\AppData\Local\Box\Box Tools\Metrics\BoxTools_Metrics.db
- post callback: 057004C6
- log callback: 057061D6
- context: 00000000
- post interval in seconds: 600
- max records in a post: 100
- max db records: 500
- disable sender: true
[2025-02-12 10:59:00,162] [41   ] [INFO ] [] - Shutting down the metrics collector
[2025-02-12 11:09:00,072] [19   ] [INFO ] [] - Initializing the metrics collector
[2025-02-12 11:09:00,084] [19   ] [INFO ] [] - MetricsCollector::Sender(49): _disableSentMetrics 1
[2025-02-12 11:09:00,085] [19   ] [INFO ] [] - MetricsCollector::Initialize(231): Initialized metrics collector
- session id: e0472d3e-0d6a-4010-83a4-f833730aafa7
- device id: 4ca35884-a93a-48fc-ad16-80b2a90aa32e
- application id: Box Tools Win exe
- application name: BoxTools
- application version: 4.28.0.1161
- metric collection url: https://client-log.box.com/index.php?rm=box_gen204_json_record
- metric data path: C:\Users\pcedillo\AppData\Local\Box\Box Tools\Metrics\BoxTools_Metrics.db
- post callback: 057004C6
- log callback: 057061D6
- context: 00000000
- post interval in seconds: 600
- max records in a post: 100
- max db records: 500
- disable sender: true
[2025-02-12 11:09:00,094] [19   ] [INFO ] [] - Shutting down the metrics collector
[2025-02-12 11:19:00,050] [48   ] [INFO ] [] - Initializing the metrics collector
[2025-02-12 11:19:00,063] [48   ] [INFO ] [] - MetricsCollector::Sender(49): _disableSentMetrics 1
[2025-02-12 11:19:00,064] [48   ] [INFO ] [] - MetricsCollector::Initialize(231): Initialized metrics collector
- session id: e0472d3e-0d6a-4010-83a4-f833730aafa7
- device id: 4ca35884-a93a-48fc-ad16-80b2a90aa32e
- application id: Box Tools Win exe
- application name: BoxTools
- application version: 4.28.0.1161
- metric collection url: https://client-log.box.com/index.php?rm=box_gen204_json_record
- metric data path: C:\Users\pcedillo\AppData\Local\Box\Box Tools\Metrics\BoxTools_Metrics.db
- post callback: 057004C6
- log callback: 057061D6
- context: 00000000
- post interval in seconds: 600
- max records in a post: 100
- max db records: 500
- disable sender: true
[2025-02-12 11:19:00,075] [48   ] [INFO ] [] - Shutting down the metrics collector
[2025-02-12 11:29:00,001] [63   ] [INFO ] [] - Initializing the metrics collector
[2025-02-12 11:29:00,013] [63   ] [INFO ] [] - MetricsCollector::Sender(49): _disableSentMetrics 1
[2025-02-12 11:29:00,014] [63   ] [INFO ] [] - MetricsCollector::Initialize(231): Initialized metrics collector
- session id: e0472d3e-0d6a-4010-83a4-f833730aafa7
- device id: 4ca35884-a93a-48fc-ad16-80b2a90aa32e
- application id: Box Tools Win exe
- application name: BoxTools
- application version: 4.28.0.1161
- metric collection url: https://client-log.box.com/index.php?rm=box_gen204_json_record
- metric data path: C:\Users\pcedillo\AppData\Local\Box\Box Tools\Metrics\BoxTools_Metrics.db
- post callback: 057004C6
- log callback: 057061D6
- context: 00000000
- post interval in seconds: 600
- max records in a post: 100
- max db records: 500
- disable sender: true
[2025-02-12 11:29:00,023] [63   ] [INFO ] [] - Shutting down the metrics collector
[2025-02-12 11:38:59,988] [60   ] [INFO ] [] - Initializing the metrics collector
[2025-02-12 11:38:59,998] [60   ] [INFO ] [] - MetricsCollector::Sender(49): _disableSentMetrics 1
[2025-02-12 11:38:59,998] [60   ] [INFO ] [] - MetricsCollector::Initialize(231): Initialized metrics collector
- session id: e0472d3e-0d6a-4010-83a4-f833730aafa7
- device id: 4ca35884-a93a-48fc-ad16-80b2a90aa32e
- application id: Box Tools Win exe
- application name: BoxTools
- application version: 4.28.0.1161
- metric collection url: https://client-log.box.com/index.php?rm=box_gen204_json_record
- metric data path: C:\Users\pcedillo\AppData\Local\Box\Box Tools\Metrics\BoxTools_Metrics.db
- post callback: 057004C6
- log callback: 057061D6
- context: 00000000
- post interval in seconds: 600
- max records in a post: 100
- max db records: 500
- disable sender: true
[2025-02-12 11:39:00,010] [60   ] [INFO ] [] - Shutting down the metrics collector
[2025-02-12 11:49:00,019] [82   ] [INFO ] [] - Initializing the metrics collector
[2025-02-12 11:49:00,029] [82   ] [INFO ] [] - MetricsCollector::Sender(49): _disableSentMetrics 1
[2025-02-12 11:49:00,031] [82   ] [INFO ] [] - MetricsCollector::Initialize(231): Initialized metrics collector
- session id: e0472d3e-0d6a-4010-83a4-f833730aafa7
- device id: 4ca35884-a93a-48fc-ad16-80b2a90aa32e
- application id: Box Tools Win exe
- application name: BoxTools
- application version: 4.28.0.1161
- metric collection url: https://client-log.box.com/index.php?rm=box_gen204_json_record
- metric data path: C:\Users\pcedillo\AppData\Local\Box\Box Tools\Metrics\BoxTools_Metrics.db
- post callback: 057004C6
- log callback: 057061D6
- context: 00000000
- post interval in seconds: 600
- max records in a post: 100
- max db records: 500
- disable sender: true
[2025-02-12 11:49:00,041] [82   ] [INFO ] [] - Shutting down the metrics collector
[2025-02-12 11:58:59,924] [24   ] [INFO ] [] - Initializing the metrics collector
[2025-02-12 11:58:59,932] [24   ] [INFO ] [] - MetricsCollector::Sender(49): _disableSentMetrics 1
[2025-02-12 11:58:59,932] [24   ] [INFO ] [] - MetricsCollector::Initialize(231): Initialized metrics collector
- session id: e0472d3e-0d6a-4010-83a4-f833730aafa7
- device id: 4ca35884-a93a-48fc-ad16-80b2a90aa32e
- application id: Box Tools Win exe
- application name: BoxTools
- application version: 4.28.0.1161
- metric collection url: https://client-log.box.com/index.php?rm=box_gen204_json_record
- metric data path: C:\Users\pcedillo\AppData\Local\Box\Box Tools\Metrics\BoxTools_Metrics.db
- post callback: 057004C6
- log callback: 057061D6
- context: 00000000
- post interval in seconds: 600
- max records in a post: 100
- max db records: 500
- disable sender: true
[2025-02-12 11:58:59,947] [24   ] [INFO ] [] - Shutting down the metrics collector
[2025-02-12 12:08:59,897] [25   ] [INFO ] [] - Initializing the metrics collector
[2025-02-12 12:08:59,903] [25   ] [INFO ] [] - MetricsCollector::Sender(49): _disableSentMetrics 1
[2025-02-12 12:08:59,905] [25   ] [INFO ] [] - MetricsCollector::Initialize(231): Initialized metrics collector
- session id: e0472d3e-0d6a-4010-83a4-f833730aafa7
- device id: 4ca35884-a93a-48fc-ad16-80b2a90aa32e
- application id: Box Tools Win exe
- application name: BoxTools
- application version: 4.28.0.1161
- metric collection url: https://client-log.box.com/index.php?rm=box_gen204_json_record
- metric data path: C:\Users\pcedillo\AppData\Local\Box\Box Tools\Metrics\BoxTools_Metrics.db
- post callback: 057004C6
- log callback: 057061D6
- context: 00000000
- post interval in seconds: 600
- max records in a post: 100
- max db records: 500
- disable sender: true
[2025-02-12 12:08:59,911] [25   ] [INFO ] [] - Shutting down the metrics collector
[2025-02-12 12:18:59,888] [47   ] [INFO ] [] - Initializing the metrics collector
[2025-02-12 12:18:59,901] [47   ] [INFO ] [] - MetricsCollector::Sender(49): _disableSentMetrics 1
[2025-02-12 12:18:59,903] [47   ] [INFO ] [] - MetricsCollector::Initialize(231): Initialized metrics collector
- session id: e0472d3e-0d6a-4010-83a4-f833730aafa7
- device id: 4ca35884-a93a-48fc-ad16-80b2a90aa32e
- application id: Box Tools Win exe
- application name: BoxTools
- application version: 4.28.0.1161
- metric collection url: https://client-log.box.com/index.php?rm=box_gen204_json_record
- metric data path: C:\Users\pcedillo\AppData\Local\Box\Box Tools\Metrics\BoxTools_Metrics.db
- post callback: 057004C6
- log callback: 057061D6
- context: 00000000
- post interval in seconds: 600
- max records in a post: 100
- max db records: 500
- disable sender: true
[2025-02-12 12:18:59,916] [47   ] [INFO ] [] - Shutting down the metrics collector
[2025-02-12 12:28:59,874] [21   ] [INFO ] [] - Initializing the metrics collector
[2025-02-12 12:28:59,894] [21   ] [INFO ] [] - MetricsCollector::Sender(49): _disableSentMetrics 1
[2025-02-12 12:28:59,896] [21   ] [INFO ] [] - MetricsCollector::Initialize(231): Initialized metrics collector
- session id: e0472d3e-0d6a-4010-83a4-f833730aafa7
- device id: 4ca35884-a93a-48fc-ad16-80b2a90aa32e
- application id: Box Tools Win exe
- application name: BoxTools
- application version: 4.28.0.1161
- metric collection url: https://client-log.box.com/index.php?rm=box_gen204_json_record
- metric data path: C:\Users\pcedillo\AppData\Local\Box\Box Tools\Metrics\BoxTools_Metrics.db
- post callback: 057004C6
- log callback: 057061D6
- context: 00000000
- post interval in seconds: 600
- max records in a post: 100
- max db records: 500
- disable sender: true
[2025-02-12 12:28:59,914] [21   ] [INFO ] [] - Shutting down the metrics collector
[2025-02-12 12:38:59,820] [40   ] [INFO ] [] - Initializing the metrics collector
[2025-02-12 12:38:59,845] [40   ] [INFO ] [] - MetricsCollector::Sender(49): _disableSentMetrics 1
[2025-02-12 12:38:59,846] [40   ] [INFO ] [] - MetricsCollector::Initialize(231): Initialized metrics collector
- session id: e0472d3e-0d6a-4010-83a4-f833730aafa7
- device id: 4ca35884-a93a-48fc-ad16-80b2a90aa32e
- application id: Box Tools Win exe
- application name: BoxTools
- application version: 4.28.0.1161
- metric collection url: https://client-log.box.com/index.php?rm=box_gen204_json_record
- metric data path: C:\Users\pcedillo\AppData\Local\Box\Box Tools\Metrics\BoxTools_Metrics.db
- post callback: 057004C6
- log callback: 057061D6
- context: 00000000
- post interval in seconds: 600
- max records in a post: 100
- max db records: 500
- disable sender: true
[2025-02-12 12:38:59,863] [40   ] [INFO ] [] - Shutting down the metrics collector
[2025-02-12 12:48:59,798] [15   ] [INFO ] [] - Initializing the metrics collector
[2025-02-12 12:48:59,821] [15   ] [INFO ] [] - MetricsCollector::Sender(49): _disableSentMetrics 1
[2025-02-12 12:48:59,822] [15   ] [INFO ] [] - MetricsCollector::Initialize(231): Initialized metrics collector
- session id: e0472d3e-0d6a-4010-83a4-f833730aafa7
- device id: 4ca35884-a93a-48fc-ad16-80b2a90aa32e
- application id: Box Tools Win exe
- application name: BoxTools
- application version: 4.28.0.1161
- metric collection url: https://client-log.box.com/index.php?rm=box_gen204_json_record
- metric data path: C:\Users\pcedillo\AppData\Local\Box\Box Tools\Metrics\BoxTools_Metrics.db
- post callback: 057004C6
- log callback: 057061D6
- context: 00000000
- post interval in seconds: 600
- max records in a post: 100
- max db records: 500
- disable sender: true
[2025-02-12 12:48:59,841] [15   ] [INFO ] [] - Shutting down the metrics collector
[2025-02-12 12:58:59,783] [17   ] [INFO ] [] - Initializing the metrics collector
[2025-02-12 12:58:59,798] [17   ] [INFO ] [] - MetricsCollector::Sender(49): _disableSentMetrics 1
[2025-02-12 12:58:59,799] [17   ] [INFO ] [] - MetricsCollector::Initialize(231): Initialized metrics collector
- session id: e0472d3e-0d6a-4010-83a4-f833730aafa7
- device id: 4ca35884-a93a-48fc-ad16-80b2a90aa32e
- application id: Box Tools Win exe
- application name: BoxTools
- application version: 4.28.0.1161
- metric collection url: https://client-log.box.com/index.php?rm=box_gen204_json_record
- metric data path: C:\Users\pcedillo\AppData\Local\Box\Box Tools\Metrics\BoxTools_Metrics.db
- post callback: 057004C6
- log callback: 057061D6
- context: 00000000
- post interval in seconds: 600
- max records in a post: 100
- max db records: 500
- disable sender: true
[2025-02-12 12:58:59,816] [17   ] [INFO ] [] - Shutting down the metrics collector
[2025-02-12 13:08:59,705] [51   ] [INFO ] [] - Initializing the metrics collector
[2025-02-12 13:08:59,727] [51   ] [INFO ] [] - MetricsCollector::Sender(49): _disableSentMetrics 1
[2025-02-12 13:08:59,729] [51   ] [INFO ] [] - MetricsCollector::Initialize(231): Initialized metrics collector
- session id: e0472d3e-0d6a-4010-83a4-f833730aafa7
- device id: 4ca35884-a93a-48fc-ad16-80b2a90aa32e
- application id: Box Tools Win exe
- application name: BoxTools
- application version: 4.28.0.1161
- metric collection url: https://client-log.box.com/index.php?rm=box_gen204_json_record
- metric data path: C:\Users\pcedillo\AppData\Local\Box\Box Tools\Metrics\BoxTools_Metrics.db
- post callback: 057004C6
- log callback: 057061D6
- context: 00000000
- post interval in seconds: 600
- max records in a post: 100
- max db records: 500
- disable sender: true
[2025-02-12 13:08:59,752] [51   ] [INFO ] [] - Shutting down the metrics collector
[2025-02-12 13:18:59,665] [69   ] [INFO ] [] - Initializing the metrics collector
[2025-02-12 13:18:59,687] [69   ] [INFO ] [] - MetricsCollector::Sender(49): _disableSentMetrics 1
[2025-02-12 13:18:59,687] [69   ] [INFO ] [] - MetricsCollector::Initialize(231): Initialized metrics collector
- session id: e0472d3e-0d6a-4010-83a4-f833730aafa7
- device id: 4ca35884-a93a-48fc-ad16-80b2a90aa32e
- application id: Box Tools Win exe
- application name: BoxTools
- application version: 4.28.0.1161
- metric collection url: https://client-log.box.com/index.php?rm=box_gen204_json_record
- metric data path: C:\Users\pcedillo\AppData\Local\Box\Box Tools\Metrics\BoxTools_Metrics.db
- post callback: 057004C6
- log callback: 057061D6
- context: 00000000
- post interval in seconds: 600
- max records in a post: 100
- max db records: 500
- disable sender: true
[2025-02-12 13:18:59,707] [69   ] [INFO ] [] - Shutting down the metrics collector
[2025-02-12 13:28:59,639] [58   ] [INFO ] [] - Initializing the metrics collector
[2025-02-12 13:28:59,661] [58   ] [INFO ] [] - MetricsCollector::Sender(49): _disableSentMetrics 1
[2025-02-12 13:28:59,662] [58   ] [INFO ] [] - MetricsCollector::Initialize(231): Initialized metrics collector
- session id: e0472d3e-0d6a-4010-83a4-f833730aafa7
- device id: 4ca35884-a93a-48fc-ad16-80b2a90aa32e
- application id: Box Tools Win exe
- application name: BoxTools
- application version: 4.28.0.1161
- metric collection url: https://client-log.box.com/index.php?rm=box_gen204_json_record
- metric data path: C:\Users\pcedillo\AppData\Local\Box\Box Tools\Metrics\BoxTools_Metrics.db
- post callback: 057004C6
- log callback: 057061D6
- context: 00000000
- post interval in seconds: 600
- max records in a post: 100
- max db records: 500
- disable sender: true
[2025-02-12 13:28:59,682] [58   ] [INFO ] [] - Shutting down the metrics collector
[2025-02-12 13:38:59,597] [80   ] [INFO ] [] - Initializing the metrics collector
[2025-02-12 13:38:59,618] [80   ] [INFO ] [] - MetricsCollector::Sender(49): _disableSentMetrics 1
[2025-02-12 13:38:59,619] [80   ] [INFO ] [] - MetricsCollector::Initialize(231): Initialized metrics collector
- session id: e0472d3e-0d6a-4010-83a4-f833730aafa7
- device id: 4ca35884-a93a-48fc-ad16-80b2a90aa32e
- application id: Box Tools Win exe
- application name: BoxTools
- application version: 4.28.0.1161
- metric collection url: https://client-log.box.com/index.php?rm=box_gen204_json_record
- metric data path: C:\Users\pcedillo\AppData\Local\Box\Box Tools\Metrics\BoxTools_Metrics.db
- post callback: 057004C6
- log callback: 057061D6
- context: 00000000
- post interval in seconds: 600
- max records in a post: 100
- max db records: 500
- disable sender: true
[2025-02-12 13:38:59,639] [80   ] [INFO ] [] - Shutting down the metrics collector
[2025-02-12 13:48:59,549] [90   ] [INFO ] [] - Initializing the metrics collector
[2025-02-12 13:48:59,568] [90   ] [INFO ] [] - MetricsCollector::Sender(49): _disableSentMetrics 1
[2025-02-12 13:48:59,569] [90   ] [INFO ] [] - MetricsCollector::Initialize(231): Initialized metrics collector
- session id: e0472d3e-0d6a-4010-83a4-f833730aafa7
- device id: 4ca35884-a93a-48fc-ad16-80b2a90aa32e
- application id: Box Tools Win exe
- application name: BoxTools
- application version: 4.28.0.1161
- metric collection url: https://client-log.box.com/index.php?rm=box_gen204_json_record
- metric data path: C:\Users\pcedillo\AppData\Local\Box\Box Tools\Metrics\BoxTools_Metrics.db
- post callback: 057004C6
- log callback: 057061D6
- context: 00000000
- post interval in seconds: 600
- max records in a post: 100
- max db records: 500
- disable sender: true
[2025-02-12 13:48:59,590] [90   ] [INFO ] [] - Shutting down the metrics collector
[2025-02-12 13:58:59,526] [101  ] [INFO ] [] - Initializing the metrics collector
[2025-02-12 13:58:59,541] [101  ] [INFO ] [] - MetricsCollector::Sender(49): _disableSentMetrics 1
[2025-02-12 13:58:59,543] [101  ] [INFO ] [] - MetricsCollector::Initialize(231): Initialized metrics collector
- session id: e0472d3e-0d6a-4010-83a4-f833730aafa7
- device id: 4ca35884-a93a-48fc-ad16-80b2a90aa32e
- application id: Box Tools Win exe
- application name: BoxTools
- application version: 4.28.0.1161
- metric collection url: https://client-log.box.com/index.php?rm=box_gen204_json_record
- metric data path: C:\Users\pcedillo\AppData\Local\Box\Box Tools\Metrics\BoxTools_Metrics.db
- post callback: 057004C6
- log callback: 057061D6
- context: 00000000
- post interval in seconds: 600
- max records in a post: 100
- max db records: 500
- disable sender: true
[2025-02-12 13:58:59,562] [101  ] [INFO ] [] - Shutting down the metrics collector
[2025-02-12 14:08:59,514] [102  ] [INFO ] [] - Initializing the metrics collector
[2025-02-12 14:08:59,532] [102  ] [INFO ] [] - MetricsCollector::Sender(49): _disableSentMetrics 1
[2025-02-12 14:08:59,534] [102  ] [INFO ] [] - MetricsCollector::Initialize(231): Initialized metrics collector
- session id: e0472d3e-0d6a-4010-83a4-f833730aafa7
- device id: 4ca35884-a93a-48fc-ad16-80b2a90aa32e
- application id: Box Tools Win exe
- application name: BoxTools
- application version: 4.28.0.1161
- metric collection url: https://client-log.box.com/index.php?rm=box_gen204_json_record
- metric data path: C:\Users\pcedillo\AppData\Local\Box\Box Tools\Metrics\BoxTools_Metrics.db
- post callback: 057004C6
- log callback: 057061D6
- context: 00000000
- post interval in seconds: 600
- max records in a post: 100
- max db records: 500
- disable sender: true
[2025-02-12 14:08:59,553] [102  ] [INFO ] [] - Shutting down the metrics collector
[2025-02-12 14:18:59,514] [91   ] [INFO ] [] - Initializing the metrics collector
[2025-02-12 14:18:59,534] [91   ] [INFO ] [] - MetricsCollector::Sender(49): _disableSentMetrics 1
[2025-02-12 14:18:59,535] [91   ] [INFO ] [] - MetricsCollector::Initialize(231): Initialized metrics collector
- session id: e0472d3e-0d6a-4010-83a4-f833730aafa7
- device id: 4ca35884-a93a-48fc-ad16-80b2a90aa32e
- application id: Box Tools Win exe
- application name: BoxTools
- application version: 4.28.0.1161
- metric collection url: https://client-log.box.com/index.php?rm=box_gen204_json_record
- metric data path: C:\Users\pcedillo\AppData\Local\Box\Box Tools\Metrics\BoxTools_Metrics.db
- post callback: 057004C6
- log callback: 057061D6
- context: 00000000
- post interval in seconds: 600
- max records in a post: 100
- max db records: 500
- disable sender: true
[2025-02-12 14:18:59,552] [91   ] [INFO ] [] - Shutting down the metrics collector
[2025-02-12 14:28:59,508] [79   ] [INFO ] [] - Initializing the metrics collector
[2025-02-12 14:28:59,529] [79   ] [INFO ] [] - MetricsCollector::Sender(49): _disableSentMetrics 1
[2025-02-12 14:28:59,529] [79   ] [INFO ] [] - MetricsCollector::Initialize(231): Initialized metrics collector
- session id: e0472d3e-0d6a-4010-83a4-f833730aafa7
- device id: 4ca35884-a93a-48fc-ad16-80b2a90aa32e
- application id: Box Tools Win exe
- application name: BoxTools
- application version: 4.28.0.1161
- metric collection url: https://client-log.box.com/index.php?rm=box_gen204_json_record
- metric data path: C:\Users\pcedillo\AppData\Local\Box\Box Tools\Metrics\BoxTools_Metrics.db
- post callback: 057004C6
- log callback: 057061D6
- context: 00000000
- post interval in seconds: 600
- max records in a post: 100
- max db records: 500
- disable sender: true
[2025-02-12 14:28:59,548] [79   ] [INFO ] [] - Shutting down the metrics collector
[2025-02-12 14:38:59,523] [93   ] [INFO ] [] - Initializing the metrics collector
[2025-02-12 14:38:59,546] [93   ] [INFO ] [] - MetricsCollector::Sender(49): _disableSentMetrics 1
[2025-02-12 14:38:59,546] [93   ] [INFO ] [] - MetricsCollector::Initialize(231): Initialized metrics collector
- session id: e0472d3e-0d6a-4010-83a4-f833730aafa7
- device id: 4ca35884-a93a-48fc-ad16-80b2a90aa32e
- application id: Box Tools Win exe
- application name: BoxTools
- application version: 4.28.0.1161
- metric collection url: https://client-log.box.com/index.php?rm=box_gen204_json_record
- metric data path: C:\Users\pcedillo\AppData\Local\Box\Box Tools\Metrics\BoxTools_Metrics.db
- post callback: 057004C6
- log callback: 057061D6
- context: 00000000
- post interval in seconds: 600
- max records in a post: 100
- max db records: 500
- disable sender: true
[2025-02-12 14:38:59,564] [93   ] [INFO ] [] - Shutting down the metrics collector
[2025-02-12 15:06:41,400] [99   ] [INFO ] [] - Initializing the metrics collector
[2025-02-12 15:06:41,415] [99   ] [INFO ] [] - MetricsCollector::Sender(49): _disableSentMetrics 1
[2025-02-12 15:06:41,416] [99   ] [INFO ] [] - MetricsCollector::Initialize(231): Initialized metrics collector
- session id: e0472d3e-0d6a-4010-83a4-f833730aafa7
- device id: 4ca35884-a93a-48fc-ad16-80b2a90aa32e
- application id: Box Tools Win exe
- application name: BoxTools
- application version: 4.28.0.1161
- metric collection url: https://client-log.box.com/index.php?rm=box_gen204_json_record
- metric data path: C:\Users\pcedillo\AppData\Local\Box\Box Tools\Metrics\BoxTools_Metrics.db
- post callback: 057004C6
- log callback: 057061D6
- context: 00000000
- post interval in seconds: 600
- max records in a post: 100
- max db records: 500
- disable sender: true
[2025-02-12 15:06:41,433] [99   ] [INFO ] [] - Shutting down the metrics collector
[2025-02-12 15:16:40,908] [88   ] [INFO ] [] - Initializing the metrics collector
[2025-02-12 15:16:40,918] [88   ] [INFO ] [] - MetricsCollector::Sender(49): _disableSentMetrics 1
[2025-02-12 15:16:40,918] [88   ] [INFO ] [] - MetricsCollector::Initialize(231): Initialized metrics collector
- session id: e0472d3e-0d6a-4010-83a4-f833730aafa7
- device id: 4ca35884-a93a-48fc-ad16-80b2a90aa32e
- application id: Box Tools Win exe
- application name: BoxTools
- application version: 4.28.0.1161
- metric collection url: https://client-log.box.com/index.php?rm=box_gen204_json_record
- metric data path: C:\Users\pcedillo\AppData\Local\Box\Box Tools\Metrics\BoxTools_Metrics.db
- post callback: 057004C6
- log callback: 057061D6
- context: 00000000
- post interval in seconds: 600
- max records in a post: 100
- max db records: 500
- disable sender: true
[2025-02-12 15:16:40,926] [88   ] [INFO ] [] - Shutting down the metrics collector
[2025-02-12 15:26:40,839] [31   ] [INFO ] [] - Initializing the metrics collector
[2025-02-12 15:26:40,849] [31   ] [INFO ] [] - MetricsCollector::Sender(49): _disableSentMetrics 1
[2025-02-12 15:26:40,849] [31   ] [INFO ] [] - MetricsCollector::Initialize(231): Initialized metrics collector
- session id: e0472d3e-0d6a-4010-83a4-f833730aafa7
- device id: 4ca35884-a93a-48fc-ad16-80b2a90aa32e
- application id: Box Tools Win exe
- application name: BoxTools
- application version: 4.28.0.1161
- metric collection url: https://client-log.box.com/index.php?rm=box_gen204_json_record
- metric data path: C:\Users\pcedillo\AppData\Local\Box\Box Tools\Metrics\BoxTools_Metrics.db
- post callback: 057004C6
- log callback: 057061D6
- context: 00000000
- post interval in seconds: 600
- max records in a post: 100
- max db records: 500
- disable sender: true
[2025-02-12 15:26:40,861] [31   ] [INFO ] [] - Shutting down the metrics collector
[2025-02-12 15:36:40,841] [73   ] [INFO ] [] - Initializing the metrics collector
[2025-02-12 15:36:40,852] [73   ] [INFO ] [] - MetricsCollector::Sender(49): _disableSentMetrics 1
[2025-02-12 15:36:40,853] [73   ] [INFO ] [] - MetricsCollector::Initialize(231): Initialized metrics collector
- session id: e0472d3e-0d6a-4010-83a4-f833730aafa7
- device id: 4ca35884-a93a-48fc-ad16-80b2a90aa32e
- application id: Box Tools Win exe
- application name: BoxTools
- application version: 4.28.0.1161
- metric collection url: https://client-log.box.com/index.php?rm=box_gen204_json_record
- metric data path: C:\Users\pcedillo\AppData\Local\Box\Box Tools\Metrics\BoxTools_Metrics.db
- post callback: 057004C6
- log callback: 057061D6
- context: 00000000
- post interval in seconds: 600
- max records in a post: 100
- max db records: 500
- disable sender: true
[2025-02-12 15:36:40,864] [73   ] [INFO ] [] - Shutting down the metrics collector
[2025-02-12 15:46:40,774] [68   ] [INFO ] [] - Initializing the metrics collector
[2025-02-12 15:46:40,783] [68   ] [INFO ] [] - MetricsCollector::Sender(49): _disableSentMetrics 1
[2025-02-12 15:46:40,783] [68   ] [INFO ] [] - MetricsCollector::Initialize(231): Initialized metrics collector
- session id: e0472d3e-0d6a-4010-83a4-f833730aafa7
- device id: 4ca35884-a93a-48fc-ad16-80b2a90aa32e
- application id: Box Tools Win exe
- application name: BoxTools
- application version: 4.28.0.1161
- metric collection url: https://client-log.box.com/index.php?rm=box_gen204_json_record
- metric data path: C:\Users\pcedillo\AppData\Local\Box\Box Tools\Metrics\BoxTools_Metrics.db
- post callback: 057004C6
- log callback: 057061D6
- context: 00000000
- post interval in seconds: 600
- max records in a post: 100
- max db records: 500
- disable sender: true
[2025-02-12 15:46:40,794] [68   ] [INFO ] [] - Shutting down the metrics collector
[2025-02-12 15:56:40,777] [50   ] [INFO ] [] - Initializing the metrics collector
[2025-02-12 15:56:40,791] [50   ] [INFO ] [] - MetricsCollector::Sender(49): _disableSentMetrics 1
[2025-02-12 15:56:40,792] [50   ] [INFO ] [] - MetricsCollector::Initialize(231): Initialized metrics collector
- session id: e0472d3e-0d6a-4010-83a4-f833730aafa7
- device id: 4ca35884-a93a-48fc-ad16-80b2a90aa32e
- application id: Box Tools Win exe
- application name: BoxTools
- application version: 4.28.0.1161
- metric collection url: https://client-log.box.com/index.php?rm=box_gen204_json_record
- metric data path: C:\Users\pcedillo\AppData\Local\Box\Box Tools\Metrics\BoxTools_Metrics.db
- post callback: 057004C6
- log callback: 057061D6
- context: 00000000
- post interval in seconds: 600
- max records in a post: 100
- max db records: 500
- disable sender: true
[2025-02-12 15:56:40,803] [50   ] [INFO ] [] - Shutting down the metrics collector
[2025-02-12 16:06:40,716] [21   ] [INFO ] [] - Initializing the metrics collector
[2025-02-12 16:06:40,729] [21   ] [INFO ] [] - MetricsCollector::Sender(49): _disableSentMetrics 1
[2025-02-12 16:06:40,729] [21   ] [INFO ] [] - MetricsCollector::Initialize(231): Initialized metrics collector
- session id: e0472d3e-0d6a-4010-83a4-f833730aafa7
- device id: 4ca35884-a93a-48fc-ad16-80b2a90aa32e
- application id: Box Tools Win exe
- application name: BoxTools
- application version: 4.28.0.1161
- metric collection url: https://client-log.box.com/index.php?rm=box_gen204_json_record
- metric data path: C:\Users\pcedillo\AppData\Local\Box\Box Tools\Metrics\BoxTools_Metrics.db
- post callback: 057004C6
- log callback: 057061D6
- context: 00000000
- post interval in seconds: 600
- max records in a post: 100
- max db records: 500
- disable sender: true
[2025-02-12 16:06:40,743] [21   ] [INFO ] [] - Shutting down the metrics collector
[2025-02-12 16:16:40,720] [47   ] [INFO ] [] - Initializing the metrics collector
[2025-02-12 16:16:40,732] [47   ] [INFO ] [] - MetricsCollector::Sender(49): _disableSentMetrics 1
[2025-02-12 16:16:40,732] [47   ] [INFO ] [] - MetricsCollector::Initialize(231): Initialized metrics collector
- session id: e0472d3e-0d6a-4010-83a4-f833730aafa7
- device id: 4ca35884-a93a-48fc-ad16-80b2a90aa32e
- application id: Box Tools Win exe
- application name: BoxTools
- application version: 4.28.0.1161
- metric collection url: https://client-log.box.com/index.php?rm=box_gen204_json_record
- metric data path: C:\Users\pcedillo\AppData\Local\Box\Box Tools\Metrics\BoxTools_Metrics.db
- post callback: 057004C6
- log callback: 057061D6
- context: 00000000
- post interval in seconds: 600
- max records in a post: 100
- max db records: 500
- disable sender: true
[2025-02-12 16:16:40,740] [47   ] [INFO ] [] - Shutting down the metrics collector
[2025-02-12 16:26:40,730] [25   ] [INFO ] [] - Initializing the metrics collector
[2025-02-12 16:26:40,745] [25   ] [INFO ] [] - MetricsCollector::Sender(49): _disableSentMetrics 1
[2025-02-12 16:26:40,745] [25   ] [INFO ] [] - MetricsCollector::Initialize(231): Initialized metrics collector
- session id: e0472d3e-0d6a-4010-83a4-f833730aafa7
- device id: 4ca35884-a93a-48fc-ad16-80b2a90aa32e
- application id: Box Tools Win exe
- application name: BoxTools
- application version: 4.28.0.1161
- metric collection url: https://client-log.box.com/index.php?rm=box_gen204_json_record
- metric data path: C:\Users\pcedillo\AppData\Local\Box\Box Tools\Metrics\BoxTools_Metrics.db
- post callback: 057004C6
- log callback: 057061D6
- context: 00000000
- post interval in seconds: 600
- max records in a post: 100
- max db records: 500
- disable sender: true
[2025-02-12 16:26:40,760] [25   ] [INFO ] [] - Shutting down the metrics collector
[2025-02-12 16:36:40,609] [26   ] [INFO ] [] - Initializing the metrics collector
[2025-02-12 16:36:40,623] [26   ] [INFO ] [] - MetricsCollector::Sender(49): _disableSentMetrics 1
[2025-02-12 16:36:40,624] [26   ] [INFO ] [] - MetricsCollector::Initialize(231): Initialized metrics collector
- session id: e0472d3e-0d6a-4010-83a4-f833730aafa7
- device id: 4ca35884-a93a-48fc-ad16-80b2a90aa32e
- application id: Box Tools Win exe
- application name: BoxTools
- application version: 4.28.0.1161
- metric collection url: https://client-log.box.com/index.php?rm=box_gen204_json_record
- metric data path: C:\Users\pcedillo\AppData\Local\Box\Box Tools\Metrics\BoxTools_Metrics.db
- post callback: 057004C6
- log callback: 057061D6
- context: 00000000
- post interval in seconds: 600
- max records in a post: 100
- max db records: 500
- disable sender: true
[2025-02-12 16:36:40,634] [26   ] [INFO ] [] - Shutting down the metrics collector
[2025-02-12 16:46:40,579] [47   ] [INFO ] [] - Initializing the metrics collector
[2025-02-12 16:46:40,591] [47   ] [INFO ] [] - MetricsCollector::Sender(49): _disableSentMetrics 1
[2025-02-12 16:46:40,591] [47   ] [INFO ] [] - MetricsCollector::Initialize(231): Initialized metrics collector
- session id: e0472d3e-0d6a-4010-83a4-f833730aafa7
- device id: 4ca35884-a93a-48fc-ad16-80b2a90aa32e
- application id: Box Tools Win exe
- application name: BoxTools
- application version: 4.28.0.1161
- metric collection url: https://client-log.box.com/index.php?rm=box_gen204_json_record
- metric data path: C:\Users\pcedillo\AppData\Local\Box\Box Tools\Metrics\BoxTools_Metrics.db
- post callback: 057004C6
- log callback: 057061D6
- context: 00000000
- post interval in seconds: 600
- max records in a post: 100
- max db records: 500
- disable sender: true
[2025-02-12 16:46:40,599] [47   ] [INFO ] [] - Shutting down the metrics collector
[2025-02-12 16:56:40,521] [21   ] [INFO ] [] - Initializing the metrics collector
[2025-02-12 16:56:40,531] [21   ] [INFO ] [] - MetricsCollector::Sender(49): _disableSentMetrics 1
[2025-02-12 16:56:40,532] [21   ] [INFO ] [] - MetricsCollector::Initialize(231): Initialized metrics collector
- session id: e0472d3e-0d6a-4010-83a4-f833730aafa7
- device id: 4ca35884-a93a-48fc-ad16-80b2a90aa32e
- application id: Box Tools Win exe
- application name: BoxTools
- application version: 4.28.0.1161
- metric collection url: https://client-log.box.com/index.php?rm=box_gen204_json_record
- metric data path: C:\Users\pcedillo\AppData\Local\Box\Box Tools\Metrics\BoxTools_Metrics.db
- post callback: 057004C6
- log callback: 057061D6
- context: 00000000
- post interval in seconds: 600
- max records in a post: 100
- max db records: 500
- disable sender: true
[2025-02-12 16:56:40,544] [21   ] [INFO ] [] - Shutting down the metrics collector
