[2024-11-22 00:03:37,106] [17   ] [INFO ] [] - Initializing the metrics collector
[2024-11-22 00:03:37,125] [17   ] [INFO ] [] - MetricsCollector::Sender(49): _disableSentMetrics 1
[2024-11-22 00:03:37,125] [17   ] [INFO ] [] - MetricsCollector::Initialize(231): Initialized metrics collector
- session id: 4b65b0eb-8b86-46ee-b4dd-4338d4f1fd2c
- device id: 4ca35884-a93a-48fc-ad16-80b2a90aa32e
- application id: Box Tools Win exe
- application name: BoxTools
- application version: 4.26.1.1109
- metric collection url: https://client-log.box.com/index.php?rm=box_gen204_json_record
- metric data path: C:\Users\pcedillo\AppData\Local\Box\Box Tools\Metrics\BoxTools_Metrics.db
- post callback: 059C2E1E
- log callback: 059C2E46
- context: 00000000
- post interval in seconds: 600
- max records in a post: 100
- max db records: 500
- disable sender: true
[2024-11-22 00:03:37,125] [17   ] [INFO ] [] - Shutting down the metrics collector
[2024-11-22 00:13:37,119] [18   ] [INFO ] [] - Initializing the metrics collector
[2024-11-22 00:13:37,124] [18   ] [INFO ] [] - MetricsCollector::Sender(49): _disableSentMetrics 1
[2024-11-22 00:13:37,135] [18   ] [INFO ] [] - MetricsCollector::Initialize(231): Initialized metrics collector
- session id: 4b65b0eb-8b86-46ee-b4dd-4338d4f1fd2c
- device id: 4ca35884-a93a-48fc-ad16-80b2a90aa32e
- application id: Box Tools Win exe
- application name: BoxTools
- application version: 4.26.1.1109
- metric collection url: https://client-log.box.com/index.php?rm=box_gen204_json_record
- metric data path: C:\Users\pcedillo\AppData\Local\Box\Box Tools\Metrics\BoxTools_Metrics.db
- post callback: 059C2E1E
- log callback: 059C2E46
- context: 00000000
- post interval in seconds: 600
- max records in a post: 100
- max db records: 500
- disable sender: true
[2024-11-22 00:13:37,135] [18   ] [INFO ] [] - Shutting down the metrics collector
[2024-11-22 00:23:36,985] [19   ] [INFO ] [] - Initializing the metrics collector
[2024-11-22 00:23:36,986] [19   ] [INFO ] [] - MetricsCollector::Sender(49): _disableSentMetrics 1
[2024-11-22 00:23:36,986] [19   ] [INFO ] [] - MetricsCollector::Initialize(231): Initialized metrics collector
- session id: 4b65b0eb-8b86-46ee-b4dd-4338d4f1fd2c
- device id: 4ca35884-a93a-48fc-ad16-80b2a90aa32e
- application id: Box Tools Win exe
- application name: BoxTools
- application version: 4.26.1.1109
- metric collection url: https://client-log.box.com/index.php?rm=box_gen204_json_record
- metric data path: C:\Users\pcedillo\AppData\Local\Box\Box Tools\Metrics\BoxTools_Metrics.db
- post callback: 059C2E1E
- log callback: 059C2E46
- context: 00000000
- post interval in seconds: 600
- max records in a post: 100
- max db records: 500
- disable sender: true
[2024-11-22 00:23:37,001] [19   ] [INFO ] [] - Shutting down the metrics collector
[2024-11-22 00:33:36,879] [21   ] [INFO ] [] - Initializing the metrics collector
[2024-11-22 00:33:36,880] [21   ] [INFO ] [] - MetricsCollector::Sender(49): _disableSentMetrics 1
[2024-11-22 00:33:36,880] [21   ] [INFO ] [] - MetricsCollector::Initialize(231): Initialized metrics collector
- session id: 4b65b0eb-8b86-46ee-b4dd-4338d4f1fd2c
- device id: 4ca35884-a93a-48fc-ad16-80b2a90aa32e
- application id: Box Tools Win exe
- application name: BoxTools
- application version: 4.26.1.1109
- metric collection url: https://client-log.box.com/index.php?rm=box_gen204_json_record
- metric data path: C:\Users\pcedillo\AppData\Local\Box\Box Tools\Metrics\BoxTools_Metrics.db
- post callback: 059C2E1E
- log callback: 059C2E46
- context: 00000000
- post interval in seconds: 600
- max records in a post: 100
- max db records: 500
- disable sender: true
[2024-11-22 00:33:36,880] [21   ] [INFO ] [] - Shutting down the metrics collector
[2024-11-22 00:43:36,801] [22   ] [INFO ] [] - Initializing the metrics collector
[2024-11-22 00:43:36,802] [22   ] [INFO ] [] - MetricsCollector::Sender(49): _disableSentMetrics 1
[2024-11-22 00:43:36,802] [22   ] [INFO ] [] - MetricsCollector::Initialize(231): Initialized metrics collector
- session id: 4b65b0eb-8b86-46ee-b4dd-4338d4f1fd2c
- device id: 4ca35884-a93a-48fc-ad16-80b2a90aa32e
- application id: Box Tools Win exe
- application name: BoxTools
- application version: 4.26.1.1109
- metric collection url: https://client-log.box.com/index.php?rm=box_gen204_json_record
- metric data path: C:\Users\pcedillo\AppData\Local\Box\Box Tools\Metrics\BoxTools_Metrics.db
- post callback: 059C2E1E
- log callback: 059C2E46
- context: 00000000
- post interval in seconds: 600
- max records in a post: 100
- max db records: 500
- disable sender: true
[2024-11-22 00:43:36,823] [22   ] [INFO ] [] - Shutting down the metrics collector
[2024-11-22 00:53:36,732] [3    ] [INFO ] [] - Initializing the metrics collector
[2024-11-22 00:53:36,734] [3    ] [INFO ] [] - MetricsCollector::Sender(49): _disableSentMetrics 1
[2024-11-22 00:53:36,734] [3    ] [INFO ] [] - MetricsCollector::Initialize(231): Initialized metrics collector
- session id: 4b65b0eb-8b86-46ee-b4dd-4338d4f1fd2c
- device id: 4ca35884-a93a-48fc-ad16-80b2a90aa32e
- application id: Box Tools Win exe
- application name: BoxTools
- application version: 4.26.1.1109
- metric collection url: https://client-log.box.com/index.php?rm=box_gen204_json_record
- metric data path: C:\Users\pcedillo\AppData\Local\Box\Box Tools\Metrics\BoxTools_Metrics.db
- post callback: 059C2E1E
- log callback: 059C2E46
- context: 00000000
- post interval in seconds: 600
- max records in a post: 100
- max db records: 500
- disable sender: true
[2024-11-22 00:53:36,742] [3    ] [INFO ] [] - Shutting down the metrics collector
[2024-11-22 01:03:36,694] [7    ] [INFO ] [] - Initializing the metrics collector
[2024-11-22 01:03:36,694] [7    ] [INFO ] [] - MetricsCollector::Sender(49): _disableSentMetrics 1
[2024-11-22 01:03:36,694] [7    ] [INFO ] [] - MetricsCollector::Initialize(231): Initialized metrics collector
- session id: 4b65b0eb-8b86-46ee-b4dd-4338d4f1fd2c
- device id: 4ca35884-a93a-48fc-ad16-80b2a90aa32e
- application id: Box Tools Win exe
- application name: BoxTools
- application version: 4.26.1.1109
- metric collection url: https://client-log.box.com/index.php?rm=box_gen204_json_record
- metric data path: C:\Users\pcedillo\AppData\Local\Box\Box Tools\Metrics\BoxTools_Metrics.db
- post callback: 059C2E1E
- log callback: 059C2E46
- context: 00000000
- post interval in seconds: 600
- max records in a post: 100
- max db records: 500
- disable sender: true
[2024-11-22 01:03:36,709] [7    ] [INFO ] [] - Shutting down the metrics collector
[2024-11-22 01:13:36,648] [7    ] [INFO ] [] - Initializing the metrics collector
[2024-11-22 01:13:36,649] [7    ] [INFO ] [] - MetricsCollector::Sender(49): _disableSentMetrics 1
[2024-11-22 01:13:36,649] [7    ] [INFO ] [] - MetricsCollector::Initialize(231): Initialized metrics collector
- session id: 4b65b0eb-8b86-46ee-b4dd-4338d4f1fd2c
- device id: 4ca35884-a93a-48fc-ad16-80b2a90aa32e
- application id: Box Tools Win exe
- application name: BoxTools
- application version: 4.26.1.1109
- metric collection url: https://client-log.box.com/index.php?rm=box_gen204_json_record
- metric data path: C:\Users\pcedillo\AppData\Local\Box\Box Tools\Metrics\BoxTools_Metrics.db
- post callback: 059C2E1E
- log callback: 059C2E46
- context: 00000000
- post interval in seconds: 600
- max records in a post: 100
- max db records: 500
- disable sender: true
[2024-11-22 01:13:36,665] [7    ] [INFO ] [] - Shutting down the metrics collector
[2024-11-22 01:23:36,639] [7    ] [INFO ] [] - Initializing the metrics collector
[2024-11-22 01:23:36,654] [7    ] [INFO ] [] - MetricsCollector::Sender(49): _disableSentMetrics 1
[2024-11-22 01:23:36,654] [7    ] [INFO ] [] - MetricsCollector::Initialize(231): Initialized metrics collector
- session id: 4b65b0eb-8b86-46ee-b4dd-4338d4f1fd2c
- device id: 4ca35884-a93a-48fc-ad16-80b2a90aa32e
- application id: Box Tools Win exe
- application name: BoxTools
- application version: 4.26.1.1109
- metric collection url: https://client-log.box.com/index.php?rm=box_gen204_json_record
- metric data path: C:\Users\pcedillo\AppData\Local\Box\Box Tools\Metrics\BoxTools_Metrics.db
- post callback: 059C2E1E
- log callback: 059C2E46
- context: 00000000
- post interval in seconds: 600
- max records in a post: 100
- max db records: 500
- disable sender: true
[2024-11-22 01:23:36,669] [7    ] [INFO ] [] - Shutting down the metrics collector
[2024-11-22 01:33:36,623] [14   ] [INFO ] [] - Initializing the metrics collector
[2024-11-22 01:33:36,624] [14   ] [INFO ] [] - MetricsCollector::Sender(49): _disableSentMetrics 1
[2024-11-22 01:33:36,624] [14   ] [INFO ] [] - MetricsCollector::Initialize(231): Initialized metrics collector
- session id: 4b65b0eb-8b86-46ee-b4dd-4338d4f1fd2c
- device id: 4ca35884-a93a-48fc-ad16-80b2a90aa32e
- application id: Box Tools Win exe
- application name: BoxTools
- application version: 4.26.1.1109
- metric collection url: https://client-log.box.com/index.php?rm=box_gen204_json_record
- metric data path: C:\Users\pcedillo\AppData\Local\Box\Box Tools\Metrics\BoxTools_Metrics.db
- post callback: 059C2E1E
- log callback: 059C2E46
- context: 00000000
- post interval in seconds: 600
- max records in a post: 100
- max db records: 500
- disable sender: true
[2024-11-22 01:33:36,624] [14   ] [INFO ] [] - Shutting down the metrics collector
[2024-11-22 01:43:36,610] [40   ] [INFO ] [] - Initializing the metrics collector
[2024-11-22 01:43:36,620] [40   ] [INFO ] [] - MetricsCollector::Sender(49): _disableSentMetrics 1
[2024-11-22 01:43:36,620] [40   ] [INFO ] [] - MetricsCollector::Initialize(231): Initialized metrics collector
- session id: 4b65b0eb-8b86-46ee-b4dd-4338d4f1fd2c
- device id: 4ca35884-a93a-48fc-ad16-80b2a90aa32e
- application id: Box Tools Win exe
- application name: BoxTools
- application version: 4.26.1.1109
- metric collection url: https://client-log.box.com/index.php?rm=box_gen204_json_record
- metric data path: C:\Users\pcedillo\AppData\Local\Box\Box Tools\Metrics\BoxTools_Metrics.db
- post callback: 059C2E1E
- log callback: 059C2E46
- context: 00000000
- post interval in seconds: 600
- max records in a post: 100
- max db records: 500
- disable sender: true
[2024-11-22 01:43:36,626] [40   ] [INFO ] [] - Shutting down the metrics collector
[2024-11-22 01:53:36,607] [20   ] [INFO ] [] - Initializing the metrics collector
[2024-11-22 01:53:36,616] [20   ] [INFO ] [] - MetricsCollector::Sender(49): _disableSentMetrics 1
[2024-11-22 01:53:36,616] [20   ] [INFO ] [] - MetricsCollector::Initialize(231): Initialized metrics collector
- session id: 4b65b0eb-8b86-46ee-b4dd-4338d4f1fd2c
- device id: 4ca35884-a93a-48fc-ad16-80b2a90aa32e
- application id: Box Tools Win exe
- application name: BoxTools
- application version: 4.26.1.1109
- metric collection url: https://client-log.box.com/index.php?rm=box_gen204_json_record
- metric data path: C:\Users\pcedillo\AppData\Local\Box\Box Tools\Metrics\BoxTools_Metrics.db
- post callback: 059C2E1E
- log callback: 059C2E46
- context: 00000000
- post interval in seconds: 600
- max records in a post: 100
- max db records: 500
- disable sender: true
[2024-11-22 01:53:36,625] [20   ] [INFO ] [] - Shutting down the metrics collector
[2024-11-22 02:03:36,589] [29   ] [INFO ] [] - Initializing the metrics collector
[2024-11-22 02:03:36,589] [29   ] [INFO ] [] - MetricsCollector::Sender(49): _disableSentMetrics 1
[2024-11-22 02:03:36,589] [29   ] [INFO ] [] - MetricsCollector::Initialize(231): Initialized metrics collector
- session id: 4b65b0eb-8b86-46ee-b4dd-4338d4f1fd2c
- device id: 4ca35884-a93a-48fc-ad16-80b2a90aa32e
- application id: Box Tools Win exe
- application name: BoxTools
- application version: 4.26.1.1109
- metric collection url: https://client-log.box.com/index.php?rm=box_gen204_json_record
- metric data path: C:\Users\pcedillo\AppData\Local\Box\Box Tools\Metrics\BoxTools_Metrics.db
- post callback: 059C2E1E
- log callback: 059C2E46
- context: 00000000
- post interval in seconds: 600
- max records in a post: 100
- max db records: 500
- disable sender: true
[2024-11-22 02:03:36,604] [29   ] [INFO ] [] - Shutting down the metrics collector
[2024-11-22 02:13:36,595] [33   ] [INFO ] [] - Initializing the metrics collector
[2024-11-22 02:13:36,595] [33   ] [INFO ] [] - MetricsCollector::Sender(49): _disableSentMetrics 1
[2024-11-22 02:13:36,595] [33   ] [INFO ] [] - MetricsCollector::Initialize(231): Initialized metrics collector
- session id: 4b65b0eb-8b86-46ee-b4dd-4338d4f1fd2c
- device id: 4ca35884-a93a-48fc-ad16-80b2a90aa32e
- application id: Box Tools Win exe
- application name: BoxTools
- application version: 4.26.1.1109
- metric collection url: https://client-log.box.com/index.php?rm=box_gen204_json_record
- metric data path: C:\Users\pcedillo\AppData\Local\Box\Box Tools\Metrics\BoxTools_Metrics.db
- post callback: 059C2E1E
- log callback: 059C2E46
- context: 00000000
- post interval in seconds: 600
- max records in a post: 100
- max db records: 500
- disable sender: true
[2024-11-22 02:13:36,608] [33   ] [INFO ] [] - Shutting down the metrics collector
[2024-11-22 02:23:36,593] [32   ] [INFO ] [] - Initializing the metrics collector
[2024-11-22 02:23:36,593] [32   ] [INFO ] [] - MetricsCollector::Sender(49): _disableSentMetrics 1
[2024-11-22 02:23:36,593] [32   ] [INFO ] [] - MetricsCollector::Initialize(231): Initialized metrics collector
- session id: 4b65b0eb-8b86-46ee-b4dd-4338d4f1fd2c
- device id: 4ca35884-a93a-48fc-ad16-80b2a90aa32e
- application id: Box Tools Win exe
- application name: BoxTools
- application version: 4.26.1.1109
- metric collection url: https://client-log.box.com/index.php?rm=box_gen204_json_record
- metric data path: C:\Users\pcedillo\AppData\Local\Box\Box Tools\Metrics\BoxTools_Metrics.db
- post callback: 059C2E1E
- log callback: 059C2E46
- context: 00000000
- post interval in seconds: 600
- max records in a post: 100
- max db records: 500
- disable sender: true
[2024-11-22 02:23:36,609] [32   ] [INFO ] [] - Shutting down the metrics collector
[2024-11-22 02:33:36,602] [25   ] [INFO ] [] - Initializing the metrics collector
[2024-11-22 02:33:36,619] [25   ] [INFO ] [] - MetricsCollector::Sender(49): _disableSentMetrics 1
[2024-11-22 02:33:36,619] [25   ] [INFO ] [] - MetricsCollector::Initialize(231): Initialized metrics collector
- session id: 4b65b0eb-8b86-46ee-b4dd-4338d4f1fd2c
- device id: 4ca35884-a93a-48fc-ad16-80b2a90aa32e
- application id: Box Tools Win exe
- application name: BoxTools
- application version: 4.26.1.1109
- metric collection url: https://client-log.box.com/index.php?rm=box_gen204_json_record
- metric data path: C:\Users\pcedillo\AppData\Local\Box\Box Tools\Metrics\BoxTools_Metrics.db
- post callback: 059C2E1E
- log callback: 059C2E46
- context: 00000000
- post interval in seconds: 600
- max records in a post: 100
- max db records: 500
- disable sender: true
[2024-11-22 02:33:36,626] [25   ] [INFO ] [] - Shutting down the metrics collector
[2024-11-22 02:43:36,595] [32   ] [INFO ] [] - Initializing the metrics collector
[2024-11-22 02:43:36,595] [32   ] [INFO ] [] - MetricsCollector::Sender(49): _disableSentMetrics 1
[2024-11-22 02:43:36,595] [32   ] [INFO ] [] - MetricsCollector::Initialize(231): Initialized metrics collector
- session id: 4b65b0eb-8b86-46ee-b4dd-4338d4f1fd2c
- device id: 4ca35884-a93a-48fc-ad16-80b2a90aa32e
- application id: Box Tools Win exe
- application name: BoxTools
- application version: 4.26.1.1109
- metric collection url: https://client-log.box.com/index.php?rm=box_gen204_json_record
- metric data path: C:\Users\pcedillo\AppData\Local\Box\Box Tools\Metrics\BoxTools_Metrics.db
- post callback: 059C2E1E
- log callback: 059C2E46
- context: 00000000
- post interval in seconds: 600
- max records in a post: 100
- max db records: 500
- disable sender: true
[2024-11-22 02:43:36,611] [32   ] [INFO ] [] - Shutting down the metrics collector
[2024-11-22 02:53:36,593] [31   ] [INFO ] [] - Initializing the metrics collector
[2024-11-22 02:53:36,609] [31   ] [INFO ] [] - MetricsCollector::Sender(49): _disableSentMetrics 1
[2024-11-22 02:53:36,609] [31   ] [INFO ] [] - MetricsCollector::Initialize(231): Initialized metrics collector
- session id: 4b65b0eb-8b86-46ee-b4dd-4338d4f1fd2c
- device id: 4ca35884-a93a-48fc-ad16-80b2a90aa32e
- application id: Box Tools Win exe
- application name: BoxTools
- application version: 4.26.1.1109
- metric collection url: https://client-log.box.com/index.php?rm=box_gen204_json_record
- metric data path: C:\Users\pcedillo\AppData\Local\Box\Box Tools\Metrics\BoxTools_Metrics.db
- post callback: 059C2E1E
- log callback: 059C2E46
- context: 00000000
- post interval in seconds: 600
- max records in a post: 100
- max db records: 500
- disable sender: true
[2024-11-22 02:53:36,625] [31   ] [INFO ] [] - Shutting down the metrics collector
[2024-11-22 03:03:36,591] [29   ] [INFO ] [] - Initializing the metrics collector
[2024-11-22 03:03:36,591] [29   ] [INFO ] [] - MetricsCollector::Sender(49): _disableSentMetrics 1
[2024-11-22 03:03:36,591] [29   ] [INFO ] [] - MetricsCollector::Initialize(231): Initialized metrics collector
- session id: 4b65b0eb-8b86-46ee-b4dd-4338d4f1fd2c
- device id: 4ca35884-a93a-48fc-ad16-80b2a90aa32e
- application id: Box Tools Win exe
- application name: BoxTools
- application version: 4.26.1.1109
- metric collection url: https://client-log.box.com/index.php?rm=box_gen204_json_record
- metric data path: C:\Users\pcedillo\AppData\Local\Box\Box Tools\Metrics\BoxTools_Metrics.db
- post callback: 059C2E1E
- log callback: 059C2E46
- context: 00000000
- post interval in seconds: 600
- max records in a post: 100
- max db records: 500
- disable sender: true
[2024-11-22 03:03:36,608] [29   ] [INFO ] [] - Shutting down the metrics collector
[2024-11-22 03:13:43,726] [30   ] [INFO ] [] - Initializing the metrics collector
[2024-11-22 03:13:43,727] [30   ] [INFO ] [] - MetricsCollector::Sender(49): _disableSentMetrics 1
[2024-11-22 03:13:43,739] [30   ] [INFO ] [] - MetricsCollector::Initialize(231): Initialized metrics collector
- session id: 4b65b0eb-8b86-46ee-b4dd-4338d4f1fd2c
- device id: 4ca35884-a93a-48fc-ad16-80b2a90aa32e
- application id: Box Tools Win exe
- application name: BoxTools
- application version: 4.26.1.1109
- metric collection url: https://client-log.box.com/index.php?rm=box_gen204_json_record
- metric data path: C:\Users\pcedillo\AppData\Local\Box\Box Tools\Metrics\BoxTools_Metrics.db
- post callback: 059C2E1E
- log callback: 059C2E46
- context: 00000000
- post interval in seconds: 600
- max records in a post: 100
- max db records: 500
- disable sender: true
[2024-11-22 03:13:43,742] [30   ] [INFO ] [] - Shutting down the metrics collector
[2024-11-22 03:23:43,623] [20   ] [INFO ] [] - Initializing the metrics collector
[2024-11-22 03:23:43,623] [20   ] [INFO ] [] - MetricsCollector::Sender(49): _disableSentMetrics 1
[2024-11-22 03:23:43,623] [20   ] [INFO ] [] - MetricsCollector::Initialize(231): Initialized metrics collector
- session id: 4b65b0eb-8b86-46ee-b4dd-4338d4f1fd2c
- device id: 4ca35884-a93a-48fc-ad16-80b2a90aa32e
- application id: Box Tools Win exe
- application name: BoxTools
- application version: 4.26.1.1109
- metric collection url: https://client-log.box.com/index.php?rm=box_gen204_json_record
- metric data path: C:\Users\pcedillo\AppData\Local\Box\Box Tools\Metrics\BoxTools_Metrics.db
- post callback: 059C2E1E
- log callback: 059C2E46
- context: 00000000
- post interval in seconds: 600
- max records in a post: 100
- max db records: 500
- disable sender: true
[2024-11-22 03:23:43,641] [20   ] [INFO ] [] - Shutting down the metrics collector
[2024-11-22 03:33:43,509] [39   ] [INFO ] [] - Initializing the metrics collector
[2024-11-22 03:33:43,510] [39   ] [INFO ] [] - MetricsCollector::Sender(49): _disableSentMetrics 1
[2024-11-22 03:33:43,510] [39   ] [INFO ] [] - MetricsCollector::Initialize(231): Initialized metrics collector
- session id: 4b65b0eb-8b86-46ee-b4dd-4338d4f1fd2c
- device id: 4ca35884-a93a-48fc-ad16-80b2a90aa32e
- application id: Box Tools Win exe
- application name: BoxTools
- application version: 4.26.1.1109
- metric collection url: https://client-log.box.com/index.php?rm=box_gen204_json_record
- metric data path: C:\Users\pcedillo\AppData\Local\Box\Box Tools\Metrics\BoxTools_Metrics.db
- post callback: 059C2E1E
- log callback: 059C2E46
- context: 00000000
- post interval in seconds: 600
- max records in a post: 100
- max db records: 500
- disable sender: true
[2024-11-22 03:33:43,530] [39   ] [INFO ] [] - Shutting down the metrics collector
[2024-11-22 03:43:43,393] [40   ] [INFO ] [] - Initializing the metrics collector
[2024-11-22 03:43:43,393] [40   ] [INFO ] [] - MetricsCollector::Sender(49): _disableSentMetrics 1
[2024-11-22 03:43:43,393] [40   ] [INFO ] [] - MetricsCollector::Initialize(231): Initialized metrics collector
- session id: 4b65b0eb-8b86-46ee-b4dd-4338d4f1fd2c
- device id: 4ca35884-a93a-48fc-ad16-80b2a90aa32e
- application id: Box Tools Win exe
- application name: BoxTools
- application version: 4.26.1.1109
- metric collection url: https://client-log.box.com/index.php?rm=box_gen204_json_record
- metric data path: C:\Users\pcedillo\AppData\Local\Box\Box Tools\Metrics\BoxTools_Metrics.db
- post callback: 059C2E1E
- log callback: 059C2E46
- context: 00000000
- post interval in seconds: 600
- max records in a post: 100
- max db records: 500
- disable sender: true
[2024-11-22 03:43:43,410] [40   ] [INFO ] [] - Shutting down the metrics collector
[2024-11-22 03:53:43,454] [33   ] [INFO ] [] - Initializing the metrics collector
[2024-11-22 03:53:43,454] [33   ] [INFO ] [] - MetricsCollector::Sender(49): _disableSentMetrics 1
[2024-11-22 03:53:43,454] [33   ] [INFO ] [] - MetricsCollector::Initialize(231): Initialized metrics collector
- session id: 4b65b0eb-8b86-46ee-b4dd-4338d4f1fd2c
- device id: 4ca35884-a93a-48fc-ad16-80b2a90aa32e
- application id: Box Tools Win exe
- application name: BoxTools
- application version: 4.26.1.1109
- metric collection url: https://client-log.box.com/index.php?rm=box_gen204_json_record
- metric data path: C:\Users\pcedillo\AppData\Local\Box\Box Tools\Metrics\BoxTools_Metrics.db
- post callback: 059C2E1E
- log callback: 059C2E46
- context: 00000000
- post interval in seconds: 600
- max records in a post: 100
- max db records: 500
- disable sender: true
[2024-11-22 03:53:43,474] [33   ] [INFO ] [] - Shutting down the metrics collector
[2024-11-22 04:03:43,352] [41   ] [INFO ] [] - Initializing the metrics collector
[2024-11-22 04:03:43,352] [41   ] [INFO ] [] - MetricsCollector::Sender(49): _disableSentMetrics 1
[2024-11-22 04:03:43,352] [41   ] [INFO ] [] - MetricsCollector::Initialize(231): Initialized metrics collector
- session id: 4b65b0eb-8b86-46ee-b4dd-4338d4f1fd2c
- device id: 4ca35884-a93a-48fc-ad16-80b2a90aa32e
- application id: Box Tools Win exe
- application name: BoxTools
- application version: 4.26.1.1109
- metric collection url: https://client-log.box.com/index.php?rm=box_gen204_json_record
- metric data path: C:\Users\pcedillo\AppData\Local\Box\Box Tools\Metrics\BoxTools_Metrics.db
- post callback: 059C2E1E
- log callback: 059C2E46
- context: 00000000
- post interval in seconds: 600
- max records in a post: 100
- max db records: 500
- disable sender: true
[2024-11-22 04:03:43,368] [41   ] [INFO ] [] - Shutting down the metrics collector
[2024-11-22 04:13:43,386] [41   ] [INFO ] [] - Initializing the metrics collector
[2024-11-22 04:13:43,386] [41   ] [INFO ] [] - MetricsCollector::Sender(49): _disableSentMetrics 1
[2024-11-22 04:13:43,386] [41   ] [INFO ] [] - MetricsCollector::Initialize(231): Initialized metrics collector
- session id: 4b65b0eb-8b86-46ee-b4dd-4338d4f1fd2c
- device id: 4ca35884-a93a-48fc-ad16-80b2a90aa32e
- application id: Box Tools Win exe
- application name: BoxTools
- application version: 4.26.1.1109
- metric collection url: https://client-log.box.com/index.php?rm=box_gen204_json_record
- metric data path: C:\Users\pcedillo\AppData\Local\Box\Box Tools\Metrics\BoxTools_Metrics.db
- post callback: 059C2E1E
- log callback: 059C2E46
- context: 00000000
- post interval in seconds: 600
- max records in a post: 100
- max db records: 500
- disable sender: true
[2024-11-22 04:13:43,401] [41   ] [INFO ] [] - Shutting down the metrics collector
[2024-11-22 04:23:43,329] [48   ] [INFO ] [] - Initializing the metrics collector
[2024-11-22 04:23:43,342] [48   ] [INFO ] [] - MetricsCollector::Sender(49): _disableSentMetrics 1
[2024-11-22 04:23:43,342] [48   ] [INFO ] [] - MetricsCollector::Initialize(231): Initialized metrics collector
- session id: 4b65b0eb-8b86-46ee-b4dd-4338d4f1fd2c
- device id: 4ca35884-a93a-48fc-ad16-80b2a90aa32e
- application id: Box Tools Win exe
- application name: BoxTools
- application version: 4.26.1.1109
- metric collection url: https://client-log.box.com/index.php?rm=box_gen204_json_record
- metric data path: C:\Users\pcedillo\AppData\Local\Box\Box Tools\Metrics\BoxTools_Metrics.db
- post callback: 059C2E1E
- log callback: 059C2E46
- context: 00000000
- post interval in seconds: 600
- max records in a post: 100
- max db records: 500
- disable sender: true
[2024-11-22 04:23:43,345] [48   ] [INFO ] [] - Shutting down the metrics collector
[2024-11-22 04:33:43,356] [42   ] [INFO ] [] - Initializing the metrics collector
[2024-11-22 04:33:43,356] [42   ] [INFO ] [] - MetricsCollector::Sender(49): _disableSentMetrics 1
[2024-11-22 04:33:43,356] [42   ] [INFO ] [] - MetricsCollector::Initialize(231): Initialized metrics collector
- session id: 4b65b0eb-8b86-46ee-b4dd-4338d4f1fd2c
- device id: 4ca35884-a93a-48fc-ad16-80b2a90aa32e
- application id: Box Tools Win exe
- application name: BoxTools
- application version: 4.26.1.1109
- metric collection url: https://client-log.box.com/index.php?rm=box_gen204_json_record
- metric data path: C:\Users\pcedillo\AppData\Local\Box\Box Tools\Metrics\BoxTools_Metrics.db
- post callback: 059C2E1E
- log callback: 059C2E46
- context: 00000000
- post interval in seconds: 600
- max records in a post: 100
- max db records: 500
- disable sender: true
[2024-11-22 04:33:43,372] [42   ] [INFO ] [] - Shutting down the metrics collector
[2024-11-22 04:43:43,421] [48   ] [INFO ] [] - Initializing the metrics collector
[2024-11-22 04:43:43,421] [48   ] [INFO ] [] - MetricsCollector::Sender(49): _disableSentMetrics 1
[2024-11-22 04:43:43,421] [48   ] [INFO ] [] - MetricsCollector::Initialize(231): Initialized metrics collector
- session id: 4b65b0eb-8b86-46ee-b4dd-4338d4f1fd2c
- device id: 4ca35884-a93a-48fc-ad16-80b2a90aa32e
- application id: Box Tools Win exe
- application name: BoxTools
- application version: 4.26.1.1109
- metric collection url: https://client-log.box.com/index.php?rm=box_gen204_json_record
- metric data path: C:\Users\pcedillo\AppData\Local\Box\Box Tools\Metrics\BoxTools_Metrics.db
- post callback: 059C2E1E
- log callback: 059C2E46
- context: 00000000
- post interval in seconds: 600
- max records in a post: 100
- max db records: 500
- disable sender: true
[2024-11-22 04:43:43,436] [48   ] [INFO ] [] - Shutting down the metrics collector
[2024-11-22 04:53:43,256] [42   ] [INFO ] [] - Initializing the metrics collector
[2024-11-22 04:53:43,256] [42   ] [INFO ] [] - MetricsCollector::Sender(49): _disableSentMetrics 1
[2024-11-22 04:53:43,256] [42   ] [INFO ] [] - MetricsCollector::Initialize(231): Initialized metrics collector
- session id: 4b65b0eb-8b86-46ee-b4dd-4338d4f1fd2c
- device id: 4ca35884-a93a-48fc-ad16-80b2a90aa32e
- application id: Box Tools Win exe
- application name: BoxTools
- application version: 4.26.1.1109
- metric collection url: https://client-log.box.com/index.php?rm=box_gen204_json_record
- metric data path: C:\Users\pcedillo\AppData\Local\Box\Box Tools\Metrics\BoxTools_Metrics.db
- post callback: 059C2E1E
- log callback: 059C2E46
- context: 00000000
- post interval in seconds: 600
- max records in a post: 100
- max db records: 500
- disable sender: true
[2024-11-22 04:53:43,272] [42   ] [INFO ] [] - Shutting down the metrics collector
[2024-11-22 05:03:43,232] [41   ] [INFO ] [] - Initializing the metrics collector
[2024-11-22 05:03:43,232] [41   ] [INFO ] [] - MetricsCollector::Sender(49): _disableSentMetrics 1
[2024-11-22 05:03:43,232] [41   ] [INFO ] [] - MetricsCollector::Initialize(231): Initialized metrics collector
- session id: 4b65b0eb-8b86-46ee-b4dd-4338d4f1fd2c
- device id: 4ca35884-a93a-48fc-ad16-80b2a90aa32e
- application id: Box Tools Win exe
- application name: BoxTools
- application version: 4.26.1.1109
- metric collection url: https://client-log.box.com/index.php?rm=box_gen204_json_record
- metric data path: C:\Users\pcedillo\AppData\Local\Box\Box Tools\Metrics\BoxTools_Metrics.db
- post callback: 059C2E1E
- log callback: 059C2E46
- context: 00000000
- post interval in seconds: 600
- max records in a post: 100
- max db records: 500
- disable sender: true
[2024-11-22 05:03:43,248] [41   ] [INFO ] [] - Shutting down the metrics collector
[2024-11-22 05:13:43,271] [14   ] [INFO ] [] - Initializing the metrics collector
[2024-11-22 05:13:43,275] [14   ] [INFO ] [] - MetricsCollector::Sender(49): _disableSentMetrics 1
[2024-11-22 05:13:43,275] [14   ] [INFO ] [] - MetricsCollector::Initialize(231): Initialized metrics collector
- session id: 4b65b0eb-8b86-46ee-b4dd-4338d4f1fd2c
- device id: 4ca35884-a93a-48fc-ad16-80b2a90aa32e
- application id: Box Tools Win exe
- application name: BoxTools
- application version: 4.26.1.1109
- metric collection url: https://client-log.box.com/index.php?rm=box_gen204_json_record
- metric data path: C:\Users\pcedillo\AppData\Local\Box\Box Tools\Metrics\BoxTools_Metrics.db
- post callback: 059C2E1E
- log callback: 059C2E46
- context: 00000000
- post interval in seconds: 600
- max records in a post: 100
- max db records: 500
- disable sender: true
[2024-11-22 05:13:43,287] [14   ] [INFO ] [] - Shutting down the metrics collector
[2024-11-22 05:23:43,197] [33   ] [INFO ] [] - Initializing the metrics collector
[2024-11-22 05:23:43,203] [33   ] [INFO ] [] - MetricsCollector::Sender(49): _disableSentMetrics 1
[2024-11-22 05:23:43,203] [33   ] [INFO ] [] - MetricsCollector::Initialize(231): Initialized metrics collector
- session id: 4b65b0eb-8b86-46ee-b4dd-4338d4f1fd2c
- device id: 4ca35884-a93a-48fc-ad16-80b2a90aa32e
- application id: Box Tools Win exe
- application name: BoxTools
- application version: 4.26.1.1109
- metric collection url: https://client-log.box.com/index.php?rm=box_gen204_json_record
- metric data path: C:\Users\pcedillo\AppData\Local\Box\Box Tools\Metrics\BoxTools_Metrics.db
- post callback: 059C2E1E
- log callback: 059C2E46
- context: 00000000
- post interval in seconds: 600
- max records in a post: 100
- max db records: 500
- disable sender: true
[2024-11-22 05:23:43,209] [33   ] [INFO ] [] - Shutting down the metrics collector
[2024-11-22 05:33:43,077] [40   ] [INFO ] [] - Initializing the metrics collector
[2024-11-22 05:33:43,084] [40   ] [INFO ] [] - MetricsCollector::Sender(49): _disableSentMetrics 1
[2024-11-22 05:33:43,085] [40   ] [INFO ] [] - MetricsCollector::Initialize(231): Initialized metrics collector
- session id: 4b65b0eb-8b86-46ee-b4dd-4338d4f1fd2c
- device id: 4ca35884-a93a-48fc-ad16-80b2a90aa32e
- application id: Box Tools Win exe
- application name: BoxTools
- application version: 4.26.1.1109
- metric collection url: https://client-log.box.com/index.php?rm=box_gen204_json_record
- metric data path: C:\Users\pcedillo\AppData\Local\Box\Box Tools\Metrics\BoxTools_Metrics.db
- post callback: 059C2E1E
- log callback: 059C2E46
- context: 00000000
- post interval in seconds: 600
- max records in a post: 100
- max db records: 500
- disable sender: true
[2024-11-22 05:33:43,089] [40   ] [INFO ] [] - Shutting down the metrics collector
[2024-11-22 05:43:43,119] [39   ] [INFO ] [] - Initializing the metrics collector
[2024-11-22 05:43:43,134] [39   ] [INFO ] [] - MetricsCollector::Sender(49): _disableSentMetrics 1
[2024-11-22 05:43:43,134] [39   ] [INFO ] [] - MetricsCollector::Initialize(231): Initialized metrics collector
- session id: 4b65b0eb-8b86-46ee-b4dd-4338d4f1fd2c
- device id: 4ca35884-a93a-48fc-ad16-80b2a90aa32e
- application id: Box Tools Win exe
- application name: BoxTools
- application version: 4.26.1.1109
- metric collection url: https://client-log.box.com/index.php?rm=box_gen204_json_record
- metric data path: C:\Users\pcedillo\AppData\Local\Box\Box Tools\Metrics\BoxTools_Metrics.db
- post callback: 059C2E1E
- log callback: 059C2E46
- context: 00000000
- post interval in seconds: 600
- max records in a post: 100
- max db records: 500
- disable sender: true
[2024-11-22 05:43:43,149] [39   ] [INFO ] [] - Shutting down the metrics collector
[2024-11-22 05:53:43,171] [20   ] [INFO ] [] - Initializing the metrics collector
[2024-11-22 05:53:43,177] [20   ] [INFO ] [] - MetricsCollector::Sender(49): _disableSentMetrics 1
[2024-11-22 05:53:43,192] [20   ] [INFO ] [] - MetricsCollector::Initialize(231): Initialized metrics collector
- session id: 4b65b0eb-8b86-46ee-b4dd-4338d4f1fd2c
- device id: 4ca35884-a93a-48fc-ad16-80b2a90aa32e
- application id: Box Tools Win exe
- application name: BoxTools
- application version: 4.26.1.1109
- metric collection url: https://client-log.box.com/index.php?rm=box_gen204_json_record
- metric data path: C:\Users\pcedillo\AppData\Local\Box\Box Tools\Metrics\BoxTools_Metrics.db
- post callback: 059C2E1E
- log callback: 059C2E46
- context: 00000000
- post interval in seconds: 600
- max records in a post: 100
- max db records: 500
- disable sender: true
[2024-11-22 05:53:43,198] [20   ] [INFO ] [] - Shutting down the metrics collector
[2024-11-22 06:03:42,985] [29   ] [INFO ] [] - Initializing the metrics collector
[2024-11-22 06:03:42,985] [29   ] [INFO ] [] - MetricsCollector::Sender(49): _disableSentMetrics 1
[2024-11-22 06:03:42,985] [29   ] [INFO ] [] - MetricsCollector::Initialize(231): Initialized metrics collector
- session id: 4b65b0eb-8b86-46ee-b4dd-4338d4f1fd2c
- device id: 4ca35884-a93a-48fc-ad16-80b2a90aa32e
- application id: Box Tools Win exe
- application name: BoxTools
- application version: 4.26.1.1109
- metric collection url: https://client-log.box.com/index.php?rm=box_gen204_json_record
- metric data path: C:\Users\pcedillo\AppData\Local\Box\Box Tools\Metrics\BoxTools_Metrics.db
- post callback: 059C2E1E
- log callback: 059C2E46
- context: 00000000
- post interval in seconds: 600
- max records in a post: 100
- max db records: 500
- disable sender: true
[2024-11-22 06:03:43,002] [29   ] [INFO ] [] - Shutting down the metrics collector
[2024-11-22 06:13:42,975] [31   ] [INFO ] [] - Initializing the metrics collector
[2024-11-22 06:13:42,978] [31   ] [INFO ] [] - MetricsCollector::Sender(49): _disableSentMetrics 1
[2024-11-22 06:13:42,978] [31   ] [INFO ] [] - MetricsCollector::Initialize(231): Initialized metrics collector
- session id: 4b65b0eb-8b86-46ee-b4dd-4338d4f1fd2c
- device id: 4ca35884-a93a-48fc-ad16-80b2a90aa32e
- application id: Box Tools Win exe
- application name: BoxTools
- application version: 4.26.1.1109
- metric collection url: https://client-log.box.com/index.php?rm=box_gen204_json_record
- metric data path: C:\Users\pcedillo\AppData\Local\Box\Box Tools\Metrics\BoxTools_Metrics.db
- post callback: 059C2E1E
- log callback: 059C2E46
- context: 00000000
- post interval in seconds: 600
- max records in a post: 100
- max db records: 500
- disable sender: true
[2024-11-22 06:13:42,978] [31   ] [INFO ] [] - Shutting down the metrics collector
[2024-11-22 06:23:43,023] [30   ] [INFO ] [] - Initializing the metrics collector
[2024-11-22 06:23:43,039] [30   ] [INFO ] [] - MetricsCollector::Sender(49): _disableSentMetrics 1
[2024-11-22 06:23:43,039] [30   ] [INFO ] [] - MetricsCollector::Initialize(231): Initialized metrics collector
- session id: 4b65b0eb-8b86-46ee-b4dd-4338d4f1fd2c
- device id: 4ca35884-a93a-48fc-ad16-80b2a90aa32e
- application id: Box Tools Win exe
- application name: BoxTools
- application version: 4.26.1.1109
- metric collection url: https://client-log.box.com/index.php?rm=box_gen204_json_record
- metric data path: C:\Users\pcedillo\AppData\Local\Box\Box Tools\Metrics\BoxTools_Metrics.db
- post callback: 059C2E1E
- log callback: 059C2E46
- context: 00000000
- post interval in seconds: 600
- max records in a post: 100
- max db records: 500
- disable sender: true
[2024-11-22 06:23:43,054] [30   ] [INFO ] [] - Shutting down the metrics collector
[2024-11-22 06:33:42,911] [32   ] [INFO ] [] - Initializing the metrics collector
[2024-11-22 06:33:42,911] [32   ] [INFO ] [] - MetricsCollector::Sender(49): _disableSentMetrics 1
[2024-11-22 06:33:42,911] [32   ] [INFO ] [] - MetricsCollector::Initialize(231): Initialized metrics collector
- session id: 4b65b0eb-8b86-46ee-b4dd-4338d4f1fd2c
- device id: 4ca35884-a93a-48fc-ad16-80b2a90aa32e
- application id: Box Tools Win exe
- application name: BoxTools
- application version: 4.26.1.1109
- metric collection url: https://client-log.box.com/index.php?rm=box_gen204_json_record
- metric data path: C:\Users\pcedillo\AppData\Local\Box\Box Tools\Metrics\BoxTools_Metrics.db
- post callback: 059C2E1E
- log callback: 059C2E46
- context: 00000000
- post interval in seconds: 600
- max records in a post: 100
- max db records: 500
- disable sender: true
[2024-11-22 06:33:42,929] [32   ] [INFO ] [] - Shutting down the metrics collector
[2024-11-22 06:43:42,885] [25   ] [INFO ] [] - Initializing the metrics collector
[2024-11-22 06:43:42,887] [25   ] [INFO ] [] - MetricsCollector::Sender(49): _disableSentMetrics 1
[2024-11-22 06:43:42,887] [25   ] [INFO ] [] - MetricsCollector::Initialize(231): Initialized metrics collector
- session id: 4b65b0eb-8b86-46ee-b4dd-4338d4f1fd2c
- device id: 4ca35884-a93a-48fc-ad16-80b2a90aa32e
- application id: Box Tools Win exe
- application name: BoxTools
- application version: 4.26.1.1109
- metric collection url: https://client-log.box.com/index.php?rm=box_gen204_json_record
- metric data path: C:\Users\pcedillo\AppData\Local\Box\Box Tools\Metrics\BoxTools_Metrics.db
- post callback: 059C2E1E
- log callback: 059C2E46
- context: 00000000
- post interval in seconds: 600
- max records in a post: 100
- max db records: 500
- disable sender: true
[2024-11-22 06:43:42,897] [25   ] [INFO ] [] - Shutting down the metrics collector
[2024-11-22 06:53:42,905] [5    ] [INFO ] [] - Initializing the metrics collector
[2024-11-22 06:53:42,905] [5    ] [INFO ] [] - MetricsCollector::Sender(49): _disableSentMetrics 1
[2024-11-22 06:53:42,905] [5    ] [INFO ] [] - MetricsCollector::Initialize(231): Initialized metrics collector
- session id: 4b65b0eb-8b86-46ee-b4dd-4338d4f1fd2c
- device id: 4ca35884-a93a-48fc-ad16-80b2a90aa32e
- application id: Box Tools Win exe
- application name: BoxTools
- application version: 4.26.1.1109
- metric collection url: https://client-log.box.com/index.php?rm=box_gen204_json_record
- metric data path: C:\Users\pcedillo\AppData\Local\Box\Box Tools\Metrics\BoxTools_Metrics.db
- post callback: 059C2E1E
- log callback: 059C2E46
- context: 00000000
- post interval in seconds: 600
- max records in a post: 100
- max db records: 500
- disable sender: true
[2024-11-22 06:53:42,922] [5    ] [INFO ] [] - Shutting down the metrics collector
[2024-11-22 07:03:42,914] [7    ] [INFO ] [] - Initializing the metrics collector
[2024-11-22 07:03:42,916] [7    ] [INFO ] [] - MetricsCollector::Sender(49): _disableSentMetrics 1
[2024-11-22 07:03:42,916] [7    ] [INFO ] [] - MetricsCollector::Initialize(231): Initialized metrics collector
- session id: 4b65b0eb-8b86-46ee-b4dd-4338d4f1fd2c
- device id: 4ca35884-a93a-48fc-ad16-80b2a90aa32e
- application id: Box Tools Win exe
- application name: BoxTools
- application version: 4.26.1.1109
- metric collection url: https://client-log.box.com/index.php?rm=box_gen204_json_record
- metric data path: C:\Users\pcedillo\AppData\Local\Box\Box Tools\Metrics\BoxTools_Metrics.db
- post callback: 059C2E1E
- log callback: 059C2E46
- context: 00000000
- post interval in seconds: 600
- max records in a post: 100
- max db records: 500
- disable sender: true
[2024-11-22 07:03:42,916] [7    ] [INFO ] [] - Shutting down the metrics collector
[2024-11-22 07:13:42,808] [3    ] [INFO ] [] - Initializing the metrics collector
[2024-11-22 07:13:42,808] [3    ] [INFO ] [] - MetricsCollector::Sender(49): _disableSentMetrics 1
[2024-11-22 07:13:42,808] [3    ] [INFO ] [] - MetricsCollector::Initialize(231): Initialized metrics collector
- session id: 4b65b0eb-8b86-46ee-b4dd-4338d4f1fd2c
- device id: 4ca35884-a93a-48fc-ad16-80b2a90aa32e
- application id: Box Tools Win exe
- application name: BoxTools
- application version: 4.26.1.1109
- metric collection url: https://client-log.box.com/index.php?rm=box_gen204_json_record
- metric data path: C:\Users\pcedillo\AppData\Local\Box\Box Tools\Metrics\BoxTools_Metrics.db
- post callback: 059C2E1E
- log callback: 059C2E46
- context: 00000000
- post interval in seconds: 600
- max records in a post: 100
- max db records: 500
- disable sender: true
[2024-11-22 07:13:42,824] [3    ] [INFO ] [] - Shutting down the metrics collector
[2024-11-22 07:23:42,803] [22   ] [INFO ] [] - Initializing the metrics collector
[2024-11-22 07:23:42,803] [22   ] [INFO ] [] - MetricsCollector::Sender(49): _disableSentMetrics 1
[2024-11-22 07:23:42,803] [22   ] [INFO ] [] - MetricsCollector::Initialize(231): Initialized metrics collector
- session id: 4b65b0eb-8b86-46ee-b4dd-4338d4f1fd2c
- device id: 4ca35884-a93a-48fc-ad16-80b2a90aa32e
- application id: Box Tools Win exe
- application name: BoxTools
- application version: 4.26.1.1109
- metric collection url: https://client-log.box.com/index.php?rm=box_gen204_json_record
- metric data path: C:\Users\pcedillo\AppData\Local\Box\Box Tools\Metrics\BoxTools_Metrics.db
- post callback: 059C2E1E
- log callback: 059C2E46
- context: 00000000
- post interval in seconds: 600
- max records in a post: 100
- max db records: 500
- disable sender: true
[2024-11-22 07:23:42,822] [22   ] [INFO ] [] - Shutting down the metrics collector
[2024-11-22 07:33:42,828] [21   ] [INFO ] [] - Initializing the metrics collector
[2024-11-22 07:33:42,828] [21   ] [INFO ] [] - MetricsCollector::Sender(49): _disableSentMetrics 1
[2024-11-22 07:33:42,828] [21   ] [INFO ] [] - MetricsCollector::Initialize(231): Initialized metrics collector
- session id: 4b65b0eb-8b86-46ee-b4dd-4338d4f1fd2c
- device id: 4ca35884-a93a-48fc-ad16-80b2a90aa32e
- application id: Box Tools Win exe
- application name: BoxTools
- application version: 4.26.1.1109
- metric collection url: https://client-log.box.com/index.php?rm=box_gen204_json_record
- metric data path: C:\Users\pcedillo\AppData\Local\Box\Box Tools\Metrics\BoxTools_Metrics.db
- post callback: 059C2E1E
- log callback: 059C2E46
- context: 00000000
- post interval in seconds: 600
- max records in a post: 100
- max db records: 500
- disable sender: true
[2024-11-22 07:33:42,854] [21   ] [INFO ] [] - Shutting down the metrics collector
[2024-11-22 07:43:42,759] [19   ] [INFO ] [] - Initializing the metrics collector
[2024-11-22 07:43:42,759] [19   ] [INFO ] [] - MetricsCollector::Sender(49): _disableSentMetrics 1
[2024-11-22 07:43:42,759] [19   ] [INFO ] [] - MetricsCollector::Initialize(231): Initialized metrics collector
- session id: 4b65b0eb-8b86-46ee-b4dd-4338d4f1fd2c
- device id: 4ca35884-a93a-48fc-ad16-80b2a90aa32e
- application id: Box Tools Win exe
- application name: BoxTools
- application version: 4.26.1.1109
- metric collection url: https://client-log.box.com/index.php?rm=box_gen204_json_record
- metric data path: C:\Users\pcedillo\AppData\Local\Box\Box Tools\Metrics\BoxTools_Metrics.db
- post callback: 059C2E1E
- log callback: 059C2E46
- context: 00000000
- post interval in seconds: 600
- max records in a post: 100
- max db records: 500
- disable sender: true
[2024-11-22 07:43:42,775] [19   ] [INFO ] [] - Shutting down the metrics collector
[2024-11-22 07:53:42,701] [37   ] [INFO ] [] - Initializing the metrics collector
[2024-11-22 07:53:42,701] [37   ] [INFO ] [] - MetricsCollector::Sender(49): _disableSentMetrics 1
[2024-11-22 07:53:42,701] [37   ] [INFO ] [] - MetricsCollector::Initialize(231): Initialized metrics collector
- session id: 4b65b0eb-8b86-46ee-b4dd-4338d4f1fd2c
- device id: 4ca35884-a93a-48fc-ad16-80b2a90aa32e
- application id: Box Tools Win exe
- application name: BoxTools
- application version: 4.26.1.1109
- metric collection url: https://client-log.box.com/index.php?rm=box_gen204_json_record
- metric data path: C:\Users\pcedillo\AppData\Local\Box\Box Tools\Metrics\BoxTools_Metrics.db
- post callback: 059C2E1E
- log callback: 059C2E46
- context: 00000000
- post interval in seconds: 600
- max records in a post: 100
- max db records: 500
- disable sender: true
[2024-11-22 07:53:42,717] [37   ] [INFO ] [] - Shutting down the metrics collector
[2024-11-22 08:03:42,698] [17   ] [INFO ] [] - Initializing the metrics collector
[2024-11-22 08:03:42,698] [17   ] [INFO ] [] - MetricsCollector::Sender(49): _disableSentMetrics 1
[2024-11-22 08:03:42,698] [17   ] [INFO ] [] - MetricsCollector::Initialize(231): Initialized metrics collector
- session id: 4b65b0eb-8b86-46ee-b4dd-4338d4f1fd2c
- device id: 4ca35884-a93a-48fc-ad16-80b2a90aa32e
- application id: Box Tools Win exe
- application name: BoxTools
- application version: 4.26.1.1109
- metric collection url: https://client-log.box.com/index.php?rm=box_gen204_json_record
- metric data path: C:\Users\pcedillo\AppData\Local\Box\Box Tools\Metrics\BoxTools_Metrics.db
- post callback: 059C2E1E
- log callback: 059C2E46
- context: 00000000
- post interval in seconds: 600
- max records in a post: 100
- max db records: 500
- disable sender: true
[2024-11-22 08:03:42,715] [17   ] [INFO ] [] - Shutting down the metrics collector
[2024-11-22 08:13:42,688] [35   ] [INFO ] [] - Initializing the metrics collector
[2024-11-22 08:13:42,688] [35   ] [INFO ] [] - MetricsCollector::Sender(49): _disableSentMetrics 1
[2024-11-22 08:13:42,688] [35   ] [INFO ] [] - MetricsCollector::Initialize(231): Initialized metrics collector
- session id: 4b65b0eb-8b86-46ee-b4dd-4338d4f1fd2c
- device id: 4ca35884-a93a-48fc-ad16-80b2a90aa32e
- application id: Box Tools Win exe
- application name: BoxTools
- application version: 4.26.1.1109
- metric collection url: https://client-log.box.com/index.php?rm=box_gen204_json_record
- metric data path: C:\Users\pcedillo\AppData\Local\Box\Box Tools\Metrics\BoxTools_Metrics.db
- post callback: 059C2E1E
- log callback: 059C2E46
- context: 00000000
- post interval in seconds: 600
- max records in a post: 100
- max db records: 500
- disable sender: true
[2024-11-22 08:13:42,704] [35   ] [INFO ] [] - Shutting down the metrics collector
[2024-11-22 08:23:42,589] [38   ] [INFO ] [] - Initializing the metrics collector
[2024-11-22 08:23:42,589] [38   ] [INFO ] [] - MetricsCollector::Sender(49): _disableSentMetrics 1
[2024-11-22 08:23:42,589] [38   ] [INFO ] [] - MetricsCollector::Initialize(231): Initialized metrics collector
- session id: 4b65b0eb-8b86-46ee-b4dd-4338d4f1fd2c
- device id: 4ca35884-a93a-48fc-ad16-80b2a90aa32e
- application id: Box Tools Win exe
- application name: BoxTools
- application version: 4.26.1.1109
- metric collection url: https://client-log.box.com/index.php?rm=box_gen204_json_record
- metric data path: C:\Users\pcedillo\AppData\Local\Box\Box Tools\Metrics\BoxTools_Metrics.db
- post callback: 059C2E1E
- log callback: 059C2E46
- context: 00000000
- post interval in seconds: 600
- max records in a post: 100
- max db records: 500
- disable sender: true
[2024-11-22 08:23:42,608] [38   ] [INFO ] [] - Shutting down the metrics collector
[2024-11-22 08:33:42,568] [47   ] [INFO ] [] - Initializing the metrics collector
[2024-11-22 08:33:42,568] [47   ] [INFO ] [] - MetricsCollector::Sender(49): _disableSentMetrics 1
[2024-11-22 08:33:42,568] [47   ] [INFO ] [] - MetricsCollector::Initialize(231): Initialized metrics collector
- session id: 4b65b0eb-8b86-46ee-b4dd-4338d4f1fd2c
- device id: 4ca35884-a93a-48fc-ad16-80b2a90aa32e
- application id: Box Tools Win exe
- application name: BoxTools
- application version: 4.26.1.1109
- metric collection url: https://client-log.box.com/index.php?rm=box_gen204_json_record
- metric data path: C:\Users\pcedillo\AppData\Local\Box\Box Tools\Metrics\BoxTools_Metrics.db
- post callback: 059C2E1E
- log callback: 059C2E46
- context: 00000000
- post interval in seconds: 600
- max records in a post: 100
- max db records: 500
- disable sender: true
[2024-11-22 08:33:42,584] [47   ] [INFO ] [] - Shutting down the metrics collector
[2024-11-22 08:43:42,602] [46   ] [INFO ] [] - Initializing the metrics collector
[2024-11-22 08:43:42,605] [46   ] [INFO ] [] - MetricsCollector::Sender(49): _disableSentMetrics 1
[2024-11-22 08:43:42,605] [46   ] [INFO ] [] - MetricsCollector::Initialize(231): Initialized metrics collector
- session id: 4b65b0eb-8b86-46ee-b4dd-4338d4f1fd2c
- device id: 4ca35884-a93a-48fc-ad16-80b2a90aa32e
- application id: Box Tools Win exe
- application name: BoxTools
- application version: 4.26.1.1109
- metric collection url: https://client-log.box.com/index.php?rm=box_gen204_json_record
- metric data path: C:\Users\pcedillo\AppData\Local\Box\Box Tools\Metrics\BoxTools_Metrics.db
- post callback: 059C2E1E
- log callback: 059C2E46
- context: 00000000
- post interval in seconds: 600
- max records in a post: 100
- max db records: 500
- disable sender: true
[2024-11-22 08:43:42,614] [46   ] [INFO ] [] - Shutting down the metrics collector
[2024-11-22 08:53:42,641] [35   ] [INFO ] [] - Initializing the metrics collector
[2024-11-22 08:53:42,643] [35   ] [INFO ] [] - MetricsCollector::Sender(49): _disableSentMetrics 1
[2024-11-22 08:53:42,643] [35   ] [INFO ] [] - MetricsCollector::Initialize(231): Initialized metrics collector
- session id: 4b65b0eb-8b86-46ee-b4dd-4338d4f1fd2c
- device id: 4ca35884-a93a-48fc-ad16-80b2a90aa32e
- application id: Box Tools Win exe
- application name: BoxTools
- application version: 4.26.1.1109
- metric collection url: https://client-log.box.com/index.php?rm=box_gen204_json_record
- metric data path: C:\Users\pcedillo\AppData\Local\Box\Box Tools\Metrics\BoxTools_Metrics.db
- post callback: 059C2E1E
- log callback: 059C2E46
- context: 00000000
- post interval in seconds: 600
- max records in a post: 100
- max db records: 500
- disable sender: true
[2024-11-22 08:53:42,657] [35   ] [INFO ] [] - Shutting down the metrics collector
[2024-11-22 09:03:42,682] [36   ] [INFO ] [] - Initializing the metrics collector
[2024-11-22 09:03:42,682] [36   ] [INFO ] [] - MetricsCollector::Sender(49): _disableSentMetrics 1
[2024-11-22 09:03:42,682] [36   ] [INFO ] [] - MetricsCollector::Initialize(231): Initialized metrics collector
- session id: 4b65b0eb-8b86-46ee-b4dd-4338d4f1fd2c
- device id: 4ca35884-a93a-48fc-ad16-80b2a90aa32e
- application id: Box Tools Win exe
- application name: BoxTools
- application version: 4.26.1.1109
- metric collection url: https://client-log.box.com/index.php?rm=box_gen204_json_record
- metric data path: C:\Users\pcedillo\AppData\Local\Box\Box Tools\Metrics\BoxTools_Metrics.db
- post callback: 059C2E1E
- log callback: 059C2E46
- context: 00000000
- post interval in seconds: 600
- max records in a post: 100
- max db records: 500
- disable sender: true
[2024-11-22 09:03:42,698] [36   ] [INFO ] [] - Shutting down the metrics collector
[2024-11-22 09:13:42,743] [35   ] [INFO ] [] - Initializing the metrics collector
[2024-11-22 09:13:42,747] [35   ] [INFO ] [] - MetricsCollector::Sender(49): _disableSentMetrics 1
[2024-11-22 09:13:42,747] [35   ] [INFO ] [] - MetricsCollector::Initialize(231): Initialized metrics collector
- session id: 4b65b0eb-8b86-46ee-b4dd-4338d4f1fd2c
- device id: 4ca35884-a93a-48fc-ad16-80b2a90aa32e
- application id: Box Tools Win exe
- application name: BoxTools
- application version: 4.26.1.1109
- metric collection url: https://client-log.box.com/index.php?rm=box_gen204_json_record
- metric data path: C:\Users\pcedillo\AppData\Local\Box\Box Tools\Metrics\BoxTools_Metrics.db
- post callback: 059C2E1E
- log callback: 059C2E46
- context: 00000000
- post interval in seconds: 600
- max records in a post: 100
- max db records: 500
- disable sender: true
[2024-11-22 09:13:42,754] [35   ] [INFO ] [] - Shutting down the metrics collector
[2024-11-22 09:23:42,637] [38   ] [INFO ] [] - Initializing the metrics collector
[2024-11-22 09:23:42,637] [38   ] [INFO ] [] - MetricsCollector::Sender(49): _disableSentMetrics 1
[2024-11-22 09:23:42,637] [38   ] [INFO ] [] - MetricsCollector::Initialize(231): Initialized metrics collector
- session id: 4b65b0eb-8b86-46ee-b4dd-4338d4f1fd2c
- device id: 4ca35884-a93a-48fc-ad16-80b2a90aa32e
- application id: Box Tools Win exe
- application name: BoxTools
- application version: 4.26.1.1109
- metric collection url: https://client-log.box.com/index.php?rm=box_gen204_json_record
- metric data path: C:\Users\pcedillo\AppData\Local\Box\Box Tools\Metrics\BoxTools_Metrics.db
- post callback: 059C2E1E
- log callback: 059C2E46
- context: 00000000
- post interval in seconds: 600
- max records in a post: 100
- max db records: 500
- disable sender: true
[2024-11-22 09:23:42,653] [38   ] [INFO ] [] - Shutting down the metrics collector
[2024-11-22 09:33:42,458] [50   ] [INFO ] [] - Initializing the metrics collector
[2024-11-22 09:33:42,460] [50   ] [INFO ] [] - MetricsCollector::Sender(49): _disableSentMetrics 1
[2024-11-22 09:33:42,460] [50   ] [INFO ] [] - MetricsCollector::Initialize(231): Initialized metrics collector
- session id: 4b65b0eb-8b86-46ee-b4dd-4338d4f1fd2c
- device id: 4ca35884-a93a-48fc-ad16-80b2a90aa32e
- application id: Box Tools Win exe
- application name: BoxTools
- application version: 4.26.1.1109
- metric collection url: https://client-log.box.com/index.php?rm=box_gen204_json_record
- metric data path: C:\Users\pcedillo\AppData\Local\Box\Box Tools\Metrics\BoxTools_Metrics.db
- post callback: 059C2E1E
- log callback: 059C2E46
- context: 00000000
- post interval in seconds: 600
- max records in a post: 100
- max db records: 500
- disable sender: true
[2024-11-22 09:33:42,476] [50   ] [INFO ] [] - Shutting down the metrics collector
[2024-11-22 09:43:42,385] [28   ] [INFO ] [] - Initializing the metrics collector
[2024-11-22 09:43:42,388] [28   ] [INFO ] [] - MetricsCollector::Sender(49): _disableSentMetrics 1
[2024-11-22 09:43:42,388] [28   ] [INFO ] [] - MetricsCollector::Initialize(231): Initialized metrics collector
- session id: 4b65b0eb-8b86-46ee-b4dd-4338d4f1fd2c
- device id: 4ca35884-a93a-48fc-ad16-80b2a90aa32e
- application id: Box Tools Win exe
- application name: BoxTools
- application version: 4.26.1.1109
- metric collection url: https://client-log.box.com/index.php?rm=box_gen204_json_record
- metric data path: C:\Users\pcedillo\AppData\Local\Box\Box Tools\Metrics\BoxTools_Metrics.db
- post callback: 059C2E1E
- log callback: 059C2E46
- context: 00000000
- post interval in seconds: 600
- max records in a post: 100
- max db records: 500
- disable sender: true
[2024-11-22 09:43:42,388] [28   ] [INFO ] [] - Shutting down the metrics collector
[2024-11-22 09:53:42,385] [47   ] [INFO ] [] - Initializing the metrics collector
[2024-11-22 09:53:42,385] [47   ] [INFO ] [] - MetricsCollector::Sender(49): _disableSentMetrics 1
[2024-11-22 09:53:42,385] [47   ] [INFO ] [] - MetricsCollector::Initialize(231): Initialized metrics collector
- session id: 4b65b0eb-8b86-46ee-b4dd-4338d4f1fd2c
- device id: 4ca35884-a93a-48fc-ad16-80b2a90aa32e
- application id: Box Tools Win exe
- application name: BoxTools
- application version: 4.26.1.1109
- metric collection url: https://client-log.box.com/index.php?rm=box_gen204_json_record
- metric data path: C:\Users\pcedillo\AppData\Local\Box\Box Tools\Metrics\BoxTools_Metrics.db
- post callback: 059C2E1E
- log callback: 059C2E46
- context: 00000000
- post interval in seconds: 600
- max records in a post: 100
- max db records: 500
- disable sender: true
[2024-11-22 09:53:42,401] [47   ] [INFO ] [] - Shutting down the metrics collector
[2024-11-22 10:03:42,406] [17   ] [INFO ] [] - Initializing the metrics collector
[2024-11-22 10:03:42,406] [17   ] [INFO ] [] - MetricsCollector::Sender(49): _disableSentMetrics 1
[2024-11-22 10:03:42,406] [17   ] [INFO ] [] - MetricsCollector::Initialize(231): Initialized metrics collector
- session id: 4b65b0eb-8b86-46ee-b4dd-4338d4f1fd2c
- device id: 4ca35884-a93a-48fc-ad16-80b2a90aa32e
- application id: Box Tools Win exe
- application name: BoxTools
- application version: 4.26.1.1109
- metric collection url: https://client-log.box.com/index.php?rm=box_gen204_json_record
- metric data path: C:\Users\pcedillo\AppData\Local\Box\Box Tools\Metrics\BoxTools_Metrics.db
- post callback: 059C2E1E
- log callback: 059C2E46
- context: 00000000
- post interval in seconds: 600
- max records in a post: 100
- max db records: 500
- disable sender: true
[2024-11-22 10:03:42,422] [17   ] [INFO ] [] - Shutting down the metrics collector
[2024-11-22 10:13:42,436] [37   ] [INFO ] [] - Initializing the metrics collector
[2024-11-22 10:13:42,436] [37   ] [INFO ] [] - MetricsCollector::Sender(49): _disableSentMetrics 1
[2024-11-22 10:13:42,436] [37   ] [INFO ] [] - MetricsCollector::Initialize(231): Initialized metrics collector
- session id: 4b65b0eb-8b86-46ee-b4dd-4338d4f1fd2c
- device id: 4ca35884-a93a-48fc-ad16-80b2a90aa32e
- application id: Box Tools Win exe
- application name: BoxTools
- application version: 4.26.1.1109
- metric collection url: https://client-log.box.com/index.php?rm=box_gen204_json_record
- metric data path: C:\Users\pcedillo\AppData\Local\Box\Box Tools\Metrics\BoxTools_Metrics.db
- post callback: 059C2E1E
- log callback: 059C2E46
- context: 00000000
- post interval in seconds: 600
- max records in a post: 100
- max db records: 500
- disable sender: true
[2024-11-22 10:13:42,456] [37   ] [INFO ] [] - Shutting down the metrics collector
[2024-11-22 10:23:42,492] [18   ] [INFO ] [] - Initializing the metrics collector
[2024-11-22 10:23:42,503] [18   ] [INFO ] [] - MetricsCollector::Sender(49): _disableSentMetrics 1
[2024-11-22 10:23:42,503] [18   ] [INFO ] [] - MetricsCollector::Initialize(231): Initialized metrics collector
- session id: 4b65b0eb-8b86-46ee-b4dd-4338d4f1fd2c
- device id: 4ca35884-a93a-48fc-ad16-80b2a90aa32e
- application id: Box Tools Win exe
- application name: BoxTools
- application version: 4.26.1.1109
- metric collection url: https://client-log.box.com/index.php?rm=box_gen204_json_record
- metric data path: C:\Users\pcedillo\AppData\Local\Box\Box Tools\Metrics\BoxTools_Metrics.db
- post callback: 059C2E1E
- log callback: 059C2E46
- context: 00000000
- post interval in seconds: 600
- max records in a post: 100
- max db records: 500
- disable sender: true
[2024-11-22 10:23:42,514] [18   ] [INFO ] [] - Shutting down the metrics collector
[2024-11-22 10:33:42,333] [46   ] [INFO ] [] - Initializing the metrics collector
[2024-11-22 10:33:42,339] [46   ] [INFO ] [] - MetricsCollector::Sender(49): _disableSentMetrics 1
[2024-11-22 10:33:42,339] [46   ] [INFO ] [] - MetricsCollector::Initialize(231): Initialized metrics collector
- session id: 4b65b0eb-8b86-46ee-b4dd-4338d4f1fd2c
- device id: 4ca35884-a93a-48fc-ad16-80b2a90aa32e
- application id: Box Tools Win exe
- application name: BoxTools
- application version: 4.26.1.1109
- metric collection url: https://client-log.box.com/index.php?rm=box_gen204_json_record
- metric data path: C:\Users\pcedillo\AppData\Local\Box\Box Tools\Metrics\BoxTools_Metrics.db
- post callback: 059C2E1E
- log callback: 059C2E46
- context: 00000000
- post interval in seconds: 600
- max records in a post: 100
- max db records: 500
- disable sender: true
[2024-11-22 10:33:42,343] [46   ] [INFO ] [] - Shutting down the metrics collector
[2024-11-22 10:43:42,180] [19   ] [INFO ] [] - Initializing the metrics collector
[2024-11-22 10:43:42,180] [19   ] [INFO ] [] - MetricsCollector::Sender(49): _disableSentMetrics 1
[2024-11-22 10:43:42,180] [19   ] [INFO ] [] - MetricsCollector::Initialize(231): Initialized metrics collector
- session id: 4b65b0eb-8b86-46ee-b4dd-4338d4f1fd2c
- device id: 4ca35884-a93a-48fc-ad16-80b2a90aa32e
- application id: Box Tools Win exe
- application name: BoxTools
- application version: 4.26.1.1109
- metric collection url: https://client-log.box.com/index.php?rm=box_gen204_json_record
- metric data path: C:\Users\pcedillo\AppData\Local\Box\Box Tools\Metrics\BoxTools_Metrics.db
- post callback: 059C2E1E
- log callback: 059C2E46
- context: 00000000
- post interval in seconds: 600
- max records in a post: 100
- max db records: 500
- disable sender: true
[2024-11-22 10:43:42,200] [19   ] [INFO ] [] - Shutting down the metrics collector
[2024-11-22 10:53:42,132] [26   ] [INFO ] [] - Initializing the metrics collector
[2024-11-22 10:53:42,135] [26   ] [INFO ] [] - MetricsCollector::Sender(49): _disableSentMetrics 1
[2024-11-22 10:53:42,135] [26   ] [INFO ] [] - MetricsCollector::Initialize(231): Initialized metrics collector
- session id: 4b65b0eb-8b86-46ee-b4dd-4338d4f1fd2c
- device id: 4ca35884-a93a-48fc-ad16-80b2a90aa32e
- application id: Box Tools Win exe
- application name: BoxTools
- application version: 4.26.1.1109
- metric collection url: https://client-log.box.com/index.php?rm=box_gen204_json_record
- metric data path: C:\Users\pcedillo\AppData\Local\Box\Box Tools\Metrics\BoxTools_Metrics.db
- post callback: 059C2E1E
- log callback: 059C2E46
- context: 00000000
- post interval in seconds: 600
- max records in a post: 100
- max db records: 500
- disable sender: true
[2024-11-22 10:53:42,141] [26   ] [INFO ] [] - Shutting down the metrics collector
[2024-11-22 11:03:42,118] [21   ] [INFO ] [] - Initializing the metrics collector
[2024-11-22 11:03:42,118] [21   ] [INFO ] [] - MetricsCollector::Sender(49): _disableSentMetrics 1
[2024-11-22 11:03:42,118] [21   ] [INFO ] [] - MetricsCollector::Initialize(231): Initialized metrics collector
- session id: 4b65b0eb-8b86-46ee-b4dd-4338d4f1fd2c
- device id: 4ca35884-a93a-48fc-ad16-80b2a90aa32e
- application id: Box Tools Win exe
- application name: BoxTools
- application version: 4.26.1.1109
- metric collection url: https://client-log.box.com/index.php?rm=box_gen204_json_record
- metric data path: C:\Users\pcedillo\AppData\Local\Box\Box Tools\Metrics\BoxTools_Metrics.db
- post callback: 059C2E1E
- log callback: 059C2E46
- context: 00000000
- post interval in seconds: 600
- max records in a post: 100
- max db records: 500
- disable sender: true
[2024-11-22 11:03:42,134] [21   ] [INFO ] [] - Shutting down the metrics collector
[2024-11-22 11:13:42,145] [23   ] [INFO ] [] - Initializing the metrics collector
[2024-11-22 11:13:42,155] [23   ] [INFO ] [] - MetricsCollector::Sender(49): _disableSentMetrics 1
[2024-11-22 11:13:42,155] [23   ] [INFO ] [] - MetricsCollector::Initialize(231): Initialized metrics collector
- session id: 4b65b0eb-8b86-46ee-b4dd-4338d4f1fd2c
- device id: 4ca35884-a93a-48fc-ad16-80b2a90aa32e
- application id: Box Tools Win exe
- application name: BoxTools
- application version: 4.26.1.1109
- metric collection url: https://client-log.box.com/index.php?rm=box_gen204_json_record
- metric data path: C:\Users\pcedillo\AppData\Local\Box\Box Tools\Metrics\BoxTools_Metrics.db
- post callback: 059C2E1E
- log callback: 059C2E46
- context: 00000000
- post interval in seconds: 600
- max records in a post: 100
- max db records: 500
- disable sender: true
[2024-11-22 11:13:42,161] [23   ] [INFO ] [] - Shutting down the metrics collector
[2024-11-22 11:23:42,165] [22   ] [INFO ] [] - Initializing the metrics collector
[2024-11-22 11:23:42,171] [22   ] [INFO ] [] - MetricsCollector::Sender(49): _disableSentMetrics 1
[2024-11-22 11:23:42,171] [22   ] [INFO ] [] - MetricsCollector::Initialize(231): Initialized metrics collector
- session id: 4b65b0eb-8b86-46ee-b4dd-4338d4f1fd2c
- device id: 4ca35884-a93a-48fc-ad16-80b2a90aa32e
- application id: Box Tools Win exe
- application name: BoxTools
- application version: 4.26.1.1109
- metric collection url: https://client-log.box.com/index.php?rm=box_gen204_json_record
- metric data path: C:\Users\pcedillo\AppData\Local\Box\Box Tools\Metrics\BoxTools_Metrics.db
- post callback: 059C2E1E
- log callback: 059C2E46
- context: 00000000
- post interval in seconds: 600
- max records in a post: 100
- max db records: 500
- disable sender: true
[2024-11-22 11:23:42,176] [22   ] [INFO ] [] - Shutting down the metrics collector
[2024-11-22 11:33:42,201] [27   ] [INFO ] [] - Initializing the metrics collector
[2024-11-22 11:33:42,201] [27   ] [INFO ] [] - MetricsCollector::Sender(49): _disableSentMetrics 1
[2024-11-22 11:33:42,201] [27   ] [INFO ] [] - MetricsCollector::Initialize(231): Initialized metrics collector
- session id: 4b65b0eb-8b86-46ee-b4dd-4338d4f1fd2c
- device id: 4ca35884-a93a-48fc-ad16-80b2a90aa32e
- application id: Box Tools Win exe
- application name: BoxTools
- application version: 4.26.1.1109
- metric collection url: https://client-log.box.com/index.php?rm=box_gen204_json_record
- metric data path: C:\Users\pcedillo\AppData\Local\Box\Box Tools\Metrics\BoxTools_Metrics.db
- post callback: 059C2E1E
- log callback: 059C2E46
- context: 00000000
- post interval in seconds: 600
- max records in a post: 100
- max db records: 500
- disable sender: true
[2024-11-22 11:33:42,222] [27   ] [INFO ] [] - Shutting down the metrics collector
[2024-11-22 11:43:42,057] [24   ] [INFO ] [] - Initializing the metrics collector
[2024-11-22 11:43:42,061] [24   ] [INFO ] [] - MetricsCollector::Sender(49): _disableSentMetrics 1
[2024-11-22 11:43:42,061] [24   ] [INFO ] [] - MetricsCollector::Initialize(231): Initialized metrics collector
- session id: 4b65b0eb-8b86-46ee-b4dd-4338d4f1fd2c
- device id: 4ca35884-a93a-48fc-ad16-80b2a90aa32e
- application id: Box Tools Win exe
- application name: BoxTools
- application version: 4.26.1.1109
- metric collection url: https://client-log.box.com/index.php?rm=box_gen204_json_record
- metric data path: C:\Users\pcedillo\AppData\Local\Box\Box Tools\Metrics\BoxTools_Metrics.db
- post callback: 059C2E1E
- log callback: 059C2E46
- context: 00000000
- post interval in seconds: 600
- max records in a post: 100
- max db records: 500
- disable sender: true
[2024-11-22 11:43:42,073] [24   ] [INFO ] [] - Shutting down the metrics collector
[2024-11-22 11:53:41,992] [6    ] [INFO ] [] - Initializing the metrics collector
[2024-11-22 11:53:41,993] [6    ] [INFO ] [] - MetricsCollector::Sender(49): _disableSentMetrics 1
[2024-11-22 11:53:41,993] [6    ] [INFO ] [] - MetricsCollector::Initialize(231): Initialized metrics collector
- session id: 4b65b0eb-8b86-46ee-b4dd-4338d4f1fd2c
- device id: 4ca35884-a93a-48fc-ad16-80b2a90aa32e
- application id: Box Tools Win exe
- application name: BoxTools
- application version: 4.26.1.1109
- metric collection url: https://client-log.box.com/index.php?rm=box_gen204_json_record
- metric data path: C:\Users\pcedillo\AppData\Local\Box\Box Tools\Metrics\BoxTools_Metrics.db
- post callback: 059C2E1E
- log callback: 059C2E46
- context: 00000000
- post interval in seconds: 600
- max records in a post: 100
- max db records: 500
- disable sender: true
[2024-11-22 11:53:42,009] [6    ] [INFO ] [] - Shutting down the metrics collector
[2024-11-22 12:03:41,956] [3    ] [INFO ] [] - Initializing the metrics collector
[2024-11-22 12:03:41,967] [3    ] [INFO ] [] - MetricsCollector::Sender(49): _disableSentMetrics 1
[2024-11-22 12:03:41,967] [3    ] [INFO ] [] - MetricsCollector::Initialize(231): Initialized metrics collector
- session id: 4b65b0eb-8b86-46ee-b4dd-4338d4f1fd2c
- device id: 4ca35884-a93a-48fc-ad16-80b2a90aa32e
- application id: Box Tools Win exe
- application name: BoxTools
- application version: 4.26.1.1109
- metric collection url: https://client-log.box.com/index.php?rm=box_gen204_json_record
- metric data path: C:\Users\pcedillo\AppData\Local\Box\Box Tools\Metrics\BoxTools_Metrics.db
- post callback: 059C2E1E
- log callback: 059C2E46
- context: 00000000
- post interval in seconds: 600
- max records in a post: 100
- max db records: 500
- disable sender: true
[2024-11-22 12:03:41,973] [3    ] [INFO ] [] - Shutting down the metrics collector
[2024-11-22 12:13:41,952] [7    ] [INFO ] [] - Initializing the metrics collector
[2024-11-22 12:13:41,952] [7    ] [INFO ] [] - MetricsCollector::Sender(49): _disableSentMetrics 1
[2024-11-22 12:13:41,952] [7    ] [INFO ] [] - MetricsCollector::Initialize(231): Initialized metrics collector
- session id: 4b65b0eb-8b86-46ee-b4dd-4338d4f1fd2c
- device id: 4ca35884-a93a-48fc-ad16-80b2a90aa32e
- application id: Box Tools Win exe
- application name: BoxTools
- application version: 4.26.1.1109
- metric collection url: https://client-log.box.com/index.php?rm=box_gen204_json_record
- metric data path: C:\Users\pcedillo\AppData\Local\Box\Box Tools\Metrics\BoxTools_Metrics.db
- post callback: 059C2E1E
- log callback: 059C2E46
- context: 00000000
- post interval in seconds: 600
- max records in a post: 100
- max db records: 500
- disable sender: true
[2024-11-22 12:13:41,962] [7    ] [INFO ] [] - Shutting down the metrics collector
[2024-11-22 12:23:41,948] [10   ] [INFO ] [] - Initializing the metrics collector
[2024-11-22 12:23:41,948] [10   ] [INFO ] [] - MetricsCollector::Sender(49): _disableSentMetrics 1
[2024-11-22 12:23:41,948] [10   ] [INFO ] [] - MetricsCollector::Initialize(231): Initialized metrics collector
- session id: 4b65b0eb-8b86-46ee-b4dd-4338d4f1fd2c
- device id: 4ca35884-a93a-48fc-ad16-80b2a90aa32e
- application id: Box Tools Win exe
- application name: BoxTools
- application version: 4.26.1.1109
- metric collection url: https://client-log.box.com/index.php?rm=box_gen204_json_record
- metric data path: C:\Users\pcedillo\AppData\Local\Box\Box Tools\Metrics\BoxTools_Metrics.db
- post callback: 059C2E1E
- log callback: 059C2E46
- context: 00000000
- post interval in seconds: 600
- max records in a post: 100
- max db records: 500
- disable sender: true
[2024-11-22 12:23:41,964] [10   ] [INFO ] [] - Shutting down the metrics collector
[2024-11-22 12:33:41,967] [5    ] [INFO ] [] - Initializing the metrics collector
[2024-11-22 12:33:41,967] [5    ] [INFO ] [] - MetricsCollector::Sender(49): _disableSentMetrics 1
[2024-11-22 12:33:41,967] [5    ] [INFO ] [] - MetricsCollector::Initialize(231): Initialized metrics collector
- session id: 4b65b0eb-8b86-46ee-b4dd-4338d4f1fd2c
- device id: 4ca35884-a93a-48fc-ad16-80b2a90aa32e
- application id: Box Tools Win exe
- application name: BoxTools
- application version: 4.26.1.1109
- metric collection url: https://client-log.box.com/index.php?rm=box_gen204_json_record
- metric data path: C:\Users\pcedillo\AppData\Local\Box\Box Tools\Metrics\BoxTools_Metrics.db
- post callback: 059C2E1E
- log callback: 059C2E46
- context: 00000000
- post interval in seconds: 600
- max records in a post: 100
- max db records: 500
- disable sender: true
[2024-11-22 12:33:41,983] [5    ] [INFO ] [] - Shutting down the metrics collector
[2024-11-22 12:43:41,992] [25   ] [INFO ] [] - Initializing the metrics collector
[2024-11-22 12:43:41,992] [25   ] [INFO ] [] - MetricsCollector::Sender(49): _disableSentMetrics 1
[2024-11-22 12:43:41,992] [25   ] [INFO ] [] - MetricsCollector::Initialize(231): Initialized metrics collector
- session id: 4b65b0eb-8b86-46ee-b4dd-4338d4f1fd2c
- device id: 4ca35884-a93a-48fc-ad16-80b2a90aa32e
- application id: Box Tools Win exe
- application name: BoxTools
- application version: 4.26.1.1109
- metric collection url: https://client-log.box.com/index.php?rm=box_gen204_json_record
- metric data path: C:\Users\pcedillo\AppData\Local\Box\Box Tools\Metrics\BoxTools_Metrics.db
- post callback: 059C2E1E
- log callback: 059C2E46
- context: 00000000
- post interval in seconds: 600
- max records in a post: 100
- max db records: 500
- disable sender: true
[2024-11-22 12:43:42,008] [25   ] [INFO ] [] - Shutting down the metrics collector
[2024-11-22 12:53:41,881] [32   ] [INFO ] [] - Initializing the metrics collector
[2024-11-22 12:53:41,881] [32   ] [INFO ] [] - MetricsCollector::Sender(49): _disableSentMetrics 1
[2024-11-22 12:53:41,881] [32   ] [INFO ] [] - MetricsCollector::Initialize(231): Initialized metrics collector
- session id: 4b65b0eb-8b86-46ee-b4dd-4338d4f1fd2c
- device id: 4ca35884-a93a-48fc-ad16-80b2a90aa32e
- application id: Box Tools Win exe
- application name: BoxTools
- application version: 4.26.1.1109
- metric collection url: https://client-log.box.com/index.php?rm=box_gen204_json_record
- metric data path: C:\Users\pcedillo\AppData\Local\Box\Box Tools\Metrics\BoxTools_Metrics.db
- post callback: 059C2E1E
- log callback: 059C2E46
- context: 00000000
- post interval in seconds: 600
- max records in a post: 100
- max db records: 500
- disable sender: true
[2024-11-22 12:53:41,898] [32   ] [INFO ] [] - Shutting down the metrics collector
[2024-11-22 13:03:41,801] [30   ] [INFO ] [] - Initializing the metrics collector
[2024-11-22 13:03:41,801] [30   ] [INFO ] [] - MetricsCollector::Sender(49): _disableSentMetrics 1
[2024-11-22 13:03:41,801] [30   ] [INFO ] [] - MetricsCollector::Initialize(231): Initialized metrics collector
- session id: 4b65b0eb-8b86-46ee-b4dd-4338d4f1fd2c
- device id: 4ca35884-a93a-48fc-ad16-80b2a90aa32e
- application id: Box Tools Win exe
- application name: BoxTools
- application version: 4.26.1.1109
- metric collection url: https://client-log.box.com/index.php?rm=box_gen204_json_record
- metric data path: C:\Users\pcedillo\AppData\Local\Box\Box Tools\Metrics\BoxTools_Metrics.db
- post callback: 059C2E1E
- log callback: 059C2E46
- context: 00000000
- post interval in seconds: 600
- max records in a post: 100
- max db records: 500
- disable sender: true
[2024-11-22 13:03:41,817] [30   ] [INFO ] [] - Shutting down the metrics collector
[2024-11-22 13:13:41,756] [31   ] [INFO ] [] - Initializing the metrics collector
[2024-11-22 13:13:41,756] [31   ] [INFO ] [] - MetricsCollector::Sender(49): _disableSentMetrics 1
[2024-11-22 13:13:41,756] [31   ] [INFO ] [] - MetricsCollector::Initialize(231): Initialized metrics collector
- session id: 4b65b0eb-8b86-46ee-b4dd-4338d4f1fd2c
- device id: 4ca35884-a93a-48fc-ad16-80b2a90aa32e
- application id: Box Tools Win exe
- application name: BoxTools
- application version: 4.26.1.1109
- metric collection url: https://client-log.box.com/index.php?rm=box_gen204_json_record
- metric data path: C:\Users\pcedillo\AppData\Local\Box\Box Tools\Metrics\BoxTools_Metrics.db
- post callback: 059C2E1E
- log callback: 059C2E46
- context: 00000000
- post interval in seconds: 600
- max records in a post: 100
- max db records: 500
- disable sender: true
[2024-11-22 13:13:41,776] [31   ] [INFO ] [] - Shutting down the metrics collector
[2024-11-22 13:23:41,719] [20   ] [INFO ] [] - Initializing the metrics collector
[2024-11-22 13:23:41,719] [20   ] [INFO ] [] - MetricsCollector::Sender(49): _disableSentMetrics 1
[2024-11-22 13:23:41,719] [20   ] [INFO ] [] - MetricsCollector::Initialize(231): Initialized metrics collector
- session id: 4b65b0eb-8b86-46ee-b4dd-4338d4f1fd2c
- device id: 4ca35884-a93a-48fc-ad16-80b2a90aa32e
- application id: Box Tools Win exe
- application name: BoxTools
- application version: 4.26.1.1109
- metric collection url: https://client-log.box.com/index.php?rm=box_gen204_json_record
- metric data path: C:\Users\pcedillo\AppData\Local\Box\Box Tools\Metrics\BoxTools_Metrics.db
- post callback: 059C2E1E
- log callback: 059C2E46
- context: 00000000
- post interval in seconds: 600
- max records in a post: 100
- max db records: 500
- disable sender: true
[2024-11-22 13:23:41,735] [20   ] [INFO ] [] - Shutting down the metrics collector
[2024-11-22 13:33:41,719] [39   ] [INFO ] [] - Initializing the metrics collector
[2024-11-22 13:33:41,719] [39   ] [INFO ] [] - MetricsCollector::Sender(49): _disableSentMetrics 1
[2024-11-22 13:33:41,719] [39   ] [INFO ] [] - MetricsCollector::Initialize(231): Initialized metrics collector
- session id: 4b65b0eb-8b86-46ee-b4dd-4338d4f1fd2c
- device id: 4ca35884-a93a-48fc-ad16-80b2a90aa32e
- application id: Box Tools Win exe
- application name: BoxTools
- application version: 4.26.1.1109
- metric collection url: https://client-log.box.com/index.php?rm=box_gen204_json_record
- metric data path: C:\Users\pcedillo\AppData\Local\Box\Box Tools\Metrics\BoxTools_Metrics.db
- post callback: 059C2E1E
- log callback: 059C2E46
- context: 00000000
- post interval in seconds: 600
- max records in a post: 100
- max db records: 500
- disable sender: true
[2024-11-22 13:33:41,735] [39   ] [INFO ] [] - Shutting down the metrics collector
[2024-11-22 13:43:41,720] [40   ] [INFO ] [] - Initializing the metrics collector
[2024-11-22 13:43:41,720] [40   ] [INFO ] [] - MetricsCollector::Sender(49): _disableSentMetrics 1
[2024-11-22 13:43:41,720] [40   ] [INFO ] [] - MetricsCollector::Initialize(231): Initialized metrics collector
- session id: 4b65b0eb-8b86-46ee-b4dd-4338d4f1fd2c
- device id: 4ca35884-a93a-48fc-ad16-80b2a90aa32e
- application id: Box Tools Win exe
- application name: BoxTools
- application version: 4.26.1.1109
- metric collection url: https://client-log.box.com/index.php?rm=box_gen204_json_record
- metric data path: C:\Users\pcedillo\AppData\Local\Box\Box Tools\Metrics\BoxTools_Metrics.db
- post callback: 059C2E1E
- log callback: 059C2E46
- context: 00000000
- post interval in seconds: 600
- max records in a post: 100
- max db records: 500
- disable sender: true
[2024-11-22 13:43:41,735] [40   ] [INFO ] [] - Shutting down the metrics collector
[2024-11-22 13:53:41,736] [33   ] [INFO ] [] - Initializing the metrics collector
[2024-11-22 13:53:41,744] [33   ] [INFO ] [] - MetricsCollector::Sender(49): _disableSentMetrics 1
[2024-11-22 13:53:41,744] [33   ] [INFO ] [] - MetricsCollector::Initialize(231): Initialized metrics collector
- session id: 4b65b0eb-8b86-46ee-b4dd-4338d4f1fd2c
- device id: 4ca35884-a93a-48fc-ad16-80b2a90aa32e
- application id: Box Tools Win exe
- application name: BoxTools
- application version: 4.26.1.1109
- metric collection url: https://client-log.box.com/index.php?rm=box_gen204_json_record
- metric data path: C:\Users\pcedillo\AppData\Local\Box\Box Tools\Metrics\BoxTools_Metrics.db
- post callback: 059C2E1E
- log callback: 059C2E46
- context: 00000000
- post interval in seconds: 600
- max records in a post: 100
- max db records: 500
- disable sender: true
[2024-11-22 13:53:41,754] [33   ] [INFO ] [] - Shutting down the metrics collector
[2024-11-22 14:03:41,617] [29   ] [INFO ] [] - Initializing the metrics collector
[2024-11-22 14:03:41,617] [29   ] [INFO ] [] - MetricsCollector::Sender(49): _disableSentMetrics 1
[2024-11-22 14:03:41,617] [29   ] [INFO ] [] - MetricsCollector::Initialize(231): Initialized metrics collector
- session id: 4b65b0eb-8b86-46ee-b4dd-4338d4f1fd2c
- device id: 4ca35884-a93a-48fc-ad16-80b2a90aa32e
- application id: Box Tools Win exe
- application name: BoxTools
- application version: 4.26.1.1109
- metric collection url: https://client-log.box.com/index.php?rm=box_gen204_json_record
- metric data path: C:\Users\pcedillo\AppData\Local\Box\Box Tools\Metrics\BoxTools_Metrics.db
- post callback: 059C2E1E
- log callback: 059C2E46
- context: 00000000
- post interval in seconds: 600
- max records in a post: 100
- max db records: 500
- disable sender: true
[2024-11-22 14:03:41,633] [29   ] [INFO ] [] - Shutting down the metrics collector
[2024-11-22 14:13:41,547] [14   ] [INFO ] [] - Initializing the metrics collector
[2024-11-22 14:13:41,551] [14   ] [INFO ] [] - MetricsCollector::Sender(49): _disableSentMetrics 1
[2024-11-22 14:13:41,551] [14   ] [INFO ] [] - MetricsCollector::Initialize(231): Initialized metrics collector
- session id: 4b65b0eb-8b86-46ee-b4dd-4338d4f1fd2c
- device id: 4ca35884-a93a-48fc-ad16-80b2a90aa32e
- application id: Box Tools Win exe
- application name: BoxTools
- application version: 4.26.1.1109
- metric collection url: https://client-log.box.com/index.php?rm=box_gen204_json_record
- metric data path: C:\Users\pcedillo\AppData\Local\Box\Box Tools\Metrics\BoxTools_Metrics.db
- post callback: 059C2E1E
- log callback: 059C2E46
- context: 00000000
- post interval in seconds: 600
- max records in a post: 100
- max db records: 500
- disable sender: true
[2024-11-22 14:13:41,557] [14   ] [INFO ] [] - Shutting down the metrics collector
[2024-11-22 14:23:41,510] [42   ] [INFO ] [] - Initializing the metrics collector
[2024-11-22 14:23:41,510] [42   ] [INFO ] [] - MetricsCollector::Sender(49): _disableSentMetrics 1
[2024-11-22 14:23:41,510] [42   ] [INFO ] [] - MetricsCollector::Initialize(231): Initialized metrics collector
- session id: 4b65b0eb-8b86-46ee-b4dd-4338d4f1fd2c
- device id: 4ca35884-a93a-48fc-ad16-80b2a90aa32e
- application id: Box Tools Win exe
- application name: BoxTools
- application version: 4.26.1.1109
- metric collection url: https://client-log.box.com/index.php?rm=box_gen204_json_record
- metric data path: C:\Users\pcedillo\AppData\Local\Box\Box Tools\Metrics\BoxTools_Metrics.db
- post callback: 059C2E1E
- log callback: 059C2E46
- context: 00000000
- post interval in seconds: 600
- max records in a post: 100
- max db records: 500
- disable sender: true
[2024-11-22 14:23:41,527] [42   ] [INFO ] [] - Shutting down the metrics collector
[2024-11-22 14:33:41,492] [45   ] [INFO ] [] - Initializing the metrics collector
[2024-11-22 14:33:41,492] [45   ] [INFO ] [] - MetricsCollector::Sender(49): _disableSentMetrics 1
[2024-11-22 14:33:41,492] [45   ] [INFO ] [] - MetricsCollector::Initialize(231): Initialized metrics collector
- session id: 4b65b0eb-8b86-46ee-b4dd-4338d4f1fd2c
- device id: 4ca35884-a93a-48fc-ad16-80b2a90aa32e
- application id: Box Tools Win exe
- application name: BoxTools
- application version: 4.26.1.1109
- metric collection url: https://client-log.box.com/index.php?rm=box_gen204_json_record
- metric data path: C:\Users\pcedillo\AppData\Local\Box\Box Tools\Metrics\BoxTools_Metrics.db
- post callback: 059C2E1E
- log callback: 059C2E46
- context: 00000000
- post interval in seconds: 600
- max records in a post: 100
- max db records: 500
- disable sender: true
[2024-11-22 14:33:41,508] [45   ] [INFO ] [] - Shutting down the metrics collector
[2024-11-22 14:43:41,496] [49   ] [INFO ] [] - Initializing the metrics collector
[2024-11-22 14:43:41,501] [49   ] [INFO ] [] - MetricsCollector::Sender(49): _disableSentMetrics 1
[2024-11-22 14:43:41,501] [49   ] [INFO ] [] - MetricsCollector::Initialize(231): Initialized metrics collector
- session id: 4b65b0eb-8b86-46ee-b4dd-4338d4f1fd2c
- device id: 4ca35884-a93a-48fc-ad16-80b2a90aa32e
- application id: Box Tools Win exe
- application name: BoxTools
- application version: 4.26.1.1109
- metric collection url: https://client-log.box.com/index.php?rm=box_gen204_json_record
- metric data path: C:\Users\pcedillo\AppData\Local\Box\Box Tools\Metrics\BoxTools_Metrics.db
- post callback: 059C2E1E
- log callback: 059C2E46
- context: 00000000
- post interval in seconds: 600
- max records in a post: 100
- max db records: 500
- disable sender: true
[2024-11-22 14:43:41,505] [49   ] [INFO ] [] - Shutting down the metrics collector
[2024-11-22 14:53:41,502] [34   ] [INFO ] [] - Initializing the metrics collector
[2024-11-22 14:53:41,508] [34   ] [INFO ] [] - MetricsCollector::Sender(49): _disableSentMetrics 1
[2024-11-22 14:53:41,508] [34   ] [INFO ] [] - MetricsCollector::Initialize(231): Initialized metrics collector
- session id: 4b65b0eb-8b86-46ee-b4dd-4338d4f1fd2c
- device id: 4ca35884-a93a-48fc-ad16-80b2a90aa32e
- application id: Box Tools Win exe
- application name: BoxTools
- application version: 4.26.1.1109
- metric collection url: https://client-log.box.com/index.php?rm=box_gen204_json_record
- metric data path: C:\Users\pcedillo\AppData\Local\Box\Box Tools\Metrics\BoxTools_Metrics.db
- post callback: 059C2E1E
- log callback: 059C2E46
- context: 00000000
- post interval in seconds: 600
- max records in a post: 100
- max db records: 500
- disable sender: true
[2024-11-22 14:53:41,508] [34   ] [INFO ] [] - Shutting down the metrics collector
[2024-11-22 15:03:41,523] [15   ] [INFO ] [] - Initializing the metrics collector
[2024-11-22 15:03:41,536] [15   ] [INFO ] [] - MetricsCollector::Sender(49): _disableSentMetrics 1
[2024-11-22 15:03:41,539] [15   ] [INFO ] [] - MetricsCollector::Initialize(231): Initialized metrics collector
- session id: 4b65b0eb-8b86-46ee-b4dd-4338d4f1fd2c
- device id: 4ca35884-a93a-48fc-ad16-80b2a90aa32e
- application id: Box Tools Win exe
- application name: BoxTools
- application version: 4.26.1.1109
- metric collection url: https://client-log.box.com/index.php?rm=box_gen204_json_record
- metric data path: C:\Users\pcedillo\AppData\Local\Box\Box Tools\Metrics\BoxTools_Metrics.db
- post callback: 059C2E1E
- log callback: 059C2E46
- context: 00000000
- post interval in seconds: 600
- max records in a post: 100
- max db records: 500
- disable sender: true
[2024-11-22 15:03:41,554] [15   ] [INFO ] [] - Shutting down the metrics collector
[2024-11-22 15:13:41,540] [15   ] [INFO ] [] - Initializing the metrics collector
[2024-11-22 15:13:41,556] [15   ] [INFO ] [] - MetricsCollector::Sender(49): _disableSentMetrics 1
[2024-11-22 15:13:41,556] [15   ] [INFO ] [] - MetricsCollector::Initialize(231): Initialized metrics collector
- session id: 4b65b0eb-8b86-46ee-b4dd-4338d4f1fd2c
- device id: 4ca35884-a93a-48fc-ad16-80b2a90aa32e
- application id: Box Tools Win exe
- application name: BoxTools
- application version: 4.26.1.1109
- metric collection url: https://client-log.box.com/index.php?rm=box_gen204_json_record
- metric data path: C:\Users\pcedillo\AppData\Local\Box\Box Tools\Metrics\BoxTools_Metrics.db
- post callback: 059C2E1E
- log callback: 059C2E46
- context: 00000000
- post interval in seconds: 600
- max records in a post: 100
- max db records: 500
- disable sender: true
[2024-11-22 15:13:41,572] [15   ] [INFO ] [] - Shutting down the metrics collector
[2024-11-22 15:23:41,593] [38   ] [INFO ] [] - Initializing the metrics collector
[2024-11-22 15:23:41,611] [38   ] [INFO ] [] - MetricsCollector::Sender(49): _disableSentMetrics 1
[2024-11-22 15:23:41,615] [38   ] [INFO ] [] - MetricsCollector::Initialize(231): Initialized metrics collector
- session id: 4b65b0eb-8b86-46ee-b4dd-4338d4f1fd2c
- device id: 4ca35884-a93a-48fc-ad16-80b2a90aa32e
- application id: Box Tools Win exe
- application name: BoxTools
- application version: 4.26.1.1109
- metric collection url: https://client-log.box.com/index.php?rm=box_gen204_json_record
- metric data path: C:\Users\pcedillo\AppData\Local\Box\Box Tools\Metrics\BoxTools_Metrics.db
- post callback: 059C2E1E
- log callback: 059C2E46
- context: 00000000
- post interval in seconds: 600
- max records in a post: 100
- max db records: 500
- disable sender: true
[2024-11-22 15:23:41,630] [38   ] [INFO ] [] - Shutting down the metrics collector
[2024-11-22 15:33:41,638] [12   ] [INFO ] [] - Initializing the metrics collector
[2024-11-22 15:33:41,656] [12   ] [INFO ] [] - MetricsCollector::Sender(49): _disableSentMetrics 1
[2024-11-22 15:33:41,656] [12   ] [INFO ] [] - MetricsCollector::Initialize(231): Initialized metrics collector
- session id: 4b65b0eb-8b86-46ee-b4dd-4338d4f1fd2c
- device id: 4ca35884-a93a-48fc-ad16-80b2a90aa32e
- application id: Box Tools Win exe
- application name: BoxTools
- application version: 4.26.1.1109
- metric collection url: https://client-log.box.com/index.php?rm=box_gen204_json_record
- metric data path: C:\Users\pcedillo\AppData\Local\Box\Box Tools\Metrics\BoxTools_Metrics.db
- post callback: 059C2E1E
- log callback: 059C2E46
- context: 00000000
- post interval in seconds: 600
- max records in a post: 100
- max db records: 500
- disable sender: true
[2024-11-22 15:33:41,676] [12   ] [INFO ] [] - Shutting down the metrics collector
[2024-11-22 15:43:41,424] [52   ] [INFO ] [] - Initializing the metrics collector
[2024-11-22 15:43:41,442] [52   ] [INFO ] [] - MetricsCollector::Sender(49): _disableSentMetrics 1
[2024-11-22 15:43:41,442] [52   ] [INFO ] [] - MetricsCollector::Initialize(231): Initialized metrics collector
- session id: 4b65b0eb-8b86-46ee-b4dd-4338d4f1fd2c
- device id: 4ca35884-a93a-48fc-ad16-80b2a90aa32e
- application id: Box Tools Win exe
- application name: BoxTools
- application version: 4.26.1.1109
- metric collection url: https://client-log.box.com/index.php?rm=box_gen204_json_record
- metric data path: C:\Users\pcedillo\AppData\Local\Box\Box Tools\Metrics\BoxTools_Metrics.db
- post callback: 059C2E1E
- log callback: 059C2E46
- context: 00000000
- post interval in seconds: 600
- max records in a post: 100
- max db records: 500
- disable sender: true
[2024-11-22 15:43:41,456] [52   ] [INFO ] [] - Shutting down the metrics collector
[2024-11-22 15:53:41,309] [54   ] [INFO ] [] - Initializing the metrics collector
[2024-11-22 15:53:41,325] [54   ] [INFO ] [] - MetricsCollector::Sender(49): _disableSentMetrics 1
[2024-11-22 15:53:41,325] [54   ] [INFO ] [] - MetricsCollector::Initialize(231): Initialized metrics collector
- session id: 4b65b0eb-8b86-46ee-b4dd-4338d4f1fd2c
- device id: 4ca35884-a93a-48fc-ad16-80b2a90aa32e
- application id: Box Tools Win exe
- application name: BoxTools
- application version: 4.26.1.1109
- metric collection url: https://client-log.box.com/index.php?rm=box_gen204_json_record
- metric data path: C:\Users\pcedillo\AppData\Local\Box\Box Tools\Metrics\BoxTools_Metrics.db
- post callback: 059C2E1E
- log callback: 059C2E46
- context: 00000000
- post interval in seconds: 600
- max records in a post: 100
- max db records: 500
- disable sender: true
[2024-11-22 15:53:41,342] [54   ] [INFO ] [] - Shutting down the metrics collector
[2024-11-22 16:03:41,216] [56   ] [INFO ] [] - Initializing the metrics collector
[2024-11-22 16:03:41,236] [56   ] [INFO ] [] - MetricsCollector::Sender(49): _disableSentMetrics 1
[2024-11-22 16:03:41,236] [56   ] [INFO ] [] - MetricsCollector::Initialize(231): Initialized metrics collector
- session id: 4b65b0eb-8b86-46ee-b4dd-4338d4f1fd2c
- device id: 4ca35884-a93a-48fc-ad16-80b2a90aa32e
- application id: Box Tools Win exe
- application name: BoxTools
- application version: 4.26.1.1109
- metric collection url: https://client-log.box.com/index.php?rm=box_gen204_json_record
- metric data path: C:\Users\pcedillo\AppData\Local\Box\Box Tools\Metrics\BoxTools_Metrics.db
- post callback: 059C2E1E
- log callback: 059C2E46
- context: 00000000
- post interval in seconds: 600
- max records in a post: 100
- max db records: 500
- disable sender: true
[2024-11-22 16:03:41,248] [56   ] [INFO ] [] - Shutting down the metrics collector
[2024-11-22 16:13:41,169] [58   ] [INFO ] [] - Initializing the metrics collector
[2024-11-22 16:13:41,183] [58   ] [INFO ] [] - MetricsCollector::Sender(49): _disableSentMetrics 1
[2024-11-22 16:13:41,183] [58   ] [INFO ] [] - MetricsCollector::Initialize(231): Initialized metrics collector
- session id: 4b65b0eb-8b86-46ee-b4dd-4338d4f1fd2c
- device id: 4ca35884-a93a-48fc-ad16-80b2a90aa32e
- application id: Box Tools Win exe
- application name: BoxTools
- application version: 4.26.1.1109
- metric collection url: https://client-log.box.com/index.php?rm=box_gen204_json_record
- metric data path: C:\Users\pcedillo\AppData\Local\Box\Box Tools\Metrics\BoxTools_Metrics.db
- post callback: 059C2E1E
- log callback: 059C2E46
- context: 00000000
- post interval in seconds: 600
- max records in a post: 100
- max db records: 500
- disable sender: true
[2024-11-22 16:13:41,200] [58   ] [INFO ] [] - Shutting down the metrics collector
[2024-11-22 16:23:41,126] [60   ] [INFO ] [] - Initializing the metrics collector
[2024-11-22 16:23:41,145] [60   ] [INFO ] [] - MetricsCollector::Sender(49): _disableSentMetrics 1
[2024-11-22 16:23:41,145] [60   ] [INFO ] [] - MetricsCollector::Initialize(231): Initialized metrics collector
- session id: 4b65b0eb-8b86-46ee-b4dd-4338d4f1fd2c
- device id: 4ca35884-a93a-48fc-ad16-80b2a90aa32e
- application id: Box Tools Win exe
- application name: BoxTools
- application version: 4.26.1.1109
- metric collection url: https://client-log.box.com/index.php?rm=box_gen204_json_record
- metric data path: C:\Users\pcedillo\AppData\Local\Box\Box Tools\Metrics\BoxTools_Metrics.db
- post callback: 059C2E1E
- log callback: 059C2E46
- context: 00000000
- post interval in seconds: 600
- max records in a post: 100
- max db records: 500
- disable sender: true
[2024-11-22 16:23:41,166] [60   ] [INFO ] [] - Shutting down the metrics collector
