[2025-04-24 08:04:46,402] [69   ] [INFO ] [] - Initializing the metrics collector
[2025-04-24 08:04:46,516] [69   ] [INFO ] [] - MetricsCollector::Sender(49): _disableSentMetrics 1
[2025-04-24 08:04:46,518] [69   ] [INFO ] [] - MetricsCollector::Initialize(231): Initialized metrics collector
- session id: fa7fa09c-94c0-4d08-ad3d-e603efee1017
- device id: 4ca35884-a93a-48fc-ad16-80b2a90aa32e
- application id: Box Tools Win exe
- application name: BoxTools
- application version: 4.28.1.1163
- metric collection url: https://client-log.box.com/index.php?rm=box_gen204_json_record
- metric data path: C:\Users\pcedillo\AppData\Local\Box\Box Tools\Metrics\BoxTools_Metrics_EFD61745.db
- post callback: 05D42F2E
- log callback: 05D42F56
- context: 00000000
- post interval in seconds: 600
- max records in a post: 100
- max db records: 500
- disable sender: true
[2025-04-24 08:04:46,559] [69   ] [INFO ] [] - Shutting down the metrics collector
[2025-04-24 08:12:49,145] [84   ] [INFO ] [] - Accepted Origin
[2025-04-24 08:12:49,149] [84   ] [INFO ] [] - Handling status request
[2025-04-24 08:14:46,517] [18   ] [INFO ] [] - Initializing the metrics collector
[2025-04-24 08:14:46,517] [18   ] [INFO ] [] - MetricsCollector::Sender(49): _disableSentMetrics 1
[2025-04-24 08:14:46,517] [18   ] [INFO ] [] - MetricsCollector::Initialize(231): Initialized metrics collector
- session id: fa7fa09c-94c0-4d08-ad3d-e603efee1017
- device id: 4ca35884-a93a-48fc-ad16-80b2a90aa32e
- application id: Box Tools Win exe
- application name: BoxTools
- application version: 4.28.1.1163
- metric collection url: https://client-log.box.com/index.php?rm=box_gen204_json_record
- metric data path: C:\Users\pcedillo\AppData\Local\Box\Box Tools\Metrics\BoxTools_Metrics_EFD61745.db
- post callback: 05D42F2E
- log callback: 05D42F56
- context: 00000000
- post interval in seconds: 600
- max records in a post: 100
- max db records: 500
- disable sender: true
[2025-04-24 08:14:46,533] [18   ] [INFO ] [] - Shutting down the metrics collector
[2025-04-24 08:24:46,487] [71   ] [INFO ] [] - Initializing the metrics collector
[2025-04-24 08:24:46,500] [71   ] [INFO ] [] - MetricsCollector::Sender(49): _disableSentMetrics 1
[2025-04-24 08:24:46,502] [71   ] [INFO ] [] - MetricsCollector::Initialize(231): Initialized metrics collector
- session id: fa7fa09c-94c0-4d08-ad3d-e603efee1017
- device id: 4ca35884-a93a-48fc-ad16-80b2a90aa32e
- application id: Box Tools Win exe
- application name: BoxTools
- application version: 4.28.1.1163
- metric collection url: https://client-log.box.com/index.php?rm=box_gen204_json_record
- metric data path: C:\Users\pcedillo\AppData\Local\Box\Box Tools\Metrics\BoxTools_Metrics_EFD61745.db
- post callback: 05D42F2E
- log callback: 05D42F56
- context: 00000000
- post interval in seconds: 600
- max records in a post: 100
- max db records: 500
- disable sender: true
[2025-04-24 08:24:46,515] [71   ] [INFO ] [] - Shutting down the metrics collector
[2025-04-24 08:34:46,493] [71   ] [INFO ] [] - Initializing the metrics collector
[2025-04-24 08:34:46,493] [71   ] [INFO ] [] - MetricsCollector::Sender(49): _disableSentMetrics 1
[2025-04-24 08:34:46,493] [71   ] [INFO ] [] - MetricsCollector::Initialize(231): Initialized metrics collector
- session id: fa7fa09c-94c0-4d08-ad3d-e603efee1017
- device id: 4ca35884-a93a-48fc-ad16-80b2a90aa32e
- application id: Box Tools Win exe
- application name: BoxTools
- application version: 4.28.1.1163
- metric collection url: https://client-log.box.com/index.php?rm=box_gen204_json_record
- metric data path: C:\Users\pcedillo\AppData\Local\Box\Box Tools\Metrics\BoxTools_Metrics_EFD61745.db
- post callback: 05D42F2E
- log callback: 05D42F56
- context: 00000000
- post interval in seconds: 600
- max records in a post: 100
- max db records: 500
- disable sender: true
[2025-04-24 08:34:46,509] [71   ] [INFO ] [] - Shutting down the metrics collector
[2025-04-24 08:44:46,460] [71   ] [INFO ] [] - Initializing the metrics collector
[2025-04-24 08:44:46,491] [71   ] [INFO ] [] - MetricsCollector::Sender(49): _disableSentMetrics 1
[2025-04-24 08:44:46,493] [71   ] [INFO ] [] - MetricsCollector::Initialize(231): Initialized metrics collector
- session id: fa7fa09c-94c0-4d08-ad3d-e603efee1017
- device id: 4ca35884-a93a-48fc-ad16-80b2a90aa32e
- application id: Box Tools Win exe
- application name: BoxTools
- application version: 4.28.1.1163
- metric collection url: https://client-log.box.com/index.php?rm=box_gen204_json_record
- metric data path: C:\Users\pcedillo\AppData\Local\Box\Box Tools\Metrics\BoxTools_Metrics_EFD61745.db
- post callback: 05D42F2E
- log callback: 05D42F56
- context: 00000000
- post interval in seconds: 600
- max records in a post: 100
- max db records: 500
- disable sender: true
[2025-04-24 08:44:46,542] [71   ] [INFO ] [] - Shutting down the metrics collector
[2025-04-24 08:54:46,460] [71   ] [INFO ] [] - Initializing the metrics collector
[2025-04-24 08:54:46,468] [71   ] [INFO ] [] - MetricsCollector::Sender(49): _disableSentMetrics 1
[2025-04-24 08:54:46,468] [71   ] [INFO ] [] - MetricsCollector::Initialize(231): Initialized metrics collector
- session id: fa7fa09c-94c0-4d08-ad3d-e603efee1017
- device id: 4ca35884-a93a-48fc-ad16-80b2a90aa32e
- application id: Box Tools Win exe
- application name: BoxTools
- application version: 4.28.1.1163
- metric collection url: https://client-log.box.com/index.php?rm=box_gen204_json_record
- metric data path: C:\Users\pcedillo\AppData\Local\Box\Box Tools\Metrics\BoxTools_Metrics_EFD61745.db
- post callback: 05D42F2E
- log callback: 05D42F56
- context: 00000000
- post interval in seconds: 600
- max records in a post: 100
- max db records: 500
- disable sender: true
[2025-04-24 08:54:46,476] [71   ] [INFO ] [] - Shutting down the metrics collector
[2025-04-24 09:04:46,441] [71   ] [INFO ] [] - Initializing the metrics collector
[2025-04-24 09:04:46,441] [71   ] [INFO ] [] - MetricsCollector::Sender(49): _disableSentMetrics 1
[2025-04-24 09:04:46,441] [71   ] [INFO ] [] - MetricsCollector::Initialize(231): Initialized metrics collector
- session id: fa7fa09c-94c0-4d08-ad3d-e603efee1017
- device id: 4ca35884-a93a-48fc-ad16-80b2a90aa32e
- application id: Box Tools Win exe
- application name: BoxTools
- application version: 4.28.1.1163
- metric collection url: https://client-log.box.com/index.php?rm=box_gen204_json_record
- metric data path: C:\Users\pcedillo\AppData\Local\Box\Box Tools\Metrics\BoxTools_Metrics_EFD61745.db
- post callback: 05D42F2E
- log callback: 05D42F56
- context: 00000000
- post interval in seconds: 600
- max records in a post: 100
- max db records: 500
- disable sender: true
[2025-04-24 09:04:46,457] [71   ] [INFO ] [] - Shutting down the metrics collector
[2025-04-24 09:14:46,433] [71   ] [INFO ] [] - Initializing the metrics collector
[2025-04-24 09:14:46,449] [71   ] [INFO ] [] - MetricsCollector::Sender(49): _disableSentMetrics 1
[2025-04-24 09:14:46,449] [71   ] [INFO ] [] - MetricsCollector::Initialize(231): Initialized metrics collector
- session id: fa7fa09c-94c0-4d08-ad3d-e603efee1017
- device id: 4ca35884-a93a-48fc-ad16-80b2a90aa32e
- application id: Box Tools Win exe
- application name: BoxTools
- application version: 4.28.1.1163
- metric collection url: https://client-log.box.com/index.php?rm=box_gen204_json_record
- metric data path: C:\Users\pcedillo\AppData\Local\Box\Box Tools\Metrics\BoxTools_Metrics_EFD61745.db
- post callback: 05D42F2E
- log callback: 05D42F56
- context: 00000000
- post interval in seconds: 600
- max records in a post: 100
- max db records: 500
- disable sender: true
[2025-04-24 09:14:46,449] [71   ] [INFO ] [] - Shutting down the metrics collector
[2025-04-24 09:24:46,419] [71   ] [INFO ] [] - Initializing the metrics collector
[2025-04-24 09:24:46,422] [71   ] [INFO ] [] - MetricsCollector::Sender(49): _disableSentMetrics 1
[2025-04-24 09:24:46,422] [71   ] [INFO ] [] - MetricsCollector::Initialize(231): Initialized metrics collector
- session id: fa7fa09c-94c0-4d08-ad3d-e603efee1017
- device id: 4ca35884-a93a-48fc-ad16-80b2a90aa32e
- application id: Box Tools Win exe
- application name: BoxTools
- application version: 4.28.1.1163
- metric collection url: https://client-log.box.com/index.php?rm=box_gen204_json_record
- metric data path: C:\Users\pcedillo\AppData\Local\Box\Box Tools\Metrics\BoxTools_Metrics_EFD61745.db
- post callback: 05D42F2E
- log callback: 05D42F56
- context: 00000000
- post interval in seconds: 600
- max records in a post: 100
- max db records: 500
- disable sender: true
[2025-04-24 09:24:46,431] [71   ] [INFO ] [] - Shutting down the metrics collector
[2025-04-24 09:34:46,407] [6    ] [INFO ] [] - Initializing the metrics collector
[2025-04-24 09:34:46,407] [6    ] [INFO ] [] - MetricsCollector::Sender(49): _disableSentMetrics 1
[2025-04-24 09:34:46,407] [6    ] [INFO ] [] - MetricsCollector::Initialize(231): Initialized metrics collector
- session id: fa7fa09c-94c0-4d08-ad3d-e603efee1017
- device id: 4ca35884-a93a-48fc-ad16-80b2a90aa32e
- application id: Box Tools Win exe
- application name: BoxTools
- application version: 4.28.1.1163
- metric collection url: https://client-log.box.com/index.php?rm=box_gen204_json_record
- metric data path: C:\Users\pcedillo\AppData\Local\Box\Box Tools\Metrics\BoxTools_Metrics_EFD61745.db
- post callback: 05D42F2E
- log callback: 05D42F56
- context: 00000000
- post interval in seconds: 600
- max records in a post: 100
- max db records: 500
- disable sender: true
[2025-04-24 09:34:46,431] [6    ] [INFO ] [] - Shutting down the metrics collector
[2025-04-24 09:44:46,397] [11   ] [INFO ] [] - Initializing the metrics collector
[2025-04-24 09:44:46,428] [11   ] [INFO ] [] - MetricsCollector::Sender(49): _disableSentMetrics 1
[2025-04-24 09:44:46,432] [11   ] [INFO ] [] - MetricsCollector::Initialize(231): Initialized metrics collector
- session id: fa7fa09c-94c0-4d08-ad3d-e603efee1017
- device id: 4ca35884-a93a-48fc-ad16-80b2a90aa32e
- application id: Box Tools Win exe
- application name: BoxTools
- application version: 4.28.1.1163
- metric collection url: https://client-log.box.com/index.php?rm=box_gen204_json_record
- metric data path: C:\Users\pcedillo\AppData\Local\Box\Box Tools\Metrics\BoxTools_Metrics_EFD61745.db
- post callback: 05D42F2E
- log callback: 05D42F56
- context: 00000000
- post interval in seconds: 600
- max records in a post: 100
- max db records: 500
- disable sender: true
[2025-04-24 09:44:46,477] [11   ] [INFO ] [] - Shutting down the metrics collector
[2025-04-24 09:54:46,384] [14   ] [INFO ] [] - Initializing the metrics collector
[2025-04-24 09:54:46,388] [14   ] [INFO ] [] - MetricsCollector::Sender(49): _disableSentMetrics 1
[2025-04-24 09:54:46,388] [14   ] [INFO ] [] - MetricsCollector::Initialize(231): Initialized metrics collector
- session id: fa7fa09c-94c0-4d08-ad3d-e603efee1017
- device id: 4ca35884-a93a-48fc-ad16-80b2a90aa32e
- application id: Box Tools Win exe
- application name: BoxTools
- application version: 4.28.1.1163
- metric collection url: https://client-log.box.com/index.php?rm=box_gen204_json_record
- metric data path: C:\Users\pcedillo\AppData\Local\Box\Box Tools\Metrics\BoxTools_Metrics_EFD61745.db
- post callback: 05D42F2E
- log callback: 05D42F56
- context: 00000000
- post interval in seconds: 600
- max records in a post: 100
- max db records: 500
- disable sender: true
[2025-04-24 09:54:46,400] [14   ] [INFO ] [] - Shutting down the metrics collector
[2025-04-24 10:04:46,370] [15   ] [INFO ] [] - Initializing the metrics collector
[2025-04-24 10:04:46,372] [15   ] [INFO ] [] - MetricsCollector::Sender(49): _disableSentMetrics 1
[2025-04-24 10:04:46,372] [15   ] [INFO ] [] - MetricsCollector::Initialize(231): Initialized metrics collector
- session id: fa7fa09c-94c0-4d08-ad3d-e603efee1017
- device id: 4ca35884-a93a-48fc-ad16-80b2a90aa32e
- application id: Box Tools Win exe
- application name: BoxTools
- application version: 4.28.1.1163
- metric collection url: https://client-log.box.com/index.php?rm=box_gen204_json_record
- metric data path: C:\Users\pcedillo\AppData\Local\Box\Box Tools\Metrics\BoxTools_Metrics_EFD61745.db
- post callback: 05D42F2E
- log callback: 05D42F56
- context: 00000000
- post interval in seconds: 600
- max records in a post: 100
- max db records: 500
- disable sender: true
[2025-04-24 10:04:46,372] [15   ] [INFO ] [] - Shutting down the metrics collector
[2025-04-24 10:14:46,337] [17   ] [INFO ] [] - Initializing the metrics collector
[2025-04-24 10:14:46,337] [17   ] [INFO ] [] - MetricsCollector::Sender(49): _disableSentMetrics 1
[2025-04-24 10:14:46,342] [17   ] [INFO ] [] - MetricsCollector::Initialize(231): Initialized metrics collector
- session id: fa7fa09c-94c0-4d08-ad3d-e603efee1017
- device id: 4ca35884-a93a-48fc-ad16-80b2a90aa32e
- application id: Box Tools Win exe
- application name: BoxTools
- application version: 4.28.1.1163
- metric collection url: https://client-log.box.com/index.php?rm=box_gen204_json_record
- metric data path: C:\Users\pcedillo\AppData\Local\Box\Box Tools\Metrics\BoxTools_Metrics_EFD61745.db
- post callback: 05D42F2E
- log callback: 05D42F56
- context: 00000000
- post interval in seconds: 600
- max records in a post: 100
- max db records: 500
- disable sender: true
[2025-04-24 10:14:46,348] [17   ] [INFO ] [] - Shutting down the metrics collector
[2025-04-24 10:24:46,333] [21   ] [INFO ] [] - Initializing the metrics collector
[2025-04-24 10:24:46,333] [21   ] [INFO ] [] - MetricsCollector::Sender(49): _disableSentMetrics 1
[2025-04-24 10:24:46,333] [21   ] [INFO ] [] - MetricsCollector::Initialize(231): Initialized metrics collector
- session id: fa7fa09c-94c0-4d08-ad3d-e603efee1017
- device id: 4ca35884-a93a-48fc-ad16-80b2a90aa32e
- application id: Box Tools Win exe
- application name: BoxTools
- application version: 4.28.1.1163
- metric collection url: https://client-log.box.com/index.php?rm=box_gen204_json_record
- metric data path: C:\Users\pcedillo\AppData\Local\Box\Box Tools\Metrics\BoxTools_Metrics_EFD61745.db
- post callback: 05D42F2E
- log callback: 05D42F56
- context: 00000000
- post interval in seconds: 600
- max records in a post: 100
- max db records: 500
- disable sender: true
[2025-04-24 10:24:46,349] [21   ] [INFO ] [] - Shutting down the metrics collector
[2025-04-24 10:34:46,319] [22   ] [INFO ] [] - Initializing the metrics collector
[2025-04-24 10:34:46,333] [22   ] [INFO ] [] - MetricsCollector::Sender(49): _disableSentMetrics 1
[2025-04-24 10:34:46,333] [22   ] [INFO ] [] - MetricsCollector::Initialize(231): Initialized metrics collector
- session id: fa7fa09c-94c0-4d08-ad3d-e603efee1017
- device id: 4ca35884-a93a-48fc-ad16-80b2a90aa32e
- application id: Box Tools Win exe
- application name: BoxTools
- application version: 4.28.1.1163
- metric collection url: https://client-log.box.com/index.php?rm=box_gen204_json_record
- metric data path: C:\Users\pcedillo\AppData\Local\Box\Box Tools\Metrics\BoxTools_Metrics_EFD61745.db
- post callback: 05D42F2E
- log callback: 05D42F56
- context: 00000000
- post interval in seconds: 600
- max records in a post: 100
- max db records: 500
- disable sender: true
[2025-04-24 10:34:46,337] [22   ] [INFO ] [] - Shutting down the metrics collector
[2025-04-24 10:44:46,302] [24   ] [INFO ] [] - Initializing the metrics collector
[2025-04-24 10:44:46,302] [24   ] [INFO ] [] - MetricsCollector::Sender(49): _disableSentMetrics 1
[2025-04-24 10:44:46,302] [24   ] [INFO ] [] - MetricsCollector::Initialize(231): Initialized metrics collector
- session id: fa7fa09c-94c0-4d08-ad3d-e603efee1017
- device id: 4ca35884-a93a-48fc-ad16-80b2a90aa32e
- application id: Box Tools Win exe
- application name: BoxTools
- application version: 4.28.1.1163
- metric collection url: https://client-log.box.com/index.php?rm=box_gen204_json_record
- metric data path: C:\Users\pcedillo\AppData\Local\Box\Box Tools\Metrics\BoxTools_Metrics_EFD61745.db
- post callback: 05D42F2E
- log callback: 05D42F56
- context: 00000000
- post interval in seconds: 600
- max records in a post: 100
- max db records: 500
- disable sender: true
[2025-04-24 10:44:46,320] [24   ] [INFO ] [] - Shutting down the metrics collector
[2025-04-24 10:54:46,297] [27   ] [INFO ] [] - Initializing the metrics collector
[2025-04-24 10:54:46,311] [27   ] [INFO ] [] - MetricsCollector::Sender(49): _disableSentMetrics 1
[2025-04-24 10:54:46,311] [27   ] [INFO ] [] - MetricsCollector::Initialize(231): Initialized metrics collector
- session id: fa7fa09c-94c0-4d08-ad3d-e603efee1017
- device id: 4ca35884-a93a-48fc-ad16-80b2a90aa32e
- application id: Box Tools Win exe
- application name: BoxTools
- application version: 4.28.1.1163
- metric collection url: https://client-log.box.com/index.php?rm=box_gen204_json_record
- metric data path: C:\Users\pcedillo\AppData\Local\Box\Box Tools\Metrics\BoxTools_Metrics_EFD61745.db
- post callback: 05D42F2E
- log callback: 05D42F56
- context: 00000000
- post interval in seconds: 600
- max records in a post: 100
- max db records: 500
- disable sender: true
[2025-04-24 10:54:46,322] [27   ] [INFO ] [] - Shutting down the metrics collector
[2025-04-24 11:04:46,276] [31   ] [INFO ] [] - Initializing the metrics collector
[2025-04-24 11:04:46,276] [31   ] [INFO ] [] - MetricsCollector::Sender(49): _disableSentMetrics 1
[2025-04-24 11:04:46,276] [31   ] [INFO ] [] - MetricsCollector::Initialize(231): Initialized metrics collector
- session id: fa7fa09c-94c0-4d08-ad3d-e603efee1017
- device id: 4ca35884-a93a-48fc-ad16-80b2a90aa32e
- application id: Box Tools Win exe
- application name: BoxTools
- application version: 4.28.1.1163
- metric collection url: https://client-log.box.com/index.php?rm=box_gen204_json_record
- metric data path: C:\Users\pcedillo\AppData\Local\Box\Box Tools\Metrics\BoxTools_Metrics_EFD61745.db
- post callback: 05D42F2E
- log callback: 05D42F56
- context: 00000000
- post interval in seconds: 600
- max records in a post: 100
- max db records: 500
- disable sender: true
[2025-04-24 11:04:46,292] [31   ] [INFO ] [] - Shutting down the metrics collector
[2025-04-24 11:14:46,268] [32   ] [INFO ] [] - Initializing the metrics collector
[2025-04-24 11:14:46,276] [32   ] [INFO ] [] - MetricsCollector::Sender(49): _disableSentMetrics 1
[2025-04-24 11:14:46,276] [32   ] [INFO ] [] - MetricsCollector::Initialize(231): Initialized metrics collector
- session id: fa7fa09c-94c0-4d08-ad3d-e603efee1017
- device id: 4ca35884-a93a-48fc-ad16-80b2a90aa32e
- application id: Box Tools Win exe
- application name: BoxTools
- application version: 4.28.1.1163
- metric collection url: https://client-log.box.com/index.php?rm=box_gen204_json_record
- metric data path: C:\Users\pcedillo\AppData\Local\Box\Box Tools\Metrics\BoxTools_Metrics_EFD61745.db
- post callback: 05D42F2E
- log callback: 05D42F56
- context: 00000000
- post interval in seconds: 600
- max records in a post: 100
- max db records: 500
- disable sender: true
[2025-04-24 11:14:46,284] [32   ] [INFO ] [] - Shutting down the metrics collector
[2025-04-24 11:24:46,255] [35   ] [INFO ] [] - Initializing the metrics collector
[2025-04-24 11:24:46,271] [35   ] [INFO ] [] - MetricsCollector::Sender(49): _disableSentMetrics 1
[2025-04-24 11:24:46,281] [35   ] [INFO ] [] - MetricsCollector::Initialize(231): Initialized metrics collector
- session id: fa7fa09c-94c0-4d08-ad3d-e603efee1017
- device id: 4ca35884-a93a-48fc-ad16-80b2a90aa32e
- application id: Box Tools Win exe
- application name: BoxTools
- application version: 4.28.1.1163
- metric collection url: https://client-log.box.com/index.php?rm=box_gen204_json_record
- metric data path: C:\Users\pcedillo\AppData\Local\Box\Box Tools\Metrics\BoxTools_Metrics_EFD61745.db
- post callback: 05D42F2E
- log callback: 05D42F56
- context: 00000000
- post interval in seconds: 600
- max records in a post: 100
- max db records: 500
- disable sender: true
[2025-04-24 11:24:46,311] [35   ] [INFO ] [] - Shutting down the metrics collector
[2025-04-24 11:34:46,261] [38   ] [INFO ] [] - Initializing the metrics collector
[2025-04-24 11:34:46,261] [38   ] [INFO ] [] - MetricsCollector::Sender(49): _disableSentMetrics 1
[2025-04-24 11:34:46,277] [38   ] [INFO ] [] - MetricsCollector::Initialize(231): Initialized metrics collector
- session id: fa7fa09c-94c0-4d08-ad3d-e603efee1017
- device id: 4ca35884-a93a-48fc-ad16-80b2a90aa32e
- application id: Box Tools Win exe
- application name: BoxTools
- application version: 4.28.1.1163
- metric collection url: https://client-log.box.com/index.php?rm=box_gen204_json_record
- metric data path: C:\Users\pcedillo\AppData\Local\Box\Box Tools\Metrics\BoxTools_Metrics_EFD61745.db
- post callback: 05D42F2E
- log callback: 05D42F56
- context: 00000000
- post interval in seconds: 600
- max records in a post: 100
- max db records: 500
- disable sender: true
[2025-04-24 11:34:46,277] [38   ] [INFO ] [] - Shutting down the metrics collector
[2025-04-24 11:44:46,267] [57   ] [INFO ] [] - Initializing the metrics collector
[2025-04-24 11:44:46,267] [57   ] [INFO ] [] - MetricsCollector::Sender(49): _disableSentMetrics 1
[2025-04-24 11:44:46,267] [57   ] [INFO ] [] - MetricsCollector::Initialize(231): Initialized metrics collector
- session id: fa7fa09c-94c0-4d08-ad3d-e603efee1017
- device id: 4ca35884-a93a-48fc-ad16-80b2a90aa32e
- application id: Box Tools Win exe
- application name: BoxTools
- application version: 4.28.1.1163
- metric collection url: https://client-log.box.com/index.php?rm=box_gen204_json_record
- metric data path: C:\Users\pcedillo\AppData\Local\Box\Box Tools\Metrics\BoxTools_Metrics_EFD61745.db
- post callback: 05D42F2E
- log callback: 05D42F56
- context: 00000000
- post interval in seconds: 600
- max records in a post: 100
- max db records: 500
- disable sender: true
[2025-04-24 11:44:46,284] [57   ] [INFO ] [] - Shutting down the metrics collector
[2025-04-24 11:54:46,238] [56   ] [INFO ] [] - Initializing the metrics collector
[2025-04-24 11:54:46,238] [56   ] [INFO ] [] - MetricsCollector::Sender(49): _disableSentMetrics 1
[2025-04-24 11:54:46,238] [56   ] [INFO ] [] - MetricsCollector::Initialize(231): Initialized metrics collector
- session id: fa7fa09c-94c0-4d08-ad3d-e603efee1017
- device id: 4ca35884-a93a-48fc-ad16-80b2a90aa32e
- application id: Box Tools Win exe
- application name: BoxTools
- application version: 4.28.1.1163
- metric collection url: https://client-log.box.com/index.php?rm=box_gen204_json_record
- metric data path: C:\Users\pcedillo\AppData\Local\Box\Box Tools\Metrics\BoxTools_Metrics_EFD61745.db
- post callback: 05D42F2E
- log callback: 05D42F56
- context: 00000000
- post interval in seconds: 600
- max records in a post: 100
- max db records: 500
- disable sender: true
[2025-04-24 11:54:46,245] [56   ] [INFO ] [] - Shutting down the metrics collector
[2025-04-24 12:11:11,740] [54   ] [INFO ] [] - Initializing the metrics collector
[2025-04-24 12:11:11,799] [54   ] [INFO ] [] - MetricsCollector::Sender(49): _disableSentMetrics 1
[2025-04-24 12:11:11,801] [54   ] [INFO ] [] - MetricsCollector::Initialize(231): Initialized metrics collector
- session id: fa7fa09c-94c0-4d08-ad3d-e603efee1017
- device id: 4ca35884-a93a-48fc-ad16-80b2a90aa32e
- application id: Box Tools Win exe
- application name: BoxTools
- application version: 4.28.1.1163
- metric collection url: https://client-log.box.com/index.php?rm=box_gen204_json_record
- metric data path: C:\Users\pcedillo\AppData\Local\Box\Box Tools\Metrics\BoxTools_Metrics_EFD61745.db
- post callback: 05D42F2E
- log callback: 05D42F56
- context: 00000000
- post interval in seconds: 600
- max records in a post: 100
- max db records: 500
- disable sender: true
[2025-04-24 12:11:11,862] [54   ] [INFO ] [] - Shutting down the metrics collector
[2025-04-24 12:21:11,738] [52   ] [INFO ] [] - Initializing the metrics collector
[2025-04-24 12:21:11,755] [52   ] [INFO ] [] - MetricsCollector::Sender(49): _disableSentMetrics 1
[2025-04-24 12:21:11,757] [52   ] [INFO ] [] - MetricsCollector::Initialize(231): Initialized metrics collector
- session id: fa7fa09c-94c0-4d08-ad3d-e603efee1017
- device id: 4ca35884-a93a-48fc-ad16-80b2a90aa32e
- application id: Box Tools Win exe
- application name: BoxTools
- application version: 4.28.1.1163
- metric collection url: https://client-log.box.com/index.php?rm=box_gen204_json_record
- metric data path: C:\Users\pcedillo\AppData\Local\Box\Box Tools\Metrics\BoxTools_Metrics_EFD61745.db
- post callback: 05D42F2E
- log callback: 05D42F56
- context: 00000000
- post interval in seconds: 600
- max records in a post: 100
- max db records: 500
- disable sender: true
[2025-04-24 12:21:11,771] [52   ] [INFO ] [] - Shutting down the metrics collector
[2025-04-24 12:31:11,669] [50   ] [INFO ] [] - Initializing the metrics collector
[2025-04-24 12:31:11,691] [50   ] [INFO ] [] - MetricsCollector::Sender(49): _disableSentMetrics 1
[2025-04-24 12:31:11,693] [50   ] [INFO ] [] - MetricsCollector::Initialize(231): Initialized metrics collector
- session id: fa7fa09c-94c0-4d08-ad3d-e603efee1017
- device id: 4ca35884-a93a-48fc-ad16-80b2a90aa32e
- application id: Box Tools Win exe
- application name: BoxTools
- application version: 4.28.1.1163
- metric collection url: https://client-log.box.com/index.php?rm=box_gen204_json_record
- metric data path: C:\Users\pcedillo\AppData\Local\Box\Box Tools\Metrics\BoxTools_Metrics_EFD61745.db
- post callback: 05D42F2E
- log callback: 05D42F56
- context: 00000000
- post interval in seconds: 600
- max records in a post: 100
- max db records: 500
- disable sender: true
[2025-04-24 12:31:11,702] [50   ] [INFO ] [] - Shutting down the metrics collector
[2025-04-24 12:41:11,631] [46   ] [INFO ] [] - Initializing the metrics collector
[2025-04-24 12:41:11,658] [46   ] [INFO ] [] - MetricsCollector::Sender(49): _disableSentMetrics 1
[2025-04-24 12:41:11,660] [46   ] [INFO ] [] - MetricsCollector::Initialize(231): Initialized metrics collector
- session id: fa7fa09c-94c0-4d08-ad3d-e603efee1017
- device id: 4ca35884-a93a-48fc-ad16-80b2a90aa32e
- application id: Box Tools Win exe
- application name: BoxTools
- application version: 4.28.1.1163
- metric collection url: https://client-log.box.com/index.php?rm=box_gen204_json_record
- metric data path: C:\Users\pcedillo\AppData\Local\Box\Box Tools\Metrics\BoxTools_Metrics_EFD61745.db
- post callback: 05D42F2E
- log callback: 05D42F56
- context: 00000000
- post interval in seconds: 600
- max records in a post: 100
- max db records: 500
- disable sender: true
[2025-04-24 12:41:11,677] [46   ] [INFO ] [] - Shutting down the metrics collector
[2025-04-24 12:51:11,605] [45   ] [INFO ] [] - Initializing the metrics collector
[2025-04-24 12:51:11,623] [45   ] [INFO ] [] - MetricsCollector::Sender(49): _disableSentMetrics 1
[2025-04-24 12:51:11,626] [45   ] [INFO ] [] - MetricsCollector::Initialize(231): Initialized metrics collector
- session id: fa7fa09c-94c0-4d08-ad3d-e603efee1017
- device id: 4ca35884-a93a-48fc-ad16-80b2a90aa32e
- application id: Box Tools Win exe
- application name: BoxTools
- application version: 4.28.1.1163
- metric collection url: https://client-log.box.com/index.php?rm=box_gen204_json_record
- metric data path: C:\Users\pcedillo\AppData\Local\Box\Box Tools\Metrics\BoxTools_Metrics_EFD61745.db
- post callback: 05D42F2E
- log callback: 05D42F56
- context: 00000000
- post interval in seconds: 600
- max records in a post: 100
- max db records: 500
- disable sender: true
[2025-04-24 12:51:11,637] [45   ] [INFO ] [] - Shutting down the metrics collector
[2025-04-24 13:01:11,576] [43   ] [INFO ] [] - Initializing the metrics collector
[2025-04-24 13:01:11,592] [43   ] [INFO ] [] - MetricsCollector::Sender(49): _disableSentMetrics 1
[2025-04-24 13:01:11,592] [43   ] [INFO ] [] - MetricsCollector::Initialize(231): Initialized metrics collector
- session id: fa7fa09c-94c0-4d08-ad3d-e603efee1017
- device id: 4ca35884-a93a-48fc-ad16-80b2a90aa32e
- application id: Box Tools Win exe
- application name: BoxTools
- application version: 4.28.1.1163
- metric collection url: https://client-log.box.com/index.php?rm=box_gen204_json_record
- metric data path: C:\Users\pcedillo\AppData\Local\Box\Box Tools\Metrics\BoxTools_Metrics_EFD61745.db
- post callback: 05D42F2E
- log callback: 05D42F56
- context: 00000000
- post interval in seconds: 600
- max records in a post: 100
- max db records: 500
- disable sender: true
[2025-04-24 13:01:11,619] [43   ] [INFO ] [] - Shutting down the metrics collector
[2025-04-24 13:11:11,576] [76   ] [INFO ] [] - Initializing the metrics collector
[2025-04-24 13:11:11,578] [76   ] [INFO ] [] - MetricsCollector::Sender(49): _disableSentMetrics 1
[2025-04-24 13:11:11,578] [76   ] [INFO ] [] - MetricsCollector::Initialize(231): Initialized metrics collector
- session id: fa7fa09c-94c0-4d08-ad3d-e603efee1017
- device id: 4ca35884-a93a-48fc-ad16-80b2a90aa32e
- application id: Box Tools Win exe
- application name: BoxTools
- application version: 4.28.1.1163
- metric collection url: https://client-log.box.com/index.php?rm=box_gen204_json_record
- metric data path: C:\Users\pcedillo\AppData\Local\Box\Box Tools\Metrics\BoxTools_Metrics_EFD61745.db
- post callback: 05D42F2E
- log callback: 05D42F56
- context: 00000000
- post interval in seconds: 600
- max records in a post: 100
- max db records: 500
- disable sender: true
[2025-04-24 13:11:11,592] [76   ] [INFO ] [] - Shutting down the metrics collector
[2025-04-24 13:21:11,541] [77   ] [INFO ] [] - Initializing the metrics collector
[2025-04-24 13:21:11,548] [77   ] [INFO ] [] - MetricsCollector::Sender(49): _disableSentMetrics 1
[2025-04-24 13:21:11,557] [77   ] [INFO ] [] - MetricsCollector::Initialize(231): Initialized metrics collector
- session id: fa7fa09c-94c0-4d08-ad3d-e603efee1017
- device id: 4ca35884-a93a-48fc-ad16-80b2a90aa32e
- application id: Box Tools Win exe
- application name: BoxTools
- application version: 4.28.1.1163
- metric collection url: https://client-log.box.com/index.php?rm=box_gen204_json_record
- metric data path: C:\Users\pcedillo\AppData\Local\Box\Box Tools\Metrics\BoxTools_Metrics_EFD61745.db
- post callback: 05D42F2E
- log callback: 05D42F56
- context: 00000000
- post interval in seconds: 600
- max records in a post: 100
- max db records: 500
- disable sender: true
[2025-04-24 13:21:11,576] [77   ] [INFO ] [] - Shutting down the metrics collector
[2025-04-24 13:54:59,935] [80   ] [INFO ] [] - Initializing the metrics collector
[2025-04-24 13:54:59,950] [80   ] [INFO ] [] - MetricsCollector::Sender(49): _disableSentMetrics 1
[2025-04-24 13:54:59,950] [80   ] [INFO ] [] - MetricsCollector::Initialize(231): Initialized metrics collector
- session id: fa7fa09c-94c0-4d08-ad3d-e603efee1017
- device id: 4ca35884-a93a-48fc-ad16-80b2a90aa32e
- application id: Box Tools Win exe
- application name: BoxTools
- application version: 4.28.1.1163
- metric collection url: https://client-log.box.com/index.php?rm=box_gen204_json_record
- metric data path: C:\Users\pcedillo\AppData\Local\Box\Box Tools\Metrics\BoxTools_Metrics_EFD61745.db
- post callback: 05D42F2E
- log callback: 05D42F56
- context: 00000000
- post interval in seconds: 600
- max records in a post: 100
- max db records: 500
- disable sender: true
[2025-04-24 13:54:59,968] [80   ] [INFO ] [] - Shutting down the metrics collector
