[2024-12-09 07:34:17,452] [44   ] [INFO ] [] - Initializing the metrics collector
[2024-12-09 07:34:17,470] [44   ] [INFO ] [] - MetricsCollector::Sender(49): _disableSentMetrics 1
[2024-12-09 07:34:17,470] [44   ] [INFO ] [] - MetricsCollector::Initialize(231): Initialized metrics collector
- session id: 82716eb9-1a55-4acf-b559-6c6b5c02e590
- device id: 4ca35884-a93a-48fc-ad16-80b2a90aa32e
- application id: Box Tools Win exe
- application name: BoxTools
- application version: 4.27.1.1145
- metric collection url: https://client-log.box.com/index.php?rm=box_gen204_json_record
- metric data path: C:\Users\pcedillo\AppData\Local\Box\Box Tools\Metrics\BoxTools_Metrics.db
- post callback: 053A04C6
- log callback: 053A6046
- context: 00000000
- post interval in seconds: 600
- max records in a post: 100
- max db records: 500
- disable sender: true
[2024-12-09 07:34:17,485] [44   ] [INFO ] [] - Shutting down the metrics collector
[2024-12-09 07:44:17,454] [30   ] [INFO ] [] - Initializing the metrics collector
[2024-12-09 07:44:17,468] [30   ] [INFO ] [] - MetricsCollector::Sender(49): _disableSentMetrics 1
[2024-12-09 07:44:17,469] [30   ] [INFO ] [] - MetricsCollector::Initialize(231): Initialized metrics collector
- session id: 82716eb9-1a55-4acf-b559-6c6b5c02e590
- device id: 4ca35884-a93a-48fc-ad16-80b2a90aa32e
- application id: Box Tools Win exe
- application name: BoxTools
- application version: 4.27.1.1145
- metric collection url: https://client-log.box.com/index.php?rm=box_gen204_json_record
- metric data path: C:\Users\pcedillo\AppData\Local\Box\Box Tools\Metrics\BoxTools_Metrics.db
- post callback: 053A04C6
- log callback: 053A6046
- context: 00000000
- post interval in seconds: 600
- max records in a post: 100
- max db records: 500
- disable sender: true
[2024-12-09 07:44:17,482] [30   ] [INFO ] [] - Shutting down the metrics collector
[2024-12-09 07:54:17,482] [21   ] [INFO ] [] - Initializing the metrics collector
[2024-12-09 07:54:17,498] [21   ] [INFO ] [] - MetricsCollector::Sender(49): _disableSentMetrics 1
[2024-12-09 07:54:17,498] [21   ] [INFO ] [] - MetricsCollector::Initialize(231): Initialized metrics collector
- session id: 82716eb9-1a55-4acf-b559-6c6b5c02e590
- device id: 4ca35884-a93a-48fc-ad16-80b2a90aa32e
- application id: Box Tools Win exe
- application name: BoxTools
- application version: 4.27.1.1145
- metric collection url: https://client-log.box.com/index.php?rm=box_gen204_json_record
- metric data path: C:\Users\pcedillo\AppData\Local\Box\Box Tools\Metrics\BoxTools_Metrics.db
- post callback: 053A04C6
- log callback: 053A6046
- context: 00000000
- post interval in seconds: 600
- max records in a post: 100
- max db records: 500
- disable sender: true
[2024-12-09 07:54:17,501] [21   ] [INFO ] [] - Shutting down the metrics collector
[2024-12-09 08:04:17,483] [21   ] [INFO ] [] - Initializing the metrics collector
[2024-12-09 08:04:17,499] [21   ] [INFO ] [] - MetricsCollector::Sender(49): _disableSentMetrics 1
[2024-12-09 08:04:17,499] [21   ] [INFO ] [] - MetricsCollector::Initialize(231): Initialized metrics collector
- session id: 82716eb9-1a55-4acf-b559-6c6b5c02e590
- device id: 4ca35884-a93a-48fc-ad16-80b2a90aa32e
- application id: Box Tools Win exe
- application name: BoxTools
- application version: 4.27.1.1145
- metric collection url: https://client-log.box.com/index.php?rm=box_gen204_json_record
- metric data path: C:\Users\pcedillo\AppData\Local\Box\Box Tools\Metrics\BoxTools_Metrics.db
- post callback: 053A04C6
- log callback: 053A6046
- context: 00000000
- post interval in seconds: 600
- max records in a post: 100
- max db records: 500
- disable sender: true
[2024-12-09 08:04:17,499] [21   ] [INFO ] [] - Shutting down the metrics collector
[2024-12-09 08:14:17,484] [33   ] [INFO ] [] - Initializing the metrics collector
[2024-12-09 08:14:17,491] [33   ] [INFO ] [] - MetricsCollector::Sender(49): _disableSentMetrics 1
[2024-12-09 08:14:17,499] [33   ] [INFO ] [] - MetricsCollector::Initialize(231): Initialized metrics collector
- session id: 82716eb9-1a55-4acf-b559-6c6b5c02e590
- device id: 4ca35884-a93a-48fc-ad16-80b2a90aa32e
- application id: Box Tools Win exe
- application name: BoxTools
- application version: 4.27.1.1145
- metric collection url: https://client-log.box.com/index.php?rm=box_gen204_json_record
- metric data path: C:\Users\pcedillo\AppData\Local\Box\Box Tools\Metrics\BoxTools_Metrics.db
- post callback: 053A04C6
- log callback: 053A6046
- context: 00000000
- post interval in seconds: 600
- max records in a post: 100
- max db records: 500
- disable sender: true
[2024-12-09 08:14:17,515] [33   ] [INFO ] [] - Shutting down the metrics collector
[2024-12-09 08:24:17,505] [41   ] [INFO ] [] - Initializing the metrics collector
[2024-12-09 08:24:17,505] [41   ] [INFO ] [] - MetricsCollector::Sender(49): _disableSentMetrics 1
[2024-12-09 08:24:17,505] [41   ] [INFO ] [] - MetricsCollector::Initialize(231): Initialized metrics collector
- session id: 82716eb9-1a55-4acf-b559-6c6b5c02e590
- device id: 4ca35884-a93a-48fc-ad16-80b2a90aa32e
- application id: Box Tools Win exe
- application name: BoxTools
- application version: 4.27.1.1145
- metric collection url: https://client-log.box.com/index.php?rm=box_gen204_json_record
- metric data path: C:\Users\pcedillo\AppData\Local\Box\Box Tools\Metrics\BoxTools_Metrics.db
- post callback: 053A04C6
- log callback: 053A6046
- context: 00000000
- post interval in seconds: 600
- max records in a post: 100
- max db records: 500
- disable sender: true
[2024-12-09 08:24:17,514] [41   ] [INFO ] [] - Shutting down the metrics collector
[2024-12-09 08:34:17,519] [37   ] [INFO ] [] - Initializing the metrics collector
[2024-12-09 08:34:17,535] [37   ] [INFO ] [] - MetricsCollector::Sender(49): _disableSentMetrics 1
[2024-12-09 08:34:17,536] [37   ] [INFO ] [] - MetricsCollector::Initialize(231): Initialized metrics collector
- session id: 82716eb9-1a55-4acf-b559-6c6b5c02e590
- device id: 4ca35884-a93a-48fc-ad16-80b2a90aa32e
- application id: Box Tools Win exe
- application name: BoxTools
- application version: 4.27.1.1145
- metric collection url: https://client-log.box.com/index.php?rm=box_gen204_json_record
- metric data path: C:\Users\pcedillo\AppData\Local\Box\Box Tools\Metrics\BoxTools_Metrics.db
- post callback: 053A04C6
- log callback: 053A6046
- context: 00000000
- post interval in seconds: 600
- max records in a post: 100
- max db records: 500
- disable sender: true
[2024-12-09 08:34:17,541] [37   ] [INFO ] [] - Shutting down the metrics collector
[2024-12-09 08:44:17,532] [10   ] [INFO ] [] - Initializing the metrics collector
[2024-12-09 08:44:17,540] [10   ] [INFO ] [] - MetricsCollector::Sender(49): _disableSentMetrics 1
[2024-12-09 08:44:17,540] [10   ] [INFO ] [] - MetricsCollector::Initialize(231): Initialized metrics collector
- session id: 82716eb9-1a55-4acf-b559-6c6b5c02e590
- device id: 4ca35884-a93a-48fc-ad16-80b2a90aa32e
- application id: Box Tools Win exe
- application name: BoxTools
- application version: 4.27.1.1145
- metric collection url: https://client-log.box.com/index.php?rm=box_gen204_json_record
- metric data path: C:\Users\pcedillo\AppData\Local\Box\Box Tools\Metrics\BoxTools_Metrics.db
- post callback: 053A04C6
- log callback: 053A6046
- context: 00000000
- post interval in seconds: 600
- max records in a post: 100
- max db records: 500
- disable sender: true
[2024-12-09 08:44:17,550] [10   ] [INFO ] [] - Shutting down the metrics collector
[2024-12-09 08:54:17,536] [7    ] [INFO ] [] - Initializing the metrics collector
[2024-12-09 08:54:17,552] [7    ] [INFO ] [] - MetricsCollector::Sender(49): _disableSentMetrics 1
[2024-12-09 08:54:17,552] [7    ] [INFO ] [] - MetricsCollector::Initialize(231): Initialized metrics collector
- session id: 82716eb9-1a55-4acf-b559-6c6b5c02e590
- device id: 4ca35884-a93a-48fc-ad16-80b2a90aa32e
- application id: Box Tools Win exe
- application name: BoxTools
- application version: 4.27.1.1145
- metric collection url: https://client-log.box.com/index.php?rm=box_gen204_json_record
- metric data path: C:\Users\pcedillo\AppData\Local\Box\Box Tools\Metrics\BoxTools_Metrics.db
- post callback: 053A04C6
- log callback: 053A6046
- context: 00000000
- post interval in seconds: 600
- max records in a post: 100
- max db records: 500
- disable sender: true
[2024-12-09 08:54:17,570] [7    ] [INFO ] [] - Shutting down the metrics collector
[2024-12-09 09:04:17,537] [6    ] [INFO ] [] - Initializing the metrics collector
[2024-12-09 09:04:17,561] [6    ] [INFO ] [] - MetricsCollector::Sender(49): _disableSentMetrics 1
[2024-12-09 09:04:17,561] [6    ] [INFO ] [] - MetricsCollector::Initialize(231): Initialized metrics collector
- session id: 82716eb9-1a55-4acf-b559-6c6b5c02e590
- device id: 4ca35884-a93a-48fc-ad16-80b2a90aa32e
- application id: Box Tools Win exe
- application name: BoxTools
- application version: 4.27.1.1145
- metric collection url: https://client-log.box.com/index.php?rm=box_gen204_json_record
- metric data path: C:\Users\pcedillo\AppData\Local\Box\Box Tools\Metrics\BoxTools_Metrics.db
- post callback: 053A04C6
- log callback: 053A6046
- context: 00000000
- post interval in seconds: 600
- max records in a post: 100
- max db records: 500
- disable sender: true
[2024-12-09 09:04:17,577] [6    ] [INFO ] [] - Shutting down the metrics collector
[2024-12-09 09:14:17,542] [16   ] [INFO ] [] - Initializing the metrics collector
[2024-12-09 09:14:17,558] [16   ] [INFO ] [] - MetricsCollector::Sender(49): _disableSentMetrics 1
[2024-12-09 09:14:17,558] [16   ] [INFO ] [] - MetricsCollector::Initialize(231): Initialized metrics collector
- session id: 82716eb9-1a55-4acf-b559-6c6b5c02e590
- device id: 4ca35884-a93a-48fc-ad16-80b2a90aa32e
- application id: Box Tools Win exe
- application name: BoxTools
- application version: 4.27.1.1145
- metric collection url: https://client-log.box.com/index.php?rm=box_gen204_json_record
- metric data path: C:\Users\pcedillo\AppData\Local\Box\Box Tools\Metrics\BoxTools_Metrics.db
- post callback: 053A04C6
- log callback: 053A6046
- context: 00000000
- post interval in seconds: 600
- max records in a post: 100
- max db records: 500
- disable sender: true
[2024-12-09 09:14:17,572] [16   ] [INFO ] [] - Shutting down the metrics collector
[2024-12-09 09:24:17,554] [5    ] [INFO ] [] - Initializing the metrics collector
[2024-12-09 09:24:17,554] [5    ] [INFO ] [] - MetricsCollector::Sender(49): _disableSentMetrics 1
[2024-12-09 09:24:17,554] [5    ] [INFO ] [] - MetricsCollector::Initialize(231): Initialized metrics collector
- session id: 82716eb9-1a55-4acf-b559-6c6b5c02e590
- device id: 4ca35884-a93a-48fc-ad16-80b2a90aa32e
- application id: Box Tools Win exe
- application name: BoxTools
- application version: 4.27.1.1145
- metric collection url: https://client-log.box.com/index.php?rm=box_gen204_json_record
- metric data path: C:\Users\pcedillo\AppData\Local\Box\Box Tools\Metrics\BoxTools_Metrics.db
- post callback: 053A04C6
- log callback: 053A6046
- context: 00000000
- post interval in seconds: 600
- max records in a post: 100
- max db records: 500
- disable sender: true
[2024-12-09 09:24:17,570] [5    ] [INFO ] [] - Shutting down the metrics collector
[2024-12-09 09:34:17,565] [28   ] [INFO ] [] - Initializing the metrics collector
[2024-12-09 09:34:17,565] [28   ] [INFO ] [] - MetricsCollector::Sender(49): _disableSentMetrics 1
[2024-12-09 09:34:17,565] [28   ] [INFO ] [] - MetricsCollector::Initialize(231): Initialized metrics collector
- session id: 82716eb9-1a55-4acf-b559-6c6b5c02e590
- device id: 4ca35884-a93a-48fc-ad16-80b2a90aa32e
- application id: Box Tools Win exe
- application name: BoxTools
- application version: 4.27.1.1145
- metric collection url: https://client-log.box.com/index.php?rm=box_gen204_json_record
- metric data path: C:\Users\pcedillo\AppData\Local\Box\Box Tools\Metrics\BoxTools_Metrics.db
- post callback: 053A04C6
- log callback: 053A6046
- context: 00000000
- post interval in seconds: 600
- max records in a post: 100
- max db records: 500
- disable sender: true
[2024-12-09 09:34:17,581] [28   ] [INFO ] [] - Shutting down the metrics collector
[2024-12-09 09:44:17,566] [24   ] [INFO ] [] - Initializing the metrics collector
[2024-12-09 09:44:17,570] [24   ] [INFO ] [] - MetricsCollector::Sender(49): _disableSentMetrics 1
[2024-12-09 09:44:17,570] [24   ] [INFO ] [] - MetricsCollector::Initialize(231): Initialized metrics collector
- session id: 82716eb9-1a55-4acf-b559-6c6b5c02e590
- device id: 4ca35884-a93a-48fc-ad16-80b2a90aa32e
- application id: Box Tools Win exe
- application name: BoxTools
- application version: 4.27.1.1145
- metric collection url: https://client-log.box.com/index.php?rm=box_gen204_json_record
- metric data path: C:\Users\pcedillo\AppData\Local\Box\Box Tools\Metrics\BoxTools_Metrics.db
- post callback: 053A04C6
- log callback: 053A6046
- context: 00000000
- post interval in seconds: 600
- max records in a post: 100
- max db records: 500
- disable sender: true
[2024-12-09 09:44:17,586] [24   ] [INFO ] [] - Shutting down the metrics collector
[2024-12-09 09:54:17,596] [26   ] [INFO ] [] - Initializing the metrics collector
[2024-12-09 09:54:17,596] [26   ] [INFO ] [] - MetricsCollector::Sender(49): _disableSentMetrics 1
[2024-12-09 09:54:17,612] [26   ] [INFO ] [] - MetricsCollector::Initialize(231): Initialized metrics collector
- session id: 82716eb9-1a55-4acf-b559-6c6b5c02e590
- device id: 4ca35884-a93a-48fc-ad16-80b2a90aa32e
- application id: Box Tools Win exe
- application name: BoxTools
- application version: 4.27.1.1145
- metric collection url: https://client-log.box.com/index.php?rm=box_gen204_json_record
- metric data path: C:\Users\pcedillo\AppData\Local\Box\Box Tools\Metrics\BoxTools_Metrics.db
- post callback: 053A04C6
- log callback: 053A6046
- context: 00000000
- post interval in seconds: 600
- max records in a post: 100
- max db records: 500
- disable sender: true
[2024-12-09 09:54:17,612] [26   ] [INFO ] [] - Shutting down the metrics collector
[2024-12-09 10:04:17,600] [32   ] [INFO ] [] - Initializing the metrics collector
[2024-12-09 10:04:17,602] [32   ] [INFO ] [] - MetricsCollector::Sender(49): _disableSentMetrics 1
[2024-12-09 10:04:17,607] [32   ] [INFO ] [] - MetricsCollector::Initialize(231): Initialized metrics collector
- session id: 82716eb9-1a55-4acf-b559-6c6b5c02e590
- device id: 4ca35884-a93a-48fc-ad16-80b2a90aa32e
- application id: Box Tools Win exe
- application name: BoxTools
- application version: 4.27.1.1145
- metric collection url: https://client-log.box.com/index.php?rm=box_gen204_json_record
- metric data path: C:\Users\pcedillo\AppData\Local\Box\Box Tools\Metrics\BoxTools_Metrics.db
- post callback: 053A04C6
- log callback: 053A6046
- context: 00000000
- post interval in seconds: 600
- max records in a post: 100
- max db records: 500
- disable sender: true
[2024-12-09 10:04:17,610] [32   ] [INFO ] [] - Shutting down the metrics collector
[2024-12-09 10:14:17,614] [47   ] [INFO ] [] - Initializing the metrics collector
[2024-12-09 10:14:17,615] [47   ] [INFO ] [] - MetricsCollector::Sender(49): _disableSentMetrics 1
[2024-12-09 10:14:17,615] [47   ] [INFO ] [] - MetricsCollector::Initialize(231): Initialized metrics collector
- session id: 82716eb9-1a55-4acf-b559-6c6b5c02e590
- device id: 4ca35884-a93a-48fc-ad16-80b2a90aa32e
- application id: Box Tools Win exe
- application name: BoxTools
- application version: 4.27.1.1145
- metric collection url: https://client-log.box.com/index.php?rm=box_gen204_json_record
- metric data path: C:\Users\pcedillo\AppData\Local\Box\Box Tools\Metrics\BoxTools_Metrics.db
- post callback: 053A04C6
- log callback: 053A6046
- context: 00000000
- post interval in seconds: 600
- max records in a post: 100
- max db records: 500
- disable sender: true
[2024-12-09 10:14:17,630] [47   ] [INFO ] [] - Shutting down the metrics collector
[2024-12-09 10:24:17,628] [47   ] [INFO ] [] - Initializing the metrics collector
[2024-12-09 10:24:17,642] [47   ] [INFO ] [] - MetricsCollector::Sender(49): _disableSentMetrics 1
[2024-12-09 10:24:17,644] [47   ] [INFO ] [] - MetricsCollector::Initialize(231): Initialized metrics collector
- session id: 82716eb9-1a55-4acf-b559-6c6b5c02e590
- device id: 4ca35884-a93a-48fc-ad16-80b2a90aa32e
- application id: Box Tools Win exe
- application name: BoxTools
- application version: 4.27.1.1145
- metric collection url: https://client-log.box.com/index.php?rm=box_gen204_json_record
- metric data path: C:\Users\pcedillo\AppData\Local\Box\Box Tools\Metrics\BoxTools_Metrics.db
- post callback: 053A04C6
- log callback: 053A6046
- context: 00000000
- post interval in seconds: 600
- max records in a post: 100
- max db records: 500
- disable sender: true
[2024-12-09 10:24:17,648] [47   ] [INFO ] [] - Shutting down the metrics collector
[2024-12-09 10:34:17,648] [48   ] [INFO ] [] - Initializing the metrics collector
[2024-12-09 10:34:17,664] [48   ] [INFO ] [] - MetricsCollector::Sender(49): _disableSentMetrics 1
[2024-12-09 10:34:17,664] [48   ] [INFO ] [] - MetricsCollector::Initialize(231): Initialized metrics collector
- session id: 82716eb9-1a55-4acf-b559-6c6b5c02e590
- device id: 4ca35884-a93a-48fc-ad16-80b2a90aa32e
- application id: Box Tools Win exe
- application name: BoxTools
- application version: 4.27.1.1145
- metric collection url: https://client-log.box.com/index.php?rm=box_gen204_json_record
- metric data path: C:\Users\pcedillo\AppData\Local\Box\Box Tools\Metrics\BoxTools_Metrics.db
- post callback: 053A04C6
- log callback: 053A6046
- context: 00000000
- post interval in seconds: 600
- max records in a post: 100
- max db records: 500
- disable sender: true
[2024-12-09 10:34:17,680] [48   ] [INFO ] [] - Shutting down the metrics collector
[2024-12-09 10:44:17,656] [50   ] [INFO ] [] - Initializing the metrics collector
[2024-12-09 10:44:17,671] [50   ] [INFO ] [] - MetricsCollector::Sender(49): _disableSentMetrics 1
[2024-12-09 10:44:17,671] [50   ] [INFO ] [] - MetricsCollector::Initialize(231): Initialized metrics collector
- session id: 82716eb9-1a55-4acf-b559-6c6b5c02e590
- device id: 4ca35884-a93a-48fc-ad16-80b2a90aa32e
- application id: Box Tools Win exe
- application name: BoxTools
- application version: 4.27.1.1145
- metric collection url: https://client-log.box.com/index.php?rm=box_gen204_json_record
- metric data path: C:\Users\pcedillo\AppData\Local\Box\Box Tools\Metrics\BoxTools_Metrics.db
- post callback: 053A04C6
- log callback: 053A6046
- context: 00000000
- post interval in seconds: 600
- max records in a post: 100
- max db records: 500
- disable sender: true
[2024-12-09 10:44:17,687] [50   ] [INFO ] [] - Shutting down the metrics collector
[2024-12-09 10:54:17,684] [52   ] [INFO ] [] - Initializing the metrics collector
[2024-12-09 10:54:17,684] [52   ] [INFO ] [] - MetricsCollector::Sender(49): _disableSentMetrics 1
[2024-12-09 10:54:17,684] [52   ] [INFO ] [] - MetricsCollector::Initialize(231): Initialized metrics collector
- session id: 82716eb9-1a55-4acf-b559-6c6b5c02e590
- device id: 4ca35884-a93a-48fc-ad16-80b2a90aa32e
- application id: Box Tools Win exe
- application name: BoxTools
- application version: 4.27.1.1145
- metric collection url: https://client-log.box.com/index.php?rm=box_gen204_json_record
- metric data path: C:\Users\pcedillo\AppData\Local\Box\Box Tools\Metrics\BoxTools_Metrics.db
- post callback: 053A04C6
- log callback: 053A6046
- context: 00000000
- post interval in seconds: 600
- max records in a post: 100
- max db records: 500
- disable sender: true
[2024-12-09 10:54:17,700] [52   ] [INFO ] [] - Shutting down the metrics collector
[2024-12-09 11:04:17,695] [54   ] [INFO ] [] - Initializing the metrics collector
[2024-12-09 11:04:17,708] [54   ] [INFO ] [] - MetricsCollector::Sender(49): _disableSentMetrics 1
[2024-12-09 11:04:17,710] [54   ] [INFO ] [] - MetricsCollector::Initialize(231): Initialized metrics collector
- session id: 82716eb9-1a55-4acf-b559-6c6b5c02e590
- device id: 4ca35884-a93a-48fc-ad16-80b2a90aa32e
- application id: Box Tools Win exe
- application name: BoxTools
- application version: 4.27.1.1145
- metric collection url: https://client-log.box.com/index.php?rm=box_gen204_json_record
- metric data path: C:\Users\pcedillo\AppData\Local\Box\Box Tools\Metrics\BoxTools_Metrics.db
- post callback: 053A04C6
- log callback: 053A6046
- context: 00000000
- post interval in seconds: 600
- max records in a post: 100
- max db records: 500
- disable sender: true
[2024-12-09 11:04:17,715] [54   ] [INFO ] [] - Shutting down the metrics collector
[2024-12-09 11:14:17,705] [56   ] [INFO ] [] - Initializing the metrics collector
[2024-12-09 11:14:17,719] [56   ] [INFO ] [] - MetricsCollector::Sender(49): _disableSentMetrics 1
[2024-12-09 11:14:17,719] [56   ] [INFO ] [] - MetricsCollector::Initialize(231): Initialized metrics collector
- session id: 82716eb9-1a55-4acf-b559-6c6b5c02e590
- device id: 4ca35884-a93a-48fc-ad16-80b2a90aa32e
- application id: Box Tools Win exe
- application name: BoxTools
- application version: 4.27.1.1145
- metric collection url: https://client-log.box.com/index.php?rm=box_gen204_json_record
- metric data path: C:\Users\pcedillo\AppData\Local\Box\Box Tools\Metrics\BoxTools_Metrics.db
- post callback: 053A04C6
- log callback: 053A6046
- context: 00000000
- post interval in seconds: 600
- max records in a post: 100
- max db records: 500
- disable sender: true
[2024-12-09 11:14:17,730] [56   ] [INFO ] [] - Shutting down the metrics collector
[2024-12-09 11:24:17,704] [58   ] [INFO ] [] - Initializing the metrics collector
[2024-12-09 11:24:17,720] [58   ] [INFO ] [] - MetricsCollector::Sender(49): _disableSentMetrics 1
[2024-12-09 11:24:17,720] [58   ] [INFO ] [] - MetricsCollector::Initialize(231): Initialized metrics collector
- session id: 82716eb9-1a55-4acf-b559-6c6b5c02e590
- device id: 4ca35884-a93a-48fc-ad16-80b2a90aa32e
- application id: Box Tools Win exe
- application name: BoxTools
- application version: 4.27.1.1145
- metric collection url: https://client-log.box.com/index.php?rm=box_gen204_json_record
- metric data path: C:\Users\pcedillo\AppData\Local\Box\Box Tools\Metrics\BoxTools_Metrics.db
- post callback: 053A04C6
- log callback: 053A6046
- context: 00000000
- post interval in seconds: 600
- max records in a post: 100
- max db records: 500
- disable sender: true
[2024-12-09 11:24:17,729] [58   ] [INFO ] [] - Shutting down the metrics collector
[2024-12-09 11:34:17,724] [60   ] [INFO ] [] - Initializing the metrics collector
[2024-12-09 11:34:17,724] [60   ] [INFO ] [] - MetricsCollector::Sender(49): _disableSentMetrics 1
[2024-12-09 11:34:17,724] [60   ] [INFO ] [] - MetricsCollector::Initialize(231): Initialized metrics collector
- session id: 82716eb9-1a55-4acf-b559-6c6b5c02e590
- device id: 4ca35884-a93a-48fc-ad16-80b2a90aa32e
- application id: Box Tools Win exe
- application name: BoxTools
- application version: 4.27.1.1145
- metric collection url: https://client-log.box.com/index.php?rm=box_gen204_json_record
- metric data path: C:\Users\pcedillo\AppData\Local\Box\Box Tools\Metrics\BoxTools_Metrics.db
- post callback: 053A04C6
- log callback: 053A6046
- context: 00000000
- post interval in seconds: 600
- max records in a post: 100
- max db records: 500
- disable sender: true
[2024-12-09 11:34:17,724] [60   ] [INFO ] [] - Shutting down the metrics collector
