[2025-01-10 00:09:33,581] [35   ] [INFO ] [] - Initializing the metrics collector
[2025-01-10 00:09:33,590] [35   ] [INFO ] [] - MetricsCollector::Sender(49): _disableSentMetrics 1
[2025-01-10 00:09:33,590] [35   ] [INFO ] [] - MetricsCollector::Initialize(231): Initialized metrics collector
- session id: 4c30067f-ca99-4153-b7e7-89c211a34109
- device id: 4ca35884-a93a-48fc-ad16-80b2a90aa32e
- application id: Box Tools Win exe
- application name: BoxTools
- application version: 4.27.1.1145
- metric collection url: https://client-log.box.com/index.php?rm=box_gen204_json_record
- metric data path: C:\Users\pcedillo\AppData\Local\Box\Box Tools\Metrics\BoxTools_Metrics.db
- post callback: 059104C6
- log callback: 059161FE
- context: 00000000
- post interval in seconds: 600
- max records in a post: 100
- max db records: 500
- disable sender: true
[2025-01-10 00:09:33,595] [35   ] [INFO ] [] - Shutting down the metrics collector
[2025-01-10 00:19:33,563] [40   ] [INFO ] [] - Initializing the metrics collector
[2025-01-10 00:19:33,576] [40   ] [INFO ] [] - MetricsCollector::Sender(49): _disableSentMetrics 1
[2025-01-10 00:19:33,576] [40   ] [INFO ] [] - MetricsCollector::Initialize(231): Initialized metrics collector
- session id: 4c30067f-ca99-4153-b7e7-89c211a34109
- device id: 4ca35884-a93a-48fc-ad16-80b2a90aa32e
- application id: Box Tools Win exe
- application name: BoxTools
- application version: 4.27.1.1145
- metric collection url: https://client-log.box.com/index.php?rm=box_gen204_json_record
- metric data path: C:\Users\pcedillo\AppData\Local\Box\Box Tools\Metrics\BoxTools_Metrics.db
- post callback: 059104C6
- log callback: 059161FE
- context: 00000000
- post interval in seconds: 600
- max records in a post: 100
- max db records: 500
- disable sender: true
[2025-01-10 00:19:33,588] [40   ] [INFO ] [] - Shutting down the metrics collector
[2025-01-10 00:29:33,543] [43   ] [INFO ] [] - Initializing the metrics collector
[2025-01-10 00:29:33,555] [43   ] [INFO ] [] - MetricsCollector::Sender(49): _disableSentMetrics 1
[2025-01-10 00:29:33,556] [43   ] [INFO ] [] - MetricsCollector::Initialize(231): Initialized metrics collector
- session id: 4c30067f-ca99-4153-b7e7-89c211a34109
- device id: 4ca35884-a93a-48fc-ad16-80b2a90aa32e
- application id: Box Tools Win exe
- application name: BoxTools
- application version: 4.27.1.1145
- metric collection url: https://client-log.box.com/index.php?rm=box_gen204_json_record
- metric data path: C:\Users\pcedillo\AppData\Local\Box\Box Tools\Metrics\BoxTools_Metrics.db
- post callback: 059104C6
- log callback: 059161FE
- context: 00000000
- post interval in seconds: 600
- max records in a post: 100
- max db records: 500
- disable sender: true
[2025-01-10 00:29:33,570] [43   ] [INFO ] [] - Shutting down the metrics collector
[2025-01-10 00:39:33,535] [45   ] [INFO ] [] - Initializing the metrics collector
[2025-01-10 00:39:33,548] [45   ] [INFO ] [] - MetricsCollector::Sender(49): _disableSentMetrics 1
[2025-01-10 00:39:33,549] [45   ] [INFO ] [] - MetricsCollector::Initialize(231): Initialized metrics collector
- session id: 4c30067f-ca99-4153-b7e7-89c211a34109
- device id: 4ca35884-a93a-48fc-ad16-80b2a90aa32e
- application id: Box Tools Win exe
- application name: BoxTools
- application version: 4.27.1.1145
- metric collection url: https://client-log.box.com/index.php?rm=box_gen204_json_record
- metric data path: C:\Users\pcedillo\AppData\Local\Box\Box Tools\Metrics\BoxTools_Metrics.db
- post callback: 059104C6
- log callback: 059161FE
- context: 00000000
- post interval in seconds: 600
- max records in a post: 100
- max db records: 500
- disable sender: true
[2025-01-10 00:39:33,561] [45   ] [INFO ] [] - Shutting down the metrics collector
[2025-01-10 00:49:33,534] [42   ] [INFO ] [] - Initializing the metrics collector
[2025-01-10 00:49:33,547] [42   ] [INFO ] [] - MetricsCollector::Sender(49): _disableSentMetrics 1
[2025-01-10 00:49:33,548] [42   ] [INFO ] [] - MetricsCollector::Initialize(231): Initialized metrics collector
- session id: 4c30067f-ca99-4153-b7e7-89c211a34109
- device id: 4ca35884-a93a-48fc-ad16-80b2a90aa32e
- application id: Box Tools Win exe
- application name: BoxTools
- application version: 4.27.1.1145
- metric collection url: https://client-log.box.com/index.php?rm=box_gen204_json_record
- metric data path: C:\Users\pcedillo\AppData\Local\Box\Box Tools\Metrics\BoxTools_Metrics.db
- post callback: 059104C6
- log callback: 059161FE
- context: 00000000
- post interval in seconds: 600
- max records in a post: 100
- max db records: 500
- disable sender: true
[2025-01-10 00:49:33,561] [42   ] [INFO ] [] - Shutting down the metrics collector
[2025-01-10 00:59:33,531] [49   ] [INFO ] [] - Initializing the metrics collector
[2025-01-10 00:59:33,542] [49   ] [INFO ] [] - MetricsCollector::Sender(49): _disableSentMetrics 1
[2025-01-10 00:59:33,543] [49   ] [INFO ] [] - MetricsCollector::Initialize(231): Initialized metrics collector
- session id: 4c30067f-ca99-4153-b7e7-89c211a34109
- device id: 4ca35884-a93a-48fc-ad16-80b2a90aa32e
- application id: Box Tools Win exe
- application name: BoxTools
- application version: 4.27.1.1145
- metric collection url: https://client-log.box.com/index.php?rm=box_gen204_json_record
- metric data path: C:\Users\pcedillo\AppData\Local\Box\Box Tools\Metrics\BoxTools_Metrics.db
- post callback: 059104C6
- log callback: 059161FE
- context: 00000000
- post interval in seconds: 600
- max records in a post: 100
- max db records: 500
- disable sender: true
[2025-01-10 00:59:33,552] [49   ] [INFO ] [] - Shutting down the metrics collector
[2025-01-10 01:09:33,540] [50   ] [INFO ] [] - Initializing the metrics collector
[2025-01-10 01:09:33,553] [50   ] [INFO ] [] - MetricsCollector::Sender(49): _disableSentMetrics 1
[2025-01-10 01:09:33,554] [50   ] [INFO ] [] - MetricsCollector::Initialize(231): Initialized metrics collector
- session id: 4c30067f-ca99-4153-b7e7-89c211a34109
- device id: 4ca35884-a93a-48fc-ad16-80b2a90aa32e
- application id: Box Tools Win exe
- application name: BoxTools
- application version: 4.27.1.1145
- metric collection url: https://client-log.box.com/index.php?rm=box_gen204_json_record
- metric data path: C:\Users\pcedillo\AppData\Local\Box\Box Tools\Metrics\BoxTools_Metrics.db
- post callback: 059104C6
- log callback: 059161FE
- context: 00000000
- post interval in seconds: 600
- max records in a post: 100
- max db records: 500
- disable sender: true
[2025-01-10 01:09:33,566] [50   ] [INFO ] [] - Shutting down the metrics collector
[2025-01-10 01:19:33,547] [53   ] [INFO ] [] - Initializing the metrics collector
[2025-01-10 01:19:33,560] [53   ] [INFO ] [] - MetricsCollector::Sender(49): _disableSentMetrics 1
[2025-01-10 01:19:33,561] [53   ] [INFO ] [] - MetricsCollector::Initialize(231): Initialized metrics collector
- session id: 4c30067f-ca99-4153-b7e7-89c211a34109
- device id: 4ca35884-a93a-48fc-ad16-80b2a90aa32e
- application id: Box Tools Win exe
- application name: BoxTools
- application version: 4.27.1.1145
- metric collection url: https://client-log.box.com/index.php?rm=box_gen204_json_record
- metric data path: C:\Users\pcedillo\AppData\Local\Box\Box Tools\Metrics\BoxTools_Metrics.db
- post callback: 059104C6
- log callback: 059161FE
- context: 00000000
- post interval in seconds: 600
- max records in a post: 100
- max db records: 500
- disable sender: true
[2025-01-10 01:19:33,573] [53   ] [INFO ] [] - Shutting down the metrics collector
[2025-01-10 01:29:33,536] [55   ] [INFO ] [] - Initializing the metrics collector
[2025-01-10 01:29:33,550] [55   ] [INFO ] [] - MetricsCollector::Sender(49): _disableSentMetrics 1
[2025-01-10 01:29:33,550] [55   ] [INFO ] [] - MetricsCollector::Initialize(231): Initialized metrics collector
- session id: 4c30067f-ca99-4153-b7e7-89c211a34109
- device id: 4ca35884-a93a-48fc-ad16-80b2a90aa32e
- application id: Box Tools Win exe
- application name: BoxTools
- application version: 4.27.1.1145
- metric collection url: https://client-log.box.com/index.php?rm=box_gen204_json_record
- metric data path: C:\Users\pcedillo\AppData\Local\Box\Box Tools\Metrics\BoxTools_Metrics.db
- post callback: 059104C6
- log callback: 059161FE
- context: 00000000
- post interval in seconds: 600
- max records in a post: 100
- max db records: 500
- disable sender: true
[2025-01-10 01:29:33,562] [55   ] [INFO ] [] - Shutting down the metrics collector
[2025-01-10 01:39:33,532] [58   ] [INFO ] [] - Initializing the metrics collector
[2025-01-10 01:39:33,545] [58   ] [INFO ] [] - MetricsCollector::Sender(49): _disableSentMetrics 1
[2025-01-10 01:39:33,546] [58   ] [INFO ] [] - MetricsCollector::Initialize(231): Initialized metrics collector
- session id: 4c30067f-ca99-4153-b7e7-89c211a34109
- device id: 4ca35884-a93a-48fc-ad16-80b2a90aa32e
- application id: Box Tools Win exe
- application name: BoxTools
- application version: 4.27.1.1145
- metric collection url: https://client-log.box.com/index.php?rm=box_gen204_json_record
- metric data path: C:\Users\pcedillo\AppData\Local\Box\Box Tools\Metrics\BoxTools_Metrics.db
- post callback: 059104C6
- log callback: 059161FE
- context: 00000000
- post interval in seconds: 600
- max records in a post: 100
- max db records: 500
- disable sender: true
[2025-01-10 01:39:33,559] [58   ] [INFO ] [] - Shutting down the metrics collector
[2025-01-10 01:49:33,532] [60   ] [INFO ] [] - Initializing the metrics collector
[2025-01-10 01:49:33,543] [60   ] [INFO ] [] - MetricsCollector::Sender(49): _disableSentMetrics 1
[2025-01-10 01:49:33,544] [60   ] [INFO ] [] - MetricsCollector::Initialize(231): Initialized metrics collector
- session id: 4c30067f-ca99-4153-b7e7-89c211a34109
- device id: 4ca35884-a93a-48fc-ad16-80b2a90aa32e
- application id: Box Tools Win exe
- application name: BoxTools
- application version: 4.27.1.1145
- metric collection url: https://client-log.box.com/index.php?rm=box_gen204_json_record
- metric data path: C:\Users\pcedillo\AppData\Local\Box\Box Tools\Metrics\BoxTools_Metrics.db
- post callback: 059104C6
- log callback: 059161FE
- context: 00000000
- post interval in seconds: 600
- max records in a post: 100
- max db records: 500
- disable sender: true
[2025-01-10 01:49:33,557] [60   ] [INFO ] [] - Shutting down the metrics collector
[2025-01-10 01:59:40,633] [62   ] [INFO ] [] - Initializing the metrics collector
[2025-01-10 01:59:40,643] [62   ] [INFO ] [] - MetricsCollector::Sender(49): _disableSentMetrics 1
[2025-01-10 01:59:40,643] [62   ] [INFO ] [] - MetricsCollector::Initialize(231): Initialized metrics collector
- session id: 4c30067f-ca99-4153-b7e7-89c211a34109
- device id: 4ca35884-a93a-48fc-ad16-80b2a90aa32e
- application id: Box Tools Win exe
- application name: BoxTools
- application version: 4.27.1.1145
- metric collection url: https://client-log.box.com/index.php?rm=box_gen204_json_record
- metric data path: C:\Users\pcedillo\AppData\Local\Box\Box Tools\Metrics\BoxTools_Metrics.db
- post callback: 059104C6
- log callback: 059161FE
- context: 00000000
- post interval in seconds: 600
- max records in a post: 100
- max db records: 500
- disable sender: true
[2025-01-10 01:59:40,652] [62   ] [INFO ] [] - Shutting down the metrics collector
[2025-01-10 02:09:40,588] [66   ] [INFO ] [] - Initializing the metrics collector
[2025-01-10 02:09:40,602] [66   ] [INFO ] [] - MetricsCollector::Sender(49): _disableSentMetrics 1
[2025-01-10 02:09:40,602] [66   ] [INFO ] [] - MetricsCollector::Initialize(231): Initialized metrics collector
- session id: 4c30067f-ca99-4153-b7e7-89c211a34109
- device id: 4ca35884-a93a-48fc-ad16-80b2a90aa32e
- application id: Box Tools Win exe
- application name: BoxTools
- application version: 4.27.1.1145
- metric collection url: https://client-log.box.com/index.php?rm=box_gen204_json_record
- metric data path: C:\Users\pcedillo\AppData\Local\Box\Box Tools\Metrics\BoxTools_Metrics.db
- post callback: 059104C6
- log callback: 059161FE
- context: 00000000
- post interval in seconds: 600
- max records in a post: 100
- max db records: 500
- disable sender: true
[2025-01-10 02:09:40,615] [66   ] [INFO ] [] - Shutting down the metrics collector
[2025-01-10 02:19:40,423] [69   ] [INFO ] [] - Initializing the metrics collector
[2025-01-10 02:19:40,436] [69   ] [INFO ] [] - MetricsCollector::Sender(49): _disableSentMetrics 1
[2025-01-10 02:19:40,437] [69   ] [INFO ] [] - MetricsCollector::Initialize(231): Initialized metrics collector
- session id: 4c30067f-ca99-4153-b7e7-89c211a34109
- device id: 4ca35884-a93a-48fc-ad16-80b2a90aa32e
- application id: Box Tools Win exe
- application name: BoxTools
- application version: 4.27.1.1145
- metric collection url: https://client-log.box.com/index.php?rm=box_gen204_json_record
- metric data path: C:\Users\pcedillo\AppData\Local\Box\Box Tools\Metrics\BoxTools_Metrics.db
- post callback: 059104C6
- log callback: 059161FE
- context: 00000000
- post interval in seconds: 600
- max records in a post: 100
- max db records: 500
- disable sender: true
[2025-01-10 02:19:40,450] [69   ] [INFO ] [] - Shutting down the metrics collector
[2025-01-10 02:29:40,351] [69   ] [INFO ] [] - Initializing the metrics collector
[2025-01-10 02:29:40,361] [69   ] [INFO ] [] - MetricsCollector::Sender(49): _disableSentMetrics 1
[2025-01-10 02:29:40,362] [69   ] [INFO ] [] - MetricsCollector::Initialize(231): Initialized metrics collector
- session id: 4c30067f-ca99-4153-b7e7-89c211a34109
- device id: 4ca35884-a93a-48fc-ad16-80b2a90aa32e
- application id: Box Tools Win exe
- application name: BoxTools
- application version: 4.27.1.1145
- metric collection url: https://client-log.box.com/index.php?rm=box_gen204_json_record
- metric data path: C:\Users\pcedillo\AppData\Local\Box\Box Tools\Metrics\BoxTools_Metrics.db
- post callback: 059104C6
- log callback: 059161FE
- context: 00000000
- post interval in seconds: 600
- max records in a post: 100
- max db records: 500
- disable sender: true
[2025-01-10 02:29:40,372] [69   ] [INFO ] [] - Shutting down the metrics collector
[2025-01-10 02:39:40,313] [69   ] [INFO ] [] - Initializing the metrics collector
[2025-01-10 02:39:40,323] [69   ] [INFO ] [] - MetricsCollector::Sender(49): _disableSentMetrics 1
[2025-01-10 02:39:40,324] [69   ] [INFO ] [] - MetricsCollector::Initialize(231): Initialized metrics collector
- session id: 4c30067f-ca99-4153-b7e7-89c211a34109
- device id: 4ca35884-a93a-48fc-ad16-80b2a90aa32e
- application id: Box Tools Win exe
- application name: BoxTools
- application version: 4.27.1.1145
- metric collection url: https://client-log.box.com/index.php?rm=box_gen204_json_record
- metric data path: C:\Users\pcedillo\AppData\Local\Box\Box Tools\Metrics\BoxTools_Metrics.db
- post callback: 059104C6
- log callback: 059161FE
- context: 00000000
- post interval in seconds: 600
- max records in a post: 100
- max db records: 500
- disable sender: true
[2025-01-10 02:39:40,330] [69   ] [INFO ] [] - Shutting down the metrics collector
[2025-01-10 02:49:40,250] [69   ] [INFO ] [] - Initializing the metrics collector
[2025-01-10 02:49:40,257] [69   ] [INFO ] [] - MetricsCollector::Sender(49): _disableSentMetrics 1
[2025-01-10 02:49:40,257] [69   ] [INFO ] [] - MetricsCollector::Initialize(231): Initialized metrics collector
- session id: 4c30067f-ca99-4153-b7e7-89c211a34109
- device id: 4ca35884-a93a-48fc-ad16-80b2a90aa32e
- application id: Box Tools Win exe
- application name: BoxTools
- application version: 4.27.1.1145
- metric collection url: https://client-log.box.com/index.php?rm=box_gen204_json_record
- metric data path: C:\Users\pcedillo\AppData\Local\Box\Box Tools\Metrics\BoxTools_Metrics.db
- post callback: 059104C6
- log callback: 059161FE
- context: 00000000
- post interval in seconds: 600
- max records in a post: 100
- max db records: 500
- disable sender: true
[2025-01-10 02:49:40,265] [69   ] [INFO ] [] - Shutting down the metrics collector
[2025-01-10 02:59:40,235] [69   ] [INFO ] [] - Initializing the metrics collector
[2025-01-10 02:59:40,251] [69   ] [INFO ] [] - MetricsCollector::Sender(49): _disableSentMetrics 1
[2025-01-10 02:59:40,252] [69   ] [INFO ] [] - MetricsCollector::Initialize(231): Initialized metrics collector
- session id: 4c30067f-ca99-4153-b7e7-89c211a34109
- device id: 4ca35884-a93a-48fc-ad16-80b2a90aa32e
- application id: Box Tools Win exe
- application name: BoxTools
- application version: 4.27.1.1145
- metric collection url: https://client-log.box.com/index.php?rm=box_gen204_json_record
- metric data path: C:\Users\pcedillo\AppData\Local\Box\Box Tools\Metrics\BoxTools_Metrics.db
- post callback: 059104C6
- log callback: 059161FE
- context: 00000000
- post interval in seconds: 600
- max records in a post: 100
- max db records: 500
- disable sender: true
[2025-01-10 02:59:40,265] [69   ] [INFO ] [] - Shutting down the metrics collector
[2025-01-10 03:09:40,238] [69   ] [INFO ] [] - Initializing the metrics collector
[2025-01-10 03:09:40,251] [69   ] [INFO ] [] - MetricsCollector::Sender(49): _disableSentMetrics 1
[2025-01-10 03:09:40,252] [69   ] [INFO ] [] - MetricsCollector::Initialize(231): Initialized metrics collector
- session id: 4c30067f-ca99-4153-b7e7-89c211a34109
- device id: 4ca35884-a93a-48fc-ad16-80b2a90aa32e
- application id: Box Tools Win exe
- application name: BoxTools
- application version: 4.27.1.1145
- metric collection url: https://client-log.box.com/index.php?rm=box_gen204_json_record
- metric data path: C:\Users\pcedillo\AppData\Local\Box\Box Tools\Metrics\BoxTools_Metrics.db
- post callback: 059104C6
- log callback: 059161FE
- context: 00000000
- post interval in seconds: 600
- max records in a post: 100
- max db records: 500
- disable sender: true
[2025-01-10 03:09:40,264] [69   ] [INFO ] [] - Shutting down the metrics collector
[2025-01-10 03:19:40,180] [69   ] [INFO ] [] - Initializing the metrics collector
[2025-01-10 03:19:40,191] [69   ] [INFO ] [] - MetricsCollector::Sender(49): _disableSentMetrics 1
[2025-01-10 03:19:40,191] [69   ] [INFO ] [] - MetricsCollector::Initialize(231): Initialized metrics collector
- session id: 4c30067f-ca99-4153-b7e7-89c211a34109
- device id: 4ca35884-a93a-48fc-ad16-80b2a90aa32e
- application id: Box Tools Win exe
- application name: BoxTools
- application version: 4.27.1.1145
- metric collection url: https://client-log.box.com/index.php?rm=box_gen204_json_record
- metric data path: C:\Users\pcedillo\AppData\Local\Box\Box Tools\Metrics\BoxTools_Metrics.db
- post callback: 059104C6
- log callback: 059161FE
- context: 00000000
- post interval in seconds: 600
- max records in a post: 100
- max db records: 500
- disable sender: true
[2025-01-10 03:19:40,203] [69   ] [INFO ] [] - Shutting down the metrics collector
[2025-01-10 03:29:40,100] [69   ] [INFO ] [] - Initializing the metrics collector
[2025-01-10 03:29:40,123] [69   ] [INFO ] [] - MetricsCollector::Sender(49): _disableSentMetrics 1
[2025-01-10 03:29:40,124] [69   ] [INFO ] [] - MetricsCollector::Initialize(231): Initialized metrics collector
- session id: 4c30067f-ca99-4153-b7e7-89c211a34109
- device id: 4ca35884-a93a-48fc-ad16-80b2a90aa32e
- application id: Box Tools Win exe
- application name: BoxTools
- application version: 4.27.1.1145
- metric collection url: https://client-log.box.com/index.php?rm=box_gen204_json_record
- metric data path: C:\Users\pcedillo\AppData\Local\Box\Box Tools\Metrics\BoxTools_Metrics.db
- post callback: 059104C6
- log callback: 059161FE
- context: 00000000
- post interval in seconds: 600
- max records in a post: 100
- max db records: 500
- disable sender: true
[2025-01-10 03:29:40,140] [69   ] [INFO ] [] - Shutting down the metrics collector
[2025-01-10 03:39:40,078] [69   ] [INFO ] [] - Initializing the metrics collector
[2025-01-10 03:39:40,086] [69   ] [INFO ] [] - MetricsCollector::Sender(49): _disableSentMetrics 1
[2025-01-10 03:39:40,086] [69   ] [INFO ] [] - MetricsCollector::Initialize(231): Initialized metrics collector
- session id: 4c30067f-ca99-4153-b7e7-89c211a34109
- device id: 4ca35884-a93a-48fc-ad16-80b2a90aa32e
- application id: Box Tools Win exe
- application name: BoxTools
- application version: 4.27.1.1145
- metric collection url: https://client-log.box.com/index.php?rm=box_gen204_json_record
- metric data path: C:\Users\pcedillo\AppData\Local\Box\Box Tools\Metrics\BoxTools_Metrics.db
- post callback: 059104C6
- log callback: 059161FE
- context: 00000000
- post interval in seconds: 600
- max records in a post: 100
- max db records: 500
- disable sender: true
[2025-01-10 03:39:40,096] [69   ] [INFO ] [] - Shutting down the metrics collector
[2025-01-10 03:49:40,073] [69   ] [INFO ] [] - Initializing the metrics collector
[2025-01-10 03:49:40,085] [69   ] [INFO ] [] - MetricsCollector::Sender(49): _disableSentMetrics 1
[2025-01-10 03:49:40,086] [69   ] [INFO ] [] - MetricsCollector::Initialize(231): Initialized metrics collector
- session id: 4c30067f-ca99-4153-b7e7-89c211a34109
- device id: 4ca35884-a93a-48fc-ad16-80b2a90aa32e
- application id: Box Tools Win exe
- application name: BoxTools
- application version: 4.27.1.1145
- metric collection url: https://client-log.box.com/index.php?rm=box_gen204_json_record
- metric data path: C:\Users\pcedillo\AppData\Local\Box\Box Tools\Metrics\BoxTools_Metrics.db
- post callback: 059104C6
- log callback: 059161FE
- context: 00000000
- post interval in seconds: 600
- max records in a post: 100
- max db records: 500
- disable sender: true
[2025-01-10 03:49:40,097] [69   ] [INFO ] [] - Shutting down the metrics collector
[2025-01-10 03:59:39,967] [72   ] [INFO ] [] - Initializing the metrics collector
[2025-01-10 03:59:39,980] [72   ] [INFO ] [] - MetricsCollector::Sender(49): _disableSentMetrics 1
[2025-01-10 03:59:39,981] [72   ] [INFO ] [] - MetricsCollector::Initialize(231): Initialized metrics collector
- session id: 4c30067f-ca99-4153-b7e7-89c211a34109
- device id: 4ca35884-a93a-48fc-ad16-80b2a90aa32e
- application id: Box Tools Win exe
- application name: BoxTools
- application version: 4.27.1.1145
- metric collection url: https://client-log.box.com/index.php?rm=box_gen204_json_record
- metric data path: C:\Users\pcedillo\AppData\Local\Box\Box Tools\Metrics\BoxTools_Metrics.db
- post callback: 059104C6
- log callback: 059161FE
- context: 00000000
- post interval in seconds: 600
- max records in a post: 100
- max db records: 500
- disable sender: true
[2025-01-10 03:59:39,991] [72   ] [INFO ] [] - Shutting down the metrics collector
[2025-01-10 04:09:39,941] [70   ] [INFO ] [] - Initializing the metrics collector
[2025-01-10 04:09:39,955] [70   ] [INFO ] [] - MetricsCollector::Sender(49): _disableSentMetrics 1
[2025-01-10 04:09:39,956] [70   ] [INFO ] [] - MetricsCollector::Initialize(231): Initialized metrics collector
- session id: 4c30067f-ca99-4153-b7e7-89c211a34109
- device id: 4ca35884-a93a-48fc-ad16-80b2a90aa32e
- application id: Box Tools Win exe
- application name: BoxTools
- application version: 4.27.1.1145
- metric collection url: https://client-log.box.com/index.php?rm=box_gen204_json_record
- metric data path: C:\Users\pcedillo\AppData\Local\Box\Box Tools\Metrics\BoxTools_Metrics.db
- post callback: 059104C6
- log callback: 059161FE
- context: 00000000
- post interval in seconds: 600
- max records in a post: 100
- max db records: 500
- disable sender: true
[2025-01-10 04:09:39,970] [70   ] [INFO ] [] - Shutting down the metrics collector
[2025-01-10 04:19:39,925] [70   ] [INFO ] [] - Initializing the metrics collector
[2025-01-10 04:19:39,938] [70   ] [INFO ] [] - MetricsCollector::Sender(49): _disableSentMetrics 1
[2025-01-10 04:19:39,938] [70   ] [INFO ] [] - MetricsCollector::Initialize(231): Initialized metrics collector
- session id: 4c30067f-ca99-4153-b7e7-89c211a34109
- device id: 4ca35884-a93a-48fc-ad16-80b2a90aa32e
- application id: Box Tools Win exe
- application name: BoxTools
- application version: 4.27.1.1145
- metric collection url: https://client-log.box.com/index.php?rm=box_gen204_json_record
- metric data path: C:\Users\pcedillo\AppData\Local\Box\Box Tools\Metrics\BoxTools_Metrics.db
- post callback: 059104C6
- log callback: 059161FE
- context: 00000000
- post interval in seconds: 600
- max records in a post: 100
- max db records: 500
- disable sender: true
[2025-01-10 04:19:39,949] [70   ] [INFO ] [] - Shutting down the metrics collector
[2025-01-10 04:29:39,844] [70   ] [INFO ] [] - Initializing the metrics collector
[2025-01-10 04:29:39,857] [70   ] [INFO ] [] - MetricsCollector::Sender(49): _disableSentMetrics 1
[2025-01-10 04:29:39,857] [70   ] [INFO ] [] - MetricsCollector::Initialize(231): Initialized metrics collector
- session id: 4c30067f-ca99-4153-b7e7-89c211a34109
- device id: 4ca35884-a93a-48fc-ad16-80b2a90aa32e
- application id: Box Tools Win exe
- application name: BoxTools
- application version: 4.27.1.1145
- metric collection url: https://client-log.box.com/index.php?rm=box_gen204_json_record
- metric data path: C:\Users\pcedillo\AppData\Local\Box\Box Tools\Metrics\BoxTools_Metrics.db
- post callback: 059104C6
- log callback: 059161FE
- context: 00000000
- post interval in seconds: 600
- max records in a post: 100
- max db records: 500
- disable sender: true
[2025-01-10 04:29:39,871] [70   ] [INFO ] [] - Shutting down the metrics collector
[2025-01-10 04:39:39,808] [70   ] [INFO ] [] - Initializing the metrics collector
[2025-01-10 04:39:39,822] [70   ] [INFO ] [] - MetricsCollector::Sender(49): _disableSentMetrics 1
[2025-01-10 04:39:39,823] [70   ] [INFO ] [] - MetricsCollector::Initialize(231): Initialized metrics collector
- session id: 4c30067f-ca99-4153-b7e7-89c211a34109
- device id: 4ca35884-a93a-48fc-ad16-80b2a90aa32e
- application id: Box Tools Win exe
- application name: BoxTools
- application version: 4.27.1.1145
- metric collection url: https://client-log.box.com/index.php?rm=box_gen204_json_record
- metric data path: C:\Users\pcedillo\AppData\Local\Box\Box Tools\Metrics\BoxTools_Metrics.db
- post callback: 059104C6
- log callback: 059161FE
- context: 00000000
- post interval in seconds: 600
- max records in a post: 100
- max db records: 500
- disable sender: true
[2025-01-10 04:39:39,838] [70   ] [INFO ] [] - Shutting down the metrics collector
[2025-01-10 04:49:39,809] [62   ] [INFO ] [] - Initializing the metrics collector
[2025-01-10 04:49:39,820] [62   ] [INFO ] [] - MetricsCollector::Sender(49): _disableSentMetrics 1
[2025-01-10 04:49:39,821] [62   ] [INFO ] [] - MetricsCollector::Initialize(231): Initialized metrics collector
- session id: 4c30067f-ca99-4153-b7e7-89c211a34109
- device id: 4ca35884-a93a-48fc-ad16-80b2a90aa32e
- application id: Box Tools Win exe
- application name: BoxTools
- application version: 4.27.1.1145
- metric collection url: https://client-log.box.com/index.php?rm=box_gen204_json_record
- metric data path: C:\Users\pcedillo\AppData\Local\Box\Box Tools\Metrics\BoxTools_Metrics.db
- post callback: 059104C6
- log callback: 059161FE
- context: 00000000
- post interval in seconds: 600
- max records in a post: 100
- max db records: 500
- disable sender: true
[2025-01-10 04:49:39,832] [62   ] [INFO ] [] - Shutting down the metrics collector
[2025-01-10 04:59:39,796] [60   ] [INFO ] [] - Initializing the metrics collector
[2025-01-10 04:59:39,807] [60   ] [INFO ] [] - MetricsCollector::Sender(49): _disableSentMetrics 1
[2025-01-10 04:59:39,808] [60   ] [INFO ] [] - MetricsCollector::Initialize(231): Initialized metrics collector
- session id: 4c30067f-ca99-4153-b7e7-89c211a34109
- device id: 4ca35884-a93a-48fc-ad16-80b2a90aa32e
- application id: Box Tools Win exe
- application name: BoxTools
- application version: 4.27.1.1145
- metric collection url: https://client-log.box.com/index.php?rm=box_gen204_json_record
- metric data path: C:\Users\pcedillo\AppData\Local\Box\Box Tools\Metrics\BoxTools_Metrics.db
- post callback: 059104C6
- log callback: 059161FE
- context: 00000000
- post interval in seconds: 600
- max records in a post: 100
- max db records: 500
- disable sender: true
[2025-01-10 04:59:39,818] [60   ] [INFO ] [] - Shutting down the metrics collector
[2025-01-10 05:09:39,719] [58   ] [INFO ] [] - Initializing the metrics collector
[2025-01-10 05:09:39,732] [58   ] [INFO ] [] - MetricsCollector::Sender(49): _disableSentMetrics 1
[2025-01-10 05:09:39,733] [58   ] [INFO ] [] - MetricsCollector::Initialize(231): Initialized metrics collector
- session id: 4c30067f-ca99-4153-b7e7-89c211a34109
- device id: 4ca35884-a93a-48fc-ad16-80b2a90aa32e
- application id: Box Tools Win exe
- application name: BoxTools
- application version: 4.27.1.1145
- metric collection url: https://client-log.box.com/index.php?rm=box_gen204_json_record
- metric data path: C:\Users\pcedillo\AppData\Local\Box\Box Tools\Metrics\BoxTools_Metrics.db
- post callback: 059104C6
- log callback: 059161FE
- context: 00000000
- post interval in seconds: 600
- max records in a post: 100
- max db records: 500
- disable sender: true
[2025-01-10 05:09:39,746] [58   ] [INFO ] [] - Shutting down the metrics collector
[2025-01-10 05:19:39,681] [56   ] [INFO ] [] - Initializing the metrics collector
[2025-01-10 05:19:39,692] [56   ] [INFO ] [] - MetricsCollector::Sender(49): _disableSentMetrics 1
[2025-01-10 05:19:39,693] [56   ] [INFO ] [] - MetricsCollector::Initialize(231): Initialized metrics collector
- session id: 4c30067f-ca99-4153-b7e7-89c211a34109
- device id: 4ca35884-a93a-48fc-ad16-80b2a90aa32e
- application id: Box Tools Win exe
- application name: BoxTools
- application version: 4.27.1.1145
- metric collection url: https://client-log.box.com/index.php?rm=box_gen204_json_record
- metric data path: C:\Users\pcedillo\AppData\Local\Box\Box Tools\Metrics\BoxTools_Metrics.db
- post callback: 059104C6
- log callback: 059161FE
- context: 00000000
- post interval in seconds: 600
- max records in a post: 100
- max db records: 500
- disable sender: true
[2025-01-10 05:19:39,704] [56   ] [INFO ] [] - Shutting down the metrics collector
[2025-01-10 05:29:39,660] [54   ] [INFO ] [] - Initializing the metrics collector
[2025-01-10 05:29:39,667] [54   ] [INFO ] [] - MetricsCollector::Sender(49): _disableSentMetrics 1
[2025-01-10 05:29:39,667] [54   ] [INFO ] [] - MetricsCollector::Initialize(231): Initialized metrics collector
- session id: 4c30067f-ca99-4153-b7e7-89c211a34109
- device id: 4ca35884-a93a-48fc-ad16-80b2a90aa32e
- application id: Box Tools Win exe
- application name: BoxTools
- application version: 4.27.1.1145
- metric collection url: https://client-log.box.com/index.php?rm=box_gen204_json_record
- metric data path: C:\Users\pcedillo\AppData\Local\Box\Box Tools\Metrics\BoxTools_Metrics.db
- post callback: 059104C6
- log callback: 059161FE
- context: 00000000
- post interval in seconds: 600
- max records in a post: 100
- max db records: 500
- disable sender: true
[2025-01-10 05:29:39,673] [54   ] [INFO ] [] - Shutting down the metrics collector
[2025-01-10 05:39:39,599] [51   ] [INFO ] [] - Initializing the metrics collector
[2025-01-10 05:39:39,613] [51   ] [INFO ] [] - MetricsCollector::Sender(49): _disableSentMetrics 1
[2025-01-10 05:39:39,613] [51   ] [INFO ] [] - MetricsCollector::Initialize(231): Initialized metrics collector
- session id: 4c30067f-ca99-4153-b7e7-89c211a34109
- device id: 4ca35884-a93a-48fc-ad16-80b2a90aa32e
- application id: Box Tools Win exe
- application name: BoxTools
- application version: 4.27.1.1145
- metric collection url: https://client-log.box.com/index.php?rm=box_gen204_json_record
- metric data path: C:\Users\pcedillo\AppData\Local\Box\Box Tools\Metrics\BoxTools_Metrics.db
- post callback: 059104C6
- log callback: 059161FE
- context: 00000000
- post interval in seconds: 600
- max records in a post: 100
- max db records: 500
- disable sender: true
[2025-01-10 05:39:39,626] [51   ] [INFO ] [] - Shutting down the metrics collector
[2025-01-10 05:49:39,573] [50   ] [INFO ] [] - Initializing the metrics collector
[2025-01-10 05:49:39,583] [50   ] [INFO ] [] - MetricsCollector::Sender(49): _disableSentMetrics 1
[2025-01-10 05:49:39,584] [50   ] [INFO ] [] - MetricsCollector::Initialize(231): Initialized metrics collector
- session id: 4c30067f-ca99-4153-b7e7-89c211a34109
- device id: 4ca35884-a93a-48fc-ad16-80b2a90aa32e
- application id: Box Tools Win exe
- application name: BoxTools
- application version: 4.27.1.1145
- metric collection url: https://client-log.box.com/index.php?rm=box_gen204_json_record
- metric data path: C:\Users\pcedillo\AppData\Local\Box\Box Tools\Metrics\BoxTools_Metrics.db
- post callback: 059104C6
- log callback: 059161FE
- context: 00000000
- post interval in seconds: 600
- max records in a post: 100
- max db records: 500
- disable sender: true
[2025-01-10 05:49:39,591] [50   ] [INFO ] [] - Shutting down the metrics collector
[2025-01-10 05:58:24,485] [42   ] [INFO ] [] - Accepted Origin
[2025-01-10 05:58:24,490] [42   ] [INFO ] [] - Handling status request
[2025-01-10 05:59:39,548] [48   ] [INFO ] [] - Initializing the metrics collector
[2025-01-10 05:59:39,562] [48   ] [INFO ] [] - MetricsCollector::Sender(49): _disableSentMetrics 1
[2025-01-10 05:59:39,562] [48   ] [INFO ] [] - MetricsCollector::Initialize(231): Initialized metrics collector
- session id: 4c30067f-ca99-4153-b7e7-89c211a34109
- device id: 4ca35884-a93a-48fc-ad16-80b2a90aa32e
- application id: Box Tools Win exe
- application name: BoxTools
- application version: 4.27.1.1145
- metric collection url: https://client-log.box.com/index.php?rm=box_gen204_json_record
- metric data path: C:\Users\pcedillo\AppData\Local\Box\Box Tools\Metrics\BoxTools_Metrics.db
- post callback: 059104C6
- log callback: 059161FE
- context: 00000000
- post interval in seconds: 600
- max records in a post: 100
- max db records: 500
- disable sender: true
[2025-01-10 05:59:39,574] [48   ] [INFO ] [] - Shutting down the metrics collector
[2025-01-10 06:09:39,513] [47   ] [INFO ] [] - Initializing the metrics collector
[2025-01-10 06:09:39,522] [47   ] [INFO ] [] - MetricsCollector::Sender(49): _disableSentMetrics 1
[2025-01-10 06:09:39,522] [47   ] [INFO ] [] - MetricsCollector::Initialize(231): Initialized metrics collector
- session id: 4c30067f-ca99-4153-b7e7-89c211a34109
- device id: 4ca35884-a93a-48fc-ad16-80b2a90aa32e
- application id: Box Tools Win exe
- application name: BoxTools
- application version: 4.27.1.1145
- metric collection url: https://client-log.box.com/index.php?rm=box_gen204_json_record
- metric data path: C:\Users\pcedillo\AppData\Local\Box\Box Tools\Metrics\BoxTools_Metrics.db
- post callback: 059104C6
- log callback: 059161FE
- context: 00000000
- post interval in seconds: 600
- max records in a post: 100
- max db records: 500
- disable sender: true
[2025-01-10 06:09:39,530] [47   ] [INFO ] [] - Shutting down the metrics collector
[2025-01-10 06:19:39,439] [44   ] [INFO ] [] - Initializing the metrics collector
[2025-01-10 06:19:39,452] [44   ] [INFO ] [] - MetricsCollector::Sender(49): _disableSentMetrics 1
[2025-01-10 06:19:39,453] [44   ] [INFO ] [] - MetricsCollector::Initialize(231): Initialized metrics collector
- session id: 4c30067f-ca99-4153-b7e7-89c211a34109
- device id: 4ca35884-a93a-48fc-ad16-80b2a90aa32e
- application id: Box Tools Win exe
- application name: BoxTools
- application version: 4.27.1.1145
- metric collection url: https://client-log.box.com/index.php?rm=box_gen204_json_record
- metric data path: C:\Users\pcedillo\AppData\Local\Box\Box Tools\Metrics\BoxTools_Metrics.db
- post callback: 059104C6
- log callback: 059161FE
- context: 00000000
- post interval in seconds: 600
- max records in a post: 100
- max db records: 500
- disable sender: true
[2025-01-10 06:19:39,467] [44   ] [INFO ] [] - Shutting down the metrics collector
[2025-01-10 06:29:39,407] [41   ] [INFO ] [] - Initializing the metrics collector
[2025-01-10 06:29:39,422] [41   ] [INFO ] [] - MetricsCollector::Sender(49): _disableSentMetrics 1
[2025-01-10 06:29:39,423] [41   ] [INFO ] [] - MetricsCollector::Initialize(231): Initialized metrics collector
- session id: 4c30067f-ca99-4153-b7e7-89c211a34109
- device id: 4ca35884-a93a-48fc-ad16-80b2a90aa32e
- application id: Box Tools Win exe
- application name: BoxTools
- application version: 4.27.1.1145
- metric collection url: https://client-log.box.com/index.php?rm=box_gen204_json_record
- metric data path: C:\Users\pcedillo\AppData\Local\Box\Box Tools\Metrics\BoxTools_Metrics.db
- post callback: 059104C6
- log callback: 059161FE
- context: 00000000
- post interval in seconds: 600
- max records in a post: 100
- max db records: 500
- disable sender: true
[2025-01-10 06:29:39,436] [41   ] [INFO ] [] - Shutting down the metrics collector
[2025-01-10 06:39:39,387] [40   ] [INFO ] [] - Initializing the metrics collector
[2025-01-10 06:39:39,399] [40   ] [INFO ] [] - MetricsCollector::Sender(49): _disableSentMetrics 1
[2025-01-10 06:39:39,400] [40   ] [INFO ] [] - MetricsCollector::Initialize(231): Initialized metrics collector
- session id: 4c30067f-ca99-4153-b7e7-89c211a34109
- device id: 4ca35884-a93a-48fc-ad16-80b2a90aa32e
- application id: Box Tools Win exe
- application name: BoxTools
- application version: 4.27.1.1145
- metric collection url: https://client-log.box.com/index.php?rm=box_gen204_json_record
- metric data path: C:\Users\pcedillo\AppData\Local\Box\Box Tools\Metrics\BoxTools_Metrics.db
- post callback: 059104C6
- log callback: 059161FE
- context: 00000000
- post interval in seconds: 600
- max records in a post: 100
- max db records: 500
- disable sender: true
[2025-01-10 06:39:39,413] [40   ] [INFO ] [] - Shutting down the metrics collector
[2025-01-10 06:49:39,366] [37   ] [INFO ] [] - Initializing the metrics collector
[2025-01-10 06:49:39,377] [37   ] [INFO ] [] - MetricsCollector::Sender(49): _disableSentMetrics 1
[2025-01-10 06:49:39,377] [37   ] [INFO ] [] - MetricsCollector::Initialize(231): Initialized metrics collector
- session id: 4c30067f-ca99-4153-b7e7-89c211a34109
- device id: 4ca35884-a93a-48fc-ad16-80b2a90aa32e
- application id: Box Tools Win exe
- application name: BoxTools
- application version: 4.27.1.1145
- metric collection url: https://client-log.box.com/index.php?rm=box_gen204_json_record
- metric data path: C:\Users\pcedillo\AppData\Local\Box\Box Tools\Metrics\BoxTools_Metrics.db
- post callback: 059104C6
- log callback: 059161FE
- context: 00000000
- post interval in seconds: 600
- max records in a post: 100
- max db records: 500
- disable sender: true
[2025-01-10 06:49:39,389] [37   ] [INFO ] [] - Shutting down the metrics collector
[2025-01-10 06:59:39,366] [36   ] [INFO ] [] - Initializing the metrics collector
[2025-01-10 06:59:39,379] [36   ] [INFO ] [] - MetricsCollector::Sender(49): _disableSentMetrics 1
[2025-01-10 06:59:39,379] [36   ] [INFO ] [] - MetricsCollector::Initialize(231): Initialized metrics collector
- session id: 4c30067f-ca99-4153-b7e7-89c211a34109
- device id: 4ca35884-a93a-48fc-ad16-80b2a90aa32e
- application id: Box Tools Win exe
- application name: BoxTools
- application version: 4.27.1.1145
- metric collection url: https://client-log.box.com/index.php?rm=box_gen204_json_record
- metric data path: C:\Users\pcedillo\AppData\Local\Box\Box Tools\Metrics\BoxTools_Metrics.db
- post callback: 059104C6
- log callback: 059161FE
- context: 00000000
- post interval in seconds: 600
- max records in a post: 100
- max db records: 500
- disable sender: true
[2025-01-10 06:59:39,393] [36   ] [INFO ] [] - Shutting down the metrics collector
[2025-01-10 07:09:39,356] [34   ] [INFO ] [] - Initializing the metrics collector
[2025-01-10 07:09:39,368] [34   ] [INFO ] [] - MetricsCollector::Sender(49): _disableSentMetrics 1
[2025-01-10 07:09:39,369] [34   ] [INFO ] [] - MetricsCollector::Initialize(231): Initialized metrics collector
- session id: 4c30067f-ca99-4153-b7e7-89c211a34109
- device id: 4ca35884-a93a-48fc-ad16-80b2a90aa32e
- application id: Box Tools Win exe
- application name: BoxTools
- application version: 4.27.1.1145
- metric collection url: https://client-log.box.com/index.php?rm=box_gen204_json_record
- metric data path: C:\Users\pcedillo\AppData\Local\Box\Box Tools\Metrics\BoxTools_Metrics.db
- post callback: 059104C6
- log callback: 059161FE
- context: 00000000
- post interval in seconds: 600
- max records in a post: 100
- max db records: 500
- disable sender: true
[2025-01-10 07:09:39,377] [34   ] [INFO ] [] - Shutting down the metrics collector
[2025-01-10 07:19:39,283] [32   ] [INFO ] [] - Initializing the metrics collector
[2025-01-10 07:19:39,294] [32   ] [INFO ] [] - MetricsCollector::Sender(49): _disableSentMetrics 1
[2025-01-10 07:19:39,295] [32   ] [INFO ] [] - MetricsCollector::Initialize(231): Initialized metrics collector
- session id: 4c30067f-ca99-4153-b7e7-89c211a34109
- device id: 4ca35884-a93a-48fc-ad16-80b2a90aa32e
- application id: Box Tools Win exe
- application name: BoxTools
- application version: 4.27.1.1145
- metric collection url: https://client-log.box.com/index.php?rm=box_gen204_json_record
- metric data path: C:\Users\pcedillo\AppData\Local\Box\Box Tools\Metrics\BoxTools_Metrics.db
- post callback: 059104C6
- log callback: 059161FE
- context: 00000000
- post interval in seconds: 600
- max records in a post: 100
- max db records: 500
- disable sender: true
[2025-01-10 07:19:39,308] [32   ] [INFO ] [] - Shutting down the metrics collector
[2025-01-10 07:29:39,176] [27   ] [INFO ] [] - Initializing the metrics collector
[2025-01-10 07:29:39,189] [27   ] [INFO ] [] - MetricsCollector::Sender(49): _disableSentMetrics 1
[2025-01-10 07:29:39,190] [27   ] [INFO ] [] - MetricsCollector::Initialize(231): Initialized metrics collector
- session id: 4c30067f-ca99-4153-b7e7-89c211a34109
- device id: 4ca35884-a93a-48fc-ad16-80b2a90aa32e
- application id: Box Tools Win exe
- application name: BoxTools
- application version: 4.27.1.1145
- metric collection url: https://client-log.box.com/index.php?rm=box_gen204_json_record
- metric data path: C:\Users\pcedillo\AppData\Local\Box\Box Tools\Metrics\BoxTools_Metrics.db
- post callback: 059104C6
- log callback: 059161FE
- context: 00000000
- post interval in seconds: 600
- max records in a post: 100
- max db records: 500
- disable sender: true
[2025-01-10 07:29:39,203] [27   ] [INFO ] [] - Shutting down the metrics collector
[2025-01-10 07:39:39,127] [3    ] [INFO ] [] - Initializing the metrics collector
[2025-01-10 07:39:39,140] [3    ] [INFO ] [] - MetricsCollector::Sender(49): _disableSentMetrics 1
[2025-01-10 07:39:39,141] [3    ] [INFO ] [] - MetricsCollector::Initialize(231): Initialized metrics collector
- session id: 4c30067f-ca99-4153-b7e7-89c211a34109
- device id: 4ca35884-a93a-48fc-ad16-80b2a90aa32e
- application id: Box Tools Win exe
- application name: BoxTools
- application version: 4.27.1.1145
- metric collection url: https://client-log.box.com/index.php?rm=box_gen204_json_record
- metric data path: C:\Users\pcedillo\AppData\Local\Box\Box Tools\Metrics\BoxTools_Metrics.db
- post callback: 059104C6
- log callback: 059161FE
- context: 00000000
- post interval in seconds: 600
- max records in a post: 100
- max db records: 500
- disable sender: true
[2025-01-10 07:39:39,149] [3    ] [INFO ] [] - Shutting down the metrics collector
[2025-01-10 07:49:39,095] [5    ] [INFO ] [] - Initializing the metrics collector
[2025-01-10 07:49:39,101] [5    ] [INFO ] [] - MetricsCollector::Sender(49): _disableSentMetrics 1
[2025-01-10 07:49:39,102] [5    ] [INFO ] [] - MetricsCollector::Initialize(231): Initialized metrics collector
- session id: 4c30067f-ca99-4153-b7e7-89c211a34109
- device id: 4ca35884-a93a-48fc-ad16-80b2a90aa32e
- application id: Box Tools Win exe
- application name: BoxTools
- application version: 4.27.1.1145
- metric collection url: https://client-log.box.com/index.php?rm=box_gen204_json_record
- metric data path: C:\Users\pcedillo\AppData\Local\Box\Box Tools\Metrics\BoxTools_Metrics.db
- post callback: 059104C6
- log callback: 059161FE
- context: 00000000
- post interval in seconds: 600
- max records in a post: 100
- max db records: 500
- disable sender: true
[2025-01-10 07:49:39,112] [5    ] [INFO ] [] - Shutting down the metrics collector
[2025-01-10 07:59:39,080] [13   ] [INFO ] [] - Initializing the metrics collector
[2025-01-10 07:59:39,093] [13   ] [INFO ] [] - MetricsCollector::Sender(49): _disableSentMetrics 1
[2025-01-10 07:59:39,094] [13   ] [INFO ] [] - MetricsCollector::Initialize(231): Initialized metrics collector
- session id: 4c30067f-ca99-4153-b7e7-89c211a34109
- device id: 4ca35884-a93a-48fc-ad16-80b2a90aa32e
- application id: Box Tools Win exe
- application name: BoxTools
- application version: 4.27.1.1145
- metric collection url: https://client-log.box.com/index.php?rm=box_gen204_json_record
- metric data path: C:\Users\pcedillo\AppData\Local\Box\Box Tools\Metrics\BoxTools_Metrics.db
- post callback: 059104C6
- log callback: 059161FE
- context: 00000000
- post interval in seconds: 600
- max records in a post: 100
- max db records: 500
- disable sender: true
[2025-01-10 07:59:39,107] [13   ] [INFO ] [] - Shutting down the metrics collector
[2025-01-10 08:09:39,059] [12   ] [INFO ] [] - Initializing the metrics collector
[2025-01-10 08:09:39,072] [12   ] [INFO ] [] - MetricsCollector::Sender(49): _disableSentMetrics 1
[2025-01-10 08:09:39,073] [12   ] [INFO ] [] - MetricsCollector::Initialize(231): Initialized metrics collector
- session id: 4c30067f-ca99-4153-b7e7-89c211a34109
- device id: 4ca35884-a93a-48fc-ad16-80b2a90aa32e
- application id: Box Tools Win exe
- application name: BoxTools
- application version: 4.27.1.1145
- metric collection url: https://client-log.box.com/index.php?rm=box_gen204_json_record
- metric data path: C:\Users\pcedillo\AppData\Local\Box\Box Tools\Metrics\BoxTools_Metrics.db
- post callback: 059104C6
- log callback: 059161FE
- context: 00000000
- post interval in seconds: 600
- max records in a post: 100
- max db records: 500
- disable sender: true
[2025-01-10 08:09:39,089] [12   ] [INFO ] [] - Shutting down the metrics collector
[2025-01-10 08:19:39,057] [14   ] [INFO ] [] - Initializing the metrics collector
[2025-01-10 08:19:39,069] [14   ] [INFO ] [] - MetricsCollector::Sender(49): _disableSentMetrics 1
[2025-01-10 08:19:39,070] [14   ] [INFO ] [] - MetricsCollector::Initialize(231): Initialized metrics collector
- session id: 4c30067f-ca99-4153-b7e7-89c211a34109
- device id: 4ca35884-a93a-48fc-ad16-80b2a90aa32e
- application id: Box Tools Win exe
- application name: BoxTools
- application version: 4.27.1.1145
- metric collection url: https://client-log.box.com/index.php?rm=box_gen204_json_record
- metric data path: C:\Users\pcedillo\AppData\Local\Box\Box Tools\Metrics\BoxTools_Metrics.db
- post callback: 059104C6
- log callback: 059161FE
- context: 00000000
- post interval in seconds: 600
- max records in a post: 100
- max db records: 500
- disable sender: true
[2025-01-10 08:19:39,082] [14   ] [INFO ] [] - Shutting down the metrics collector
[2025-01-10 08:29:38,967] [17   ] [INFO ] [] - Initializing the metrics collector
[2025-01-10 08:29:38,980] [17   ] [INFO ] [] - MetricsCollector::Sender(49): _disableSentMetrics 1
[2025-01-10 08:29:38,981] [17   ] [INFO ] [] - MetricsCollector::Initialize(231): Initialized metrics collector
- session id: 4c30067f-ca99-4153-b7e7-89c211a34109
- device id: 4ca35884-a93a-48fc-ad16-80b2a90aa32e
- application id: Box Tools Win exe
- application name: BoxTools
- application version: 4.27.1.1145
- metric collection url: https://client-log.box.com/index.php?rm=box_gen204_json_record
- metric data path: C:\Users\pcedillo\AppData\Local\Box\Box Tools\Metrics\BoxTools_Metrics.db
- post callback: 059104C6
- log callback: 059161FE
- context: 00000000
- post interval in seconds: 600
- max records in a post: 100
- max db records: 500
- disable sender: true
[2025-01-10 08:29:38,995] [17   ] [INFO ] [] - Shutting down the metrics collector
[2025-01-10 08:39:38,869] [20   ] [INFO ] [] - Initializing the metrics collector
[2025-01-10 08:39:38,883] [20   ] [INFO ] [] - MetricsCollector::Sender(49): _disableSentMetrics 1
[2025-01-10 08:39:38,884] [20   ] [INFO ] [] - MetricsCollector::Initialize(231): Initialized metrics collector
- session id: 4c30067f-ca99-4153-b7e7-89c211a34109
- device id: 4ca35884-a93a-48fc-ad16-80b2a90aa32e
- application id: Box Tools Win exe
- application name: BoxTools
- application version: 4.27.1.1145
- metric collection url: https://client-log.box.com/index.php?rm=box_gen204_json_record
- metric data path: C:\Users\pcedillo\AppData\Local\Box\Box Tools\Metrics\BoxTools_Metrics.db
- post callback: 059104C6
- log callback: 059161FE
- context: 00000000
- post interval in seconds: 600
- max records in a post: 100
- max db records: 500
- disable sender: true
[2025-01-10 08:39:38,896] [20   ] [INFO ] [] - Shutting down the metrics collector
[2025-01-10 08:49:38,830] [23   ] [INFO ] [] - Initializing the metrics collector
[2025-01-10 08:49:38,843] [23   ] [INFO ] [] - MetricsCollector::Sender(49): _disableSentMetrics 1
[2025-01-10 08:49:38,844] [23   ] [INFO ] [] - MetricsCollector::Initialize(231): Initialized metrics collector
- session id: 4c30067f-ca99-4153-b7e7-89c211a34109
- device id: 4ca35884-a93a-48fc-ad16-80b2a90aa32e
- application id: Box Tools Win exe
- application name: BoxTools
- application version: 4.27.1.1145
- metric collection url: https://client-log.box.com/index.php?rm=box_gen204_json_record
- metric data path: C:\Users\pcedillo\AppData\Local\Box\Box Tools\Metrics\BoxTools_Metrics.db
- post callback: 059104C6
- log callback: 059161FE
- context: 00000000
- post interval in seconds: 600
- max records in a post: 100
- max db records: 500
- disable sender: true
[2025-01-10 08:49:38,855] [23   ] [INFO ] [] - Shutting down the metrics collector
[2025-01-10 08:59:38,794] [24   ] [INFO ] [] - Initializing the metrics collector
[2025-01-10 08:59:38,803] [24   ] [INFO ] [] - MetricsCollector::Sender(49): _disableSentMetrics 1
[2025-01-10 08:59:38,804] [24   ] [INFO ] [] - MetricsCollector::Initialize(231): Initialized metrics collector
- session id: 4c30067f-ca99-4153-b7e7-89c211a34109
- device id: 4ca35884-a93a-48fc-ad16-80b2a90aa32e
- application id: Box Tools Win exe
- application name: BoxTools
- application version: 4.27.1.1145
- metric collection url: https://client-log.box.com/index.php?rm=box_gen204_json_record
- metric data path: C:\Users\pcedillo\AppData\Local\Box\Box Tools\Metrics\BoxTools_Metrics.db
- post callback: 059104C6
- log callback: 059161FE
- context: 00000000
- post interval in seconds: 600
- max records in a post: 100
- max db records: 500
- disable sender: true
[2025-01-10 08:59:38,816] [24   ] [INFO ] [] - Shutting down the metrics collector
[2025-01-10 09:09:38,792] [82   ] [INFO ] [] - Initializing the metrics collector
[2025-01-10 09:09:38,805] [82   ] [INFO ] [] - MetricsCollector::Sender(49): _disableSentMetrics 1
[2025-01-10 09:09:38,806] [82   ] [INFO ] [] - MetricsCollector::Initialize(231): Initialized metrics collector
- session id: 4c30067f-ca99-4153-b7e7-89c211a34109
- device id: 4ca35884-a93a-48fc-ad16-80b2a90aa32e
- application id: Box Tools Win exe
- application name: BoxTools
- application version: 4.27.1.1145
- metric collection url: https://client-log.box.com/index.php?rm=box_gen204_json_record
- metric data path: C:\Users\pcedillo\AppData\Local\Box\Box Tools\Metrics\BoxTools_Metrics.db
- post callback: 059104C6
- log callback: 059161FE
- context: 00000000
- post interval in seconds: 600
- max records in a post: 100
- max db records: 500
- disable sender: true
[2025-01-10 09:09:38,819] [82   ] [INFO ] [] - Shutting down the metrics collector
[2025-01-10 09:19:38,781] [82   ] [INFO ] [] - Initializing the metrics collector
[2025-01-10 09:19:38,788] [82   ] [INFO ] [] - MetricsCollector::Sender(49): _disableSentMetrics 1
[2025-01-10 09:19:38,788] [82   ] [INFO ] [] - MetricsCollector::Initialize(231): Initialized metrics collector
- session id: 4c30067f-ca99-4153-b7e7-89c211a34109
- device id: 4ca35884-a93a-48fc-ad16-80b2a90aa32e
- application id: Box Tools Win exe
- application name: BoxTools
- application version: 4.27.1.1145
- metric collection url: https://client-log.box.com/index.php?rm=box_gen204_json_record
- metric data path: C:\Users\pcedillo\AppData\Local\Box\Box Tools\Metrics\BoxTools_Metrics.db
- post callback: 059104C6
- log callback: 059161FE
- context: 00000000
- post interval in seconds: 600
- max records in a post: 100
- max db records: 500
- disable sender: true
[2025-01-10 09:19:38,796] [82   ] [INFO ] [] - Shutting down the metrics collector
[2025-01-10 09:29:38,774] [82   ] [INFO ] [] - Initializing the metrics collector
[2025-01-10 09:29:38,787] [82   ] [INFO ] [] - MetricsCollector::Sender(49): _disableSentMetrics 1
[2025-01-10 09:29:38,788] [82   ] [INFO ] [] - MetricsCollector::Initialize(231): Initialized metrics collector
- session id: 4c30067f-ca99-4153-b7e7-89c211a34109
- device id: 4ca35884-a93a-48fc-ad16-80b2a90aa32e
- application id: Box Tools Win exe
- application name: BoxTools
- application version: 4.27.1.1145
- metric collection url: https://client-log.box.com/index.php?rm=box_gen204_json_record
- metric data path: C:\Users\pcedillo\AppData\Local\Box\Box Tools\Metrics\BoxTools_Metrics.db
- post callback: 059104C6
- log callback: 059161FE
- context: 00000000
- post interval in seconds: 600
- max records in a post: 100
- max db records: 500
- disable sender: true
[2025-01-10 09:29:38,800] [82   ] [INFO ] [] - Shutting down the metrics collector
[2025-01-10 09:39:38,690] [82   ] [INFO ] [] - Initializing the metrics collector
[2025-01-10 09:39:38,697] [82   ] [INFO ] [] - MetricsCollector::Sender(49): _disableSentMetrics 1
[2025-01-10 09:39:38,697] [82   ] [INFO ] [] - MetricsCollector::Initialize(231): Initialized metrics collector
- session id: 4c30067f-ca99-4153-b7e7-89c211a34109
- device id: 4ca35884-a93a-48fc-ad16-80b2a90aa32e
- application id: Box Tools Win exe
- application name: BoxTools
- application version: 4.27.1.1145
- metric collection url: https://client-log.box.com/index.php?rm=box_gen204_json_record
- metric data path: C:\Users\pcedillo\AppData\Local\Box\Box Tools\Metrics\BoxTools_Metrics.db
- post callback: 059104C6
- log callback: 059161FE
- context: 00000000
- post interval in seconds: 600
- max records in a post: 100
- max db records: 500
- disable sender: true
[2025-01-10 09:39:38,703] [82   ] [INFO ] [] - Shutting down the metrics collector
[2025-01-10 09:49:38,642] [82   ] [INFO ] [] - Initializing the metrics collector
[2025-01-10 09:49:38,651] [82   ] [INFO ] [] - MetricsCollector::Sender(49): _disableSentMetrics 1
[2025-01-10 09:49:38,651] [82   ] [INFO ] [] - MetricsCollector::Initialize(231): Initialized metrics collector
- session id: 4c30067f-ca99-4153-b7e7-89c211a34109
- device id: 4ca35884-a93a-48fc-ad16-80b2a90aa32e
- application id: Box Tools Win exe
- application name: BoxTools
- application version: 4.27.1.1145
- metric collection url: https://client-log.box.com/index.php?rm=box_gen204_json_record
- metric data path: C:\Users\pcedillo\AppData\Local\Box\Box Tools\Metrics\BoxTools_Metrics.db
- post callback: 059104C6
- log callback: 059161FE
- context: 00000000
- post interval in seconds: 600
- max records in a post: 100
- max db records: 500
- disable sender: true
[2025-01-10 09:49:38,657] [82   ] [INFO ] [] - Shutting down the metrics collector
[2025-01-10 09:59:38,607] [82   ] [INFO ] [] - Initializing the metrics collector
[2025-01-10 09:59:38,616] [82   ] [INFO ] [] - MetricsCollector::Sender(49): _disableSentMetrics 1
[2025-01-10 09:59:38,616] [82   ] [INFO ] [] - MetricsCollector::Initialize(231): Initialized metrics collector
- session id: 4c30067f-ca99-4153-b7e7-89c211a34109
- device id: 4ca35884-a93a-48fc-ad16-80b2a90aa32e
- application id: Box Tools Win exe
- application name: BoxTools
- application version: 4.27.1.1145
- metric collection url: https://client-log.box.com/index.php?rm=box_gen204_json_record
- metric data path: C:\Users\pcedillo\AppData\Local\Box\Box Tools\Metrics\BoxTools_Metrics.db
- post callback: 059104C6
- log callback: 059161FE
- context: 00000000
- post interval in seconds: 600
- max records in a post: 100
- max db records: 500
- disable sender: true
[2025-01-10 09:59:38,630] [82   ] [INFO ] [] - Shutting down the metrics collector
[2025-01-10 10:09:38,595] [82   ] [INFO ] [] - Initializing the metrics collector
[2025-01-10 10:09:38,608] [82   ] [INFO ] [] - MetricsCollector::Sender(49): _disableSentMetrics 1
[2025-01-10 10:09:38,609] [82   ] [INFO ] [] - MetricsCollector::Initialize(231): Initialized metrics collector
- session id: 4c30067f-ca99-4153-b7e7-89c211a34109
- device id: 4ca35884-a93a-48fc-ad16-80b2a90aa32e
- application id: Box Tools Win exe
- application name: BoxTools
- application version: 4.27.1.1145
- metric collection url: https://client-log.box.com/index.php?rm=box_gen204_json_record
- metric data path: C:\Users\pcedillo\AppData\Local\Box\Box Tools\Metrics\BoxTools_Metrics.db
- post callback: 059104C6
- log callback: 059161FE
- context: 00000000
- post interval in seconds: 600
- max records in a post: 100
- max db records: 500
- disable sender: true
[2025-01-10 10:09:38,621] [82   ] [INFO ] [] - Shutting down the metrics collector
[2025-01-10 10:19:38,565] [82   ] [INFO ] [] - Initializing the metrics collector
[2025-01-10 10:19:38,571] [82   ] [INFO ] [] - MetricsCollector::Sender(49): _disableSentMetrics 1
[2025-01-10 10:19:38,572] [82   ] [INFO ] [] - MetricsCollector::Initialize(231): Initialized metrics collector
- session id: 4c30067f-ca99-4153-b7e7-89c211a34109
- device id: 4ca35884-a93a-48fc-ad16-80b2a90aa32e
- application id: Box Tools Win exe
- application name: BoxTools
- application version: 4.27.1.1145
- metric collection url: https://client-log.box.com/index.php?rm=box_gen204_json_record
- metric data path: C:\Users\pcedillo\AppData\Local\Box\Box Tools\Metrics\BoxTools_Metrics.db
- post callback: 059104C6
- log callback: 059161FE
- context: 00000000
- post interval in seconds: 600
- max records in a post: 100
- max db records: 500
- disable sender: true
[2025-01-10 10:19:38,579] [82   ] [INFO ] [] - Shutting down the metrics collector
[2025-01-10 10:29:38,543] [82   ] [INFO ] [] - Initializing the metrics collector
[2025-01-10 10:29:38,557] [82   ] [INFO ] [] - MetricsCollector::Sender(49): _disableSentMetrics 1
[2025-01-10 10:29:38,558] [82   ] [INFO ] [] - MetricsCollector::Initialize(231): Initialized metrics collector
- session id: 4c30067f-ca99-4153-b7e7-89c211a34109
- device id: 4ca35884-a93a-48fc-ad16-80b2a90aa32e
- application id: Box Tools Win exe
- application name: BoxTools
- application version: 4.27.1.1145
- metric collection url: https://client-log.box.com/index.php?rm=box_gen204_json_record
- metric data path: C:\Users\pcedillo\AppData\Local\Box\Box Tools\Metrics\BoxTools_Metrics.db
- post callback: 059104C6
- log callback: 059161FE
- context: 00000000
- post interval in seconds: 600
- max records in a post: 100
- max db records: 500
- disable sender: true
[2025-01-10 10:29:38,570] [82   ] [INFO ] [] - Shutting down the metrics collector
[2025-01-10 10:39:38,536] [82   ] [INFO ] [] - Initializing the metrics collector
[2025-01-10 10:39:38,548] [82   ] [INFO ] [] - MetricsCollector::Sender(49): _disableSentMetrics 1
[2025-01-10 10:39:38,549] [82   ] [INFO ] [] - MetricsCollector::Initialize(231): Initialized metrics collector
- session id: 4c30067f-ca99-4153-b7e7-89c211a34109
- device id: 4ca35884-a93a-48fc-ad16-80b2a90aa32e
- application id: Box Tools Win exe
- application name: BoxTools
- application version: 4.27.1.1145
- metric collection url: https://client-log.box.com/index.php?rm=box_gen204_json_record
- metric data path: C:\Users\pcedillo\AppData\Local\Box\Box Tools\Metrics\BoxTools_Metrics.db
- post callback: 059104C6
- log callback: 059161FE
- context: 00000000
- post interval in seconds: 600
- max records in a post: 100
- max db records: 500
- disable sender: true
[2025-01-10 10:39:38,565] [82   ] [INFO ] [] - Shutting down the metrics collector
[2025-01-10 10:49:38,465] [82   ] [INFO ] [] - Initializing the metrics collector
[2025-01-10 10:49:38,477] [82   ] [INFO ] [] - MetricsCollector::Sender(49): _disableSentMetrics 1
[2025-01-10 10:49:38,478] [82   ] [INFO ] [] - MetricsCollector::Initialize(231): Initialized metrics collector
- session id: 4c30067f-ca99-4153-b7e7-89c211a34109
- device id: 4ca35884-a93a-48fc-ad16-80b2a90aa32e
- application id: Box Tools Win exe
- application name: BoxTools
- application version: 4.27.1.1145
- metric collection url: https://client-log.box.com/index.php?rm=box_gen204_json_record
- metric data path: C:\Users\pcedillo\AppData\Local\Box\Box Tools\Metrics\BoxTools_Metrics.db
- post callback: 059104C6
- log callback: 059161FE
- context: 00000000
- post interval in seconds: 600
- max records in a post: 100
- max db records: 500
- disable sender: true
[2025-01-10 10:49:38,491] [82   ] [INFO ] [] - Shutting down the metrics collector
[2025-01-10 10:59:38,401] [82   ] [INFO ] [] - Initializing the metrics collector
[2025-01-10 10:59:38,414] [82   ] [INFO ] [] - MetricsCollector::Sender(49): _disableSentMetrics 1
[2025-01-10 10:59:38,415] [82   ] [INFO ] [] - MetricsCollector::Initialize(231): Initialized metrics collector
- session id: 4c30067f-ca99-4153-b7e7-89c211a34109
- device id: 4ca35884-a93a-48fc-ad16-80b2a90aa32e
- application id: Box Tools Win exe
- application name: BoxTools
- application version: 4.27.1.1145
- metric collection url: https://client-log.box.com/index.php?rm=box_gen204_json_record
- metric data path: C:\Users\pcedillo\AppData\Local\Box\Box Tools\Metrics\BoxTools_Metrics.db
- post callback: 059104C6
- log callback: 059161FE
- context: 00000000
- post interval in seconds: 600
- max records in a post: 100
- max db records: 500
- disable sender: true
[2025-01-10 10:59:38,426] [82   ] [INFO ] [] - Shutting down the metrics collector
[2025-01-10 11:09:38,370] [82   ] [INFO ] [] - Initializing the metrics collector
[2025-01-10 11:09:38,382] [82   ] [INFO ] [] - MetricsCollector::Sender(49): _disableSentMetrics 1
[2025-01-10 11:09:38,383] [82   ] [INFO ] [] - MetricsCollector::Initialize(231): Initialized metrics collector
- session id: 4c30067f-ca99-4153-b7e7-89c211a34109
- device id: 4ca35884-a93a-48fc-ad16-80b2a90aa32e
- application id: Box Tools Win exe
- application name: BoxTools
- application version: 4.27.1.1145
- metric collection url: https://client-log.box.com/index.php?rm=box_gen204_json_record
- metric data path: C:\Users\pcedillo\AppData\Local\Box\Box Tools\Metrics\BoxTools_Metrics.db
- post callback: 059104C6
- log callback: 059161FE
- context: 00000000
- post interval in seconds: 600
- max records in a post: 100
- max db records: 500
- disable sender: true
[2025-01-10 11:09:38,395] [82   ] [INFO ] [] - Shutting down the metrics collector
[2025-01-10 11:19:38,322] [82   ] [INFO ] [] - Initializing the metrics collector
[2025-01-10 11:19:38,335] [82   ] [INFO ] [] - MetricsCollector::Sender(49): _disableSentMetrics 1
[2025-01-10 11:19:38,335] [82   ] [INFO ] [] - MetricsCollector::Initialize(231): Initialized metrics collector
- session id: 4c30067f-ca99-4153-b7e7-89c211a34109
- device id: 4ca35884-a93a-48fc-ad16-80b2a90aa32e
- application id: Box Tools Win exe
- application name: BoxTools
- application version: 4.27.1.1145
- metric collection url: https://client-log.box.com/index.php?rm=box_gen204_json_record
- metric data path: C:\Users\pcedillo\AppData\Local\Box\Box Tools\Metrics\BoxTools_Metrics.db
- post callback: 059104C6
- log callback: 059161FE
- context: 00000000
- post interval in seconds: 600
- max records in a post: 100
- max db records: 500
- disable sender: true
[2025-01-10 11:19:38,349] [82   ] [INFO ] [] - Shutting down the metrics collector
[2025-01-10 11:29:38,307] [18   ] [INFO ] [] - Initializing the metrics collector
[2025-01-10 11:29:38,321] [18   ] [INFO ] [] - MetricsCollector::Sender(49): _disableSentMetrics 1
[2025-01-10 11:29:38,321] [18   ] [INFO ] [] - MetricsCollector::Initialize(231): Initialized metrics collector
- session id: 4c30067f-ca99-4153-b7e7-89c211a34109
- device id: 4ca35884-a93a-48fc-ad16-80b2a90aa32e
- application id: Box Tools Win exe
- application name: BoxTools
- application version: 4.27.1.1145
- metric collection url: https://client-log.box.com/index.php?rm=box_gen204_json_record
- metric data path: C:\Users\pcedillo\AppData\Local\Box\Box Tools\Metrics\BoxTools_Metrics.db
- post callback: 059104C6
- log callback: 059161FE
- context: 00000000
- post interval in seconds: 600
- max records in a post: 100
- max db records: 500
- disable sender: true
[2025-01-10 11:29:38,334] [18   ] [INFO ] [] - Shutting down the metrics collector
[2025-01-10 11:39:38,279] [18   ] [INFO ] [] - Initializing the metrics collector
[2025-01-10 11:39:38,292] [18   ] [INFO ] [] - MetricsCollector::Sender(49): _disableSentMetrics 1
[2025-01-10 11:39:38,293] [18   ] [INFO ] [] - MetricsCollector::Initialize(231): Initialized metrics collector
- session id: 4c30067f-ca99-4153-b7e7-89c211a34109
- device id: 4ca35884-a93a-48fc-ad16-80b2a90aa32e
- application id: Box Tools Win exe
- application name: BoxTools
- application version: 4.27.1.1145
- metric collection url: https://client-log.box.com/index.php?rm=box_gen204_json_record
- metric data path: C:\Users\pcedillo\AppData\Local\Box\Box Tools\Metrics\BoxTools_Metrics.db
- post callback: 059104C6
- log callback: 059161FE
- context: 00000000
- post interval in seconds: 600
- max records in a post: 100
- max db records: 500
- disable sender: true
[2025-01-10 11:39:38,304] [18   ] [INFO ] [] - Shutting down the metrics collector
[2025-01-10 11:49:38,253] [22   ] [INFO ] [] - Initializing the metrics collector
[2025-01-10 11:49:38,261] [22   ] [INFO ] [] - MetricsCollector::Sender(49): _disableSentMetrics 1
[2025-01-10 11:49:38,261] [22   ] [INFO ] [] - MetricsCollector::Initialize(231): Initialized metrics collector
- session id: 4c30067f-ca99-4153-b7e7-89c211a34109
- device id: 4ca35884-a93a-48fc-ad16-80b2a90aa32e
- application id: Box Tools Win exe
- application name: BoxTools
- application version: 4.27.1.1145
- metric collection url: https://client-log.box.com/index.php?rm=box_gen204_json_record
- metric data path: C:\Users\pcedillo\AppData\Local\Box\Box Tools\Metrics\BoxTools_Metrics.db
- post callback: 059104C6
- log callback: 059161FE
- context: 00000000
- post interval in seconds: 600
- max records in a post: 100
- max db records: 500
- disable sender: true
[2025-01-10 11:49:38,273] [22   ] [INFO ] [] - Shutting down the metrics collector
[2025-01-10 11:59:38,183] [20   ] [INFO ] [] - Initializing the metrics collector
[2025-01-10 11:59:38,198] [20   ] [INFO ] [] - MetricsCollector::Sender(49): _disableSentMetrics 1
[2025-01-10 11:59:38,198] [20   ] [INFO ] [] - MetricsCollector::Initialize(231): Initialized metrics collector
- session id: 4c30067f-ca99-4153-b7e7-89c211a34109
- device id: 4ca35884-a93a-48fc-ad16-80b2a90aa32e
- application id: Box Tools Win exe
- application name: BoxTools
- application version: 4.27.1.1145
- metric collection url: https://client-log.box.com/index.php?rm=box_gen204_json_record
- metric data path: C:\Users\pcedillo\AppData\Local\Box\Box Tools\Metrics\BoxTools_Metrics.db
- post callback: 059104C6
- log callback: 059161FE
- context: 00000000
- post interval in seconds: 600
- max records in a post: 100
- max db records: 500
- disable sender: true
[2025-01-10 11:59:38,208] [20   ] [INFO ] [] - Shutting down the metrics collector
[2025-01-10 12:09:38,124] [28   ] [INFO ] [] - Initializing the metrics collector
[2025-01-10 12:09:38,142] [28   ] [INFO ] [] - MetricsCollector::Sender(49): _disableSentMetrics 1
[2025-01-10 12:09:38,143] [28   ] [INFO ] [] - MetricsCollector::Initialize(231): Initialized metrics collector
- session id: 4c30067f-ca99-4153-b7e7-89c211a34109
- device id: 4ca35884-a93a-48fc-ad16-80b2a90aa32e
- application id: Box Tools Win exe
- application name: BoxTools
- application version: 4.27.1.1145
- metric collection url: https://client-log.box.com/index.php?rm=box_gen204_json_record
- metric data path: C:\Users\pcedillo\AppData\Local\Box\Box Tools\Metrics\BoxTools_Metrics.db
- post callback: 059104C6
- log callback: 059161FE
- context: 00000000
- post interval in seconds: 600
- max records in a post: 100
- max db records: 500
- disable sender: true
[2025-01-10 12:09:38,161] [28   ] [INFO ] [] - Shutting down the metrics collector
[2025-01-10 12:19:38,077] [29   ] [INFO ] [] - Initializing the metrics collector
[2025-01-10 12:19:38,098] [29   ] [INFO ] [] - MetricsCollector::Sender(49): _disableSentMetrics 1
[2025-01-10 12:19:38,098] [29   ] [INFO ] [] - MetricsCollector::Initialize(231): Initialized metrics collector
- session id: 4c30067f-ca99-4153-b7e7-89c211a34109
- device id: 4ca35884-a93a-48fc-ad16-80b2a90aa32e
- application id: Box Tools Win exe
- application name: BoxTools
- application version: 4.27.1.1145
- metric collection url: https://client-log.box.com/index.php?rm=box_gen204_json_record
- metric data path: C:\Users\pcedillo\AppData\Local\Box\Box Tools\Metrics\BoxTools_Metrics.db
- post callback: 059104C6
- log callback: 059161FE
- context: 00000000
- post interval in seconds: 600
- max records in a post: 100
- max db records: 500
- disable sender: true
[2025-01-10 12:19:38,116] [29   ] [INFO ] [] - Shutting down the metrics collector
[2025-01-10 12:29:38,056] [30   ] [INFO ] [] - Initializing the metrics collector
[2025-01-10 12:29:38,076] [30   ] [INFO ] [] - MetricsCollector::Sender(49): _disableSentMetrics 1
[2025-01-10 12:29:38,077] [30   ] [INFO ] [] - MetricsCollector::Initialize(231): Initialized metrics collector
- session id: 4c30067f-ca99-4153-b7e7-89c211a34109
- device id: 4ca35884-a93a-48fc-ad16-80b2a90aa32e
- application id: Box Tools Win exe
- application name: BoxTools
- application version: 4.27.1.1145
- metric collection url: https://client-log.box.com/index.php?rm=box_gen204_json_record
- metric data path: C:\Users\pcedillo\AppData\Local\Box\Box Tools\Metrics\BoxTools_Metrics.db
- post callback: 059104C6
- log callback: 059161FE
- context: 00000000
- post interval in seconds: 600
- max records in a post: 100
- max db records: 500
- disable sender: true
[2025-01-10 12:29:38,094] [30   ] [INFO ] [] - Shutting down the metrics collector
[2025-01-10 12:39:37,994] [33   ] [INFO ] [] - Initializing the metrics collector
[2025-01-10 12:39:38,015] [33   ] [INFO ] [] - MetricsCollector::Sender(49): _disableSentMetrics 1
[2025-01-10 12:39:38,017] [33   ] [INFO ] [] - MetricsCollector::Initialize(231): Initialized metrics collector
- session id: 4c30067f-ca99-4153-b7e7-89c211a34109
- device id: 4ca35884-a93a-48fc-ad16-80b2a90aa32e
- application id: Box Tools Win exe
- application name: BoxTools
- application version: 4.27.1.1145
- metric collection url: https://client-log.box.com/index.php?rm=box_gen204_json_record
- metric data path: C:\Users\pcedillo\AppData\Local\Box\Box Tools\Metrics\BoxTools_Metrics.db
- post callback: 059104C6
- log callback: 059161FE
- context: 00000000
- post interval in seconds: 600
- max records in a post: 100
- max db records: 500
- disable sender: true
[2025-01-10 12:39:38,037] [33   ] [INFO ] [] - Shutting down the metrics collector
[2025-01-10 12:49:37,940] [36   ] [INFO ] [] - Initializing the metrics collector
[2025-01-10 12:49:37,960] [36   ] [INFO ] [] - MetricsCollector::Sender(49): _disableSentMetrics 1
[2025-01-10 12:49:37,961] [36   ] [INFO ] [] - MetricsCollector::Initialize(231): Initialized metrics collector
- session id: 4c30067f-ca99-4153-b7e7-89c211a34109
- device id: 4ca35884-a93a-48fc-ad16-80b2a90aa32e
- application id: Box Tools Win exe
- application name: BoxTools
- application version: 4.27.1.1145
- metric collection url: https://client-log.box.com/index.php?rm=box_gen204_json_record
- metric data path: C:\Users\pcedillo\AppData\Local\Box\Box Tools\Metrics\BoxTools_Metrics.db
- post callback: 059104C6
- log callback: 059161FE
- context: 00000000
- post interval in seconds: 600
- max records in a post: 100
- max db records: 500
- disable sender: true
[2025-01-10 12:49:37,978] [36   ] [INFO ] [] - Shutting down the metrics collector
[2025-01-10 12:59:37,889] [32   ] [INFO ] [] - Initializing the metrics collector
[2025-01-10 12:59:37,906] [32   ] [INFO ] [] - MetricsCollector::Sender(49): _disableSentMetrics 1
[2025-01-10 12:59:37,906] [32   ] [INFO ] [] - MetricsCollector::Initialize(231): Initialized metrics collector
- session id: 4c30067f-ca99-4153-b7e7-89c211a34109
- device id: 4ca35884-a93a-48fc-ad16-80b2a90aa32e
- application id: Box Tools Win exe
- application name: BoxTools
- application version: 4.27.1.1145
- metric collection url: https://client-log.box.com/index.php?rm=box_gen204_json_record
- metric data path: C:\Users\pcedillo\AppData\Local\Box\Box Tools\Metrics\BoxTools_Metrics.db
- post callback: 059104C6
- log callback: 059161FE
- context: 00000000
- post interval in seconds: 600
- max records in a post: 100
- max db records: 500
- disable sender: true
[2025-01-10 12:59:37,914] [32   ] [INFO ] [] - Shutting down the metrics collector
[2025-01-10 13:09:37,832] [31   ] [INFO ] [] - Initializing the metrics collector
[2025-01-10 13:09:37,853] [31   ] [INFO ] [] - MetricsCollector::Sender(49): _disableSentMetrics 1
[2025-01-10 13:09:37,854] [31   ] [INFO ] [] - MetricsCollector::Initialize(231): Initialized metrics collector
- session id: 4c30067f-ca99-4153-b7e7-89c211a34109
- device id: 4ca35884-a93a-48fc-ad16-80b2a90aa32e
- application id: Box Tools Win exe
- application name: BoxTools
- application version: 4.27.1.1145
- metric collection url: https://client-log.box.com/index.php?rm=box_gen204_json_record
- metric data path: C:\Users\pcedillo\AppData\Local\Box\Box Tools\Metrics\BoxTools_Metrics.db
- post callback: 059104C6
- log callback: 059161FE
- context: 00000000
- post interval in seconds: 600
- max records in a post: 100
- max db records: 500
- disable sender: true
[2025-01-10 13:09:37,870] [31   ] [INFO ] [] - Shutting down the metrics collector
[2025-01-10 13:19:37,787] [27   ] [INFO ] [] - Initializing the metrics collector
[2025-01-10 13:19:37,796] [27   ] [INFO ] [] - MetricsCollector::Sender(49): _disableSentMetrics 1
[2025-01-10 13:19:37,797] [27   ] [INFO ] [] - MetricsCollector::Initialize(231): Initialized metrics collector
- session id: 4c30067f-ca99-4153-b7e7-89c211a34109
- device id: 4ca35884-a93a-48fc-ad16-80b2a90aa32e
- application id: Box Tools Win exe
- application name: BoxTools
- application version: 4.27.1.1145
- metric collection url: https://client-log.box.com/index.php?rm=box_gen204_json_record
- metric data path: C:\Users\pcedillo\AppData\Local\Box\Box Tools\Metrics\BoxTools_Metrics.db
- post callback: 059104C6
- log callback: 059161FE
- context: 00000000
- post interval in seconds: 600
- max records in a post: 100
- max db records: 500
- disable sender: true
[2025-01-10 13:19:37,810] [27   ] [INFO ] [] - Shutting down the metrics collector
[2025-01-10 13:29:37,732] [20   ] [INFO ] [] - Initializing the metrics collector
[2025-01-10 13:29:37,754] [20   ] [INFO ] [] - MetricsCollector::Sender(49): _disableSentMetrics 1
[2025-01-10 13:29:37,755] [20   ] [INFO ] [] - MetricsCollector::Initialize(231): Initialized metrics collector
- session id: 4c30067f-ca99-4153-b7e7-89c211a34109
- device id: 4ca35884-a93a-48fc-ad16-80b2a90aa32e
- application id: Box Tools Win exe
- application name: BoxTools
- application version: 4.27.1.1145
- metric collection url: https://client-log.box.com/index.php?rm=box_gen204_json_record
- metric data path: C:\Users\pcedillo\AppData\Local\Box\Box Tools\Metrics\BoxTools_Metrics.db
- post callback: 059104C6
- log callback: 059161FE
- context: 00000000
- post interval in seconds: 600
- max records in a post: 100
- max db records: 500
- disable sender: true
[2025-01-10 13:29:37,771] [20   ] [INFO ] [] - Shutting down the metrics collector
[2025-01-10 13:39:37,671] [23   ] [INFO ] [] - Initializing the metrics collector
[2025-01-10 13:39:37,691] [23   ] [INFO ] [] - MetricsCollector::Sender(49): _disableSentMetrics 1
[2025-01-10 13:39:37,692] [23   ] [INFO ] [] - MetricsCollector::Initialize(231): Initialized metrics collector
- session id: 4c30067f-ca99-4153-b7e7-89c211a34109
- device id: 4ca35884-a93a-48fc-ad16-80b2a90aa32e
- application id: Box Tools Win exe
- application name: BoxTools
- application version: 4.27.1.1145
- metric collection url: https://client-log.box.com/index.php?rm=box_gen204_json_record
- metric data path: C:\Users\pcedillo\AppData\Local\Box\Box Tools\Metrics\BoxTools_Metrics.db
- post callback: 059104C6
- log callback: 059161FE
- context: 00000000
- post interval in seconds: 600
- max records in a post: 100
- max db records: 500
- disable sender: true
[2025-01-10 13:39:37,706] [23   ] [INFO ] [] - Shutting down the metrics collector
[2025-01-10 13:49:37,624] [17   ] [INFO ] [] - Initializing the metrics collector
[2025-01-10 13:49:37,644] [17   ] [INFO ] [] - MetricsCollector::Sender(49): _disableSentMetrics 1
[2025-01-10 13:49:37,645] [17   ] [INFO ] [] - MetricsCollector::Initialize(231): Initialized metrics collector
- session id: 4c30067f-ca99-4153-b7e7-89c211a34109
- device id: 4ca35884-a93a-48fc-ad16-80b2a90aa32e
- application id: Box Tools Win exe
- application name: BoxTools
- application version: 4.27.1.1145
- metric collection url: https://client-log.box.com/index.php?rm=box_gen204_json_record
- metric data path: C:\Users\pcedillo\AppData\Local\Box\Box Tools\Metrics\BoxTools_Metrics.db
- post callback: 059104C6
- log callback: 059161FE
- context: 00000000
- post interval in seconds: 600
- max records in a post: 100
- max db records: 500
- disable sender: true
[2025-01-10 13:49:37,662] [17   ] [INFO ] [] - Shutting down the metrics collector
[2025-01-10 14:04:39,723] [19   ] [INFO ] [] - Initializing the metrics collector
[2025-01-10 14:04:39,743] [19   ] [INFO ] [] - MetricsCollector::Sender(49): _disableSentMetrics 1
[2025-01-10 14:04:39,744] [19   ] [INFO ] [] - MetricsCollector::Initialize(231): Initialized metrics collector
- session id: 4c30067f-ca99-4153-b7e7-89c211a34109
- device id: 4ca35884-a93a-48fc-ad16-80b2a90aa32e
- application id: Box Tools Win exe
- application name: BoxTools
- application version: 4.27.1.1145
- metric collection url: https://client-log.box.com/index.php?rm=box_gen204_json_record
- metric data path: C:\Users\pcedillo\AppData\Local\Box\Box Tools\Metrics\BoxTools_Metrics.db
- post callback: 059104C6
- log callback: 059161FE
- context: 00000000
- post interval in seconds: 600
- max records in a post: 100
- max db records: 500
- disable sender: true
[2025-01-10 14:04:39,762] [19   ] [INFO ] [] - Shutting down the metrics collector
[2025-01-10 14:14:39,697] [14   ] [INFO ] [] - Initializing the metrics collector
[2025-01-10 14:14:39,721] [14   ] [INFO ] [] - MetricsCollector::Sender(49): _disableSentMetrics 1
[2025-01-10 14:14:39,722] [14   ] [INFO ] [] - MetricsCollector::Initialize(231): Initialized metrics collector
- session id: 4c30067f-ca99-4153-b7e7-89c211a34109
- device id: 4ca35884-a93a-48fc-ad16-80b2a90aa32e
- application id: Box Tools Win exe
- application name: BoxTools
- application version: 4.27.1.1145
- metric collection url: https://client-log.box.com/index.php?rm=box_gen204_json_record
- metric data path: C:\Users\pcedillo\AppData\Local\Box\Box Tools\Metrics\BoxTools_Metrics.db
- post callback: 059104C6
- log callback: 059161FE
- context: 00000000
- post interval in seconds: 600
- max records in a post: 100
- max db records: 500
- disable sender: true
[2025-01-10 14:14:39,738] [14   ] [INFO ] [] - Shutting down the metrics collector
[2025-01-10 14:24:39,709] [13   ] [INFO ] [] - Initializing the metrics collector
[2025-01-10 14:24:39,729] [13   ] [INFO ] [] - MetricsCollector::Sender(49): _disableSentMetrics 1
[2025-01-10 14:24:39,730] [13   ] [INFO ] [] - MetricsCollector::Initialize(231): Initialized metrics collector
- session id: 4c30067f-ca99-4153-b7e7-89c211a34109
- device id: 4ca35884-a93a-48fc-ad16-80b2a90aa32e
- application id: Box Tools Win exe
- application name: BoxTools
- application version: 4.27.1.1145
- metric collection url: https://client-log.box.com/index.php?rm=box_gen204_json_record
- metric data path: C:\Users\pcedillo\AppData\Local\Box\Box Tools\Metrics\BoxTools_Metrics.db
- post callback: 059104C6
- log callback: 059161FE
- context: 00000000
- post interval in seconds: 600
- max records in a post: 100
- max db records: 500
- disable sender: true
[2025-01-10 14:24:39,748] [13   ] [INFO ] [] - Shutting down the metrics collector
[2025-01-10 14:34:39,524] [7    ] [INFO ] [] - Initializing the metrics collector
[2025-01-10 14:34:39,546] [7    ] [INFO ] [] - MetricsCollector::Sender(49): _disableSentMetrics 1
[2025-01-10 14:34:39,547] [7    ] [INFO ] [] - MetricsCollector::Initialize(231): Initialized metrics collector
- session id: 4c30067f-ca99-4153-b7e7-89c211a34109
- device id: 4ca35884-a93a-48fc-ad16-80b2a90aa32e
- application id: Box Tools Win exe
- application name: BoxTools
- application version: 4.27.1.1145
- metric collection url: https://client-log.box.com/index.php?rm=box_gen204_json_record
- metric data path: C:\Users\pcedillo\AppData\Local\Box\Box Tools\Metrics\BoxTools_Metrics.db
- post callback: 059104C6
- log callback: 059161FE
- context: 00000000
- post interval in seconds: 600
- max records in a post: 100
- max db records: 500
- disable sender: true
[2025-01-10 14:34:39,564] [7    ] [INFO ] [] - Shutting down the metrics collector
[2025-01-10 14:44:39,534] [5    ] [INFO ] [] - Initializing the metrics collector
[2025-01-10 14:44:39,555] [5    ] [INFO ] [] - MetricsCollector::Sender(49): _disableSentMetrics 1
[2025-01-10 14:44:39,556] [5    ] [INFO ] [] - MetricsCollector::Initialize(231): Initialized metrics collector
- session id: 4c30067f-ca99-4153-b7e7-89c211a34109
- device id: 4ca35884-a93a-48fc-ad16-80b2a90aa32e
- application id: Box Tools Win exe
- application name: BoxTools
- application version: 4.27.1.1145
- metric collection url: https://client-log.box.com/index.php?rm=box_gen204_json_record
- metric data path: C:\Users\pcedillo\AppData\Local\Box\Box Tools\Metrics\BoxTools_Metrics.db
- post callback: 059104C6
- log callback: 059161FE
- context: 00000000
- post interval in seconds: 600
- max records in a post: 100
- max db records: 500
- disable sender: true
[2025-01-10 14:44:39,574] [5    ] [INFO ] [] - Shutting down the metrics collector
[2025-01-10 14:54:39,525] [40   ] [INFO ] [] - Initializing the metrics collector
[2025-01-10 14:54:39,544] [40   ] [INFO ] [] - MetricsCollector::Sender(49): _disableSentMetrics 1
[2025-01-10 14:54:39,545] [40   ] [INFO ] [] - MetricsCollector::Initialize(231): Initialized metrics collector
- session id: 4c30067f-ca99-4153-b7e7-89c211a34109
- device id: 4ca35884-a93a-48fc-ad16-80b2a90aa32e
- application id: Box Tools Win exe
- application name: BoxTools
- application version: 4.27.1.1145
- metric collection url: https://client-log.box.com/index.php?rm=box_gen204_json_record
- metric data path: C:\Users\pcedillo\AppData\Local\Box\Box Tools\Metrics\BoxTools_Metrics.db
- post callback: 059104C6
- log callback: 059161FE
- context: 00000000
- post interval in seconds: 600
- max records in a post: 100
- max db records: 500
- disable sender: true
[2025-01-10 14:54:39,563] [40   ] [INFO ] [] - Shutting down the metrics collector
[2025-01-10 15:04:39,499] [38   ] [INFO ] [] - Initializing the metrics collector
[2025-01-10 15:04:39,519] [38   ] [INFO ] [] - MetricsCollector::Sender(49): _disableSentMetrics 1
[2025-01-10 15:04:39,521] [38   ] [INFO ] [] - MetricsCollector::Initialize(231): Initialized metrics collector
- session id: 4c30067f-ca99-4153-b7e7-89c211a34109
- device id: 4ca35884-a93a-48fc-ad16-80b2a90aa32e
- application id: Box Tools Win exe
- application name: BoxTools
- application version: 4.27.1.1145
- metric collection url: https://client-log.box.com/index.php?rm=box_gen204_json_record
- metric data path: C:\Users\pcedillo\AppData\Local\Box\Box Tools\Metrics\BoxTools_Metrics.db
- post callback: 059104C6
- log callback: 059161FE
- context: 00000000
- post interval in seconds: 600
- max records in a post: 100
- max db records: 500
- disable sender: true
[2025-01-10 15:04:39,539] [38   ] [INFO ] [] - Shutting down the metrics collector
[2025-01-10 15:14:39,386] [43   ] [INFO ] [] - Initializing the metrics collector
[2025-01-10 15:14:39,405] [43   ] [INFO ] [] - MetricsCollector::Sender(49): _disableSentMetrics 1
[2025-01-10 15:14:39,406] [43   ] [INFO ] [] - MetricsCollector::Initialize(231): Initialized metrics collector
- session id: 4c30067f-ca99-4153-b7e7-89c211a34109
- device id: 4ca35884-a93a-48fc-ad16-80b2a90aa32e
- application id: Box Tools Win exe
- application name: BoxTools
- application version: 4.27.1.1145
- metric collection url: https://client-log.box.com/index.php?rm=box_gen204_json_record
- metric data path: C:\Users\pcedillo\AppData\Local\Box\Box Tools\Metrics\BoxTools_Metrics.db
- post callback: 059104C6
- log callback: 059161FE
- context: 00000000
- post interval in seconds: 600
- max records in a post: 100
- max db records: 500
- disable sender: true
[2025-01-10 15:14:39,424] [43   ] [INFO ] [] - Shutting down the metrics collector
[2025-01-10 15:24:39,330] [45   ] [INFO ] [] - Initializing the metrics collector
[2025-01-10 15:24:39,337] [45   ] [INFO ] [] - MetricsCollector::Sender(49): _disableSentMetrics 1
[2025-01-10 15:24:39,338] [45   ] [INFO ] [] - MetricsCollector::Initialize(231): Initialized metrics collector
- session id: 4c30067f-ca99-4153-b7e7-89c211a34109
- device id: 4ca35884-a93a-48fc-ad16-80b2a90aa32e
- application id: Box Tools Win exe
- application name: BoxTools
- application version: 4.27.1.1145
- metric collection url: https://client-log.box.com/index.php?rm=box_gen204_json_record
- metric data path: C:\Users\pcedillo\AppData\Local\Box\Box Tools\Metrics\BoxTools_Metrics.db
- post callback: 059104C6
- log callback: 059161FE
- context: 00000000
- post interval in seconds: 600
- max records in a post: 100
- max db records: 500
- disable sender: true
[2025-01-10 15:24:39,344] [45   ] [INFO ] [] - Shutting down the metrics collector
[2025-01-10 15:34:39,295] [49   ] [INFO ] [] - Initializing the metrics collector
[2025-01-10 15:34:39,307] [49   ] [INFO ] [] - MetricsCollector::Sender(49): _disableSentMetrics 1
[2025-01-10 15:34:39,307] [49   ] [INFO ] [] - MetricsCollector::Initialize(231): Initialized metrics collector
- session id: 4c30067f-ca99-4153-b7e7-89c211a34109
- device id: 4ca35884-a93a-48fc-ad16-80b2a90aa32e
- application id: Box Tools Win exe
- application name: BoxTools
- application version: 4.27.1.1145
- metric collection url: https://client-log.box.com/index.php?rm=box_gen204_json_record
- metric data path: C:\Users\pcedillo\AppData\Local\Box\Box Tools\Metrics\BoxTools_Metrics.db
- post callback: 059104C6
- log callback: 059161FE
- context: 00000000
- post interval in seconds: 600
- max records in a post: 100
- max db records: 500
- disable sender: true
[2025-01-10 15:34:39,318] [49   ] [INFO ] [] - Shutting down the metrics collector
[2025-01-10 15:44:39,243] [51   ] [INFO ] [] - Initializing the metrics collector
[2025-01-10 15:44:39,255] [51   ] [INFO ] [] - MetricsCollector::Sender(49): _disableSentMetrics 1
[2025-01-10 15:44:39,255] [51   ] [INFO ] [] - MetricsCollector::Initialize(231): Initialized metrics collector
- session id: 4c30067f-ca99-4153-b7e7-89c211a34109
- device id: 4ca35884-a93a-48fc-ad16-80b2a90aa32e
- application id: Box Tools Win exe
- application name: BoxTools
- application version: 4.27.1.1145
- metric collection url: https://client-log.box.com/index.php?rm=box_gen204_json_record
- metric data path: C:\Users\pcedillo\AppData\Local\Box\Box Tools\Metrics\BoxTools_Metrics.db
- post callback: 059104C6
- log callback: 059161FE
- context: 00000000
- post interval in seconds: 600
- max records in a post: 100
- max db records: 500
- disable sender: true
[2025-01-10 15:44:39,265] [51   ] [INFO ] [] - Shutting down the metrics collector
[2025-01-10 15:54:39,227] [53   ] [INFO ] [] - Initializing the metrics collector
[2025-01-10 15:54:39,239] [53   ] [INFO ] [] - MetricsCollector::Sender(49): _disableSentMetrics 1
[2025-01-10 15:54:39,240] [53   ] [INFO ] [] - MetricsCollector::Initialize(231): Initialized metrics collector
- session id: 4c30067f-ca99-4153-b7e7-89c211a34109
- device id: 4ca35884-a93a-48fc-ad16-80b2a90aa32e
- application id: Box Tools Win exe
- application name: BoxTools
- application version: 4.27.1.1145
- metric collection url: https://client-log.box.com/index.php?rm=box_gen204_json_record
- metric data path: C:\Users\pcedillo\AppData\Local\Box\Box Tools\Metrics\BoxTools_Metrics.db
- post callback: 059104C6
- log callback: 059161FE
- context: 00000000
- post interval in seconds: 600
- max records in a post: 100
- max db records: 500
- disable sender: true
[2025-01-10 15:54:39,252] [53   ] [INFO ] [] - Shutting down the metrics collector
[2025-01-10 16:04:39,147] [50   ] [INFO ] [] - Initializing the metrics collector
[2025-01-10 16:04:39,168] [50   ] [INFO ] [] - MetricsCollector::Sender(49): _disableSentMetrics 1
[2025-01-10 16:04:39,169] [50   ] [INFO ] [] - MetricsCollector::Initialize(231): Initialized metrics collector
- session id: 4c30067f-ca99-4153-b7e7-89c211a34109
- device id: 4ca35884-a93a-48fc-ad16-80b2a90aa32e
- application id: Box Tools Win exe
- application name: BoxTools
- application version: 4.27.1.1145
- metric collection url: https://client-log.box.com/index.php?rm=box_gen204_json_record
- metric data path: C:\Users\pcedillo\AppData\Local\Box\Box Tools\Metrics\BoxTools_Metrics.db
- post callback: 059104C6
- log callback: 059161FE
- context: 00000000
- post interval in seconds: 600
- max records in a post: 100
- max db records: 500
- disable sender: true
[2025-01-10 16:04:39,185] [50   ] [INFO ] [] - Shutting down the metrics collector
[2025-01-10 16:14:39,125] [55   ] [INFO ] [] - Initializing the metrics collector
[2025-01-10 16:14:39,146] [55   ] [INFO ] [] - MetricsCollector::Sender(49): _disableSentMetrics 1
[2025-01-10 16:14:39,147] [55   ] [INFO ] [] - MetricsCollector::Initialize(231): Initialized metrics collector
- session id: 4c30067f-ca99-4153-b7e7-89c211a34109
- device id: 4ca35884-a93a-48fc-ad16-80b2a90aa32e
- application id: Box Tools Win exe
- application name: BoxTools
- application version: 4.27.1.1145
- metric collection url: https://client-log.box.com/index.php?rm=box_gen204_json_record
- metric data path: C:\Users\pcedillo\AppData\Local\Box\Box Tools\Metrics\BoxTools_Metrics.db
- post callback: 059104C6
- log callback: 059161FE
- context: 00000000
- post interval in seconds: 600
- max records in a post: 100
- max db records: 500
- disable sender: true
[2025-01-10 16:14:39,162] [55   ] [INFO ] [] - Shutting down the metrics collector
[2025-01-10 16:24:39,064] [56   ] [INFO ] [] - Initializing the metrics collector
[2025-01-10 16:24:39,086] [56   ] [INFO ] [] - MetricsCollector::Sender(49): _disableSentMetrics 1
[2025-01-10 16:24:39,087] [56   ] [INFO ] [] - MetricsCollector::Initialize(231): Initialized metrics collector
- session id: 4c30067f-ca99-4153-b7e7-89c211a34109
- device id: 4ca35884-a93a-48fc-ad16-80b2a90aa32e
- application id: Box Tools Win exe
- application name: BoxTools
- application version: 4.27.1.1145
- metric collection url: https://client-log.box.com/index.php?rm=box_gen204_json_record
- metric data path: C:\Users\pcedillo\AppData\Local\Box\Box Tools\Metrics\BoxTools_Metrics.db
- post callback: 059104C6
- log callback: 059161FE
- context: 00000000
- post interval in seconds: 600
- max records in a post: 100
- max db records: 500
- disable sender: true
[2025-01-10 16:24:39,102] [56   ] [INFO ] [] - Shutting down the metrics collector
