[2025-01-17 09:32:02,232] [43   ] [INFO ] [] - Initializing the metrics collector
[2025-01-17 09:32:02,256] [43   ] [INFO ] [] - MetricsCollector::Sender(49): _disableSentMetrics 1
[2025-01-17 09:32:02,258] [43   ] [INFO ] [] - MetricsCollector::Initialize(231): Initialized metrics collector
- session id: 4c30067f-ca99-4153-b7e7-89c211a34109
- device id: 4ca35884-a93a-48fc-ad16-80b2a90aa32e
- application id: Box Tools Win exe
- application name: BoxTools
- application version: 4.27.1.1145
- metric collection url: https://client-log.box.com/index.php?rm=box_gen204_json_record
- metric data path: C:\Users\pcedillo\AppData\Local\Box\Box Tools\Metrics\BoxTools_Metrics.db
- post callback: 059104C6
- log callback: 059161FE
- context: 00000000
- post interval in seconds: 600
- max records in a post: 100
- max db records: 500
- disable sender: true
[2025-01-17 09:32:02,281] [43   ] [INFO ] [] - Shutting down the metrics collector
[2025-01-17 09:42:00,938] [46   ] [INFO ] [] - Initializing the metrics collector
[2025-01-17 09:42:00,960] [46   ] [INFO ] [] - MetricsCollector::Sender(49): _disableSentMetrics 1
[2025-01-17 09:42:00,960] [46   ] [INFO ] [] - MetricsCollector::Initialize(231): Initialized metrics collector
- session id: 4c30067f-ca99-4153-b7e7-89c211a34109
- device id: 4ca35884-a93a-48fc-ad16-80b2a90aa32e
- application id: Box Tools Win exe
- application name: BoxTools
- application version: 4.27.1.1145
- metric collection url: https://client-log.box.com/index.php?rm=box_gen204_json_record
- metric data path: C:\Users\pcedillo\AppData\Local\Box\Box Tools\Metrics\BoxTools_Metrics.db
- post callback: 059104C6
- log callback: 059161FE
- context: 00000000
- post interval in seconds: 600
- max records in a post: 100
- max db records: 500
- disable sender: true
[2025-01-17 09:42:00,977] [46   ] [INFO ] [] - Shutting down the metrics collector
[2025-01-17 09:52:00,841] [46   ] [INFO ] [] - Initializing the metrics collector
[2025-01-17 09:52:00,862] [46   ] [INFO ] [] - MetricsCollector::Sender(49): _disableSentMetrics 1
[2025-01-17 09:52:00,864] [46   ] [INFO ] [] - MetricsCollector::Initialize(231): Initialized metrics collector
- session id: 4c30067f-ca99-4153-b7e7-89c211a34109
- device id: 4ca35884-a93a-48fc-ad16-80b2a90aa32e
- application id: Box Tools Win exe
- application name: BoxTools
- application version: 4.27.1.1145
- metric collection url: https://client-log.box.com/index.php?rm=box_gen204_json_record
- metric data path: C:\Users\pcedillo\AppData\Local\Box\Box Tools\Metrics\BoxTools_Metrics.db
- post callback: 059104C6
- log callback: 059161FE
- context: 00000000
- post interval in seconds: 600
- max records in a post: 100
- max db records: 500
- disable sender: true
[2025-01-17 09:52:00,880] [46   ] [INFO ] [] - Shutting down the metrics collector
[2025-01-17 10:02:00,809] [43   ] [INFO ] [] - Initializing the metrics collector
[2025-01-17 10:02:00,819] [43   ] [INFO ] [] - MetricsCollector::Sender(49): _disableSentMetrics 1
[2025-01-17 10:02:00,819] [43   ] [INFO ] [] - MetricsCollector::Initialize(231): Initialized metrics collector
- session id: 4c30067f-ca99-4153-b7e7-89c211a34109
- device id: 4ca35884-a93a-48fc-ad16-80b2a90aa32e
- application id: Box Tools Win exe
- application name: BoxTools
- application version: 4.27.1.1145
- metric collection url: https://client-log.box.com/index.php?rm=box_gen204_json_record
- metric data path: C:\Users\pcedillo\AppData\Local\Box\Box Tools\Metrics\BoxTools_Metrics.db
- post callback: 059104C6
- log callback: 059161FE
- context: 00000000
- post interval in seconds: 600
- max records in a post: 100
- max db records: 500
- disable sender: true
[2025-01-17 10:02:00,833] [43   ] [INFO ] [] - Shutting down the metrics collector
[2025-01-17 10:12:00,763] [52   ] [INFO ] [] - Initializing the metrics collector
[2025-01-17 10:12:00,770] [52   ] [INFO ] [] - MetricsCollector::Sender(49): _disableSentMetrics 1
[2025-01-17 10:12:00,770] [52   ] [INFO ] [] - MetricsCollector::Initialize(231): Initialized metrics collector
- session id: 4c30067f-ca99-4153-b7e7-89c211a34109
- device id: 4ca35884-a93a-48fc-ad16-80b2a90aa32e
- application id: Box Tools Win exe
- application name: BoxTools
- application version: 4.27.1.1145
- metric collection url: https://client-log.box.com/index.php?rm=box_gen204_json_record
- metric data path: C:\Users\pcedillo\AppData\Local\Box\Box Tools\Metrics\BoxTools_Metrics.db
- post callback: 059104C6
- log callback: 059161FE
- context: 00000000
- post interval in seconds: 600
- max records in a post: 100
- max db records: 500
- disable sender: true
[2025-01-17 10:12:00,778] [52   ] [INFO ] [] - Shutting down the metrics collector
[2025-01-17 10:22:00,778] [56   ] [INFO ] [] - Initializing the metrics collector
[2025-01-17 10:22:00,792] [56   ] [INFO ] [] - MetricsCollector::Sender(49): _disableSentMetrics 1
[2025-01-17 10:22:00,793] [56   ] [INFO ] [] - MetricsCollector::Initialize(231): Initialized metrics collector
- session id: 4c30067f-ca99-4153-b7e7-89c211a34109
- device id: 4ca35884-a93a-48fc-ad16-80b2a90aa32e
- application id: Box Tools Win exe
- application name: BoxTools
- application version: 4.27.1.1145
- metric collection url: https://client-log.box.com/index.php?rm=box_gen204_json_record
- metric data path: C:\Users\pcedillo\AppData\Local\Box\Box Tools\Metrics\BoxTools_Metrics.db
- post callback: 059104C6
- log callback: 059161FE
- context: 00000000
- post interval in seconds: 600
- max records in a post: 100
- max db records: 500
- disable sender: true
[2025-01-17 10:22:00,805] [56   ] [INFO ] [] - Shutting down the metrics collector
[2025-01-17 10:32:00,792] [43   ] [INFO ] [] - Initializing the metrics collector
[2025-01-17 10:32:00,802] [43   ] [INFO ] [] - MetricsCollector::Sender(49): _disableSentMetrics 1
[2025-01-17 10:32:00,802] [43   ] [INFO ] [] - MetricsCollector::Initialize(231): Initialized metrics collector
- session id: 4c30067f-ca99-4153-b7e7-89c211a34109
- device id: 4ca35884-a93a-48fc-ad16-80b2a90aa32e
- application id: Box Tools Win exe
- application name: BoxTools
- application version: 4.27.1.1145
- metric collection url: https://client-log.box.com/index.php?rm=box_gen204_json_record
- metric data path: C:\Users\pcedillo\AppData\Local\Box\Box Tools\Metrics\BoxTools_Metrics.db
- post callback: 059104C6
- log callback: 059161FE
- context: 00000000
- post interval in seconds: 600
- max records in a post: 100
- max db records: 500
- disable sender: true
[2025-01-17 10:32:00,812] [43   ] [INFO ] [] - Shutting down the metrics collector
[2025-01-17 10:42:00,673] [46   ] [INFO ] [] - Initializing the metrics collector
[2025-01-17 10:42:00,688] [46   ] [INFO ] [] - MetricsCollector::Sender(49): _disableSentMetrics 1
[2025-01-17 10:42:00,688] [46   ] [INFO ] [] - MetricsCollector::Initialize(231): Initialized metrics collector
- session id: 4c30067f-ca99-4153-b7e7-89c211a34109
- device id: 4ca35884-a93a-48fc-ad16-80b2a90aa32e
- application id: Box Tools Win exe
- application name: BoxTools
- application version: 4.27.1.1145
- metric collection url: https://client-log.box.com/index.php?rm=box_gen204_json_record
- metric data path: C:\Users\pcedillo\AppData\Local\Box\Box Tools\Metrics\BoxTools_Metrics.db
- post callback: 059104C6
- log callback: 059161FE
- context: 00000000
- post interval in seconds: 600
- max records in a post: 100
- max db records: 500
- disable sender: true
[2025-01-17 10:42:00,701] [46   ] [INFO ] [] - Shutting down the metrics collector
[2025-01-17 10:52:00,643] [60   ] [INFO ] [] - Initializing the metrics collector
[2025-01-17 10:52:00,656] [60   ] [INFO ] [] - MetricsCollector::Sender(49): _disableSentMetrics 1
[2025-01-17 10:52:00,657] [60   ] [INFO ] [] - MetricsCollector::Initialize(231): Initialized metrics collector
- session id: 4c30067f-ca99-4153-b7e7-89c211a34109
- device id: 4ca35884-a93a-48fc-ad16-80b2a90aa32e
- application id: Box Tools Win exe
- application name: BoxTools
- application version: 4.27.1.1145
- metric collection url: https://client-log.box.com/index.php?rm=box_gen204_json_record
- metric data path: C:\Users\pcedillo\AppData\Local\Box\Box Tools\Metrics\BoxTools_Metrics.db
- post callback: 059104C6
- log callback: 059161FE
- context: 00000000
- post interval in seconds: 600
- max records in a post: 100
- max db records: 500
- disable sender: true
[2025-01-17 10:52:00,670] [60   ] [INFO ] [] - Shutting down the metrics collector
[2025-01-17 11:02:00,590] [53   ] [INFO ] [] - Initializing the metrics collector
[2025-01-17 11:02:00,601] [53   ] [INFO ] [] - MetricsCollector::Sender(49): _disableSentMetrics 1
[2025-01-17 11:02:00,601] [53   ] [INFO ] [] - MetricsCollector::Initialize(231): Initialized metrics collector
- session id: 4c30067f-ca99-4153-b7e7-89c211a34109
- device id: 4ca35884-a93a-48fc-ad16-80b2a90aa32e
- application id: Box Tools Win exe
- application name: BoxTools
- application version: 4.27.1.1145
- metric collection url: https://client-log.box.com/index.php?rm=box_gen204_json_record
- metric data path: C:\Users\pcedillo\AppData\Local\Box\Box Tools\Metrics\BoxTools_Metrics.db
- post callback: 059104C6
- log callback: 059161FE
- context: 00000000
- post interval in seconds: 600
- max records in a post: 100
- max db records: 500
- disable sender: true
[2025-01-17 11:02:00,611] [53   ] [INFO ] [] - Shutting down the metrics collector
[2025-01-17 11:12:00,522] [45   ] [INFO ] [] - Initializing the metrics collector
[2025-01-17 11:12:00,535] [45   ] [INFO ] [] - MetricsCollector::Sender(49): _disableSentMetrics 1
[2025-01-17 11:12:00,536] [45   ] [INFO ] [] - MetricsCollector::Initialize(231): Initialized metrics collector
- session id: 4c30067f-ca99-4153-b7e7-89c211a34109
- device id: 4ca35884-a93a-48fc-ad16-80b2a90aa32e
- application id: Box Tools Win exe
- application name: BoxTools
- application version: 4.27.1.1145
- metric collection url: https://client-log.box.com/index.php?rm=box_gen204_json_record
- metric data path: C:\Users\pcedillo\AppData\Local\Box\Box Tools\Metrics\BoxTools_Metrics.db
- post callback: 059104C6
- log callback: 059161FE
- context: 00000000
- post interval in seconds: 600
- max records in a post: 100
- max db records: 500
- disable sender: true
[2025-01-17 11:12:00,546] [45   ] [INFO ] [] - Shutting down the metrics collector
[2025-01-17 11:22:00,492] [44   ] [INFO ] [] - Initializing the metrics collector
[2025-01-17 11:22:00,502] [44   ] [INFO ] [] - MetricsCollector::Sender(49): _disableSentMetrics 1
[2025-01-17 11:22:00,503] [44   ] [INFO ] [] - MetricsCollector::Initialize(231): Initialized metrics collector
- session id: 4c30067f-ca99-4153-b7e7-89c211a34109
- device id: 4ca35884-a93a-48fc-ad16-80b2a90aa32e
- application id: Box Tools Win exe
- application name: BoxTools
- application version: 4.27.1.1145
- metric collection url: https://client-log.box.com/index.php?rm=box_gen204_json_record
- metric data path: C:\Users\pcedillo\AppData\Local\Box\Box Tools\Metrics\BoxTools_Metrics.db
- post callback: 059104C6
- log callback: 059161FE
- context: 00000000
- post interval in seconds: 600
- max records in a post: 100
- max db records: 500
- disable sender: true
[2025-01-17 11:22:00,516] [44   ] [INFO ] [] - Shutting down the metrics collector
[2025-01-17 11:32:00,435] [51   ] [INFO ] [] - Initializing the metrics collector
[2025-01-17 11:32:00,444] [51   ] [INFO ] [] - MetricsCollector::Sender(49): _disableSentMetrics 1
[2025-01-17 11:32:00,445] [51   ] [INFO ] [] - MetricsCollector::Initialize(231): Initialized metrics collector
- session id: 4c30067f-ca99-4153-b7e7-89c211a34109
- device id: 4ca35884-a93a-48fc-ad16-80b2a90aa32e
- application id: Box Tools Win exe
- application name: BoxTools
- application version: 4.27.1.1145
- metric collection url: https://client-log.box.com/index.php?rm=box_gen204_json_record
- metric data path: C:\Users\pcedillo\AppData\Local\Box\Box Tools\Metrics\BoxTools_Metrics.db
- post callback: 059104C6
- log callback: 059161FE
- context: 00000000
- post interval in seconds: 600
- max records in a post: 100
- max db records: 500
- disable sender: true
[2025-01-17 11:32:00,453] [51   ] [INFO ] [] - Shutting down the metrics collector
[2025-01-17 11:42:00,442] [47   ] [INFO ] [] - Initializing the metrics collector
[2025-01-17 11:42:00,455] [47   ] [INFO ] [] - MetricsCollector::Sender(49): _disableSentMetrics 1
[2025-01-17 11:42:00,456] [47   ] [INFO ] [] - MetricsCollector::Initialize(231): Initialized metrics collector
- session id: 4c30067f-ca99-4153-b7e7-89c211a34109
- device id: 4ca35884-a93a-48fc-ad16-80b2a90aa32e
- application id: Box Tools Win exe
- application name: BoxTools
- application version: 4.27.1.1145
- metric collection url: https://client-log.box.com/index.php?rm=box_gen204_json_record
- metric data path: C:\Users\pcedillo\AppData\Local\Box\Box Tools\Metrics\BoxTools_Metrics.db
- post callback: 059104C6
- log callback: 059161FE
- context: 00000000
- post interval in seconds: 600
- max records in a post: 100
- max db records: 500
- disable sender: true
[2025-01-17 11:42:00,467] [47   ] [INFO ] [] - Shutting down the metrics collector
[2025-01-17 11:52:00,452] [58   ] [INFO ] [] - Initializing the metrics collector
[2025-01-17 11:52:00,465] [58   ] [INFO ] [] - MetricsCollector::Sender(49): _disableSentMetrics 1
[2025-01-17 11:52:00,466] [58   ] [INFO ] [] - MetricsCollector::Initialize(231): Initialized metrics collector
- session id: 4c30067f-ca99-4153-b7e7-89c211a34109
- device id: 4ca35884-a93a-48fc-ad16-80b2a90aa32e
- application id: Box Tools Win exe
- application name: BoxTools
- application version: 4.27.1.1145
- metric collection url: https://client-log.box.com/index.php?rm=box_gen204_json_record
- metric data path: C:\Users\pcedillo\AppData\Local\Box\Box Tools\Metrics\BoxTools_Metrics.db
- post callback: 059104C6
- log callback: 059161FE
- context: 00000000
- post interval in seconds: 600
- max records in a post: 100
- max db records: 500
- disable sender: true
[2025-01-17 11:52:00,479] [58   ] [INFO ] [] - Shutting down the metrics collector
[2025-01-17 12:02:00,385] [59   ] [INFO ] [] - Initializing the metrics collector
[2025-01-17 12:02:00,391] [59   ] [INFO ] [] - MetricsCollector::Sender(49): _disableSentMetrics 1
[2025-01-17 12:02:00,392] [59   ] [INFO ] [] - MetricsCollector::Initialize(231): Initialized metrics collector
- session id: 4c30067f-ca99-4153-b7e7-89c211a34109
- device id: 4ca35884-a93a-48fc-ad16-80b2a90aa32e
- application id: Box Tools Win exe
- application name: BoxTools
- application version: 4.27.1.1145
- metric collection url: https://client-log.box.com/index.php?rm=box_gen204_json_record
- metric data path: C:\Users\pcedillo\AppData\Local\Box\Box Tools\Metrics\BoxTools_Metrics.db
- post callback: 059104C6
- log callback: 059161FE
- context: 00000000
- post interval in seconds: 600
- max records in a post: 100
- max db records: 500
- disable sender: true
[2025-01-17 12:02:00,402] [59   ] [INFO ] [] - Shutting down the metrics collector
[2025-01-17 12:12:00,325] [38   ] [INFO ] [] - Initializing the metrics collector
[2025-01-17 12:12:00,338] [38   ] [INFO ] [] - MetricsCollector::Sender(49): _disableSentMetrics 1
[2025-01-17 12:12:00,340] [38   ] [INFO ] [] - MetricsCollector::Initialize(231): Initialized metrics collector
- session id: 4c30067f-ca99-4153-b7e7-89c211a34109
- device id: 4ca35884-a93a-48fc-ad16-80b2a90aa32e
- application id: Box Tools Win exe
- application name: BoxTools
- application version: 4.27.1.1145
- metric collection url: https://client-log.box.com/index.php?rm=box_gen204_json_record
- metric data path: C:\Users\pcedillo\AppData\Local\Box\Box Tools\Metrics\BoxTools_Metrics.db
- post callback: 059104C6
- log callback: 059161FE
- context: 00000000
- post interval in seconds: 600
- max records in a post: 100
- max db records: 500
- disable sender: true
[2025-01-17 12:12:00,353] [38   ] [INFO ] [] - Shutting down the metrics collector
[2025-01-17 12:22:00,264] [50   ] [INFO ] [] - Initializing the metrics collector
[2025-01-17 12:22:00,271] [50   ] [INFO ] [] - MetricsCollector::Sender(49): _disableSentMetrics 1
[2025-01-17 12:22:00,271] [50   ] [INFO ] [] - MetricsCollector::Initialize(231): Initialized metrics collector
- session id: 4c30067f-ca99-4153-b7e7-89c211a34109
- device id: 4ca35884-a93a-48fc-ad16-80b2a90aa32e
- application id: Box Tools Win exe
- application name: BoxTools
- application version: 4.27.1.1145
- metric collection url: https://client-log.box.com/index.php?rm=box_gen204_json_record
- metric data path: C:\Users\pcedillo\AppData\Local\Box\Box Tools\Metrics\BoxTools_Metrics.db
- post callback: 059104C6
- log callback: 059161FE
- context: 00000000
- post interval in seconds: 600
- max records in a post: 100
- max db records: 500
- disable sender: true
[2025-01-17 12:22:00,277] [50   ] [INFO ] [] - Shutting down the metrics collector
[2025-01-17 12:32:00,246] [5    ] [INFO ] [] - Initializing the metrics collector
[2025-01-17 12:32:00,251] [5    ] [INFO ] [] - MetricsCollector::Sender(49): _disableSentMetrics 1
[2025-01-17 12:32:00,251] [5    ] [INFO ] [] - MetricsCollector::Initialize(231): Initialized metrics collector
- session id: 4c30067f-ca99-4153-b7e7-89c211a34109
- device id: 4ca35884-a93a-48fc-ad16-80b2a90aa32e
- application id: Box Tools Win exe
- application name: BoxTools
- application version: 4.27.1.1145
- metric collection url: https://client-log.box.com/index.php?rm=box_gen204_json_record
- metric data path: C:\Users\pcedillo\AppData\Local\Box\Box Tools\Metrics\BoxTools_Metrics.db
- post callback: 059104C6
- log callback: 059161FE
- context: 00000000
- post interval in seconds: 600
- max records in a post: 100
- max db records: 500
- disable sender: true
[2025-01-17 12:32:00,256] [5    ] [INFO ] [] - Shutting down the metrics collector
[2025-01-17 12:42:00,242] [40   ] [INFO ] [] - Initializing the metrics collector
[2025-01-17 12:42:00,250] [40   ] [INFO ] [] - MetricsCollector::Sender(49): _disableSentMetrics 1
[2025-01-17 12:42:00,252] [40   ] [INFO ] [] - MetricsCollector::Initialize(231): Initialized metrics collector
- session id: 4c30067f-ca99-4153-b7e7-89c211a34109
- device id: 4ca35884-a93a-48fc-ad16-80b2a90aa32e
- application id: Box Tools Win exe
- application name: BoxTools
- application version: 4.27.1.1145
- metric collection url: https://client-log.box.com/index.php?rm=box_gen204_json_record
- metric data path: C:\Users\pcedillo\AppData\Local\Box\Box Tools\Metrics\BoxTools_Metrics.db
- post callback: 059104C6
- log callback: 059161FE
- context: 00000000
- post interval in seconds: 600
- max records in a post: 100
- max db records: 500
- disable sender: true
[2025-01-17 12:42:00,258] [40   ] [INFO ] [] - Shutting down the metrics collector
[2025-01-17 12:52:00,208] [3    ] [INFO ] [] - Initializing the metrics collector
[2025-01-17 12:52:00,223] [3    ] [INFO ] [] - MetricsCollector::Sender(49): _disableSentMetrics 1
[2025-01-17 12:52:00,224] [3    ] [INFO ] [] - MetricsCollector::Initialize(231): Initialized metrics collector
- session id: 4c30067f-ca99-4153-b7e7-89c211a34109
- device id: 4ca35884-a93a-48fc-ad16-80b2a90aa32e
- application id: Box Tools Win exe
- application name: BoxTools
- application version: 4.27.1.1145
- metric collection url: https://client-log.box.com/index.php?rm=box_gen204_json_record
- metric data path: C:\Users\pcedillo\AppData\Local\Box\Box Tools\Metrics\BoxTools_Metrics.db
- post callback: 059104C6
- log callback: 059161FE
- context: 00000000
- post interval in seconds: 600
- max records in a post: 100
- max db records: 500
- disable sender: true
[2025-01-17 12:52:00,239] [3    ] [INFO ] [] - Shutting down the metrics collector
[2025-01-17 13:02:00,124] [14   ] [INFO ] [] - Initializing the metrics collector
[2025-01-17 13:02:00,136] [14   ] [INFO ] [] - MetricsCollector::Sender(49): _disableSentMetrics 1
[2025-01-17 13:02:00,137] [14   ] [INFO ] [] - MetricsCollector::Initialize(231): Initialized metrics collector
- session id: 4c30067f-ca99-4153-b7e7-89c211a34109
- device id: 4ca35884-a93a-48fc-ad16-80b2a90aa32e
- application id: Box Tools Win exe
- application name: BoxTools
- application version: 4.27.1.1145
- metric collection url: https://client-log.box.com/index.php?rm=box_gen204_json_record
- metric data path: C:\Users\pcedillo\AppData\Local\Box\Box Tools\Metrics\BoxTools_Metrics.db
- post callback: 059104C6
- log callback: 059161FE
- context: 00000000
- post interval in seconds: 600
- max records in a post: 100
- max db records: 500
- disable sender: true
[2025-01-17 13:02:00,150] [14   ] [INFO ] [] - Shutting down the metrics collector
[2025-01-17 13:12:00,116] [16   ] [INFO ] [] - Initializing the metrics collector
[2025-01-17 13:12:00,128] [16   ] [INFO ] [] - MetricsCollector::Sender(49): _disableSentMetrics 1
[2025-01-17 13:12:00,129] [16   ] [INFO ] [] - MetricsCollector::Initialize(231): Initialized metrics collector
- session id: 4c30067f-ca99-4153-b7e7-89c211a34109
- device id: 4ca35884-a93a-48fc-ad16-80b2a90aa32e
- application id: Box Tools Win exe
- application name: BoxTools
- application version: 4.27.1.1145
- metric collection url: https://client-log.box.com/index.php?rm=box_gen204_json_record
- metric data path: C:\Users\pcedillo\AppData\Local\Box\Box Tools\Metrics\BoxTools_Metrics.db
- post callback: 059104C6
- log callback: 059161FE
- context: 00000000
- post interval in seconds: 600
- max records in a post: 100
- max db records: 500
- disable sender: true
[2025-01-17 13:12:00,142] [16   ] [INFO ] [] - Shutting down the metrics collector
[2025-01-17 13:22:00,110] [18   ] [INFO ] [] - Initializing the metrics collector
[2025-01-17 13:22:00,118] [18   ] [INFO ] [] - MetricsCollector::Sender(49): _disableSentMetrics 1
[2025-01-17 13:22:00,119] [18   ] [INFO ] [] - MetricsCollector::Initialize(231): Initialized metrics collector
- session id: 4c30067f-ca99-4153-b7e7-89c211a34109
- device id: 4ca35884-a93a-48fc-ad16-80b2a90aa32e
- application id: Box Tools Win exe
- application name: BoxTools
- application version: 4.27.1.1145
- metric collection url: https://client-log.box.com/index.php?rm=box_gen204_json_record
- metric data path: C:\Users\pcedillo\AppData\Local\Box\Box Tools\Metrics\BoxTools_Metrics.db
- post callback: 059104C6
- log callback: 059161FE
- context: 00000000
- post interval in seconds: 600
- max records in a post: 100
- max db records: 500
- disable sender: true
[2025-01-17 13:22:00,131] [18   ] [INFO ] [] - Shutting down the metrics collector
[2025-01-17 13:32:00,123] [24   ] [INFO ] [] - Initializing the metrics collector
[2025-01-17 13:32:00,135] [24   ] [INFO ] [] - MetricsCollector::Sender(49): _disableSentMetrics 1
[2025-01-17 13:32:00,136] [24   ] [INFO ] [] - MetricsCollector::Initialize(231): Initialized metrics collector
- session id: 4c30067f-ca99-4153-b7e7-89c211a34109
- device id: 4ca35884-a93a-48fc-ad16-80b2a90aa32e
- application id: Box Tools Win exe
- application name: BoxTools
- application version: 4.27.1.1145
- metric collection url: https://client-log.box.com/index.php?rm=box_gen204_json_record
- metric data path: C:\Users\pcedillo\AppData\Local\Box\Box Tools\Metrics\BoxTools_Metrics.db
- post callback: 059104C6
- log callback: 059161FE
- context: 00000000
- post interval in seconds: 600
- max records in a post: 100
- max db records: 500
- disable sender: true
[2025-01-17 13:32:00,149] [24   ] [INFO ] [] - Shutting down the metrics collector
[2025-01-17 13:42:00,112] [22   ] [INFO ] [] - Initializing the metrics collector
[2025-01-17 13:42:00,122] [22   ] [INFO ] [] - MetricsCollector::Sender(49): _disableSentMetrics 1
[2025-01-17 13:42:00,123] [22   ] [INFO ] [] - MetricsCollector::Initialize(231): Initialized metrics collector
- session id: 4c30067f-ca99-4153-b7e7-89c211a34109
- device id: 4ca35884-a93a-48fc-ad16-80b2a90aa32e
- application id: Box Tools Win exe
- application name: BoxTools
- application version: 4.27.1.1145
- metric collection url: https://client-log.box.com/index.php?rm=box_gen204_json_record
- metric data path: C:\Users\pcedillo\AppData\Local\Box\Box Tools\Metrics\BoxTools_Metrics.db
- post callback: 059104C6
- log callback: 059161FE
- context: 00000000
- post interval in seconds: 600
- max records in a post: 100
- max db records: 500
- disable sender: true
[2025-01-17 13:42:00,136] [22   ] [INFO ] [] - Shutting down the metrics collector
[2025-01-17 13:52:00,116] [28   ] [INFO ] [] - Initializing the metrics collector
[2025-01-17 13:52:00,129] [28   ] [INFO ] [] - MetricsCollector::Sender(49): _disableSentMetrics 1
[2025-01-17 13:52:00,129] [28   ] [INFO ] [] - MetricsCollector::Initialize(231): Initialized metrics collector
- session id: 4c30067f-ca99-4153-b7e7-89c211a34109
- device id: 4ca35884-a93a-48fc-ad16-80b2a90aa32e
- application id: Box Tools Win exe
- application name: BoxTools
- application version: 4.27.1.1145
- metric collection url: https://client-log.box.com/index.php?rm=box_gen204_json_record
- metric data path: C:\Users\pcedillo\AppData\Local\Box\Box Tools\Metrics\BoxTools_Metrics.db
- post callback: 059104C6
- log callback: 059161FE
- context: 00000000
- post interval in seconds: 600
- max records in a post: 100
- max db records: 500
- disable sender: true
[2025-01-17 13:52:00,142] [28   ] [INFO ] [] - Shutting down the metrics collector
[2025-01-17 14:02:00,042] [26   ] [INFO ] [] - Initializing the metrics collector
[2025-01-17 14:02:00,050] [26   ] [INFO ] [] - MetricsCollector::Sender(49): _disableSentMetrics 1
[2025-01-17 14:02:00,050] [26   ] [INFO ] [] - MetricsCollector::Initialize(231): Initialized metrics collector
- session id: 4c30067f-ca99-4153-b7e7-89c211a34109
- device id: 4ca35884-a93a-48fc-ad16-80b2a90aa32e
- application id: Box Tools Win exe
- application name: BoxTools
- application version: 4.27.1.1145
- metric collection url: https://client-log.box.com/index.php?rm=box_gen204_json_record
- metric data path: C:\Users\pcedillo\AppData\Local\Box\Box Tools\Metrics\BoxTools_Metrics.db
- post callback: 059104C6
- log callback: 059161FE
- context: 00000000
- post interval in seconds: 600
- max records in a post: 100
- max db records: 500
- disable sender: true
[2025-01-17 14:02:00,064] [26   ] [INFO ] [] - Shutting down the metrics collector
[2025-01-17 14:11:59,930] [27   ] [INFO ] [] - Initializing the metrics collector
[2025-01-17 14:11:59,939] [27   ] [INFO ] [] - MetricsCollector::Sender(49): _disableSentMetrics 1
[2025-01-17 14:11:59,939] [27   ] [INFO ] [] - MetricsCollector::Initialize(231): Initialized metrics collector
- session id: 4c30067f-ca99-4153-b7e7-89c211a34109
- device id: 4ca35884-a93a-48fc-ad16-80b2a90aa32e
- application id: Box Tools Win exe
- application name: BoxTools
- application version: 4.27.1.1145
- metric collection url: https://client-log.box.com/index.php?rm=box_gen204_json_record
- metric data path: C:\Users\pcedillo\AppData\Local\Box\Box Tools\Metrics\BoxTools_Metrics.db
- post callback: 059104C6
- log callback: 059161FE
- context: 00000000
- post interval in seconds: 600
- max records in a post: 100
- max db records: 500
- disable sender: true
[2025-01-17 14:11:59,945] [27   ] [INFO ] [] - Shutting down the metrics collector
[2025-01-17 14:21:59,858] [31   ] [INFO ] [] - Initializing the metrics collector
[2025-01-17 14:21:59,865] [31   ] [INFO ] [] - MetricsCollector::Sender(49): _disableSentMetrics 1
[2025-01-17 14:21:59,865] [31   ] [INFO ] [] - MetricsCollector::Initialize(231): Initialized metrics collector
- session id: 4c30067f-ca99-4153-b7e7-89c211a34109
- device id: 4ca35884-a93a-48fc-ad16-80b2a90aa32e
- application id: Box Tools Win exe
- application name: BoxTools
- application version: 4.27.1.1145
- metric collection url: https://client-log.box.com/index.php?rm=box_gen204_json_record
- metric data path: C:\Users\pcedillo\AppData\Local\Box\Box Tools\Metrics\BoxTools_Metrics.db
- post callback: 059104C6
- log callback: 059161FE
- context: 00000000
- post interval in seconds: 600
- max records in a post: 100
- max db records: 500
- disable sender: true
[2025-01-17 14:21:59,871] [31   ] [INFO ] [] - Shutting down the metrics collector
[2025-01-17 14:31:59,844] [20   ] [INFO ] [] - Initializing the metrics collector
[2025-01-17 14:31:59,856] [20   ] [INFO ] [] - MetricsCollector::Sender(49): _disableSentMetrics 1
[2025-01-17 14:31:59,857] [20   ] [INFO ] [] - MetricsCollector::Initialize(231): Initialized metrics collector
- session id: 4c30067f-ca99-4153-b7e7-89c211a34109
- device id: 4ca35884-a93a-48fc-ad16-80b2a90aa32e
- application id: Box Tools Win exe
- application name: BoxTools
- application version: 4.27.1.1145
- metric collection url: https://client-log.box.com/index.php?rm=box_gen204_json_record
- metric data path: C:\Users\pcedillo\AppData\Local\Box\Box Tools\Metrics\BoxTools_Metrics.db
- post callback: 059104C6
- log callback: 059161FE
- context: 00000000
- post interval in seconds: 600
- max records in a post: 100
- max db records: 500
- disable sender: true
[2025-01-17 14:31:59,869] [20   ] [INFO ] [] - Shutting down the metrics collector
[2025-01-17 14:40:41,749] [29   ] [INFO ] [] - Accepted Origin
[2025-01-17 14:40:41,755] [29   ] [INFO ] [] - Handling status request
[2025-01-17 14:41:59,750] [21   ] [INFO ] [] - Initializing the metrics collector
[2025-01-17 14:41:59,764] [21   ] [INFO ] [] - MetricsCollector::Sender(49): _disableSentMetrics 1
[2025-01-17 14:41:59,764] [21   ] [INFO ] [] - MetricsCollector::Initialize(231): Initialized metrics collector
- session id: 4c30067f-ca99-4153-b7e7-89c211a34109
- device id: 4ca35884-a93a-48fc-ad16-80b2a90aa32e
- application id: Box Tools Win exe
- application name: BoxTools
- application version: 4.27.1.1145
- metric collection url: https://client-log.box.com/index.php?rm=box_gen204_json_record
- metric data path: C:\Users\pcedillo\AppData\Local\Box\Box Tools\Metrics\BoxTools_Metrics.db
- post callback: 059104C6
- log callback: 059161FE
- context: 00000000
- post interval in seconds: 600
- max records in a post: 100
- max db records: 500
- disable sender: true
[2025-01-17 14:41:59,777] [21   ] [INFO ] [] - Shutting down the metrics collector
[2025-01-17 14:51:59,719] [64   ] [INFO ] [] - Initializing the metrics collector
[2025-01-17 14:51:59,731] [64   ] [INFO ] [] - MetricsCollector::Sender(49): _disableSentMetrics 1
[2025-01-17 14:51:59,731] [64   ] [INFO ] [] - MetricsCollector::Initialize(231): Initialized metrics collector
- session id: 4c30067f-ca99-4153-b7e7-89c211a34109
- device id: 4ca35884-a93a-48fc-ad16-80b2a90aa32e
- application id: Box Tools Win exe
- application name: BoxTools
- application version: 4.27.1.1145
- metric collection url: https://client-log.box.com/index.php?rm=box_gen204_json_record
- metric data path: C:\Users\pcedillo\AppData\Local\Box\Box Tools\Metrics\BoxTools_Metrics.db
- post callback: 059104C6
- log callback: 059161FE
- context: 00000000
- post interval in seconds: 600
- max records in a post: 100
- max db records: 500
- disable sender: true
[2025-01-17 14:51:59,742] [64   ] [INFO ] [] - Shutting down the metrics collector
[2025-01-17 15:01:59,706] [35   ] [INFO ] [] - Initializing the metrics collector
[2025-01-17 15:01:59,715] [35   ] [INFO ] [] - MetricsCollector::Sender(49): _disableSentMetrics 1
[2025-01-17 15:01:59,715] [35   ] [INFO ] [] - MetricsCollector::Initialize(231): Initialized metrics collector
- session id: 4c30067f-ca99-4153-b7e7-89c211a34109
- device id: 4ca35884-a93a-48fc-ad16-80b2a90aa32e
- application id: Box Tools Win exe
- application name: BoxTools
- application version: 4.27.1.1145
- metric collection url: https://client-log.box.com/index.php?rm=box_gen204_json_record
- metric data path: C:\Users\pcedillo\AppData\Local\Box\Box Tools\Metrics\BoxTools_Metrics.db
- post callback: 059104C6
- log callback: 059161FE
- context: 00000000
- post interval in seconds: 600
- max records in a post: 100
- max db records: 500
- disable sender: true
[2025-01-17 15:01:59,724] [35   ] [INFO ] [] - Shutting down the metrics collector
[2025-01-17 15:11:59,698] [30   ] [INFO ] [] - Initializing the metrics collector
[2025-01-17 15:11:59,712] [30   ] [INFO ] [] - MetricsCollector::Sender(49): _disableSentMetrics 1
[2025-01-17 15:11:59,713] [30   ] [INFO ] [] - MetricsCollector::Initialize(231): Initialized metrics collector
- session id: 4c30067f-ca99-4153-b7e7-89c211a34109
- device id: 4ca35884-a93a-48fc-ad16-80b2a90aa32e
- application id: Box Tools Win exe
- application name: BoxTools
- application version: 4.27.1.1145
- metric collection url: https://client-log.box.com/index.php?rm=box_gen204_json_record
- metric data path: C:\Users\pcedillo\AppData\Local\Box\Box Tools\Metrics\BoxTools_Metrics.db
- post callback: 059104C6
- log callback: 059161FE
- context: 00000000
- post interval in seconds: 600
- max records in a post: 100
- max db records: 500
- disable sender: true
[2025-01-17 15:11:59,723] [30   ] [INFO ] [] - Shutting down the metrics collector
[2025-01-17 15:21:59,688] [36   ] [INFO ] [] - Initializing the metrics collector
[2025-01-17 15:21:59,702] [36   ] [INFO ] [] - MetricsCollector::Sender(49): _disableSentMetrics 1
[2025-01-17 15:21:59,703] [36   ] [INFO ] [] - MetricsCollector::Initialize(231): Initialized metrics collector
- session id: 4c30067f-ca99-4153-b7e7-89c211a34109
- device id: 4ca35884-a93a-48fc-ad16-80b2a90aa32e
- application id: Box Tools Win exe
- application name: BoxTools
- application version: 4.27.1.1145
- metric collection url: https://client-log.box.com/index.php?rm=box_gen204_json_record
- metric data path: C:\Users\pcedillo\AppData\Local\Box\Box Tools\Metrics\BoxTools_Metrics.db
- post callback: 059104C6
- log callback: 059161FE
- context: 00000000
- post interval in seconds: 600
- max records in a post: 100
- max db records: 500
- disable sender: true
[2025-01-17 15:21:59,714] [36   ] [INFO ] [] - Shutting down the metrics collector
[2025-01-17 15:31:59,690] [62   ] [INFO ] [] - Initializing the metrics collector
[2025-01-17 15:31:59,699] [62   ] [INFO ] [] - MetricsCollector::Sender(49): _disableSentMetrics 1
[2025-01-17 15:31:59,700] [62   ] [INFO ] [] - MetricsCollector::Initialize(231): Initialized metrics collector
- session id: 4c30067f-ca99-4153-b7e7-89c211a34109
- device id: 4ca35884-a93a-48fc-ad16-80b2a90aa32e
- application id: Box Tools Win exe
- application name: BoxTools
- application version: 4.27.1.1145
- metric collection url: https://client-log.box.com/index.php?rm=box_gen204_json_record
- metric data path: C:\Users\pcedillo\AppData\Local\Box\Box Tools\Metrics\BoxTools_Metrics.db
- post callback: 059104C6
- log callback: 059161FE
- context: 00000000
- post interval in seconds: 600
- max records in a post: 100
- max db records: 500
- disable sender: true
[2025-01-17 15:31:59,713] [62   ] [INFO ] [] - Shutting down the metrics collector
[2025-01-17 15:41:59,652] [32   ] [INFO ] [] - Initializing the metrics collector
[2025-01-17 15:41:59,660] [32   ] [INFO ] [] - MetricsCollector::Sender(49): _disableSentMetrics 1
[2025-01-17 15:41:59,661] [32   ] [INFO ] [] - MetricsCollector::Initialize(231): Initialized metrics collector
- session id: 4c30067f-ca99-4153-b7e7-89c211a34109
- device id: 4ca35884-a93a-48fc-ad16-80b2a90aa32e
- application id: Box Tools Win exe
- application name: BoxTools
- application version: 4.27.1.1145
- metric collection url: https://client-log.box.com/index.php?rm=box_gen204_json_record
- metric data path: C:\Users\pcedillo\AppData\Local\Box\Box Tools\Metrics\BoxTools_Metrics.db
- post callback: 059104C6
- log callback: 059161FE
- context: 00000000
- post interval in seconds: 600
- max records in a post: 100
- max db records: 500
- disable sender: true
[2025-01-17 15:41:59,673] [32   ] [INFO ] [] - Shutting down the metrics collector
[2025-01-17 15:51:59,488] [34   ] [INFO ] [] - Initializing the metrics collector
[2025-01-17 15:51:59,501] [34   ] [INFO ] [] - MetricsCollector::Sender(49): _disableSentMetrics 1
[2025-01-17 15:51:59,502] [34   ] [INFO ] [] - MetricsCollector::Initialize(231): Initialized metrics collector
- session id: 4c30067f-ca99-4153-b7e7-89c211a34109
- device id: 4ca35884-a93a-48fc-ad16-80b2a90aa32e
- application id: Box Tools Win exe
- application name: BoxTools
- application version: 4.27.1.1145
- metric collection url: https://client-log.box.com/index.php?rm=box_gen204_json_record
- metric data path: C:\Users\pcedillo\AppData\Local\Box\Box Tools\Metrics\BoxTools_Metrics.db
- post callback: 059104C6
- log callback: 059161FE
- context: 00000000
- post interval in seconds: 600
- max records in a post: 100
- max db records: 500
- disable sender: true
[2025-01-17 15:51:59,515] [34   ] [INFO ] [] - Shutting down the metrics collector
[2025-01-17 16:01:59,430] [35   ] [INFO ] [] - Initializing the metrics collector
[2025-01-17 16:01:59,442] [35   ] [INFO ] [] - MetricsCollector::Sender(49): _disableSentMetrics 1
[2025-01-17 16:01:59,442] [35   ] [INFO ] [] - MetricsCollector::Initialize(231): Initialized metrics collector
- session id: 4c30067f-ca99-4153-b7e7-89c211a34109
- device id: 4ca35884-a93a-48fc-ad16-80b2a90aa32e
- application id: Box Tools Win exe
- application name: BoxTools
- application version: 4.27.1.1145
- metric collection url: https://client-log.box.com/index.php?rm=box_gen204_json_record
- metric data path: C:\Users\pcedillo\AppData\Local\Box\Box Tools\Metrics\BoxTools_Metrics.db
- post callback: 059104C6
- log callback: 059161FE
- context: 00000000
- post interval in seconds: 600
- max records in a post: 100
- max db records: 500
- disable sender: true
[2025-01-17 16:01:59,456] [35   ] [INFO ] [] - Shutting down the metrics collector
[2025-01-17 16:11:59,393] [30   ] [INFO ] [] - Initializing the metrics collector
[2025-01-17 16:11:59,403] [30   ] [INFO ] [] - MetricsCollector::Sender(49): _disableSentMetrics 1
[2025-01-17 16:11:59,403] [30   ] [INFO ] [] - MetricsCollector::Initialize(231): Initialized metrics collector
- session id: 4c30067f-ca99-4153-b7e7-89c211a34109
- device id: 4ca35884-a93a-48fc-ad16-80b2a90aa32e
- application id: Box Tools Win exe
- application name: BoxTools
- application version: 4.27.1.1145
- metric collection url: https://client-log.box.com/index.php?rm=box_gen204_json_record
- metric data path: C:\Users\pcedillo\AppData\Local\Box\Box Tools\Metrics\BoxTools_Metrics.db
- post callback: 059104C6
- log callback: 059161FE
- context: 00000000
- post interval in seconds: 600
- max records in a post: 100
- max db records: 500
- disable sender: true
[2025-01-17 16:11:59,411] [30   ] [INFO ] [] - Shutting down the metrics collector
[2025-01-17 16:21:59,388] [21   ] [INFO ] [] - Initializing the metrics collector
[2025-01-17 16:21:59,401] [21   ] [INFO ] [] - MetricsCollector::Sender(49): _disableSentMetrics 1
[2025-01-17 16:21:59,402] [21   ] [INFO ] [] - MetricsCollector::Initialize(231): Initialized metrics collector
- session id: 4c30067f-ca99-4153-b7e7-89c211a34109
- device id: 4ca35884-a93a-48fc-ad16-80b2a90aa32e
- application id: Box Tools Win exe
- application name: BoxTools
- application version: 4.27.1.1145
- metric collection url: https://client-log.box.com/index.php?rm=box_gen204_json_record
- metric data path: C:\Users\pcedillo\AppData\Local\Box\Box Tools\Metrics\BoxTools_Metrics.db
- post callback: 059104C6
- log callback: 059161FE
- context: 00000000
- post interval in seconds: 600
- max records in a post: 100
- max db records: 500
- disable sender: true
[2025-01-17 16:21:59,414] [21   ] [INFO ] [] - Shutting down the metrics collector
[2025-01-17 16:31:59,388] [31   ] [INFO ] [] - Initializing the metrics collector
[2025-01-17 16:31:59,400] [31   ] [INFO ] [] - MetricsCollector::Sender(49): _disableSentMetrics 1
[2025-01-17 16:31:59,400] [31   ] [INFO ] [] - MetricsCollector::Initialize(231): Initialized metrics collector
- session id: 4c30067f-ca99-4153-b7e7-89c211a34109
- device id: 4ca35884-a93a-48fc-ad16-80b2a90aa32e
- application id: Box Tools Win exe
- application name: BoxTools
- application version: 4.27.1.1145
- metric collection url: https://client-log.box.com/index.php?rm=box_gen204_json_record
- metric data path: C:\Users\pcedillo\AppData\Local\Box\Box Tools\Metrics\BoxTools_Metrics.db
- post callback: 059104C6
- log callback: 059161FE
- context: 00000000
- post interval in seconds: 600
- max records in a post: 100
- max db records: 500
- disable sender: true
[2025-01-17 16:31:59,413] [31   ] [INFO ] [] - Shutting down the metrics collector
[2025-01-17 16:41:59,377] [27   ] [INFO ] [] - Initializing the metrics collector
[2025-01-17 16:41:59,391] [27   ] [INFO ] [] - MetricsCollector::Sender(49): _disableSentMetrics 1
[2025-01-17 16:41:59,392] [27   ] [INFO ] [] - MetricsCollector::Initialize(231): Initialized metrics collector
- session id: 4c30067f-ca99-4153-b7e7-89c211a34109
- device id: 4ca35884-a93a-48fc-ad16-80b2a90aa32e
- application id: Box Tools Win exe
- application name: BoxTools
- application version: 4.27.1.1145
- metric collection url: https://client-log.box.com/index.php?rm=box_gen204_json_record
- metric data path: C:\Users\pcedillo\AppData\Local\Box\Box Tools\Metrics\BoxTools_Metrics.db
- post callback: 059104C6
- log callback: 059161FE
- context: 00000000
- post interval in seconds: 600
- max records in a post: 100
- max db records: 500
- disable sender: true
[2025-01-17 16:41:59,404] [27   ] [INFO ] [] - Shutting down the metrics collector
