[2025-02-14 08:56:35,482] [22   ] [INFO ] [] - Initializing the metrics collector
[2025-02-14 08:56:35,494] [22   ] [INFO ] [] - MetricsCollector::Sender(49): _disableSentMetrics 1
[2025-02-14 08:56:35,495] [22   ] [INFO ] [] - MetricsCollector::Initialize(231): Initialized metrics collector
- session id: e0472d3e-0d6a-4010-83a4-f833730aafa7
- device id: 4ca35884-a93a-48fc-ad16-80b2a90aa32e
- application id: Box Tools Win exe
- application name: BoxTools
- application version: 4.28.0.1161
- metric collection url: https://client-log.box.com/index.php?rm=box_gen204_json_record
- metric data path: C:\Users\pcedillo\AppData\Local\Box\Box Tools\Metrics\BoxTools_Metrics.db
- post callback: 057004C6
- log callback: 057061D6
- context: 00000000
- post interval in seconds: 600
- max records in a post: 100
- max db records: 500
- disable sender: true
[2025-02-14 08:56:35,505] [22   ] [INFO ] [] - Shutting down the metrics collector
[2025-02-14 09:06:37,144] [22   ] [INFO ] [] - Initializing the metrics collector
[2025-02-14 09:06:37,159] [22   ] [INFO ] [] - MetricsCollector::Sender(49): _disableSentMetrics 1
[2025-02-14 09:06:37,159] [22   ] [INFO ] [] - MetricsCollector::Initialize(231): Initialized metrics collector
- session id: e0472d3e-0d6a-4010-83a4-f833730aafa7
- device id: 4ca35884-a93a-48fc-ad16-80b2a90aa32e
- application id: Box Tools Win exe
- application name: BoxTools
- application version: 4.28.0.1161
- metric collection url: https://client-log.box.com/index.php?rm=box_gen204_json_record
- metric data path: C:\Users\pcedillo\AppData\Local\Box\Box Tools\Metrics\BoxTools_Metrics.db
- post callback: 057004C6
- log callback: 057061D6
- context: 00000000
- post interval in seconds: 600
- max records in a post: 100
- max db records: 500
- disable sender: true
[2025-02-14 09:06:37,173] [22   ] [INFO ] [] - Shutting down the metrics collector
[2025-02-14 09:16:37,063] [22   ] [INFO ] [] - Initializing the metrics collector
[2025-02-14 09:16:37,075] [22   ] [INFO ] [] - MetricsCollector::Sender(49): _disableSentMetrics 1
[2025-02-14 09:16:37,075] [22   ] [INFO ] [] - MetricsCollector::Initialize(231): Initialized metrics collector
- session id: e0472d3e-0d6a-4010-83a4-f833730aafa7
- device id: 4ca35884-a93a-48fc-ad16-80b2a90aa32e
- application id: Box Tools Win exe
- application name: BoxTools
- application version: 4.28.0.1161
- metric collection url: https://client-log.box.com/index.php?rm=box_gen204_json_record
- metric data path: C:\Users\pcedillo\AppData\Local\Box\Box Tools\Metrics\BoxTools_Metrics.db
- post callback: 057004C6
- log callback: 057061D6
- context: 00000000
- post interval in seconds: 600
- max records in a post: 100
- max db records: 500
- disable sender: true
[2025-02-14 09:16:37,086] [22   ] [INFO ] [] - Shutting down the metrics collector
[2025-02-14 09:26:37,071] [22   ] [INFO ] [] - Initializing the metrics collector
[2025-02-14 09:26:37,085] [22   ] [INFO ] [] - MetricsCollector::Sender(49): _disableSentMetrics 1
[2025-02-14 09:26:37,085] [22   ] [INFO ] [] - MetricsCollector::Initialize(231): Initialized metrics collector
- session id: e0472d3e-0d6a-4010-83a4-f833730aafa7
- device id: 4ca35884-a93a-48fc-ad16-80b2a90aa32e
- application id: Box Tools Win exe
- application name: BoxTools
- application version: 4.28.0.1161
- metric collection url: https://client-log.box.com/index.php?rm=box_gen204_json_record
- metric data path: C:\Users\pcedillo\AppData\Local\Box\Box Tools\Metrics\BoxTools_Metrics.db
- post callback: 057004C6
- log callback: 057061D6
- context: 00000000
- post interval in seconds: 600
- max records in a post: 100
- max db records: 500
- disable sender: true
[2025-02-14 09:26:37,103] [22   ] [INFO ] [] - Shutting down the metrics collector
[2025-02-14 09:36:36,999] [22   ] [INFO ] [] - Initializing the metrics collector
[2025-02-14 09:36:37,012] [22   ] [INFO ] [] - MetricsCollector::Sender(49): _disableSentMetrics 1
[2025-02-14 09:36:37,013] [22   ] [INFO ] [] - MetricsCollector::Initialize(231): Initialized metrics collector
- session id: e0472d3e-0d6a-4010-83a4-f833730aafa7
- device id: 4ca35884-a93a-48fc-ad16-80b2a90aa32e
- application id: Box Tools Win exe
- application name: BoxTools
- application version: 4.28.0.1161
- metric collection url: https://client-log.box.com/index.php?rm=box_gen204_json_record
- metric data path: C:\Users\pcedillo\AppData\Local\Box\Box Tools\Metrics\BoxTools_Metrics.db
- post callback: 057004C6
- log callback: 057061D6
- context: 00000000
- post interval in seconds: 600
- max records in a post: 100
- max db records: 500
- disable sender: true
[2025-02-14 09:36:37,026] [22   ] [INFO ] [] - Shutting down the metrics collector
[2025-02-14 09:46:37,000] [22   ] [INFO ] [] - Initializing the metrics collector
[2025-02-14 09:46:37,013] [22   ] [INFO ] [] - MetricsCollector::Sender(49): _disableSentMetrics 1
[2025-02-14 09:46:37,014] [22   ] [INFO ] [] - MetricsCollector::Initialize(231): Initialized metrics collector
- session id: e0472d3e-0d6a-4010-83a4-f833730aafa7
- device id: 4ca35884-a93a-48fc-ad16-80b2a90aa32e
- application id: Box Tools Win exe
- application name: BoxTools
- application version: 4.28.0.1161
- metric collection url: https://client-log.box.com/index.php?rm=box_gen204_json_record
- metric data path: C:\Users\pcedillo\AppData\Local\Box\Box Tools\Metrics\BoxTools_Metrics.db
- post callback: 057004C6
- log callback: 057061D6
- context: 00000000
- post interval in seconds: 600
- max records in a post: 100
- max db records: 500
- disable sender: true
[2025-02-14 09:46:37,028] [22   ] [INFO ] [] - Shutting down the metrics collector
[2025-02-14 09:56:36,938] [22   ] [INFO ] [] - Initializing the metrics collector
[2025-02-14 09:56:36,954] [22   ] [INFO ] [] - MetricsCollector::Sender(49): _disableSentMetrics 1
[2025-02-14 09:56:36,954] [22   ] [INFO ] [] - MetricsCollector::Initialize(231): Initialized metrics collector
- session id: e0472d3e-0d6a-4010-83a4-f833730aafa7
- device id: 4ca35884-a93a-48fc-ad16-80b2a90aa32e
- application id: Box Tools Win exe
- application name: BoxTools
- application version: 4.28.0.1161
- metric collection url: https://client-log.box.com/index.php?rm=box_gen204_json_record
- metric data path: C:\Users\pcedillo\AppData\Local\Box\Box Tools\Metrics\BoxTools_Metrics.db
- post callback: 057004C6
- log callback: 057061D6
- context: 00000000
- post interval in seconds: 600
- max records in a post: 100
- max db records: 500
- disable sender: true
[2025-02-14 09:56:36,968] [22   ] [INFO ] [] - Shutting down the metrics collector
[2025-02-14 10:06:36,937] [22   ] [INFO ] [] - Initializing the metrics collector
[2025-02-14 10:06:36,950] [22   ] [INFO ] [] - MetricsCollector::Sender(49): _disableSentMetrics 1
[2025-02-14 10:06:36,951] [22   ] [INFO ] [] - MetricsCollector::Initialize(231): Initialized metrics collector
- session id: e0472d3e-0d6a-4010-83a4-f833730aafa7
- device id: 4ca35884-a93a-48fc-ad16-80b2a90aa32e
- application id: Box Tools Win exe
- application name: BoxTools
- application version: 4.28.0.1161
- metric collection url: https://client-log.box.com/index.php?rm=box_gen204_json_record
- metric data path: C:\Users\pcedillo\AppData\Local\Box\Box Tools\Metrics\BoxTools_Metrics.db
- post callback: 057004C6
- log callback: 057061D6
- context: 00000000
- post interval in seconds: 600
- max records in a post: 100
- max db records: 500
- disable sender: true
[2025-02-14 10:06:36,959] [22   ] [INFO ] [] - Shutting down the metrics collector
[2025-02-14 10:16:36,941] [22   ] [INFO ] [] - Initializing the metrics collector
[2025-02-14 10:16:36,953] [22   ] [INFO ] [] - MetricsCollector::Sender(49): _disableSentMetrics 1
[2025-02-14 10:16:36,955] [22   ] [INFO ] [] - MetricsCollector::Initialize(231): Initialized metrics collector
- session id: e0472d3e-0d6a-4010-83a4-f833730aafa7
- device id: 4ca35884-a93a-48fc-ad16-80b2a90aa32e
- application id: Box Tools Win exe
- application name: BoxTools
- application version: 4.28.0.1161
- metric collection url: https://client-log.box.com/index.php?rm=box_gen204_json_record
- metric data path: C:\Users\pcedillo\AppData\Local\Box\Box Tools\Metrics\BoxTools_Metrics.db
- post callback: 057004C6
- log callback: 057061D6
- context: 00000000
- post interval in seconds: 600
- max records in a post: 100
- max db records: 500
- disable sender: true
[2025-02-14 10:16:36,966] [22   ] [INFO ] [] - Shutting down the metrics collector
[2025-02-14 10:26:36,855] [24   ] [INFO ] [] - Initializing the metrics collector
[2025-02-14 10:26:36,869] [24   ] [INFO ] [] - MetricsCollector::Sender(49): _disableSentMetrics 1
[2025-02-14 10:26:36,870] [24   ] [INFO ] [] - MetricsCollector::Initialize(231): Initialized metrics collector
- session id: e0472d3e-0d6a-4010-83a4-f833730aafa7
- device id: 4ca35884-a93a-48fc-ad16-80b2a90aa32e
- application id: Box Tools Win exe
- application name: BoxTools
- application version: 4.28.0.1161
- metric collection url: https://client-log.box.com/index.php?rm=box_gen204_json_record
- metric data path: C:\Users\pcedillo\AppData\Local\Box\Box Tools\Metrics\BoxTools_Metrics.db
- post callback: 057004C6
- log callback: 057061D6
- context: 00000000
- post interval in seconds: 600
- max records in a post: 100
- max db records: 500
- disable sender: true
[2025-02-14 10:26:36,885] [24   ] [INFO ] [] - Shutting down the metrics collector
[2025-02-14 10:36:36,813] [67   ] [INFO ] [] - Initializing the metrics collector
[2025-02-14 10:36:36,824] [67   ] [INFO ] [] - MetricsCollector::Sender(49): _disableSentMetrics 1
[2025-02-14 10:36:36,824] [67   ] [INFO ] [] - MetricsCollector::Initialize(231): Initialized metrics collector
- session id: e0472d3e-0d6a-4010-83a4-f833730aafa7
- device id: 4ca35884-a93a-48fc-ad16-80b2a90aa32e
- application id: Box Tools Win exe
- application name: BoxTools
- application version: 4.28.0.1161
- metric collection url: https://client-log.box.com/index.php?rm=box_gen204_json_record
- metric data path: C:\Users\pcedillo\AppData\Local\Box\Box Tools\Metrics\BoxTools_Metrics.db
- post callback: 057004C6
- log callback: 057061D6
- context: 00000000
- post interval in seconds: 600
- max records in a post: 100
- max db records: 500
- disable sender: true
[2025-02-14 10:36:36,834] [67   ] [INFO ] [] - Shutting down the metrics collector
[2025-02-14 10:46:36,757] [22   ] [INFO ] [] - Initializing the metrics collector
[2025-02-14 10:46:36,768] [22   ] [INFO ] [] - MetricsCollector::Sender(49): _disableSentMetrics 1
[2025-02-14 10:46:36,768] [22   ] [INFO ] [] - MetricsCollector::Initialize(231): Initialized metrics collector
- session id: e0472d3e-0d6a-4010-83a4-f833730aafa7
- device id: 4ca35884-a93a-48fc-ad16-80b2a90aa32e
- application id: Box Tools Win exe
- application name: BoxTools
- application version: 4.28.0.1161
- metric collection url: https://client-log.box.com/index.php?rm=box_gen204_json_record
- metric data path: C:\Users\pcedillo\AppData\Local\Box\Box Tools\Metrics\BoxTools_Metrics.db
- post callback: 057004C6
- log callback: 057061D6
- context: 00000000
- post interval in seconds: 600
- max records in a post: 100
- max db records: 500
- disable sender: true
[2025-02-14 10:46:36,773] [22   ] [INFO ] [] - Shutting down the metrics collector
[2025-02-14 10:56:36,736] [66   ] [INFO ] [] - Initializing the metrics collector
[2025-02-14 10:56:36,758] [66   ] [INFO ] [] - MetricsCollector::Sender(49): _disableSentMetrics 1
[2025-02-14 10:56:36,759] [66   ] [INFO ] [] - MetricsCollector::Initialize(231): Initialized metrics collector
- session id: e0472d3e-0d6a-4010-83a4-f833730aafa7
- device id: 4ca35884-a93a-48fc-ad16-80b2a90aa32e
- application id: Box Tools Win exe
- application name: BoxTools
- application version: 4.28.0.1161
- metric collection url: https://client-log.box.com/index.php?rm=box_gen204_json_record
- metric data path: C:\Users\pcedillo\AppData\Local\Box\Box Tools\Metrics\BoxTools_Metrics.db
- post callback: 057004C6
- log callback: 057061D6
- context: 00000000
- post interval in seconds: 600
- max records in a post: 100
- max db records: 500
- disable sender: true
[2025-02-14 10:56:36,773] [66   ] [INFO ] [] - Shutting down the metrics collector
[2025-02-14 11:06:36,686] [51   ] [INFO ] [] - Initializing the metrics collector
[2025-02-14 11:06:36,700] [51   ] [INFO ] [] - MetricsCollector::Sender(49): _disableSentMetrics 1
[2025-02-14 11:06:36,700] [51   ] [INFO ] [] - MetricsCollector::Initialize(231): Initialized metrics collector
- session id: e0472d3e-0d6a-4010-83a4-f833730aafa7
- device id: 4ca35884-a93a-48fc-ad16-80b2a90aa32e
- application id: Box Tools Win exe
- application name: BoxTools
- application version: 4.28.0.1161
- metric collection url: https://client-log.box.com/index.php?rm=box_gen204_json_record
- metric data path: C:\Users\pcedillo\AppData\Local\Box\Box Tools\Metrics\BoxTools_Metrics.db
- post callback: 057004C6
- log callback: 057061D6
- context: 00000000
- post interval in seconds: 600
- max records in a post: 100
- max db records: 500
- disable sender: true
[2025-02-14 11:06:36,713] [51   ] [INFO ] [] - Shutting down the metrics collector
[2025-02-14 11:16:36,641] [48   ] [INFO ] [] - Initializing the metrics collector
[2025-02-14 11:16:36,652] [48   ] [INFO ] [] - MetricsCollector::Sender(49): _disableSentMetrics 1
[2025-02-14 11:16:36,653] [48   ] [INFO ] [] - MetricsCollector::Initialize(231): Initialized metrics collector
- session id: e0472d3e-0d6a-4010-83a4-f833730aafa7
- device id: 4ca35884-a93a-48fc-ad16-80b2a90aa32e
- application id: Box Tools Win exe
- application name: BoxTools
- application version: 4.28.0.1161
- metric collection url: https://client-log.box.com/index.php?rm=box_gen204_json_record
- metric data path: C:\Users\pcedillo\AppData\Local\Box\Box Tools\Metrics\BoxTools_Metrics.db
- post callback: 057004C6
- log callback: 057061D6
- context: 00000000
- post interval in seconds: 600
- max records in a post: 100
- max db records: 500
- disable sender: true
[2025-02-14 11:16:36,664] [48   ] [INFO ] [] - Shutting down the metrics collector
[2025-02-14 11:26:36,630] [73   ] [INFO ] [] - Initializing the metrics collector
[2025-02-14 11:26:36,644] [73   ] [INFO ] [] - MetricsCollector::Sender(49): _disableSentMetrics 1
[2025-02-14 11:26:36,646] [73   ] [INFO ] [] - MetricsCollector::Initialize(231): Initialized metrics collector
- session id: e0472d3e-0d6a-4010-83a4-f833730aafa7
- device id: 4ca35884-a93a-48fc-ad16-80b2a90aa32e
- application id: Box Tools Win exe
- application name: BoxTools
- application version: 4.28.0.1161
- metric collection url: https://client-log.box.com/index.php?rm=box_gen204_json_record
- metric data path: C:\Users\pcedillo\AppData\Local\Box\Box Tools\Metrics\BoxTools_Metrics.db
- post callback: 057004C6
- log callback: 057061D6
- context: 00000000
- post interval in seconds: 600
- max records in a post: 100
- max db records: 500
- disable sender: true
[2025-02-14 11:26:36,658] [73   ] [INFO ] [] - Shutting down the metrics collector
[2025-02-14 11:36:36,627] [46   ] [INFO ] [] - Initializing the metrics collector
[2025-02-14 11:36:36,635] [46   ] [INFO ] [] - MetricsCollector::Sender(49): _disableSentMetrics 1
[2025-02-14 11:36:36,635] [46   ] [INFO ] [] - MetricsCollector::Initialize(231): Initialized metrics collector
- session id: e0472d3e-0d6a-4010-83a4-f833730aafa7
- device id: 4ca35884-a93a-48fc-ad16-80b2a90aa32e
- application id: Box Tools Win exe
- application name: BoxTools
- application version: 4.28.0.1161
- metric collection url: https://client-log.box.com/index.php?rm=box_gen204_json_record
- metric data path: C:\Users\pcedillo\AppData\Local\Box\Box Tools\Metrics\BoxTools_Metrics.db
- post callback: 057004C6
- log callback: 057061D6
- context: 00000000
- post interval in seconds: 600
- max records in a post: 100
- max db records: 500
- disable sender: true
[2025-02-14 11:36:36,642] [46   ] [INFO ] [] - Shutting down the metrics collector
[2025-02-14 11:46:36,620] [49   ] [INFO ] [] - Initializing the metrics collector
[2025-02-14 11:46:36,632] [49   ] [INFO ] [] - MetricsCollector::Sender(49): _disableSentMetrics 1
[2025-02-14 11:46:36,632] [49   ] [INFO ] [] - MetricsCollector::Initialize(231): Initialized metrics collector
- session id: e0472d3e-0d6a-4010-83a4-f833730aafa7
- device id: 4ca35884-a93a-48fc-ad16-80b2a90aa32e
- application id: Box Tools Win exe
- application name: BoxTools
- application version: 4.28.0.1161
- metric collection url: https://client-log.box.com/index.php?rm=box_gen204_json_record
- metric data path: C:\Users\pcedillo\AppData\Local\Box\Box Tools\Metrics\BoxTools_Metrics.db
- post callback: 057004C6
- log callback: 057061D6
- context: 00000000
- post interval in seconds: 600
- max records in a post: 100
- max db records: 500
- disable sender: true
[2025-02-14 11:46:36,645] [49   ] [INFO ] [] - Shutting down the metrics collector
[2025-02-14 11:56:36,509] [60   ] [INFO ] [] - Initializing the metrics collector
[2025-02-14 11:56:36,516] [60   ] [INFO ] [] - MetricsCollector::Sender(49): _disableSentMetrics 1
[2025-02-14 11:56:36,516] [60   ] [INFO ] [] - MetricsCollector::Initialize(231): Initialized metrics collector
- session id: e0472d3e-0d6a-4010-83a4-f833730aafa7
- device id: 4ca35884-a93a-48fc-ad16-80b2a90aa32e
- application id: Box Tools Win exe
- application name: BoxTools
- application version: 4.28.0.1161
- metric collection url: https://client-log.box.com/index.php?rm=box_gen204_json_record
- metric data path: C:\Users\pcedillo\AppData\Local\Box\Box Tools\Metrics\BoxTools_Metrics.db
- post callback: 057004C6
- log callback: 057061D6
- context: 00000000
- post interval in seconds: 600
- max records in a post: 100
- max db records: 500
- disable sender: true
[2025-02-14 11:56:36,522] [60   ] [INFO ] [] - Shutting down the metrics collector
[2025-02-14 12:06:36,485] [13   ] [INFO ] [] - Initializing the metrics collector
[2025-02-14 12:06:36,498] [13   ] [INFO ] [] - MetricsCollector::Sender(49): _disableSentMetrics 1
[2025-02-14 12:06:36,499] [13   ] [INFO ] [] - MetricsCollector::Initialize(231): Initialized metrics collector
- session id: e0472d3e-0d6a-4010-83a4-f833730aafa7
- device id: 4ca35884-a93a-48fc-ad16-80b2a90aa32e
- application id: Box Tools Win exe
- application name: BoxTools
- application version: 4.28.0.1161
- metric collection url: https://client-log.box.com/index.php?rm=box_gen204_json_record
- metric data path: C:\Users\pcedillo\AppData\Local\Box\Box Tools\Metrics\BoxTools_Metrics.db
- post callback: 057004C6
- log callback: 057061D6
- context: 00000000
- post interval in seconds: 600
- max records in a post: 100
- max db records: 500
- disable sender: true
[2025-02-14 12:06:36,510] [13   ] [INFO ] [] - Shutting down the metrics collector
[2025-02-14 12:16:36,491] [58   ] [INFO ] [] - Initializing the metrics collector
[2025-02-14 12:16:36,496] [58   ] [INFO ] [] - MetricsCollector::Sender(49): _disableSentMetrics 1
[2025-02-14 12:16:36,496] [58   ] [INFO ] [] - MetricsCollector::Initialize(231): Initialized metrics collector
- session id: e0472d3e-0d6a-4010-83a4-f833730aafa7
- device id: 4ca35884-a93a-48fc-ad16-80b2a90aa32e
- application id: Box Tools Win exe
- application name: BoxTools
- application version: 4.28.0.1161
- metric collection url: https://client-log.box.com/index.php?rm=box_gen204_json_record
- metric data path: C:\Users\pcedillo\AppData\Local\Box\Box Tools\Metrics\BoxTools_Metrics.db
- post callback: 057004C6
- log callback: 057061D6
- context: 00000000
- post interval in seconds: 600
- max records in a post: 100
- max db records: 500
- disable sender: true
[2025-02-14 12:16:36,502] [58   ] [INFO ] [] - Shutting down the metrics collector
[2025-02-14 12:26:36,399] [30   ] [INFO ] [] - Initializing the metrics collector
[2025-02-14 12:26:36,408] [30   ] [INFO ] [] - MetricsCollector::Sender(49): _disableSentMetrics 1
[2025-02-14 12:26:36,409] [30   ] [INFO ] [] - MetricsCollector::Initialize(231): Initialized metrics collector
- session id: e0472d3e-0d6a-4010-83a4-f833730aafa7
- device id: 4ca35884-a93a-48fc-ad16-80b2a90aa32e
- application id: Box Tools Win exe
- application name: BoxTools
- application version: 4.28.0.1161
- metric collection url: https://client-log.box.com/index.php?rm=box_gen204_json_record
- metric data path: C:\Users\pcedillo\AppData\Local\Box\Box Tools\Metrics\BoxTools_Metrics.db
- post callback: 057004C6
- log callback: 057061D6
- context: 00000000
- post interval in seconds: 600
- max records in a post: 100
- max db records: 500
- disable sender: true
[2025-02-14 12:26:36,419] [30   ] [INFO ] [] - Shutting down the metrics collector
[2025-02-14 12:36:36,368] [26   ] [INFO ] [] - Initializing the metrics collector
[2025-02-14 12:36:36,381] [26   ] [INFO ] [] - MetricsCollector::Sender(49): _disableSentMetrics 1
[2025-02-14 12:36:36,381] [26   ] [INFO ] [] - MetricsCollector::Initialize(231): Initialized metrics collector
- session id: e0472d3e-0d6a-4010-83a4-f833730aafa7
- device id: 4ca35884-a93a-48fc-ad16-80b2a90aa32e
- application id: Box Tools Win exe
- application name: BoxTools
- application version: 4.28.0.1161
- metric collection url: https://client-log.box.com/index.php?rm=box_gen204_json_record
- metric data path: C:\Users\pcedillo\AppData\Local\Box\Box Tools\Metrics\BoxTools_Metrics.db
- post callback: 057004C6
- log callback: 057061D6
- context: 00000000
- post interval in seconds: 600
- max records in a post: 100
- max db records: 500
- disable sender: true
[2025-02-14 12:36:36,395] [26   ] [INFO ] [] - Shutting down the metrics collector
[2025-02-14 12:46:36,362] [63   ] [INFO ] [] - Initializing the metrics collector
[2025-02-14 12:46:36,372] [63   ] [INFO ] [] - MetricsCollector::Sender(49): _disableSentMetrics 1
[2025-02-14 12:46:36,373] [63   ] [INFO ] [] - MetricsCollector::Initialize(231): Initialized metrics collector
- session id: e0472d3e-0d6a-4010-83a4-f833730aafa7
- device id: 4ca35884-a93a-48fc-ad16-80b2a90aa32e
- application id: Box Tools Win exe
- application name: BoxTools
- application version: 4.28.0.1161
- metric collection url: https://client-log.box.com/index.php?rm=box_gen204_json_record
- metric data path: C:\Users\pcedillo\AppData\Local\Box\Box Tools\Metrics\BoxTools_Metrics.db
- post callback: 057004C6
- log callback: 057061D6
- context: 00000000
- post interval in seconds: 600
- max records in a post: 100
- max db records: 500
- disable sender: true
[2025-02-14 12:46:36,383] [63   ] [INFO ] [] - Shutting down the metrics collector
[2025-02-14 12:56:36,366] [25   ] [INFO ] [] - Initializing the metrics collector
[2025-02-14 12:56:36,377] [25   ] [INFO ] [] - MetricsCollector::Sender(49): _disableSentMetrics 1
[2025-02-14 12:56:36,378] [25   ] [INFO ] [] - MetricsCollector::Initialize(231): Initialized metrics collector
- session id: e0472d3e-0d6a-4010-83a4-f833730aafa7
- device id: 4ca35884-a93a-48fc-ad16-80b2a90aa32e
- application id: Box Tools Win exe
- application name: BoxTools
- application version: 4.28.0.1161
- metric collection url: https://client-log.box.com/index.php?rm=box_gen204_json_record
- metric data path: C:\Users\pcedillo\AppData\Local\Box\Box Tools\Metrics\BoxTools_Metrics.db
- post callback: 057004C6
- log callback: 057061D6
- context: 00000000
- post interval in seconds: 600
- max records in a post: 100
- max db records: 500
- disable sender: true
[2025-02-14 12:56:36,394] [25   ] [INFO ] [] - Shutting down the metrics collector
[2025-02-14 13:06:36,371] [64   ] [INFO ] [] - Initializing the metrics collector
[2025-02-14 13:06:36,387] [64   ] [INFO ] [] - MetricsCollector::Sender(49): _disableSentMetrics 1
[2025-02-14 13:06:36,388] [64   ] [INFO ] [] - MetricsCollector::Initialize(231): Initialized metrics collector
- session id: e0472d3e-0d6a-4010-83a4-f833730aafa7
- device id: 4ca35884-a93a-48fc-ad16-80b2a90aa32e
- application id: Box Tools Win exe
- application name: BoxTools
- application version: 4.28.0.1161
- metric collection url: https://client-log.box.com/index.php?rm=box_gen204_json_record
- metric data path: C:\Users\pcedillo\AppData\Local\Box\Box Tools\Metrics\BoxTools_Metrics.db
- post callback: 057004C6
- log callback: 057061D6
- context: 00000000
- post interval in seconds: 600
- max records in a post: 100
- max db records: 500
- disable sender: true
[2025-02-14 13:06:36,400] [64   ] [INFO ] [] - Shutting down the metrics collector
[2025-02-14 13:16:36,373] [59   ] [INFO ] [] - Initializing the metrics collector
[2025-02-14 13:16:36,384] [59   ] [INFO ] [] - MetricsCollector::Sender(49): _disableSentMetrics 1
[2025-02-14 13:16:36,384] [59   ] [INFO ] [] - MetricsCollector::Initialize(231): Initialized metrics collector
- session id: e0472d3e-0d6a-4010-83a4-f833730aafa7
- device id: 4ca35884-a93a-48fc-ad16-80b2a90aa32e
- application id: Box Tools Win exe
- application name: BoxTools
- application version: 4.28.0.1161
- metric collection url: https://client-log.box.com/index.php?rm=box_gen204_json_record
- metric data path: C:\Users\pcedillo\AppData\Local\Box\Box Tools\Metrics\BoxTools_Metrics.db
- post callback: 057004C6
- log callback: 057061D6
- context: 00000000
- post interval in seconds: 600
- max records in a post: 100
- max db records: 500
- disable sender: true
[2025-02-14 13:16:36,396] [59   ] [INFO ] [] - Shutting down the metrics collector
[2025-02-14 13:26:36,386] [81   ] [INFO ] [] - Initializing the metrics collector
[2025-02-14 13:26:36,398] [81   ] [INFO ] [] - MetricsCollector::Sender(49): _disableSentMetrics 1
[2025-02-14 13:26:36,399] [81   ] [INFO ] [] - MetricsCollector::Initialize(231): Initialized metrics collector
- session id: e0472d3e-0d6a-4010-83a4-f833730aafa7
- device id: 4ca35884-a93a-48fc-ad16-80b2a90aa32e
- application id: Box Tools Win exe
- application name: BoxTools
- application version: 4.28.0.1161
- metric collection url: https://client-log.box.com/index.php?rm=box_gen204_json_record
- metric data path: C:\Users\pcedillo\AppData\Local\Box\Box Tools\Metrics\BoxTools_Metrics.db
- post callback: 057004C6
- log callback: 057061D6
- context: 00000000
- post interval in seconds: 600
- max records in a post: 100
- max db records: 500
- disable sender: true
[2025-02-14 13:26:36,414] [81   ] [INFO ] [] - Shutting down the metrics collector
[2025-02-14 13:36:36,255] [79   ] [INFO ] [] - Initializing the metrics collector
[2025-02-14 13:36:36,268] [79   ] [INFO ] [] - MetricsCollector::Sender(49): _disableSentMetrics 1
[2025-02-14 13:36:36,269] [79   ] [INFO ] [] - MetricsCollector::Initialize(231): Initialized metrics collector
- session id: e0472d3e-0d6a-4010-83a4-f833730aafa7
- device id: 4ca35884-a93a-48fc-ad16-80b2a90aa32e
- application id: Box Tools Win exe
- application name: BoxTools
- application version: 4.28.0.1161
- metric collection url: https://client-log.box.com/index.php?rm=box_gen204_json_record
- metric data path: C:\Users\pcedillo\AppData\Local\Box\Box Tools\Metrics\BoxTools_Metrics.db
- post callback: 057004C6
- log callback: 057061D6
- context: 00000000
- post interval in seconds: 600
- max records in a post: 100
- max db records: 500
- disable sender: true
[2025-02-14 13:36:36,282] [79   ] [INFO ] [] - Shutting down the metrics collector
[2025-02-14 13:46:36,174] [80   ] [INFO ] [] - Initializing the metrics collector
[2025-02-14 13:46:36,189] [80   ] [INFO ] [] - MetricsCollector::Sender(49): _disableSentMetrics 1
[2025-02-14 13:46:36,189] [80   ] [INFO ] [] - MetricsCollector::Initialize(231): Initialized metrics collector
- session id: e0472d3e-0d6a-4010-83a4-f833730aafa7
- device id: 4ca35884-a93a-48fc-ad16-80b2a90aa32e
- application id: Box Tools Win exe
- application name: BoxTools
- application version: 4.28.0.1161
- metric collection url: https://client-log.box.com/index.php?rm=box_gen204_json_record
- metric data path: C:\Users\pcedillo\AppData\Local\Box\Box Tools\Metrics\BoxTools_Metrics.db
- post callback: 057004C6
- log callback: 057061D6
- context: 00000000
- post interval in seconds: 600
- max records in a post: 100
- max db records: 500
- disable sender: true
[2025-02-14 13:46:36,200] [80   ] [INFO ] [] - Shutting down the metrics collector
[2025-02-14 13:56:36,139] [87   ] [INFO ] [] - Initializing the metrics collector
[2025-02-14 13:56:36,151] [87   ] [INFO ] [] - MetricsCollector::Sender(49): _disableSentMetrics 1
[2025-02-14 13:56:36,152] [87   ] [INFO ] [] - MetricsCollector::Initialize(231): Initialized metrics collector
- session id: e0472d3e-0d6a-4010-83a4-f833730aafa7
- device id: 4ca35884-a93a-48fc-ad16-80b2a90aa32e
- application id: Box Tools Win exe
- application name: BoxTools
- application version: 4.28.0.1161
- metric collection url: https://client-log.box.com/index.php?rm=box_gen204_json_record
- metric data path: C:\Users\pcedillo\AppData\Local\Box\Box Tools\Metrics\BoxTools_Metrics.db
- post callback: 057004C6
- log callback: 057061D6
- context: 00000000
- post interval in seconds: 600
- max records in a post: 100
- max db records: 500
- disable sender: true
[2025-02-14 13:56:36,162] [87   ] [INFO ] [] - Shutting down the metrics collector
[2025-02-14 14:06:36,077] [88   ] [INFO ] [] - Initializing the metrics collector
[2025-02-14 14:06:36,083] [88   ] [INFO ] [] - MetricsCollector::Sender(49): _disableSentMetrics 1
[2025-02-14 14:06:36,083] [88   ] [INFO ] [] - MetricsCollector::Initialize(231): Initialized metrics collector
- session id: e0472d3e-0d6a-4010-83a4-f833730aafa7
- device id: 4ca35884-a93a-48fc-ad16-80b2a90aa32e
- application id: Box Tools Win exe
- application name: BoxTools
- application version: 4.28.0.1161
- metric collection url: https://client-log.box.com/index.php?rm=box_gen204_json_record
- metric data path: C:\Users\pcedillo\AppData\Local\Box\Box Tools\Metrics\BoxTools_Metrics.db
- post callback: 057004C6
- log callback: 057061D6
- context: 00000000
- post interval in seconds: 600
- max records in a post: 100
- max db records: 500
- disable sender: true
[2025-02-14 14:06:36,090] [88   ] [INFO ] [] - Shutting down the metrics collector
[2025-02-14 14:16:36,031] [89   ] [INFO ] [] - Initializing the metrics collector
[2025-02-14 14:16:36,039] [89   ] [INFO ] [] - MetricsCollector::Sender(49): _disableSentMetrics 1
[2025-02-14 14:16:36,040] [89   ] [INFO ] [] - MetricsCollector::Initialize(231): Initialized metrics collector
- session id: e0472d3e-0d6a-4010-83a4-f833730aafa7
- device id: 4ca35884-a93a-48fc-ad16-80b2a90aa32e
- application id: Box Tools Win exe
- application name: BoxTools
- application version: 4.28.0.1161
- metric collection url: https://client-log.box.com/index.php?rm=box_gen204_json_record
- metric data path: C:\Users\pcedillo\AppData\Local\Box\Box Tools\Metrics\BoxTools_Metrics.db
- post callback: 057004C6
- log callback: 057061D6
- context: 00000000
- post interval in seconds: 600
- max records in a post: 100
- max db records: 500
- disable sender: true
[2025-02-14 14:16:36,049] [89   ] [INFO ] [] - Shutting down the metrics collector
[2025-02-14 14:26:35,998] [83   ] [INFO ] [] - Initializing the metrics collector
[2025-02-14 14:26:36,010] [83   ] [INFO ] [] - MetricsCollector::Sender(49): _disableSentMetrics 1
[2025-02-14 14:26:36,011] [83   ] [INFO ] [] - MetricsCollector::Initialize(231): Initialized metrics collector
- session id: e0472d3e-0d6a-4010-83a4-f833730aafa7
- device id: 4ca35884-a93a-48fc-ad16-80b2a90aa32e
- application id: Box Tools Win exe
- application name: BoxTools
- application version: 4.28.0.1161
- metric collection url: https://client-log.box.com/index.php?rm=box_gen204_json_record
- metric data path: C:\Users\pcedillo\AppData\Local\Box\Box Tools\Metrics\BoxTools_Metrics.db
- post callback: 057004C6
- log callback: 057061D6
- context: 00000000
- post interval in seconds: 600
- max records in a post: 100
- max db records: 500
- disable sender: true
[2025-02-14 14:26:36,027] [83   ] [INFO ] [] - Shutting down the metrics collector
[2025-02-14 14:36:35,994] [80   ] [INFO ] [] - Initializing the metrics collector
[2025-02-14 14:36:36,006] [80   ] [INFO ] [] - MetricsCollector::Sender(49): _disableSentMetrics 1
[2025-02-14 14:36:36,006] [80   ] [INFO ] [] - MetricsCollector::Initialize(231): Initialized metrics collector
- session id: e0472d3e-0d6a-4010-83a4-f833730aafa7
- device id: 4ca35884-a93a-48fc-ad16-80b2a90aa32e
- application id: Box Tools Win exe
- application name: BoxTools
- application version: 4.28.0.1161
- metric collection url: https://client-log.box.com/index.php?rm=box_gen204_json_record
- metric data path: C:\Users\pcedillo\AppData\Local\Box\Box Tools\Metrics\BoxTools_Metrics.db
- post callback: 057004C6
- log callback: 057061D6
- context: 00000000
- post interval in seconds: 600
- max records in a post: 100
- max db records: 500
- disable sender: true
[2025-02-14 14:36:36,013] [80   ] [INFO ] [] - Shutting down the metrics collector
[2025-02-14 14:46:35,987] [81   ] [INFO ] [] - Initializing the metrics collector
[2025-02-14 14:46:36,000] [81   ] [INFO ] [] - MetricsCollector::Sender(49): _disableSentMetrics 1
[2025-02-14 14:46:36,000] [81   ] [INFO ] [] - MetricsCollector::Initialize(231): Initialized metrics collector
- session id: e0472d3e-0d6a-4010-83a4-f833730aafa7
- device id: 4ca35884-a93a-48fc-ad16-80b2a90aa32e
- application id: Box Tools Win exe
- application name: BoxTools
- application version: 4.28.0.1161
- metric collection url: https://client-log.box.com/index.php?rm=box_gen204_json_record
- metric data path: C:\Users\pcedillo\AppData\Local\Box\Box Tools\Metrics\BoxTools_Metrics.db
- post callback: 057004C6
- log callback: 057061D6
- context: 00000000
- post interval in seconds: 600
- max records in a post: 100
- max db records: 500
- disable sender: true
[2025-02-14 14:46:36,011] [81   ] [INFO ] [] - Shutting down the metrics collector
[2025-02-14 14:56:35,990] [82   ] [INFO ] [] - Initializing the metrics collector
[2025-02-14 14:56:35,995] [82   ] [INFO ] [] - MetricsCollector::Sender(49): _disableSentMetrics 1
[2025-02-14 14:56:35,996] [82   ] [INFO ] [] - MetricsCollector::Initialize(231): Initialized metrics collector
- session id: e0472d3e-0d6a-4010-83a4-f833730aafa7
- device id: 4ca35884-a93a-48fc-ad16-80b2a90aa32e
- application id: Box Tools Win exe
- application name: BoxTools
- application version: 4.28.0.1161
- metric collection url: https://client-log.box.com/index.php?rm=box_gen204_json_record
- metric data path: C:\Users\pcedillo\AppData\Local\Box\Box Tools\Metrics\BoxTools_Metrics.db
- post callback: 057004C6
- log callback: 057061D6
- context: 00000000
- post interval in seconds: 600
- max records in a post: 100
- max db records: 500
- disable sender: true
[2025-02-14 14:56:36,002] [82   ] [INFO ] [] - Shutting down the metrics collector
[2025-02-14 15:06:35,993] [59   ] [INFO ] [] - Initializing the metrics collector
[2025-02-14 15:06:36,006] [59   ] [INFO ] [] - MetricsCollector::Sender(49): _disableSentMetrics 1
[2025-02-14 15:06:36,007] [59   ] [INFO ] [] - MetricsCollector::Initialize(231): Initialized metrics collector
- session id: e0472d3e-0d6a-4010-83a4-f833730aafa7
- device id: 4ca35884-a93a-48fc-ad16-80b2a90aa32e
- application id: Box Tools Win exe
- application name: BoxTools
- application version: 4.28.0.1161
- metric collection url: https://client-log.box.com/index.php?rm=box_gen204_json_record
- metric data path: C:\Users\pcedillo\AppData\Local\Box\Box Tools\Metrics\BoxTools_Metrics.db
- post callback: 057004C6
- log callback: 057061D6
- context: 00000000
- post interval in seconds: 600
- max records in a post: 100
- max db records: 500
- disable sender: true
[2025-02-14 15:06:36,019] [59   ] [INFO ] [] - Shutting down the metrics collector
[2025-02-14 15:16:35,885] [72   ] [INFO ] [] - Initializing the metrics collector
[2025-02-14 15:16:35,898] [72   ] [INFO ] [] - MetricsCollector::Sender(49): _disableSentMetrics 1
[2025-02-14 15:16:35,898] [72   ] [INFO ] [] - MetricsCollector::Initialize(231): Initialized metrics collector
- session id: e0472d3e-0d6a-4010-83a4-f833730aafa7
- device id: 4ca35884-a93a-48fc-ad16-80b2a90aa32e
- application id: Box Tools Win exe
- application name: BoxTools
- application version: 4.28.0.1161
- metric collection url: https://client-log.box.com/index.php?rm=box_gen204_json_record
- metric data path: C:\Users\pcedillo\AppData\Local\Box\Box Tools\Metrics\BoxTools_Metrics.db
- post callback: 057004C6
- log callback: 057061D6
- context: 00000000
- post interval in seconds: 600
- max records in a post: 100
- max db records: 500
- disable sender: true
[2025-02-14 15:16:35,909] [72   ] [INFO ] [] - Shutting down the metrics collector
[2025-02-14 15:26:35,784] [81   ] [INFO ] [] - Initializing the metrics collector
[2025-02-14 15:26:35,793] [81   ] [INFO ] [] - MetricsCollector::Sender(49): _disableSentMetrics 1
[2025-02-14 15:26:35,794] [81   ] [INFO ] [] - MetricsCollector::Initialize(231): Initialized metrics collector
- session id: e0472d3e-0d6a-4010-83a4-f833730aafa7
- device id: 4ca35884-a93a-48fc-ad16-80b2a90aa32e
- application id: Box Tools Win exe
- application name: BoxTools
- application version: 4.28.0.1161
- metric collection url: https://client-log.box.com/index.php?rm=box_gen204_json_record
- metric data path: C:\Users\pcedillo\AppData\Local\Box\Box Tools\Metrics\BoxTools_Metrics.db
- post callback: 057004C6
- log callback: 057061D6
- context: 00000000
- post interval in seconds: 600
- max records in a post: 100
- max db records: 500
- disable sender: true
[2025-02-14 15:26:35,805] [81   ] [INFO ] [] - Shutting down the metrics collector
[2025-02-14 15:36:35,749] [84   ] [INFO ] [] - Initializing the metrics collector
[2025-02-14 15:36:35,760] [84   ] [INFO ] [] - MetricsCollector::Sender(49): _disableSentMetrics 1
[2025-02-14 15:36:35,761] [84   ] [INFO ] [] - MetricsCollector::Initialize(231): Initialized metrics collector
- session id: e0472d3e-0d6a-4010-83a4-f833730aafa7
- device id: 4ca35884-a93a-48fc-ad16-80b2a90aa32e
- application id: Box Tools Win exe
- application name: BoxTools
- application version: 4.28.0.1161
- metric collection url: https://client-log.box.com/index.php?rm=box_gen204_json_record
- metric data path: C:\Users\pcedillo\AppData\Local\Box\Box Tools\Metrics\BoxTools_Metrics.db
- post callback: 057004C6
- log callback: 057061D6
- context: 00000000
- post interval in seconds: 600
- max records in a post: 100
- max db records: 500
- disable sender: true
[2025-02-14 15:36:35,770] [84   ] [INFO ] [] - Shutting down the metrics collector
[2025-02-14 15:46:35,719] [86   ] [INFO ] [] - Initializing the metrics collector
[2025-02-14 15:46:35,733] [86   ] [INFO ] [] - MetricsCollector::Sender(49): _disableSentMetrics 1
[2025-02-14 15:46:35,734] [86   ] [INFO ] [] - MetricsCollector::Initialize(231): Initialized metrics collector
- session id: e0472d3e-0d6a-4010-83a4-f833730aafa7
- device id: 4ca35884-a93a-48fc-ad16-80b2a90aa32e
- application id: Box Tools Win exe
- application name: BoxTools
- application version: 4.28.0.1161
- metric collection url: https://client-log.box.com/index.php?rm=box_gen204_json_record
- metric data path: C:\Users\pcedillo\AppData\Local\Box\Box Tools\Metrics\BoxTools_Metrics.db
- post callback: 057004C6
- log callback: 057061D6
- context: 00000000
- post interval in seconds: 600
- max records in a post: 100
- max db records: 500
- disable sender: true
[2025-02-14 15:46:35,743] [86   ] [INFO ] [] - Shutting down the metrics collector
[2025-02-14 15:56:35,711] [88   ] [INFO ] [] - Initializing the metrics collector
[2025-02-14 15:56:35,724] [88   ] [INFO ] [] - MetricsCollector::Sender(49): _disableSentMetrics 1
[2025-02-14 15:56:35,724] [88   ] [INFO ] [] - MetricsCollector::Initialize(231): Initialized metrics collector
- session id: e0472d3e-0d6a-4010-83a4-f833730aafa7
- device id: 4ca35884-a93a-48fc-ad16-80b2a90aa32e
- application id: Box Tools Win exe
- application name: BoxTools
- application version: 4.28.0.1161
- metric collection url: https://client-log.box.com/index.php?rm=box_gen204_json_record
- metric data path: C:\Users\pcedillo\AppData\Local\Box\Box Tools\Metrics\BoxTools_Metrics.db
- post callback: 057004C6
- log callback: 057061D6
- context: 00000000
- post interval in seconds: 600
- max records in a post: 100
- max db records: 500
- disable sender: true
[2025-02-14 15:56:35,730] [88   ] [INFO ] [] - Shutting down the metrics collector
[2025-02-14 16:06:35,700] [64   ] [INFO ] [] - Initializing the metrics collector
[2025-02-14 16:06:35,711] [64   ] [INFO ] [] - MetricsCollector::Sender(49): _disableSentMetrics 1
[2025-02-14 16:06:35,711] [64   ] [INFO ] [] - MetricsCollector::Initialize(231): Initialized metrics collector
- session id: e0472d3e-0d6a-4010-83a4-f833730aafa7
- device id: 4ca35884-a93a-48fc-ad16-80b2a90aa32e
- application id: Box Tools Win exe
- application name: BoxTools
- application version: 4.28.0.1161
- metric collection url: https://client-log.box.com/index.php?rm=box_gen204_json_record
- metric data path: C:\Users\pcedillo\AppData\Local\Box\Box Tools\Metrics\BoxTools_Metrics.db
- post callback: 057004C6
- log callback: 057061D6
- context: 00000000
- post interval in seconds: 600
- max records in a post: 100
- max db records: 500
- disable sender: true
[2025-02-14 16:06:35,725] [64   ] [INFO ] [] - Shutting down the metrics collector
[2025-02-14 16:16:35,709] [89   ] [INFO ] [] - Initializing the metrics collector
[2025-02-14 16:16:35,722] [89   ] [INFO ] [] - MetricsCollector::Sender(49): _disableSentMetrics 1
[2025-02-14 16:16:35,723] [89   ] [INFO ] [] - MetricsCollector::Initialize(231): Initialized metrics collector
- session id: e0472d3e-0d6a-4010-83a4-f833730aafa7
- device id: 4ca35884-a93a-48fc-ad16-80b2a90aa32e
- application id: Box Tools Win exe
- application name: BoxTools
- application version: 4.28.0.1161
- metric collection url: https://client-log.box.com/index.php?rm=box_gen204_json_record
- metric data path: C:\Users\pcedillo\AppData\Local\Box\Box Tools\Metrics\BoxTools_Metrics.db
- post callback: 057004C6
- log callback: 057061D6
- context: 00000000
- post interval in seconds: 600
- max records in a post: 100
- max db records: 500
- disable sender: true
[2025-02-14 16:16:35,733] [89   ] [INFO ] [] - Shutting down the metrics collector
[2025-02-14 16:26:35,576] [83   ] [INFO ] [] - Initializing the metrics collector
[2025-02-14 16:26:35,594] [83   ] [INFO ] [] - MetricsCollector::Sender(49): _disableSentMetrics 1
[2025-02-14 16:26:35,595] [83   ] [INFO ] [] - MetricsCollector::Initialize(231): Initialized metrics collector
- session id: e0472d3e-0d6a-4010-83a4-f833730aafa7
- device id: 4ca35884-a93a-48fc-ad16-80b2a90aa32e
- application id: Box Tools Win exe
- application name: BoxTools
- application version: 4.28.0.1161
- metric collection url: https://client-log.box.com/index.php?rm=box_gen204_json_record
- metric data path: C:\Users\pcedillo\AppData\Local\Box\Box Tools\Metrics\BoxTools_Metrics.db
- post callback: 057004C6
- log callback: 057061D6
- context: 00000000
- post interval in seconds: 600
- max records in a post: 100
- max db records: 500
- disable sender: true
[2025-02-14 16:26:35,616] [83   ] [INFO ] [] - Shutting down the metrics collector
[2025-02-14 16:36:35,487] [83   ] [INFO ] [] - Initializing the metrics collector
[2025-02-14 16:36:35,509] [83   ] [INFO ] [] - MetricsCollector::Sender(49): _disableSentMetrics 1
[2025-02-14 16:36:35,510] [83   ] [INFO ] [] - MetricsCollector::Initialize(231): Initialized metrics collector
- session id: e0472d3e-0d6a-4010-83a4-f833730aafa7
- device id: 4ca35884-a93a-48fc-ad16-80b2a90aa32e
- application id: Box Tools Win exe
- application name: BoxTools
- application version: 4.28.0.1161
- metric collection url: https://client-log.box.com/index.php?rm=box_gen204_json_record
- metric data path: C:\Users\pcedillo\AppData\Local\Box\Box Tools\Metrics\BoxTools_Metrics.db
- post callback: 057004C6
- log callback: 057061D6
- context: 00000000
- post interval in seconds: 600
- max records in a post: 100
- max db records: 500
- disable sender: true
[2025-02-14 16:36:35,527] [83   ] [INFO ] [] - Shutting down the metrics collector
[2025-02-14 16:46:35,454] [83   ] [INFO ] [] - Initializing the metrics collector
[2025-02-14 16:46:35,470] [83   ] [INFO ] [] - MetricsCollector::Sender(49): _disableSentMetrics 1
[2025-02-14 16:46:35,471] [83   ] [INFO ] [] - MetricsCollector::Initialize(231): Initialized metrics collector
- session id: e0472d3e-0d6a-4010-83a4-f833730aafa7
- device id: 4ca35884-a93a-48fc-ad16-80b2a90aa32e
- application id: Box Tools Win exe
- application name: BoxTools
- application version: 4.28.0.1161
- metric collection url: https://client-log.box.com/index.php?rm=box_gen204_json_record
- metric data path: C:\Users\pcedillo\AppData\Local\Box\Box Tools\Metrics\BoxTools_Metrics.db
- post callback: 057004C6
- log callback: 057061D6
- context: 00000000
- post interval in seconds: 600
- max records in a post: 100
- max db records: 500
- disable sender: true
[2025-02-14 16:46:35,486] [83   ] [INFO ] [] - Shutting down the metrics collector
[2025-02-14 16:56:35,444] [83   ] [INFO ] [] - Initializing the metrics collector
[2025-02-14 16:56:35,454] [83   ] [INFO ] [] - MetricsCollector::Sender(49): _disableSentMetrics 1
[2025-02-14 16:56:35,456] [83   ] [INFO ] [] - MetricsCollector::Initialize(231): Initialized metrics collector
- session id: e0472d3e-0d6a-4010-83a4-f833730aafa7
- device id: 4ca35884-a93a-48fc-ad16-80b2a90aa32e
- application id: Box Tools Win exe
- application name: BoxTools
- application version: 4.28.0.1161
- metric collection url: https://client-log.box.com/index.php?rm=box_gen204_json_record
- metric data path: C:\Users\pcedillo\AppData\Local\Box\Box Tools\Metrics\BoxTools_Metrics.db
- post callback: 057004C6
- log callback: 057061D6
- context: 00000000
- post interval in seconds: 600
- max records in a post: 100
- max db records: 500
- disable sender: true
[2025-02-14 16:56:35,470] [83   ] [INFO ] [] - Shutting down the metrics collector
[2025-02-14 17:06:35,436] [56   ] [INFO ] [] - Initializing the metrics collector
[2025-02-14 17:06:35,448] [56   ] [INFO ] [] - MetricsCollector::Sender(49): _disableSentMetrics 1
[2025-02-14 17:06:35,449] [56   ] [INFO ] [] - MetricsCollector::Initialize(231): Initialized metrics collector
- session id: e0472d3e-0d6a-4010-83a4-f833730aafa7
- device id: 4ca35884-a93a-48fc-ad16-80b2a90aa32e
- application id: Box Tools Win exe
- application name: BoxTools
- application version: 4.28.0.1161
- metric collection url: https://client-log.box.com/index.php?rm=box_gen204_json_record
- metric data path: C:\Users\pcedillo\AppData\Local\Box\Box Tools\Metrics\BoxTools_Metrics.db
- post callback: 057004C6
- log callback: 057061D6
- context: 00000000
- post interval in seconds: 600
- max records in a post: 100
- max db records: 500
- disable sender: true
[2025-02-14 17:06:35,458] [56   ] [INFO ] [] - Shutting down the metrics collector
