[2025-02-19 08:37:54,078] [47   ] [INFO ] [] - Initializing the metrics collector
[2025-02-19 08:37:54,111] [47   ] [INFO ] [] - MetricsCollector::Sender(49): _disableSentMetrics 1
[2025-02-19 08:37:54,111] [47   ] [INFO ] [] - MetricsCollector::Initialize(231): Initialized metrics collector
- session id: e0472d3e-0d6a-4010-83a4-f833730aafa7
- device id: 4ca35884-a93a-48fc-ad16-80b2a90aa32e
- application id: Box Tools Win exe
- application name: BoxTools
- application version: 4.28.0.1161
- metric collection url: https://client-log.box.com/index.php?rm=box_gen204_json_record
- metric data path: C:\Users\pcedillo\AppData\Local\Box\Box Tools\Metrics\BoxTools_Metrics.db
- post callback: 057004C6
- log callback: 057061D6
- context: 00000000
- post interval in seconds: 600
- max records in a post: 100
- max db records: 500
- disable sender: true
[2025-02-19 08:37:54,132] [47   ] [INFO ] [] - Shutting down the metrics collector
[2025-02-19 08:47:55,685] [70   ] [INFO ] [] - Initializing the metrics collector
[2025-02-19 08:47:55,700] [70   ] [INFO ] [] - MetricsCollector::Sender(49): _disableSentMetrics 1
[2025-02-19 08:47:55,701] [70   ] [INFO ] [] - MetricsCollector::Initialize(231): Initialized metrics collector
- session id: e0472d3e-0d6a-4010-83a4-f833730aafa7
- device id: 4ca35884-a93a-48fc-ad16-80b2a90aa32e
- application id: Box Tools Win exe
- application name: BoxTools
- application version: 4.28.0.1161
- metric collection url: https://client-log.box.com/index.php?rm=box_gen204_json_record
- metric data path: C:\Users\pcedillo\AppData\Local\Box\Box Tools\Metrics\BoxTools_Metrics.db
- post callback: 057004C6
- log callback: 057061D6
- context: 00000000
- post interval in seconds: 600
- max records in a post: 100
- max db records: 500
- disable sender: true
[2025-02-19 08:47:55,722] [70   ] [INFO ] [] - Shutting down the metrics collector
[2025-02-19 08:57:55,631] [20   ] [INFO ] [] - Initializing the metrics collector
[2025-02-19 08:57:55,643] [20   ] [INFO ] [] - MetricsCollector::Sender(49): _disableSentMetrics 1
[2025-02-19 08:57:55,644] [20   ] [INFO ] [] - MetricsCollector::Initialize(231): Initialized metrics collector
- session id: e0472d3e-0d6a-4010-83a4-f833730aafa7
- device id: 4ca35884-a93a-48fc-ad16-80b2a90aa32e
- application id: Box Tools Win exe
- application name: BoxTools
- application version: 4.28.0.1161
- metric collection url: https://client-log.box.com/index.php?rm=box_gen204_json_record
- metric data path: C:\Users\pcedillo\AppData\Local\Box\Box Tools\Metrics\BoxTools_Metrics.db
- post callback: 057004C6
- log callback: 057061D6
- context: 00000000
- post interval in seconds: 600
- max records in a post: 100
- max db records: 500
- disable sender: true
[2025-02-19 08:57:55,652] [20   ] [INFO ] [] - Shutting down the metrics collector
[2025-02-19 09:07:55,643] [70   ] [INFO ] [] - Initializing the metrics collector
[2025-02-19 09:07:55,656] [70   ] [INFO ] [] - MetricsCollector::Sender(49): _disableSentMetrics 1
[2025-02-19 09:07:55,657] [70   ] [INFO ] [] - MetricsCollector::Initialize(231): Initialized metrics collector
- session id: e0472d3e-0d6a-4010-83a4-f833730aafa7
- device id: 4ca35884-a93a-48fc-ad16-80b2a90aa32e
- application id: Box Tools Win exe
- application name: BoxTools
- application version: 4.28.0.1161
- metric collection url: https://client-log.box.com/index.php?rm=box_gen204_json_record
- metric data path: C:\Users\pcedillo\AppData\Local\Box\Box Tools\Metrics\BoxTools_Metrics.db
- post callback: 057004C6
- log callback: 057061D6
- context: 00000000
- post interval in seconds: 600
- max records in a post: 100
- max db records: 500
- disable sender: true
[2025-02-19 09:07:55,671] [70   ] [INFO ] [] - Shutting down the metrics collector
[2025-02-19 09:17:55,650] [63   ] [INFO ] [] - Initializing the metrics collector
[2025-02-19 09:17:55,662] [63   ] [INFO ] [] - MetricsCollector::Sender(49): _disableSentMetrics 1
[2025-02-19 09:17:55,664] [63   ] [INFO ] [] - MetricsCollector::Initialize(231): Initialized metrics collector
- session id: e0472d3e-0d6a-4010-83a4-f833730aafa7
- device id: 4ca35884-a93a-48fc-ad16-80b2a90aa32e
- application id: Box Tools Win exe
- application name: BoxTools
- application version: 4.28.0.1161
- metric collection url: https://client-log.box.com/index.php?rm=box_gen204_json_record
- metric data path: C:\Users\pcedillo\AppData\Local\Box\Box Tools\Metrics\BoxTools_Metrics.db
- post callback: 057004C6
- log callback: 057061D6
- context: 00000000
- post interval in seconds: 600
- max records in a post: 100
- max db records: 500
- disable sender: true
[2025-02-19 09:17:55,676] [63   ] [INFO ] [] - Shutting down the metrics collector
[2025-02-19 09:27:55,613] [79   ] [INFO ] [] - Initializing the metrics collector
[2025-02-19 09:27:55,626] [79   ] [INFO ] [] - MetricsCollector::Sender(49): _disableSentMetrics 1
[2025-02-19 09:27:55,627] [79   ] [INFO ] [] - MetricsCollector::Initialize(231): Initialized metrics collector
- session id: e0472d3e-0d6a-4010-83a4-f833730aafa7
- device id: 4ca35884-a93a-48fc-ad16-80b2a90aa32e
- application id: Box Tools Win exe
- application name: BoxTools
- application version: 4.28.0.1161
- metric collection url: https://client-log.box.com/index.php?rm=box_gen204_json_record
- metric data path: C:\Users\pcedillo\AppData\Local\Box\Box Tools\Metrics\BoxTools_Metrics.db
- post callback: 057004C6
- log callback: 057061D6
- context: 00000000
- post interval in seconds: 600
- max records in a post: 100
- max db records: 500
- disable sender: true
[2025-02-19 09:27:55,640] [79   ] [INFO ] [] - Shutting down the metrics collector
[2025-02-19 09:37:55,519] [31   ] [INFO ] [] - Initializing the metrics collector
[2025-02-19 09:37:55,532] [31   ] [INFO ] [] - MetricsCollector::Sender(49): _disableSentMetrics 1
[2025-02-19 09:37:55,532] [31   ] [INFO ] [] - MetricsCollector::Initialize(231): Initialized metrics collector
- session id: e0472d3e-0d6a-4010-83a4-f833730aafa7
- device id: 4ca35884-a93a-48fc-ad16-80b2a90aa32e
- application id: Box Tools Win exe
- application name: BoxTools
- application version: 4.28.0.1161
- metric collection url: https://client-log.box.com/index.php?rm=box_gen204_json_record
- metric data path: C:\Users\pcedillo\AppData\Local\Box\Box Tools\Metrics\BoxTools_Metrics.db
- post callback: 057004C6
- log callback: 057061D6
- context: 00000000
- post interval in seconds: 600
- max records in a post: 100
- max db records: 500
- disable sender: true
[2025-02-19 09:37:55,546] [31   ] [INFO ] [] - Shutting down the metrics collector
[2025-02-19 09:47:55,477] [46   ] [INFO ] [] - Initializing the metrics collector
[2025-02-19 09:47:55,487] [46   ] [INFO ] [] - MetricsCollector::Sender(49): _disableSentMetrics 1
[2025-02-19 09:47:55,487] [46   ] [INFO ] [] - MetricsCollector::Initialize(231): Initialized metrics collector
- session id: e0472d3e-0d6a-4010-83a4-f833730aafa7
- device id: 4ca35884-a93a-48fc-ad16-80b2a90aa32e
- application id: Box Tools Win exe
- application name: BoxTools
- application version: 4.28.0.1161
- metric collection url: https://client-log.box.com/index.php?rm=box_gen204_json_record
- metric data path: C:\Users\pcedillo\AppData\Local\Box\Box Tools\Metrics\BoxTools_Metrics.db
- post callback: 057004C6
- log callback: 057061D6
- context: 00000000
- post interval in seconds: 600
- max records in a post: 100
- max db records: 500
- disable sender: true
[2025-02-19 09:47:55,495] [46   ] [INFO ] [] - Shutting down the metrics collector
[2025-02-19 09:57:55,461] [53   ] [INFO ] [] - Initializing the metrics collector
[2025-02-19 09:57:55,472] [53   ] [INFO ] [] - MetricsCollector::Sender(49): _disableSentMetrics 1
[2025-02-19 09:57:55,473] [53   ] [INFO ] [] - MetricsCollector::Initialize(231): Initialized metrics collector
- session id: e0472d3e-0d6a-4010-83a4-f833730aafa7
- device id: 4ca35884-a93a-48fc-ad16-80b2a90aa32e
- application id: Box Tools Win exe
- application name: BoxTools
- application version: 4.28.0.1161
- metric collection url: https://client-log.box.com/index.php?rm=box_gen204_json_record
- metric data path: C:\Users\pcedillo\AppData\Local\Box\Box Tools\Metrics\BoxTools_Metrics.db
- post callback: 057004C6
- log callback: 057061D6
- context: 00000000
- post interval in seconds: 600
- max records in a post: 100
- max db records: 500
- disable sender: true
[2025-02-19 09:57:55,481] [53   ] [INFO ] [] - Shutting down the metrics collector
[2025-02-19 10:07:55,420] [71   ] [INFO ] [] - Initializing the metrics collector
[2025-02-19 10:07:55,434] [71   ] [INFO ] [] - MetricsCollector::Sender(49): _disableSentMetrics 1
[2025-02-19 10:07:55,437] [71   ] [INFO ] [] - MetricsCollector::Initialize(231): Initialized metrics collector
- session id: e0472d3e-0d6a-4010-83a4-f833730aafa7
- device id: 4ca35884-a93a-48fc-ad16-80b2a90aa32e
- application id: Box Tools Win exe
- application name: BoxTools
- application version: 4.28.0.1161
- metric collection url: https://client-log.box.com/index.php?rm=box_gen204_json_record
- metric data path: C:\Users\pcedillo\AppData\Local\Box\Box Tools\Metrics\BoxTools_Metrics.db
- post callback: 057004C6
- log callback: 057061D6
- context: 00000000
- post interval in seconds: 600
- max records in a post: 100
- max db records: 500
- disable sender: true
[2025-02-19 10:07:55,449] [71   ] [INFO ] [] - Shutting down the metrics collector
[2025-02-19 10:17:55,415] [25   ] [INFO ] [] - Initializing the metrics collector
[2025-02-19 10:17:55,423] [25   ] [INFO ] [] - MetricsCollector::Sender(49): _disableSentMetrics 1
[2025-02-19 10:17:55,424] [25   ] [INFO ] [] - MetricsCollector::Initialize(231): Initialized metrics collector
- session id: e0472d3e-0d6a-4010-83a4-f833730aafa7
- device id: 4ca35884-a93a-48fc-ad16-80b2a90aa32e
- application id: Box Tools Win exe
- application name: BoxTools
- application version: 4.28.0.1161
- metric collection url: https://client-log.box.com/index.php?rm=box_gen204_json_record
- metric data path: C:\Users\pcedillo\AppData\Local\Box\Box Tools\Metrics\BoxTools_Metrics.db
- post callback: 057004C6
- log callback: 057061D6
- context: 00000000
- post interval in seconds: 600
- max records in a post: 100
- max db records: 500
- disable sender: true
[2025-02-19 10:17:55,429] [25   ] [INFO ] [] - Shutting down the metrics collector
[2025-02-19 10:27:55,352] [28   ] [INFO ] [] - Initializing the metrics collector
[2025-02-19 10:27:55,363] [28   ] [INFO ] [] - MetricsCollector::Sender(49): _disableSentMetrics 1
[2025-02-19 10:27:55,364] [28   ] [INFO ] [] - MetricsCollector::Initialize(231): Initialized metrics collector
- session id: e0472d3e-0d6a-4010-83a4-f833730aafa7
- device id: 4ca35884-a93a-48fc-ad16-80b2a90aa32e
- application id: Box Tools Win exe
- application name: BoxTools
- application version: 4.28.0.1161
- metric collection url: https://client-log.box.com/index.php?rm=box_gen204_json_record
- metric data path: C:\Users\pcedillo\AppData\Local\Box\Box Tools\Metrics\BoxTools_Metrics.db
- post callback: 057004C6
- log callback: 057061D6
- context: 00000000
- post interval in seconds: 600
- max records in a post: 100
- max db records: 500
- disable sender: true
[2025-02-19 10:27:55,376] [28   ] [INFO ] [] - Shutting down the metrics collector
[2025-02-19 10:37:55,321] [31   ] [INFO ] [] - Initializing the metrics collector
[2025-02-19 10:37:55,334] [31   ] [INFO ] [] - MetricsCollector::Sender(49): _disableSentMetrics 1
[2025-02-19 10:37:55,334] [31   ] [INFO ] [] - MetricsCollector::Initialize(231): Initialized metrics collector
- session id: e0472d3e-0d6a-4010-83a4-f833730aafa7
- device id: 4ca35884-a93a-48fc-ad16-80b2a90aa32e
- application id: Box Tools Win exe
- application name: BoxTools
- application version: 4.28.0.1161
- metric collection url: https://client-log.box.com/index.php?rm=box_gen204_json_record
- metric data path: C:\Users\pcedillo\AppData\Local\Box\Box Tools\Metrics\BoxTools_Metrics.db
- post callback: 057004C6
- log callback: 057061D6
- context: 00000000
- post interval in seconds: 600
- max records in a post: 100
- max db records: 500
- disable sender: true
[2025-02-19 10:37:55,347] [31   ] [INFO ] [] - Shutting down the metrics collector
[2025-02-19 10:47:55,275] [79   ] [INFO ] [] - Initializing the metrics collector
[2025-02-19 10:47:55,287] [79   ] [INFO ] [] - MetricsCollector::Sender(49): _disableSentMetrics 1
[2025-02-19 10:47:55,288] [79   ] [INFO ] [] - MetricsCollector::Initialize(231): Initialized metrics collector
- session id: e0472d3e-0d6a-4010-83a4-f833730aafa7
- device id: 4ca35884-a93a-48fc-ad16-80b2a90aa32e
- application id: Box Tools Win exe
- application name: BoxTools
- application version: 4.28.0.1161
- metric collection url: https://client-log.box.com/index.php?rm=box_gen204_json_record
- metric data path: C:\Users\pcedillo\AppData\Local\Box\Box Tools\Metrics\BoxTools_Metrics.db
- post callback: 057004C6
- log callback: 057061D6
- context: 00000000
- post interval in seconds: 600
- max records in a post: 100
- max db records: 500
- disable sender: true
[2025-02-19 10:47:55,296] [79   ] [INFO ] [] - Shutting down the metrics collector
[2025-02-19 10:57:55,215] [46   ] [INFO ] [] - Initializing the metrics collector
[2025-02-19 10:57:55,227] [46   ] [INFO ] [] - MetricsCollector::Sender(49): _disableSentMetrics 1
[2025-02-19 10:57:55,228] [46   ] [INFO ] [] - MetricsCollector::Initialize(231): Initialized metrics collector
- session id: e0472d3e-0d6a-4010-83a4-f833730aafa7
- device id: 4ca35884-a93a-48fc-ad16-80b2a90aa32e
- application id: Box Tools Win exe
- application name: BoxTools
- application version: 4.28.0.1161
- metric collection url: https://client-log.box.com/index.php?rm=box_gen204_json_record
- metric data path: C:\Users\pcedillo\AppData\Local\Box\Box Tools\Metrics\BoxTools_Metrics.db
- post callback: 057004C6
- log callback: 057061D6
- context: 00000000
- post interval in seconds: 600
- max records in a post: 100
- max db records: 500
- disable sender: true
[2025-02-19 10:57:55,242] [46   ] [INFO ] [] - Shutting down the metrics collector
[2025-02-19 11:07:55,204] [20   ] [INFO ] [] - Initializing the metrics collector
[2025-02-19 11:07:55,218] [20   ] [INFO ] [] - MetricsCollector::Sender(49): _disableSentMetrics 1
[2025-02-19 11:07:55,219] [20   ] [INFO ] [] - MetricsCollector::Initialize(231): Initialized metrics collector
- session id: e0472d3e-0d6a-4010-83a4-f833730aafa7
- device id: 4ca35884-a93a-48fc-ad16-80b2a90aa32e
- application id: Box Tools Win exe
- application name: BoxTools
- application version: 4.28.0.1161
- metric collection url: https://client-log.box.com/index.php?rm=box_gen204_json_record
- metric data path: C:\Users\pcedillo\AppData\Local\Box\Box Tools\Metrics\BoxTools_Metrics.db
- post callback: 057004C6
- log callback: 057061D6
- context: 00000000
- post interval in seconds: 600
- max records in a post: 100
- max db records: 500
- disable sender: true
[2025-02-19 11:07:55,232] [20   ] [INFO ] [] - Shutting down the metrics collector
[2025-02-19 11:17:55,136] [59   ] [INFO ] [] - Initializing the metrics collector
[2025-02-19 11:17:55,150] [59   ] [INFO ] [] - MetricsCollector::Sender(49): _disableSentMetrics 1
[2025-02-19 11:17:55,151] [59   ] [INFO ] [] - MetricsCollector::Initialize(231): Initialized metrics collector
- session id: e0472d3e-0d6a-4010-83a4-f833730aafa7
- device id: 4ca35884-a93a-48fc-ad16-80b2a90aa32e
- application id: Box Tools Win exe
- application name: BoxTools
- application version: 4.28.0.1161
- metric collection url: https://client-log.box.com/index.php?rm=box_gen204_json_record
- metric data path: C:\Users\pcedillo\AppData\Local\Box\Box Tools\Metrics\BoxTools_Metrics.db
- post callback: 057004C6
- log callback: 057061D6
- context: 00000000
- post interval in seconds: 600
- max records in a post: 100
- max db records: 500
- disable sender: true
[2025-02-19 11:17:55,164] [59   ] [INFO ] [] - Shutting down the metrics collector
[2025-02-19 11:27:55,100] [72   ] [INFO ] [] - Initializing the metrics collector
[2025-02-19 11:27:55,107] [72   ] [INFO ] [] - MetricsCollector::Sender(49): _disableSentMetrics 1
[2025-02-19 11:27:55,107] [72   ] [INFO ] [] - MetricsCollector::Initialize(231): Initialized metrics collector
- session id: e0472d3e-0d6a-4010-83a4-f833730aafa7
- device id: 4ca35884-a93a-48fc-ad16-80b2a90aa32e
- application id: Box Tools Win exe
- application name: BoxTools
- application version: 4.28.0.1161
- metric collection url: https://client-log.box.com/index.php?rm=box_gen204_json_record
- metric data path: C:\Users\pcedillo\AppData\Local\Box\Box Tools\Metrics\BoxTools_Metrics.db
- post callback: 057004C6
- log callback: 057061D6
- context: 00000000
- post interval in seconds: 600
- max records in a post: 100
- max db records: 500
- disable sender: true
[2025-02-19 11:27:55,114] [72   ] [INFO ] [] - Shutting down the metrics collector
[2025-02-19 11:37:55,072] [32   ] [INFO ] [] - Initializing the metrics collector
[2025-02-19 11:37:55,079] [32   ] [INFO ] [] - MetricsCollector::Sender(49): _disableSentMetrics 1
[2025-02-19 11:37:55,080] [32   ] [INFO ] [] - MetricsCollector::Initialize(231): Initialized metrics collector
- session id: e0472d3e-0d6a-4010-83a4-f833730aafa7
- device id: 4ca35884-a93a-48fc-ad16-80b2a90aa32e
- application id: Box Tools Win exe
- application name: BoxTools
- application version: 4.28.0.1161
- metric collection url: https://client-log.box.com/index.php?rm=box_gen204_json_record
- metric data path: C:\Users\pcedillo\AppData\Local\Box\Box Tools\Metrics\BoxTools_Metrics.db
- post callback: 057004C6
- log callback: 057061D6
- context: 00000000
- post interval in seconds: 600
- max records in a post: 100
- max db records: 500
- disable sender: true
[2025-02-19 11:37:55,087] [32   ] [INFO ] [] - Shutting down the metrics collector
[2025-02-19 11:47:55,067] [63   ] [INFO ] [] - Initializing the metrics collector
[2025-02-19 11:47:55,074] [63   ] [INFO ] [] - MetricsCollector::Sender(49): _disableSentMetrics 1
[2025-02-19 11:47:55,074] [63   ] [INFO ] [] - MetricsCollector::Initialize(231): Initialized metrics collector
- session id: e0472d3e-0d6a-4010-83a4-f833730aafa7
- device id: 4ca35884-a93a-48fc-ad16-80b2a90aa32e
- application id: Box Tools Win exe
- application name: BoxTools
- application version: 4.28.0.1161
- metric collection url: https://client-log.box.com/index.php?rm=box_gen204_json_record
- metric data path: C:\Users\pcedillo\AppData\Local\Box\Box Tools\Metrics\BoxTools_Metrics.db
- post callback: 057004C6
- log callback: 057061D6
- context: 00000000
- post interval in seconds: 600
- max records in a post: 100
- max db records: 500
- disable sender: true
[2025-02-19 11:47:55,082] [63   ] [INFO ] [] - Shutting down the metrics collector
[2025-02-19 11:57:55,075] [81   ] [INFO ] [] - Initializing the metrics collector
[2025-02-19 11:57:55,088] [81   ] [INFO ] [] - MetricsCollector::Sender(49): _disableSentMetrics 1
[2025-02-19 11:57:55,088] [81   ] [INFO ] [] - MetricsCollector::Initialize(231): Initialized metrics collector
- session id: e0472d3e-0d6a-4010-83a4-f833730aafa7
- device id: 4ca35884-a93a-48fc-ad16-80b2a90aa32e
- application id: Box Tools Win exe
- application name: BoxTools
- application version: 4.28.0.1161
- metric collection url: https://client-log.box.com/index.php?rm=box_gen204_json_record
- metric data path: C:\Users\pcedillo\AppData\Local\Box\Box Tools\Metrics\BoxTools_Metrics.db
- post callback: 057004C6
- log callback: 057061D6
- context: 00000000
- post interval in seconds: 600
- max records in a post: 100
- max db records: 500
- disable sender: true
[2025-02-19 11:57:55,102] [81   ] [INFO ] [] - Shutting down the metrics collector
[2025-02-19 12:07:54,988] [87   ] [INFO ] [] - Initializing the metrics collector
[2025-02-19 12:07:55,000] [87   ] [INFO ] [] - MetricsCollector::Sender(49): _disableSentMetrics 1
[2025-02-19 12:07:55,001] [87   ] [INFO ] [] - MetricsCollector::Initialize(231): Initialized metrics collector
- session id: e0472d3e-0d6a-4010-83a4-f833730aafa7
- device id: 4ca35884-a93a-48fc-ad16-80b2a90aa32e
- application id: Box Tools Win exe
- application name: BoxTools
- application version: 4.28.0.1161
- metric collection url: https://client-log.box.com/index.php?rm=box_gen204_json_record
- metric data path: C:\Users\pcedillo\AppData\Local\Box\Box Tools\Metrics\BoxTools_Metrics.db
- post callback: 057004C6
- log callback: 057061D6
- context: 00000000
- post interval in seconds: 600
- max records in a post: 100
- max db records: 500
- disable sender: true
[2025-02-19 12:07:55,014] [87   ] [INFO ] [] - Shutting down the metrics collector
[2025-02-19 12:17:54,962] [20   ] [INFO ] [] - Initializing the metrics collector
[2025-02-19 12:17:54,980] [20   ] [INFO ] [] - MetricsCollector::Sender(49): _disableSentMetrics 1
[2025-02-19 12:17:54,980] [20   ] [INFO ] [] - MetricsCollector::Initialize(231): Initialized metrics collector
- session id: e0472d3e-0d6a-4010-83a4-f833730aafa7
- device id: 4ca35884-a93a-48fc-ad16-80b2a90aa32e
- application id: Box Tools Win exe
- application name: BoxTools
- application version: 4.28.0.1161
- metric collection url: https://client-log.box.com/index.php?rm=box_gen204_json_record
- metric data path: C:\Users\pcedillo\AppData\Local\Box\Box Tools\Metrics\BoxTools_Metrics.db
- post callback: 057004C6
- log callback: 057061D6
- context: 00000000
- post interval in seconds: 600
- max records in a post: 100
- max db records: 500
- disable sender: true
[2025-02-19 12:17:54,996] [20   ] [INFO ] [] - Shutting down the metrics collector
[2025-02-19 12:27:54,955] [53   ] [INFO ] [] - Initializing the metrics collector
[2025-02-19 12:27:54,967] [53   ] [INFO ] [] - MetricsCollector::Sender(49): _disableSentMetrics 1
[2025-02-19 12:27:54,969] [53   ] [INFO ] [] - MetricsCollector::Initialize(231): Initialized metrics collector
- session id: e0472d3e-0d6a-4010-83a4-f833730aafa7
- device id: 4ca35884-a93a-48fc-ad16-80b2a90aa32e
- application id: Box Tools Win exe
- application name: BoxTools
- application version: 4.28.0.1161
- metric collection url: https://client-log.box.com/index.php?rm=box_gen204_json_record
- metric data path: C:\Users\pcedillo\AppData\Local\Box\Box Tools\Metrics\BoxTools_Metrics.db
- post callback: 057004C6
- log callback: 057061D6
- context: 00000000
- post interval in seconds: 600
- max records in a post: 100
- max db records: 500
- disable sender: true
[2025-02-19 12:27:54,981] [53   ] [INFO ] [] - Shutting down the metrics collector
[2025-02-19 12:37:54,903] [79   ] [INFO ] [] - Initializing the metrics collector
[2025-02-19 12:37:54,916] [79   ] [INFO ] [] - MetricsCollector::Sender(49): _disableSentMetrics 1
[2025-02-19 12:37:54,917] [79   ] [INFO ] [] - MetricsCollector::Initialize(231): Initialized metrics collector
- session id: e0472d3e-0d6a-4010-83a4-f833730aafa7
- device id: 4ca35884-a93a-48fc-ad16-80b2a90aa32e
- application id: Box Tools Win exe
- application name: BoxTools
- application version: 4.28.0.1161
- metric collection url: https://client-log.box.com/index.php?rm=box_gen204_json_record
- metric data path: C:\Users\pcedillo\AppData\Local\Box\Box Tools\Metrics\BoxTools_Metrics.db
- post callback: 057004C6
- log callback: 057061D6
- context: 00000000
- post interval in seconds: 600
- max records in a post: 100
- max db records: 500
- disable sender: true
[2025-02-19 12:37:54,928] [79   ] [INFO ] [] - Shutting down the metrics collector
[2025-02-19 12:47:54,845] [70   ] [INFO ] [] - Initializing the metrics collector
[2025-02-19 12:47:54,858] [70   ] [INFO ] [] - MetricsCollector::Sender(49): _disableSentMetrics 1
[2025-02-19 12:47:54,859] [70   ] [INFO ] [] - MetricsCollector::Initialize(231): Initialized metrics collector
- session id: e0472d3e-0d6a-4010-83a4-f833730aafa7
- device id: 4ca35884-a93a-48fc-ad16-80b2a90aa32e
- application id: Box Tools Win exe
- application name: BoxTools
- application version: 4.28.0.1161
- metric collection url: https://client-log.box.com/index.php?rm=box_gen204_json_record
- metric data path: C:\Users\pcedillo\AppData\Local\Box\Box Tools\Metrics\BoxTools_Metrics.db
- post callback: 057004C6
- log callback: 057061D6
- context: 00000000
- post interval in seconds: 600
- max records in a post: 100
- max db records: 500
- disable sender: true
[2025-02-19 12:47:54,867] [70   ] [INFO ] [] - Shutting down the metrics collector
[2025-02-19 12:57:54,821] [71   ] [INFO ] [] - Initializing the metrics collector
[2025-02-19 12:57:54,831] [71   ] [INFO ] [] - MetricsCollector::Sender(49): _disableSentMetrics 1
[2025-02-19 12:57:54,832] [71   ] [INFO ] [] - MetricsCollector::Initialize(231): Initialized metrics collector
- session id: e0472d3e-0d6a-4010-83a4-f833730aafa7
- device id: 4ca35884-a93a-48fc-ad16-80b2a90aa32e
- application id: Box Tools Win exe
- application name: BoxTools
- application version: 4.28.0.1161
- metric collection url: https://client-log.box.com/index.php?rm=box_gen204_json_record
- metric data path: C:\Users\pcedillo\AppData\Local\Box\Box Tools\Metrics\BoxTools_Metrics.db
- post callback: 057004C6
- log callback: 057061D6
- context: 00000000
- post interval in seconds: 600
- max records in a post: 100
- max db records: 500
- disable sender: true
[2025-02-19 12:57:54,840] [71   ] [INFO ] [] - Shutting down the metrics collector
[2025-02-19 13:07:54,825] [53   ] [INFO ] [] - Initializing the metrics collector
[2025-02-19 13:07:54,838] [53   ] [INFO ] [] - MetricsCollector::Sender(49): _disableSentMetrics 1
[2025-02-19 13:07:54,839] [53   ] [INFO ] [] - MetricsCollector::Initialize(231): Initialized metrics collector
- session id: e0472d3e-0d6a-4010-83a4-f833730aafa7
- device id: 4ca35884-a93a-48fc-ad16-80b2a90aa32e
- application id: Box Tools Win exe
- application name: BoxTools
- application version: 4.28.0.1161
- metric collection url: https://client-log.box.com/index.php?rm=box_gen204_json_record
- metric data path: C:\Users\pcedillo\AppData\Local\Box\Box Tools\Metrics\BoxTools_Metrics.db
- post callback: 057004C6
- log callback: 057061D6
- context: 00000000
- post interval in seconds: 600
- max records in a post: 100
- max db records: 500
- disable sender: true
[2025-02-19 13:07:54,850] [53   ] [INFO ] [] - Shutting down the metrics collector
[2025-02-19 13:17:54,737] [59   ] [INFO ] [] - Initializing the metrics collector
[2025-02-19 13:17:54,750] [59   ] [INFO ] [] - MetricsCollector::Sender(49): _disableSentMetrics 1
[2025-02-19 13:17:54,750] [59   ] [INFO ] [] - MetricsCollector::Initialize(231): Initialized metrics collector
- session id: e0472d3e-0d6a-4010-83a4-f833730aafa7
- device id: 4ca35884-a93a-48fc-ad16-80b2a90aa32e
- application id: Box Tools Win exe
- application name: BoxTools
- application version: 4.28.0.1161
- metric collection url: https://client-log.box.com/index.php?rm=box_gen204_json_record
- metric data path: C:\Users\pcedillo\AppData\Local\Box\Box Tools\Metrics\BoxTools_Metrics.db
- post callback: 057004C6
- log callback: 057061D6
- context: 00000000
- post interval in seconds: 600
- max records in a post: 100
- max db records: 500
- disable sender: true
[2025-02-19 13:17:54,764] [59   ] [INFO ] [] - Shutting down the metrics collector
[2025-02-19 13:27:54,714] [79   ] [INFO ] [] - Initializing the metrics collector
[2025-02-19 13:27:54,725] [79   ] [INFO ] [] - MetricsCollector::Sender(49): _disableSentMetrics 1
[2025-02-19 13:27:54,726] [79   ] [INFO ] [] - MetricsCollector::Initialize(231): Initialized metrics collector
- session id: e0472d3e-0d6a-4010-83a4-f833730aafa7
- device id: 4ca35884-a93a-48fc-ad16-80b2a90aa32e
- application id: Box Tools Win exe
- application name: BoxTools
- application version: 4.28.0.1161
- metric collection url: https://client-log.box.com/index.php?rm=box_gen204_json_record
- metric data path: C:\Users\pcedillo\AppData\Local\Box\Box Tools\Metrics\BoxTools_Metrics.db
- post callback: 057004C6
- log callback: 057061D6
- context: 00000000
- post interval in seconds: 600
- max records in a post: 100
- max db records: 500
- disable sender: true
[2025-02-19 13:27:54,737] [79   ] [INFO ] [] - Shutting down the metrics collector
[2025-02-19 13:37:54,695] [87   ] [INFO ] [] - Initializing the metrics collector
[2025-02-19 13:37:54,707] [87   ] [INFO ] [] - MetricsCollector::Sender(49): _disableSentMetrics 1
[2025-02-19 13:37:54,708] [87   ] [INFO ] [] - MetricsCollector::Initialize(231): Initialized metrics collector
- session id: e0472d3e-0d6a-4010-83a4-f833730aafa7
- device id: 4ca35884-a93a-48fc-ad16-80b2a90aa32e
- application id: Box Tools Win exe
- application name: BoxTools
- application version: 4.28.0.1161
- metric collection url: https://client-log.box.com/index.php?rm=box_gen204_json_record
- metric data path: C:\Users\pcedillo\AppData\Local\Box\Box Tools\Metrics\BoxTools_Metrics.db
- post callback: 057004C6
- log callback: 057061D6
- context: 00000000
- post interval in seconds: 600
- max records in a post: 100
- max db records: 500
- disable sender: true
[2025-02-19 13:37:54,719] [87   ] [INFO ] [] - Shutting down the metrics collector
[2025-02-19 13:47:54,630] [20   ] [INFO ] [] - Initializing the metrics collector
[2025-02-19 13:47:54,638] [20   ] [INFO ] [] - MetricsCollector::Sender(49): _disableSentMetrics 1
[2025-02-19 13:47:54,638] [20   ] [INFO ] [] - MetricsCollector::Initialize(231): Initialized metrics collector
- session id: e0472d3e-0d6a-4010-83a4-f833730aafa7
- device id: 4ca35884-a93a-48fc-ad16-80b2a90aa32e
- application id: Box Tools Win exe
- application name: BoxTools
- application version: 4.28.0.1161
- metric collection url: https://client-log.box.com/index.php?rm=box_gen204_json_record
- metric data path: C:\Users\pcedillo\AppData\Local\Box\Box Tools\Metrics\BoxTools_Metrics.db
- post callback: 057004C6
- log callback: 057061D6
- context: 00000000
- post interval in seconds: 600
- max records in a post: 100
- max db records: 500
- disable sender: true
[2025-02-19 13:47:54,645] [20   ] [INFO ] [] - Shutting down the metrics collector
[2025-02-19 13:57:54,597] [79   ] [INFO ] [] - Initializing the metrics collector
[2025-02-19 13:57:54,609] [79   ] [INFO ] [] - MetricsCollector::Sender(49): _disableSentMetrics 1
[2025-02-19 13:57:54,610] [79   ] [INFO ] [] - MetricsCollector::Initialize(231): Initialized metrics collector
- session id: e0472d3e-0d6a-4010-83a4-f833730aafa7
- device id: 4ca35884-a93a-48fc-ad16-80b2a90aa32e
- application id: Box Tools Win exe
- application name: BoxTools
- application version: 4.28.0.1161
- metric collection url: https://client-log.box.com/index.php?rm=box_gen204_json_record
- metric data path: C:\Users\pcedillo\AppData\Local\Box\Box Tools\Metrics\BoxTools_Metrics.db
- post callback: 057004C6
- log callback: 057061D6
- context: 00000000
- post interval in seconds: 600
- max records in a post: 100
- max db records: 500
- disable sender: true
[2025-02-19 13:57:54,622] [79   ] [INFO ] [] - Shutting down the metrics collector
[2025-02-19 14:07:54,570] [87   ] [INFO ] [] - Initializing the metrics collector
[2025-02-19 14:07:54,585] [87   ] [INFO ] [] - MetricsCollector::Sender(49): _disableSentMetrics 1
[2025-02-19 14:07:54,585] [87   ] [INFO ] [] - MetricsCollector::Initialize(231): Initialized metrics collector
- session id: e0472d3e-0d6a-4010-83a4-f833730aafa7
- device id: 4ca35884-a93a-48fc-ad16-80b2a90aa32e
- application id: Box Tools Win exe
- application name: BoxTools
- application version: 4.28.0.1161
- metric collection url: https://client-log.box.com/index.php?rm=box_gen204_json_record
- metric data path: C:\Users\pcedillo\AppData\Local\Box\Box Tools\Metrics\BoxTools_Metrics.db
- post callback: 057004C6
- log callback: 057061D6
- context: 00000000
- post interval in seconds: 600
- max records in a post: 100
- max db records: 500
- disable sender: true
[2025-02-19 14:07:54,599] [87   ] [INFO ] [] - Shutting down the metrics collector
[2025-02-19 14:17:54,554] [59   ] [INFO ] [] - Initializing the metrics collector
[2025-02-19 14:17:54,568] [59   ] [INFO ] [] - MetricsCollector::Sender(49): _disableSentMetrics 1
[2025-02-19 14:17:54,569] [59   ] [INFO ] [] - MetricsCollector::Initialize(231): Initialized metrics collector
- session id: e0472d3e-0d6a-4010-83a4-f833730aafa7
- device id: 4ca35884-a93a-48fc-ad16-80b2a90aa32e
- application id: Box Tools Win exe
- application name: BoxTools
- application version: 4.28.0.1161
- metric collection url: https://client-log.box.com/index.php?rm=box_gen204_json_record
- metric data path: C:\Users\pcedillo\AppData\Local\Box\Box Tools\Metrics\BoxTools_Metrics.db
- post callback: 057004C6
- log callback: 057061D6
- context: 00000000
- post interval in seconds: 600
- max records in a post: 100
- max db records: 500
- disable sender: true
[2025-02-19 14:17:54,581] [59   ] [INFO ] [] - Shutting down the metrics collector
[2025-02-19 14:27:54,558] [53   ] [INFO ] [] - Initializing the metrics collector
[2025-02-19 14:27:54,572] [53   ] [INFO ] [] - MetricsCollector::Sender(49): _disableSentMetrics 1
[2025-02-19 14:27:54,574] [53   ] [INFO ] [] - MetricsCollector::Initialize(231): Initialized metrics collector
- session id: e0472d3e-0d6a-4010-83a4-f833730aafa7
- device id: 4ca35884-a93a-48fc-ad16-80b2a90aa32e
- application id: Box Tools Win exe
- application name: BoxTools
- application version: 4.28.0.1161
- metric collection url: https://client-log.box.com/index.php?rm=box_gen204_json_record
- metric data path: C:\Users\pcedillo\AppData\Local\Box\Box Tools\Metrics\BoxTools_Metrics.db
- post callback: 057004C6
- log callback: 057061D6
- context: 00000000
- post interval in seconds: 600
- max records in a post: 100
- max db records: 500
- disable sender: true
[2025-02-19 14:27:54,587] [53   ] [INFO ] [] - Shutting down the metrics collector
[2025-02-19 14:37:54,557] [47   ] [INFO ] [] - Initializing the metrics collector
[2025-02-19 14:37:54,563] [47   ] [INFO ] [] - MetricsCollector::Sender(49): _disableSentMetrics 1
[2025-02-19 14:37:54,563] [47   ] [INFO ] [] - MetricsCollector::Initialize(231): Initialized metrics collector
- session id: e0472d3e-0d6a-4010-83a4-f833730aafa7
- device id: 4ca35884-a93a-48fc-ad16-80b2a90aa32e
- application id: Box Tools Win exe
- application name: BoxTools
- application version: 4.28.0.1161
- metric collection url: https://client-log.box.com/index.php?rm=box_gen204_json_record
- metric data path: C:\Users\pcedillo\AppData\Local\Box\Box Tools\Metrics\BoxTools_Metrics.db
- post callback: 057004C6
- log callback: 057061D6
- context: 00000000
- post interval in seconds: 600
- max records in a post: 100
- max db records: 500
- disable sender: true
[2025-02-19 14:37:54,572] [47   ] [INFO ] [] - Shutting down the metrics collector
[2025-02-19 14:47:54,564] [71   ] [INFO ] [] - Initializing the metrics collector
[2025-02-19 14:47:54,570] [71   ] [INFO ] [] - MetricsCollector::Sender(49): _disableSentMetrics 1
[2025-02-19 14:47:54,571] [71   ] [INFO ] [] - MetricsCollector::Initialize(231): Initialized metrics collector
- session id: e0472d3e-0d6a-4010-83a4-f833730aafa7
- device id: 4ca35884-a93a-48fc-ad16-80b2a90aa32e
- application id: Box Tools Win exe
- application name: BoxTools
- application version: 4.28.0.1161
- metric collection url: https://client-log.box.com/index.php?rm=box_gen204_json_record
- metric data path: C:\Users\pcedillo\AppData\Local\Box\Box Tools\Metrics\BoxTools_Metrics.db
- post callback: 057004C6
- log callback: 057061D6
- context: 00000000
- post interval in seconds: 600
- max records in a post: 100
- max db records: 500
- disable sender: true
[2025-02-19 14:47:54,576] [71   ] [INFO ] [] - Shutting down the metrics collector
[2025-02-19 14:57:54,455] [53   ] [INFO ] [] - Initializing the metrics collector
[2025-02-19 14:57:54,470] [53   ] [INFO ] [] - MetricsCollector::Sender(49): _disableSentMetrics 1
[2025-02-19 14:57:54,470] [53   ] [INFO ] [] - MetricsCollector::Initialize(231): Initialized metrics collector
- session id: e0472d3e-0d6a-4010-83a4-f833730aafa7
- device id: 4ca35884-a93a-48fc-ad16-80b2a90aa32e
- application id: Box Tools Win exe
- application name: BoxTools
- application version: 4.28.0.1161
- metric collection url: https://client-log.box.com/index.php?rm=box_gen204_json_record
- metric data path: C:\Users\pcedillo\AppData\Local\Box\Box Tools\Metrics\BoxTools_Metrics.db
- post callback: 057004C6
- log callback: 057061D6
- context: 00000000
- post interval in seconds: 600
- max records in a post: 100
- max db records: 500
- disable sender: true
[2025-02-19 14:57:54,480] [53   ] [INFO ] [] - Shutting down the metrics collector
[2025-02-19 15:07:54,360] [47   ] [INFO ] [] - Initializing the metrics collector
[2025-02-19 15:07:54,374] [47   ] [INFO ] [] - MetricsCollector::Sender(49): _disableSentMetrics 1
[2025-02-19 15:07:54,374] [47   ] [INFO ] [] - MetricsCollector::Initialize(231): Initialized metrics collector
- session id: e0472d3e-0d6a-4010-83a4-f833730aafa7
- device id: 4ca35884-a93a-48fc-ad16-80b2a90aa32e
- application id: Box Tools Win exe
- application name: BoxTools
- application version: 4.28.0.1161
- metric collection url: https://client-log.box.com/index.php?rm=box_gen204_json_record
- metric data path: C:\Users\pcedillo\AppData\Local\Box\Box Tools\Metrics\BoxTools_Metrics.db
- post callback: 057004C6
- log callback: 057061D6
- context: 00000000
- post interval in seconds: 600
- max records in a post: 100
- max db records: 500
- disable sender: true
[2025-02-19 15:07:54,387] [47   ] [INFO ] [] - Shutting down the metrics collector
[2025-02-19 15:17:54,313] [59   ] [INFO ] [] - Initializing the metrics collector
[2025-02-19 15:17:54,323] [59   ] [INFO ] [] - MetricsCollector::Sender(49): _disableSentMetrics 1
[2025-02-19 15:17:54,323] [59   ] [INFO ] [] - MetricsCollector::Initialize(231): Initialized metrics collector
- session id: e0472d3e-0d6a-4010-83a4-f833730aafa7
- device id: 4ca35884-a93a-48fc-ad16-80b2a90aa32e
- application id: Box Tools Win exe
- application name: BoxTools
- application version: 4.28.0.1161
- metric collection url: https://client-log.box.com/index.php?rm=box_gen204_json_record
- metric data path: C:\Users\pcedillo\AppData\Local\Box\Box Tools\Metrics\BoxTools_Metrics.db
- post callback: 057004C6
- log callback: 057061D6
- context: 00000000
- post interval in seconds: 600
- max records in a post: 100
- max db records: 500
- disable sender: true
[2025-02-19 15:17:54,335] [59   ] [INFO ] [] - Shutting down the metrics collector
[2025-02-19 15:27:54,293] [87   ] [INFO ] [] - Initializing the metrics collector
[2025-02-19 15:27:54,306] [87   ] [INFO ] [] - MetricsCollector::Sender(49): _disableSentMetrics 1
[2025-02-19 15:27:54,307] [87   ] [INFO ] [] - MetricsCollector::Initialize(231): Initialized metrics collector
- session id: e0472d3e-0d6a-4010-83a4-f833730aafa7
- device id: 4ca35884-a93a-48fc-ad16-80b2a90aa32e
- application id: Box Tools Win exe
- application name: BoxTools
- application version: 4.28.0.1161
- metric collection url: https://client-log.box.com/index.php?rm=box_gen204_json_record
- metric data path: C:\Users\pcedillo\AppData\Local\Box\Box Tools\Metrics\BoxTools_Metrics.db
- post callback: 057004C6
- log callback: 057061D6
- context: 00000000
- post interval in seconds: 600
- max records in a post: 100
- max db records: 500
- disable sender: true
[2025-02-19 15:27:54,317] [87   ] [INFO ] [] - Shutting down the metrics collector
[2025-02-19 15:37:54,292] [79   ] [INFO ] [] - Initializing the metrics collector
[2025-02-19 15:37:54,305] [79   ] [INFO ] [] - MetricsCollector::Sender(49): _disableSentMetrics 1
[2025-02-19 15:37:54,305] [79   ] [INFO ] [] - MetricsCollector::Initialize(231): Initialized metrics collector
- session id: e0472d3e-0d6a-4010-83a4-f833730aafa7
- device id: 4ca35884-a93a-48fc-ad16-80b2a90aa32e
- application id: Box Tools Win exe
- application name: BoxTools
- application version: 4.28.0.1161
- metric collection url: https://client-log.box.com/index.php?rm=box_gen204_json_record
- metric data path: C:\Users\pcedillo\AppData\Local\Box\Box Tools\Metrics\BoxTools_Metrics.db
- post callback: 057004C6
- log callback: 057061D6
- context: 00000000
- post interval in seconds: 600
- max records in a post: 100
- max db records: 500
- disable sender: true
[2025-02-19 15:37:54,318] [79   ] [INFO ] [] - Shutting down the metrics collector
[2025-02-19 15:47:54,283] [20   ] [INFO ] [] - Initializing the metrics collector
[2025-02-19 15:47:54,296] [20   ] [INFO ] [] - MetricsCollector::Sender(49): _disableSentMetrics 1
[2025-02-19 15:47:54,296] [20   ] [INFO ] [] - MetricsCollector::Initialize(231): Initialized metrics collector
- session id: e0472d3e-0d6a-4010-83a4-f833730aafa7
- device id: 4ca35884-a93a-48fc-ad16-80b2a90aa32e
- application id: Box Tools Win exe
- application name: BoxTools
- application version: 4.28.0.1161
- metric collection url: https://client-log.box.com/index.php?rm=box_gen204_json_record
- metric data path: C:\Users\pcedillo\AppData\Local\Box\Box Tools\Metrics\BoxTools_Metrics.db
- post callback: 057004C6
- log callback: 057061D6
- context: 00000000
- post interval in seconds: 600
- max records in a post: 100
- max db records: 500
- disable sender: true
[2025-02-19 15:47:54,311] [20   ] [INFO ] [] - Shutting down the metrics collector
[2025-02-19 15:57:54,304] [46   ] [INFO ] [] - Initializing the metrics collector
[2025-02-19 15:57:54,317] [46   ] [INFO ] [] - MetricsCollector::Sender(49): _disableSentMetrics 1
[2025-02-19 15:57:54,317] [46   ] [INFO ] [] - MetricsCollector::Initialize(231): Initialized metrics collector
- session id: e0472d3e-0d6a-4010-83a4-f833730aafa7
- device id: 4ca35884-a93a-48fc-ad16-80b2a90aa32e
- application id: Box Tools Win exe
- application name: BoxTools
- application version: 4.28.0.1161
- metric collection url: https://client-log.box.com/index.php?rm=box_gen204_json_record
- metric data path: C:\Users\pcedillo\AppData\Local\Box\Box Tools\Metrics\BoxTools_Metrics.db
- post callback: 057004C6
- log callback: 057061D6
- context: 00000000
- post interval in seconds: 600
- max records in a post: 100
- max db records: 500
- disable sender: true
[2025-02-19 15:57:54,328] [46   ] [INFO ] [] - Shutting down the metrics collector
[2025-02-19 16:07:54,158] [47   ] [INFO ] [] - Initializing the metrics collector
[2025-02-19 16:07:54,168] [47   ] [INFO ] [] - MetricsCollector::Sender(49): _disableSentMetrics 1
[2025-02-19 16:07:54,168] [47   ] [INFO ] [] - MetricsCollector::Initialize(231): Initialized metrics collector
- session id: e0472d3e-0d6a-4010-83a4-f833730aafa7
- device id: 4ca35884-a93a-48fc-ad16-80b2a90aa32e
- application id: Box Tools Win exe
- application name: BoxTools
- application version: 4.28.0.1161
- metric collection url: https://client-log.box.com/index.php?rm=box_gen204_json_record
- metric data path: C:\Users\pcedillo\AppData\Local\Box\Box Tools\Metrics\BoxTools_Metrics.db
- post callback: 057004C6
- log callback: 057061D6
- context: 00000000
- post interval in seconds: 600
- max records in a post: 100
- max db records: 500
- disable sender: true
[2025-02-19 16:07:54,175] [47   ] [INFO ] [] - Shutting down the metrics collector
[2025-02-19 16:17:54,091] [53   ] [INFO ] [] - Initializing the metrics collector
[2025-02-19 16:17:54,096] [53   ] [INFO ] [] - MetricsCollector::Sender(49): _disableSentMetrics 1
[2025-02-19 16:17:54,098] [53   ] [INFO ] [] - MetricsCollector::Initialize(231): Initialized metrics collector
- session id: e0472d3e-0d6a-4010-83a4-f833730aafa7
- device id: 4ca35884-a93a-48fc-ad16-80b2a90aa32e
- application id: Box Tools Win exe
- application name: BoxTools
- application version: 4.28.0.1161
- metric collection url: https://client-log.box.com/index.php?rm=box_gen204_json_record
- metric data path: C:\Users\pcedillo\AppData\Local\Box\Box Tools\Metrics\BoxTools_Metrics.db
- post callback: 057004C6
- log callback: 057061D6
- context: 00000000
- post interval in seconds: 600
- max records in a post: 100
- max db records: 500
- disable sender: true
[2025-02-19 16:17:54,103] [53   ] [INFO ] [] - Shutting down the metrics collector
[2025-02-19 16:27:54,046] [71   ] [INFO ] [] - Initializing the metrics collector
[2025-02-19 16:27:54,055] [71   ] [INFO ] [] - MetricsCollector::Sender(49): _disableSentMetrics 1
[2025-02-19 16:27:54,055] [71   ] [INFO ] [] - MetricsCollector::Initialize(231): Initialized metrics collector
- session id: e0472d3e-0d6a-4010-83a4-f833730aafa7
- device id: 4ca35884-a93a-48fc-ad16-80b2a90aa32e
- application id: Box Tools Win exe
- application name: BoxTools
- application version: 4.28.0.1161
- metric collection url: https://client-log.box.com/index.php?rm=box_gen204_json_record
- metric data path: C:\Users\pcedillo\AppData\Local\Box\Box Tools\Metrics\BoxTools_Metrics.db
- post callback: 057004C6
- log callback: 057061D6
- context: 00000000
- post interval in seconds: 600
- max records in a post: 100
- max db records: 500
- disable sender: true
[2025-02-19 16:27:54,063] [71   ] [INFO ] [] - Shutting down the metrics collector
[2025-02-19 16:37:54,031] [46   ] [INFO ] [] - Initializing the metrics collector
[2025-02-19 16:37:54,046] [46   ] [INFO ] [] - MetricsCollector::Sender(49): _disableSentMetrics 1
[2025-02-19 16:37:54,046] [46   ] [INFO ] [] - MetricsCollector::Initialize(231): Initialized metrics collector
- session id: e0472d3e-0d6a-4010-83a4-f833730aafa7
- device id: 4ca35884-a93a-48fc-ad16-80b2a90aa32e
- application id: Box Tools Win exe
- application name: BoxTools
- application version: 4.28.0.1161
- metric collection url: https://client-log.box.com/index.php?rm=box_gen204_json_record
- metric data path: C:\Users\pcedillo\AppData\Local\Box\Box Tools\Metrics\BoxTools_Metrics.db
- post callback: 057004C6
- log callback: 057061D6
- context: 00000000
- post interval in seconds: 600
- max records in a post: 100
- max db records: 500
- disable sender: true
[2025-02-19 16:37:54,060] [46   ] [INFO ] [] - Shutting down the metrics collector
[2025-02-19 16:47:54,029] [47   ] [INFO ] [] - Initializing the metrics collector
[2025-02-19 16:47:54,043] [47   ] [INFO ] [] - MetricsCollector::Sender(49): _disableSentMetrics 1
[2025-02-19 16:47:54,043] [47   ] [INFO ] [] - MetricsCollector::Initialize(231): Initialized metrics collector
- session id: e0472d3e-0d6a-4010-83a4-f833730aafa7
- device id: 4ca35884-a93a-48fc-ad16-80b2a90aa32e
- application id: Box Tools Win exe
- application name: BoxTools
- application version: 4.28.0.1161
- metric collection url: https://client-log.box.com/index.php?rm=box_gen204_json_record
- metric data path: C:\Users\pcedillo\AppData\Local\Box\Box Tools\Metrics\BoxTools_Metrics.db
- post callback: 057004C6
- log callback: 057061D6
- context: 00000000
- post interval in seconds: 600
- max records in a post: 100
- max db records: 500
- disable sender: true
[2025-02-19 16:47:54,054] [47   ] [INFO ] [] - Shutting down the metrics collector
[2025-02-19 16:57:54,025] [59   ] [INFO ] [] - Initializing the metrics collector
[2025-02-19 16:57:54,038] [59   ] [INFO ] [] - MetricsCollector::Sender(49): _disableSentMetrics 1
[2025-02-19 16:57:54,039] [59   ] [INFO ] [] - MetricsCollector::Initialize(231): Initialized metrics collector
- session id: e0472d3e-0d6a-4010-83a4-f833730aafa7
- device id: 4ca35884-a93a-48fc-ad16-80b2a90aa32e
- application id: Box Tools Win exe
- application name: BoxTools
- application version: 4.28.0.1161
- metric collection url: https://client-log.box.com/index.php?rm=box_gen204_json_record
- metric data path: C:\Users\pcedillo\AppData\Local\Box\Box Tools\Metrics\BoxTools_Metrics.db
- post callback: 057004C6
- log callback: 057061D6
- context: 00000000
- post interval in seconds: 600
- max records in a post: 100
- max db records: 500
- disable sender: true
[2025-02-19 16:57:54,049] [59   ] [INFO ] [] - Shutting down the metrics collector
[2025-02-19 17:07:53,987] [53   ] [INFO ] [] - Initializing the metrics collector
[2025-02-19 17:07:53,997] [53   ] [INFO ] [] - MetricsCollector::Sender(49): _disableSentMetrics 1
[2025-02-19 17:07:53,997] [53   ] [INFO ] [] - MetricsCollector::Initialize(231): Initialized metrics collector
- session id: e0472d3e-0d6a-4010-83a4-f833730aafa7
- device id: 4ca35884-a93a-48fc-ad16-80b2a90aa32e
- application id: Box Tools Win exe
- application name: BoxTools
- application version: 4.28.0.1161
- metric collection url: https://client-log.box.com/index.php?rm=box_gen204_json_record
- metric data path: C:\Users\pcedillo\AppData\Local\Box\Box Tools\Metrics\BoxTools_Metrics.db
- post callback: 057004C6
- log callback: 057061D6
- context: 00000000
- post interval in seconds: 600
- max records in a post: 100
- max db records: 500
- disable sender: true
[2025-02-19 17:07:54,009] [53   ] [INFO ] [] - Shutting down the metrics collector
[2025-02-19 17:17:53,693] [87   ] [INFO ] [] - Initializing the metrics collector
[2025-02-19 17:17:53,707] [87   ] [INFO ] [] - MetricsCollector::Sender(49): _disableSentMetrics 1
[2025-02-19 17:17:53,708] [87   ] [INFO ] [] - MetricsCollector::Initialize(231): Initialized metrics collector
- session id: e0472d3e-0d6a-4010-83a4-f833730aafa7
- device id: 4ca35884-a93a-48fc-ad16-80b2a90aa32e
- application id: Box Tools Win exe
- application name: BoxTools
- application version: 4.28.0.1161
- metric collection url: https://client-log.box.com/index.php?rm=box_gen204_json_record
- metric data path: C:\Users\pcedillo\AppData\Local\Box\Box Tools\Metrics\BoxTools_Metrics.db
- post callback: 057004C6
- log callback: 057061D6
- context: 00000000
- post interval in seconds: 600
- max records in a post: 100
- max db records: 500
- disable sender: true
[2025-02-19 17:17:53,721] [87   ] [INFO ] [] - Shutting down the metrics collector
