[2024-12-11 08:44:25,732] [49   ] [INFO ] [] - Initializing the metrics collector
[2024-12-11 08:44:25,748] [49   ] [INFO ] [] - MetricsCollector::Sender(49): _disableSentMetrics 1
[2024-12-11 08:44:25,748] [49   ] [INFO ] [] - MetricsCollector::Initialize(231): Initialized metrics collector
- session id: bbb6203e-ae89-459e-acb4-abbc16bbc449
- device id: 4ca35884-a93a-48fc-ad16-80b2a90aa32e
- application id: Box Tools Win exe
- application name: BoxTools
- application version: 4.27.1.1145
- metric collection url: https://client-log.box.com/index.php?rm=box_gen204_json_record
- metric data path: C:\Users\pcedillo\AppData\Local\Box\Box Tools\Metrics\BoxTools_Metrics.db
- post callback: 053904C6
- log callback: 05395FF6
- context: 00000000
- post interval in seconds: 600
- max records in a post: 100
- max db records: 500
- disable sender: true
[2024-12-11 08:44:25,764] [49   ] [INFO ] [] - Shutting down the metrics collector
[2024-12-11 08:54:25,745] [38   ] [INFO ] [] - Initializing the metrics collector
[2024-12-11 08:54:25,760] [38   ] [INFO ] [] - MetricsCollector::Sender(49): _disableSentMetrics 1
[2024-12-11 08:54:25,761] [38   ] [INFO ] [] - MetricsCollector::Initialize(231): Initialized metrics collector
- session id: bbb6203e-ae89-459e-acb4-abbc16bbc449
- device id: 4ca35884-a93a-48fc-ad16-80b2a90aa32e
- application id: Box Tools Win exe
- application name: BoxTools
- application version: 4.27.1.1145
- metric collection url: https://client-log.box.com/index.php?rm=box_gen204_json_record
- metric data path: C:\Users\pcedillo\AppData\Local\Box\Box Tools\Metrics\BoxTools_Metrics.db
- post callback: 053904C6
- log callback: 05395FF6
- context: 00000000
- post interval in seconds: 600
- max records in a post: 100
- max db records: 500
- disable sender: true
[2024-12-11 08:54:25,777] [38   ] [INFO ] [] - Shutting down the metrics collector
[2024-12-11 09:04:25,754] [27   ] [INFO ] [] - Initializing the metrics collector
[2024-12-11 09:04:25,770] [27   ] [INFO ] [] - MetricsCollector::Sender(49): _disableSentMetrics 1
[2024-12-11 09:04:25,772] [27   ] [INFO ] [] - MetricsCollector::Initialize(231): Initialized metrics collector
- session id: bbb6203e-ae89-459e-acb4-abbc16bbc449
- device id: 4ca35884-a93a-48fc-ad16-80b2a90aa32e
- application id: Box Tools Win exe
- application name: BoxTools
- application version: 4.27.1.1145
- metric collection url: https://client-log.box.com/index.php?rm=box_gen204_json_record
- metric data path: C:\Users\pcedillo\AppData\Local\Box\Box Tools\Metrics\BoxTools_Metrics.db
- post callback: 053904C6
- log callback: 05395FF6
- context: 00000000
- post interval in seconds: 600
- max records in a post: 100
- max db records: 500
- disable sender: true
[2024-12-11 09:04:25,793] [27   ] [INFO ] [] - Shutting down the metrics collector
[2024-12-11 09:14:25,768] [16   ] [INFO ] [] - Initializing the metrics collector
[2024-12-11 09:14:25,768] [16   ] [INFO ] [] - MetricsCollector::Sender(49): _disableSentMetrics 1
[2024-12-11 09:14:25,768] [16   ] [INFO ] [] - MetricsCollector::Initialize(231): Initialized metrics collector
- session id: bbb6203e-ae89-459e-acb4-abbc16bbc449
- device id: 4ca35884-a93a-48fc-ad16-80b2a90aa32e
- application id: Box Tools Win exe
- application name: BoxTools
- application version: 4.27.1.1145
- metric collection url: https://client-log.box.com/index.php?rm=box_gen204_json_record
- metric data path: C:\Users\pcedillo\AppData\Local\Box\Box Tools\Metrics\BoxTools_Metrics.db
- post callback: 053904C6
- log callback: 05395FF6
- context: 00000000
- post interval in seconds: 600
- max records in a post: 100
- max db records: 500
- disable sender: true
[2024-12-11 09:14:25,783] [16   ] [INFO ] [] - Shutting down the metrics collector
[2024-12-11 09:24:25,780] [83   ] [INFO ] [] - Initializing the metrics collector
[2024-12-11 09:24:25,780] [83   ] [INFO ] [] - MetricsCollector::Sender(49): _disableSentMetrics 1
[2024-12-11 09:24:25,780] [83   ] [INFO ] [] - MetricsCollector::Initialize(231): Initialized metrics collector
- session id: bbb6203e-ae89-459e-acb4-abbc16bbc449
- device id: 4ca35884-a93a-48fc-ad16-80b2a90aa32e
- application id: Box Tools Win exe
- application name: BoxTools
- application version: 4.27.1.1145
- metric collection url: https://client-log.box.com/index.php?rm=box_gen204_json_record
- metric data path: C:\Users\pcedillo\AppData\Local\Box\Box Tools\Metrics\BoxTools_Metrics.db
- post callback: 053904C6
- log callback: 05395FF6
- context: 00000000
- post interval in seconds: 600
- max records in a post: 100
- max db records: 500
- disable sender: true
[2024-12-11 09:24:25,803] [83   ] [INFO ] [] - Shutting down the metrics collector
[2024-12-11 09:34:25,775] [94   ] [INFO ] [] - Initializing the metrics collector
[2024-12-11 09:34:25,775] [94   ] [INFO ] [] - MetricsCollector::Sender(49): _disableSentMetrics 1
[2024-12-11 09:34:25,775] [94   ] [INFO ] [] - MetricsCollector::Initialize(231): Initialized metrics collector
- session id: bbb6203e-ae89-459e-acb4-abbc16bbc449
- device id: 4ca35884-a93a-48fc-ad16-80b2a90aa32e
- application id: Box Tools Win exe
- application name: BoxTools
- application version: 4.27.1.1145
- metric collection url: https://client-log.box.com/index.php?rm=box_gen204_json_record
- metric data path: C:\Users\pcedillo\AppData\Local\Box\Box Tools\Metrics\BoxTools_Metrics.db
- post callback: 053904C6
- log callback: 05395FF6
- context: 00000000
- post interval in seconds: 600
- max records in a post: 100
- max db records: 500
- disable sender: true
[2024-12-11 09:34:25,791] [94   ] [INFO ] [] - Shutting down the metrics collector
[2024-12-11 09:44:25,789] [103  ] [INFO ] [] - Initializing the metrics collector
[2024-12-11 09:44:25,795] [103  ] [INFO ] [] - MetricsCollector::Sender(49): _disableSentMetrics 1
[2024-12-11 09:44:25,795] [103  ] [INFO ] [] - MetricsCollector::Initialize(231): Initialized metrics collector
- session id: bbb6203e-ae89-459e-acb4-abbc16bbc449
- device id: 4ca35884-a93a-48fc-ad16-80b2a90aa32e
- application id: Box Tools Win exe
- application name: BoxTools
- application version: 4.27.1.1145
- metric collection url: https://client-log.box.com/index.php?rm=box_gen204_json_record
- metric data path: C:\Users\pcedillo\AppData\Local\Box\Box Tools\Metrics\BoxTools_Metrics.db
- post callback: 053904C6
- log callback: 05395FF6
- context: 00000000
- post interval in seconds: 600
- max records in a post: 100
- max db records: 500
- disable sender: true
[2024-12-11 09:44:25,795] [103  ] [INFO ] [] - Shutting down the metrics collector
[2024-12-11 09:54:25,803] [92   ] [INFO ] [] - Initializing the metrics collector
[2024-12-11 09:54:25,803] [92   ] [INFO ] [] - MetricsCollector::Sender(49): _disableSentMetrics 1
[2024-12-11 09:54:25,803] [92   ] [INFO ] [] - MetricsCollector::Initialize(231): Initialized metrics collector
- session id: bbb6203e-ae89-459e-acb4-abbc16bbc449
- device id: 4ca35884-a93a-48fc-ad16-80b2a90aa32e
- application id: Box Tools Win exe
- application name: BoxTools
- application version: 4.27.1.1145
- metric collection url: https://client-log.box.com/index.php?rm=box_gen204_json_record
- metric data path: C:\Users\pcedillo\AppData\Local\Box\Box Tools\Metrics\BoxTools_Metrics.db
- post callback: 053904C6
- log callback: 05395FF6
- context: 00000000
- post interval in seconds: 600
- max records in a post: 100
- max db records: 500
- disable sender: true
[2024-12-11 09:54:25,819] [92   ] [INFO ] [] - Shutting down the metrics collector
[2024-12-11 10:04:25,816] [3    ] [INFO ] [] - Initializing the metrics collector
[2024-12-11 10:04:25,832] [3    ] [INFO ] [] - MetricsCollector::Sender(49): _disableSentMetrics 1
[2024-12-11 10:04:25,832] [3    ] [INFO ] [] - MetricsCollector::Initialize(231): Initialized metrics collector
- session id: bbb6203e-ae89-459e-acb4-abbc16bbc449
- device id: 4ca35884-a93a-48fc-ad16-80b2a90aa32e
- application id: Box Tools Win exe
- application name: BoxTools
- application version: 4.27.1.1145
- metric collection url: https://client-log.box.com/index.php?rm=box_gen204_json_record
- metric data path: C:\Users\pcedillo\AppData\Local\Box\Box Tools\Metrics\BoxTools_Metrics.db
- post callback: 053904C6
- log callback: 05395FF6
- context: 00000000
- post interval in seconds: 600
- max records in a post: 100
- max db records: 500
- disable sender: true
[2024-12-11 10:04:25,832] [3    ] [INFO ] [] - Shutting down the metrics collector
[2024-12-11 10:14:25,830] [18   ] [INFO ] [] - Initializing the metrics collector
[2024-12-11 10:14:25,834] [18   ] [INFO ] [] - MetricsCollector::Sender(49): _disableSentMetrics 1
[2024-12-11 10:14:25,834] [18   ] [INFO ] [] - MetricsCollector::Initialize(231): Initialized metrics collector
- session id: bbb6203e-ae89-459e-acb4-abbc16bbc449
- device id: 4ca35884-a93a-48fc-ad16-80b2a90aa32e
- application id: Box Tools Win exe
- application name: BoxTools
- application version: 4.27.1.1145
- metric collection url: https://client-log.box.com/index.php?rm=box_gen204_json_record
- metric data path: C:\Users\pcedillo\AppData\Local\Box\Box Tools\Metrics\BoxTools_Metrics.db
- post callback: 053904C6
- log callback: 05395FF6
- context: 00000000
- post interval in seconds: 600
- max records in a post: 100
- max db records: 500
- disable sender: true
[2024-12-11 10:14:25,850] [18   ] [INFO ] [] - Shutting down the metrics collector
[2024-12-11 10:24:25,842] [29   ] [INFO ] [] - Initializing the metrics collector
[2024-12-11 10:24:25,858] [29   ] [INFO ] [] - MetricsCollector::Sender(49): _disableSentMetrics 1
[2024-12-11 10:24:25,858] [29   ] [INFO ] [] - MetricsCollector::Initialize(231): Initialized metrics collector
- session id: bbb6203e-ae89-459e-acb4-abbc16bbc449
- device id: 4ca35884-a93a-48fc-ad16-80b2a90aa32e
- application id: Box Tools Win exe
- application name: BoxTools
- application version: 4.27.1.1145
- metric collection url: https://client-log.box.com/index.php?rm=box_gen204_json_record
- metric data path: C:\Users\pcedillo\AppData\Local\Box\Box Tools\Metrics\BoxTools_Metrics.db
- post callback: 053904C6
- log callback: 05395FF6
- context: 00000000
- post interval in seconds: 600
- max records in a post: 100
- max db records: 500
- disable sender: true
[2024-12-11 10:24:25,874] [29   ] [INFO ] [] - Shutting down the metrics collector
[2024-12-11 10:34:25,850] [40   ] [INFO ] [] - Initializing the metrics collector
[2024-12-11 10:34:25,850] [40   ] [INFO ] [] - MetricsCollector::Sender(49): _disableSentMetrics 1
[2024-12-11 10:34:25,850] [40   ] [INFO ] [] - MetricsCollector::Initialize(231): Initialized metrics collector
- session id: bbb6203e-ae89-459e-acb4-abbc16bbc449
- device id: 4ca35884-a93a-48fc-ad16-80b2a90aa32e
- application id: Box Tools Win exe
- application name: BoxTools
- application version: 4.27.1.1145
- metric collection url: https://client-log.box.com/index.php?rm=box_gen204_json_record
- metric data path: C:\Users\pcedillo\AppData\Local\Box\Box Tools\Metrics\BoxTools_Metrics.db
- post callback: 053904C6
- log callback: 05395FF6
- context: 00000000
- post interval in seconds: 600
- max records in a post: 100
- max db records: 500
- disable sender: true
[2024-12-11 10:34:25,869] [40   ] [INFO ] [] - Shutting down the metrics collector
[2024-12-11 10:44:25,857] [51   ] [INFO ] [] - Initializing the metrics collector
[2024-12-11 10:44:25,873] [51   ] [INFO ] [] - MetricsCollector::Sender(49): _disableSentMetrics 1
[2024-12-11 10:44:25,873] [51   ] [INFO ] [] - MetricsCollector::Initialize(231): Initialized metrics collector
- session id: bbb6203e-ae89-459e-acb4-abbc16bbc449
- device id: 4ca35884-a93a-48fc-ad16-80b2a90aa32e
- application id: Box Tools Win exe
- application name: BoxTools
- application version: 4.27.1.1145
- metric collection url: https://client-log.box.com/index.php?rm=box_gen204_json_record
- metric data path: C:\Users\pcedillo\AppData\Local\Box\Box Tools\Metrics\BoxTools_Metrics.db
- post callback: 053904C6
- log callback: 05395FF6
- context: 00000000
- post interval in seconds: 600
- max records in a post: 100
- max db records: 500
- disable sender: true
[2024-12-11 10:44:25,873] [51   ] [INFO ] [] - Shutting down the metrics collector
[2024-12-11 10:54:25,867] [57   ] [INFO ] [] - Initializing the metrics collector
[2024-12-11 10:54:25,867] [57   ] [INFO ] [] - MetricsCollector::Sender(49): _disableSentMetrics 1
[2024-12-11 10:54:25,867] [57   ] [INFO ] [] - MetricsCollector::Initialize(231): Initialized metrics collector
- session id: bbb6203e-ae89-459e-acb4-abbc16bbc449
- device id: 4ca35884-a93a-48fc-ad16-80b2a90aa32e
- application id: Box Tools Win exe
- application name: BoxTools
- application version: 4.27.1.1145
- metric collection url: https://client-log.box.com/index.php?rm=box_gen204_json_record
- metric data path: C:\Users\pcedillo\AppData\Local\Box\Box Tools\Metrics\BoxTools_Metrics.db
- post callback: 053904C6
- log callback: 05395FF6
- context: 00000000
- post interval in seconds: 600
- max records in a post: 100
- max db records: 500
- disable sender: true
[2024-12-11 10:54:25,867] [57   ] [INFO ] [] - Shutting down the metrics collector
[2024-12-11 11:04:25,874] [46   ] [INFO ] [] - Initializing the metrics collector
[2024-12-11 11:04:25,878] [46   ] [INFO ] [] - MetricsCollector::Sender(49): _disableSentMetrics 1
[2024-12-11 11:04:25,878] [46   ] [INFO ] [] - MetricsCollector::Initialize(231): Initialized metrics collector
- session id: bbb6203e-ae89-459e-acb4-abbc16bbc449
- device id: 4ca35884-a93a-48fc-ad16-80b2a90aa32e
- application id: Box Tools Win exe
- application name: BoxTools
- application version: 4.27.1.1145
- metric collection url: https://client-log.box.com/index.php?rm=box_gen204_json_record
- metric data path: C:\Users\pcedillo\AppData\Local\Box\Box Tools\Metrics\BoxTools_Metrics.db
- post callback: 053904C6
- log callback: 05395FF6
- context: 00000000
- post interval in seconds: 600
- max records in a post: 100
- max db records: 500
- disable sender: true
[2024-12-11 11:04:25,890] [46   ] [INFO ] [] - Shutting down the metrics collector
[2024-12-11 11:12:48,845] [36   ] [INFO ] [] - Accepted Origin
[2024-12-11 11:12:48,853] [36   ] [INFO ] [] - Handling status request
[2024-12-11 11:14:25,884] [34   ] [INFO ] [] - Initializing the metrics collector
[2024-12-11 11:14:25,892] [34   ] [INFO ] [] - MetricsCollector::Sender(49): _disableSentMetrics 1
[2024-12-11 11:14:25,892] [34   ] [INFO ] [] - MetricsCollector::Initialize(231): Initialized metrics collector
- session id: bbb6203e-ae89-459e-acb4-abbc16bbc449
- device id: 4ca35884-a93a-48fc-ad16-80b2a90aa32e
- application id: Box Tools Win exe
- application name: BoxTools
- application version: 4.27.1.1145
- metric collection url: https://client-log.box.com/index.php?rm=box_gen204_json_record
- metric data path: C:\Users\pcedillo\AppData\Local\Box\Box Tools\Metrics\BoxTools_Metrics.db
- post callback: 053904C6
- log callback: 05395FF6
- context: 00000000
- post interval in seconds: 600
- max records in a post: 100
- max db records: 500
- disable sender: true
[2024-12-11 11:14:25,900] [34   ] [INFO ] [] - Shutting down the metrics collector
[2024-12-11 11:24:25,895] [30   ] [INFO ] [] - Initializing the metrics collector
[2024-12-11 11:24:25,902] [30   ] [INFO ] [] - MetricsCollector::Sender(49): _disableSentMetrics 1
[2024-12-11 11:24:25,902] [30   ] [INFO ] [] - MetricsCollector::Initialize(231): Initialized metrics collector
- session id: bbb6203e-ae89-459e-acb4-abbc16bbc449
- device id: 4ca35884-a93a-48fc-ad16-80b2a90aa32e
- application id: Box Tools Win exe
- application name: BoxTools
- application version: 4.27.1.1145
- metric collection url: https://client-log.box.com/index.php?rm=box_gen204_json_record
- metric data path: C:\Users\pcedillo\AppData\Local\Box\Box Tools\Metrics\BoxTools_Metrics.db
- post callback: 053904C6
- log callback: 05395FF6
- context: 00000000
- post interval in seconds: 600
- max records in a post: 100
- max db records: 500
- disable sender: true
[2024-12-11 11:24:25,919] [30   ] [INFO ] [] - Shutting down the metrics collector
[2024-12-11 11:34:25,908] [28   ] [INFO ] [] - Initializing the metrics collector
[2024-12-11 11:34:25,915] [28   ] [INFO ] [] - MetricsCollector::Sender(49): _disableSentMetrics 1
[2024-12-11 11:34:25,915] [28   ] [INFO ] [] - MetricsCollector::Initialize(231): Initialized metrics collector
- session id: bbb6203e-ae89-459e-acb4-abbc16bbc449
- device id: 4ca35884-a93a-48fc-ad16-80b2a90aa32e
- application id: Box Tools Win exe
- application name: BoxTools
- application version: 4.27.1.1145
- metric collection url: https://client-log.box.com/index.php?rm=box_gen204_json_record
- metric data path: C:\Users\pcedillo\AppData\Local\Box\Box Tools\Metrics\BoxTools_Metrics.db
- post callback: 053904C6
- log callback: 05395FF6
- context: 00000000
- post interval in seconds: 600
- max records in a post: 100
- max db records: 500
- disable sender: true
[2024-12-11 11:34:25,931] [28   ] [INFO ] [] - Shutting down the metrics collector
[2024-12-11 11:44:25,909] [26   ] [INFO ] [] - Initializing the metrics collector
[2024-12-11 11:44:25,924] [26   ] [INFO ] [] - MetricsCollector::Sender(49): _disableSentMetrics 1
[2024-12-11 11:44:25,924] [26   ] [INFO ] [] - MetricsCollector::Initialize(231): Initialized metrics collector
- session id: bbb6203e-ae89-459e-acb4-abbc16bbc449
- device id: 4ca35884-a93a-48fc-ad16-80b2a90aa32e
- application id: Box Tools Win exe
- application name: BoxTools
- application version: 4.27.1.1145
- metric collection url: https://client-log.box.com/index.php?rm=box_gen204_json_record
- metric data path: C:\Users\pcedillo\AppData\Local\Box\Box Tools\Metrics\BoxTools_Metrics.db
- post callback: 053904C6
- log callback: 05395FF6
- context: 00000000
- post interval in seconds: 600
- max records in a post: 100
- max db records: 500
- disable sender: true
[2024-12-11 11:44:25,940] [26   ] [INFO ] [] - Shutting down the metrics collector
[2024-12-11 11:54:25,926] [27   ] [INFO ] [] - Initializing the metrics collector
[2024-12-11 11:54:25,940] [27   ] [INFO ] [] - MetricsCollector::Sender(49): _disableSentMetrics 1
[2024-12-11 11:54:25,942] [27   ] [INFO ] [] - MetricsCollector::Initialize(231): Initialized metrics collector
- session id: bbb6203e-ae89-459e-acb4-abbc16bbc449
- device id: 4ca35884-a93a-48fc-ad16-80b2a90aa32e
- application id: Box Tools Win exe
- application name: BoxTools
- application version: 4.27.1.1145
- metric collection url: https://client-log.box.com/index.php?rm=box_gen204_json_record
- metric data path: C:\Users\pcedillo\AppData\Local\Box\Box Tools\Metrics\BoxTools_Metrics.db
- post callback: 053904C6
- log callback: 05395FF6
- context: 00000000
- post interval in seconds: 600
- max records in a post: 100
- max db records: 500
- disable sender: true
[2024-12-11 11:54:25,942] [27   ] [INFO ] [] - Shutting down the metrics collector
[2024-12-11 12:04:25,919] [23   ] [INFO ] [] - Initializing the metrics collector
[2024-12-11 12:04:25,919] [23   ] [INFO ] [] - MetricsCollector::Sender(49): _disableSentMetrics 1
[2024-12-11 12:04:25,919] [23   ] [INFO ] [] - MetricsCollector::Initialize(231): Initialized metrics collector
- session id: bbb6203e-ae89-459e-acb4-abbc16bbc449
- device id: 4ca35884-a93a-48fc-ad16-80b2a90aa32e
- application id: Box Tools Win exe
- application name: BoxTools
- application version: 4.27.1.1145
- metric collection url: https://client-log.box.com/index.php?rm=box_gen204_json_record
- metric data path: C:\Users\pcedillo\AppData\Local\Box\Box Tools\Metrics\BoxTools_Metrics.db
- post callback: 053904C6
- log callback: 05395FF6
- context: 00000000
- post interval in seconds: 600
- max records in a post: 100
- max db records: 500
- disable sender: true
[2024-12-11 12:04:25,935] [23   ] [INFO ] [] - Shutting down the metrics collector
[2024-12-11 12:16:36,242] [21   ] [INFO ] [] - Initializing the metrics collector
[2024-12-11 12:16:36,266] [21   ] [INFO ] [] - MetricsCollector::Sender(49): _disableSentMetrics 1
[2024-12-11 12:16:36,267] [21   ] [INFO ] [] - MetricsCollector::Initialize(231): Initialized metrics collector
- session id: bbb6203e-ae89-459e-acb4-abbc16bbc449
- device id: 4ca35884-a93a-48fc-ad16-80b2a90aa32e
- application id: Box Tools Win exe
- application name: BoxTools
- application version: 4.27.1.1145
- metric collection url: https://client-log.box.com/index.php?rm=box_gen204_json_record
- metric data path: C:\Users\pcedillo\AppData\Local\Box\Box Tools\Metrics\BoxTools_Metrics.db
- post callback: 053904C6
- log callback: 05395FF6
- context: 00000000
- post interval in seconds: 600
- max records in a post: 100
- max db records: 500
- disable sender: true
[2024-12-11 12:16:36,286] [21   ] [INFO ] [] - Shutting down the metrics collector
[2024-12-11 12:26:36,253] [20   ] [INFO ] [] - Initializing the metrics collector
[2024-12-11 12:26:36,267] [20   ] [INFO ] [] - MetricsCollector::Sender(49): _disableSentMetrics 1
[2024-12-11 12:26:36,267] [20   ] [INFO ] [] - MetricsCollector::Initialize(231): Initialized metrics collector
- session id: bbb6203e-ae89-459e-acb4-abbc16bbc449
- device id: 4ca35884-a93a-48fc-ad16-80b2a90aa32e
- application id: Box Tools Win exe
- application name: BoxTools
- application version: 4.27.1.1145
- metric collection url: https://client-log.box.com/index.php?rm=box_gen204_json_record
- metric data path: C:\Users\pcedillo\AppData\Local\Box\Box Tools\Metrics\BoxTools_Metrics.db
- post callback: 053904C6
- log callback: 05395FF6
- context: 00000000
- post interval in seconds: 600
- max records in a post: 100
- max db records: 500
- disable sender: true
[2024-12-11 12:26:36,283] [20   ] [INFO ] [] - Shutting down the metrics collector
[2024-12-11 12:36:36,262] [16   ] [INFO ] [] - Initializing the metrics collector
[2024-12-11 12:36:36,286] [16   ] [INFO ] [] - MetricsCollector::Sender(49): _disableSentMetrics 1
[2024-12-11 12:36:36,287] [16   ] [INFO ] [] - MetricsCollector::Initialize(231): Initialized metrics collector
- session id: bbb6203e-ae89-459e-acb4-abbc16bbc449
- device id: 4ca35884-a93a-48fc-ad16-80b2a90aa32e
- application id: Box Tools Win exe
- application name: BoxTools
- application version: 4.27.1.1145
- metric collection url: https://client-log.box.com/index.php?rm=box_gen204_json_record
- metric data path: C:\Users\pcedillo\AppData\Local\Box\Box Tools\Metrics\BoxTools_Metrics.db
- post callback: 053904C6
- log callback: 05395FF6
- context: 00000000
- post interval in seconds: 600
- max records in a post: 100
- max db records: 500
- disable sender: true
[2024-12-11 12:36:36,307] [16   ] [INFO ] [] - Shutting down the metrics collector
[2024-12-11 12:46:36,278] [14   ] [INFO ] [] - Initializing the metrics collector
[2024-12-11 12:46:36,301] [14   ] [INFO ] [] - MetricsCollector::Sender(49): _disableSentMetrics 1
[2024-12-11 12:46:36,302] [14   ] [INFO ] [] - MetricsCollector::Initialize(231): Initialized metrics collector
- session id: bbb6203e-ae89-459e-acb4-abbc16bbc449
- device id: 4ca35884-a93a-48fc-ad16-80b2a90aa32e
- application id: Box Tools Win exe
- application name: BoxTools
- application version: 4.27.1.1145
- metric collection url: https://client-log.box.com/index.php?rm=box_gen204_json_record
- metric data path: C:\Users\pcedillo\AppData\Local\Box\Box Tools\Metrics\BoxTools_Metrics.db
- post callback: 053904C6
- log callback: 05395FF6
- context: 00000000
- post interval in seconds: 600
- max records in a post: 100
- max db records: 500
- disable sender: true
[2024-12-11 12:46:36,324] [14   ] [INFO ] [] - Shutting down the metrics collector
[2024-12-11 17:02:18,236] [10   ] [INFO ] [] - Initializing the metrics collector
[2024-12-11 17:02:18,253] [10   ] [INFO ] [] - MetricsCollector::Sender(49): _disableSentMetrics 1
[2024-12-11 17:02:18,253] [10   ] [INFO ] [] - MetricsCollector::Initialize(231): Initialized metrics collector
- session id: bbb6203e-ae89-459e-acb4-abbc16bbc449
- device id: 4ca35884-a93a-48fc-ad16-80b2a90aa32e
- application id: Box Tools Win exe
- application name: BoxTools
- application version: 4.27.1.1145
- metric collection url: https://client-log.box.com/index.php?rm=box_gen204_json_record
- metric data path: C:\Users\pcedillo\AppData\Local\Box\Box Tools\Metrics\BoxTools_Metrics.db
- post callback: 053904C6
- log callback: 05395FF6
- context: 00000000
- post interval in seconds: 600
- max records in a post: 100
- max db records: 500
- disable sender: true
[2024-12-11 17:02:18,271] [10   ] [INFO ] [] - Shutting down the metrics collector
[2024-12-11 17:12:18,260] [11   ] [INFO ] [] - Initializing the metrics collector
[2024-12-11 17:12:18,272] [11   ] [INFO ] [] - MetricsCollector::Sender(49): _disableSentMetrics 1
[2024-12-11 17:12:18,273] [11   ] [INFO ] [] - MetricsCollector::Initialize(231): Initialized metrics collector
- session id: bbb6203e-ae89-459e-acb4-abbc16bbc449
- device id: 4ca35884-a93a-48fc-ad16-80b2a90aa32e
- application id: Box Tools Win exe
- application name: BoxTools
- application version: 4.27.1.1145
- metric collection url: https://client-log.box.com/index.php?rm=box_gen204_json_record
- metric data path: C:\Users\pcedillo\AppData\Local\Box\Box Tools\Metrics\BoxTools_Metrics.db
- post callback: 053904C6
- log callback: 05395FF6
- context: 00000000
- post interval in seconds: 600
- max records in a post: 100
- max db records: 500
- disable sender: true
[2024-12-11 17:12:18,289] [11   ] [INFO ] [] - Shutting down the metrics collector
[2024-12-11 17:22:18,271] [15   ] [INFO ] [] - Initializing the metrics collector
[2024-12-11 17:22:18,294] [15   ] [INFO ] [] - MetricsCollector::Sender(49): _disableSentMetrics 1
[2024-12-11 17:22:18,295] [15   ] [INFO ] [] - MetricsCollector::Initialize(231): Initialized metrics collector
- session id: bbb6203e-ae89-459e-acb4-abbc16bbc449
- device id: 4ca35884-a93a-48fc-ad16-80b2a90aa32e
- application id: Box Tools Win exe
- application name: BoxTools
- application version: 4.27.1.1145
- metric collection url: https://client-log.box.com/index.php?rm=box_gen204_json_record
- metric data path: C:\Users\pcedillo\AppData\Local\Box\Box Tools\Metrics\BoxTools_Metrics.db
- post callback: 053904C6
- log callback: 05395FF6
- context: 00000000
- post interval in seconds: 600
- max records in a post: 100
- max db records: 500
- disable sender: true
[2024-12-11 17:22:18,314] [15   ] [INFO ] [] - Shutting down the metrics collector
[2024-12-11 17:32:18,284] [15   ] [INFO ] [] - Initializing the metrics collector
[2024-12-11 17:32:18,306] [15   ] [INFO ] [] - MetricsCollector::Sender(49): _disableSentMetrics 1
[2024-12-11 17:32:18,307] [15   ] [INFO ] [] - MetricsCollector::Initialize(231): Initialized metrics collector
- session id: bbb6203e-ae89-459e-acb4-abbc16bbc449
- device id: 4ca35884-a93a-48fc-ad16-80b2a90aa32e
- application id: Box Tools Win exe
- application name: BoxTools
- application version: 4.27.1.1145
- metric collection url: https://client-log.box.com/index.php?rm=box_gen204_json_record
- metric data path: C:\Users\pcedillo\AppData\Local\Box\Box Tools\Metrics\BoxTools_Metrics.db
- post callback: 053904C6
- log callback: 05395FF6
- context: 00000000
- post interval in seconds: 600
- max records in a post: 100
- max db records: 500
- disable sender: true
[2024-12-11 17:32:18,329] [15   ] [INFO ] [] - Shutting down the metrics collector
[2024-12-11 17:42:18,306] [20   ] [INFO ] [] - Initializing the metrics collector
[2024-12-11 17:42:18,321] [20   ] [INFO ] [] - MetricsCollector::Sender(49): _disableSentMetrics 1
[2024-12-11 17:42:18,323] [20   ] [INFO ] [] - MetricsCollector::Initialize(231): Initialized metrics collector
- session id: bbb6203e-ae89-459e-acb4-abbc16bbc449
- device id: 4ca35884-a93a-48fc-ad16-80b2a90aa32e
- application id: Box Tools Win exe
- application name: BoxTools
- application version: 4.27.1.1145
- metric collection url: https://client-log.box.com/index.php?rm=box_gen204_json_record
- metric data path: C:\Users\pcedillo\AppData\Local\Box\Box Tools\Metrics\BoxTools_Metrics.db
- post callback: 053904C6
- log callback: 05395FF6
- context: 00000000
- post interval in seconds: 600
- max records in a post: 100
- max db records: 500
- disable sender: true
[2024-12-11 17:42:18,346] [20   ] [INFO ] [] - Shutting down the metrics collector
[2024-12-11 17:52:18,308] [18   ] [INFO ] [] - Initializing the metrics collector
[2024-12-11 17:52:18,332] [18   ] [INFO ] [] - MetricsCollector::Sender(49): _disableSentMetrics 1
[2024-12-11 17:52:18,333] [18   ] [INFO ] [] - MetricsCollector::Initialize(231): Initialized metrics collector
- session id: bbb6203e-ae89-459e-acb4-abbc16bbc449
- device id: 4ca35884-a93a-48fc-ad16-80b2a90aa32e
- application id: Box Tools Win exe
- application name: BoxTools
- application version: 4.27.1.1145
- metric collection url: https://client-log.box.com/index.php?rm=box_gen204_json_record
- metric data path: C:\Users\pcedillo\AppData\Local\Box\Box Tools\Metrics\BoxTools_Metrics.db
- post callback: 053904C6
- log callback: 05395FF6
- context: 00000000
- post interval in seconds: 600
- max records in a post: 100
- max db records: 500
- disable sender: true
[2024-12-11 17:52:18,351] [18   ] [INFO ] [] - Shutting down the metrics collector
[2024-12-11 18:02:18,329] [23   ] [INFO ] [] - Initializing the metrics collector
[2024-12-11 18:02:18,352] [23   ] [INFO ] [] - MetricsCollector::Sender(49): _disableSentMetrics 1
[2024-12-11 18:02:18,352] [23   ] [INFO ] [] - MetricsCollector::Initialize(231): Initialized metrics collector
- session id: bbb6203e-ae89-459e-acb4-abbc16bbc449
- device id: 4ca35884-a93a-48fc-ad16-80b2a90aa32e
- application id: Box Tools Win exe
- application name: BoxTools
- application version: 4.27.1.1145
- metric collection url: https://client-log.box.com/index.php?rm=box_gen204_json_record
- metric data path: C:\Users\pcedillo\AppData\Local\Box\Box Tools\Metrics\BoxTools_Metrics.db
- post callback: 053904C6
- log callback: 05395FF6
- context: 00000000
- post interval in seconds: 600
- max records in a post: 100
- max db records: 500
- disable sender: true
[2024-12-11 18:02:18,371] [23   ] [INFO ] [] - Shutting down the metrics collector
[2024-12-11 18:12:18,324] [23   ] [INFO ] [] - Initializing the metrics collector
[2024-12-11 18:12:18,340] [23   ] [INFO ] [] - MetricsCollector::Sender(49): _disableSentMetrics 1
[2024-12-11 18:12:18,342] [23   ] [INFO ] [] - MetricsCollector::Initialize(231): Initialized metrics collector
- session id: bbb6203e-ae89-459e-acb4-abbc16bbc449
- device id: 4ca35884-a93a-48fc-ad16-80b2a90aa32e
- application id: Box Tools Win exe
- application name: BoxTools
- application version: 4.27.1.1145
- metric collection url: https://client-log.box.com/index.php?rm=box_gen204_json_record
- metric data path: C:\Users\pcedillo\AppData\Local\Box\Box Tools\Metrics\BoxTools_Metrics.db
- post callback: 053904C6
- log callback: 05395FF6
- context: 00000000
- post interval in seconds: 600
- max records in a post: 100
- max db records: 500
- disable sender: true
[2024-12-11 18:12:18,361] [23   ] [INFO ] [] - Shutting down the metrics collector
[2024-12-11 18:22:18,326] [27   ] [INFO ] [] - Initializing the metrics collector
[2024-12-11 18:22:18,350] [27   ] [INFO ] [] - MetricsCollector::Sender(49): _disableSentMetrics 1
[2024-12-11 18:22:18,351] [27   ] [INFO ] [] - MetricsCollector::Initialize(231): Initialized metrics collector
- session id: bbb6203e-ae89-459e-acb4-abbc16bbc449
- device id: 4ca35884-a93a-48fc-ad16-80b2a90aa32e
- application id: Box Tools Win exe
- application name: BoxTools
- application version: 4.27.1.1145
- metric collection url: https://client-log.box.com/index.php?rm=box_gen204_json_record
- metric data path: C:\Users\pcedillo\AppData\Local\Box\Box Tools\Metrics\BoxTools_Metrics.db
- post callback: 053904C6
- log callback: 05395FF6
- context: 00000000
- post interval in seconds: 600
- max records in a post: 100
- max db records: 500
- disable sender: true
[2024-12-11 18:22:18,370] [27   ] [INFO ] [] - Shutting down the metrics collector
[2024-12-11 18:32:18,349] [31   ] [INFO ] [] - Initializing the metrics collector
[2024-12-11 18:32:18,373] [31   ] [INFO ] [] - MetricsCollector::Sender(49): _disableSentMetrics 1
[2024-12-11 18:32:18,373] [31   ] [INFO ] [] - MetricsCollector::Initialize(231): Initialized metrics collector
- session id: bbb6203e-ae89-459e-acb4-abbc16bbc449
- device id: 4ca35884-a93a-48fc-ad16-80b2a90aa32e
- application id: Box Tools Win exe
- application name: BoxTools
- application version: 4.27.1.1145
- metric collection url: https://client-log.box.com/index.php?rm=box_gen204_json_record
- metric data path: C:\Users\pcedillo\AppData\Local\Box\Box Tools\Metrics\BoxTools_Metrics.db
- post callback: 053904C6
- log callback: 05395FF6
- context: 00000000
- post interval in seconds: 600
- max records in a post: 100
- max db records: 500
- disable sender: true
[2024-12-11 18:32:18,392] [31   ] [INFO ] [] - Shutting down the metrics collector
[2024-12-11 18:42:18,365] [31   ] [INFO ] [] - Initializing the metrics collector
[2024-12-11 18:42:18,381] [31   ] [INFO ] [] - MetricsCollector::Sender(49): _disableSentMetrics 1
[2024-12-11 18:42:18,381] [31   ] [INFO ] [] - MetricsCollector::Initialize(231): Initialized metrics collector
- session id: bbb6203e-ae89-459e-acb4-abbc16bbc449
- device id: 4ca35884-a93a-48fc-ad16-80b2a90aa32e
- application id: Box Tools Win exe
- application name: BoxTools
- application version: 4.27.1.1145
- metric collection url: https://client-log.box.com/index.php?rm=box_gen204_json_record
- metric data path: C:\Users\pcedillo\AppData\Local\Box\Box Tools\Metrics\BoxTools_Metrics.db
- post callback: 053904C6
- log callback: 05395FF6
- context: 00000000
- post interval in seconds: 600
- max records in a post: 100
- max db records: 500
- disable sender: true
[2024-12-11 18:42:18,402] [31   ] [INFO ] [] - Shutting down the metrics collector
[2024-12-11 18:52:18,368] [31   ] [INFO ] [] - Initializing the metrics collector
[2024-12-11 18:52:18,386] [31   ] [INFO ] [] - MetricsCollector::Sender(49): _disableSentMetrics 1
[2024-12-11 18:52:18,386] [31   ] [INFO ] [] - MetricsCollector::Initialize(231): Initialized metrics collector
- session id: bbb6203e-ae89-459e-acb4-abbc16bbc449
- device id: 4ca35884-a93a-48fc-ad16-80b2a90aa32e
- application id: Box Tools Win exe
- application name: BoxTools
- application version: 4.27.1.1145
- metric collection url: https://client-log.box.com/index.php?rm=box_gen204_json_record
- metric data path: C:\Users\pcedillo\AppData\Local\Box\Box Tools\Metrics\BoxTools_Metrics.db
- post callback: 053904C6
- log callback: 05395FF6
- context: 00000000
- post interval in seconds: 600
- max records in a post: 100
- max db records: 500
- disable sender: true
[2024-12-11 18:52:18,408] [31   ] [INFO ] [] - Shutting down the metrics collector
