[2025-03-31 07:40:46,848] [5    ] [INFO ] [] - Initializing the metrics collector
[2025-03-31 07:40:46,923] [5    ] [INFO ] [] - MetricsCollector::Sender(49): _disableSentMetrics 1
[2025-03-31 07:40:46,927] [5    ] [INFO ] [] - MetricsCollector::Initialize(231): Initialized metrics collector
- session id: 9d89a9bb-67ab-4b91-a090-8bcfd5932064
- device id: 4ca35884-a93a-48fc-ad16-80b2a90aa32e
- application id: Box Tools Win exe
- application name: BoxTools
- application version: 4.28.1.1163
- metric collection url: https://client-log.box.com/index.php?rm=box_gen204_json_record
- metric data path: C:\Users\pcedillo\AppData\Local\Box\Box Tools\Metrics\BoxTools_Metrics_EFD61745.db
- post callback: 05E027FE
- log callback: 05E02826
- context: 00000000
- post interval in seconds: 600
- max records in a post: 100
- max db records: 500
- disable sender: true
[2025-03-31 07:40:47,003] [5    ] [INFO ] [] - Shutting down the metrics collector
[2025-03-31 07:50:42,354] [5    ] [INFO ] [] - Initializing the metrics collector
[2025-03-31 07:50:42,379] [5    ] [INFO ] [] - MetricsCollector::Sender(49): _disableSentMetrics 1
[2025-03-31 07:50:42,380] [5    ] [INFO ] [] - MetricsCollector::Initialize(231): Initialized metrics collector
- session id: 9d89a9bb-67ab-4b91-a090-8bcfd5932064
- device id: 4ca35884-a93a-48fc-ad16-80b2a90aa32e
- application id: Box Tools Win exe
- application name: BoxTools
- application version: 4.28.1.1163
- metric collection url: https://client-log.box.com/index.php?rm=box_gen204_json_record
- metric data path: C:\Users\pcedillo\AppData\Local\Box\Box Tools\Metrics\BoxTools_Metrics_EFD61745.db
- post callback: 05E027FE
- log callback: 05E02826
- context: 00000000
- post interval in seconds: 600
- max records in a post: 100
- max db records: 500
- disable sender: true
[2025-03-31 07:50:42,415] [5    ] [INFO ] [] - Shutting down the metrics collector
[2025-03-31 08:00:42,262] [10   ] [INFO ] [] - Initializing the metrics collector
[2025-03-31 08:00:42,276] [10   ] [INFO ] [] - MetricsCollector::Sender(49): _disableSentMetrics 1
[2025-03-31 08:00:42,277] [10   ] [INFO ] [] - MetricsCollector::Initialize(231): Initialized metrics collector
- session id: 9d89a9bb-67ab-4b91-a090-8bcfd5932064
- device id: 4ca35884-a93a-48fc-ad16-80b2a90aa32e
- application id: Box Tools Win exe
- application name: BoxTools
- application version: 4.28.1.1163
- metric collection url: https://client-log.box.com/index.php?rm=box_gen204_json_record
- metric data path: C:\Users\pcedillo\AppData\Local\Box\Box Tools\Metrics\BoxTools_Metrics_EFD61745.db
- post callback: 05E027FE
- log callback: 05E02826
- context: 00000000
- post interval in seconds: 600
- max records in a post: 100
- max db records: 500
- disable sender: true
[2025-03-31 08:00:42,294] [10   ] [INFO ] [] - Shutting down the metrics collector
[2025-03-31 08:10:42,260] [7    ] [INFO ] [] - Initializing the metrics collector
[2025-03-31 08:10:42,274] [7    ] [INFO ] [] - MetricsCollector::Sender(49): _disableSentMetrics 1
[2025-03-31 08:10:42,274] [7    ] [INFO ] [] - MetricsCollector::Initialize(231): Initialized metrics collector
- session id: 9d89a9bb-67ab-4b91-a090-8bcfd5932064
- device id: 4ca35884-a93a-48fc-ad16-80b2a90aa32e
- application id: Box Tools Win exe
- application name: BoxTools
- application version: 4.28.1.1163
- metric collection url: https://client-log.box.com/index.php?rm=box_gen204_json_record
- metric data path: C:\Users\pcedillo\AppData\Local\Box\Box Tools\Metrics\BoxTools_Metrics_EFD61745.db
- post callback: 05E027FE
- log callback: 05E02826
- context: 00000000
- post interval in seconds: 600
- max records in a post: 100
- max db records: 500
- disable sender: true
[2025-03-31 08:10:42,291] [7    ] [INFO ] [] - Shutting down the metrics collector
[2025-03-31 08:20:42,247] [11   ] [INFO ] [] - Initializing the metrics collector
[2025-03-31 08:20:42,267] [11   ] [INFO ] [] - MetricsCollector::Sender(49): _disableSentMetrics 1
[2025-03-31 08:20:42,268] [11   ] [INFO ] [] - MetricsCollector::Initialize(231): Initialized metrics collector
- session id: 9d89a9bb-67ab-4b91-a090-8bcfd5932064
- device id: 4ca35884-a93a-48fc-ad16-80b2a90aa32e
- application id: Box Tools Win exe
- application name: BoxTools
- application version: 4.28.1.1163
- metric collection url: https://client-log.box.com/index.php?rm=box_gen204_json_record
- metric data path: C:\Users\pcedillo\AppData\Local\Box\Box Tools\Metrics\BoxTools_Metrics_EFD61745.db
- post callback: 05E027FE
- log callback: 05E02826
- context: 00000000
- post interval in seconds: 600
- max records in a post: 100
- max db records: 500
- disable sender: true
[2025-03-31 08:20:42,284] [11   ] [INFO ] [] - Shutting down the metrics collector
[2025-03-31 08:30:42,251] [5    ] [INFO ] [] - Initializing the metrics collector
[2025-03-31 08:30:42,274] [5    ] [INFO ] [] - MetricsCollector::Sender(49): _disableSentMetrics 1
[2025-03-31 08:30:42,275] [5    ] [INFO ] [] - MetricsCollector::Initialize(231): Initialized metrics collector
- session id: 9d89a9bb-67ab-4b91-a090-8bcfd5932064
- device id: 4ca35884-a93a-48fc-ad16-80b2a90aa32e
- application id: Box Tools Win exe
- application name: BoxTools
- application version: 4.28.1.1163
- metric collection url: https://client-log.box.com/index.php?rm=box_gen204_json_record
- metric data path: C:\Users\pcedillo\AppData\Local\Box\Box Tools\Metrics\BoxTools_Metrics_EFD61745.db
- post callback: 05E027FE
- log callback: 05E02826
- context: 00000000
- post interval in seconds: 600
- max records in a post: 100
- max db records: 500
- disable sender: true
[2025-03-31 08:30:42,296] [5    ] [INFO ] [] - Shutting down the metrics collector
[2025-03-31 08:40:42,222] [14   ] [INFO ] [] - Initializing the metrics collector
[2025-03-31 08:40:42,242] [14   ] [INFO ] [] - MetricsCollector::Sender(49): _disableSentMetrics 1
[2025-03-31 08:40:42,244] [14   ] [INFO ] [] - MetricsCollector::Initialize(231): Initialized metrics collector
- session id: 9d89a9bb-67ab-4b91-a090-8bcfd5932064
- device id: 4ca35884-a93a-48fc-ad16-80b2a90aa32e
- application id: Box Tools Win exe
- application name: BoxTools
- application version: 4.28.1.1163
- metric collection url: https://client-log.box.com/index.php?rm=box_gen204_json_record
- metric data path: C:\Users\pcedillo\AppData\Local\Box\Box Tools\Metrics\BoxTools_Metrics_EFD61745.db
- post callback: 05E027FE
- log callback: 05E02826
- context: 00000000
- post interval in seconds: 600
- max records in a post: 100
- max db records: 500
- disable sender: true
[2025-03-31 08:40:42,261] [14   ] [INFO ] [] - Shutting down the metrics collector
[2025-03-31 08:50:42,221] [16   ] [INFO ] [] - Initializing the metrics collector
[2025-03-31 08:50:42,242] [16   ] [INFO ] [] - MetricsCollector::Sender(49): _disableSentMetrics 1
[2025-03-31 08:50:42,243] [16   ] [INFO ] [] - MetricsCollector::Initialize(231): Initialized metrics collector
- session id: 9d89a9bb-67ab-4b91-a090-8bcfd5932064
- device id: 4ca35884-a93a-48fc-ad16-80b2a90aa32e
- application id: Box Tools Win exe
- application name: BoxTools
- application version: 4.28.1.1163
- metric collection url: https://client-log.box.com/index.php?rm=box_gen204_json_record
- metric data path: C:\Users\pcedillo\AppData\Local\Box\Box Tools\Metrics\BoxTools_Metrics_EFD61745.db
- post callback: 05E027FE
- log callback: 05E02826
- context: 00000000
- post interval in seconds: 600
- max records in a post: 100
- max db records: 500
- disable sender: true
[2025-03-31 08:50:42,259] [16   ] [INFO ] [] - Shutting down the metrics collector
[2025-03-31 09:00:42,239] [18   ] [INFO ] [] - Initializing the metrics collector
[2025-03-31 09:00:42,260] [18   ] [INFO ] [] - MetricsCollector::Sender(49): _disableSentMetrics 1
[2025-03-31 09:00:42,261] [18   ] [INFO ] [] - MetricsCollector::Initialize(231): Initialized metrics collector
- session id: 9d89a9bb-67ab-4b91-a090-8bcfd5932064
- device id: 4ca35884-a93a-48fc-ad16-80b2a90aa32e
- application id: Box Tools Win exe
- application name: BoxTools
- application version: 4.28.1.1163
- metric collection url: https://client-log.box.com/index.php?rm=box_gen204_json_record
- metric data path: C:\Users\pcedillo\AppData\Local\Box\Box Tools\Metrics\BoxTools_Metrics_EFD61745.db
- post callback: 05E027FE
- log callback: 05E02826
- context: 00000000
- post interval in seconds: 600
- max records in a post: 100
- max db records: 500
- disable sender: true
[2025-03-31 09:00:42,278] [18   ] [INFO ] [] - Shutting down the metrics collector
[2025-03-31 09:10:42,310] [21   ] [INFO ] [] - Initializing the metrics collector
[2025-03-31 09:10:42,491] [21   ] [INFO ] [] - MetricsCollector::Sender(49): _disableSentMetrics 1
[2025-03-31 09:10:42,494] [21   ] [INFO ] [] - MetricsCollector::Initialize(231): Initialized metrics collector
- session id: 9d89a9bb-67ab-4b91-a090-8bcfd5932064
- device id: 4ca35884-a93a-48fc-ad16-80b2a90aa32e
- application id: Box Tools Win exe
- application name: BoxTools
- application version: 4.28.1.1163
- metric collection url: https://client-log.box.com/index.php?rm=box_gen204_json_record
- metric data path: C:\Users\pcedillo\AppData\Local\Box\Box Tools\Metrics\BoxTools_Metrics_EFD61745.db
- post callback: 05E027FE
- log callback: 05E02826
- context: 00000000
- post interval in seconds: 600
- max records in a post: 100
- max db records: 500
- disable sender: true
[2025-03-31 09:10:42,590] [21   ] [INFO ] [] - Shutting down the metrics collector
[2025-03-31 09:20:42,177] [21   ] [INFO ] [] - Initializing the metrics collector
[2025-03-31 09:20:42,206] [21   ] [INFO ] [] - MetricsCollector::Sender(49): _disableSentMetrics 1
[2025-03-31 09:20:42,209] [21   ] [INFO ] [] - MetricsCollector::Initialize(231): Initialized metrics collector
- session id: 9d89a9bb-67ab-4b91-a090-8bcfd5932064
- device id: 4ca35884-a93a-48fc-ad16-80b2a90aa32e
- application id: Box Tools Win exe
- application name: BoxTools
- application version: 4.28.1.1163
- metric collection url: https://client-log.box.com/index.php?rm=box_gen204_json_record
- metric data path: C:\Users\pcedillo\AppData\Local\Box\Box Tools\Metrics\BoxTools_Metrics_EFD61745.db
- post callback: 05E027FE
- log callback: 05E02826
- context: 00000000
- post interval in seconds: 600
- max records in a post: 100
- max db records: 500
- disable sender: true
[2025-03-31 09:20:42,239] [21   ] [INFO ] [] - Shutting down the metrics collector
[2025-03-31 09:30:42,185] [19   ] [INFO ] [] - Initializing the metrics collector
[2025-03-31 09:30:42,199] [19   ] [INFO ] [] - MetricsCollector::Sender(49): _disableSentMetrics 1
[2025-03-31 09:30:42,199] [19   ] [INFO ] [] - MetricsCollector::Initialize(231): Initialized metrics collector
- session id: 9d89a9bb-67ab-4b91-a090-8bcfd5932064
- device id: 4ca35884-a93a-48fc-ad16-80b2a90aa32e
- application id: Box Tools Win exe
- application name: BoxTools
- application version: 4.28.1.1163
- metric collection url: https://client-log.box.com/index.php?rm=box_gen204_json_record
- metric data path: C:\Users\pcedillo\AppData\Local\Box\Box Tools\Metrics\BoxTools_Metrics_EFD61745.db
- post callback: 05E027FE
- log callback: 05E02826
- context: 00000000
- post interval in seconds: 600
- max records in a post: 100
- max db records: 500
- disable sender: true
[2025-03-31 09:30:42,212] [19   ] [INFO ] [] - Shutting down the metrics collector
[2025-03-31 09:40:42,163] [20   ] [INFO ] [] - Initializing the metrics collector
[2025-03-31 09:40:42,181] [20   ] [INFO ] [] - MetricsCollector::Sender(49): _disableSentMetrics 1
[2025-03-31 09:40:42,182] [20   ] [INFO ] [] - MetricsCollector::Initialize(231): Initialized metrics collector
- session id: 9d89a9bb-67ab-4b91-a090-8bcfd5932064
- device id: 4ca35884-a93a-48fc-ad16-80b2a90aa32e
- application id: Box Tools Win exe
- application name: BoxTools
- application version: 4.28.1.1163
- metric collection url: https://client-log.box.com/index.php?rm=box_gen204_json_record
- metric data path: C:\Users\pcedillo\AppData\Local\Box\Box Tools\Metrics\BoxTools_Metrics_EFD61745.db
- post callback: 05E027FE
- log callback: 05E02826
- context: 00000000
- post interval in seconds: 600
- max records in a post: 100
- max db records: 500
- disable sender: true
[2025-03-31 09:40:42,197] [20   ] [INFO ] [] - Shutting down the metrics collector
[2025-03-31 09:50:42,100] [21   ] [INFO ] [] - Initializing the metrics collector
[2025-03-31 09:50:42,113] [21   ] [INFO ] [] - MetricsCollector::Sender(49): _disableSentMetrics 1
[2025-03-31 09:50:42,114] [21   ] [INFO ] [] - MetricsCollector::Initialize(231): Initialized metrics collector
- session id: 9d89a9bb-67ab-4b91-a090-8bcfd5932064
- device id: 4ca35884-a93a-48fc-ad16-80b2a90aa32e
- application id: Box Tools Win exe
- application name: BoxTools
- application version: 4.28.1.1163
- metric collection url: https://client-log.box.com/index.php?rm=box_gen204_json_record
- metric data path: C:\Users\pcedillo\AppData\Local\Box\Box Tools\Metrics\BoxTools_Metrics_EFD61745.db
- post callback: 05E027FE
- log callback: 05E02826
- context: 00000000
- post interval in seconds: 600
- max records in a post: 100
- max db records: 500
- disable sender: true
[2025-03-31 09:50:42,130] [21   ] [INFO ] [] - Shutting down the metrics collector
[2025-03-31 10:00:42,088] [21   ] [INFO ] [] - Initializing the metrics collector
[2025-03-31 10:00:42,113] [21   ] [INFO ] [] - MetricsCollector::Sender(49): _disableSentMetrics 1
[2025-03-31 10:00:42,115] [21   ] [INFO ] [] - MetricsCollector::Initialize(231): Initialized metrics collector
- session id: 9d89a9bb-67ab-4b91-a090-8bcfd5932064
- device id: 4ca35884-a93a-48fc-ad16-80b2a90aa32e
- application id: Box Tools Win exe
- application name: BoxTools
- application version: 4.28.1.1163
- metric collection url: https://client-log.box.com/index.php?rm=box_gen204_json_record
- metric data path: C:\Users\pcedillo\AppData\Local\Box\Box Tools\Metrics\BoxTools_Metrics_EFD61745.db
- post callback: 05E027FE
- log callback: 05E02826
- context: 00000000
- post interval in seconds: 600
- max records in a post: 100
- max db records: 500
- disable sender: true
[2025-03-31 10:00:42,137] [21   ] [INFO ] [] - Shutting down the metrics collector
[2025-03-31 10:10:42,086] [21   ] [INFO ] [] - Initializing the metrics collector
[2025-03-31 10:10:42,125] [21   ] [INFO ] [] - MetricsCollector::Sender(49): _disableSentMetrics 1
[2025-03-31 10:10:42,128] [21   ] [INFO ] [] - MetricsCollector::Initialize(231): Initialized metrics collector
- session id: 9d89a9bb-67ab-4b91-a090-8bcfd5932064
- device id: 4ca35884-a93a-48fc-ad16-80b2a90aa32e
- application id: Box Tools Win exe
- application name: BoxTools
- application version: 4.28.1.1163
- metric collection url: https://client-log.box.com/index.php?rm=box_gen204_json_record
- metric data path: C:\Users\pcedillo\AppData\Local\Box\Box Tools\Metrics\BoxTools_Metrics_EFD61745.db
- post callback: 05E027FE
- log callback: 05E02826
- context: 00000000
- post interval in seconds: 600
- max records in a post: 100
- max db records: 500
- disable sender: true
[2025-03-31 10:10:42,176] [21   ] [INFO ] [] - Shutting down the metrics collector
[2025-03-31 10:20:42,077] [16   ] [INFO ] [] - Initializing the metrics collector
[2025-03-31 10:20:42,110] [16   ] [INFO ] [] - MetricsCollector::Sender(49): _disableSentMetrics 1
[2025-03-31 10:20:42,113] [16   ] [INFO ] [] - MetricsCollector::Initialize(231): Initialized metrics collector
- session id: 9d89a9bb-67ab-4b91-a090-8bcfd5932064
- device id: 4ca35884-a93a-48fc-ad16-80b2a90aa32e
- application id: Box Tools Win exe
- application name: BoxTools
- application version: 4.28.1.1163
- metric collection url: https://client-log.box.com/index.php?rm=box_gen204_json_record
- metric data path: C:\Users\pcedillo\AppData\Local\Box\Box Tools\Metrics\BoxTools_Metrics_EFD61745.db
- post callback: 05E027FE
- log callback: 05E02826
- context: 00000000
- post interval in seconds: 600
- max records in a post: 100
- max db records: 500
- disable sender: true
[2025-03-31 10:20:42,161] [16   ] [INFO ] [] - Shutting down the metrics collector
[2025-03-31 10:30:42,059] [21   ] [INFO ] [] - Initializing the metrics collector
[2025-03-31 10:30:42,071] [21   ] [INFO ] [] - MetricsCollector::Sender(49): _disableSentMetrics 1
[2025-03-31 10:30:42,072] [21   ] [INFO ] [] - MetricsCollector::Initialize(231): Initialized metrics collector
- session id: 9d89a9bb-67ab-4b91-a090-8bcfd5932064
- device id: 4ca35884-a93a-48fc-ad16-80b2a90aa32e
- application id: Box Tools Win exe
- application name: BoxTools
- application version: 4.28.1.1163
- metric collection url: https://client-log.box.com/index.php?rm=box_gen204_json_record
- metric data path: C:\Users\pcedillo\AppData\Local\Box\Box Tools\Metrics\BoxTools_Metrics_EFD61745.db
- post callback: 05E027FE
- log callback: 05E02826
- context: 00000000
- post interval in seconds: 600
- max records in a post: 100
- max db records: 500
- disable sender: true
[2025-03-31 10:30:42,080] [21   ] [INFO ] [] - Shutting down the metrics collector
[2025-03-31 10:40:42,033] [21   ] [INFO ] [] - Initializing the metrics collector
[2025-03-31 10:40:42,046] [21   ] [INFO ] [] - MetricsCollector::Sender(49): _disableSentMetrics 1
[2025-03-31 10:40:42,047] [21   ] [INFO ] [] - MetricsCollector::Initialize(231): Initialized metrics collector
- session id: 9d89a9bb-67ab-4b91-a090-8bcfd5932064
- device id: 4ca35884-a93a-48fc-ad16-80b2a90aa32e
- application id: Box Tools Win exe
- application name: BoxTools
- application version: 4.28.1.1163
- metric collection url: https://client-log.box.com/index.php?rm=box_gen204_json_record
- metric data path: C:\Users\pcedillo\AppData\Local\Box\Box Tools\Metrics\BoxTools_Metrics_EFD61745.db
- post callback: 05E027FE
- log callback: 05E02826
- context: 00000000
- post interval in seconds: 600
- max records in a post: 100
- max db records: 500
- disable sender: true
[2025-03-31 10:40:42,061] [21   ] [INFO ] [] - Shutting down the metrics collector
[2025-03-31 10:50:42,047] [21   ] [INFO ] [] - Initializing the metrics collector
[2025-03-31 10:50:42,061] [21   ] [INFO ] [] - MetricsCollector::Sender(49): _disableSentMetrics 1
[2025-03-31 10:50:42,061] [21   ] [INFO ] [] - MetricsCollector::Initialize(231): Initialized metrics collector
- session id: 9d89a9bb-67ab-4b91-a090-8bcfd5932064
- device id: 4ca35884-a93a-48fc-ad16-80b2a90aa32e
- application id: Box Tools Win exe
- application name: BoxTools
- application version: 4.28.1.1163
- metric collection url: https://client-log.box.com/index.php?rm=box_gen204_json_record
- metric data path: C:\Users\pcedillo\AppData\Local\Box\Box Tools\Metrics\BoxTools_Metrics_EFD61745.db
- post callback: 05E027FE
- log callback: 05E02826
- context: 00000000
- post interval in seconds: 600
- max records in a post: 100
- max db records: 500
- disable sender: true
[2025-03-31 10:50:42,074] [21   ] [INFO ] [] - Shutting down the metrics collector
[2025-03-31 11:00:42,054] [21   ] [INFO ] [] - Initializing the metrics collector
[2025-03-31 11:00:42,067] [21   ] [INFO ] [] - MetricsCollector::Sender(49): _disableSentMetrics 1
[2025-03-31 11:00:42,067] [21   ] [INFO ] [] - MetricsCollector::Initialize(231): Initialized metrics collector
- session id: 9d89a9bb-67ab-4b91-a090-8bcfd5932064
- device id: 4ca35884-a93a-48fc-ad16-80b2a90aa32e
- application id: Box Tools Win exe
- application name: BoxTools
- application version: 4.28.1.1163
- metric collection url: https://client-log.box.com/index.php?rm=box_gen204_json_record
- metric data path: C:\Users\pcedillo\AppData\Local\Box\Box Tools\Metrics\BoxTools_Metrics_EFD61745.db
- post callback: 05E027FE
- log callback: 05E02826
- context: 00000000
- post interval in seconds: 600
- max records in a post: 100
- max db records: 500
- disable sender: true
[2025-03-31 11:00:42,080] [21   ] [INFO ] [] - Shutting down the metrics collector
[2025-03-31 11:10:41,995] [21   ] [INFO ] [] - Initializing the metrics collector
[2025-03-31 11:10:42,002] [21   ] [INFO ] [] - MetricsCollector::Sender(49): _disableSentMetrics 1
[2025-03-31 11:10:42,003] [21   ] [INFO ] [] - MetricsCollector::Initialize(231): Initialized metrics collector
- session id: 9d89a9bb-67ab-4b91-a090-8bcfd5932064
- device id: 4ca35884-a93a-48fc-ad16-80b2a90aa32e
- application id: Box Tools Win exe
- application name: BoxTools
- application version: 4.28.1.1163
- metric collection url: https://client-log.box.com/index.php?rm=box_gen204_json_record
- metric data path: C:\Users\pcedillo\AppData\Local\Box\Box Tools\Metrics\BoxTools_Metrics_EFD61745.db
- post callback: 05E027FE
- log callback: 05E02826
- context: 00000000
- post interval in seconds: 600
- max records in a post: 100
- max db records: 500
- disable sender: true
[2025-03-31 11:10:42,010] [21   ] [INFO ] [] - Shutting down the metrics collector
[2025-03-31 11:20:41,994] [12   ] [INFO ] [] - Initializing the metrics collector
[2025-03-31 11:20:42,003] [12   ] [INFO ] [] - MetricsCollector::Sender(49): _disableSentMetrics 1
[2025-03-31 11:20:42,004] [12   ] [INFO ] [] - MetricsCollector::Initialize(231): Initialized metrics collector
- session id: 9d89a9bb-67ab-4b91-a090-8bcfd5932064
- device id: 4ca35884-a93a-48fc-ad16-80b2a90aa32e
- application id: Box Tools Win exe
- application name: BoxTools
- application version: 4.28.1.1163
- metric collection url: https://client-log.box.com/index.php?rm=box_gen204_json_record
- metric data path: C:\Users\pcedillo\AppData\Local\Box\Box Tools\Metrics\BoxTools_Metrics_EFD61745.db
- post callback: 05E027FE
- log callback: 05E02826
- context: 00000000
- post interval in seconds: 600
- max records in a post: 100
- max db records: 500
- disable sender: true
[2025-03-31 11:20:42,015] [12   ] [INFO ] [] - Shutting down the metrics collector
[2025-03-31 11:30:41,991] [16   ] [INFO ] [] - Initializing the metrics collector
[2025-03-31 11:30:42,002] [16   ] [INFO ] [] - MetricsCollector::Sender(49): _disableSentMetrics 1
[2025-03-31 11:30:42,003] [16   ] [INFO ] [] - MetricsCollector::Initialize(231): Initialized metrics collector
- session id: 9d89a9bb-67ab-4b91-a090-8bcfd5932064
- device id: 4ca35884-a93a-48fc-ad16-80b2a90aa32e
- application id: Box Tools Win exe
- application name: BoxTools
- application version: 4.28.1.1163
- metric collection url: https://client-log.box.com/index.php?rm=box_gen204_json_record
- metric data path: C:\Users\pcedillo\AppData\Local\Box\Box Tools\Metrics\BoxTools_Metrics_EFD61745.db
- post callback: 05E027FE
- log callback: 05E02826
- context: 00000000
- post interval in seconds: 600
- max records in a post: 100
- max db records: 500
- disable sender: true
[2025-03-31 11:30:42,018] [16   ] [INFO ] [] - Shutting down the metrics collector
[2025-03-31 11:40:42,002] [17   ] [INFO ] [] - Initializing the metrics collector
[2025-03-31 11:40:42,010] [17   ] [INFO ] [] - MetricsCollector::Sender(49): _disableSentMetrics 1
[2025-03-31 11:40:42,011] [17   ] [INFO ] [] - MetricsCollector::Initialize(231): Initialized metrics collector
- session id: 9d89a9bb-67ab-4b91-a090-8bcfd5932064
- device id: 4ca35884-a93a-48fc-ad16-80b2a90aa32e
- application id: Box Tools Win exe
- application name: BoxTools
- application version: 4.28.1.1163
- metric collection url: https://client-log.box.com/index.php?rm=box_gen204_json_record
- metric data path: C:\Users\pcedillo\AppData\Local\Box\Box Tools\Metrics\BoxTools_Metrics_EFD61745.db
- post callback: 05E027FE
- log callback: 05E02826
- context: 00000000
- post interval in seconds: 600
- max records in a post: 100
- max db records: 500
- disable sender: true
[2025-03-31 11:40:42,023] [17   ] [INFO ] [] - Shutting down the metrics collector
[2025-03-31 11:50:41,972] [18   ] [INFO ] [] - Initializing the metrics collector
[2025-03-31 11:50:41,994] [18   ] [INFO ] [] - MetricsCollector::Sender(49): _disableSentMetrics 1
[2025-03-31 11:50:41,995] [18   ] [INFO ] [] - MetricsCollector::Initialize(231): Initialized metrics collector
- session id: 9d89a9bb-67ab-4b91-a090-8bcfd5932064
- device id: 4ca35884-a93a-48fc-ad16-80b2a90aa32e
- application id: Box Tools Win exe
- application name: BoxTools
- application version: 4.28.1.1163
- metric collection url: https://client-log.box.com/index.php?rm=box_gen204_json_record
- metric data path: C:\Users\pcedillo\AppData\Local\Box\Box Tools\Metrics\BoxTools_Metrics_EFD61745.db
- post callback: 05E027FE
- log callback: 05E02826
- context: 00000000
- post interval in seconds: 600
- max records in a post: 100
- max db records: 500
- disable sender: true
[2025-03-31 11:50:42,023] [18   ] [INFO ] [] - Shutting down the metrics collector
[2025-03-31 12:00:41,956] [15   ] [INFO ] [] - Initializing the metrics collector
[2025-03-31 12:00:41,968] [15   ] [INFO ] [] - MetricsCollector::Sender(49): _disableSentMetrics 1
[2025-03-31 12:00:41,968] [15   ] [INFO ] [] - MetricsCollector::Initialize(231): Initialized metrics collector
- session id: 9d89a9bb-67ab-4b91-a090-8bcfd5932064
- device id: 4ca35884-a93a-48fc-ad16-80b2a90aa32e
- application id: Box Tools Win exe
- application name: BoxTools
- application version: 4.28.1.1163
- metric collection url: https://client-log.box.com/index.php?rm=box_gen204_json_record
- metric data path: C:\Users\pcedillo\AppData\Local\Box\Box Tools\Metrics\BoxTools_Metrics_EFD61745.db
- post callback: 05E027FE
- log callback: 05E02826
- context: 00000000
- post interval in seconds: 600
- max records in a post: 100
- max db records: 500
- disable sender: true
[2025-03-31 12:00:41,977] [15   ] [INFO ] [] - Shutting down the metrics collector
[2025-03-31 12:10:41,966] [13   ] [INFO ] [] - Initializing the metrics collector
[2025-03-31 12:10:41,974] [13   ] [INFO ] [] - MetricsCollector::Sender(49): _disableSentMetrics 1
[2025-03-31 12:10:41,975] [13   ] [INFO ] [] - MetricsCollector::Initialize(231): Initialized metrics collector
- session id: 9d89a9bb-67ab-4b91-a090-8bcfd5932064
- device id: 4ca35884-a93a-48fc-ad16-80b2a90aa32e
- application id: Box Tools Win exe
- application name: BoxTools
- application version: 4.28.1.1163
- metric collection url: https://client-log.box.com/index.php?rm=box_gen204_json_record
- metric data path: C:\Users\pcedillo\AppData\Local\Box\Box Tools\Metrics\BoxTools_Metrics_EFD61745.db
- post callback: 05E027FE
- log callback: 05E02826
- context: 00000000
- post interval in seconds: 600
- max records in a post: 100
- max db records: 500
- disable sender: true
[2025-03-31 12:10:41,984] [13   ] [INFO ] [] - Shutting down the metrics collector
[2025-03-31 12:20:41,973] [10   ] [INFO ] [] - Initializing the metrics collector
[2025-03-31 12:20:41,986] [10   ] [INFO ] [] - MetricsCollector::Sender(49): _disableSentMetrics 1
[2025-03-31 12:20:41,986] [10   ] [INFO ] [] - MetricsCollector::Initialize(231): Initialized metrics collector
- session id: 9d89a9bb-67ab-4b91-a090-8bcfd5932064
- device id: 4ca35884-a93a-48fc-ad16-80b2a90aa32e
- application id: Box Tools Win exe
- application name: BoxTools
- application version: 4.28.1.1163
- metric collection url: https://client-log.box.com/index.php?rm=box_gen204_json_record
- metric data path: C:\Users\pcedillo\AppData\Local\Box\Box Tools\Metrics\BoxTools_Metrics_EFD61745.db
- post callback: 05E027FE
- log callback: 05E02826
- context: 00000000
- post interval in seconds: 600
- max records in a post: 100
- max db records: 500
- disable sender: true
[2025-03-31 12:20:42,000] [10   ] [INFO ] [] - Shutting down the metrics collector
[2025-03-31 12:30:41,968] [6    ] [INFO ] [] - Initializing the metrics collector
[2025-03-31 12:30:41,979] [6    ] [INFO ] [] - MetricsCollector::Sender(49): _disableSentMetrics 1
[2025-03-31 12:30:41,979] [6    ] [INFO ] [] - MetricsCollector::Initialize(231): Initialized metrics collector
- session id: 9d89a9bb-67ab-4b91-a090-8bcfd5932064
- device id: 4ca35884-a93a-48fc-ad16-80b2a90aa32e
- application id: Box Tools Win exe
- application name: BoxTools
- application version: 4.28.1.1163
- metric collection url: https://client-log.box.com/index.php?rm=box_gen204_json_record
- metric data path: C:\Users\pcedillo\AppData\Local\Box\Box Tools\Metrics\BoxTools_Metrics_EFD61745.db
- post callback: 05E027FE
- log callback: 05E02826
- context: 00000000
- post interval in seconds: 600
- max records in a post: 100
- max db records: 500
- disable sender: true
[2025-03-31 12:30:41,990] [6    ] [INFO ] [] - Shutting down the metrics collector
[2025-03-31 12:40:41,979] [22   ] [INFO ] [] - Initializing the metrics collector
[2025-03-31 12:40:41,990] [22   ] [INFO ] [] - MetricsCollector::Sender(49): _disableSentMetrics 1
[2025-03-31 12:40:41,991] [22   ] [INFO ] [] - MetricsCollector::Initialize(231): Initialized metrics collector
- session id: 9d89a9bb-67ab-4b91-a090-8bcfd5932064
- device id: 4ca35884-a93a-48fc-ad16-80b2a90aa32e
- application id: Box Tools Win exe
- application name: BoxTools
- application version: 4.28.1.1163
- metric collection url: https://client-log.box.com/index.php?rm=box_gen204_json_record
- metric data path: C:\Users\pcedillo\AppData\Local\Box\Box Tools\Metrics\BoxTools_Metrics_EFD61745.db
- post callback: 05E027FE
- log callback: 05E02826
- context: 00000000
- post interval in seconds: 600
- max records in a post: 100
- max db records: 500
- disable sender: true
[2025-03-31 12:40:42,002] [22   ] [INFO ] [] - Shutting down the metrics collector
[2025-03-31 12:50:41,941] [26   ] [INFO ] [] - Initializing the metrics collector
[2025-03-31 12:50:41,953] [26   ] [INFO ] [] - MetricsCollector::Sender(49): _disableSentMetrics 1
[2025-03-31 12:50:41,954] [26   ] [INFO ] [] - MetricsCollector::Initialize(231): Initialized metrics collector
- session id: 9d89a9bb-67ab-4b91-a090-8bcfd5932064
- device id: 4ca35884-a93a-48fc-ad16-80b2a90aa32e
- application id: Box Tools Win exe
- application name: BoxTools
- application version: 4.28.1.1163
- metric collection url: https://client-log.box.com/index.php?rm=box_gen204_json_record
- metric data path: C:\Users\pcedillo\AppData\Local\Box\Box Tools\Metrics\BoxTools_Metrics_EFD61745.db
- post callback: 05E027FE
- log callback: 05E02826
- context: 00000000
- post interval in seconds: 600
- max records in a post: 100
- max db records: 500
- disable sender: true
[2025-03-31 12:50:41,963] [26   ] [INFO ] [] - Shutting down the metrics collector
[2025-03-31 13:00:41,885] [28   ] [INFO ] [] - Initializing the metrics collector
[2025-03-31 13:00:41,897] [28   ] [INFO ] [] - MetricsCollector::Sender(49): _disableSentMetrics 1
[2025-03-31 13:00:41,898] [28   ] [INFO ] [] - MetricsCollector::Initialize(231): Initialized metrics collector
- session id: 9d89a9bb-67ab-4b91-a090-8bcfd5932064
- device id: 4ca35884-a93a-48fc-ad16-80b2a90aa32e
- application id: Box Tools Win exe
- application name: BoxTools
- application version: 4.28.1.1163
- metric collection url: https://client-log.box.com/index.php?rm=box_gen204_json_record
- metric data path: C:\Users\pcedillo\AppData\Local\Box\Box Tools\Metrics\BoxTools_Metrics_EFD61745.db
- post callback: 05E027FE
- log callback: 05E02826
- context: 00000000
- post interval in seconds: 600
- max records in a post: 100
- max db records: 500
- disable sender: true
[2025-03-31 13:00:41,906] [28   ] [INFO ] [] - Shutting down the metrics collector
[2025-03-31 13:10:41,848] [29   ] [INFO ] [] - Initializing the metrics collector
[2025-03-31 13:10:41,881] [29   ] [INFO ] [] - MetricsCollector::Sender(49): _disableSentMetrics 1
[2025-03-31 13:10:41,883] [29   ] [INFO ] [] - MetricsCollector::Initialize(231): Initialized metrics collector
- session id: 9d89a9bb-67ab-4b91-a090-8bcfd5932064
- device id: 4ca35884-a93a-48fc-ad16-80b2a90aa32e
- application id: Box Tools Win exe
- application name: BoxTools
- application version: 4.28.1.1163
- metric collection url: https://client-log.box.com/index.php?rm=box_gen204_json_record
- metric data path: C:\Users\pcedillo\AppData\Local\Box\Box Tools\Metrics\BoxTools_Metrics_EFD61745.db
- post callback: 05E027FE
- log callback: 05E02826
- context: 00000000
- post interval in seconds: 600
- max records in a post: 100
- max db records: 500
- disable sender: true
[2025-03-31 13:10:41,923] [29   ] [INFO ] [] - Shutting down the metrics collector
[2025-03-31 13:20:41,860] [31   ] [INFO ] [] - Initializing the metrics collector
[2025-03-31 13:20:41,874] [31   ] [INFO ] [] - MetricsCollector::Sender(49): _disableSentMetrics 1
[2025-03-31 13:20:41,874] [31   ] [INFO ] [] - MetricsCollector::Initialize(231): Initialized metrics collector
- session id: 9d89a9bb-67ab-4b91-a090-8bcfd5932064
- device id: 4ca35884-a93a-48fc-ad16-80b2a90aa32e
- application id: Box Tools Win exe
- application name: BoxTools
- application version: 4.28.1.1163
- metric collection url: https://client-log.box.com/index.php?rm=box_gen204_json_record
- metric data path: C:\Users\pcedillo\AppData\Local\Box\Box Tools\Metrics\BoxTools_Metrics_EFD61745.db
- post callback: 05E027FE
- log callback: 05E02826
- context: 00000000
- post interval in seconds: 600
- max records in a post: 100
- max db records: 500
- disable sender: true
[2025-03-31 13:20:41,886] [31   ] [INFO ] [] - Shutting down the metrics collector
[2025-03-31 13:30:41,864] [34   ] [INFO ] [] - Initializing the metrics collector
[2025-03-31 13:30:41,871] [34   ] [INFO ] [] - MetricsCollector::Sender(49): _disableSentMetrics 1
[2025-03-31 13:30:41,872] [34   ] [INFO ] [] - MetricsCollector::Initialize(231): Initialized metrics collector
- session id: 9d89a9bb-67ab-4b91-a090-8bcfd5932064
- device id: 4ca35884-a93a-48fc-ad16-80b2a90aa32e
- application id: Box Tools Win exe
- application name: BoxTools
- application version: 4.28.1.1163
- metric collection url: https://client-log.box.com/index.php?rm=box_gen204_json_record
- metric data path: C:\Users\pcedillo\AppData\Local\Box\Box Tools\Metrics\BoxTools_Metrics_EFD61745.db
- post callback: 05E027FE
- log callback: 05E02826
- context: 00000000
- post interval in seconds: 600
- max records in a post: 100
- max db records: 500
- disable sender: true
[2025-03-31 13:30:41,882] [34   ] [INFO ] [] - Shutting down the metrics collector
[2025-03-31 13:40:41,871] [34   ] [INFO ] [] - Initializing the metrics collector
[2025-03-31 13:40:41,885] [34   ] [INFO ] [] - MetricsCollector::Sender(49): _disableSentMetrics 1
[2025-03-31 13:40:41,886] [34   ] [INFO ] [] - MetricsCollector::Initialize(231): Initialized metrics collector
- session id: 9d89a9bb-67ab-4b91-a090-8bcfd5932064
- device id: 4ca35884-a93a-48fc-ad16-80b2a90aa32e
- application id: Box Tools Win exe
- application name: BoxTools
- application version: 4.28.1.1163
- metric collection url: https://client-log.box.com/index.php?rm=box_gen204_json_record
- metric data path: C:\Users\pcedillo\AppData\Local\Box\Box Tools\Metrics\BoxTools_Metrics_EFD61745.db
- post callback: 05E027FE
- log callback: 05E02826
- context: 00000000
- post interval in seconds: 600
- max records in a post: 100
- max db records: 500
- disable sender: true
[2025-03-31 13:40:41,904] [34   ] [INFO ] [] - Shutting down the metrics collector
[2025-03-31 13:50:41,884] [36   ] [INFO ] [] - Initializing the metrics collector
[2025-03-31 13:50:41,894] [36   ] [INFO ] [] - MetricsCollector::Sender(49): _disableSentMetrics 1
[2025-03-31 13:50:41,895] [36   ] [INFO ] [] - MetricsCollector::Initialize(231): Initialized metrics collector
- session id: 9d89a9bb-67ab-4b91-a090-8bcfd5932064
- device id: 4ca35884-a93a-48fc-ad16-80b2a90aa32e
- application id: Box Tools Win exe
- application name: BoxTools
- application version: 4.28.1.1163
- metric collection url: https://client-log.box.com/index.php?rm=box_gen204_json_record
- metric data path: C:\Users\pcedillo\AppData\Local\Box\Box Tools\Metrics\BoxTools_Metrics_EFD61745.db
- post callback: 05E027FE
- log callback: 05E02826
- context: 00000000
- post interval in seconds: 600
- max records in a post: 100
- max db records: 500
- disable sender: true
[2025-03-31 13:50:41,901] [36   ] [INFO ] [] - Shutting down the metrics collector
[2025-03-31 14:00:41,835] [34   ] [INFO ] [] - Initializing the metrics collector
[2025-03-31 14:00:41,846] [34   ] [INFO ] [] - MetricsCollector::Sender(49): _disableSentMetrics 1
[2025-03-31 14:00:41,848] [34   ] [INFO ] [] - MetricsCollector::Initialize(231): Initialized metrics collector
- session id: 9d89a9bb-67ab-4b91-a090-8bcfd5932064
- device id: 4ca35884-a93a-48fc-ad16-80b2a90aa32e
- application id: Box Tools Win exe
- application name: BoxTools
- application version: 4.28.1.1163
- metric collection url: https://client-log.box.com/index.php?rm=box_gen204_json_record
- metric data path: C:\Users\pcedillo\AppData\Local\Box\Box Tools\Metrics\BoxTools_Metrics_EFD61745.db
- post callback: 05E027FE
- log callback: 05E02826
- context: 00000000
- post interval in seconds: 600
- max records in a post: 100
- max db records: 500
- disable sender: true
[2025-03-31 14:00:41,856] [34   ] [INFO ] [] - Shutting down the metrics collector
[2025-03-31 14:10:41,802] [32   ] [INFO ] [] - Initializing the metrics collector
[2025-03-31 14:10:41,814] [32   ] [INFO ] [] - MetricsCollector::Sender(49): _disableSentMetrics 1
[2025-03-31 14:10:41,814] [32   ] [INFO ] [] - MetricsCollector::Initialize(231): Initialized metrics collector
- session id: 9d89a9bb-67ab-4b91-a090-8bcfd5932064
- device id: 4ca35884-a93a-48fc-ad16-80b2a90aa32e
- application id: Box Tools Win exe
- application name: BoxTools
- application version: 4.28.1.1163
- metric collection url: https://client-log.box.com/index.php?rm=box_gen204_json_record
- metric data path: C:\Users\pcedillo\AppData\Local\Box\Box Tools\Metrics\BoxTools_Metrics_EFD61745.db
- post callback: 05E027FE
- log callback: 05E02826
- context: 00000000
- post interval in seconds: 600
- max records in a post: 100
- max db records: 500
- disable sender: true
[2025-03-31 14:10:41,825] [32   ] [INFO ] [] - Shutting down the metrics collector
[2025-03-31 14:20:41,782] [29   ] [INFO ] [] - Initializing the metrics collector
[2025-03-31 14:20:41,794] [29   ] [INFO ] [] - MetricsCollector::Sender(49): _disableSentMetrics 1
[2025-03-31 14:20:41,795] [29   ] [INFO ] [] - MetricsCollector::Initialize(231): Initialized metrics collector
- session id: 9d89a9bb-67ab-4b91-a090-8bcfd5932064
- device id: 4ca35884-a93a-48fc-ad16-80b2a90aa32e
- application id: Box Tools Win exe
- application name: BoxTools
- application version: 4.28.1.1163
- metric collection url: https://client-log.box.com/index.php?rm=box_gen204_json_record
- metric data path: C:\Users\pcedillo\AppData\Local\Box\Box Tools\Metrics\BoxTools_Metrics_EFD61745.db
- post callback: 05E027FE
- log callback: 05E02826
- context: 00000000
- post interval in seconds: 600
- max records in a post: 100
- max db records: 500
- disable sender: true
[2025-03-31 14:20:41,806] [29   ] [INFO ] [] - Shutting down the metrics collector
[2025-03-31 14:30:41,789] [29   ] [INFO ] [] - Initializing the metrics collector
[2025-03-31 14:30:41,803] [29   ] [INFO ] [] - MetricsCollector::Sender(49): _disableSentMetrics 1
[2025-03-31 14:30:41,803] [29   ] [INFO ] [] - MetricsCollector::Initialize(231): Initialized metrics collector
- session id: 9d89a9bb-67ab-4b91-a090-8bcfd5932064
- device id: 4ca35884-a93a-48fc-ad16-80b2a90aa32e
- application id: Box Tools Win exe
- application name: BoxTools
- application version: 4.28.1.1163
- metric collection url: https://client-log.box.com/index.php?rm=box_gen204_json_record
- metric data path: C:\Users\pcedillo\AppData\Local\Box\Box Tools\Metrics\BoxTools_Metrics_EFD61745.db
- post callback: 05E027FE
- log callback: 05E02826
- context: 00000000
- post interval in seconds: 600
- max records in a post: 100
- max db records: 500
- disable sender: true
[2025-03-31 14:30:41,817] [29   ] [INFO ] [] - Shutting down the metrics collector
[2025-03-31 14:40:41,784] [27   ] [INFO ] [] - Initializing the metrics collector
[2025-03-31 14:40:41,811] [27   ] [INFO ] [] - MetricsCollector::Sender(49): _disableSentMetrics 1
[2025-03-31 14:40:41,813] [27   ] [INFO ] [] - MetricsCollector::Initialize(231): Initialized metrics collector
- session id: 9d89a9bb-67ab-4b91-a090-8bcfd5932064
- device id: 4ca35884-a93a-48fc-ad16-80b2a90aa32e
- application id: Box Tools Win exe
- application name: BoxTools
- application version: 4.28.1.1163
- metric collection url: https://client-log.box.com/index.php?rm=box_gen204_json_record
- metric data path: C:\Users\pcedillo\AppData\Local\Box\Box Tools\Metrics\BoxTools_Metrics_EFD61745.db
- post callback: 05E027FE
- log callback: 05E02826
- context: 00000000
- post interval in seconds: 600
- max records in a post: 100
- max db records: 500
- disable sender: true
[2025-03-31 14:40:41,847] [27   ] [INFO ] [] - Shutting down the metrics collector
[2025-03-31 14:50:41,804] [25   ] [INFO ] [] - Initializing the metrics collector
[2025-03-31 14:50:41,816] [25   ] [INFO ] [] - MetricsCollector::Sender(49): _disableSentMetrics 1
[2025-03-31 14:50:41,817] [25   ] [INFO ] [] - MetricsCollector::Initialize(231): Initialized metrics collector
- session id: 9d89a9bb-67ab-4b91-a090-8bcfd5932064
- device id: 4ca35884-a93a-48fc-ad16-80b2a90aa32e
- application id: Box Tools Win exe
- application name: BoxTools
- application version: 4.28.1.1163
- metric collection url: https://client-log.box.com/index.php?rm=box_gen204_json_record
- metric data path: C:\Users\pcedillo\AppData\Local\Box\Box Tools\Metrics\BoxTools_Metrics_EFD61745.db
- post callback: 05E027FE
- log callback: 05E02826
- context: 00000000
- post interval in seconds: 600
- max records in a post: 100
- max db records: 500
- disable sender: true
[2025-03-31 14:50:41,828] [25   ] [INFO ] [] - Shutting down the metrics collector
[2025-03-31 15:00:41,800] [23   ] [INFO ] [] - Initializing the metrics collector
[2025-03-31 15:00:41,814] [23   ] [INFO ] [] - MetricsCollector::Sender(49): _disableSentMetrics 1
[2025-03-31 15:00:41,815] [23   ] [INFO ] [] - MetricsCollector::Initialize(231): Initialized metrics collector
- session id: 9d89a9bb-67ab-4b91-a090-8bcfd5932064
- device id: 4ca35884-a93a-48fc-ad16-80b2a90aa32e
- application id: Box Tools Win exe
- application name: BoxTools
- application version: 4.28.1.1163
- metric collection url: https://client-log.box.com/index.php?rm=box_gen204_json_record
- metric data path: C:\Users\pcedillo\AppData\Local\Box\Box Tools\Metrics\BoxTools_Metrics_EFD61745.db
- post callback: 05E027FE
- log callback: 05E02826
- context: 00000000
- post interval in seconds: 600
- max records in a post: 100
- max db records: 500
- disable sender: true
[2025-03-31 15:00:41,831] [23   ] [INFO ] [] - Shutting down the metrics collector
[2025-03-31 15:10:41,736] [6    ] [INFO ] [] - Initializing the metrics collector
[2025-03-31 15:10:41,745] [6    ] [INFO ] [] - MetricsCollector::Sender(49): _disableSentMetrics 1
[2025-03-31 15:10:41,745] [6    ] [INFO ] [] - MetricsCollector::Initialize(231): Initialized metrics collector
- session id: 9d89a9bb-67ab-4b91-a090-8bcfd5932064
- device id: 4ca35884-a93a-48fc-ad16-80b2a90aa32e
- application id: Box Tools Win exe
- application name: BoxTools
- application version: 4.28.1.1163
- metric collection url: https://client-log.box.com/index.php?rm=box_gen204_json_record
- metric data path: C:\Users\pcedillo\AppData\Local\Box\Box Tools\Metrics\BoxTools_Metrics_EFD61745.db
- post callback: 05E027FE
- log callback: 05E02826
- context: 00000000
- post interval in seconds: 600
- max records in a post: 100
- max db records: 500
- disable sender: true
[2025-03-31 15:10:41,753] [6    ] [INFO ] [] - Shutting down the metrics collector
[2025-03-31 15:20:41,703] [5    ] [INFO ] [] - Initializing the metrics collector
[2025-03-31 15:20:41,717] [5    ] [INFO ] [] - MetricsCollector::Sender(49): _disableSentMetrics 1
[2025-03-31 15:20:41,719] [5    ] [INFO ] [] - MetricsCollector::Initialize(231): Initialized metrics collector
- session id: 9d89a9bb-67ab-4b91-a090-8bcfd5932064
- device id: 4ca35884-a93a-48fc-ad16-80b2a90aa32e
- application id: Box Tools Win exe
- application name: BoxTools
- application version: 4.28.1.1163
- metric collection url: https://client-log.box.com/index.php?rm=box_gen204_json_record
- metric data path: C:\Users\pcedillo\AppData\Local\Box\Box Tools\Metrics\BoxTools_Metrics_EFD61745.db
- post callback: 05E027FE
- log callback: 05E02826
- context: 00000000
- post interval in seconds: 600
- max records in a post: 100
- max db records: 500
- disable sender: true
[2025-03-31 15:20:41,726] [5    ] [INFO ] [] - Shutting down the metrics collector
[2025-03-31 15:30:41,672] [5    ] [INFO ] [] - Initializing the metrics collector
[2025-03-31 15:30:41,681] [5    ] [INFO ] [] - MetricsCollector::Sender(49): _disableSentMetrics 1
[2025-03-31 15:30:41,682] [5    ] [INFO ] [] - MetricsCollector::Initialize(231): Initialized metrics collector
- session id: 9d89a9bb-67ab-4b91-a090-8bcfd5932064
- device id: 4ca35884-a93a-48fc-ad16-80b2a90aa32e
- application id: Box Tools Win exe
- application name: BoxTools
- application version: 4.28.1.1163
- metric collection url: https://client-log.box.com/index.php?rm=box_gen204_json_record
- metric data path: C:\Users\pcedillo\AppData\Local\Box\Box Tools\Metrics\BoxTools_Metrics_EFD61745.db
- post callback: 05E027FE
- log callback: 05E02826
- context: 00000000
- post interval in seconds: 600
- max records in a post: 100
- max db records: 500
- disable sender: true
[2025-03-31 15:30:41,694] [5    ] [INFO ] [] - Shutting down the metrics collector
[2025-03-31 15:40:41,673] [5    ] [INFO ] [] - Initializing the metrics collector
[2025-03-31 15:40:41,687] [5    ] [INFO ] [] - MetricsCollector::Sender(49): _disableSentMetrics 1
[2025-03-31 15:40:41,688] [5    ] [INFO ] [] - MetricsCollector::Initialize(231): Initialized metrics collector
- session id: 9d89a9bb-67ab-4b91-a090-8bcfd5932064
- device id: 4ca35884-a93a-48fc-ad16-80b2a90aa32e
- application id: Box Tools Win exe
- application name: BoxTools
- application version: 4.28.1.1163
- metric collection url: https://client-log.box.com/index.php?rm=box_gen204_json_record
- metric data path: C:\Users\pcedillo\AppData\Local\Box\Box Tools\Metrics\BoxTools_Metrics_EFD61745.db
- post callback: 05E027FE
- log callback: 05E02826
- context: 00000000
- post interval in seconds: 600
- max records in a post: 100
- max db records: 500
- disable sender: true
[2025-03-31 15:40:41,700] [5    ] [INFO ] [] - Shutting down the metrics collector
[2025-03-31 15:50:41,661] [33   ] [INFO ] [] - Initializing the metrics collector
[2025-03-31 15:50:41,676] [33   ] [INFO ] [] - MetricsCollector::Sender(49): _disableSentMetrics 1
[2025-03-31 15:50:41,676] [33   ] [INFO ] [] - MetricsCollector::Initialize(231): Initialized metrics collector
- session id: 9d89a9bb-67ab-4b91-a090-8bcfd5932064
- device id: 4ca35884-a93a-48fc-ad16-80b2a90aa32e
- application id: Box Tools Win exe
- application name: BoxTools
- application version: 4.28.1.1163
- metric collection url: https://client-log.box.com/index.php?rm=box_gen204_json_record
- metric data path: C:\Users\pcedillo\AppData\Local\Box\Box Tools\Metrics\BoxTools_Metrics_EFD61745.db
- post callback: 05E027FE
- log callback: 05E02826
- context: 00000000
- post interval in seconds: 600
- max records in a post: 100
- max db records: 500
- disable sender: true
[2025-03-31 15:50:41,683] [33   ] [INFO ] [] - Shutting down the metrics collector
[2025-03-31 16:00:41,667] [5    ] [INFO ] [] - Initializing the metrics collector
[2025-03-31 16:00:41,694] [5    ] [INFO ] [] - MetricsCollector::Sender(49): _disableSentMetrics 1
[2025-03-31 16:00:41,697] [5    ] [INFO ] [] - MetricsCollector::Initialize(231): Initialized metrics collector
- session id: 9d89a9bb-67ab-4b91-a090-8bcfd5932064
- device id: 4ca35884-a93a-48fc-ad16-80b2a90aa32e
- application id: Box Tools Win exe
- application name: BoxTools
- application version: 4.28.1.1163
- metric collection url: https://client-log.box.com/index.php?rm=box_gen204_json_record
- metric data path: C:\Users\pcedillo\AppData\Local\Box\Box Tools\Metrics\BoxTools_Metrics_EFD61745.db
- post callback: 05E027FE
- log callback: 05E02826
- context: 00000000
- post interval in seconds: 600
- max records in a post: 100
- max db records: 500
- disable sender: true
[2025-03-31 16:00:41,731] [5    ] [INFO ] [] - Shutting down the metrics collector
[2025-03-31 16:10:41,682] [5    ] [INFO ] [] - Initializing the metrics collector
[2025-03-31 16:10:41,707] [5    ] [INFO ] [] - MetricsCollector::Sender(49): _disableSentMetrics 1
[2025-03-31 16:10:41,709] [5    ] [INFO ] [] - MetricsCollector::Initialize(231): Initialized metrics collector
- session id: 9d89a9bb-67ab-4b91-a090-8bcfd5932064
- device id: 4ca35884-a93a-48fc-ad16-80b2a90aa32e
- application id: Box Tools Win exe
- application name: BoxTools
- application version: 4.28.1.1163
- metric collection url: https://client-log.box.com/index.php?rm=box_gen204_json_record
- metric data path: C:\Users\pcedillo\AppData\Local\Box\Box Tools\Metrics\BoxTools_Metrics_EFD61745.db
- post callback: 05E027FE
- log callback: 05E02826
- context: 00000000
- post interval in seconds: 600
- max records in a post: 100
- max db records: 500
- disable sender: true
[2025-03-31 16:10:41,735] [5    ] [INFO ] [] - Shutting down the metrics collector
[2025-03-31 16:17:53,471] [6    ] [INFO ] [] - Accepted Origin
[2025-03-31 16:17:53,474] [6    ] [INFO ] [] - Handling status request
[2025-03-31 16:20:41,648] [5    ] [INFO ] [] - Initializing the metrics collector
[2025-03-31 16:20:41,664] [5    ] [INFO ] [] - MetricsCollector::Sender(49): _disableSentMetrics 1
[2025-03-31 16:20:41,664] [5    ] [INFO ] [] - MetricsCollector::Initialize(231): Initialized metrics collector
- session id: 9d89a9bb-67ab-4b91-a090-8bcfd5932064
- device id: 4ca35884-a93a-48fc-ad16-80b2a90aa32e
- application id: Box Tools Win exe
- application name: BoxTools
- application version: 4.28.1.1163
- metric collection url: https://client-log.box.com/index.php?rm=box_gen204_json_record
- metric data path: C:\Users\pcedillo\AppData\Local\Box\Box Tools\Metrics\BoxTools_Metrics_EFD61745.db
- post callback: 05E027FE
- log callback: 05E02826
- context: 00000000
- post interval in seconds: 600
- max records in a post: 100
- max db records: 500
- disable sender: true
[2025-03-31 16:20:41,678] [5    ] [INFO ] [] - Shutting down the metrics collector
[2025-03-31 16:30:41,631] [5    ] [INFO ] [] - Initializing the metrics collector
[2025-03-31 16:30:41,645] [5    ] [INFO ] [] - MetricsCollector::Sender(49): _disableSentMetrics 1
[2025-03-31 16:30:41,645] [5    ] [INFO ] [] - MetricsCollector::Initialize(231): Initialized metrics collector
- session id: 9d89a9bb-67ab-4b91-a090-8bcfd5932064
- device id: 4ca35884-a93a-48fc-ad16-80b2a90aa32e
- application id: Box Tools Win exe
- application name: BoxTools
- application version: 4.28.1.1163
- metric collection url: https://client-log.box.com/index.php?rm=box_gen204_json_record
- metric data path: C:\Users\pcedillo\AppData\Local\Box\Box Tools\Metrics\BoxTools_Metrics_EFD61745.db
- post callback: 05E027FE
- log callback: 05E02826
- context: 00000000
- post interval in seconds: 600
- max records in a post: 100
- max db records: 500
- disable sender: true
[2025-03-31 16:30:41,658] [5    ] [INFO ] [] - Shutting down the metrics collector
[2025-03-31 16:40:41,620] [5    ] [INFO ] [] - Initializing the metrics collector
[2025-03-31 16:40:41,632] [5    ] [INFO ] [] - MetricsCollector::Sender(49): _disableSentMetrics 1
[2025-03-31 16:40:41,634] [5    ] [INFO ] [] - MetricsCollector::Initialize(231): Initialized metrics collector
- session id: 9d89a9bb-67ab-4b91-a090-8bcfd5932064
- device id: 4ca35884-a93a-48fc-ad16-80b2a90aa32e
- application id: Box Tools Win exe
- application name: BoxTools
- application version: 4.28.1.1163
- metric collection url: https://client-log.box.com/index.php?rm=box_gen204_json_record
- metric data path: C:\Users\pcedillo\AppData\Local\Box\Box Tools\Metrics\BoxTools_Metrics_EFD61745.db
- post callback: 05E027FE
- log callback: 05E02826
- context: 00000000
- post interval in seconds: 600
- max records in a post: 100
- max db records: 500
- disable sender: true
[2025-03-31 16:40:41,643] [5    ] [INFO ] [] - Shutting down the metrics collector
[2025-03-31 16:50:41,615] [5    ] [INFO ] [] - Initializing the metrics collector
[2025-03-31 16:50:41,630] [5    ] [INFO ] [] - MetricsCollector::Sender(49): _disableSentMetrics 1
[2025-03-31 16:50:41,630] [5    ] [INFO ] [] - MetricsCollector::Initialize(231): Initialized metrics collector
- session id: 9d89a9bb-67ab-4b91-a090-8bcfd5932064
- device id: 4ca35884-a93a-48fc-ad16-80b2a90aa32e
- application id: Box Tools Win exe
- application name: BoxTools
- application version: 4.28.1.1163
- metric collection url: https://client-log.box.com/index.php?rm=box_gen204_json_record
- metric data path: C:\Users\pcedillo\AppData\Local\Box\Box Tools\Metrics\BoxTools_Metrics_EFD61745.db
- post callback: 05E027FE
- log callback: 05E02826
- context: 00000000
- post interval in seconds: 600
- max records in a post: 100
- max db records: 500
- disable sender: true
[2025-03-31 16:50:41,643] [5    ] [INFO ] [] - Shutting down the metrics collector
[2025-03-31 17:00:41,621] [5    ] [INFO ] [] - Initializing the metrics collector
[2025-03-31 17:00:41,631] [5    ] [INFO ] [] - MetricsCollector::Sender(49): _disableSentMetrics 1
[2025-03-31 17:00:41,631] [5    ] [INFO ] [] - MetricsCollector::Initialize(231): Initialized metrics collector
- session id: 9d89a9bb-67ab-4b91-a090-8bcfd5932064
- device id: 4ca35884-a93a-48fc-ad16-80b2a90aa32e
- application id: Box Tools Win exe
- application name: BoxTools
- application version: 4.28.1.1163
- metric collection url: https://client-log.box.com/index.php?rm=box_gen204_json_record
- metric data path: C:\Users\pcedillo\AppData\Local\Box\Box Tools\Metrics\BoxTools_Metrics_EFD61745.db
- post callback: 05E027FE
- log callback: 05E02826
- context: 00000000
- post interval in seconds: 600
- max records in a post: 100
- max db records: 500
- disable sender: true
[2025-03-31 17:00:41,637] [5    ] [INFO ] [] - Shutting down the metrics collector
[2025-03-31 17:10:41,621] [5    ] [INFO ] [] - Initializing the metrics collector
[2025-03-31 17:10:41,633] [5    ] [INFO ] [] - MetricsCollector::Sender(49): _disableSentMetrics 1
[2025-03-31 17:10:41,635] [5    ] [INFO ] [] - MetricsCollector::Initialize(231): Initialized metrics collector
- session id: 9d89a9bb-67ab-4b91-a090-8bcfd5932064
- device id: 4ca35884-a93a-48fc-ad16-80b2a90aa32e
- application id: Box Tools Win exe
- application name: BoxTools
- application version: 4.28.1.1163
- metric collection url: https://client-log.box.com/index.php?rm=box_gen204_json_record
- metric data path: C:\Users\pcedillo\AppData\Local\Box\Box Tools\Metrics\BoxTools_Metrics_EFD61745.db
- post callback: 05E027FE
- log callback: 05E02826
- context: 00000000
- post interval in seconds: 600
- max records in a post: 100
- max db records: 500
- disable sender: true
[2025-03-31 17:10:41,645] [5    ] [INFO ] [] - Shutting down the metrics collector
[2025-03-31 17:20:41,608] [5    ] [INFO ] [] - Initializing the metrics collector
[2025-03-31 17:20:41,617] [5    ] [INFO ] [] - MetricsCollector::Sender(49): _disableSentMetrics 1
[2025-03-31 17:20:41,618] [5    ] [INFO ] [] - MetricsCollector::Initialize(231): Initialized metrics collector
- session id: 9d89a9bb-67ab-4b91-a090-8bcfd5932064
- device id: 4ca35884-a93a-48fc-ad16-80b2a90aa32e
- application id: Box Tools Win exe
- application name: BoxTools
- application version: 4.28.1.1163
- metric collection url: https://client-log.box.com/index.php?rm=box_gen204_json_record
- metric data path: C:\Users\pcedillo\AppData\Local\Box\Box Tools\Metrics\BoxTools_Metrics_EFD61745.db
- post callback: 05E027FE
- log callback: 05E02826
- context: 00000000
- post interval in seconds: 600
- max records in a post: 100
- max db records: 500
- disable sender: true
[2025-03-31 17:20:41,628] [5    ] [INFO ] [] - Shutting down the metrics collector
[2025-03-31 17:30:41,579] [19   ] [INFO ] [] - Initializing the metrics collector
[2025-03-31 17:30:41,604] [19   ] [INFO ] [] - MetricsCollector::Sender(49): _disableSentMetrics 1
[2025-03-31 17:30:41,606] [19   ] [INFO ] [] - MetricsCollector::Initialize(231): Initialized metrics collector
- session id: 9d89a9bb-67ab-4b91-a090-8bcfd5932064
- device id: 4ca35884-a93a-48fc-ad16-80b2a90aa32e
- application id: Box Tools Win exe
- application name: BoxTools
- application version: 4.28.1.1163
- metric collection url: https://client-log.box.com/index.php?rm=box_gen204_json_record
- metric data path: C:\Users\pcedillo\AppData\Local\Box\Box Tools\Metrics\BoxTools_Metrics_EFD61745.db
- post callback: 05E027FE
- log callback: 05E02826
- context: 00000000
- post interval in seconds: 600
- max records in a post: 100
- max db records: 500
- disable sender: true
[2025-03-31 17:30:41,636] [19   ] [INFO ] [] - Shutting down the metrics collector
[2025-03-31 17:40:41,560] [5    ] [INFO ] [] - Initializing the metrics collector
[2025-03-31 17:40:41,575] [5    ] [INFO ] [] - MetricsCollector::Sender(49): _disableSentMetrics 1
[2025-03-31 17:40:41,576] [5    ] [INFO ] [] - MetricsCollector::Initialize(231): Initialized metrics collector
- session id: 9d89a9bb-67ab-4b91-a090-8bcfd5932064
- device id: 4ca35884-a93a-48fc-ad16-80b2a90aa32e
- application id: Box Tools Win exe
- application name: BoxTools
- application version: 4.28.1.1163
- metric collection url: https://client-log.box.com/index.php?rm=box_gen204_json_record
- metric data path: C:\Users\pcedillo\AppData\Local\Box\Box Tools\Metrics\BoxTools_Metrics_EFD61745.db
- post callback: 05E027FE
- log callback: 05E02826
- context: 00000000
- post interval in seconds: 600
- max records in a post: 100
- max db records: 500
- disable sender: true
[2025-03-31 17:40:41,593] [5    ] [INFO ] [] - Shutting down the metrics collector
[2025-03-31 17:50:41,529] [5    ] [INFO ] [] - Initializing the metrics collector
[2025-03-31 17:50:41,544] [5    ] [INFO ] [] - MetricsCollector::Sender(49): _disableSentMetrics 1
[2025-03-31 17:50:41,544] [5    ] [INFO ] [] - MetricsCollector::Initialize(231): Initialized metrics collector
- session id: 9d89a9bb-67ab-4b91-a090-8bcfd5932064
- device id: 4ca35884-a93a-48fc-ad16-80b2a90aa32e
- application id: Box Tools Win exe
- application name: BoxTools
- application version: 4.28.1.1163
- metric collection url: https://client-log.box.com/index.php?rm=box_gen204_json_record
- metric data path: C:\Users\pcedillo\AppData\Local\Box\Box Tools\Metrics\BoxTools_Metrics_EFD61745.db
- post callback: 05E027FE
- log callback: 05E02826
- context: 00000000
- post interval in seconds: 600
- max records in a post: 100
- max db records: 500
- disable sender: true
[2025-03-31 17:50:41,557] [5    ] [INFO ] [] - Shutting down the metrics collector
[2025-03-31 18:00:41,512] [12   ] [INFO ] [] - Initializing the metrics collector
[2025-03-31 18:00:41,525] [12   ] [INFO ] [] - MetricsCollector::Sender(49): _disableSentMetrics 1
[2025-03-31 18:00:41,526] [12   ] [INFO ] [] - MetricsCollector::Initialize(231): Initialized metrics collector
- session id: 9d89a9bb-67ab-4b91-a090-8bcfd5932064
- device id: 4ca35884-a93a-48fc-ad16-80b2a90aa32e
- application id: Box Tools Win exe
- application name: BoxTools
- application version: 4.28.1.1163
- metric collection url: https://client-log.box.com/index.php?rm=box_gen204_json_record
- metric data path: C:\Users\pcedillo\AppData\Local\Box\Box Tools\Metrics\BoxTools_Metrics_EFD61745.db
- post callback: 05E027FE
- log callback: 05E02826
- context: 00000000
- post interval in seconds: 600
- max records in a post: 100
- max db records: 500
- disable sender: true
[2025-03-31 18:00:41,538] [12   ] [INFO ] [] - Shutting down the metrics collector
[2025-03-31 18:10:41,511] [37   ] [INFO ] [] - Initializing the metrics collector
[2025-03-31 18:10:41,522] [37   ] [INFO ] [] - MetricsCollector::Sender(49): _disableSentMetrics 1
[2025-03-31 18:10:41,522] [37   ] [INFO ] [] - MetricsCollector::Initialize(231): Initialized metrics collector
- session id: 9d89a9bb-67ab-4b91-a090-8bcfd5932064
- device id: 4ca35884-a93a-48fc-ad16-80b2a90aa32e
- application id: Box Tools Win exe
- application name: BoxTools
- application version: 4.28.1.1163
- metric collection url: https://client-log.box.com/index.php?rm=box_gen204_json_record
- metric data path: C:\Users\pcedillo\AppData\Local\Box\Box Tools\Metrics\BoxTools_Metrics_EFD61745.db
- post callback: 05E027FE
- log callback: 05E02826
- context: 00000000
- post interval in seconds: 600
- max records in a post: 100
- max db records: 500
- disable sender: true
[2025-03-31 18:10:41,530] [37   ] [INFO ] [] - Shutting down the metrics collector
[2025-03-31 18:20:41,499] [42   ] [INFO ] [] - Initializing the metrics collector
[2025-03-31 18:20:41,519] [42   ] [INFO ] [] - MetricsCollector::Sender(49): _disableSentMetrics 1
[2025-03-31 18:20:41,520] [42   ] [INFO ] [] - MetricsCollector::Initialize(231): Initialized metrics collector
- session id: 9d89a9bb-67ab-4b91-a090-8bcfd5932064
- device id: 4ca35884-a93a-48fc-ad16-80b2a90aa32e
- application id: Box Tools Win exe
- application name: BoxTools
- application version: 4.28.1.1163
- metric collection url: https://client-log.box.com/index.php?rm=box_gen204_json_record
- metric data path: C:\Users\pcedillo\AppData\Local\Box\Box Tools\Metrics\BoxTools_Metrics_EFD61745.db
- post callback: 05E027FE
- log callback: 05E02826
- context: 00000000
- post interval in seconds: 600
- max records in a post: 100
- max db records: 500
- disable sender: true
[2025-03-31 18:20:41,551] [42   ] [INFO ] [] - Shutting down the metrics collector
[2025-03-31 18:30:41,472] [44   ] [INFO ] [] - Initializing the metrics collector
[2025-03-31 18:30:41,485] [44   ] [INFO ] [] - MetricsCollector::Sender(49): _disableSentMetrics 1
[2025-03-31 18:30:41,485] [44   ] [INFO ] [] - MetricsCollector::Initialize(231): Initialized metrics collector
- session id: 9d89a9bb-67ab-4b91-a090-8bcfd5932064
- device id: 4ca35884-a93a-48fc-ad16-80b2a90aa32e
- application id: Box Tools Win exe
- application name: BoxTools
- application version: 4.28.1.1163
- metric collection url: https://client-log.box.com/index.php?rm=box_gen204_json_record
- metric data path: C:\Users\pcedillo\AppData\Local\Box\Box Tools\Metrics\BoxTools_Metrics_EFD61745.db
- post callback: 05E027FE
- log callback: 05E02826
- context: 00000000
- post interval in seconds: 600
- max records in a post: 100
- max db records: 500
- disable sender: true
[2025-03-31 18:30:41,491] [44   ] [INFO ] [] - Shutting down the metrics collector
[2025-03-31 18:40:41,438] [45   ] [INFO ] [] - Initializing the metrics collector
[2025-03-31 18:40:41,449] [45   ] [INFO ] [] - MetricsCollector::Sender(49): _disableSentMetrics 1
[2025-03-31 18:40:41,450] [45   ] [INFO ] [] - MetricsCollector::Initialize(231): Initialized metrics collector
- session id: 9d89a9bb-67ab-4b91-a090-8bcfd5932064
- device id: 4ca35884-a93a-48fc-ad16-80b2a90aa32e
- application id: Box Tools Win exe
- application name: BoxTools
- application version: 4.28.1.1163
- metric collection url: https://client-log.box.com/index.php?rm=box_gen204_json_record
- metric data path: C:\Users\pcedillo\AppData\Local\Box\Box Tools\Metrics\BoxTools_Metrics_EFD61745.db
- post callback: 05E027FE
- log callback: 05E02826
- context: 00000000
- post interval in seconds: 600
- max records in a post: 100
- max db records: 500
- disable sender: true
[2025-03-31 18:40:41,460] [45   ] [INFO ] [] - Shutting down the metrics collector
[2025-03-31 18:50:41,417] [46   ] [INFO ] [] - Initializing the metrics collector
[2025-03-31 18:50:41,431] [46   ] [INFO ] [] - MetricsCollector::Sender(49): _disableSentMetrics 1
[2025-03-31 18:50:41,432] [46   ] [INFO ] [] - MetricsCollector::Initialize(231): Initialized metrics collector
- session id: 9d89a9bb-67ab-4b91-a090-8bcfd5932064
- device id: 4ca35884-a93a-48fc-ad16-80b2a90aa32e
- application id: Box Tools Win exe
- application name: BoxTools
- application version: 4.28.1.1163
- metric collection url: https://client-log.box.com/index.php?rm=box_gen204_json_record
- metric data path: C:\Users\pcedillo\AppData\Local\Box\Box Tools\Metrics\BoxTools_Metrics_EFD61745.db
- post callback: 05E027FE
- log callback: 05E02826
- context: 00000000
- post interval in seconds: 600
- max records in a post: 100
- max db records: 500
- disable sender: true
[2025-03-31 18:50:41,448] [46   ] [INFO ] [] - Shutting down the metrics collector
[2025-03-31 19:00:41,395] [50   ] [INFO ] [] - Initializing the metrics collector
[2025-03-31 19:00:41,422] [50   ] [INFO ] [] - MetricsCollector::Sender(49): _disableSentMetrics 1
[2025-03-31 19:00:41,424] [50   ] [INFO ] [] - MetricsCollector::Initialize(231): Initialized metrics collector
- session id: 9d89a9bb-67ab-4b91-a090-8bcfd5932064
- device id: 4ca35884-a93a-48fc-ad16-80b2a90aa32e
- application id: Box Tools Win exe
- application name: BoxTools
- application version: 4.28.1.1163
- metric collection url: https://client-log.box.com/index.php?rm=box_gen204_json_record
- metric data path: C:\Users\pcedillo\AppData\Local\Box\Box Tools\Metrics\BoxTools_Metrics_EFD61745.db
- post callback: 05E027FE
- log callback: 05E02826
- context: 00000000
- post interval in seconds: 600
- max records in a post: 100
- max db records: 500
- disable sender: true
[2025-03-31 19:00:41,457] [50   ] [INFO ] [] - Shutting down the metrics collector
[2025-03-31 19:10:41,390] [54   ] [INFO ] [] - Initializing the metrics collector
[2025-03-31 19:10:41,401] [54   ] [INFO ] [] - MetricsCollector::Sender(49): _disableSentMetrics 1
[2025-03-31 19:10:41,402] [54   ] [INFO ] [] - MetricsCollector::Initialize(231): Initialized metrics collector
- session id: 9d89a9bb-67ab-4b91-a090-8bcfd5932064
- device id: 4ca35884-a93a-48fc-ad16-80b2a90aa32e
- application id: Box Tools Win exe
- application name: BoxTools
- application version: 4.28.1.1163
- metric collection url: https://client-log.box.com/index.php?rm=box_gen204_json_record
- metric data path: C:\Users\pcedillo\AppData\Local\Box\Box Tools\Metrics\BoxTools_Metrics_EFD61745.db
- post callback: 05E027FE
- log callback: 05E02826
- context: 00000000
- post interval in seconds: 600
- max records in a post: 100
- max db records: 500
- disable sender: true
[2025-03-31 19:10:41,412] [54   ] [INFO ] [] - Shutting down the metrics collector
[2025-03-31 19:20:41,389] [56   ] [INFO ] [] - Initializing the metrics collector
[2025-03-31 19:20:41,402] [56   ] [INFO ] [] - MetricsCollector::Sender(49): _disableSentMetrics 1
[2025-03-31 19:20:41,404] [56   ] [INFO ] [] - MetricsCollector::Initialize(231): Initialized metrics collector
- session id: 9d89a9bb-67ab-4b91-a090-8bcfd5932064
- device id: 4ca35884-a93a-48fc-ad16-80b2a90aa32e
- application id: Box Tools Win exe
- application name: BoxTools
- application version: 4.28.1.1163
- metric collection url: https://client-log.box.com/index.php?rm=box_gen204_json_record
- metric data path: C:\Users\pcedillo\AppData\Local\Box\Box Tools\Metrics\BoxTools_Metrics_EFD61745.db
- post callback: 05E027FE
- log callback: 05E02826
- context: 00000000
- post interval in seconds: 600
- max records in a post: 100
- max db records: 500
- disable sender: true
[2025-03-31 19:20:41,414] [56   ] [INFO ] [] - Shutting down the metrics collector
[2025-03-31 19:30:41,387] [59   ] [INFO ] [] - Initializing the metrics collector
[2025-03-31 19:30:41,402] [59   ] [INFO ] [] - MetricsCollector::Sender(49): _disableSentMetrics 1
[2025-03-31 19:30:41,403] [59   ] [INFO ] [] - MetricsCollector::Initialize(231): Initialized metrics collector
- session id: 9d89a9bb-67ab-4b91-a090-8bcfd5932064
- device id: 4ca35884-a93a-48fc-ad16-80b2a90aa32e
- application id: Box Tools Win exe
- application name: BoxTools
- application version: 4.28.1.1163
- metric collection url: https://client-log.box.com/index.php?rm=box_gen204_json_record
- metric data path: C:\Users\pcedillo\AppData\Local\Box\Box Tools\Metrics\BoxTools_Metrics_EFD61745.db
- post callback: 05E027FE
- log callback: 05E02826
- context: 00000000
- post interval in seconds: 600
- max records in a post: 100
- max db records: 500
- disable sender: true
[2025-03-31 19:30:41,414] [59   ] [INFO ] [] - Shutting down the metrics collector
[2025-03-31 19:40:41,359] [61   ] [INFO ] [] - Initializing the metrics collector
[2025-03-31 19:40:41,376] [61   ] [INFO ] [] - MetricsCollector::Sender(49): _disableSentMetrics 1
[2025-03-31 19:40:41,377] [61   ] [INFO ] [] - MetricsCollector::Initialize(231): Initialized metrics collector
- session id: 9d89a9bb-67ab-4b91-a090-8bcfd5932064
- device id: 4ca35884-a93a-48fc-ad16-80b2a90aa32e
- application id: Box Tools Win exe
- application name: BoxTools
- application version: 4.28.1.1163
- metric collection url: https://client-log.box.com/index.php?rm=box_gen204_json_record
- metric data path: C:\Users\pcedillo\AppData\Local\Box\Box Tools\Metrics\BoxTools_Metrics_EFD61745.db
- post callback: 05E027FE
- log callback: 05E02826
- context: 00000000
- post interval in seconds: 600
- max records in a post: 100
- max db records: 500
- disable sender: true
[2025-03-31 19:40:41,399] [61   ] [INFO ] [] - Shutting down the metrics collector
[2025-03-31 19:50:41,319] [62   ] [INFO ] [] - Initializing the metrics collector
[2025-03-31 19:50:41,333] [62   ] [INFO ] [] - MetricsCollector::Sender(49): _disableSentMetrics 1
[2025-03-31 19:50:41,334] [62   ] [INFO ] [] - MetricsCollector::Initialize(231): Initialized metrics collector
- session id: 9d89a9bb-67ab-4b91-a090-8bcfd5932064
- device id: 4ca35884-a93a-48fc-ad16-80b2a90aa32e
- application id: Box Tools Win exe
- application name: BoxTools
- application version: 4.28.1.1163
- metric collection url: https://client-log.box.com/index.php?rm=box_gen204_json_record
- metric data path: C:\Users\pcedillo\AppData\Local\Box\Box Tools\Metrics\BoxTools_Metrics_EFD61745.db
- post callback: 05E027FE
- log callback: 05E02826
- context: 00000000
- post interval in seconds: 600
- max records in a post: 100
- max db records: 500
- disable sender: true
[2025-03-31 19:50:41,347] [62   ] [INFO ] [] - Shutting down the metrics collector
[2025-03-31 20:00:41,300] [59   ] [INFO ] [] - Initializing the metrics collector
[2025-03-31 20:00:41,314] [59   ] [INFO ] [] - MetricsCollector::Sender(49): _disableSentMetrics 1
[2025-03-31 20:00:41,314] [59   ] [INFO ] [] - MetricsCollector::Initialize(231): Initialized metrics collector
- session id: 9d89a9bb-67ab-4b91-a090-8bcfd5932064
- device id: 4ca35884-a93a-48fc-ad16-80b2a90aa32e
- application id: Box Tools Win exe
- application name: BoxTools
- application version: 4.28.1.1163
- metric collection url: https://client-log.box.com/index.php?rm=box_gen204_json_record
- metric data path: C:\Users\pcedillo\AppData\Local\Box\Box Tools\Metrics\BoxTools_Metrics_EFD61745.db
- post callback: 05E027FE
- log callback: 05E02826
- context: 00000000
- post interval in seconds: 600
- max records in a post: 100
- max db records: 500
- disable sender: true
[2025-03-31 20:00:41,324] [59   ] [INFO ] [] - Shutting down the metrics collector
[2025-03-31 20:10:41,287] [56   ] [INFO ] [] - Initializing the metrics collector
[2025-03-31 20:10:41,296] [56   ] [INFO ] [] - MetricsCollector::Sender(49): _disableSentMetrics 1
[2025-03-31 20:10:41,296] [56   ] [INFO ] [] - MetricsCollector::Initialize(231): Initialized metrics collector
- session id: 9d89a9bb-67ab-4b91-a090-8bcfd5932064
- device id: 4ca35884-a93a-48fc-ad16-80b2a90aa32e
- application id: Box Tools Win exe
- application name: BoxTools
- application version: 4.28.1.1163
- metric collection url: https://client-log.box.com/index.php?rm=box_gen204_json_record
- metric data path: C:\Users\pcedillo\AppData\Local\Box\Box Tools\Metrics\BoxTools_Metrics_EFD61745.db
- post callback: 05E027FE
- log callback: 05E02826
- context: 00000000
- post interval in seconds: 600
- max records in a post: 100
- max db records: 500
- disable sender: true
[2025-03-31 20:10:41,304] [56   ] [INFO ] [] - Shutting down the metrics collector
[2025-03-31 20:20:41,268] [55   ] [INFO ] [] - Initializing the metrics collector
[2025-03-31 20:20:41,284] [55   ] [INFO ] [] - MetricsCollector::Sender(49): _disableSentMetrics 1
[2025-03-31 20:20:41,285] [55   ] [INFO ] [] - MetricsCollector::Initialize(231): Initialized metrics collector
- session id: 9d89a9bb-67ab-4b91-a090-8bcfd5932064
- device id: 4ca35884-a93a-48fc-ad16-80b2a90aa32e
- application id: Box Tools Win exe
- application name: BoxTools
- application version: 4.28.1.1163
- metric collection url: https://client-log.box.com/index.php?rm=box_gen204_json_record
- metric data path: C:\Users\pcedillo\AppData\Local\Box\Box Tools\Metrics\BoxTools_Metrics_EFD61745.db
- post callback: 05E027FE
- log callback: 05E02826
- context: 00000000
- post interval in seconds: 600
- max records in a post: 100
- max db records: 500
- disable sender: true
[2025-03-31 20:20:41,300] [55   ] [INFO ] [] - Shutting down the metrics collector
[2025-03-31 20:30:41,265] [52   ] [INFO ] [] - Initializing the metrics collector
[2025-03-31 20:30:41,278] [52   ] [INFO ] [] - MetricsCollector::Sender(49): _disableSentMetrics 1
[2025-03-31 20:30:41,278] [52   ] [INFO ] [] - MetricsCollector::Initialize(231): Initialized metrics collector
- session id: 9d89a9bb-67ab-4b91-a090-8bcfd5932064
- device id: 4ca35884-a93a-48fc-ad16-80b2a90aa32e
- application id: Box Tools Win exe
- application name: BoxTools
- application version: 4.28.1.1163
- metric collection url: https://client-log.box.com/index.php?rm=box_gen204_json_record
- metric data path: C:\Users\pcedillo\AppData\Local\Box\Box Tools\Metrics\BoxTools_Metrics_EFD61745.db
- post callback: 05E027FE
- log callback: 05E02826
- context: 00000000
- post interval in seconds: 600
- max records in a post: 100
- max db records: 500
- disable sender: true
[2025-03-31 20:30:41,295] [52   ] [INFO ] [] - Shutting down the metrics collector
[2025-03-31 20:40:41,266] [52   ] [INFO ] [] - Initializing the metrics collector
[2025-03-31 20:40:41,286] [52   ] [INFO ] [] - MetricsCollector::Sender(49): _disableSentMetrics 1
[2025-03-31 20:40:41,288] [52   ] [INFO ] [] - MetricsCollector::Initialize(231): Initialized metrics collector
- session id: 9d89a9bb-67ab-4b91-a090-8bcfd5932064
- device id: 4ca35884-a93a-48fc-ad16-80b2a90aa32e
- application id: Box Tools Win exe
- application name: BoxTools
- application version: 4.28.1.1163
- metric collection url: https://client-log.box.com/index.php?rm=box_gen204_json_record
- metric data path: C:\Users\pcedillo\AppData\Local\Box\Box Tools\Metrics\BoxTools_Metrics_EFD61745.db
- post callback: 05E027FE
- log callback: 05E02826
- context: 00000000
- post interval in seconds: 600
- max records in a post: 100
- max db records: 500
- disable sender: true
[2025-03-31 20:40:41,307] [52   ] [INFO ] [] - Shutting down the metrics collector
[2025-03-31 20:50:41,266] [49   ] [INFO ] [] - Initializing the metrics collector
[2025-03-31 20:50:41,279] [49   ] [INFO ] [] - MetricsCollector::Sender(49): _disableSentMetrics 1
[2025-03-31 20:50:41,279] [49   ] [INFO ] [] - MetricsCollector::Initialize(231): Initialized metrics collector
- session id: 9d89a9bb-67ab-4b91-a090-8bcfd5932064
- device id: 4ca35884-a93a-48fc-ad16-80b2a90aa32e
- application id: Box Tools Win exe
- application name: BoxTools
- application version: 4.28.1.1163
- metric collection url: https://client-log.box.com/index.php?rm=box_gen204_json_record
- metric data path: C:\Users\pcedillo\AppData\Local\Box\Box Tools\Metrics\BoxTools_Metrics_EFD61745.db
- post callback: 05E027FE
- log callback: 05E02826
- context: 00000000
- post interval in seconds: 600
- max records in a post: 100
- max db records: 500
- disable sender: true
[2025-03-31 20:50:41,293] [49   ] [INFO ] [] - Shutting down the metrics collector
[2025-03-31 21:00:41,257] [47   ] [INFO ] [] - Initializing the metrics collector
[2025-03-31 21:00:41,271] [47   ] [INFO ] [] - MetricsCollector::Sender(49): _disableSentMetrics 1
[2025-03-31 21:00:41,273] [47   ] [INFO ] [] - MetricsCollector::Initialize(231): Initialized metrics collector
- session id: 9d89a9bb-67ab-4b91-a090-8bcfd5932064
- device id: 4ca35884-a93a-48fc-ad16-80b2a90aa32e
- application id: Box Tools Win exe
- application name: BoxTools
- application version: 4.28.1.1163
- metric collection url: https://client-log.box.com/index.php?rm=box_gen204_json_record
- metric data path: C:\Users\pcedillo\AppData\Local\Box\Box Tools\Metrics\BoxTools_Metrics_EFD61745.db
- post callback: 05E027FE
- log callback: 05E02826
- context: 00000000
- post interval in seconds: 600
- max records in a post: 100
- max db records: 500
- disable sender: true
[2025-03-31 21:00:41,279] [47   ] [INFO ] [] - Shutting down the metrics collector
[2025-03-31 21:10:41,258] [45   ] [INFO ] [] - Initializing the metrics collector
[2025-03-31 21:10:41,274] [45   ] [INFO ] [] - MetricsCollector::Sender(49): _disableSentMetrics 1
[2025-03-31 21:10:41,274] [45   ] [INFO ] [] - MetricsCollector::Initialize(231): Initialized metrics collector
- session id: 9d89a9bb-67ab-4b91-a090-8bcfd5932064
- device id: 4ca35884-a93a-48fc-ad16-80b2a90aa32e
- application id: Box Tools Win exe
- application name: BoxTools
- application version: 4.28.1.1163
- metric collection url: https://client-log.box.com/index.php?rm=box_gen204_json_record
- metric data path: C:\Users\pcedillo\AppData\Local\Box\Box Tools\Metrics\BoxTools_Metrics_EFD61745.db
- post callback: 05E027FE
- log callback: 05E02826
- context: 00000000
- post interval in seconds: 600
- max records in a post: 100
- max db records: 500
- disable sender: true
[2025-03-31 21:10:41,288] [45   ] [INFO ] [] - Shutting down the metrics collector
[2025-03-31 21:20:41,275] [44   ] [INFO ] [] - Initializing the metrics collector
[2025-03-31 21:20:41,289] [44   ] [INFO ] [] - MetricsCollector::Sender(49): _disableSentMetrics 1
[2025-03-31 21:20:41,290] [44   ] [INFO ] [] - MetricsCollector::Initialize(231): Initialized metrics collector
- session id: 9d89a9bb-67ab-4b91-a090-8bcfd5932064
- device id: 4ca35884-a93a-48fc-ad16-80b2a90aa32e
- application id: Box Tools Win exe
- application name: BoxTools
- application version: 4.28.1.1163
- metric collection url: https://client-log.box.com/index.php?rm=box_gen204_json_record
- metric data path: C:\Users\pcedillo\AppData\Local\Box\Box Tools\Metrics\BoxTools_Metrics_EFD61745.db
- post callback: 05E027FE
- log callback: 05E02826
- context: 00000000
- post interval in seconds: 600
- max records in a post: 100
- max db records: 500
- disable sender: true
[2025-03-31 21:20:41,299] [44   ] [INFO ] [] - Shutting down the metrics collector
[2025-03-31 21:30:41,272] [41   ] [INFO ] [] - Initializing the metrics collector
[2025-03-31 21:30:41,285] [41   ] [INFO ] [] - MetricsCollector::Sender(49): _disableSentMetrics 1
[2025-03-31 21:30:41,286] [41   ] [INFO ] [] - MetricsCollector::Initialize(231): Initialized metrics collector
- session id: 9d89a9bb-67ab-4b91-a090-8bcfd5932064
- device id: 4ca35884-a93a-48fc-ad16-80b2a90aa32e
- application id: Box Tools Win exe
- application name: BoxTools
- application version: 4.28.1.1163
- metric collection url: https://client-log.box.com/index.php?rm=box_gen204_json_record
- metric data path: C:\Users\pcedillo\AppData\Local\Box\Box Tools\Metrics\BoxTools_Metrics_EFD61745.db
- post callback: 05E027FE
- log callback: 05E02826
- context: 00000000
- post interval in seconds: 600
- max records in a post: 100
- max db records: 500
- disable sender: true
[2025-03-31 21:30:41,300] [41   ] [INFO ] [] - Shutting down the metrics collector
[2025-03-31 21:40:41,276] [39   ] [INFO ] [] - Initializing the metrics collector
[2025-03-31 21:40:41,291] [39   ] [INFO ] [] - MetricsCollector::Sender(49): _disableSentMetrics 1
[2025-03-31 21:40:41,292] [39   ] [INFO ] [] - MetricsCollector::Initialize(231): Initialized metrics collector
- session id: 9d89a9bb-67ab-4b91-a090-8bcfd5932064
- device id: 4ca35884-a93a-48fc-ad16-80b2a90aa32e
- application id: Box Tools Win exe
- application name: BoxTools
- application version: 4.28.1.1163
- metric collection url: https://client-log.box.com/index.php?rm=box_gen204_json_record
- metric data path: C:\Users\pcedillo\AppData\Local\Box\Box Tools\Metrics\BoxTools_Metrics_EFD61745.db
- post callback: 05E027FE
- log callback: 05E02826
- context: 00000000
- post interval in seconds: 600
- max records in a post: 100
- max db records: 500
- disable sender: true
[2025-03-31 21:40:41,300] [39   ] [INFO ] [] - Shutting down the metrics collector
[2025-03-31 21:50:41,279] [37   ] [INFO ] [] - Initializing the metrics collector
[2025-03-31 21:50:41,293] [37   ] [INFO ] [] - MetricsCollector::Sender(49): _disableSentMetrics 1
[2025-03-31 21:50:41,293] [37   ] [INFO ] [] - MetricsCollector::Initialize(231): Initialized metrics collector
- session id: 9d89a9bb-67ab-4b91-a090-8bcfd5932064
- device id: 4ca35884-a93a-48fc-ad16-80b2a90aa32e
- application id: Box Tools Win exe
- application name: BoxTools
- application version: 4.28.1.1163
- metric collection url: https://client-log.box.com/index.php?rm=box_gen204_json_record
- metric data path: C:\Users\pcedillo\AppData\Local\Box\Box Tools\Metrics\BoxTools_Metrics_EFD61745.db
- post callback: 05E027FE
- log callback: 05E02826
- context: 00000000
- post interval in seconds: 600
- max records in a post: 100
- max db records: 500
- disable sender: true
[2025-03-31 21:50:41,307] [37   ] [INFO ] [] - Shutting down the metrics collector
[2025-03-31 22:00:41,200] [37   ] [INFO ] [] - Initializing the metrics collector
[2025-03-31 22:00:41,220] [37   ] [INFO ] [] - MetricsCollector::Sender(49): _disableSentMetrics 1
[2025-03-31 22:00:41,222] [37   ] [INFO ] [] - MetricsCollector::Initialize(231): Initialized metrics collector
- session id: 9d89a9bb-67ab-4b91-a090-8bcfd5932064
- device id: 4ca35884-a93a-48fc-ad16-80b2a90aa32e
- application id: Box Tools Win exe
- application name: BoxTools
- application version: 4.28.1.1163
- metric collection url: https://client-log.box.com/index.php?rm=box_gen204_json_record
- metric data path: C:\Users\pcedillo\AppData\Local\Box\Box Tools\Metrics\BoxTools_Metrics_EFD61745.db
- post callback: 05E027FE
- log callback: 05E02826
- context: 00000000
- post interval in seconds: 600
- max records in a post: 100
- max db records: 500
- disable sender: true
[2025-03-31 22:00:41,245] [37   ] [INFO ] [] - Shutting down the metrics collector
[2025-03-31 22:10:41,132] [17   ] [INFO ] [] - Initializing the metrics collector
[2025-03-31 22:10:41,149] [17   ] [INFO ] [] - MetricsCollector::Sender(49): _disableSentMetrics 1
[2025-03-31 22:10:41,150] [17   ] [INFO ] [] - MetricsCollector::Initialize(231): Initialized metrics collector
- session id: 9d89a9bb-67ab-4b91-a090-8bcfd5932064
- device id: 4ca35884-a93a-48fc-ad16-80b2a90aa32e
- application id: Box Tools Win exe
- application name: BoxTools
- application version: 4.28.1.1163
- metric collection url: https://client-log.box.com/index.php?rm=box_gen204_json_record
- metric data path: C:\Users\pcedillo\AppData\Local\Box\Box Tools\Metrics\BoxTools_Metrics_EFD61745.db
- post callback: 05E027FE
- log callback: 05E02826
- context: 00000000
- post interval in seconds: 600
- max records in a post: 100
- max db records: 500
- disable sender: true
[2025-03-31 22:10:41,170] [17   ] [INFO ] [] - Shutting down the metrics collector
[2025-03-31 22:20:41,102] [18   ] [INFO ] [] - Initializing the metrics collector
[2025-03-31 22:20:41,115] [18   ] [INFO ] [] - MetricsCollector::Sender(49): _disableSentMetrics 1
[2025-03-31 22:20:41,116] [18   ] [INFO ] [] - MetricsCollector::Initialize(231): Initialized metrics collector
- session id: 9d89a9bb-67ab-4b91-a090-8bcfd5932064
- device id: 4ca35884-a93a-48fc-ad16-80b2a90aa32e
- application id: Box Tools Win exe
- application name: BoxTools
- application version: 4.28.1.1163
- metric collection url: https://client-log.box.com/index.php?rm=box_gen204_json_record
- metric data path: C:\Users\pcedillo\AppData\Local\Box\Box Tools\Metrics\BoxTools_Metrics_EFD61745.db
- post callback: 05E027FE
- log callback: 05E02826
- context: 00000000
- post interval in seconds: 600
- max records in a post: 100
- max db records: 500
- disable sender: true
[2025-03-31 22:20:41,127] [18   ] [INFO ] [] - Shutting down the metrics collector
[2025-03-31 22:30:41,070] [15   ] [INFO ] [] - Initializing the metrics collector
[2025-03-31 22:30:41,081] [15   ] [INFO ] [] - MetricsCollector::Sender(49): _disableSentMetrics 1
[2025-03-31 22:30:41,081] [15   ] [INFO ] [] - MetricsCollector::Initialize(231): Initialized metrics collector
- session id: 9d89a9bb-67ab-4b91-a090-8bcfd5932064
- device id: 4ca35884-a93a-48fc-ad16-80b2a90aa32e
- application id: Box Tools Win exe
- application name: BoxTools
- application version: 4.28.1.1163
- metric collection url: https://client-log.box.com/index.php?rm=box_gen204_json_record
- metric data path: C:\Users\pcedillo\AppData\Local\Box\Box Tools\Metrics\BoxTools_Metrics_EFD61745.db
- post callback: 05E027FE
- log callback: 05E02826
- context: 00000000
- post interval in seconds: 600
- max records in a post: 100
- max db records: 500
- disable sender: true
[2025-03-31 22:30:41,097] [15   ] [INFO ] [] - Shutting down the metrics collector
[2025-03-31 22:40:41,049] [15   ] [INFO ] [] - Initializing the metrics collector
[2025-03-31 22:40:41,061] [15   ] [INFO ] [] - MetricsCollector::Sender(49): _disableSentMetrics 1
[2025-03-31 22:40:41,062] [15   ] [INFO ] [] - MetricsCollector::Initialize(231): Initialized metrics collector
- session id: 9d89a9bb-67ab-4b91-a090-8bcfd5932064
- device id: 4ca35884-a93a-48fc-ad16-80b2a90aa32e
- application id: Box Tools Win exe
- application name: BoxTools
- application version: 4.28.1.1163
- metric collection url: https://client-log.box.com/index.php?rm=box_gen204_json_record
- metric data path: C:\Users\pcedillo\AppData\Local\Box\Box Tools\Metrics\BoxTools_Metrics_EFD61745.db
- post callback: 05E027FE
- log callback: 05E02826
- context: 00000000
- post interval in seconds: 600
- max records in a post: 100
- max db records: 500
- disable sender: true
[2025-03-31 22:40:41,074] [15   ] [INFO ] [] - Shutting down the metrics collector
[2025-03-31 22:50:41,043] [15   ] [INFO ] [] - Initializing the metrics collector
[2025-03-31 22:50:41,057] [15   ] [INFO ] [] - MetricsCollector::Sender(49): _disableSentMetrics 1
[2025-03-31 22:50:41,057] [15   ] [INFO ] [] - MetricsCollector::Initialize(231): Initialized metrics collector
- session id: 9d89a9bb-67ab-4b91-a090-8bcfd5932064
- device id: 4ca35884-a93a-48fc-ad16-80b2a90aa32e
- application id: Box Tools Win exe
- application name: BoxTools
- application version: 4.28.1.1163
- metric collection url: https://client-log.box.com/index.php?rm=box_gen204_json_record
- metric data path: C:\Users\pcedillo\AppData\Local\Box\Box Tools\Metrics\BoxTools_Metrics_EFD61745.db
- post callback: 05E027FE
- log callback: 05E02826
- context: 00000000
- post interval in seconds: 600
- max records in a post: 100
- max db records: 500
- disable sender: true
[2025-03-31 22:50:41,069] [15   ] [INFO ] [] - Shutting down the metrics collector
[2025-03-31 23:00:41,034] [27   ] [INFO ] [] - Initializing the metrics collector
[2025-03-31 23:00:41,048] [27   ] [INFO ] [] - MetricsCollector::Sender(49): _disableSentMetrics 1
[2025-03-31 23:00:41,049] [27   ] [INFO ] [] - MetricsCollector::Initialize(231): Initialized metrics collector
- session id: 9d89a9bb-67ab-4b91-a090-8bcfd5932064
- device id: 4ca35884-a93a-48fc-ad16-80b2a90aa32e
- application id: Box Tools Win exe
- application name: BoxTools
- application version: 4.28.1.1163
- metric collection url: https://client-log.box.com/index.php?rm=box_gen204_json_record
- metric data path: C:\Users\pcedillo\AppData\Local\Box\Box Tools\Metrics\BoxTools_Metrics_EFD61745.db
- post callback: 05E027FE
- log callback: 05E02826
- context: 00000000
- post interval in seconds: 600
- max records in a post: 100
- max db records: 500
- disable sender: true
[2025-03-31 23:00:41,061] [27   ] [INFO ] [] - Shutting down the metrics collector
[2025-03-31 23:10:41,040] [24   ] [INFO ] [] - Initializing the metrics collector
[2025-03-31 23:10:41,053] [24   ] [INFO ] [] - MetricsCollector::Sender(49): _disableSentMetrics 1
[2025-03-31 23:10:41,053] [24   ] [INFO ] [] - MetricsCollector::Initialize(231): Initialized metrics collector
- session id: 9d89a9bb-67ab-4b91-a090-8bcfd5932064
- device id: 4ca35884-a93a-48fc-ad16-80b2a90aa32e
- application id: Box Tools Win exe
- application name: BoxTools
- application version: 4.28.1.1163
- metric collection url: https://client-log.box.com/index.php?rm=box_gen204_json_record
- metric data path: C:\Users\pcedillo\AppData\Local\Box\Box Tools\Metrics\BoxTools_Metrics_EFD61745.db
- post callback: 05E027FE
- log callback: 05E02826
- context: 00000000
- post interval in seconds: 600
- max records in a post: 100
- max db records: 500
- disable sender: true
[2025-03-31 23:10:41,066] [24   ] [INFO ] [] - Shutting down the metrics collector
[2025-03-31 23:20:41,048] [24   ] [INFO ] [] - Initializing the metrics collector
[2025-03-31 23:20:41,059] [24   ] [INFO ] [] - MetricsCollector::Sender(49): _disableSentMetrics 1
[2025-03-31 23:20:41,059] [24   ] [INFO ] [] - MetricsCollector::Initialize(231): Initialized metrics collector
- session id: 9d89a9bb-67ab-4b91-a090-8bcfd5932064
- device id: 4ca35884-a93a-48fc-ad16-80b2a90aa32e
- application id: Box Tools Win exe
- application name: BoxTools
- application version: 4.28.1.1163
- metric collection url: https://client-log.box.com/index.php?rm=box_gen204_json_record
- metric data path: C:\Users\pcedillo\AppData\Local\Box\Box Tools\Metrics\BoxTools_Metrics_EFD61745.db
- post callback: 05E027FE
- log callback: 05E02826
- context: 00000000
- post interval in seconds: 600
- max records in a post: 100
- max db records: 500
- disable sender: true
[2025-03-31 23:20:41,065] [24   ] [INFO ] [] - Shutting down the metrics collector
[2025-03-31 23:30:41,034] [24   ] [INFO ] [] - Initializing the metrics collector
[2025-03-31 23:30:41,066] [24   ] [INFO ] [] - MetricsCollector::Sender(49): _disableSentMetrics 1
[2025-03-31 23:30:41,068] [24   ] [INFO ] [] - MetricsCollector::Initialize(231): Initialized metrics collector
- session id: 9d89a9bb-67ab-4b91-a090-8bcfd5932064
- device id: 4ca35884-a93a-48fc-ad16-80b2a90aa32e
- application id: Box Tools Win exe
- application name: BoxTools
- application version: 4.28.1.1163
- metric collection url: https://client-log.box.com/index.php?rm=box_gen204_json_record
- metric data path: C:\Users\pcedillo\AppData\Local\Box\Box Tools\Metrics\BoxTools_Metrics_EFD61745.db
- post callback: 05E027FE
- log callback: 05E02826
- context: 00000000
- post interval in seconds: 600
- max records in a post: 100
- max db records: 500
- disable sender: true
[2025-03-31 23:30:41,104] [24   ] [INFO ] [] - Shutting down the metrics collector
[2025-03-31 23:40:41,045] [10   ] [INFO ] [] - Initializing the metrics collector
[2025-03-31 23:40:41,061] [10   ] [INFO ] [] - MetricsCollector::Sender(49): _disableSentMetrics 1
[2025-03-31 23:40:41,062] [10   ] [INFO ] [] - MetricsCollector::Initialize(231): Initialized metrics collector
- session id: 9d89a9bb-67ab-4b91-a090-8bcfd5932064
- device id: 4ca35884-a93a-48fc-ad16-80b2a90aa32e
- application id: Box Tools Win exe
- application name: BoxTools
- application version: 4.28.1.1163
- metric collection url: https://client-log.box.com/index.php?rm=box_gen204_json_record
- metric data path: C:\Users\pcedillo\AppData\Local\Box\Box Tools\Metrics\BoxTools_Metrics_EFD61745.db
- post callback: 05E027FE
- log callback: 05E02826
- context: 00000000
- post interval in seconds: 600
- max records in a post: 100
- max db records: 500
- disable sender: true
[2025-03-31 23:40:41,082] [10   ] [INFO ] [] - Shutting down the metrics collector
[2025-03-31 23:50:41,042] [5    ] [INFO ] [] - Initializing the metrics collector
[2025-03-31 23:50:41,053] [5    ] [INFO ] [] - MetricsCollector::Sender(49): _disableSentMetrics 1
[2025-03-31 23:50:41,054] [5    ] [INFO ] [] - MetricsCollector::Initialize(231): Initialized metrics collector
- session id: 9d89a9bb-67ab-4b91-a090-8bcfd5932064
- device id: 4ca35884-a93a-48fc-ad16-80b2a90aa32e
- application id: Box Tools Win exe
- application name: BoxTools
- application version: 4.28.1.1163
- metric collection url: https://client-log.box.com/index.php?rm=box_gen204_json_record
- metric data path: C:\Users\pcedillo\AppData\Local\Box\Box Tools\Metrics\BoxTools_Metrics_EFD61745.db
- post callback: 05E027FE
- log callback: 05E02826
- context: 00000000
- post interval in seconds: 600
- max records in a post: 100
- max db records: 500
- disable sender: true
[2025-03-31 23:50:41,065] [5    ] [INFO ] [] - Shutting down the metrics collector
