[2025-03-18 08:01:53,122] [1    ] [INFO ] [] - Attempt to acquire Single Instance Mutex
[2025-03-18 08:01:53,319] [1    ] [INFO ] [] - ========== Box Local Com Server v4.28.1.1163 ==========
[2025-03-18 08:01:53,322] [1    ] [INFO ] [] - Running as a per-user installation
[2025-03-18 08:01:53,642] [1    ] [INFO ] [] - LocalMachine RegistryKey not set
[2025-03-18 08:01:53,648] [1    ] [INFO ] [] - Starting server...
[2025-03-18 08:01:53,698] [1    ] [INFO ] [] - Server running. Listening to port 17223
[2025-03-18 08:01:53,702] [1    ] [INFO ] [] - Working with debug logging OFF
[2025-03-18 08:01:53,758] [5    ] [INFO ] [] - Initializing the metrics collector
[2025-03-18 08:01:53,831] [5    ] [INFO ] [] - MetricsCollector::Sender(49): _disableSentMetrics 1
[2025-03-18 08:01:53,833] [5    ] [INFO ] [] - MetricsCollector::Initialize(231): Initialized metrics collector
- session id: ff58d207-8cfe-43a4-b003-353fde944d14
- device id: 4ca35884-a93a-48fc-ad16-80b2a90aa32e
- application id: Box Tools Win exe
- application name: BoxTools
- application version: 4.28.1.1163
- metric collection url: https://client-log.box.com/index.php?rm=box_gen204_json_record
- metric data path: C:\Users\pcedillo\AppData\Local\Box\Box Tools\Metrics\BoxTools_Metrics_EFD61745.db
- post callback: 05D92F2E
- log callback: 05D92F56
- context: 00000000
- post interval in seconds: 600
- max records in a post: 100
- max db records: 500
- disable sender: true
[2025-03-18 08:01:53,852] [5    ] [INFO ] [] - Recording metric - name: ComServerStart
[2025-03-18 08:01:53,909] [5    ] [INFO ] [] - Shutting down the metrics collector
[2025-03-18 08:01:58,612] [6    ] [INFO ] [] - Initializing the metrics collector
[2025-03-18 08:01:58,654] [6    ] [INFO ] [] - MetricsCollector::Sender(49): _disableSentMetrics 1
[2025-03-18 08:01:58,655] [6    ] [INFO ] [] - MetricsCollector::Initialize(231): Initialized metrics collector
- session id: ff58d207-8cfe-43a4-b003-353fde944d14
- device id: 4ca35884-a93a-48fc-ad16-80b2a90aa32e
- application id: Box Tools Win exe
- application name: BoxTools
- application version: 4.28.1.1163
- metric collection url: https://client-log.box.com/index.php?rm=box_gen204_json_record
- metric data path: C:\Users\pcedillo\AppData\Local\Box\Box Tools\Metrics\BoxTools_Metrics_EFD61745.db
- post callback: 05D92F2E
- log callback: 05D92F56
- context: 00000000
- post interval in seconds: 600
- max records in a post: 100
- max db records: 500
- disable sender: true
[2025-03-18 08:01:58,692] [6    ] [INFO ] [] - Posting metric to endpoint
[2025-03-18 08:01:59,959] [6    ] [INFO ] [] - Metrics sent to the endpoint
[2025-03-18 08:01:59,974] [6    ] [INFO ] [] - Shutting down the metrics collector
[2025-03-18 08:11:57,082] [12   ] [INFO ] [] - Initializing the metrics collector
[2025-03-18 08:11:57,106] [12   ] [INFO ] [] - MetricsCollector::Sender(49): _disableSentMetrics 1
[2025-03-18 08:11:57,107] [12   ] [INFO ] [] - MetricsCollector::Initialize(231): Initialized metrics collector
- session id: ff58d207-8cfe-43a4-b003-353fde944d14
- device id: 4ca35884-a93a-48fc-ad16-80b2a90aa32e
- application id: Box Tools Win exe
- application name: BoxTools
- application version: 4.28.1.1163
- metric collection url: https://client-log.box.com/index.php?rm=box_gen204_json_record
- metric data path: C:\Users\pcedillo\AppData\Local\Box\Box Tools\Metrics\BoxTools_Metrics_EFD61745.db
- post callback: 05D92F2E
- log callback: 05D92F56
- context: 00000000
- post interval in seconds: 600
- max records in a post: 100
- max db records: 500
- disable sender: true
[2025-03-18 08:11:57,124] [12   ] [INFO ] [] - Shutting down the metrics collector
[2025-03-18 08:21:56,980] [24   ] [INFO ] [] - Initializing the metrics collector
[2025-03-18 08:21:57,003] [24   ] [INFO ] [] - MetricsCollector::Sender(49): _disableSentMetrics 1
[2025-03-18 08:21:57,004] [24   ] [INFO ] [] - MetricsCollector::Initialize(231): Initialized metrics collector
- session id: ff58d207-8cfe-43a4-b003-353fde944d14
- device id: 4ca35884-a93a-48fc-ad16-80b2a90aa32e
- application id: Box Tools Win exe
- application name: BoxTools
- application version: 4.28.1.1163
- metric collection url: https://client-log.box.com/index.php?rm=box_gen204_json_record
- metric data path: C:\Users\pcedillo\AppData\Local\Box\Box Tools\Metrics\BoxTools_Metrics_EFD61745.db
- post callback: 05D92F2E
- log callback: 05D92F56
- context: 00000000
- post interval in seconds: 600
- max records in a post: 100
- max db records: 500
- disable sender: true
[2025-03-18 08:21:57,023] [24   ] [INFO ] [] - Shutting down the metrics collector
[2025-03-18 08:39:05,716] [5    ] [INFO ] [] - Initializing the metrics collector
[2025-03-18 08:39:05,728] [5    ] [INFO ] [] - MetricsCollector::Sender(49): _disableSentMetrics 1
[2025-03-18 08:39:05,728] [5    ] [INFO ] [] - MetricsCollector::Initialize(231): Initialized metrics collector
- session id: ff58d207-8cfe-43a4-b003-353fde944d14
- device id: 4ca35884-a93a-48fc-ad16-80b2a90aa32e
- application id: Box Tools Win exe
- application name: BoxTools
- application version: 4.28.1.1163
- metric collection url: https://client-log.box.com/index.php?rm=box_gen204_json_record
- metric data path: C:\Users\pcedillo\AppData\Local\Box\Box Tools\Metrics\BoxTools_Metrics_EFD61745.db
- post callback: 05D92F2E
- log callback: 05D92F56
- context: 00000000
- post interval in seconds: 600
- max records in a post: 100
- max db records: 500
- disable sender: true
[2025-03-18 08:39:05,738] [5    ] [INFO ] [] - Shutting down the metrics collector
[2025-03-18 08:49:05,715] [13   ] [INFO ] [] - Initializing the metrics collector
[2025-03-18 08:49:05,723] [13   ] [INFO ] [] - MetricsCollector::Sender(49): _disableSentMetrics 1
[2025-03-18 08:49:05,724] [13   ] [INFO ] [] - MetricsCollector::Initialize(231): Initialized metrics collector
- session id: ff58d207-8cfe-43a4-b003-353fde944d14
- device id: 4ca35884-a93a-48fc-ad16-80b2a90aa32e
- application id: Box Tools Win exe
- application name: BoxTools
- application version: 4.28.1.1163
- metric collection url: https://client-log.box.com/index.php?rm=box_gen204_json_record
- metric data path: C:\Users\pcedillo\AppData\Local\Box\Box Tools\Metrics\BoxTools_Metrics_EFD61745.db
- post callback: 05D92F2E
- log callback: 05D92F56
- context: 00000000
- post interval in seconds: 600
- max records in a post: 100
- max db records: 500
- disable sender: true
[2025-03-18 08:49:05,736] [13   ] [INFO ] [] - Shutting down the metrics collector
[2025-03-18 08:59:05,403] [6    ] [INFO ] [] - Initializing the metrics collector
[2025-03-18 08:59:05,411] [6    ] [INFO ] [] - MetricsCollector::Sender(49): _disableSentMetrics 1
[2025-03-18 08:59:05,411] [6    ] [INFO ] [] - MetricsCollector::Initialize(231): Initialized metrics collector
- session id: ff58d207-8cfe-43a4-b003-353fde944d14
- device id: 4ca35884-a93a-48fc-ad16-80b2a90aa32e
- application id: Box Tools Win exe
- application name: BoxTools
- application version: 4.28.1.1163
- metric collection url: https://client-log.box.com/index.php?rm=box_gen204_json_record
- metric data path: C:\Users\pcedillo\AppData\Local\Box\Box Tools\Metrics\BoxTools_Metrics_EFD61745.db
- post callback: 05D92F2E
- log callback: 05D92F56
- context: 00000000
- post interval in seconds: 600
- max records in a post: 100
- max db records: 500
- disable sender: true
[2025-03-18 08:59:05,419] [6    ] [INFO ] [] - Shutting down the metrics collector
[2025-03-18 09:09:05,412] [23   ] [INFO ] [] - Initializing the metrics collector
[2025-03-18 09:09:05,424] [23   ] [INFO ] [] - MetricsCollector::Sender(49): _disableSentMetrics 1
[2025-03-18 09:09:05,425] [23   ] [INFO ] [] - MetricsCollector::Initialize(231): Initialized metrics collector
- session id: ff58d207-8cfe-43a4-b003-353fde944d14
- device id: 4ca35884-a93a-48fc-ad16-80b2a90aa32e
- application id: Box Tools Win exe
- application name: BoxTools
- application version: 4.28.1.1163
- metric collection url: https://client-log.box.com/index.php?rm=box_gen204_json_record
- metric data path: C:\Users\pcedillo\AppData\Local\Box\Box Tools\Metrics\BoxTools_Metrics_EFD61745.db
- post callback: 05D92F2E
- log callback: 05D92F56
- context: 00000000
- post interval in seconds: 600
- max records in a post: 100
- max db records: 500
- disable sender: true
[2025-03-18 09:09:05,439] [23   ] [INFO ] [] - Shutting down the metrics collector
[2025-03-18 09:19:05,410] [35   ] [INFO ] [] - Initializing the metrics collector
[2025-03-18 09:19:05,422] [35   ] [INFO ] [] - MetricsCollector::Sender(49): _disableSentMetrics 1
[2025-03-18 09:19:05,423] [35   ] [INFO ] [] - MetricsCollector::Initialize(231): Initialized metrics collector
- session id: ff58d207-8cfe-43a4-b003-353fde944d14
- device id: 4ca35884-a93a-48fc-ad16-80b2a90aa32e
- application id: Box Tools Win exe
- application name: BoxTools
- application version: 4.28.1.1163
- metric collection url: https://client-log.box.com/index.php?rm=box_gen204_json_record
- metric data path: C:\Users\pcedillo\AppData\Local\Box\Box Tools\Metrics\BoxTools_Metrics_EFD61745.db
- post callback: 05D92F2E
- log callback: 05D92F56
- context: 00000000
- post interval in seconds: 600
- max records in a post: 100
- max db records: 500
- disable sender: true
[2025-03-18 09:19:05,444] [35   ] [INFO ] [] - Shutting down the metrics collector
[2025-03-18 09:29:05,442] [46   ] [INFO ] [] - Initializing the metrics collector
[2025-03-18 09:29:05,456] [46   ] [INFO ] [] - MetricsCollector::Sender(49): _disableSentMetrics 1
[2025-03-18 09:29:05,457] [46   ] [INFO ] [] - MetricsCollector::Initialize(231): Initialized metrics collector
- session id: ff58d207-8cfe-43a4-b003-353fde944d14
- device id: 4ca35884-a93a-48fc-ad16-80b2a90aa32e
- application id: Box Tools Win exe
- application name: BoxTools
- application version: 4.28.1.1163
- metric collection url: https://client-log.box.com/index.php?rm=box_gen204_json_record
- metric data path: C:\Users\pcedillo\AppData\Local\Box\Box Tools\Metrics\BoxTools_Metrics_EFD61745.db
- post callback: 05D92F2E
- log callback: 05D92F56
- context: 00000000
- post interval in seconds: 600
- max records in a post: 100
- max db records: 500
- disable sender: true
[2025-03-18 09:29:05,465] [46   ] [INFO ] [] - Shutting down the metrics collector
[2025-03-18 09:39:05,464] [12   ] [INFO ] [] - Initializing the metrics collector
[2025-03-18 09:39:05,474] [12   ] [INFO ] [] - MetricsCollector::Sender(49): _disableSentMetrics 1
[2025-03-18 09:39:05,475] [12   ] [INFO ] [] - MetricsCollector::Initialize(231): Initialized metrics collector
- session id: ff58d207-8cfe-43a4-b003-353fde944d14
- device id: 4ca35884-a93a-48fc-ad16-80b2a90aa32e
- application id: Box Tools Win exe
- application name: BoxTools
- application version: 4.28.1.1163
- metric collection url: https://client-log.box.com/index.php?rm=box_gen204_json_record
- metric data path: C:\Users\pcedillo\AppData\Local\Box\Box Tools\Metrics\BoxTools_Metrics_EFD61745.db
- post callback: 05D92F2E
- log callback: 05D92F56
- context: 00000000
- post interval in seconds: 600
- max records in a post: 100
- max db records: 500
- disable sender: true
[2025-03-18 09:39:05,490] [12   ] [INFO ] [] - Shutting down the metrics collector
[2025-03-18 09:49:05,463] [65   ] [INFO ] [] - Initializing the metrics collector
[2025-03-18 09:49:05,474] [65   ] [INFO ] [] - MetricsCollector::Sender(49): _disableSentMetrics 1
[2025-03-18 09:49:05,474] [65   ] [INFO ] [] - MetricsCollector::Initialize(231): Initialized metrics collector
- session id: ff58d207-8cfe-43a4-b003-353fde944d14
- device id: 4ca35884-a93a-48fc-ad16-80b2a90aa32e
- application id: Box Tools Win exe
- application name: BoxTools
- application version: 4.28.1.1163
- metric collection url: https://client-log.box.com/index.php?rm=box_gen204_json_record
- metric data path: C:\Users\pcedillo\AppData\Local\Box\Box Tools\Metrics\BoxTools_Metrics_EFD61745.db
- post callback: 05D92F2E
- log callback: 05D92F56
- context: 00000000
- post interval in seconds: 600
- max records in a post: 100
- max db records: 500
- disable sender: true
[2025-03-18 09:49:05,483] [65   ] [INFO ] [] - Shutting down the metrics collector
[2025-03-18 09:59:05,351] [76   ] [INFO ] [] - Initializing the metrics collector
[2025-03-18 09:59:05,366] [76   ] [INFO ] [] - MetricsCollector::Sender(49): _disableSentMetrics 1
[2025-03-18 09:59:05,366] [76   ] [INFO ] [] - MetricsCollector::Initialize(231): Initialized metrics collector
- session id: ff58d207-8cfe-43a4-b003-353fde944d14
- device id: 4ca35884-a93a-48fc-ad16-80b2a90aa32e
- application id: Box Tools Win exe
- application name: BoxTools
- application version: 4.28.1.1163
- metric collection url: https://client-log.box.com/index.php?rm=box_gen204_json_record
- metric data path: C:\Users\pcedillo\AppData\Local\Box\Box Tools\Metrics\BoxTools_Metrics_EFD61745.db
- post callback: 05D92F2E
- log callback: 05D92F56
- context: 00000000
- post interval in seconds: 600
- max records in a post: 100
- max db records: 500
- disable sender: true
[2025-03-18 09:59:05,374] [76   ] [INFO ] [] - Shutting down the metrics collector
[2025-03-18 10:09:05,291] [70   ] [INFO ] [] - Initializing the metrics collector
[2025-03-18 10:09:05,298] [70   ] [INFO ] [] - MetricsCollector::Sender(49): _disableSentMetrics 1
[2025-03-18 10:09:05,299] [70   ] [INFO ] [] - MetricsCollector::Initialize(231): Initialized metrics collector
- session id: ff58d207-8cfe-43a4-b003-353fde944d14
- device id: 4ca35884-a93a-48fc-ad16-80b2a90aa32e
- application id: Box Tools Win exe
- application name: BoxTools
- application version: 4.28.1.1163
- metric collection url: https://client-log.box.com/index.php?rm=box_gen204_json_record
- metric data path: C:\Users\pcedillo\AppData\Local\Box\Box Tools\Metrics\BoxTools_Metrics_EFD61745.db
- post callback: 05D92F2E
- log callback: 05D92F56
- context: 00000000
- post interval in seconds: 600
- max records in a post: 100
- max db records: 500
- disable sender: true
[2025-03-18 10:09:05,304] [70   ] [INFO ] [] - Shutting down the metrics collector
[2025-03-18 10:19:05,224] [59   ] [INFO ] [] - Initializing the metrics collector
[2025-03-18 10:19:05,239] [59   ] [INFO ] [] - MetricsCollector::Sender(49): _disableSentMetrics 1
[2025-03-18 10:19:05,240] [59   ] [INFO ] [] - MetricsCollector::Initialize(231): Initialized metrics collector
- session id: ff58d207-8cfe-43a4-b003-353fde944d14
- device id: 4ca35884-a93a-48fc-ad16-80b2a90aa32e
- application id: Box Tools Win exe
- application name: BoxTools
- application version: 4.28.1.1163
- metric collection url: https://client-log.box.com/index.php?rm=box_gen204_json_record
- metric data path: C:\Users\pcedillo\AppData\Local\Box\Box Tools\Metrics\BoxTools_Metrics_EFD61745.db
- post callback: 05D92F2E
- log callback: 05D92F56
- context: 00000000
- post interval in seconds: 600
- max records in a post: 100
- max db records: 500
- disable sender: true
[2025-03-18 10:19:05,254] [59   ] [INFO ] [] - Shutting down the metrics collector
[2025-03-18 10:29:05,222] [51   ] [INFO ] [] - Initializing the metrics collector
[2025-03-18 10:29:05,243] [51   ] [INFO ] [] - MetricsCollector::Sender(49): _disableSentMetrics 1
[2025-03-18 10:29:05,243] [51   ] [INFO ] [] - MetricsCollector::Initialize(231): Initialized metrics collector
- session id: ff58d207-8cfe-43a4-b003-353fde944d14
- device id: 4ca35884-a93a-48fc-ad16-80b2a90aa32e
- application id: Box Tools Win exe
- application name: BoxTools
- application version: 4.28.1.1163
- metric collection url: https://client-log.box.com/index.php?rm=box_gen204_json_record
- metric data path: C:\Users\pcedillo\AppData\Local\Box\Box Tools\Metrics\BoxTools_Metrics_EFD61745.db
- post callback: 05D92F2E
- log callback: 05D92F56
- context: 00000000
- post interval in seconds: 600
- max records in a post: 100
- max db records: 500
- disable sender: true
[2025-03-18 10:29:05,263] [51   ] [INFO ] [] - Shutting down the metrics collector
[2025-03-18 10:39:05,231] [43   ] [INFO ] [] - Initializing the metrics collector
[2025-03-18 10:39:05,246] [43   ] [INFO ] [] - MetricsCollector::Sender(49): _disableSentMetrics 1
[2025-03-18 10:39:05,248] [43   ] [INFO ] [] - MetricsCollector::Initialize(231): Initialized metrics collector
- session id: ff58d207-8cfe-43a4-b003-353fde944d14
- device id: 4ca35884-a93a-48fc-ad16-80b2a90aa32e
- application id: Box Tools Win exe
- application name: BoxTools
- application version: 4.28.1.1163
- metric collection url: https://client-log.box.com/index.php?rm=box_gen204_json_record
- metric data path: C:\Users\pcedillo\AppData\Local\Box\Box Tools\Metrics\BoxTools_Metrics_EFD61745.db
- post callback: 05D92F2E
- log callback: 05D92F56
- context: 00000000
- post interval in seconds: 600
- max records in a post: 100
- max db records: 500
- disable sender: true
[2025-03-18 10:39:05,268] [43   ] [INFO ] [] - Shutting down the metrics collector
[2025-03-18 10:49:05,157] [47   ] [INFO ] [] - Initializing the metrics collector
[2025-03-18 10:49:05,179] [47   ] [INFO ] [] - MetricsCollector::Sender(49): _disableSentMetrics 1
[2025-03-18 10:49:05,179] [47   ] [INFO ] [] - MetricsCollector::Initialize(231): Initialized metrics collector
- session id: ff58d207-8cfe-43a4-b003-353fde944d14
- device id: 4ca35884-a93a-48fc-ad16-80b2a90aa32e
- application id: Box Tools Win exe
- application name: BoxTools
- application version: 4.28.1.1163
- metric collection url: https://client-log.box.com/index.php?rm=box_gen204_json_record
- metric data path: C:\Users\pcedillo\AppData\Local\Box\Box Tools\Metrics\BoxTools_Metrics_EFD61745.db
- post callback: 05D92F2E
- log callback: 05D92F56
- context: 00000000
- post interval in seconds: 600
- max records in a post: 100
- max db records: 500
- disable sender: true
[2025-03-18 10:49:05,200] [47   ] [INFO ] [] - Shutting down the metrics collector
[2025-03-18 10:59:05,104] [31   ] [INFO ] [] - Initializing the metrics collector
[2025-03-18 10:59:05,125] [31   ] [INFO ] [] - MetricsCollector::Sender(49): _disableSentMetrics 1
[2025-03-18 10:59:05,126] [31   ] [INFO ] [] - MetricsCollector::Initialize(231): Initialized metrics collector
- session id: ff58d207-8cfe-43a4-b003-353fde944d14
- device id: 4ca35884-a93a-48fc-ad16-80b2a90aa32e
- application id: Box Tools Win exe
- application name: BoxTools
- application version: 4.28.1.1163
- metric collection url: https://client-log.box.com/index.php?rm=box_gen204_json_record
- metric data path: C:\Users\pcedillo\AppData\Local\Box\Box Tools\Metrics\BoxTools_Metrics_EFD61745.db
- post callback: 05D92F2E
- log callback: 05D92F56
- context: 00000000
- post interval in seconds: 600
- max records in a post: 100
- max db records: 500
- disable sender: true
[2025-03-18 10:59:05,148] [31   ] [INFO ] [] - Shutting down the metrics collector
[2025-03-18 11:09:05,108] [36   ] [INFO ] [] - Initializing the metrics collector
[2025-03-18 11:09:05,121] [36   ] [INFO ] [] - MetricsCollector::Sender(49): _disableSentMetrics 1
[2025-03-18 11:09:05,122] [36   ] [INFO ] [] - MetricsCollector::Initialize(231): Initialized metrics collector
- session id: ff58d207-8cfe-43a4-b003-353fde944d14
- device id: 4ca35884-a93a-48fc-ad16-80b2a90aa32e
- application id: Box Tools Win exe
- application name: BoxTools
- application version: 4.28.1.1163
- metric collection url: https://client-log.box.com/index.php?rm=box_gen204_json_record
- metric data path: C:\Users\pcedillo\AppData\Local\Box\Box Tools\Metrics\BoxTools_Metrics_EFD61745.db
- post callback: 05D92F2E
- log callback: 05D92F56
- context: 00000000
- post interval in seconds: 600
- max records in a post: 100
- max db records: 500
- disable sender: true
[2025-03-18 11:09:05,139] [36   ] [INFO ] [] - Shutting down the metrics collector
[2025-03-18 11:19:05,113] [52   ] [INFO ] [] - Initializing the metrics collector
[2025-03-18 11:19:05,126] [52   ] [INFO ] [] - MetricsCollector::Sender(49): _disableSentMetrics 1
[2025-03-18 11:19:05,126] [52   ] [INFO ] [] - MetricsCollector::Initialize(231): Initialized metrics collector
- session id: ff58d207-8cfe-43a4-b003-353fde944d14
- device id: 4ca35884-a93a-48fc-ad16-80b2a90aa32e
- application id: Box Tools Win exe
- application name: BoxTools
- application version: 4.28.1.1163
- metric collection url: https://client-log.box.com/index.php?rm=box_gen204_json_record
- metric data path: C:\Users\pcedillo\AppData\Local\Box\Box Tools\Metrics\BoxTools_Metrics_EFD61745.db
- post callback: 05D92F2E
- log callback: 05D92F56
- context: 00000000
- post interval in seconds: 600
- max records in a post: 100
- max db records: 500
- disable sender: true
[2025-03-18 11:19:05,137] [52   ] [INFO ] [] - Shutting down the metrics collector
[2025-03-18 11:29:04,971] [32   ] [INFO ] [] - Initializing the metrics collector
[2025-03-18 11:29:04,993] [32   ] [INFO ] [] - MetricsCollector::Sender(49): _disableSentMetrics 1
[2025-03-18 11:29:04,994] [32   ] [INFO ] [] - MetricsCollector::Initialize(231): Initialized metrics collector
- session id: ff58d207-8cfe-43a4-b003-353fde944d14
- device id: 4ca35884-a93a-48fc-ad16-80b2a90aa32e
- application id: Box Tools Win exe
- application name: BoxTools
- application version: 4.28.1.1163
- metric collection url: https://client-log.box.com/index.php?rm=box_gen204_json_record
- metric data path: C:\Users\pcedillo\AppData\Local\Box\Box Tools\Metrics\BoxTools_Metrics_EFD61745.db
- post callback: 05D92F2E
- log callback: 05D92F56
- context: 00000000
- post interval in seconds: 600
- max records in a post: 100
- max db records: 500
- disable sender: true
[2025-03-18 11:29:05,012] [32   ] [INFO ] [] - Shutting down the metrics collector
[2025-03-18 11:39:04,926] [34   ] [INFO ] [] - Initializing the metrics collector
[2025-03-18 11:39:04,948] [34   ] [INFO ] [] - MetricsCollector::Sender(49): _disableSentMetrics 1
[2025-03-18 11:39:04,950] [34   ] [INFO ] [] - MetricsCollector::Initialize(231): Initialized metrics collector
- session id: ff58d207-8cfe-43a4-b003-353fde944d14
- device id: 4ca35884-a93a-48fc-ad16-80b2a90aa32e
- application id: Box Tools Win exe
- application name: BoxTools
- application version: 4.28.1.1163
- metric collection url: https://client-log.box.com/index.php?rm=box_gen204_json_record
- metric data path: C:\Users\pcedillo\AppData\Local\Box\Box Tools\Metrics\BoxTools_Metrics_EFD61745.db
- post callback: 05D92F2E
- log callback: 05D92F56
- context: 00000000
- post interval in seconds: 600
- max records in a post: 100
- max db records: 500
- disable sender: true
[2025-03-18 11:39:04,967] [34   ] [INFO ] [] - Shutting down the metrics collector
[2025-03-18 11:49:04,887] [28   ] [INFO ] [] - Initializing the metrics collector
[2025-03-18 11:49:04,897] [28   ] [INFO ] [] - MetricsCollector::Sender(49): _disableSentMetrics 1
[2025-03-18 11:49:04,897] [28   ] [INFO ] [] - MetricsCollector::Initialize(231): Initialized metrics collector
- session id: ff58d207-8cfe-43a4-b003-353fde944d14
- device id: 4ca35884-a93a-48fc-ad16-80b2a90aa32e
- application id: Box Tools Win exe
- application name: BoxTools
- application version: 4.28.1.1163
- metric collection url: https://client-log.box.com/index.php?rm=box_gen204_json_record
- metric data path: C:\Users\pcedillo\AppData\Local\Box\Box Tools\Metrics\BoxTools_Metrics_EFD61745.db
- post callback: 05D92F2E
- log callback: 05D92F56
- context: 00000000
- post interval in seconds: 600
- max records in a post: 100
- max db records: 500
- disable sender: true
[2025-03-18 11:49:04,906] [28   ] [INFO ] [] - Shutting down the metrics collector
[2025-03-18 11:59:04,882] [39   ] [INFO ] [] - Initializing the metrics collector
[2025-03-18 11:59:04,895] [39   ] [INFO ] [] - MetricsCollector::Sender(49): _disableSentMetrics 1
[2025-03-18 11:59:04,895] [39   ] [INFO ] [] - MetricsCollector::Initialize(231): Initialized metrics collector
- session id: ff58d207-8cfe-43a4-b003-353fde944d14
- device id: 4ca35884-a93a-48fc-ad16-80b2a90aa32e
- application id: Box Tools Win exe
- application name: BoxTools
- application version: 4.28.1.1163
- metric collection url: https://client-log.box.com/index.php?rm=box_gen204_json_record
- metric data path: C:\Users\pcedillo\AppData\Local\Box\Box Tools\Metrics\BoxTools_Metrics_EFD61745.db
- post callback: 05D92F2E
- log callback: 05D92F56
- context: 00000000
- post interval in seconds: 600
- max records in a post: 100
- max db records: 500
- disable sender: true
[2025-03-18 11:59:04,904] [39   ] [INFO ] [] - Shutting down the metrics collector
[2025-03-18 12:09:04,898] [32   ] [INFO ] [] - Initializing the metrics collector
[2025-03-18 12:09:04,908] [32   ] [INFO ] [] - MetricsCollector::Sender(49): _disableSentMetrics 1
[2025-03-18 12:09:04,908] [32   ] [INFO ] [] - MetricsCollector::Initialize(231): Initialized metrics collector
- session id: ff58d207-8cfe-43a4-b003-353fde944d14
- device id: 4ca35884-a93a-48fc-ad16-80b2a90aa32e
- application id: Box Tools Win exe
- application name: BoxTools
- application version: 4.28.1.1163
- metric collection url: https://client-log.box.com/index.php?rm=box_gen204_json_record
- metric data path: C:\Users\pcedillo\AppData\Local\Box\Box Tools\Metrics\BoxTools_Metrics_EFD61745.db
- post callback: 05D92F2E
- log callback: 05D92F56
- context: 00000000
- post interval in seconds: 600
- max records in a post: 100
- max db records: 500
- disable sender: true
[2025-03-18 12:09:04,917] [32   ] [INFO ] [] - Shutting down the metrics collector
[2025-03-18 12:19:04,793] [13   ] [INFO ] [] - Initializing the metrics collector
[2025-03-18 12:19:04,798] [13   ] [INFO ] [] - MetricsCollector::Sender(49): _disableSentMetrics 1
[2025-03-18 12:19:04,799] [13   ] [INFO ] [] - MetricsCollector::Initialize(231): Initialized metrics collector
- session id: ff58d207-8cfe-43a4-b003-353fde944d14
- device id: 4ca35884-a93a-48fc-ad16-80b2a90aa32e
- application id: Box Tools Win exe
- application name: BoxTools
- application version: 4.28.1.1163
- metric collection url: https://client-log.box.com/index.php?rm=box_gen204_json_record
- metric data path: C:\Users\pcedillo\AppData\Local\Box\Box Tools\Metrics\BoxTools_Metrics_EFD61745.db
- post callback: 05D92F2E
- log callback: 05D92F56
- context: 00000000
- post interval in seconds: 600
- max records in a post: 100
- max db records: 500
- disable sender: true
[2025-03-18 12:19:04,805] [13   ] [INFO ] [] - Shutting down the metrics collector
[2025-03-18 12:29:04,780] [13   ] [INFO ] [] - Initializing the metrics collector
[2025-03-18 12:29:04,794] [13   ] [INFO ] [] - MetricsCollector::Sender(49): _disableSentMetrics 1
[2025-03-18 12:29:04,794] [13   ] [INFO ] [] - MetricsCollector::Initialize(231): Initialized metrics collector
- session id: ff58d207-8cfe-43a4-b003-353fde944d14
- device id: 4ca35884-a93a-48fc-ad16-80b2a90aa32e
- application id: Box Tools Win exe
- application name: BoxTools
- application version: 4.28.1.1163
- metric collection url: https://client-log.box.com/index.php?rm=box_gen204_json_record
- metric data path: C:\Users\pcedillo\AppData\Local\Box\Box Tools\Metrics\BoxTools_Metrics_EFD61745.db
- post callback: 05D92F2E
- log callback: 05D92F56
- context: 00000000
- post interval in seconds: 600
- max records in a post: 100
- max db records: 500
- disable sender: true
[2025-03-18 12:29:04,809] [13   ] [INFO ] [] - Shutting down the metrics collector
[2025-03-18 12:39:04,757] [7    ] [INFO ] [] - Initializing the metrics collector
[2025-03-18 12:39:04,769] [7    ] [INFO ] [] - MetricsCollector::Sender(49): _disableSentMetrics 1
[2025-03-18 12:39:04,769] [7    ] [INFO ] [] - MetricsCollector::Initialize(231): Initialized metrics collector
- session id: ff58d207-8cfe-43a4-b003-353fde944d14
- device id: 4ca35884-a93a-48fc-ad16-80b2a90aa32e
- application id: Box Tools Win exe
- application name: BoxTools
- application version: 4.28.1.1163
- metric collection url: https://client-log.box.com/index.php?rm=box_gen204_json_record
- metric data path: C:\Users\pcedillo\AppData\Local\Box\Box Tools\Metrics\BoxTools_Metrics_EFD61745.db
- post callback: 05D92F2E
- log callback: 05D92F56
- context: 00000000
- post interval in seconds: 600
- max records in a post: 100
- max db records: 500
- disable sender: true
[2025-03-18 12:39:04,781] [7    ] [INFO ] [] - Shutting down the metrics collector
[2025-03-18 12:49:04,717] [20   ] [INFO ] [] - Initializing the metrics collector
[2025-03-18 12:49:04,730] [20   ] [INFO ] [] - MetricsCollector::Sender(49): _disableSentMetrics 1
[2025-03-18 12:49:04,732] [20   ] [INFO ] [] - MetricsCollector::Initialize(231): Initialized metrics collector
- session id: ff58d207-8cfe-43a4-b003-353fde944d14
- device id: 4ca35884-a93a-48fc-ad16-80b2a90aa32e
- application id: Box Tools Win exe
- application name: BoxTools
- application version: 4.28.1.1163
- metric collection url: https://client-log.box.com/index.php?rm=box_gen204_json_record
- metric data path: C:\Users\pcedillo\AppData\Local\Box\Box Tools\Metrics\BoxTools_Metrics_EFD61745.db
- post callback: 05D92F2E
- log callback: 05D92F56
- context: 00000000
- post interval in seconds: 600
- max records in a post: 100
- max db records: 500
- disable sender: true
[2025-03-18 12:49:04,745] [20   ] [INFO ] [] - Shutting down the metrics collector
[2025-03-18 12:59:04,669] [27   ] [INFO ] [] - Initializing the metrics collector
[2025-03-18 12:59:04,679] [27   ] [INFO ] [] - MetricsCollector::Sender(49): _disableSentMetrics 1
[2025-03-18 12:59:04,679] [27   ] [INFO ] [] - MetricsCollector::Initialize(231): Initialized metrics collector
- session id: ff58d207-8cfe-43a4-b003-353fde944d14
- device id: 4ca35884-a93a-48fc-ad16-80b2a90aa32e
- application id: Box Tools Win exe
- application name: BoxTools
- application version: 4.28.1.1163
- metric collection url: https://client-log.box.com/index.php?rm=box_gen204_json_record
- metric data path: C:\Users\pcedillo\AppData\Local\Box\Box Tools\Metrics\BoxTools_Metrics_EFD61745.db
- post callback: 05D92F2E
- log callback: 05D92F56
- context: 00000000
- post interval in seconds: 600
- max records in a post: 100
- max db records: 500
- disable sender: true
[2025-03-18 12:59:04,691] [27   ] [INFO ] [] - Shutting down the metrics collector
[2025-03-18 13:09:04,648] [7    ] [INFO ] [] - Initializing the metrics collector
[2025-03-18 13:09:04,655] [7    ] [INFO ] [] - MetricsCollector::Sender(49): _disableSentMetrics 1
[2025-03-18 13:09:04,657] [7    ] [INFO ] [] - MetricsCollector::Initialize(231): Initialized metrics collector
- session id: ff58d207-8cfe-43a4-b003-353fde944d14
- device id: 4ca35884-a93a-48fc-ad16-80b2a90aa32e
- application id: Box Tools Win exe
- application name: BoxTools
- application version: 4.28.1.1163
- metric collection url: https://client-log.box.com/index.php?rm=box_gen204_json_record
- metric data path: C:\Users\pcedillo\AppData\Local\Box\Box Tools\Metrics\BoxTools_Metrics_EFD61745.db
- post callback: 05D92F2E
- log callback: 05D92F56
- context: 00000000
- post interval in seconds: 600
- max records in a post: 100
- max db records: 500
- disable sender: true
[2025-03-18 13:09:04,666] [7    ] [INFO ] [] - Shutting down the metrics collector
[2025-03-18 13:19:04,644] [41   ] [INFO ] [] - Initializing the metrics collector
[2025-03-18 13:19:04,654] [41   ] [INFO ] [] - MetricsCollector::Sender(49): _disableSentMetrics 1
[2025-03-18 13:19:04,655] [41   ] [INFO ] [] - MetricsCollector::Initialize(231): Initialized metrics collector
- session id: ff58d207-8cfe-43a4-b003-353fde944d14
- device id: 4ca35884-a93a-48fc-ad16-80b2a90aa32e
- application id: Box Tools Win exe
- application name: BoxTools
- application version: 4.28.1.1163
- metric collection url: https://client-log.box.com/index.php?rm=box_gen204_json_record
- metric data path: C:\Users\pcedillo\AppData\Local\Box\Box Tools\Metrics\BoxTools_Metrics_EFD61745.db
- post callback: 05D92F2E
- log callback: 05D92F56
- context: 00000000
- post interval in seconds: 600
- max records in a post: 100
- max db records: 500
- disable sender: true
[2025-03-18 13:19:04,672] [41   ] [INFO ] [] - Shutting down the metrics collector
[2025-03-18 14:35:06,161] [34   ] [INFO ] [] - Initializing the metrics collector
[2025-03-18 14:35:06,171] [34   ] [INFO ] [] - MetricsCollector::Sender(49): _disableSentMetrics 1
[2025-03-18 14:35:06,172] [34   ] [INFO ] [] - MetricsCollector::Initialize(231): Initialized metrics collector
- session id: ff58d207-8cfe-43a4-b003-353fde944d14
- device id: 4ca35884-a93a-48fc-ad16-80b2a90aa32e
- application id: Box Tools Win exe
- application name: BoxTools
- application version: 4.28.1.1163
- metric collection url: https://client-log.box.com/index.php?rm=box_gen204_json_record
- metric data path: C:\Users\pcedillo\AppData\Local\Box\Box Tools\Metrics\BoxTools_Metrics_EFD61745.db
- post callback: 05D92F2E
- log callback: 05D92F56
- context: 00000000
- post interval in seconds: 600
- max records in a post: 100
- max db records: 500
- disable sender: true
[2025-03-18 14:35:06,189] [34   ] [INFO ] [] - Shutting down the metrics collector
[2025-03-18 14:45:05,638] [27   ] [INFO ] [] - Initializing the metrics collector
[2025-03-18 14:45:05,660] [27   ] [INFO ] [] - MetricsCollector::Sender(49): _disableSentMetrics 1
[2025-03-18 14:45:05,661] [27   ] [INFO ] [] - MetricsCollector::Initialize(231): Initialized metrics collector
- session id: ff58d207-8cfe-43a4-b003-353fde944d14
- device id: 4ca35884-a93a-48fc-ad16-80b2a90aa32e
- application id: Box Tools Win exe
- application name: BoxTools
- application version: 4.28.1.1163
- metric collection url: https://client-log.box.com/index.php?rm=box_gen204_json_record
- metric data path: C:\Users\pcedillo\AppData\Local\Box\Box Tools\Metrics\BoxTools_Metrics_EFD61745.db
- post callback: 05D92F2E
- log callback: 05D92F56
- context: 00000000
- post interval in seconds: 600
- max records in a post: 100
- max db records: 500
- disable sender: true
[2025-03-18 14:45:05,675] [27   ] [INFO ] [] - Shutting down the metrics collector
[2025-03-18 14:55:05,562] [29   ] [INFO ] [] - Initializing the metrics collector
[2025-03-18 14:55:05,577] [29   ] [INFO ] [] - MetricsCollector::Sender(49): _disableSentMetrics 1
[2025-03-18 14:55:05,578] [29   ] [INFO ] [] - MetricsCollector::Initialize(231): Initialized metrics collector
- session id: ff58d207-8cfe-43a4-b003-353fde944d14
- device id: 4ca35884-a93a-48fc-ad16-80b2a90aa32e
- application id: Box Tools Win exe
- application name: BoxTools
- application version: 4.28.1.1163
- metric collection url: https://client-log.box.com/index.php?rm=box_gen204_json_record
- metric data path: C:\Users\pcedillo\AppData\Local\Box\Box Tools\Metrics\BoxTools_Metrics_EFD61745.db
- post callback: 05D92F2E
- log callback: 05D92F56
- context: 00000000
- post interval in seconds: 600
- max records in a post: 100
- max db records: 500
- disable sender: true
[2025-03-18 14:55:05,597] [29   ] [INFO ] [] - Shutting down the metrics collector
[2025-03-18 15:05:05,569] [24   ] [INFO ] [] - Initializing the metrics collector
[2025-03-18 15:05:05,588] [24   ] [INFO ] [] - MetricsCollector::Sender(49): _disableSentMetrics 1
[2025-03-18 15:05:05,588] [24   ] [INFO ] [] - MetricsCollector::Initialize(231): Initialized metrics collector
- session id: ff58d207-8cfe-43a4-b003-353fde944d14
- device id: 4ca35884-a93a-48fc-ad16-80b2a90aa32e
- application id: Box Tools Win exe
- application name: BoxTools
- application version: 4.28.1.1163
- metric collection url: https://client-log.box.com/index.php?rm=box_gen204_json_record
- metric data path: C:\Users\pcedillo\AppData\Local\Box\Box Tools\Metrics\BoxTools_Metrics_EFD61745.db
- post callback: 05D92F2E
- log callback: 05D92F56
- context: 00000000
- post interval in seconds: 600
- max records in a post: 100
- max db records: 500
- disable sender: true
[2025-03-18 15:05:05,612] [24   ] [INFO ] [] - Shutting down the metrics collector
[2025-03-18 15:15:05,498] [44   ] [INFO ] [] - Initializing the metrics collector
[2025-03-18 15:15:05,522] [44   ] [INFO ] [] - MetricsCollector::Sender(49): _disableSentMetrics 1
[2025-03-18 15:15:05,523] [44   ] [INFO ] [] - MetricsCollector::Initialize(231): Initialized metrics collector
- session id: ff58d207-8cfe-43a4-b003-353fde944d14
- device id: 4ca35884-a93a-48fc-ad16-80b2a90aa32e
- application id: Box Tools Win exe
- application name: BoxTools
- application version: 4.28.1.1163
- metric collection url: https://client-log.box.com/index.php?rm=box_gen204_json_record
- metric data path: C:\Users\pcedillo\AppData\Local\Box\Box Tools\Metrics\BoxTools_Metrics_EFD61745.db
- post callback: 05D92F2E
- log callback: 05D92F56
- context: 00000000
- post interval in seconds: 600
- max records in a post: 100
- max db records: 500
- disable sender: true
[2025-03-18 15:15:05,542] [44   ] [INFO ] [] - Shutting down the metrics collector
[2025-03-18 15:25:05,455] [55   ] [INFO ] [] - Initializing the metrics collector
[2025-03-18 15:25:05,479] [55   ] [INFO ] [] - MetricsCollector::Sender(49): _disableSentMetrics 1
[2025-03-18 15:25:05,481] [55   ] [INFO ] [] - MetricsCollector::Initialize(231): Initialized metrics collector
- session id: ff58d207-8cfe-43a4-b003-353fde944d14
- device id: 4ca35884-a93a-48fc-ad16-80b2a90aa32e
- application id: Box Tools Win exe
- application name: BoxTools
- application version: 4.28.1.1163
- metric collection url: https://client-log.box.com/index.php?rm=box_gen204_json_record
- metric data path: C:\Users\pcedillo\AppData\Local\Box\Box Tools\Metrics\BoxTools_Metrics_EFD61745.db
- post callback: 05D92F2E
- log callback: 05D92F56
- context: 00000000
- post interval in seconds: 600
- max records in a post: 100
- max db records: 500
- disable sender: true
[2025-03-18 15:25:05,503] [55   ] [INFO ] [] - Shutting down the metrics collector
[2025-03-18 15:35:05,414] [11   ] [INFO ] [] - Initializing the metrics collector
[2025-03-18 15:35:05,436] [11   ] [INFO ] [] - MetricsCollector::Sender(49): _disableSentMetrics 1
[2025-03-18 15:35:05,437] [11   ] [INFO ] [] - MetricsCollector::Initialize(231): Initialized metrics collector
- session id: ff58d207-8cfe-43a4-b003-353fde944d14
- device id: 4ca35884-a93a-48fc-ad16-80b2a90aa32e
- application id: Box Tools Win exe
- application name: BoxTools
- application version: 4.28.1.1163
- metric collection url: https://client-log.box.com/index.php?rm=box_gen204_json_record
- metric data path: C:\Users\pcedillo\AppData\Local\Box\Box Tools\Metrics\BoxTools_Metrics_EFD61745.db
- post callback: 05D92F2E
- log callback: 05D92F56
- context: 00000000
- post interval in seconds: 600
- max records in a post: 100
- max db records: 500
- disable sender: true
[2025-03-18 15:35:05,457] [11   ] [INFO ] [] - Shutting down the metrics collector
[2025-03-18 15:45:05,365] [57   ] [INFO ] [] - Initializing the metrics collector
[2025-03-18 15:45:05,380] [57   ] [INFO ] [] - MetricsCollector::Sender(49): _disableSentMetrics 1
[2025-03-18 15:45:05,381] [57   ] [INFO ] [] - MetricsCollector::Initialize(231): Initialized metrics collector
- session id: ff58d207-8cfe-43a4-b003-353fde944d14
- device id: 4ca35884-a93a-48fc-ad16-80b2a90aa32e
- application id: Box Tools Win exe
- application name: BoxTools
- application version: 4.28.1.1163
- metric collection url: https://client-log.box.com/index.php?rm=box_gen204_json_record
- metric data path: C:\Users\pcedillo\AppData\Local\Box\Box Tools\Metrics\BoxTools_Metrics_EFD61745.db
- post callback: 05D92F2E
- log callback: 05D92F56
- context: 00000000
- post interval in seconds: 600
- max records in a post: 100
- max db records: 500
- disable sender: true
[2025-03-18 15:45:05,403] [57   ] [INFO ] [] - Shutting down the metrics collector
[2025-03-18 15:55:05,338] [46   ] [INFO ] [] - Initializing the metrics collector
[2025-03-18 15:55:05,346] [46   ] [INFO ] [] - MetricsCollector::Sender(49): _disableSentMetrics 1
[2025-03-18 15:55:05,347] [46   ] [INFO ] [] - MetricsCollector::Initialize(231): Initialized metrics collector
- session id: ff58d207-8cfe-43a4-b003-353fde944d14
- device id: 4ca35884-a93a-48fc-ad16-80b2a90aa32e
- application id: Box Tools Win exe
- application name: BoxTools
- application version: 4.28.1.1163
- metric collection url: https://client-log.box.com/index.php?rm=box_gen204_json_record
- metric data path: C:\Users\pcedillo\AppData\Local\Box\Box Tools\Metrics\BoxTools_Metrics_EFD61745.db
- post callback: 05D92F2E
- log callback: 05D92F56
- context: 00000000
- post interval in seconds: 600
- max records in a post: 100
- max db records: 500
- disable sender: true
[2025-03-18 15:55:05,354] [46   ] [INFO ] [] - Shutting down the metrics collector
[2025-03-18 16:05:05,281] [28   ] [INFO ] [] - Initializing the metrics collector
[2025-03-18 16:05:05,286] [28   ] [INFO ] [] - MetricsCollector::Sender(49): _disableSentMetrics 1
[2025-03-18 16:05:05,286] [28   ] [INFO ] [] - MetricsCollector::Initialize(231): Initialized metrics collector
- session id: ff58d207-8cfe-43a4-b003-353fde944d14
- device id: 4ca35884-a93a-48fc-ad16-80b2a90aa32e
- application id: Box Tools Win exe
- application name: BoxTools
- application version: 4.28.1.1163
- metric collection url: https://client-log.box.com/index.php?rm=box_gen204_json_record
- metric data path: C:\Users\pcedillo\AppData\Local\Box\Box Tools\Metrics\BoxTools_Metrics_EFD61745.db
- post callback: 05D92F2E
- log callback: 05D92F56
- context: 00000000
- post interval in seconds: 600
- max records in a post: 100
- max db records: 500
- disable sender: true
[2025-03-18 16:05:05,291] [28   ] [INFO ] [] - Shutting down the metrics collector
[2025-03-18 16:15:05,258] [31   ] [INFO ] [] - Initializing the metrics collector
[2025-03-18 16:15:05,270] [31   ] [INFO ] [] - MetricsCollector::Sender(49): _disableSentMetrics 1
[2025-03-18 16:15:05,271] [31   ] [INFO ] [] - MetricsCollector::Initialize(231): Initialized metrics collector
- session id: ff58d207-8cfe-43a4-b003-353fde944d14
- device id: 4ca35884-a93a-48fc-ad16-80b2a90aa32e
- application id: Box Tools Win exe
- application name: BoxTools
- application version: 4.28.1.1163
- metric collection url: https://client-log.box.com/index.php?rm=box_gen204_json_record
- metric data path: C:\Users\pcedillo\AppData\Local\Box\Box Tools\Metrics\BoxTools_Metrics_EFD61745.db
- post callback: 05D92F2E
- log callback: 05D92F56
- context: 00000000
- post interval in seconds: 600
- max records in a post: 100
- max db records: 500
- disable sender: true
[2025-03-18 16:15:05,278] [31   ] [INFO ] [] - Shutting down the metrics collector
[2025-03-18 16:25:05,213] [43   ] [INFO ] [] - Initializing the metrics collector
[2025-03-18 16:25:05,233] [43   ] [INFO ] [] - MetricsCollector::Sender(49): _disableSentMetrics 1
[2025-03-18 16:25:05,234] [43   ] [INFO ] [] - MetricsCollector::Initialize(231): Initialized metrics collector
- session id: ff58d207-8cfe-43a4-b003-353fde944d14
- device id: 4ca35884-a93a-48fc-ad16-80b2a90aa32e
- application id: Box Tools Win exe
- application name: BoxTools
- application version: 4.28.1.1163
- metric collection url: https://client-log.box.com/index.php?rm=box_gen204_json_record
- metric data path: C:\Users\pcedillo\AppData\Local\Box\Box Tools\Metrics\BoxTools_Metrics_EFD61745.db
- post callback: 05D92F2E
- log callback: 05D92F56
- context: 00000000
- post interval in seconds: 600
- max records in a post: 100
- max db records: 500
- disable sender: true
[2025-03-18 16:25:05,256] [43   ] [INFO ] [] - Shutting down the metrics collector
[2025-03-18 16:35:05,185] [74   ] [INFO ] [] - Initializing the metrics collector
[2025-03-18 16:35:05,202] [74   ] [INFO ] [] - MetricsCollector::Sender(49): _disableSentMetrics 1
[2025-03-18 16:35:05,202] [74   ] [INFO ] [] - MetricsCollector::Initialize(231): Initialized metrics collector
- session id: ff58d207-8cfe-43a4-b003-353fde944d14
- device id: 4ca35884-a93a-48fc-ad16-80b2a90aa32e
- application id: Box Tools Win exe
- application name: BoxTools
- application version: 4.28.1.1163
- metric collection url: https://client-log.box.com/index.php?rm=box_gen204_json_record
- metric data path: C:\Users\pcedillo\AppData\Local\Box\Box Tools\Metrics\BoxTools_Metrics_EFD61745.db
- post callback: 05D92F2E
- log callback: 05D92F56
- context: 00000000
- post interval in seconds: 600
- max records in a post: 100
- max db records: 500
- disable sender: true
[2025-03-18 16:35:05,220] [74   ] [INFO ] [] - Shutting down the metrics collector
[2025-03-18 16:45:05,157] [85   ] [INFO ] [] - Initializing the metrics collector
[2025-03-18 16:45:05,172] [85   ] [INFO ] [] - MetricsCollector::Sender(49): _disableSentMetrics 1
[2025-03-18 16:45:05,173] [85   ] [INFO ] [] - MetricsCollector::Initialize(231): Initialized metrics collector
- session id: ff58d207-8cfe-43a4-b003-353fde944d14
- device id: 4ca35884-a93a-48fc-ad16-80b2a90aa32e
- application id: Box Tools Win exe
- application name: BoxTools
- application version: 4.28.1.1163
- metric collection url: https://client-log.box.com/index.php?rm=box_gen204_json_record
- metric data path: C:\Users\pcedillo\AppData\Local\Box\Box Tools\Metrics\BoxTools_Metrics_EFD61745.db
- post callback: 05D92F2E
- log callback: 05D92F56
- context: 00000000
- post interval in seconds: 600
- max records in a post: 100
- max db records: 500
- disable sender: true
[2025-03-18 16:45:05,192] [85   ] [INFO ] [] - Shutting down the metrics collector
[2025-03-18 16:55:05,154] [76   ] [INFO ] [] - Initializing the metrics collector
[2025-03-18 16:55:05,164] [76   ] [INFO ] [] - MetricsCollector::Sender(49): _disableSentMetrics 1
[2025-03-18 16:55:05,165] [76   ] [INFO ] [] - MetricsCollector::Initialize(231): Initialized metrics collector
- session id: ff58d207-8cfe-43a4-b003-353fde944d14
- device id: 4ca35884-a93a-48fc-ad16-80b2a90aa32e
- application id: Box Tools Win exe
- application name: BoxTools
- application version: 4.28.1.1163
- metric collection url: https://client-log.box.com/index.php?rm=box_gen204_json_record
- metric data path: C:\Users\pcedillo\AppData\Local\Box\Box Tools\Metrics\BoxTools_Metrics_EFD61745.db
- post callback: 05D92F2E
- log callback: 05D92F56
- context: 00000000
- post interval in seconds: 600
- max records in a post: 100
- max db records: 500
- disable sender: true
[2025-03-18 16:55:05,173] [76   ] [INFO ] [] - Shutting down the metrics collector
[2025-03-18 18:59:59,792] [26   ] [INFO ] [] - Initializing the metrics collector
[2025-03-18 18:59:59,811] [26   ] [INFO ] [] - MetricsCollector::Sender(49): _disableSentMetrics 1
[2025-03-18 18:59:59,812] [26   ] [INFO ] [] - MetricsCollector::Initialize(231): Initialized metrics collector
- session id: ff58d207-8cfe-43a4-b003-353fde944d14
- device id: 4ca35884-a93a-48fc-ad16-80b2a90aa32e
- application id: Box Tools Win exe
- application name: BoxTools
- application version: 4.28.1.1163
- metric collection url: https://client-log.box.com/index.php?rm=box_gen204_json_record
- metric data path: C:\Users\pcedillo\AppData\Local\Box\Box Tools\Metrics\BoxTools_Metrics_EFD61745.db
- post callback: 05D92F2E
- log callback: 05D92F56
- context: 00000000
- post interval in seconds: 600
- max records in a post: 100
- max db records: 500
- disable sender: true
[2025-03-18 18:59:59,834] [26   ] [INFO ] [] - Shutting down the metrics collector
[2025-03-18 19:09:59,791] [22   ] [INFO ] [] - Initializing the metrics collector
[2025-03-18 19:09:59,816] [22   ] [INFO ] [] - MetricsCollector::Sender(49): _disableSentMetrics 1
[2025-03-18 19:09:59,817] [22   ] [INFO ] [] - MetricsCollector::Initialize(231): Initialized metrics collector
- session id: ff58d207-8cfe-43a4-b003-353fde944d14
- device id: 4ca35884-a93a-48fc-ad16-80b2a90aa32e
- application id: Box Tools Win exe
- application name: BoxTools
- application version: 4.28.1.1163
- metric collection url: https://client-log.box.com/index.php?rm=box_gen204_json_record
- metric data path: C:\Users\pcedillo\AppData\Local\Box\Box Tools\Metrics\BoxTools_Metrics_EFD61745.db
- post callback: 05D92F2E
- log callback: 05D92F56
- context: 00000000
- post interval in seconds: 600
- max records in a post: 100
- max db records: 500
- disable sender: true
[2025-03-18 19:09:59,839] [22   ] [INFO ] [] - Shutting down the metrics collector
[2025-03-18 19:19:59,796] [32   ] [INFO ] [] - Initializing the metrics collector
[2025-03-18 19:19:59,815] [32   ] [INFO ] [] - MetricsCollector::Sender(49): _disableSentMetrics 1
[2025-03-18 19:19:59,817] [32   ] [INFO ] [] - MetricsCollector::Initialize(231): Initialized metrics collector
- session id: ff58d207-8cfe-43a4-b003-353fde944d14
- device id: 4ca35884-a93a-48fc-ad16-80b2a90aa32e
- application id: Box Tools Win exe
- application name: BoxTools
- application version: 4.28.1.1163
- metric collection url: https://client-log.box.com/index.php?rm=box_gen204_json_record
- metric data path: C:\Users\pcedillo\AppData\Local\Box\Box Tools\Metrics\BoxTools_Metrics_EFD61745.db
- post callback: 05D92F2E
- log callback: 05D92F56
- context: 00000000
- post interval in seconds: 600
- max records in a post: 100
- max db records: 500
- disable sender: true
[2025-03-18 19:19:59,839] [32   ] [INFO ] [] - Shutting down the metrics collector
[2025-03-18 19:29:59,805] [21   ] [INFO ] [] - Initializing the metrics collector
[2025-03-18 19:29:59,824] [21   ] [INFO ] [] - MetricsCollector::Sender(49): _disableSentMetrics 1
[2025-03-18 19:29:59,825] [21   ] [INFO ] [] - MetricsCollector::Initialize(231): Initialized metrics collector
- session id: ff58d207-8cfe-43a4-b003-353fde944d14
- device id: 4ca35884-a93a-48fc-ad16-80b2a90aa32e
- application id: Box Tools Win exe
- application name: BoxTools
- application version: 4.28.1.1163
- metric collection url: https://client-log.box.com/index.php?rm=box_gen204_json_record
- metric data path: C:\Users\pcedillo\AppData\Local\Box\Box Tools\Metrics\BoxTools_Metrics_EFD61745.db
- post callback: 05D92F2E
- log callback: 05D92F56
- context: 00000000
- post interval in seconds: 600
- max records in a post: 100
- max db records: 500
- disable sender: true
[2025-03-18 19:29:59,847] [21   ] [INFO ] [] - Shutting down the metrics collector
[2025-03-18 19:39:59,827] [54   ] [INFO ] [] - Initializing the metrics collector
[2025-03-18 19:39:59,843] [54   ] [INFO ] [] - MetricsCollector::Sender(49): _disableSentMetrics 1
[2025-03-18 19:39:59,845] [54   ] [INFO ] [] - MetricsCollector::Initialize(231): Initialized metrics collector
- session id: ff58d207-8cfe-43a4-b003-353fde944d14
- device id: 4ca35884-a93a-48fc-ad16-80b2a90aa32e
- application id: Box Tools Win exe
- application name: BoxTools
- application version: 4.28.1.1163
- metric collection url: https://client-log.box.com/index.php?rm=box_gen204_json_record
- metric data path: C:\Users\pcedillo\AppData\Local\Box\Box Tools\Metrics\BoxTools_Metrics_EFD61745.db
- post callback: 05D92F2E
- log callback: 05D92F56
- context: 00000000
- post interval in seconds: 600
- max records in a post: 100
- max db records: 500
- disable sender: true
[2025-03-18 19:39:59,864] [54   ] [INFO ] [] - Shutting down the metrics collector
[2025-03-18 19:49:59,851] [66   ] [INFO ] [] - Initializing the metrics collector
[2025-03-18 19:49:59,867] [66   ] [INFO ] [] - MetricsCollector::Sender(49): _disableSentMetrics 1
[2025-03-18 19:49:59,868] [66   ] [INFO ] [] - MetricsCollector::Initialize(231): Initialized metrics collector
- session id: ff58d207-8cfe-43a4-b003-353fde944d14
- device id: 4ca35884-a93a-48fc-ad16-80b2a90aa32e
- application id: Box Tools Win exe
- application name: BoxTools
- application version: 4.28.1.1163
- metric collection url: https://client-log.box.com/index.php?rm=box_gen204_json_record
- metric data path: C:\Users\pcedillo\AppData\Local\Box\Box Tools\Metrics\BoxTools_Metrics_EFD61745.db
- post callback: 05D92F2E
- log callback: 05D92F56
- context: 00000000
- post interval in seconds: 600
- max records in a post: 100
- max db records: 500
- disable sender: true
[2025-03-18 19:49:59,886] [66   ] [INFO ] [] - Shutting down the metrics collector
[2025-03-18 19:59:59,871] [74   ] [INFO ] [] - Initializing the metrics collector
[2025-03-18 19:59:59,884] [74   ] [INFO ] [] - MetricsCollector::Sender(49): _disableSentMetrics 1
[2025-03-18 19:59:59,885] [74   ] [INFO ] [] - MetricsCollector::Initialize(231): Initialized metrics collector
- session id: ff58d207-8cfe-43a4-b003-353fde944d14
- device id: 4ca35884-a93a-48fc-ad16-80b2a90aa32e
- application id: Box Tools Win exe
- application name: BoxTools
- application version: 4.28.1.1163
- metric collection url: https://client-log.box.com/index.php?rm=box_gen204_json_record
- metric data path: C:\Users\pcedillo\AppData\Local\Box\Box Tools\Metrics\BoxTools_Metrics_EFD61745.db
- post callback: 05D92F2E
- log callback: 05D92F56
- context: 00000000
- post interval in seconds: 600
- max records in a post: 100
- max db records: 500
- disable sender: true
[2025-03-18 19:59:59,895] [74   ] [INFO ] [] - Shutting down the metrics collector
[2025-03-18 20:09:59,876] [77   ] [INFO ] [] - Initializing the metrics collector
[2025-03-18 20:09:59,886] [77   ] [INFO ] [] - MetricsCollector::Sender(49): _disableSentMetrics 1
[2025-03-18 20:09:59,886] [77   ] [INFO ] [] - MetricsCollector::Initialize(231): Initialized metrics collector
- session id: ff58d207-8cfe-43a4-b003-353fde944d14
- device id: 4ca35884-a93a-48fc-ad16-80b2a90aa32e
- application id: Box Tools Win exe
- application name: BoxTools
- application version: 4.28.1.1163
- metric collection url: https://client-log.box.com/index.php?rm=box_gen204_json_record
- metric data path: C:\Users\pcedillo\AppData\Local\Box\Box Tools\Metrics\BoxTools_Metrics_EFD61745.db
- post callback: 05D92F2E
- log callback: 05D92F56
- context: 00000000
- post interval in seconds: 600
- max records in a post: 100
- max db records: 500
- disable sender: true
[2025-03-18 20:09:59,900] [77   ] [INFO ] [] - Shutting down the metrics collector
[2025-03-18 20:19:59,892] [3    ] [INFO ] [] - Initializing the metrics collector
[2025-03-18 20:19:59,900] [3    ] [INFO ] [] - MetricsCollector::Sender(49): _disableSentMetrics 1
[2025-03-18 20:19:59,900] [3    ] [INFO ] [] - MetricsCollector::Initialize(231): Initialized metrics collector
- session id: ff58d207-8cfe-43a4-b003-353fde944d14
- device id: 4ca35884-a93a-48fc-ad16-80b2a90aa32e
- application id: Box Tools Win exe
- application name: BoxTools
- application version: 4.28.1.1163
- metric collection url: https://client-log.box.com/index.php?rm=box_gen204_json_record
- metric data path: C:\Users\pcedillo\AppData\Local\Box\Box Tools\Metrics\BoxTools_Metrics_EFD61745.db
- post callback: 05D92F2E
- log callback: 05D92F56
- context: 00000000
- post interval in seconds: 600
- max records in a post: 100
- max db records: 500
- disable sender: true
[2025-03-18 20:19:59,914] [3    ] [INFO ] [] - Shutting down the metrics collector
[2025-03-18 20:29:59,901] [57   ] [INFO ] [] - Initializing the metrics collector
[2025-03-18 20:29:59,910] [57   ] [INFO ] [] - MetricsCollector::Sender(49): _disableSentMetrics 1
[2025-03-18 20:29:59,911] [57   ] [INFO ] [] - MetricsCollector::Initialize(231): Initialized metrics collector
- session id: ff58d207-8cfe-43a4-b003-353fde944d14
- device id: 4ca35884-a93a-48fc-ad16-80b2a90aa32e
- application id: Box Tools Win exe
- application name: BoxTools
- application version: 4.28.1.1163
- metric collection url: https://client-log.box.com/index.php?rm=box_gen204_json_record
- metric data path: C:\Users\pcedillo\AppData\Local\Box\Box Tools\Metrics\BoxTools_Metrics_EFD61745.db
- post callback: 05D92F2E
- log callback: 05D92F56
- context: 00000000
- post interval in seconds: 600
- max records in a post: 100
- max db records: 500
- disable sender: true
[2025-03-18 20:29:59,925] [57   ] [INFO ] [] - Shutting down the metrics collector
[2025-03-18 20:39:59,917] [46   ] [INFO ] [] - Initializing the metrics collector
[2025-03-18 20:39:59,926] [46   ] [INFO ] [] - MetricsCollector::Sender(49): _disableSentMetrics 1
[2025-03-18 20:39:59,927] [46   ] [INFO ] [] - MetricsCollector::Initialize(231): Initialized metrics collector
- session id: ff58d207-8cfe-43a4-b003-353fde944d14
- device id: 4ca35884-a93a-48fc-ad16-80b2a90aa32e
- application id: Box Tools Win exe
- application name: BoxTools
- application version: 4.28.1.1163
- metric collection url: https://client-log.box.com/index.php?rm=box_gen204_json_record
- metric data path: C:\Users\pcedillo\AppData\Local\Box\Box Tools\Metrics\BoxTools_Metrics_EFD61745.db
- post callback: 05D92F2E
- log callback: 05D92F56
- context: 00000000
- post interval in seconds: 600
- max records in a post: 100
- max db records: 500
- disable sender: true
[2025-03-18 20:39:59,942] [46   ] [INFO ] [] - Shutting down the metrics collector
[2025-03-18 20:49:59,931] [28   ] [INFO ] [] - Initializing the metrics collector
[2025-03-18 20:49:59,944] [28   ] [INFO ] [] - MetricsCollector::Sender(49): _disableSentMetrics 1
[2025-03-18 20:49:59,944] [28   ] [INFO ] [] - MetricsCollector::Initialize(231): Initialized metrics collector
- session id: ff58d207-8cfe-43a4-b003-353fde944d14
- device id: 4ca35884-a93a-48fc-ad16-80b2a90aa32e
- application id: Box Tools Win exe
- application name: BoxTools
- application version: 4.28.1.1163
- metric collection url: https://client-log.box.com/index.php?rm=box_gen204_json_record
- metric data path: C:\Users\pcedillo\AppData\Local\Box\Box Tools\Metrics\BoxTools_Metrics_EFD61745.db
- post callback: 05D92F2E
- log callback: 05D92F56
- context: 00000000
- post interval in seconds: 600
- max records in a post: 100
- max db records: 500
- disable sender: true
[2025-03-18 20:49:59,959] [28   ] [INFO ] [] - Shutting down the metrics collector
[2025-03-18 20:59:59,949] [31   ] [INFO ] [] - Initializing the metrics collector
[2025-03-18 20:59:59,965] [31   ] [INFO ] [] - MetricsCollector::Sender(49): _disableSentMetrics 1
[2025-03-18 20:59:59,967] [31   ] [INFO ] [] - MetricsCollector::Initialize(231): Initialized metrics collector
- session id: ff58d207-8cfe-43a4-b003-353fde944d14
- device id: 4ca35884-a93a-48fc-ad16-80b2a90aa32e
- application id: Box Tools Win exe
- application name: BoxTools
- application version: 4.28.1.1163
- metric collection url: https://client-log.box.com/index.php?rm=box_gen204_json_record
- metric data path: C:\Users\pcedillo\AppData\Local\Box\Box Tools\Metrics\BoxTools_Metrics_EFD61745.db
- post callback: 05D92F2E
- log callback: 05D92F56
- context: 00000000
- post interval in seconds: 600
- max records in a post: 100
- max db records: 500
- disable sender: true
[2025-03-18 20:59:59,986] [31   ] [INFO ] [] - Shutting down the metrics collector
