[2025-04-14 07:13:24,102] [1    ] [INFO ] [] - Attempt to acquire Single Instance Mutex
[2025-04-14 07:13:25,729] [1    ] [INFO ] [] - ========== Box Local Com Server v4.28.1.1163 ==========
[2025-04-14 07:13:25,732] [1    ] [INFO ] [] - Running as a per-user installation
[2025-04-14 07:13:27,007] [1    ] [INFO ] [] - LocalMachine RegistryKey not set
[2025-04-14 07:13:27,042] [1    ] [INFO ] [] - Starting server...
[2025-04-14 07:13:27,143] [1    ] [INFO ] [] - Server running. Listening to port 17223
[2025-04-14 07:13:27,162] [1    ] [INFO ] [] - Working with debug logging OFF
[2025-04-14 07:13:27,387] [6    ] [INFO ] [] - Initializing the metrics collector
[2025-04-14 07:13:27,680] [6    ] [INFO ] [] - MetricsCollector::Sender(49): _disableSentMetrics 1
[2025-04-14 07:13:27,682] [6    ] [INFO ] [] - MetricsCollector::Initialize(231): Initialized metrics collector
- session id: 4adafa78-8852-4750-b4aa-8107dd6be29c
- device id: 4ca35884-a93a-48fc-ad16-80b2a90aa32e
- application id: Box Tools Win exe
- application name: BoxTools
- application version: 4.28.1.1163
- metric collection url: https://client-log.box.com/index.php?rm=box_gen204_json_record
- metric data path: C:\Users\pcedillo\AppData\Local\Box\Box Tools\Metrics\BoxTools_Metrics_EFD61745.db
- post callback: 05DB04C6
- log callback: 05DB6106
- context: 00000000
- post interval in seconds: 600
- max records in a post: 100
- max db records: 500
- disable sender: true
[2025-04-14 07:13:27,796] [6    ] [INFO ] [] - Recording metric - name: ComServerStart
[2025-04-14 07:13:27,978] [6    ] [INFO ] [] - Shutting down the metrics collector
[2025-04-14 07:13:31,983] [5    ] [INFO ] [] - Initializing the metrics collector
[2025-04-14 07:13:32,136] [5    ] [INFO ] [] - MetricsCollector::Sender(49): _disableSentMetrics 1
[2025-04-14 07:13:32,138] [5    ] [INFO ] [] - MetricsCollector::Initialize(231): Initialized metrics collector
- session id: 4adafa78-8852-4750-b4aa-8107dd6be29c
- device id: 4ca35884-a93a-48fc-ad16-80b2a90aa32e
- application id: Box Tools Win exe
- application name: BoxTools
- application version: 4.28.1.1163
- metric collection url: https://client-log.box.com/index.php?rm=box_gen204_json_record
- metric data path: C:\Users\pcedillo\AppData\Local\Box\Box Tools\Metrics\BoxTools_Metrics_EFD61745.db
- post callback: 05DB04C6
- log callback: 05DB6106
- context: 00000000
- post interval in seconds: 600
- max records in a post: 100
- max db records: 500
- disable sender: true
[2025-04-14 07:13:32,518] [5    ] [INFO ] [] - Posting metric to endpoint
[2025-04-14 07:13:39,079] [5    ] [INFO ] [] - Metrics sent to the endpoint
[2025-04-14 07:13:39,102] [5    ] [INFO ] [] - Shutting down the metrics collector
[2025-04-14 07:16:11,326] [16   ] [INFO ] [] - Accepted Origin
[2025-04-14 07:16:11,374] [16   ] [INFO ] [] - Handling status request
[2025-04-14 14:08:57,631] [19   ] [INFO ] [] - Initializing the metrics collector
[2025-04-14 14:08:57,646] [19   ] [INFO ] [] - MetricsCollector::Sender(49): _disableSentMetrics 1
[2025-04-14 14:08:57,646] [19   ] [INFO ] [] - MetricsCollector::Initialize(231): Initialized metrics collector
- session id: 4adafa78-8852-4750-b4aa-8107dd6be29c
- device id: 4ca35884-a93a-48fc-ad16-80b2a90aa32e
- application id: Box Tools Win exe
- application name: BoxTools
- application version: 4.28.1.1163
- metric collection url: https://client-log.box.com/index.php?rm=box_gen204_json_record
- metric data path: C:\Users\pcedillo\AppData\Local\Box\Box Tools\Metrics\BoxTools_Metrics_EFD61745.db
- post callback: 05DB04C6
- log callback: 05DB6106
- context: 00000000
- post interval in seconds: 600
- max records in a post: 100
- max db records: 500
- disable sender: true
[2025-04-14 14:08:57,662] [19   ] [INFO ] [] - Shutting down the metrics collector
[2025-04-14 14:18:57,274] [20   ] [INFO ] [] - Initializing the metrics collector
[2025-04-14 14:18:57,289] [20   ] [INFO ] [] - MetricsCollector::Sender(49): _disableSentMetrics 1
[2025-04-14 14:18:57,289] [20   ] [INFO ] [] - MetricsCollector::Initialize(231): Initialized metrics collector
- session id: 4adafa78-8852-4750-b4aa-8107dd6be29c
- device id: 4ca35884-a93a-48fc-ad16-80b2a90aa32e
- application id: Box Tools Win exe
- application name: BoxTools
- application version: 4.28.1.1163
- metric collection url: https://client-log.box.com/index.php?rm=box_gen204_json_record
- metric data path: C:\Users\pcedillo\AppData\Local\Box\Box Tools\Metrics\BoxTools_Metrics_EFD61745.db
- post callback: 05DB04C6
- log callback: 05DB6106
- context: 00000000
- post interval in seconds: 600
- max records in a post: 100
- max db records: 500
- disable sender: true
[2025-04-14 14:18:57,304] [20   ] [INFO ] [] - Shutting down the metrics collector
