[2024-12-02 08:52:16,525] [21   ] [INFO ] [] - Initializing the metrics collector
[2024-12-02 08:52:16,560] [21   ] [INFO ] [] - MetricsCollector::Sender(49): _disableSentMetrics 1
[2024-12-02 08:52:16,560] [21   ] [INFO ] [] - MetricsCollector::Initialize(231): Initialized metrics collector
- session id: 4b65b0eb-8b86-46ee-b4dd-4338d4f1fd2c
- device id: 4ca35884-a93a-48fc-ad16-80b2a90aa32e
- application id: Box Tools Win exe
- application name: BoxTools
- application version: 4.26.1.1109
- metric collection url: https://client-log.box.com/index.php?rm=box_gen204_json_record
- metric data path: C:\Users\pcedillo\AppData\Local\Box\Box Tools\Metrics\BoxTools_Metrics.db
- post callback: 059C2E1E
- log callback: 059C2E46
- context: 00000000
- post interval in seconds: 600
- max records in a post: 100
- max db records: 500
- disable sender: true
[2024-12-02 08:52:16,573] [21   ] [INFO ] [] - Shutting down the metrics collector
[2024-12-02 09:02:15,992] [40   ] [INFO ] [] - Initializing the metrics collector
[2024-12-02 09:02:15,994] [40   ] [INFO ] [] - MetricsCollector::Sender(49): _disableSentMetrics 1
[2024-12-02 09:02:15,994] [40   ] [INFO ] [] - MetricsCollector::Initialize(231): Initialized metrics collector
- session id: 4b65b0eb-8b86-46ee-b4dd-4338d4f1fd2c
- device id: 4ca35884-a93a-48fc-ad16-80b2a90aa32e
- application id: Box Tools Win exe
- application name: BoxTools
- application version: 4.26.1.1109
- metric collection url: https://client-log.box.com/index.php?rm=box_gen204_json_record
- metric data path: C:\Users\pcedillo\AppData\Local\Box\Box Tools\Metrics\BoxTools_Metrics.db
- post callback: 059C2E1E
- log callback: 059C2E46
- context: 00000000
- post interval in seconds: 600
- max records in a post: 100
- max db records: 500
- disable sender: true
[2024-12-02 09:02:16,010] [40   ] [INFO ] [] - Shutting down the metrics collector
[2024-12-02 09:12:15,930] [61   ] [INFO ] [] - Initializing the metrics collector
[2024-12-02 09:12:15,931] [61   ] [INFO ] [] - MetricsCollector::Sender(49): _disableSentMetrics 1
[2024-12-02 09:12:15,931] [61   ] [INFO ] [] - MetricsCollector::Initialize(231): Initialized metrics collector
- session id: 4b65b0eb-8b86-46ee-b4dd-4338d4f1fd2c
- device id: 4ca35884-a93a-48fc-ad16-80b2a90aa32e
- application id: Box Tools Win exe
- application name: BoxTools
- application version: 4.26.1.1109
- metric collection url: https://client-log.box.com/index.php?rm=box_gen204_json_record
- metric data path: C:\Users\pcedillo\AppData\Local\Box\Box Tools\Metrics\BoxTools_Metrics.db
- post callback: 059C2E1E
- log callback: 059C2E46
- context: 00000000
- post interval in seconds: 600
- max records in a post: 100
- max db records: 500
- disable sender: true
[2024-12-02 09:12:15,946] [61   ] [INFO ] [] - Shutting down the metrics collector
[2024-12-02 09:22:15,945] [40   ] [INFO ] [] - Initializing the metrics collector
[2024-12-02 09:22:15,945] [40   ] [INFO ] [] - MetricsCollector::Sender(49): _disableSentMetrics 1
[2024-12-02 09:22:15,945] [40   ] [INFO ] [] - MetricsCollector::Initialize(231): Initialized metrics collector
- session id: 4b65b0eb-8b86-46ee-b4dd-4338d4f1fd2c
- device id: 4ca35884-a93a-48fc-ad16-80b2a90aa32e
- application id: Box Tools Win exe
- application name: BoxTools
- application version: 4.26.1.1109
- metric collection url: https://client-log.box.com/index.php?rm=box_gen204_json_record
- metric data path: C:\Users\pcedillo\AppData\Local\Box\Box Tools\Metrics\BoxTools_Metrics.db
- post callback: 059C2E1E
- log callback: 059C2E46
- context: 00000000
- post interval in seconds: 600
- max records in a post: 100
- max db records: 500
- disable sender: true
[2024-12-02 09:22:15,945] [40   ] [INFO ] [] - Shutting down the metrics collector
[2024-12-02 09:32:15,962] [21   ] [INFO ] [] - Initializing the metrics collector
[2024-12-02 09:32:15,962] [21   ] [INFO ] [] - MetricsCollector::Sender(49): _disableSentMetrics 1
[2024-12-02 09:32:15,962] [21   ] [INFO ] [] - MetricsCollector::Initialize(231): Initialized metrics collector
- session id: 4b65b0eb-8b86-46ee-b4dd-4338d4f1fd2c
- device id: 4ca35884-a93a-48fc-ad16-80b2a90aa32e
- application id: Box Tools Win exe
- application name: BoxTools
- application version: 4.26.1.1109
- metric collection url: https://client-log.box.com/index.php?rm=box_gen204_json_record
- metric data path: C:\Users\pcedillo\AppData\Local\Box\Box Tools\Metrics\BoxTools_Metrics.db
- post callback: 059C2E1E
- log callback: 059C2E46
- context: 00000000
- post interval in seconds: 600
- max records in a post: 100
- max db records: 500
- disable sender: true
[2024-12-02 09:32:15,977] [21   ] [INFO ] [] - Shutting down the metrics collector
[2024-12-02 09:42:15,808] [71   ] [INFO ] [] - Initializing the metrics collector
[2024-12-02 09:42:15,808] [71   ] [INFO ] [] - MetricsCollector::Sender(49): _disableSentMetrics 1
[2024-12-02 09:42:15,808] [71   ] [INFO ] [] - MetricsCollector::Initialize(231): Initialized metrics collector
- session id: 4b65b0eb-8b86-46ee-b4dd-4338d4f1fd2c
- device id: 4ca35884-a93a-48fc-ad16-80b2a90aa32e
- application id: Box Tools Win exe
- application name: BoxTools
- application version: 4.26.1.1109
- metric collection url: https://client-log.box.com/index.php?rm=box_gen204_json_record
- metric data path: C:\Users\pcedillo\AppData\Local\Box\Box Tools\Metrics\BoxTools_Metrics.db
- post callback: 059C2E1E
- log callback: 059C2E46
- context: 00000000
- post interval in seconds: 600
- max records in a post: 100
- max db records: 500
- disable sender: true
[2024-12-02 09:42:15,824] [71   ] [INFO ] [] - Shutting down the metrics collector
[2024-12-02 09:52:15,811] [66   ] [INFO ] [] - Initializing the metrics collector
[2024-12-02 09:52:15,825] [66   ] [INFO ] [] - MetricsCollector::Sender(49): _disableSentMetrics 1
[2024-12-02 09:52:15,827] [66   ] [INFO ] [] - MetricsCollector::Initialize(231): Initialized metrics collector
- session id: 4b65b0eb-8b86-46ee-b4dd-4338d4f1fd2c
- device id: 4ca35884-a93a-48fc-ad16-80b2a90aa32e
- application id: Box Tools Win exe
- application name: BoxTools
- application version: 4.26.1.1109
- metric collection url: https://client-log.box.com/index.php?rm=box_gen204_json_record
- metric data path: C:\Users\pcedillo\AppData\Local\Box\Box Tools\Metrics\BoxTools_Metrics.db
- post callback: 059C2E1E
- log callback: 059C2E46
- context: 00000000
- post interval in seconds: 600
- max records in a post: 100
- max db records: 500
- disable sender: true
[2024-12-02 09:52:15,828] [66   ] [INFO ] [] - Shutting down the metrics collector
[2024-12-02 10:02:15,766] [77   ] [INFO ] [] - Initializing the metrics collector
[2024-12-02 10:02:15,766] [77   ] [INFO ] [] - MetricsCollector::Sender(49): _disableSentMetrics 1
[2024-12-02 10:02:15,766] [77   ] [INFO ] [] - MetricsCollector::Initialize(231): Initialized metrics collector
- session id: 4b65b0eb-8b86-46ee-b4dd-4338d4f1fd2c
- device id: 4ca35884-a93a-48fc-ad16-80b2a90aa32e
- application id: Box Tools Win exe
- application name: BoxTools
- application version: 4.26.1.1109
- metric collection url: https://client-log.box.com/index.php?rm=box_gen204_json_record
- metric data path: C:\Users\pcedillo\AppData\Local\Box\Box Tools\Metrics\BoxTools_Metrics.db
- post callback: 059C2E1E
- log callback: 059C2E46
- context: 00000000
- post interval in seconds: 600
- max records in a post: 100
- max db records: 500
- disable sender: true
[2024-12-02 10:02:15,782] [77   ] [INFO ] [] - Shutting down the metrics collector
[2024-12-02 10:12:15,771] [78   ] [INFO ] [] - Initializing the metrics collector
[2024-12-02 10:12:15,771] [78   ] [INFO ] [] - MetricsCollector::Sender(49): _disableSentMetrics 1
[2024-12-02 10:12:15,771] [78   ] [INFO ] [] - MetricsCollector::Initialize(231): Initialized metrics collector
- session id: 4b65b0eb-8b86-46ee-b4dd-4338d4f1fd2c
- device id: 4ca35884-a93a-48fc-ad16-80b2a90aa32e
- application id: Box Tools Win exe
- application name: BoxTools
- application version: 4.26.1.1109
- metric collection url: https://client-log.box.com/index.php?rm=box_gen204_json_record
- metric data path: C:\Users\pcedillo\AppData\Local\Box\Box Tools\Metrics\BoxTools_Metrics.db
- post callback: 059C2E1E
- log callback: 059C2E46
- context: 00000000
- post interval in seconds: 600
- max records in a post: 100
- max db records: 500
- disable sender: true
[2024-12-02 10:12:15,786] [78   ] [INFO ] [] - Shutting down the metrics collector
[2024-12-02 10:22:15,768] [26   ] [INFO ] [] - Initializing the metrics collector
[2024-12-02 10:22:15,773] [26   ] [INFO ] [] - MetricsCollector::Sender(49): _disableSentMetrics 1
[2024-12-02 10:22:15,773] [26   ] [INFO ] [] - MetricsCollector::Initialize(231): Initialized metrics collector
- session id: 4b65b0eb-8b86-46ee-b4dd-4338d4f1fd2c
- device id: 4ca35884-a93a-48fc-ad16-80b2a90aa32e
- application id: Box Tools Win exe
- application name: BoxTools
- application version: 4.26.1.1109
- metric collection url: https://client-log.box.com/index.php?rm=box_gen204_json_record
- metric data path: C:\Users\pcedillo\AppData\Local\Box\Box Tools\Metrics\BoxTools_Metrics.db
- post callback: 059C2E1E
- log callback: 059C2E46
- context: 00000000
- post interval in seconds: 600
- max records in a post: 100
- max db records: 500
- disable sender: true
[2024-12-02 10:22:15,774] [26   ] [INFO ] [] - Shutting down the metrics collector
[2024-12-02 10:32:15,771] [69   ] [INFO ] [] - Initializing the metrics collector
[2024-12-02 10:32:15,771] [69   ] [INFO ] [] - MetricsCollector::Sender(49): _disableSentMetrics 1
[2024-12-02 10:32:15,771] [69   ] [INFO ] [] - MetricsCollector::Initialize(231): Initialized metrics collector
- session id: 4b65b0eb-8b86-46ee-b4dd-4338d4f1fd2c
- device id: 4ca35884-a93a-48fc-ad16-80b2a90aa32e
- application id: Box Tools Win exe
- application name: BoxTools
- application version: 4.26.1.1109
- metric collection url: https://client-log.box.com/index.php?rm=box_gen204_json_record
- metric data path: C:\Users\pcedillo\AppData\Local\Box\Box Tools\Metrics\BoxTools_Metrics.db
- post callback: 059C2E1E
- log callback: 059C2E46
- context: 00000000
- post interval in seconds: 600
- max records in a post: 100
- max db records: 500
- disable sender: true
[2024-12-02 10:32:15,788] [69   ] [INFO ] [] - Shutting down the metrics collector
[2024-12-02 10:42:15,781] [80   ] [INFO ] [] - Initializing the metrics collector
[2024-12-02 10:42:15,791] [80   ] [INFO ] [] - MetricsCollector::Sender(49): _disableSentMetrics 1
[2024-12-02 10:42:15,797] [80   ] [INFO ] [] - MetricsCollector::Initialize(231): Initialized metrics collector
- session id: 4b65b0eb-8b86-46ee-b4dd-4338d4f1fd2c
- device id: 4ca35884-a93a-48fc-ad16-80b2a90aa32e
- application id: Box Tools Win exe
- application name: BoxTools
- application version: 4.26.1.1109
- metric collection url: https://client-log.box.com/index.php?rm=box_gen204_json_record
- metric data path: C:\Users\pcedillo\AppData\Local\Box\Box Tools\Metrics\BoxTools_Metrics.db
- post callback: 059C2E1E
- log callback: 059C2E46
- context: 00000000
- post interval in seconds: 600
- max records in a post: 100
- max db records: 500
- disable sender: true
[2024-12-02 10:42:15,804] [80   ] [INFO ] [] - Shutting down the metrics collector
[2024-12-02 10:52:15,636] [80   ] [INFO ] [] - Initializing the metrics collector
[2024-12-02 10:52:15,636] [80   ] [INFO ] [] - MetricsCollector::Sender(49): _disableSentMetrics 1
[2024-12-02 10:52:15,652] [80   ] [INFO ] [] - MetricsCollector::Initialize(231): Initialized metrics collector
- session id: 4b65b0eb-8b86-46ee-b4dd-4338d4f1fd2c
- device id: 4ca35884-a93a-48fc-ad16-80b2a90aa32e
- application id: Box Tools Win exe
- application name: BoxTools
- application version: 4.26.1.1109
- metric collection url: https://client-log.box.com/index.php?rm=box_gen204_json_record
- metric data path: C:\Users\pcedillo\AppData\Local\Box\Box Tools\Metrics\BoxTools_Metrics.db
- post callback: 059C2E1E
- log callback: 059C2E46
- context: 00000000
- post interval in seconds: 600
- max records in a post: 100
- max db records: 500
- disable sender: true
[2024-12-02 10:52:15,652] [80   ] [INFO ] [] - Shutting down the metrics collector
[2024-12-02 11:02:15,583] [74   ] [INFO ] [] - Initializing the metrics collector
[2024-12-02 11:02:15,589] [74   ] [INFO ] [] - MetricsCollector::Sender(49): _disableSentMetrics 1
[2024-12-02 11:02:15,590] [74   ] [INFO ] [] - MetricsCollector::Initialize(231): Initialized metrics collector
- session id: 4b65b0eb-8b86-46ee-b4dd-4338d4f1fd2c
- device id: 4ca35884-a93a-48fc-ad16-80b2a90aa32e
- application id: Box Tools Win exe
- application name: BoxTools
- application version: 4.26.1.1109
- metric collection url: https://client-log.box.com/index.php?rm=box_gen204_json_record
- metric data path: C:\Users\pcedillo\AppData\Local\Box\Box Tools\Metrics\BoxTools_Metrics.db
- post callback: 059C2E1E
- log callback: 059C2E46
- context: 00000000
- post interval in seconds: 600
- max records in a post: 100
- max db records: 500
- disable sender: true
[2024-12-02 11:02:15,595] [74   ] [INFO ] [] - Shutting down the metrics collector
[2024-12-02 11:12:15,534] [72   ] [INFO ] [] - Initializing the metrics collector
[2024-12-02 11:12:15,534] [72   ] [INFO ] [] - MetricsCollector::Sender(49): _disableSentMetrics 1
[2024-12-02 11:12:15,534] [72   ] [INFO ] [] - MetricsCollector::Initialize(231): Initialized metrics collector
- session id: 4b65b0eb-8b86-46ee-b4dd-4338d4f1fd2c
- device id: 4ca35884-a93a-48fc-ad16-80b2a90aa32e
- application id: Box Tools Win exe
- application name: BoxTools
- application version: 4.26.1.1109
- metric collection url: https://client-log.box.com/index.php?rm=box_gen204_json_record
- metric data path: C:\Users\pcedillo\AppData\Local\Box\Box Tools\Metrics\BoxTools_Metrics.db
- post callback: 059C2E1E
- log callback: 059C2E46
- context: 00000000
- post interval in seconds: 600
- max records in a post: 100
- max db records: 500
- disable sender: true
[2024-12-02 11:12:15,534] [72   ] [INFO ] [] - Shutting down the metrics collector
[2024-12-02 11:22:15,510] [64   ] [INFO ] [] - Initializing the metrics collector
[2024-12-02 11:22:15,521] [64   ] [INFO ] [] - MetricsCollector::Sender(49): _disableSentMetrics 1
[2024-12-02 11:22:15,521] [64   ] [INFO ] [] - MetricsCollector::Initialize(231): Initialized metrics collector
- session id: 4b65b0eb-8b86-46ee-b4dd-4338d4f1fd2c
- device id: 4ca35884-a93a-48fc-ad16-80b2a90aa32e
- application id: Box Tools Win exe
- application name: BoxTools
- application version: 4.26.1.1109
- metric collection url: https://client-log.box.com/index.php?rm=box_gen204_json_record
- metric data path: C:\Users\pcedillo\AppData\Local\Box\Box Tools\Metrics\BoxTools_Metrics.db
- post callback: 059C2E1E
- log callback: 059C2E46
- context: 00000000
- post interval in seconds: 600
- max records in a post: 100
- max db records: 500
- disable sender: true
[2024-12-02 11:22:15,528] [64   ] [INFO ] [] - Shutting down the metrics collector
[2024-12-02 11:32:15,485] [62   ] [INFO ] [] - Initializing the metrics collector
[2024-12-02 11:32:15,485] [62   ] [INFO ] [] - MetricsCollector::Sender(49): _disableSentMetrics 1
[2024-12-02 11:32:15,485] [62   ] [INFO ] [] - MetricsCollector::Initialize(231): Initialized metrics collector
- session id: 4b65b0eb-8b86-46ee-b4dd-4338d4f1fd2c
- device id: 4ca35884-a93a-48fc-ad16-80b2a90aa32e
- application id: Box Tools Win exe
- application name: BoxTools
- application version: 4.26.1.1109
- metric collection url: https://client-log.box.com/index.php?rm=box_gen204_json_record
- metric data path: C:\Users\pcedillo\AppData\Local\Box\Box Tools\Metrics\BoxTools_Metrics.db
- post callback: 059C2E1E
- log callback: 059C2E46
- context: 00000000
- post interval in seconds: 600
- max records in a post: 100
- max db records: 500
- disable sender: true
[2024-12-02 11:32:15,504] [62   ] [INFO ] [] - Shutting down the metrics collector
[2024-12-02 11:42:15,447] [47   ] [INFO ] [] - Initializing the metrics collector
[2024-12-02 11:42:15,457] [47   ] [INFO ] [] - MetricsCollector::Sender(49): _disableSentMetrics 1
[2024-12-02 11:42:15,463] [47   ] [INFO ] [] - MetricsCollector::Initialize(231): Initialized metrics collector
- session id: 4b65b0eb-8b86-46ee-b4dd-4338d4f1fd2c
- device id: 4ca35884-a93a-48fc-ad16-80b2a90aa32e
- application id: Box Tools Win exe
- application name: BoxTools
- application version: 4.26.1.1109
- metric collection url: https://client-log.box.com/index.php?rm=box_gen204_json_record
- metric data path: C:\Users\pcedillo\AppData\Local\Box\Box Tools\Metrics\BoxTools_Metrics.db
- post callback: 059C2E1E
- log callback: 059C2E46
- context: 00000000
- post interval in seconds: 600
- max records in a post: 100
- max db records: 500
- disable sender: true
[2024-12-02 11:42:15,463] [47   ] [INFO ] [] - Shutting down the metrics collector
[2024-12-02 11:52:15,416] [17   ] [INFO ] [] - Initializing the metrics collector
[2024-12-02 11:52:15,416] [17   ] [INFO ] [] - MetricsCollector::Sender(49): _disableSentMetrics 1
[2024-12-02 11:52:15,416] [17   ] [INFO ] [] - MetricsCollector::Initialize(231): Initialized metrics collector
- session id: 4b65b0eb-8b86-46ee-b4dd-4338d4f1fd2c
- device id: 4ca35884-a93a-48fc-ad16-80b2a90aa32e
- application id: Box Tools Win exe
- application name: BoxTools
- application version: 4.26.1.1109
- metric collection url: https://client-log.box.com/index.php?rm=box_gen204_json_record
- metric data path: C:\Users\pcedillo\AppData\Local\Box\Box Tools\Metrics\BoxTools_Metrics.db
- post callback: 059C2E1E
- log callback: 059C2E46
- context: 00000000
- post interval in seconds: 600
- max records in a post: 100
- max db records: 500
- disable sender: true
[2024-12-02 11:52:15,431] [17   ] [INFO ] [] - Shutting down the metrics collector
[2024-12-02 12:02:15,421] [57   ] [INFO ] [] - Initializing the metrics collector
[2024-12-02 12:02:15,421] [57   ] [INFO ] [] - MetricsCollector::Sender(49): _disableSentMetrics 1
[2024-12-02 12:02:15,436] [57   ] [INFO ] [] - MetricsCollector::Initialize(231): Initialized metrics collector
- session id: 4b65b0eb-8b86-46ee-b4dd-4338d4f1fd2c
- device id: 4ca35884-a93a-48fc-ad16-80b2a90aa32e
- application id: Box Tools Win exe
- application name: BoxTools
- application version: 4.26.1.1109
- metric collection url: https://client-log.box.com/index.php?rm=box_gen204_json_record
- metric data path: C:\Users\pcedillo\AppData\Local\Box\Box Tools\Metrics\BoxTools_Metrics.db
- post callback: 059C2E1E
- log callback: 059C2E46
- context: 00000000
- post interval in seconds: 600
- max records in a post: 100
- max db records: 500
- disable sender: true
[2024-12-02 12:02:15,436] [57   ] [INFO ] [] - Shutting down the metrics collector
[2024-12-02 12:12:15,396] [55   ] [INFO ] [] - Initializing the metrics collector
[2024-12-02 12:12:15,410] [55   ] [INFO ] [] - MetricsCollector::Sender(49): _disableSentMetrics 1
[2024-12-02 12:12:15,412] [55   ] [INFO ] [] - MetricsCollector::Initialize(231): Initialized metrics collector
- session id: 4b65b0eb-8b86-46ee-b4dd-4338d4f1fd2c
- device id: 4ca35884-a93a-48fc-ad16-80b2a90aa32e
- application id: Box Tools Win exe
- application name: BoxTools
- application version: 4.26.1.1109
- metric collection url: https://client-log.box.com/index.php?rm=box_gen204_json_record
- metric data path: C:\Users\pcedillo\AppData\Local\Box\Box Tools\Metrics\BoxTools_Metrics.db
- post callback: 059C2E1E
- log callback: 059C2E46
- context: 00000000
- post interval in seconds: 600
- max records in a post: 100
- max db records: 500
- disable sender: true
[2024-12-02 12:12:15,418] [55   ] [INFO ] [] - Shutting down the metrics collector
[2024-12-02 12:22:15,327] [11   ] [INFO ] [] - Initializing the metrics collector
[2024-12-02 12:22:15,327] [11   ] [INFO ] [] - MetricsCollector::Sender(49): _disableSentMetrics 1
[2024-12-02 12:22:15,327] [11   ] [INFO ] [] - MetricsCollector::Initialize(231): Initialized metrics collector
- session id: 4b65b0eb-8b86-46ee-b4dd-4338d4f1fd2c
- device id: 4ca35884-a93a-48fc-ad16-80b2a90aa32e
- application id: Box Tools Win exe
- application name: BoxTools
- application version: 4.26.1.1109
- metric collection url: https://client-log.box.com/index.php?rm=box_gen204_json_record
- metric data path: C:\Users\pcedillo\AppData\Local\Box\Box Tools\Metrics\BoxTools_Metrics.db
- post callback: 059C2E1E
- log callback: 059C2E46
- context: 00000000
- post interval in seconds: 600
- max records in a post: 100
- max db records: 500
- disable sender: true
[2024-12-02 12:22:15,343] [11   ] [INFO ] [] - Shutting down the metrics collector
[2024-12-02 12:32:15,302] [54   ] [INFO ] [] - Initializing the metrics collector
[2024-12-02 12:32:15,302] [54   ] [INFO ] [] - MetricsCollector::Sender(49): _disableSentMetrics 1
[2024-12-02 12:32:15,317] [54   ] [INFO ] [] - MetricsCollector::Initialize(231): Initialized metrics collector
- session id: 4b65b0eb-8b86-46ee-b4dd-4338d4f1fd2c
- device id: 4ca35884-a93a-48fc-ad16-80b2a90aa32e
- application id: Box Tools Win exe
- application name: BoxTools
- application version: 4.26.1.1109
- metric collection url: https://client-log.box.com/index.php?rm=box_gen204_json_record
- metric data path: C:\Users\pcedillo\AppData\Local\Box\Box Tools\Metrics\BoxTools_Metrics.db
- post callback: 059C2E1E
- log callback: 059C2E46
- context: 00000000
- post interval in seconds: 600
- max records in a post: 100
- max db records: 500
- disable sender: true
[2024-12-02 12:32:15,317] [54   ] [INFO ] [] - Shutting down the metrics collector
[2024-12-02 12:42:15,297] [36   ] [INFO ] [] - Initializing the metrics collector
[2024-12-02 12:42:15,304] [36   ] [INFO ] [] - MetricsCollector::Sender(49): _disableSentMetrics 1
[2024-12-02 12:42:15,304] [36   ] [INFO ] [] - MetricsCollector::Initialize(231): Initialized metrics collector
- session id: 4b65b0eb-8b86-46ee-b4dd-4338d4f1fd2c
- device id: 4ca35884-a93a-48fc-ad16-80b2a90aa32e
- application id: Box Tools Win exe
- application name: BoxTools
- application version: 4.26.1.1109
- metric collection url: https://client-log.box.com/index.php?rm=box_gen204_json_record
- metric data path: C:\Users\pcedillo\AppData\Local\Box\Box Tools\Metrics\BoxTools_Metrics.db
- post callback: 059C2E1E
- log callback: 059C2E46
- context: 00000000
- post interval in seconds: 600
- max records in a post: 100
- max db records: 500
- disable sender: true
[2024-12-02 12:42:15,318] [36   ] [INFO ] [] - Shutting down the metrics collector
[2024-12-02 12:52:15,236] [15   ] [INFO ] [] - Initializing the metrics collector
[2024-12-02 12:52:15,236] [15   ] [INFO ] [] - MetricsCollector::Sender(49): _disableSentMetrics 1
[2024-12-02 12:52:15,236] [15   ] [INFO ] [] - MetricsCollector::Initialize(231): Initialized metrics collector
- session id: 4b65b0eb-8b86-46ee-b4dd-4338d4f1fd2c
- device id: 4ca35884-a93a-48fc-ad16-80b2a90aa32e
- application id: Box Tools Win exe
- application name: BoxTools
- application version: 4.26.1.1109
- metric collection url: https://client-log.box.com/index.php?rm=box_gen204_json_record
- metric data path: C:\Users\pcedillo\AppData\Local\Box\Box Tools\Metrics\BoxTools_Metrics.db
- post callback: 059C2E1E
- log callback: 059C2E46
- context: 00000000
- post interval in seconds: 600
- max records in a post: 100
- max db records: 500
- disable sender: true
[2024-12-02 12:52:15,253] [15   ] [INFO ] [] - Shutting down the metrics collector
[2024-12-02 13:02:15,187] [38   ] [INFO ] [] - Initializing the metrics collector
[2024-12-02 13:02:15,187] [38   ] [INFO ] [] - MetricsCollector::Sender(49): _disableSentMetrics 1
[2024-12-02 13:02:15,187] [38   ] [INFO ] [] - MetricsCollector::Initialize(231): Initialized metrics collector
- session id: 4b65b0eb-8b86-46ee-b4dd-4338d4f1fd2c
- device id: 4ca35884-a93a-48fc-ad16-80b2a90aa32e
- application id: Box Tools Win exe
- application name: BoxTools
- application version: 4.26.1.1109
- metric collection url: https://client-log.box.com/index.php?rm=box_gen204_json_record
- metric data path: C:\Users\pcedillo\AppData\Local\Box\Box Tools\Metrics\BoxTools_Metrics.db
- post callback: 059C2E1E
- log callback: 059C2E46
- context: 00000000
- post interval in seconds: 600
- max records in a post: 100
- max db records: 500
- disable sender: true
[2024-12-02 13:02:15,203] [38   ] [INFO ] [] - Shutting down the metrics collector
[2024-12-02 13:12:15,167] [12   ] [INFO ] [] - Initializing the metrics collector
[2024-12-02 13:12:15,167] [12   ] [INFO ] [] - MetricsCollector::Sender(49): _disableSentMetrics 1
[2024-12-02 13:12:15,182] [12   ] [INFO ] [] - MetricsCollector::Initialize(231): Initialized metrics collector
- session id: 4b65b0eb-8b86-46ee-b4dd-4338d4f1fd2c
- device id: 4ca35884-a93a-48fc-ad16-80b2a90aa32e
- application id: Box Tools Win exe
- application name: BoxTools
- application version: 4.26.1.1109
- metric collection url: https://client-log.box.com/index.php?rm=box_gen204_json_record
- metric data path: C:\Users\pcedillo\AppData\Local\Box\Box Tools\Metrics\BoxTools_Metrics.db
- post callback: 059C2E1E
- log callback: 059C2E46
- context: 00000000
- post interval in seconds: 600
- max records in a post: 100
- max db records: 500
- disable sender: true
[2024-12-02 13:12:15,195] [12   ] [INFO ] [] - Shutting down the metrics collector
[2024-12-02 13:22:15,174] [46   ] [INFO ] [] - Initializing the metrics collector
[2024-12-02 13:22:15,174] [46   ] [INFO ] [] - MetricsCollector::Sender(49): _disableSentMetrics 1
[2024-12-02 13:22:15,174] [46   ] [INFO ] [] - MetricsCollector::Initialize(231): Initialized metrics collector
- session id: 4b65b0eb-8b86-46ee-b4dd-4338d4f1fd2c
- device id: 4ca35884-a93a-48fc-ad16-80b2a90aa32e
- application id: Box Tools Win exe
- application name: BoxTools
- application version: 4.26.1.1109
- metric collection url: https://client-log.box.com/index.php?rm=box_gen204_json_record
- metric data path: C:\Users\pcedillo\AppData\Local\Box\Box Tools\Metrics\BoxTools_Metrics.db
- post callback: 059C2E1E
- log callback: 059C2E46
- context: 00000000
- post interval in seconds: 600
- max records in a post: 100
- max db records: 500
- disable sender: true
[2024-12-02 13:22:15,189] [46   ] [INFO ] [] - Shutting down the metrics collector
[2024-12-02 13:32:15,170] [42   ] [INFO ] [] - Initializing the metrics collector
[2024-12-02 13:32:15,171] [42   ] [INFO ] [] - MetricsCollector::Sender(49): _disableSentMetrics 1
[2024-12-02 13:32:15,171] [42   ] [INFO ] [] - MetricsCollector::Initialize(231): Initialized metrics collector
- session id: 4b65b0eb-8b86-46ee-b4dd-4338d4f1fd2c
- device id: 4ca35884-a93a-48fc-ad16-80b2a90aa32e
- application id: Box Tools Win exe
- application name: BoxTools
- application version: 4.26.1.1109
- metric collection url: https://client-log.box.com/index.php?rm=box_gen204_json_record
- metric data path: C:\Users\pcedillo\AppData\Local\Box\Box Tools\Metrics\BoxTools_Metrics.db
- post callback: 059C2E1E
- log callback: 059C2E46
- context: 00000000
- post interval in seconds: 600
- max records in a post: 100
- max db records: 500
- disable sender: true
[2024-12-02 13:32:15,186] [42   ] [INFO ] [] - Shutting down the metrics collector
[2024-12-02 13:42:15,183] [48   ] [INFO ] [] - Initializing the metrics collector
[2024-12-02 13:42:15,184] [48   ] [INFO ] [] - MetricsCollector::Sender(49): _disableSentMetrics 1
[2024-12-02 13:42:15,184] [48   ] [INFO ] [] - MetricsCollector::Initialize(231): Initialized metrics collector
- session id: 4b65b0eb-8b86-46ee-b4dd-4338d4f1fd2c
- device id: 4ca35884-a93a-48fc-ad16-80b2a90aa32e
- application id: Box Tools Win exe
- application name: BoxTools
- application version: 4.26.1.1109
- metric collection url: https://client-log.box.com/index.php?rm=box_gen204_json_record
- metric data path: C:\Users\pcedillo\AppData\Local\Box\Box Tools\Metrics\BoxTools_Metrics.db
- post callback: 059C2E1E
- log callback: 059C2E46
- context: 00000000
- post interval in seconds: 600
- max records in a post: 100
- max db records: 500
- disable sender: true
[2024-12-02 13:42:15,208] [48   ] [INFO ] [] - Shutting down the metrics collector
[2024-12-02 13:52:15,185] [18   ] [INFO ] [] - Initializing the metrics collector
[2024-12-02 13:52:15,185] [18   ] [INFO ] [] - MetricsCollector::Sender(49): _disableSentMetrics 1
[2024-12-02 13:52:15,185] [18   ] [INFO ] [] - MetricsCollector::Initialize(231): Initialized metrics collector
- session id: 4b65b0eb-8b86-46ee-b4dd-4338d4f1fd2c
- device id: 4ca35884-a93a-48fc-ad16-80b2a90aa32e
- application id: Box Tools Win exe
- application name: BoxTools
- application version: 4.26.1.1109
- metric collection url: https://client-log.box.com/index.php?rm=box_gen204_json_record
- metric data path: C:\Users\pcedillo\AppData\Local\Box\Box Tools\Metrics\BoxTools_Metrics.db
- post callback: 059C2E1E
- log callback: 059C2E46
- context: 00000000
- post interval in seconds: 600
- max records in a post: 100
- max db records: 500
- disable sender: true
[2024-12-02 13:52:15,201] [18   ] [INFO ] [] - Shutting down the metrics collector
[2024-12-02 14:02:15,060] [49   ] [INFO ] [] - Initializing the metrics collector
[2024-12-02 14:02:15,060] [49   ] [INFO ] [] - MetricsCollector::Sender(49): _disableSentMetrics 1
[2024-12-02 14:02:15,060] [49   ] [INFO ] [] - MetricsCollector::Initialize(231): Initialized metrics collector
- session id: 4b65b0eb-8b86-46ee-b4dd-4338d4f1fd2c
- device id: 4ca35884-a93a-48fc-ad16-80b2a90aa32e
- application id: Box Tools Win exe
- application name: BoxTools
- application version: 4.26.1.1109
- metric collection url: https://client-log.box.com/index.php?rm=box_gen204_json_record
- metric data path: C:\Users\pcedillo\AppData\Local\Box\Box Tools\Metrics\BoxTools_Metrics.db
- post callback: 059C2E1E
- log callback: 059C2E46
- context: 00000000
- post interval in seconds: 600
- max records in a post: 100
- max db records: 500
- disable sender: true
[2024-12-02 14:02:15,076] [49   ] [INFO ] [] - Shutting down the metrics collector
[2024-12-02 14:12:14,975] [19   ] [INFO ] [] - Initializing the metrics collector
[2024-12-02 14:12:14,979] [19   ] [INFO ] [] - MetricsCollector::Sender(49): _disableSentMetrics 1
[2024-12-02 14:12:14,979] [19   ] [INFO ] [] - MetricsCollector::Initialize(231): Initialized metrics collector
- session id: 4b65b0eb-8b86-46ee-b4dd-4338d4f1fd2c
- device id: 4ca35884-a93a-48fc-ad16-80b2a90aa32e
- application id: Box Tools Win exe
- application name: BoxTools
- application version: 4.26.1.1109
- metric collection url: https://client-log.box.com/index.php?rm=box_gen204_json_record
- metric data path: C:\Users\pcedillo\AppData\Local\Box\Box Tools\Metrics\BoxTools_Metrics.db
- post callback: 059C2E1E
- log callback: 059C2E46
- context: 00000000
- post interval in seconds: 600
- max records in a post: 100
- max db records: 500
- disable sender: true
[2024-12-02 14:12:14,991] [19   ] [INFO ] [] - Shutting down the metrics collector
[2024-12-02 14:22:14,940] [68   ] [INFO ] [] - Initializing the metrics collector
[2024-12-02 14:22:14,940] [68   ] [INFO ] [] - MetricsCollector::Sender(49): _disableSentMetrics 1
[2024-12-02 14:22:14,940] [68   ] [INFO ] [] - MetricsCollector::Initialize(231): Initialized metrics collector
- session id: 4b65b0eb-8b86-46ee-b4dd-4338d4f1fd2c
- device id: 4ca35884-a93a-48fc-ad16-80b2a90aa32e
- application id: Box Tools Win exe
- application name: BoxTools
- application version: 4.26.1.1109
- metric collection url: https://client-log.box.com/index.php?rm=box_gen204_json_record
- metric data path: C:\Users\pcedillo\AppData\Local\Box\Box Tools\Metrics\BoxTools_Metrics.db
- post callback: 059C2E1E
- log callback: 059C2E46
- context: 00000000
- post interval in seconds: 600
- max records in a post: 100
- max db records: 500
- disable sender: true
[2024-12-02 14:22:14,956] [68   ] [INFO ] [] - Shutting down the metrics collector
[2024-12-02 14:32:14,923] [16   ] [INFO ] [] - Initializing the metrics collector
[2024-12-02 14:32:14,923] [16   ] [INFO ] [] - MetricsCollector::Sender(49): _disableSentMetrics 1
[2024-12-02 14:32:14,923] [16   ] [INFO ] [] - MetricsCollector::Initialize(231): Initialized metrics collector
- session id: 4b65b0eb-8b86-46ee-b4dd-4338d4f1fd2c
- device id: 4ca35884-a93a-48fc-ad16-80b2a90aa32e
- application id: Box Tools Win exe
- application name: BoxTools
- application version: 4.26.1.1109
- metric collection url: https://client-log.box.com/index.php?rm=box_gen204_json_record
- metric data path: C:\Users\pcedillo\AppData\Local\Box\Box Tools\Metrics\BoxTools_Metrics.db
- post callback: 059C2E1E
- log callback: 059C2E46
- context: 00000000
- post interval in seconds: 600
- max records in a post: 100
- max db records: 500
- disable sender: true
[2024-12-02 14:32:14,938] [16   ] [INFO ] [] - Shutting down the metrics collector
[2024-12-02 14:42:14,925] [45   ] [INFO ] [] - Initializing the metrics collector
[2024-12-02 14:42:14,925] [45   ] [INFO ] [] - MetricsCollector::Sender(49): _disableSentMetrics 1
[2024-12-02 14:42:14,925] [45   ] [INFO ] [] - MetricsCollector::Initialize(231): Initialized metrics collector
- session id: 4b65b0eb-8b86-46ee-b4dd-4338d4f1fd2c
- device id: 4ca35884-a93a-48fc-ad16-80b2a90aa32e
- application id: Box Tools Win exe
- application name: BoxTools
- application version: 4.26.1.1109
- metric collection url: https://client-log.box.com/index.php?rm=box_gen204_json_record
- metric data path: C:\Users\pcedillo\AppData\Local\Box\Box Tools\Metrics\BoxTools_Metrics.db
- post callback: 059C2E1E
- log callback: 059C2E46
- context: 00000000
- post interval in seconds: 600
- max records in a post: 100
- max db records: 500
- disable sender: true
[2024-12-02 14:42:14,941] [45   ] [INFO ] [] - Shutting down the metrics collector
[2024-12-02 14:52:14,917] [35   ] [INFO ] [] - Initializing the metrics collector
[2024-12-02 14:52:14,917] [35   ] [INFO ] [] - MetricsCollector::Sender(49): _disableSentMetrics 1
[2024-12-02 14:52:14,917] [35   ] [INFO ] [] - MetricsCollector::Initialize(231): Initialized metrics collector
- session id: 4b65b0eb-8b86-46ee-b4dd-4338d4f1fd2c
- device id: 4ca35884-a93a-48fc-ad16-80b2a90aa32e
- application id: Box Tools Win exe
- application name: BoxTools
- application version: 4.26.1.1109
- metric collection url: https://client-log.box.com/index.php?rm=box_gen204_json_record
- metric data path: C:\Users\pcedillo\AppData\Local\Box\Box Tools\Metrics\BoxTools_Metrics.db
- post callback: 059C2E1E
- log callback: 059C2E46
- context: 00000000
- post interval in seconds: 600
- max records in a post: 100
- max db records: 500
- disable sender: true
[2024-12-02 14:52:14,917] [35   ] [INFO ] [] - Shutting down the metrics collector
[2024-12-02 15:02:14,910] [45   ] [INFO ] [] - Initializing the metrics collector
[2024-12-02 15:02:14,917] [45   ] [INFO ] [] - MetricsCollector::Sender(49): _disableSentMetrics 1
[2024-12-02 15:02:14,917] [45   ] [INFO ] [] - MetricsCollector::Initialize(231): Initialized metrics collector
- session id: 4b65b0eb-8b86-46ee-b4dd-4338d4f1fd2c
- device id: 4ca35884-a93a-48fc-ad16-80b2a90aa32e
- application id: Box Tools Win exe
- application name: BoxTools
- application version: 4.26.1.1109
- metric collection url: https://client-log.box.com/index.php?rm=box_gen204_json_record
- metric data path: C:\Users\pcedillo\AppData\Local\Box\Box Tools\Metrics\BoxTools_Metrics.db
- post callback: 059C2E1E
- log callback: 059C2E46
- context: 00000000
- post interval in seconds: 600
- max records in a post: 100
- max db records: 500
- disable sender: true
[2024-12-02 15:02:14,922] [45   ] [INFO ] [] - Shutting down the metrics collector
[2024-12-02 15:12:14,781] [16   ] [INFO ] [] - Initializing the metrics collector
[2024-12-02 15:12:14,781] [16   ] [INFO ] [] - MetricsCollector::Sender(49): _disableSentMetrics 1
[2024-12-02 15:12:14,781] [16   ] [INFO ] [] - MetricsCollector::Initialize(231): Initialized metrics collector
- session id: 4b65b0eb-8b86-46ee-b4dd-4338d4f1fd2c
- device id: 4ca35884-a93a-48fc-ad16-80b2a90aa32e
- application id: Box Tools Win exe
- application name: BoxTools
- application version: 4.26.1.1109
- metric collection url: https://client-log.box.com/index.php?rm=box_gen204_json_record
- metric data path: C:\Users\pcedillo\AppData\Local\Box\Box Tools\Metrics\BoxTools_Metrics.db
- post callback: 059C2E1E
- log callback: 059C2E46
- context: 00000000
- post interval in seconds: 600
- max records in a post: 100
- max db records: 500
- disable sender: true
[2024-12-02 15:12:14,796] [16   ] [INFO ] [] - Shutting down the metrics collector
[2024-12-02 15:22:14,718] [68   ] [INFO ] [] - Initializing the metrics collector
[2024-12-02 15:22:14,718] [68   ] [INFO ] [] - MetricsCollector::Sender(49): _disableSentMetrics 1
[2024-12-02 15:22:14,718] [68   ] [INFO ] [] - MetricsCollector::Initialize(231): Initialized metrics collector
- session id: 4b65b0eb-8b86-46ee-b4dd-4338d4f1fd2c
- device id: 4ca35884-a93a-48fc-ad16-80b2a90aa32e
- application id: Box Tools Win exe
- application name: BoxTools
- application version: 4.26.1.1109
- metric collection url: https://client-log.box.com/index.php?rm=box_gen204_json_record
- metric data path: C:\Users\pcedillo\AppData\Local\Box\Box Tools\Metrics\BoxTools_Metrics.db
- post callback: 059C2E1E
- log callback: 059C2E46
- context: 00000000
- post interval in seconds: 600
- max records in a post: 100
- max db records: 500
- disable sender: true
[2024-12-02 15:22:14,740] [68   ] [INFO ] [] - Shutting down the metrics collector
[2024-12-02 15:32:14,687] [19   ] [INFO ] [] - Initializing the metrics collector
[2024-12-02 15:32:14,687] [19   ] [INFO ] [] - MetricsCollector::Sender(49): _disableSentMetrics 1
[2024-12-02 15:32:14,687] [19   ] [INFO ] [] - MetricsCollector::Initialize(231): Initialized metrics collector
- session id: 4b65b0eb-8b86-46ee-b4dd-4338d4f1fd2c
- device id: 4ca35884-a93a-48fc-ad16-80b2a90aa32e
- application id: Box Tools Win exe
- application name: BoxTools
- application version: 4.26.1.1109
- metric collection url: https://client-log.box.com/index.php?rm=box_gen204_json_record
- metric data path: C:\Users\pcedillo\AppData\Local\Box\Box Tools\Metrics\BoxTools_Metrics.db
- post callback: 059C2E1E
- log callback: 059C2E46
- context: 00000000
- post interval in seconds: 600
- max records in a post: 100
- max db records: 500
- disable sender: true
[2024-12-02 15:32:14,702] [19   ] [INFO ] [] - Shutting down the metrics collector
[2024-12-02 15:42:14,678] [49   ] [INFO ] [] - Initializing the metrics collector
[2024-12-02 15:42:14,691] [49   ] [INFO ] [] - MetricsCollector::Sender(49): _disableSentMetrics 1
[2024-12-02 15:42:14,692] [49   ] [INFO ] [] - MetricsCollector::Initialize(231): Initialized metrics collector
- session id: 4b65b0eb-8b86-46ee-b4dd-4338d4f1fd2c
- device id: 4ca35884-a93a-48fc-ad16-80b2a90aa32e
- application id: Box Tools Win exe
- application name: BoxTools
- application version: 4.26.1.1109
- metric collection url: https://client-log.box.com/index.php?rm=box_gen204_json_record
- metric data path: C:\Users\pcedillo\AppData\Local\Box\Box Tools\Metrics\BoxTools_Metrics.db
- post callback: 059C2E1E
- log callback: 059C2E46
- context: 00000000
- post interval in seconds: 600
- max records in a post: 100
- max db records: 500
- disable sender: true
[2024-12-02 15:42:14,698] [49   ] [INFO ] [] - Shutting down the metrics collector
[2024-12-02 15:52:14,669] [18   ] [INFO ] [] - Initializing the metrics collector
[2024-12-02 15:52:14,679] [18   ] [INFO ] [] - MetricsCollector::Sender(49): _disableSentMetrics 1
[2024-12-02 15:52:14,679] [18   ] [INFO ] [] - MetricsCollector::Initialize(231): Initialized metrics collector
- session id: 4b65b0eb-8b86-46ee-b4dd-4338d4f1fd2c
- device id: 4ca35884-a93a-48fc-ad16-80b2a90aa32e
- application id: Box Tools Win exe
- application name: BoxTools
- application version: 4.26.1.1109
- metric collection url: https://client-log.box.com/index.php?rm=box_gen204_json_record
- metric data path: C:\Users\pcedillo\AppData\Local\Box\Box Tools\Metrics\BoxTools_Metrics.db
- post callback: 059C2E1E
- log callback: 059C2E46
- context: 00000000
- post interval in seconds: 600
- max records in a post: 100
- max db records: 500
- disable sender: true
[2024-12-02 15:52:14,685] [18   ] [INFO ] [] - Shutting down the metrics collector
[2024-12-02 16:02:14,671] [49   ] [INFO ] [] - Initializing the metrics collector
[2024-12-02 16:02:14,671] [49   ] [INFO ] [] - MetricsCollector::Sender(49): _disableSentMetrics 1
[2024-12-02 16:02:14,671] [49   ] [INFO ] [] - MetricsCollector::Initialize(231): Initialized metrics collector
- session id: 4b65b0eb-8b86-46ee-b4dd-4338d4f1fd2c
- device id: 4ca35884-a93a-48fc-ad16-80b2a90aa32e
- application id: Box Tools Win exe
- application name: BoxTools
- application version: 4.26.1.1109
- metric collection url: https://client-log.box.com/index.php?rm=box_gen204_json_record
- metric data path: C:\Users\pcedillo\AppData\Local\Box\Box Tools\Metrics\BoxTools_Metrics.db
- post callback: 059C2E1E
- log callback: 059C2E46
- context: 00000000
- post interval in seconds: 600
- max records in a post: 100
- max db records: 500
- disable sender: true
[2024-12-02 16:02:14,671] [49   ] [INFO ] [] - Shutting down the metrics collector
[2024-12-02 16:12:14,639] [35   ] [INFO ] [] - Initializing the metrics collector
[2024-12-02 16:12:14,654] [35   ] [INFO ] [] - MetricsCollector::Sender(49): _disableSentMetrics 1
[2024-12-02 16:12:14,654] [35   ] [INFO ] [] - MetricsCollector::Initialize(231): Initialized metrics collector
- session id: 4b65b0eb-8b86-46ee-b4dd-4338d4f1fd2c
- device id: 4ca35884-a93a-48fc-ad16-80b2a90aa32e
- application id: Box Tools Win exe
- application name: BoxTools
- application version: 4.26.1.1109
- metric collection url: https://client-log.box.com/index.php?rm=box_gen204_json_record
- metric data path: C:\Users\pcedillo\AppData\Local\Box\Box Tools\Metrics\BoxTools_Metrics.db
- post callback: 059C2E1E
- log callback: 059C2E46
- context: 00000000
- post interval in seconds: 600
- max records in a post: 100
- max db records: 500
- disable sender: true
[2024-12-02 16:12:14,670] [35   ] [INFO ] [] - Shutting down the metrics collector
[2024-12-02 16:22:14,517] [19   ] [INFO ] [] - Initializing the metrics collector
[2024-12-02 16:22:14,533] [19   ] [INFO ] [] - MetricsCollector::Sender(49): _disableSentMetrics 1
[2024-12-02 16:22:14,533] [19   ] [INFO ] [] - MetricsCollector::Initialize(231): Initialized metrics collector
- session id: 4b65b0eb-8b86-46ee-b4dd-4338d4f1fd2c
- device id: 4ca35884-a93a-48fc-ad16-80b2a90aa32e
- application id: Box Tools Win exe
- application name: BoxTools
- application version: 4.26.1.1109
- metric collection url: https://client-log.box.com/index.php?rm=box_gen204_json_record
- metric data path: C:\Users\pcedillo\AppData\Local\Box\Box Tools\Metrics\BoxTools_Metrics.db
- post callback: 059C2E1E
- log callback: 059C2E46
- context: 00000000
- post interval in seconds: 600
- max records in a post: 100
- max db records: 500
- disable sender: true
[2024-12-02 16:22:14,549] [19   ] [INFO ] [] - Shutting down the metrics collector
[2024-12-02 16:32:14,460] [68   ] [INFO ] [] - Initializing the metrics collector
[2024-12-02 16:32:14,460] [68   ] [INFO ] [] - MetricsCollector::Sender(49): _disableSentMetrics 1
[2024-12-02 16:32:14,476] [68   ] [INFO ] [] - MetricsCollector::Initialize(231): Initialized metrics collector
- session id: 4b65b0eb-8b86-46ee-b4dd-4338d4f1fd2c
- device id: 4ca35884-a93a-48fc-ad16-80b2a90aa32e
- application id: Box Tools Win exe
- application name: BoxTools
- application version: 4.26.1.1109
- metric collection url: https://client-log.box.com/index.php?rm=box_gen204_json_record
- metric data path: C:\Users\pcedillo\AppData\Local\Box\Box Tools\Metrics\BoxTools_Metrics.db
- post callback: 059C2E1E
- log callback: 059C2E46
- context: 00000000
- post interval in seconds: 600
- max records in a post: 100
- max db records: 500
- disable sender: true
[2024-12-02 16:32:14,476] [68   ] [INFO ] [] - Shutting down the metrics collector
[2024-12-02 16:42:14,424] [16   ] [INFO ] [] - Initializing the metrics collector
[2024-12-02 16:42:14,439] [16   ] [INFO ] [] - MetricsCollector::Sender(49): _disableSentMetrics 1
[2024-12-02 16:42:14,439] [16   ] [INFO ] [] - MetricsCollector::Initialize(231): Initialized metrics collector
- session id: 4b65b0eb-8b86-46ee-b4dd-4338d4f1fd2c
- device id: 4ca35884-a93a-48fc-ad16-80b2a90aa32e
- application id: Box Tools Win exe
- application name: BoxTools
- application version: 4.26.1.1109
- metric collection url: https://client-log.box.com/index.php?rm=box_gen204_json_record
- metric data path: C:\Users\pcedillo\AppData\Local\Box\Box Tools\Metrics\BoxTools_Metrics.db
- post callback: 059C2E1E
- log callback: 059C2E46
- context: 00000000
- post interval in seconds: 600
- max records in a post: 100
- max db records: 500
- disable sender: true
[2024-12-02 16:42:14,452] [16   ] [INFO ] [] - Shutting down the metrics collector
[2024-12-02 16:52:14,417] [45   ] [INFO ] [] - Initializing the metrics collector
[2024-12-02 16:52:14,423] [45   ] [INFO ] [] - MetricsCollector::Sender(49): _disableSentMetrics 1
[2024-12-02 16:52:14,423] [45   ] [INFO ] [] - MetricsCollector::Initialize(231): Initialized metrics collector
- session id: 4b65b0eb-8b86-46ee-b4dd-4338d4f1fd2c
- device id: 4ca35884-a93a-48fc-ad16-80b2a90aa32e
- application id: Box Tools Win exe
- application name: BoxTools
- application version: 4.26.1.1109
- metric collection url: https://client-log.box.com/index.php?rm=box_gen204_json_record
- metric data path: C:\Users\pcedillo\AppData\Local\Box\Box Tools\Metrics\BoxTools_Metrics.db
- post callback: 059C2E1E
- log callback: 059C2E46
- context: 00000000
- post interval in seconds: 600
- max records in a post: 100
- max db records: 500
- disable sender: true
[2024-12-02 16:52:14,432] [45   ] [INFO ] [] - Shutting down the metrics collector
