[2025-01-28 04:19:13,820] [46   ] [INFO ] [] - Initializing the metrics collector
[2025-01-28 04:19:13,848] [46   ] [INFO ] [] - MetricsCollector::Sender(49): _disableSentMetrics 1
[2025-01-28 04:19:13,849] [46   ] [INFO ] [] - MetricsCollector::Initialize(231): Initialized metrics collector
- session id: 59da16ef-9085-43a2-89aa-41dbe97a76f5
- device id: 4ca35884-a93a-48fc-ad16-80b2a90aa32e
- application id: Box Tools Win exe
- application name: BoxTools
- application version: 4.27.1.1145
- metric collection url: https://client-log.box.com/index.php?rm=box_gen204_json_record
- metric data path: C:\Users\pcedillo\AppData\Local\Box\Box Tools\Metrics\BoxTools_Metrics.db
- post callback: 05452F0E
- log callback: 05452F36
- context: 00000000
- post interval in seconds: 600
- max records in a post: 100
- max db records: 500
- disable sender: true
[2025-01-28 04:19:13,862] [46   ] [INFO ] [] - Shutting down the metrics collector
[2025-01-28 07:19:45,139] [3    ] [INFO ] [] - Initializing the metrics collector
[2025-01-28 07:19:45,153] [3    ] [INFO ] [] - MetricsCollector::Sender(49): _disableSentMetrics 1
[2025-01-28 07:19:45,154] [3    ] [INFO ] [] - MetricsCollector::Initialize(231): Initialized metrics collector
- session id: 59da16ef-9085-43a2-89aa-41dbe97a76f5
- device id: 4ca35884-a93a-48fc-ad16-80b2a90aa32e
- application id: Box Tools Win exe
- application name: BoxTools
- application version: 4.27.1.1145
- metric collection url: https://client-log.box.com/index.php?rm=box_gen204_json_record
- metric data path: C:\Users\pcedillo\AppData\Local\Box\Box Tools\Metrics\BoxTools_Metrics.db
- post callback: 05452F0E
- log callback: 05452F36
- context: 00000000
- post interval in seconds: 600
- max records in a post: 100
- max db records: 500
- disable sender: true
[2025-01-28 07:19:45,164] [3    ] [INFO ] [] - Shutting down the metrics collector
[2025-01-28 07:29:44,645] [46   ] [INFO ] [] - Initializing the metrics collector
[2025-01-28 07:29:44,653] [46   ] [INFO ] [] - MetricsCollector::Sender(49): _disableSentMetrics 1
[2025-01-28 07:29:44,654] [46   ] [INFO ] [] - MetricsCollector::Initialize(231): Initialized metrics collector
- session id: 59da16ef-9085-43a2-89aa-41dbe97a76f5
- device id: 4ca35884-a93a-48fc-ad16-80b2a90aa32e
- application id: Box Tools Win exe
- application name: BoxTools
- application version: 4.27.1.1145
- metric collection url: https://client-log.box.com/index.php?rm=box_gen204_json_record
- metric data path: C:\Users\pcedillo\AppData\Local\Box\Box Tools\Metrics\BoxTools_Metrics.db
- post callback: 05452F0E
- log callback: 05452F36
- context: 00000000
- post interval in seconds: 600
- max records in a post: 100
- max db records: 500
- disable sender: true
[2025-01-28 07:29:44,665] [46   ] [INFO ] [] - Shutting down the metrics collector
[2025-01-28 07:39:44,561] [10   ] [INFO ] [] - Initializing the metrics collector
[2025-01-28 07:39:44,569] [10   ] [INFO ] [] - MetricsCollector::Sender(49): _disableSentMetrics 1
[2025-01-28 07:39:44,569] [10   ] [INFO ] [] - MetricsCollector::Initialize(231): Initialized metrics collector
- session id: 59da16ef-9085-43a2-89aa-41dbe97a76f5
- device id: 4ca35884-a93a-48fc-ad16-80b2a90aa32e
- application id: Box Tools Win exe
- application name: BoxTools
- application version: 4.27.1.1145
- metric collection url: https://client-log.box.com/index.php?rm=box_gen204_json_record
- metric data path: C:\Users\pcedillo\AppData\Local\Box\Box Tools\Metrics\BoxTools_Metrics.db
- post callback: 05452F0E
- log callback: 05452F36
- context: 00000000
- post interval in seconds: 600
- max records in a post: 100
- max db records: 500
- disable sender: true
[2025-01-28 07:39:44,578] [10   ] [INFO ] [] - Shutting down the metrics collector
[2025-01-28 07:49:44,544] [47   ] [INFO ] [] - Initializing the metrics collector
[2025-01-28 07:49:44,561] [47   ] [INFO ] [] - MetricsCollector::Sender(49): _disableSentMetrics 1
[2025-01-28 07:49:44,562] [47   ] [INFO ] [] - MetricsCollector::Initialize(231): Initialized metrics collector
- session id: 59da16ef-9085-43a2-89aa-41dbe97a76f5
- device id: 4ca35884-a93a-48fc-ad16-80b2a90aa32e
- application id: Box Tools Win exe
- application name: BoxTools
- application version: 4.27.1.1145
- metric collection url: https://client-log.box.com/index.php?rm=box_gen204_json_record
- metric data path: C:\Users\pcedillo\AppData\Local\Box\Box Tools\Metrics\BoxTools_Metrics.db
- post callback: 05452F0E
- log callback: 05452F36
- context: 00000000
- post interval in seconds: 600
- max records in a post: 100
- max db records: 500
- disable sender: true
[2025-01-28 07:49:44,583] [47   ] [INFO ] [] - Shutting down the metrics collector
[2025-01-28 07:59:44,500] [46   ] [INFO ] [] - Initializing the metrics collector
[2025-01-28 07:59:44,521] [46   ] [INFO ] [] - MetricsCollector::Sender(49): _disableSentMetrics 1
[2025-01-28 07:59:44,523] [46   ] [INFO ] [] - MetricsCollector::Initialize(231): Initialized metrics collector
- session id: 59da16ef-9085-43a2-89aa-41dbe97a76f5
- device id: 4ca35884-a93a-48fc-ad16-80b2a90aa32e
- application id: Box Tools Win exe
- application name: BoxTools
- application version: 4.27.1.1145
- metric collection url: https://client-log.box.com/index.php?rm=box_gen204_json_record
- metric data path: C:\Users\pcedillo\AppData\Local\Box\Box Tools\Metrics\BoxTools_Metrics.db
- post callback: 05452F0E
- log callback: 05452F36
- context: 00000000
- post interval in seconds: 600
- max records in a post: 100
- max db records: 500
- disable sender: true
[2025-01-28 07:59:44,541] [46   ] [INFO ] [] - Shutting down the metrics collector
[2025-01-28 08:09:44,438] [43   ] [INFO ] [] - Initializing the metrics collector
[2025-01-28 08:09:44,460] [43   ] [INFO ] [] - MetricsCollector::Sender(49): _disableSentMetrics 1
[2025-01-28 08:09:44,461] [43   ] [INFO ] [] - MetricsCollector::Initialize(231): Initialized metrics collector
- session id: 59da16ef-9085-43a2-89aa-41dbe97a76f5
- device id: 4ca35884-a93a-48fc-ad16-80b2a90aa32e
- application id: Box Tools Win exe
- application name: BoxTools
- application version: 4.27.1.1145
- metric collection url: https://client-log.box.com/index.php?rm=box_gen204_json_record
- metric data path: C:\Users\pcedillo\AppData\Local\Box\Box Tools\Metrics\BoxTools_Metrics.db
- post callback: 05452F0E
- log callback: 05452F36
- context: 00000000
- post interval in seconds: 600
- max records in a post: 100
- max db records: 500
- disable sender: true
[2025-01-28 08:09:44,481] [43   ] [INFO ] [] - Shutting down the metrics collector
[2025-01-28 08:19:44,447] [39   ] [INFO ] [] - Initializing the metrics collector
[2025-01-28 08:19:44,453] [39   ] [INFO ] [] - MetricsCollector::Sender(49): _disableSentMetrics 1
[2025-01-28 08:19:44,454] [39   ] [INFO ] [] - MetricsCollector::Initialize(231): Initialized metrics collector
- session id: 59da16ef-9085-43a2-89aa-41dbe97a76f5
- device id: 4ca35884-a93a-48fc-ad16-80b2a90aa32e
- application id: Box Tools Win exe
- application name: BoxTools
- application version: 4.27.1.1145
- metric collection url: https://client-log.box.com/index.php?rm=box_gen204_json_record
- metric data path: C:\Users\pcedillo\AppData\Local\Box\Box Tools\Metrics\BoxTools_Metrics.db
- post callback: 05452F0E
- log callback: 05452F36
- context: 00000000
- post interval in seconds: 600
- max records in a post: 100
- max db records: 500
- disable sender: true
[2025-01-28 08:19:44,459] [39   ] [INFO ] [] - Shutting down the metrics collector
[2025-01-28 08:29:44,450] [17   ] [INFO ] [] - Initializing the metrics collector
[2025-01-28 08:29:44,457] [17   ] [INFO ] [] - MetricsCollector::Sender(49): _disableSentMetrics 1
[2025-01-28 08:29:44,457] [17   ] [INFO ] [] - MetricsCollector::Initialize(231): Initialized metrics collector
- session id: 59da16ef-9085-43a2-89aa-41dbe97a76f5
- device id: 4ca35884-a93a-48fc-ad16-80b2a90aa32e
- application id: Box Tools Win exe
- application name: BoxTools
- application version: 4.27.1.1145
- metric collection url: https://client-log.box.com/index.php?rm=box_gen204_json_record
- metric data path: C:\Users\pcedillo\AppData\Local\Box\Box Tools\Metrics\BoxTools_Metrics.db
- post callback: 05452F0E
- log callback: 05452F36
- context: 00000000
- post interval in seconds: 600
- max records in a post: 100
- max db records: 500
- disable sender: true
[2025-01-28 08:29:44,463] [17   ] [INFO ] [] - Shutting down the metrics collector
[2025-01-28 08:39:44,439] [64   ] [INFO ] [] - Initializing the metrics collector
[2025-01-28 08:39:44,450] [64   ] [INFO ] [] - MetricsCollector::Sender(49): _disableSentMetrics 1
[2025-01-28 08:39:44,451] [64   ] [INFO ] [] - MetricsCollector::Initialize(231): Initialized metrics collector
- session id: 59da16ef-9085-43a2-89aa-41dbe97a76f5
- device id: 4ca35884-a93a-48fc-ad16-80b2a90aa32e
- application id: Box Tools Win exe
- application name: BoxTools
- application version: 4.27.1.1145
- metric collection url: https://client-log.box.com/index.php?rm=box_gen204_json_record
- metric data path: C:\Users\pcedillo\AppData\Local\Box\Box Tools\Metrics\BoxTools_Metrics.db
- post callback: 05452F0E
- log callback: 05452F36
- context: 00000000
- post interval in seconds: 600
- max records in a post: 100
- max db records: 500
- disable sender: true
[2025-01-28 08:39:44,463] [64   ] [INFO ] [] - Shutting down the metrics collector
[2025-01-28 08:49:44,341] [5    ] [INFO ] [] - Initializing the metrics collector
[2025-01-28 08:49:44,356] [5    ] [INFO ] [] - MetricsCollector::Sender(49): _disableSentMetrics 1
[2025-01-28 08:49:44,357] [5    ] [INFO ] [] - MetricsCollector::Initialize(231): Initialized metrics collector
- session id: 59da16ef-9085-43a2-89aa-41dbe97a76f5
- device id: 4ca35884-a93a-48fc-ad16-80b2a90aa32e
- application id: Box Tools Win exe
- application name: BoxTools
- application version: 4.27.1.1145
- metric collection url: https://client-log.box.com/index.php?rm=box_gen204_json_record
- metric data path: C:\Users\pcedillo\AppData\Local\Box\Box Tools\Metrics\BoxTools_Metrics.db
- post callback: 05452F0E
- log callback: 05452F36
- context: 00000000
- post interval in seconds: 600
- max records in a post: 100
- max db records: 500
- disable sender: true
[2025-01-28 08:49:44,370] [5    ] [INFO ] [] - Shutting down the metrics collector
[2025-01-28 08:59:44,301] [48   ] [INFO ] [] - Initializing the metrics collector
[2025-01-28 08:59:44,316] [48   ] [INFO ] [] - MetricsCollector::Sender(49): _disableSentMetrics 1
[2025-01-28 08:59:44,317] [48   ] [INFO ] [] - MetricsCollector::Initialize(231): Initialized metrics collector
- session id: 59da16ef-9085-43a2-89aa-41dbe97a76f5
- device id: 4ca35884-a93a-48fc-ad16-80b2a90aa32e
- application id: Box Tools Win exe
- application name: BoxTools
- application version: 4.27.1.1145
- metric collection url: https://client-log.box.com/index.php?rm=box_gen204_json_record
- metric data path: C:\Users\pcedillo\AppData\Local\Box\Box Tools\Metrics\BoxTools_Metrics.db
- post callback: 05452F0E
- log callback: 05452F36
- context: 00000000
- post interval in seconds: 600
- max records in a post: 100
- max db records: 500
- disable sender: true
[2025-01-28 08:59:44,331] [48   ] [INFO ] [] - Shutting down the metrics collector
[2025-01-28 09:09:44,275] [56   ] [INFO ] [] - Initializing the metrics collector
[2025-01-28 09:09:44,285] [56   ] [INFO ] [] - MetricsCollector::Sender(49): _disableSentMetrics 1
[2025-01-28 09:09:44,286] [56   ] [INFO ] [] - MetricsCollector::Initialize(231): Initialized metrics collector
- session id: 59da16ef-9085-43a2-89aa-41dbe97a76f5
- device id: 4ca35884-a93a-48fc-ad16-80b2a90aa32e
- application id: Box Tools Win exe
- application name: BoxTools
- application version: 4.27.1.1145
- metric collection url: https://client-log.box.com/index.php?rm=box_gen204_json_record
- metric data path: C:\Users\pcedillo\AppData\Local\Box\Box Tools\Metrics\BoxTools_Metrics.db
- post callback: 05452F0E
- log callback: 05452F36
- context: 00000000
- post interval in seconds: 600
- max records in a post: 100
- max db records: 500
- disable sender: true
[2025-01-28 09:09:44,297] [56   ] [INFO ] [] - Shutting down the metrics collector
[2025-01-28 09:19:44,225] [55   ] [INFO ] [] - Initializing the metrics collector
[2025-01-28 09:19:44,231] [55   ] [INFO ] [] - MetricsCollector::Sender(49): _disableSentMetrics 1
[2025-01-28 09:19:44,231] [55   ] [INFO ] [] - MetricsCollector::Initialize(231): Initialized metrics collector
- session id: 59da16ef-9085-43a2-89aa-41dbe97a76f5
- device id: 4ca35884-a93a-48fc-ad16-80b2a90aa32e
- application id: Box Tools Win exe
- application name: BoxTools
- application version: 4.27.1.1145
- metric collection url: https://client-log.box.com/index.php?rm=box_gen204_json_record
- metric data path: C:\Users\pcedillo\AppData\Local\Box\Box Tools\Metrics\BoxTools_Metrics.db
- post callback: 05452F0E
- log callback: 05452F36
- context: 00000000
- post interval in seconds: 600
- max records in a post: 100
- max db records: 500
- disable sender: true
[2025-01-28 09:19:44,240] [55   ] [INFO ] [] - Shutting down the metrics collector
[2025-01-28 09:29:44,218] [57   ] [INFO ] [] - Initializing the metrics collector
[2025-01-28 09:29:44,225] [57   ] [INFO ] [] - MetricsCollector::Sender(49): _disableSentMetrics 1
[2025-01-28 09:29:44,226] [57   ] [INFO ] [] - MetricsCollector::Initialize(231): Initialized metrics collector
- session id: 59da16ef-9085-43a2-89aa-41dbe97a76f5
- device id: 4ca35884-a93a-48fc-ad16-80b2a90aa32e
- application id: Box Tools Win exe
- application name: BoxTools
- application version: 4.27.1.1145
- metric collection url: https://client-log.box.com/index.php?rm=box_gen204_json_record
- metric data path: C:\Users\pcedillo\AppData\Local\Box\Box Tools\Metrics\BoxTools_Metrics.db
- post callback: 05452F0E
- log callback: 05452F36
- context: 00000000
- post interval in seconds: 600
- max records in a post: 100
- max db records: 500
- disable sender: true
[2025-01-28 09:29:44,231] [57   ] [INFO ] [] - Shutting down the metrics collector
[2025-01-28 09:39:44,152] [40   ] [INFO ] [] - Initializing the metrics collector
[2025-01-28 09:39:44,167] [40   ] [INFO ] [] - MetricsCollector::Sender(49): _disableSentMetrics 1
[2025-01-28 09:39:44,168] [40   ] [INFO ] [] - MetricsCollector::Initialize(231): Initialized metrics collector
- session id: 59da16ef-9085-43a2-89aa-41dbe97a76f5
- device id: 4ca35884-a93a-48fc-ad16-80b2a90aa32e
- application id: Box Tools Win exe
- application name: BoxTools
- application version: 4.27.1.1145
- metric collection url: https://client-log.box.com/index.php?rm=box_gen204_json_record
- metric data path: C:\Users\pcedillo\AppData\Local\Box\Box Tools\Metrics\BoxTools_Metrics.db
- post callback: 05452F0E
- log callback: 05452F36
- context: 00000000
- post interval in seconds: 600
- max records in a post: 100
- max db records: 500
- disable sender: true
[2025-01-28 09:39:44,179] [40   ] [INFO ] [] - Shutting down the metrics collector
[2025-01-28 09:49:44,112] [17   ] [INFO ] [] - Initializing the metrics collector
[2025-01-28 09:49:44,120] [17   ] [INFO ] [] - MetricsCollector::Sender(49): _disableSentMetrics 1
[2025-01-28 09:49:44,121] [17   ] [INFO ] [] - MetricsCollector::Initialize(231): Initialized metrics collector
- session id: 59da16ef-9085-43a2-89aa-41dbe97a76f5
- device id: 4ca35884-a93a-48fc-ad16-80b2a90aa32e
- application id: Box Tools Win exe
- application name: BoxTools
- application version: 4.27.1.1145
- metric collection url: https://client-log.box.com/index.php?rm=box_gen204_json_record
- metric data path: C:\Users\pcedillo\AppData\Local\Box\Box Tools\Metrics\BoxTools_Metrics.db
- post callback: 05452F0E
- log callback: 05452F36
- context: 00000000
- post interval in seconds: 600
- max records in a post: 100
- max db records: 500
- disable sender: true
[2025-01-28 09:49:44,129] [17   ] [INFO ] [] - Shutting down the metrics collector
[2025-01-28 09:59:44,075] [45   ] [INFO ] [] - Initializing the metrics collector
[2025-01-28 09:59:44,085] [45   ] [INFO ] [] - MetricsCollector::Sender(49): _disableSentMetrics 1
[2025-01-28 09:59:44,085] [45   ] [INFO ] [] - MetricsCollector::Initialize(231): Initialized metrics collector
- session id: 59da16ef-9085-43a2-89aa-41dbe97a76f5
- device id: 4ca35884-a93a-48fc-ad16-80b2a90aa32e
- application id: Box Tools Win exe
- application name: BoxTools
- application version: 4.27.1.1145
- metric collection url: https://client-log.box.com/index.php?rm=box_gen204_json_record
- metric data path: C:\Users\pcedillo\AppData\Local\Box\Box Tools\Metrics\BoxTools_Metrics.db
- post callback: 05452F0E
- log callback: 05452F36
- context: 00000000
- post interval in seconds: 600
- max records in a post: 100
- max db records: 500
- disable sender: true
[2025-01-28 09:59:44,096] [45   ] [INFO ] [] - Shutting down the metrics collector
[2025-01-28 10:09:44,029] [55   ] [INFO ] [] - Initializing the metrics collector
[2025-01-28 10:09:44,043] [55   ] [INFO ] [] - MetricsCollector::Sender(49): _disableSentMetrics 1
[2025-01-28 10:09:44,044] [55   ] [INFO ] [] - MetricsCollector::Initialize(231): Initialized metrics collector
- session id: 59da16ef-9085-43a2-89aa-41dbe97a76f5
- device id: 4ca35884-a93a-48fc-ad16-80b2a90aa32e
- application id: Box Tools Win exe
- application name: BoxTools
- application version: 4.27.1.1145
- metric collection url: https://client-log.box.com/index.php?rm=box_gen204_json_record
- metric data path: C:\Users\pcedillo\AppData\Local\Box\Box Tools\Metrics\BoxTools_Metrics.db
- post callback: 05452F0E
- log callback: 05452F36
- context: 00000000
- post interval in seconds: 600
- max records in a post: 100
- max db records: 500
- disable sender: true
[2025-01-28 10:09:44,055] [55   ] [INFO ] [] - Shutting down the metrics collector
[2025-01-28 10:19:44,005] [36   ] [INFO ] [] - Initializing the metrics collector
[2025-01-28 10:19:44,027] [36   ] [INFO ] [] - MetricsCollector::Sender(49): _disableSentMetrics 1
[2025-01-28 10:19:44,027] [36   ] [INFO ] [] - MetricsCollector::Initialize(231): Initialized metrics collector
- session id: 59da16ef-9085-43a2-89aa-41dbe97a76f5
- device id: 4ca35884-a93a-48fc-ad16-80b2a90aa32e
- application id: Box Tools Win exe
- application name: BoxTools
- application version: 4.27.1.1145
- metric collection url: https://client-log.box.com/index.php?rm=box_gen204_json_record
- metric data path: C:\Users\pcedillo\AppData\Local\Box\Box Tools\Metrics\BoxTools_Metrics.db
- post callback: 05452F0E
- log callback: 05452F36
- context: 00000000
- post interval in seconds: 600
- max records in a post: 100
- max db records: 500
- disable sender: true
[2025-01-28 10:19:44,047] [36   ] [INFO ] [] - Shutting down the metrics collector
[2025-01-28 10:29:44,013] [56   ] [INFO ] [] - Initializing the metrics collector
[2025-01-28 10:29:44,035] [56   ] [INFO ] [] - MetricsCollector::Sender(49): _disableSentMetrics 1
[2025-01-28 10:29:44,037] [56   ] [INFO ] [] - MetricsCollector::Initialize(231): Initialized metrics collector
- session id: 59da16ef-9085-43a2-89aa-41dbe97a76f5
- device id: 4ca35884-a93a-48fc-ad16-80b2a90aa32e
- application id: Box Tools Win exe
- application name: BoxTools
- application version: 4.27.1.1145
- metric collection url: https://client-log.box.com/index.php?rm=box_gen204_json_record
- metric data path: C:\Users\pcedillo\AppData\Local\Box\Box Tools\Metrics\BoxTools_Metrics.db
- post callback: 05452F0E
- log callback: 05452F36
- context: 00000000
- post interval in seconds: 600
- max records in a post: 100
- max db records: 500
- disable sender: true
[2025-01-28 10:29:44,056] [56   ] [INFO ] [] - Shutting down the metrics collector
[2025-01-28 10:39:43,971] [10   ] [INFO ] [] - Initializing the metrics collector
[2025-01-28 10:39:43,994] [10   ] [INFO ] [] - MetricsCollector::Sender(49): _disableSentMetrics 1
[2025-01-28 10:39:43,994] [10   ] [INFO ] [] - MetricsCollector::Initialize(231): Initialized metrics collector
- session id: 59da16ef-9085-43a2-89aa-41dbe97a76f5
- device id: 4ca35884-a93a-48fc-ad16-80b2a90aa32e
- application id: Box Tools Win exe
- application name: BoxTools
- application version: 4.27.1.1145
- metric collection url: https://client-log.box.com/index.php?rm=box_gen204_json_record
- metric data path: C:\Users\pcedillo\AppData\Local\Box\Box Tools\Metrics\BoxTools_Metrics.db
- post callback: 05452F0E
- log callback: 05452F36
- context: 00000000
- post interval in seconds: 600
- max records in a post: 100
- max db records: 500
- disable sender: true
[2025-01-28 10:39:44,014] [10   ] [INFO ] [] - Shutting down the metrics collector
[2025-01-28 10:49:43,919] [40   ] [INFO ] [] - Initializing the metrics collector
[2025-01-28 10:49:43,939] [40   ] [INFO ] [] - MetricsCollector::Sender(49): _disableSentMetrics 1
[2025-01-28 10:49:43,940] [40   ] [INFO ] [] - MetricsCollector::Initialize(231): Initialized metrics collector
- session id: 59da16ef-9085-43a2-89aa-41dbe97a76f5
- device id: 4ca35884-a93a-48fc-ad16-80b2a90aa32e
- application id: Box Tools Win exe
- application name: BoxTools
- application version: 4.27.1.1145
- metric collection url: https://client-log.box.com/index.php?rm=box_gen204_json_record
- metric data path: C:\Users\pcedillo\AppData\Local\Box\Box Tools\Metrics\BoxTools_Metrics.db
- post callback: 05452F0E
- log callback: 05452F36
- context: 00000000
- post interval in seconds: 600
- max records in a post: 100
- max db records: 500
- disable sender: true
[2025-01-28 10:49:43,958] [40   ] [INFO ] [] - Shutting down the metrics collector
[2025-01-28 10:59:43,906] [38   ] [INFO ] [] - Initializing the metrics collector
[2025-01-28 10:59:43,929] [38   ] [INFO ] [] - MetricsCollector::Sender(49): _disableSentMetrics 1
[2025-01-28 10:59:43,930] [38   ] [INFO ] [] - MetricsCollector::Initialize(231): Initialized metrics collector
- session id: 59da16ef-9085-43a2-89aa-41dbe97a76f5
- device id: 4ca35884-a93a-48fc-ad16-80b2a90aa32e
- application id: Box Tools Win exe
- application name: BoxTools
- application version: 4.27.1.1145
- metric collection url: https://client-log.box.com/index.php?rm=box_gen204_json_record
- metric data path: C:\Users\pcedillo\AppData\Local\Box\Box Tools\Metrics\BoxTools_Metrics.db
- post callback: 05452F0E
- log callback: 05452F36
- context: 00000000
- post interval in seconds: 600
- max records in a post: 100
- max db records: 500
- disable sender: true
[2025-01-28 10:59:43,947] [38   ] [INFO ] [] - Shutting down the metrics collector
[2025-01-28 11:09:43,892] [5    ] [INFO ] [] - Initializing the metrics collector
[2025-01-28 11:09:43,915] [5    ] [INFO ] [] - MetricsCollector::Sender(49): _disableSentMetrics 1
[2025-01-28 11:09:43,917] [5    ] [INFO ] [] - MetricsCollector::Initialize(231): Initialized metrics collector
- session id: 59da16ef-9085-43a2-89aa-41dbe97a76f5
- device id: 4ca35884-a93a-48fc-ad16-80b2a90aa32e
- application id: Box Tools Win exe
- application name: BoxTools
- application version: 4.27.1.1145
- metric collection url: https://client-log.box.com/index.php?rm=box_gen204_json_record
- metric data path: C:\Users\pcedillo\AppData\Local\Box\Box Tools\Metrics\BoxTools_Metrics.db
- post callback: 05452F0E
- log callback: 05452F36
- context: 00000000
- post interval in seconds: 600
- max records in a post: 100
- max db records: 500
- disable sender: true
[2025-01-28 11:09:43,938] [5    ] [INFO ] [] - Shutting down the metrics collector
[2025-01-28 11:19:43,840] [48   ] [INFO ] [] - Initializing the metrics collector
[2025-01-28 11:19:43,860] [48   ] [INFO ] [] - MetricsCollector::Sender(49): _disableSentMetrics 1
[2025-01-28 11:19:43,861] [48   ] [INFO ] [] - MetricsCollector::Initialize(231): Initialized metrics collector
- session id: 59da16ef-9085-43a2-89aa-41dbe97a76f5
- device id: 4ca35884-a93a-48fc-ad16-80b2a90aa32e
- application id: Box Tools Win exe
- application name: BoxTools
- application version: 4.27.1.1145
- metric collection url: https://client-log.box.com/index.php?rm=box_gen204_json_record
- metric data path: C:\Users\pcedillo\AppData\Local\Box\Box Tools\Metrics\BoxTools_Metrics.db
- post callback: 05452F0E
- log callback: 05452F36
- context: 00000000
- post interval in seconds: 600
- max records in a post: 100
- max db records: 500
- disable sender: true
[2025-01-28 11:19:43,881] [48   ] [INFO ] [] - Shutting down the metrics collector
[2025-01-28 11:29:43,793] [43   ] [INFO ] [] - Initializing the metrics collector
[2025-01-28 11:29:43,818] [43   ] [INFO ] [] - MetricsCollector::Sender(49): _disableSentMetrics 1
[2025-01-28 11:29:43,819] [43   ] [INFO ] [] - MetricsCollector::Initialize(231): Initialized metrics collector
- session id: 59da16ef-9085-43a2-89aa-41dbe97a76f5
- device id: 4ca35884-a93a-48fc-ad16-80b2a90aa32e
- application id: Box Tools Win exe
- application name: BoxTools
- application version: 4.27.1.1145
- metric collection url: https://client-log.box.com/index.php?rm=box_gen204_json_record
- metric data path: C:\Users\pcedillo\AppData\Local\Box\Box Tools\Metrics\BoxTools_Metrics.db
- post callback: 05452F0E
- log callback: 05452F36
- context: 00000000
- post interval in seconds: 600
- max records in a post: 100
- max db records: 500
- disable sender: true
[2025-01-28 11:29:43,837] [43   ] [INFO ] [] - Shutting down the metrics collector
[2025-01-28 11:39:43,794] [3    ] [INFO ] [] - Initializing the metrics collector
[2025-01-28 11:39:43,816] [3    ] [INFO ] [] - MetricsCollector::Sender(49): _disableSentMetrics 1
[2025-01-28 11:39:43,817] [3    ] [INFO ] [] - MetricsCollector::Initialize(231): Initialized metrics collector
- session id: 59da16ef-9085-43a2-89aa-41dbe97a76f5
- device id: 4ca35884-a93a-48fc-ad16-80b2a90aa32e
- application id: Box Tools Win exe
- application name: BoxTools
- application version: 4.27.1.1145
- metric collection url: https://client-log.box.com/index.php?rm=box_gen204_json_record
- metric data path: C:\Users\pcedillo\AppData\Local\Box\Box Tools\Metrics\BoxTools_Metrics.db
- post callback: 05452F0E
- log callback: 05452F36
- context: 00000000
- post interval in seconds: 600
- max records in a post: 100
- max db records: 500
- disable sender: true
[2025-01-28 11:39:43,834] [3    ] [INFO ] [] - Shutting down the metrics collector
[2025-01-28 11:49:43,746] [55   ] [INFO ] [] - Initializing the metrics collector
[2025-01-28 11:49:43,767] [55   ] [INFO ] [] - MetricsCollector::Sender(49): _disableSentMetrics 1
[2025-01-28 11:49:43,769] [55   ] [INFO ] [] - MetricsCollector::Initialize(231): Initialized metrics collector
- session id: 59da16ef-9085-43a2-89aa-41dbe97a76f5
- device id: 4ca35884-a93a-48fc-ad16-80b2a90aa32e
- application id: Box Tools Win exe
- application name: BoxTools
- application version: 4.27.1.1145
- metric collection url: https://client-log.box.com/index.php?rm=box_gen204_json_record
- metric data path: C:\Users\pcedillo\AppData\Local\Box\Box Tools\Metrics\BoxTools_Metrics.db
- post callback: 05452F0E
- log callback: 05452F36
- context: 00000000
- post interval in seconds: 600
- max records in a post: 100
- max db records: 500
- disable sender: true
[2025-01-28 11:49:43,793] [55   ] [INFO ] [] - Shutting down the metrics collector
[2025-01-28 11:59:43,667] [26   ] [INFO ] [] - Initializing the metrics collector
[2025-01-28 11:59:43,689] [26   ] [INFO ] [] - MetricsCollector::Sender(49): _disableSentMetrics 1
[2025-01-28 11:59:43,690] [26   ] [INFO ] [] - MetricsCollector::Initialize(231): Initialized metrics collector
- session id: 59da16ef-9085-43a2-89aa-41dbe97a76f5
- device id: 4ca35884-a93a-48fc-ad16-80b2a90aa32e
- application id: Box Tools Win exe
- application name: BoxTools
- application version: 4.27.1.1145
- metric collection url: https://client-log.box.com/index.php?rm=box_gen204_json_record
- metric data path: C:\Users\pcedillo\AppData\Local\Box\Box Tools\Metrics\BoxTools_Metrics.db
- post callback: 05452F0E
- log callback: 05452F36
- context: 00000000
- post interval in seconds: 600
- max records in a post: 100
- max db records: 500
- disable sender: true
[2025-01-28 11:59:43,709] [26   ] [INFO ] [] - Shutting down the metrics collector
[2025-01-28 12:09:43,638] [3    ] [INFO ] [] - Initializing the metrics collector
[2025-01-28 12:09:43,650] [3    ] [INFO ] [] - MetricsCollector::Sender(49): _disableSentMetrics 1
[2025-01-28 12:09:43,650] [3    ] [INFO ] [] - MetricsCollector::Initialize(231): Initialized metrics collector
- session id: 59da16ef-9085-43a2-89aa-41dbe97a76f5
- device id: 4ca35884-a93a-48fc-ad16-80b2a90aa32e
- application id: Box Tools Win exe
- application name: BoxTools
- application version: 4.27.1.1145
- metric collection url: https://client-log.box.com/index.php?rm=box_gen204_json_record
- metric data path: C:\Users\pcedillo\AppData\Local\Box\Box Tools\Metrics\BoxTools_Metrics.db
- post callback: 05452F0E
- log callback: 05452F36
- context: 00000000
- post interval in seconds: 600
- max records in a post: 100
- max db records: 500
- disable sender: true
[2025-01-28 12:09:43,662] [3    ] [INFO ] [] - Shutting down the metrics collector
[2025-01-28 12:19:43,625] [49   ] [INFO ] [] - Initializing the metrics collector
[2025-01-28 12:19:43,635] [49   ] [INFO ] [] - MetricsCollector::Sender(49): _disableSentMetrics 1
[2025-01-28 12:19:43,635] [49   ] [INFO ] [] - MetricsCollector::Initialize(231): Initialized metrics collector
- session id: 59da16ef-9085-43a2-89aa-41dbe97a76f5
- device id: 4ca35884-a93a-48fc-ad16-80b2a90aa32e
- application id: Box Tools Win exe
- application name: BoxTools
- application version: 4.27.1.1145
- metric collection url: https://client-log.box.com/index.php?rm=box_gen204_json_record
- metric data path: C:\Users\pcedillo\AppData\Local\Box\Box Tools\Metrics\BoxTools_Metrics.db
- post callback: 05452F0E
- log callback: 05452F36
- context: 00000000
- post interval in seconds: 600
- max records in a post: 100
- max db records: 500
- disable sender: true
[2025-01-28 12:19:43,642] [49   ] [INFO ] [] - Shutting down the metrics collector
[2025-01-28 12:29:43,556] [48   ] [INFO ] [] - Initializing the metrics collector
[2025-01-28 12:29:43,571] [48   ] [INFO ] [] - MetricsCollector::Sender(49): _disableSentMetrics 1
[2025-01-28 12:29:43,572] [48   ] [INFO ] [] - MetricsCollector::Initialize(231): Initialized metrics collector
- session id: 59da16ef-9085-43a2-89aa-41dbe97a76f5
- device id: 4ca35884-a93a-48fc-ad16-80b2a90aa32e
- application id: Box Tools Win exe
- application name: BoxTools
- application version: 4.27.1.1145
- metric collection url: https://client-log.box.com/index.php?rm=box_gen204_json_record
- metric data path: C:\Users\pcedillo\AppData\Local\Box\Box Tools\Metrics\BoxTools_Metrics.db
- post callback: 05452F0E
- log callback: 05452F36
- context: 00000000
- post interval in seconds: 600
- max records in a post: 100
- max db records: 500
- disable sender: true
[2025-01-28 12:29:43,585] [48   ] [INFO ] [] - Shutting down the metrics collector
[2025-01-28 12:39:43,525] [43   ] [INFO ] [] - Initializing the metrics collector
[2025-01-28 12:39:43,539] [43   ] [INFO ] [] - MetricsCollector::Sender(49): _disableSentMetrics 1
[2025-01-28 12:39:43,540] [43   ] [INFO ] [] - MetricsCollector::Initialize(231): Initialized metrics collector
- session id: 59da16ef-9085-43a2-89aa-41dbe97a76f5
- device id: 4ca35884-a93a-48fc-ad16-80b2a90aa32e
- application id: Box Tools Win exe
- application name: BoxTools
- application version: 4.27.1.1145
- metric collection url: https://client-log.box.com/index.php?rm=box_gen204_json_record
- metric data path: C:\Users\pcedillo\AppData\Local\Box\Box Tools\Metrics\BoxTools_Metrics.db
- post callback: 05452F0E
- log callback: 05452F36
- context: 00000000
- post interval in seconds: 600
- max records in a post: 100
- max db records: 500
- disable sender: true
[2025-01-28 12:39:43,554] [43   ] [INFO ] [] - Shutting down the metrics collector
[2025-01-28 12:49:43,509] [39   ] [INFO ] [] - Initializing the metrics collector
[2025-01-28 12:49:43,514] [39   ] [INFO ] [] - MetricsCollector::Sender(49): _disableSentMetrics 1
[2025-01-28 12:49:43,514] [39   ] [INFO ] [] - MetricsCollector::Initialize(231): Initialized metrics collector
- session id: 59da16ef-9085-43a2-89aa-41dbe97a76f5
- device id: 4ca35884-a93a-48fc-ad16-80b2a90aa32e
- application id: Box Tools Win exe
- application name: BoxTools
- application version: 4.27.1.1145
- metric collection url: https://client-log.box.com/index.php?rm=box_gen204_json_record
- metric data path: C:\Users\pcedillo\AppData\Local\Box\Box Tools\Metrics\BoxTools_Metrics.db
- post callback: 05452F0E
- log callback: 05452F36
- context: 00000000
- post interval in seconds: 600
- max records in a post: 100
- max db records: 500
- disable sender: true
[2025-01-28 12:49:43,520] [39   ] [INFO ] [] - Shutting down the metrics collector
[2025-01-28 12:59:43,514] [48   ] [INFO ] [] - Initializing the metrics collector
[2025-01-28 12:59:43,528] [48   ] [INFO ] [] - MetricsCollector::Sender(49): _disableSentMetrics 1
[2025-01-28 12:59:43,529] [48   ] [INFO ] [] - MetricsCollector::Initialize(231): Initialized metrics collector
- session id: 59da16ef-9085-43a2-89aa-41dbe97a76f5
- device id: 4ca35884-a93a-48fc-ad16-80b2a90aa32e
- application id: Box Tools Win exe
- application name: BoxTools
- application version: 4.27.1.1145
- metric collection url: https://client-log.box.com/index.php?rm=box_gen204_json_record
- metric data path: C:\Users\pcedillo\AppData\Local\Box\Box Tools\Metrics\BoxTools_Metrics.db
- post callback: 05452F0E
- log callback: 05452F36
- context: 00000000
- post interval in seconds: 600
- max records in a post: 100
- max db records: 500
- disable sender: true
[2025-01-28 12:59:43,543] [48   ] [INFO ] [] - Shutting down the metrics collector
[2025-01-28 13:09:43,509] [49   ] [INFO ] [] - Initializing the metrics collector
[2025-01-28 13:09:43,523] [49   ] [INFO ] [] - MetricsCollector::Sender(49): _disableSentMetrics 1
[2025-01-28 13:09:43,523] [49   ] [INFO ] [] - MetricsCollector::Initialize(231): Initialized metrics collector
- session id: 59da16ef-9085-43a2-89aa-41dbe97a76f5
- device id: 4ca35884-a93a-48fc-ad16-80b2a90aa32e
- application id: Box Tools Win exe
- application name: BoxTools
- application version: 4.27.1.1145
- metric collection url: https://client-log.box.com/index.php?rm=box_gen204_json_record
- metric data path: C:\Users\pcedillo\AppData\Local\Box\Box Tools\Metrics\BoxTools_Metrics.db
- post callback: 05452F0E
- log callback: 05452F36
- context: 00000000
- post interval in seconds: 600
- max records in a post: 100
- max db records: 500
- disable sender: true
[2025-01-28 13:09:43,537] [49   ] [INFO ] [] - Shutting down the metrics collector
[2025-01-28 13:19:43,504] [43   ] [INFO ] [] - Initializing the metrics collector
[2025-01-28 13:19:43,518] [43   ] [INFO ] [] - MetricsCollector::Sender(49): _disableSentMetrics 1
[2025-01-28 13:19:43,519] [43   ] [INFO ] [] - MetricsCollector::Initialize(231): Initialized metrics collector
- session id: 59da16ef-9085-43a2-89aa-41dbe97a76f5
- device id: 4ca35884-a93a-48fc-ad16-80b2a90aa32e
- application id: Box Tools Win exe
- application name: BoxTools
- application version: 4.27.1.1145
- metric collection url: https://client-log.box.com/index.php?rm=box_gen204_json_record
- metric data path: C:\Users\pcedillo\AppData\Local\Box\Box Tools\Metrics\BoxTools_Metrics.db
- post callback: 05452F0E
- log callback: 05452F36
- context: 00000000
- post interval in seconds: 600
- max records in a post: 100
- max db records: 500
- disable sender: true
[2025-01-28 13:19:43,533] [43   ] [INFO ] [] - Shutting down the metrics collector
[2025-01-28 13:29:43,488] [3    ] [INFO ] [] - Initializing the metrics collector
[2025-01-28 13:29:43,501] [3    ] [INFO ] [] - MetricsCollector::Sender(49): _disableSentMetrics 1
[2025-01-28 13:29:43,502] [3    ] [INFO ] [] - MetricsCollector::Initialize(231): Initialized metrics collector
- session id: 59da16ef-9085-43a2-89aa-41dbe97a76f5
- device id: 4ca35884-a93a-48fc-ad16-80b2a90aa32e
- application id: Box Tools Win exe
- application name: BoxTools
- application version: 4.27.1.1145
- metric collection url: https://client-log.box.com/index.php?rm=box_gen204_json_record
- metric data path: C:\Users\pcedillo\AppData\Local\Box\Box Tools\Metrics\BoxTools_Metrics.db
- post callback: 05452F0E
- log callback: 05452F36
- context: 00000000
- post interval in seconds: 600
- max records in a post: 100
- max db records: 500
- disable sender: true
[2025-01-28 13:29:43,515] [3    ] [INFO ] [] - Shutting down the metrics collector
[2025-01-28 13:39:43,350] [55   ] [INFO ] [] - Initializing the metrics collector
[2025-01-28 13:39:43,357] [55   ] [INFO ] [] - MetricsCollector::Sender(49): _disableSentMetrics 1
[2025-01-28 13:39:43,357] [55   ] [INFO ] [] - MetricsCollector::Initialize(231): Initialized metrics collector
- session id: 59da16ef-9085-43a2-89aa-41dbe97a76f5
- device id: 4ca35884-a93a-48fc-ad16-80b2a90aa32e
- application id: Box Tools Win exe
- application name: BoxTools
- application version: 4.27.1.1145
- metric collection url: https://client-log.box.com/index.php?rm=box_gen204_json_record
- metric data path: C:\Users\pcedillo\AppData\Local\Box\Box Tools\Metrics\BoxTools_Metrics.db
- post callback: 05452F0E
- log callback: 05452F36
- context: 00000000
- post interval in seconds: 600
- max records in a post: 100
- max db records: 500
- disable sender: true
[2025-01-28 13:39:43,368] [55   ] [INFO ] [] - Shutting down the metrics collector
[2025-01-28 13:49:43,291] [46   ] [INFO ] [] - Initializing the metrics collector
[2025-01-28 13:49:43,304] [46   ] [INFO ] [] - MetricsCollector::Sender(49): _disableSentMetrics 1
[2025-01-28 13:49:43,305] [46   ] [INFO ] [] - MetricsCollector::Initialize(231): Initialized metrics collector
- session id: 59da16ef-9085-43a2-89aa-41dbe97a76f5
- device id: 4ca35884-a93a-48fc-ad16-80b2a90aa32e
- application id: Box Tools Win exe
- application name: BoxTools
- application version: 4.27.1.1145
- metric collection url: https://client-log.box.com/index.php?rm=box_gen204_json_record
- metric data path: C:\Users\pcedillo\AppData\Local\Box\Box Tools\Metrics\BoxTools_Metrics.db
- post callback: 05452F0E
- log callback: 05452F36
- context: 00000000
- post interval in seconds: 600
- max records in a post: 100
- max db records: 500
- disable sender: true
[2025-01-28 13:49:43,318] [46   ] [INFO ] [] - Shutting down the metrics collector
[2025-01-28 13:59:43,265] [57   ] [INFO ] [] - Initializing the metrics collector
[2025-01-28 13:59:43,278] [57   ] [INFO ] [] - MetricsCollector::Sender(49): _disableSentMetrics 1
[2025-01-28 13:59:43,279] [57   ] [INFO ] [] - MetricsCollector::Initialize(231): Initialized metrics collector
- session id: 59da16ef-9085-43a2-89aa-41dbe97a76f5
- device id: 4ca35884-a93a-48fc-ad16-80b2a90aa32e
- application id: Box Tools Win exe
- application name: BoxTools
- application version: 4.27.1.1145
- metric collection url: https://client-log.box.com/index.php?rm=box_gen204_json_record
- metric data path: C:\Users\pcedillo\AppData\Local\Box\Box Tools\Metrics\BoxTools_Metrics.db
- post callback: 05452F0E
- log callback: 05452F36
- context: 00000000
- post interval in seconds: 600
- max records in a post: 100
- max db records: 500
- disable sender: true
[2025-01-28 13:59:43,293] [57   ] [INFO ] [] - Shutting down the metrics collector
[2025-01-28 14:09:43,254] [38   ] [INFO ] [] - Initializing the metrics collector
[2025-01-28 14:09:43,268] [38   ] [INFO ] [] - MetricsCollector::Sender(49): _disableSentMetrics 1
[2025-01-28 14:09:43,269] [38   ] [INFO ] [] - MetricsCollector::Initialize(231): Initialized metrics collector
- session id: 59da16ef-9085-43a2-89aa-41dbe97a76f5
- device id: 4ca35884-a93a-48fc-ad16-80b2a90aa32e
- application id: Box Tools Win exe
- application name: BoxTools
- application version: 4.27.1.1145
- metric collection url: https://client-log.box.com/index.php?rm=box_gen204_json_record
- metric data path: C:\Users\pcedillo\AppData\Local\Box\Box Tools\Metrics\BoxTools_Metrics.db
- post callback: 05452F0E
- log callback: 05452F36
- context: 00000000
- post interval in seconds: 600
- max records in a post: 100
- max db records: 500
- disable sender: true
[2025-01-28 14:09:43,280] [38   ] [INFO ] [] - Shutting down the metrics collector
[2025-01-28 14:19:43,260] [40   ] [INFO ] [] - Initializing the metrics collector
[2025-01-28 14:19:43,273] [40   ] [INFO ] [] - MetricsCollector::Sender(49): _disableSentMetrics 1
[2025-01-28 14:19:43,274] [40   ] [INFO ] [] - MetricsCollector::Initialize(231): Initialized metrics collector
- session id: 59da16ef-9085-43a2-89aa-41dbe97a76f5
- device id: 4ca35884-a93a-48fc-ad16-80b2a90aa32e
- application id: Box Tools Win exe
- application name: BoxTools
- application version: 4.27.1.1145
- metric collection url: https://client-log.box.com/index.php?rm=box_gen204_json_record
- metric data path: C:\Users\pcedillo\AppData\Local\Box\Box Tools\Metrics\BoxTools_Metrics.db
- post callback: 05452F0E
- log callback: 05452F36
- context: 00000000
- post interval in seconds: 600
- max records in a post: 100
- max db records: 500
- disable sender: true
[2025-01-28 14:19:43,287] [40   ] [INFO ] [] - Shutting down the metrics collector
[2025-01-28 14:29:43,268] [10   ] [INFO ] [] - Initializing the metrics collector
[2025-01-28 14:29:43,275] [10   ] [INFO ] [] - MetricsCollector::Sender(49): _disableSentMetrics 1
[2025-01-28 14:29:43,276] [10   ] [INFO ] [] - MetricsCollector::Initialize(231): Initialized metrics collector
- session id: 59da16ef-9085-43a2-89aa-41dbe97a76f5
- device id: 4ca35884-a93a-48fc-ad16-80b2a90aa32e
- application id: Box Tools Win exe
- application name: BoxTools
- application version: 4.27.1.1145
- metric collection url: https://client-log.box.com/index.php?rm=box_gen204_json_record
- metric data path: C:\Users\pcedillo\AppData\Local\Box\Box Tools\Metrics\BoxTools_Metrics.db
- post callback: 05452F0E
- log callback: 05452F36
- context: 00000000
- post interval in seconds: 600
- max records in a post: 100
- max db records: 500
- disable sender: true
[2025-01-28 14:29:43,281] [10   ] [INFO ] [] - Shutting down the metrics collector
[2025-01-28 14:39:43,219] [45   ] [INFO ] [] - Initializing the metrics collector
[2025-01-28 14:39:43,233] [45   ] [INFO ] [] - MetricsCollector::Sender(49): _disableSentMetrics 1
[2025-01-28 14:39:43,233] [45   ] [INFO ] [] - MetricsCollector::Initialize(231): Initialized metrics collector
- session id: 59da16ef-9085-43a2-89aa-41dbe97a76f5
- device id: 4ca35884-a93a-48fc-ad16-80b2a90aa32e
- application id: Box Tools Win exe
- application name: BoxTools
- application version: 4.27.1.1145
- metric collection url: https://client-log.box.com/index.php?rm=box_gen204_json_record
- metric data path: C:\Users\pcedillo\AppData\Local\Box\Box Tools\Metrics\BoxTools_Metrics.db
- post callback: 05452F0E
- log callback: 05452F36
- context: 00000000
- post interval in seconds: 600
- max records in a post: 100
- max db records: 500
- disable sender: true
[2025-01-28 14:39:43,246] [45   ] [INFO ] [] - Shutting down the metrics collector
[2025-01-28 14:49:43,090] [64   ] [INFO ] [] - Initializing the metrics collector
[2025-01-28 14:49:43,100] [64   ] [INFO ] [] - MetricsCollector::Sender(49): _disableSentMetrics 1
[2025-01-28 14:49:43,101] [64   ] [INFO ] [] - MetricsCollector::Initialize(231): Initialized metrics collector
- session id: 59da16ef-9085-43a2-89aa-41dbe97a76f5
- device id: 4ca35884-a93a-48fc-ad16-80b2a90aa32e
- application id: Box Tools Win exe
- application name: BoxTools
- application version: 4.27.1.1145
- metric collection url: https://client-log.box.com/index.php?rm=box_gen204_json_record
- metric data path: C:\Users\pcedillo\AppData\Local\Box\Box Tools\Metrics\BoxTools_Metrics.db
- post callback: 05452F0E
- log callback: 05452F36
- context: 00000000
- post interval in seconds: 600
- max records in a post: 100
- max db records: 500
- disable sender: true
[2025-01-28 14:49:43,116] [64   ] [INFO ] [] - Shutting down the metrics collector
[2025-01-28 14:59:43,039] [13   ] [INFO ] [] - Initializing the metrics collector
[2025-01-28 14:59:43,053] [13   ] [INFO ] [] - MetricsCollector::Sender(49): _disableSentMetrics 1
[2025-01-28 14:59:43,053] [13   ] [INFO ] [] - MetricsCollector::Initialize(231): Initialized metrics collector
- session id: 59da16ef-9085-43a2-89aa-41dbe97a76f5
- device id: 4ca35884-a93a-48fc-ad16-80b2a90aa32e
- application id: Box Tools Win exe
- application name: BoxTools
- application version: 4.27.1.1145
- metric collection url: https://client-log.box.com/index.php?rm=box_gen204_json_record
- metric data path: C:\Users\pcedillo\AppData\Local\Box\Box Tools\Metrics\BoxTools_Metrics.db
- post callback: 05452F0E
- log callback: 05452F36
- context: 00000000
- post interval in seconds: 600
- max records in a post: 100
- max db records: 500
- disable sender: true
[2025-01-28 14:59:43,066] [13   ] [INFO ] [] - Shutting down the metrics collector
[2025-01-28 15:09:43,017] [36   ] [INFO ] [] - Initializing the metrics collector
[2025-01-28 15:09:43,026] [36   ] [INFO ] [] - MetricsCollector::Sender(49): _disableSentMetrics 1
[2025-01-28 15:09:43,026] [36   ] [INFO ] [] - MetricsCollector::Initialize(231): Initialized metrics collector
- session id: 59da16ef-9085-43a2-89aa-41dbe97a76f5
- device id: 4ca35884-a93a-48fc-ad16-80b2a90aa32e
- application id: Box Tools Win exe
- application name: BoxTools
- application version: 4.27.1.1145
- metric collection url: https://client-log.box.com/index.php?rm=box_gen204_json_record
- metric data path: C:\Users\pcedillo\AppData\Local\Box\Box Tools\Metrics\BoxTools_Metrics.db
- post callback: 05452F0E
- log callback: 05452F36
- context: 00000000
- post interval in seconds: 600
- max records in a post: 100
- max db records: 500
- disable sender: true
[2025-01-28 15:09:43,036] [36   ] [INFO ] [] - Shutting down the metrics collector
[2025-01-28 15:19:43,011] [47   ] [INFO ] [] - Initializing the metrics collector
[2025-01-28 15:19:43,025] [47   ] [INFO ] [] - MetricsCollector::Sender(49): _disableSentMetrics 1
[2025-01-28 15:19:43,025] [47   ] [INFO ] [] - MetricsCollector::Initialize(231): Initialized metrics collector
- session id: 59da16ef-9085-43a2-89aa-41dbe97a76f5
- device id: 4ca35884-a93a-48fc-ad16-80b2a90aa32e
- application id: Box Tools Win exe
- application name: BoxTools
- application version: 4.27.1.1145
- metric collection url: https://client-log.box.com/index.php?rm=box_gen204_json_record
- metric data path: C:\Users\pcedillo\AppData\Local\Box\Box Tools\Metrics\BoxTools_Metrics.db
- post callback: 05452F0E
- log callback: 05452F36
- context: 00000000
- post interval in seconds: 600
- max records in a post: 100
- max db records: 500
- disable sender: true
[2025-01-28 15:19:43,037] [47   ] [INFO ] [] - Shutting down the metrics collector
[2025-01-28 15:29:43,005] [41   ] [INFO ] [] - Initializing the metrics collector
[2025-01-28 15:29:43,018] [41   ] [INFO ] [] - MetricsCollector::Sender(49): _disableSentMetrics 1
[2025-01-28 15:29:43,018] [41   ] [INFO ] [] - MetricsCollector::Initialize(231): Initialized metrics collector
- session id: 59da16ef-9085-43a2-89aa-41dbe97a76f5
- device id: 4ca35884-a93a-48fc-ad16-80b2a90aa32e
- application id: Box Tools Win exe
- application name: BoxTools
- application version: 4.27.1.1145
- metric collection url: https://client-log.box.com/index.php?rm=box_gen204_json_record
- metric data path: C:\Users\pcedillo\AppData\Local\Box\Box Tools\Metrics\BoxTools_Metrics.db
- post callback: 05452F0E
- log callback: 05452F36
- context: 00000000
- post interval in seconds: 600
- max records in a post: 100
- max db records: 500
- disable sender: true
[2025-01-28 15:29:43,027] [41   ] [INFO ] [] - Shutting down the metrics collector
[2025-01-28 15:39:42,998] [6    ] [INFO ] [] - Initializing the metrics collector
[2025-01-28 15:39:43,006] [6    ] [INFO ] [] - MetricsCollector::Sender(49): _disableSentMetrics 1
[2025-01-28 15:39:43,006] [6    ] [INFO ] [] - MetricsCollector::Initialize(231): Initialized metrics collector
- session id: 59da16ef-9085-43a2-89aa-41dbe97a76f5
- device id: 4ca35884-a93a-48fc-ad16-80b2a90aa32e
- application id: Box Tools Win exe
- application name: BoxTools
- application version: 4.27.1.1145
- metric collection url: https://client-log.box.com/index.php?rm=box_gen204_json_record
- metric data path: C:\Users\pcedillo\AppData\Local\Box\Box Tools\Metrics\BoxTools_Metrics.db
- post callback: 05452F0E
- log callback: 05452F36
- context: 00000000
- post interval in seconds: 600
- max records in a post: 100
- max db records: 500
- disable sender: true
[2025-01-28 15:39:43,014] [6    ] [INFO ] [] - Shutting down the metrics collector
[2025-01-28 15:49:42,915] [6    ] [INFO ] [] - Initializing the metrics collector
[2025-01-28 15:49:42,930] [6    ] [INFO ] [] - MetricsCollector::Sender(49): _disableSentMetrics 1
[2025-01-28 15:49:42,930] [6    ] [INFO ] [] - MetricsCollector::Initialize(231): Initialized metrics collector
- session id: 59da16ef-9085-43a2-89aa-41dbe97a76f5
- device id: 4ca35884-a93a-48fc-ad16-80b2a90aa32e
- application id: Box Tools Win exe
- application name: BoxTools
- application version: 4.27.1.1145
- metric collection url: https://client-log.box.com/index.php?rm=box_gen204_json_record
- metric data path: C:\Users\pcedillo\AppData\Local\Box\Box Tools\Metrics\BoxTools_Metrics.db
- post callback: 05452F0E
- log callback: 05452F36
- context: 00000000
- post interval in seconds: 600
- max records in a post: 100
- max db records: 500
- disable sender: true
[2025-01-28 15:49:42,942] [6    ] [INFO ] [] - Shutting down the metrics collector
[2025-01-28 15:59:42,865] [12   ] [INFO ] [] - Initializing the metrics collector
[2025-01-28 15:59:42,876] [12   ] [INFO ] [] - MetricsCollector::Sender(49): _disableSentMetrics 1
[2025-01-28 15:59:42,876] [12   ] [INFO ] [] - MetricsCollector::Initialize(231): Initialized metrics collector
- session id: 59da16ef-9085-43a2-89aa-41dbe97a76f5
- device id: 4ca35884-a93a-48fc-ad16-80b2a90aa32e
- application id: Box Tools Win exe
- application name: BoxTools
- application version: 4.27.1.1145
- metric collection url: https://client-log.box.com/index.php?rm=box_gen204_json_record
- metric data path: C:\Users\pcedillo\AppData\Local\Box\Box Tools\Metrics\BoxTools_Metrics.db
- post callback: 05452F0E
- log callback: 05452F36
- context: 00000000
- post interval in seconds: 600
- max records in a post: 100
- max db records: 500
- disable sender: true
[2025-01-28 15:59:42,888] [12   ] [INFO ] [] - Shutting down the metrics collector
[2025-01-28 16:09:42,826] [52   ] [INFO ] [] - Initializing the metrics collector
[2025-01-28 16:09:42,837] [52   ] [INFO ] [] - MetricsCollector::Sender(49): _disableSentMetrics 1
[2025-01-28 16:09:42,838] [52   ] [INFO ] [] - MetricsCollector::Initialize(231): Initialized metrics collector
- session id: 59da16ef-9085-43a2-89aa-41dbe97a76f5
- device id: 4ca35884-a93a-48fc-ad16-80b2a90aa32e
- application id: Box Tools Win exe
- application name: BoxTools
- application version: 4.27.1.1145
- metric collection url: https://client-log.box.com/index.php?rm=box_gen204_json_record
- metric data path: C:\Users\pcedillo\AppData\Local\Box\Box Tools\Metrics\BoxTools_Metrics.db
- post callback: 05452F0E
- log callback: 05452F36
- context: 00000000
- post interval in seconds: 600
- max records in a post: 100
- max db records: 500
- disable sender: true
[2025-01-28 16:09:42,849] [52   ] [INFO ] [] - Shutting down the metrics collector
[2025-01-28 16:19:42,789] [58   ] [INFO ] [] - Initializing the metrics collector
[2025-01-28 16:19:42,803] [58   ] [INFO ] [] - MetricsCollector::Sender(49): _disableSentMetrics 1
[2025-01-28 16:19:42,805] [58   ] [INFO ] [] - MetricsCollector::Initialize(231): Initialized metrics collector
- session id: 59da16ef-9085-43a2-89aa-41dbe97a76f5
- device id: 4ca35884-a93a-48fc-ad16-80b2a90aa32e
- application id: Box Tools Win exe
- application name: BoxTools
- application version: 4.27.1.1145
- metric collection url: https://client-log.box.com/index.php?rm=box_gen204_json_record
- metric data path: C:\Users\pcedillo\AppData\Local\Box\Box Tools\Metrics\BoxTools_Metrics.db
- post callback: 05452F0E
- log callback: 05452F36
- context: 00000000
- post interval in seconds: 600
- max records in a post: 100
- max db records: 500
- disable sender: true
[2025-01-28 16:19:42,820] [58   ] [INFO ] [] - Shutting down the metrics collector
[2025-01-28 16:29:42,769] [11   ] [INFO ] [] - Initializing the metrics collector
[2025-01-28 16:29:42,783] [11   ] [INFO ] [] - MetricsCollector::Sender(49): _disableSentMetrics 1
[2025-01-28 16:29:42,783] [11   ] [INFO ] [] - MetricsCollector::Initialize(231): Initialized metrics collector
- session id: 59da16ef-9085-43a2-89aa-41dbe97a76f5
- device id: 4ca35884-a93a-48fc-ad16-80b2a90aa32e
- application id: Box Tools Win exe
- application name: BoxTools
- application version: 4.27.1.1145
- metric collection url: https://client-log.box.com/index.php?rm=box_gen204_json_record
- metric data path: C:\Users\pcedillo\AppData\Local\Box\Box Tools\Metrics\BoxTools_Metrics.db
- post callback: 05452F0E
- log callback: 05452F36
- context: 00000000
- post interval in seconds: 600
- max records in a post: 100
- max db records: 500
- disable sender: true
[2025-01-28 16:29:42,797] [11   ] [INFO ] [] - Shutting down the metrics collector
[2025-01-28 16:39:42,750] [12   ] [INFO ] [] - Initializing the metrics collector
[2025-01-28 16:39:42,762] [12   ] [INFO ] [] - MetricsCollector::Sender(49): _disableSentMetrics 1
[2025-01-28 16:39:42,763] [12   ] [INFO ] [] - MetricsCollector::Initialize(231): Initialized metrics collector
- session id: 59da16ef-9085-43a2-89aa-41dbe97a76f5
- device id: 4ca35884-a93a-48fc-ad16-80b2a90aa32e
- application id: Box Tools Win exe
- application name: BoxTools
- application version: 4.27.1.1145
- metric collection url: https://client-log.box.com/index.php?rm=box_gen204_json_record
- metric data path: C:\Users\pcedillo\AppData\Local\Box\Box Tools\Metrics\BoxTools_Metrics.db
- post callback: 05452F0E
- log callback: 05452F36
- context: 00000000
- post interval in seconds: 600
- max records in a post: 100
- max db records: 500
- disable sender: true
[2025-01-28 16:39:42,776] [12   ] [INFO ] [] - Shutting down the metrics collector
[2025-01-28 16:49:42,748] [44   ] [INFO ] [] - Initializing the metrics collector
[2025-01-28 16:49:42,762] [44   ] [INFO ] [] - MetricsCollector::Sender(49): _disableSentMetrics 1
[2025-01-28 16:49:42,762] [44   ] [INFO ] [] - MetricsCollector::Initialize(231): Initialized metrics collector
- session id: 59da16ef-9085-43a2-89aa-41dbe97a76f5
- device id: 4ca35884-a93a-48fc-ad16-80b2a90aa32e
- application id: Box Tools Win exe
- application name: BoxTools
- application version: 4.27.1.1145
- metric collection url: https://client-log.box.com/index.php?rm=box_gen204_json_record
- metric data path: C:\Users\pcedillo\AppData\Local\Box\Box Tools\Metrics\BoxTools_Metrics.db
- post callback: 05452F0E
- log callback: 05452F36
- context: 00000000
- post interval in seconds: 600
- max records in a post: 100
- max db records: 500
- disable sender: true
[2025-01-28 16:49:42,776] [44   ] [INFO ] [] - Shutting down the metrics collector
[2025-01-28 16:59:42,738] [6    ] [INFO ] [] - Initializing the metrics collector
[2025-01-28 16:59:42,752] [6    ] [INFO ] [] - MetricsCollector::Sender(49): _disableSentMetrics 1
[2025-01-28 16:59:42,753] [6    ] [INFO ] [] - MetricsCollector::Initialize(231): Initialized metrics collector
- session id: 59da16ef-9085-43a2-89aa-41dbe97a76f5
- device id: 4ca35884-a93a-48fc-ad16-80b2a90aa32e
- application id: Box Tools Win exe
- application name: BoxTools
- application version: 4.27.1.1145
- metric collection url: https://client-log.box.com/index.php?rm=box_gen204_json_record
- metric data path: C:\Users\pcedillo\AppData\Local\Box\Box Tools\Metrics\BoxTools_Metrics.db
- post callback: 05452F0E
- log callback: 05452F36
- context: 00000000
- post interval in seconds: 600
- max records in a post: 100
- max db records: 500
- disable sender: true
[2025-01-28 16:59:42,766] [6    ] [INFO ] [] - Shutting down the metrics collector
[2025-01-28 17:09:42,727] [36   ] [INFO ] [] - Initializing the metrics collector
[2025-01-28 17:09:42,741] [36   ] [INFO ] [] - MetricsCollector::Sender(49): _disableSentMetrics 1
[2025-01-28 17:09:42,743] [36   ] [INFO ] [] - MetricsCollector::Initialize(231): Initialized metrics collector
- session id: 59da16ef-9085-43a2-89aa-41dbe97a76f5
- device id: 4ca35884-a93a-48fc-ad16-80b2a90aa32e
- application id: Box Tools Win exe
- application name: BoxTools
- application version: 4.27.1.1145
- metric collection url: https://client-log.box.com/index.php?rm=box_gen204_json_record
- metric data path: C:\Users\pcedillo\AppData\Local\Box\Box Tools\Metrics\BoxTools_Metrics.db
- post callback: 05452F0E
- log callback: 05452F36
- context: 00000000
- post interval in seconds: 600
- max records in a post: 100
- max db records: 500
- disable sender: true
[2025-01-28 17:09:42,756] [36   ] [INFO ] [] - Shutting down the metrics collector
[2025-01-28 17:19:42,720] [56   ] [INFO ] [] - Initializing the metrics collector
[2025-01-28 17:19:42,732] [56   ] [INFO ] [] - MetricsCollector::Sender(49): _disableSentMetrics 1
[2025-01-28 17:19:42,732] [56   ] [INFO ] [] - MetricsCollector::Initialize(231): Initialized metrics collector
- session id: 59da16ef-9085-43a2-89aa-41dbe97a76f5
- device id: 4ca35884-a93a-48fc-ad16-80b2a90aa32e
- application id: Box Tools Win exe
- application name: BoxTools
- application version: 4.27.1.1145
- metric collection url: https://client-log.box.com/index.php?rm=box_gen204_json_record
- metric data path: C:\Users\pcedillo\AppData\Local\Box\Box Tools\Metrics\BoxTools_Metrics.db
- post callback: 05452F0E
- log callback: 05452F36
- context: 00000000
- post interval in seconds: 600
- max records in a post: 100
- max db records: 500
- disable sender: true
[2025-01-28 17:19:42,746] [56   ] [INFO ] [] - Shutting down the metrics collector
[2025-01-28 17:29:42,724] [64   ] [INFO ] [] - Initializing the metrics collector
[2025-01-28 17:29:42,738] [64   ] [INFO ] [] - MetricsCollector::Sender(49): _disableSentMetrics 1
[2025-01-28 17:29:42,739] [64   ] [INFO ] [] - MetricsCollector::Initialize(231): Initialized metrics collector
- session id: 59da16ef-9085-43a2-89aa-41dbe97a76f5
- device id: 4ca35884-a93a-48fc-ad16-80b2a90aa32e
- application id: Box Tools Win exe
- application name: BoxTools
- application version: 4.27.1.1145
- metric collection url: https://client-log.box.com/index.php?rm=box_gen204_json_record
- metric data path: C:\Users\pcedillo\AppData\Local\Box\Box Tools\Metrics\BoxTools_Metrics.db
- post callback: 05452F0E
- log callback: 05452F36
- context: 00000000
- post interval in seconds: 600
- max records in a post: 100
- max db records: 500
- disable sender: true
[2025-01-28 17:29:42,752] [64   ] [INFO ] [] - Shutting down the metrics collector
[2025-01-28 17:39:42,739] [17   ] [INFO ] [] - Initializing the metrics collector
[2025-01-28 17:39:42,745] [17   ] [INFO ] [] - MetricsCollector::Sender(49): _disableSentMetrics 1
[2025-01-28 17:39:42,745] [17   ] [INFO ] [] - MetricsCollector::Initialize(231): Initialized metrics collector
- session id: 59da16ef-9085-43a2-89aa-41dbe97a76f5
- device id: 4ca35884-a93a-48fc-ad16-80b2a90aa32e
- application id: Box Tools Win exe
- application name: BoxTools
- application version: 4.27.1.1145
- metric collection url: https://client-log.box.com/index.php?rm=box_gen204_json_record
- metric data path: C:\Users\pcedillo\AppData\Local\Box\Box Tools\Metrics\BoxTools_Metrics.db
- post callback: 05452F0E
- log callback: 05452F36
- context: 00000000
- post interval in seconds: 600
- max records in a post: 100
- max db records: 500
- disable sender: true
[2025-01-28 17:39:42,752] [17   ] [INFO ] [] - Shutting down the metrics collector
[2025-01-28 17:49:42,722] [7    ] [INFO ] [] - Initializing the metrics collector
[2025-01-28 17:49:42,737] [7    ] [INFO ] [] - MetricsCollector::Sender(49): _disableSentMetrics 1
[2025-01-28 17:49:42,738] [7    ] [INFO ] [] - MetricsCollector::Initialize(231): Initialized metrics collector
- session id: 59da16ef-9085-43a2-89aa-41dbe97a76f5
- device id: 4ca35884-a93a-48fc-ad16-80b2a90aa32e
- application id: Box Tools Win exe
- application name: BoxTools
- application version: 4.27.1.1145
- metric collection url: https://client-log.box.com/index.php?rm=box_gen204_json_record
- metric data path: C:\Users\pcedillo\AppData\Local\Box\Box Tools\Metrics\BoxTools_Metrics.db
- post callback: 05452F0E
- log callback: 05452F36
- context: 00000000
- post interval in seconds: 600
- max records in a post: 100
- max db records: 500
- disable sender: true
[2025-01-28 17:49:42,754] [7    ] [INFO ] [] - Shutting down the metrics collector
[2025-01-28 17:59:42,726] [57   ] [INFO ] [] - Initializing the metrics collector
[2025-01-28 17:59:42,736] [57   ] [INFO ] [] - MetricsCollector::Sender(49): _disableSentMetrics 1
[2025-01-28 17:59:42,738] [57   ] [INFO ] [] - MetricsCollector::Initialize(231): Initialized metrics collector
- session id: 59da16ef-9085-43a2-89aa-41dbe97a76f5
- device id: 4ca35884-a93a-48fc-ad16-80b2a90aa32e
- application id: Box Tools Win exe
- application name: BoxTools
- application version: 4.27.1.1145
- metric collection url: https://client-log.box.com/index.php?rm=box_gen204_json_record
- metric data path: C:\Users\pcedillo\AppData\Local\Box\Box Tools\Metrics\BoxTools_Metrics.db
- post callback: 05452F0E
- log callback: 05452F36
- context: 00000000
- post interval in seconds: 600
- max records in a post: 100
- max db records: 500
- disable sender: true
[2025-01-28 17:59:42,751] [57   ] [INFO ] [] - Shutting down the metrics collector
[2025-01-28 18:09:42,608] [5    ] [INFO ] [] - Initializing the metrics collector
[2025-01-28 18:09:42,623] [5    ] [INFO ] [] - MetricsCollector::Sender(49): _disableSentMetrics 1
[2025-01-28 18:09:42,623] [5    ] [INFO ] [] - MetricsCollector::Initialize(231): Initialized metrics collector
- session id: 59da16ef-9085-43a2-89aa-41dbe97a76f5
- device id: 4ca35884-a93a-48fc-ad16-80b2a90aa32e
- application id: Box Tools Win exe
- application name: BoxTools
- application version: 4.27.1.1145
- metric collection url: https://client-log.box.com/index.php?rm=box_gen204_json_record
- metric data path: C:\Users\pcedillo\AppData\Local\Box\Box Tools\Metrics\BoxTools_Metrics.db
- post callback: 05452F0E
- log callback: 05452F36
- context: 00000000
- post interval in seconds: 600
- max records in a post: 100
- max db records: 500
- disable sender: true
[2025-01-28 18:09:42,636] [5    ] [INFO ] [] - Shutting down the metrics collector
[2025-01-28 18:19:42,489] [46   ] [INFO ] [] - Initializing the metrics collector
[2025-01-28 18:19:42,497] [46   ] [INFO ] [] - MetricsCollector::Sender(49): _disableSentMetrics 1
[2025-01-28 18:19:42,497] [46   ] [INFO ] [] - MetricsCollector::Initialize(231): Initialized metrics collector
- session id: 59da16ef-9085-43a2-89aa-41dbe97a76f5
- device id: 4ca35884-a93a-48fc-ad16-80b2a90aa32e
- application id: Box Tools Win exe
- application name: BoxTools
- application version: 4.27.1.1145
- metric collection url: https://client-log.box.com/index.php?rm=box_gen204_json_record
- metric data path: C:\Users\pcedillo\AppData\Local\Box\Box Tools\Metrics\BoxTools_Metrics.db
- post callback: 05452F0E
- log callback: 05452F36
- context: 00000000
- post interval in seconds: 600
- max records in a post: 100
- max db records: 500
- disable sender: true
[2025-01-28 18:19:42,507] [46   ] [INFO ] [] - Shutting down the metrics collector
[2025-01-28 18:29:42,391] [26   ] [INFO ] [] - Initializing the metrics collector
[2025-01-28 18:29:42,396] [26   ] [INFO ] [] - MetricsCollector::Sender(49): _disableSentMetrics 1
[2025-01-28 18:29:42,396] [26   ] [INFO ] [] - MetricsCollector::Initialize(231): Initialized metrics collector
- session id: 59da16ef-9085-43a2-89aa-41dbe97a76f5
- device id: 4ca35884-a93a-48fc-ad16-80b2a90aa32e
- application id: Box Tools Win exe
- application name: BoxTools
- application version: 4.27.1.1145
- metric collection url: https://client-log.box.com/index.php?rm=box_gen204_json_record
- metric data path: C:\Users\pcedillo\AppData\Local\Box\Box Tools\Metrics\BoxTools_Metrics.db
- post callback: 05452F0E
- log callback: 05452F36
- context: 00000000
- post interval in seconds: 600
- max records in a post: 100
- max db records: 500
- disable sender: true
[2025-01-28 18:29:42,402] [26   ] [INFO ] [] - Shutting down the metrics collector
[2025-01-28 18:39:42,330] [3    ] [INFO ] [] - Initializing the metrics collector
[2025-01-28 18:39:42,340] [3    ] [INFO ] [] - MetricsCollector::Sender(49): _disableSentMetrics 1
[2025-01-28 18:39:42,340] [3    ] [INFO ] [] - MetricsCollector::Initialize(231): Initialized metrics collector
- session id: 59da16ef-9085-43a2-89aa-41dbe97a76f5
- device id: 4ca35884-a93a-48fc-ad16-80b2a90aa32e
- application id: Box Tools Win exe
- application name: BoxTools
- application version: 4.27.1.1145
- metric collection url: https://client-log.box.com/index.php?rm=box_gen204_json_record
- metric data path: C:\Users\pcedillo\AppData\Local\Box\Box Tools\Metrics\BoxTools_Metrics.db
- post callback: 05452F0E
- log callback: 05452F36
- context: 00000000
- post interval in seconds: 600
- max records in a post: 100
- max db records: 500
- disable sender: true
[2025-01-28 18:39:42,351] [3    ] [INFO ] [] - Shutting down the metrics collector
[2025-01-28 18:49:42,268] [43   ] [INFO ] [] - Initializing the metrics collector
[2025-01-28 18:49:42,283] [43   ] [INFO ] [] - MetricsCollector::Sender(49): _disableSentMetrics 1
[2025-01-28 18:49:42,283] [43   ] [INFO ] [] - MetricsCollector::Initialize(231): Initialized metrics collector
- session id: 59da16ef-9085-43a2-89aa-41dbe97a76f5
- device id: 4ca35884-a93a-48fc-ad16-80b2a90aa32e
- application id: Box Tools Win exe
- application name: BoxTools
- application version: 4.27.1.1145
- metric collection url: https://client-log.box.com/index.php?rm=box_gen204_json_record
- metric data path: C:\Users\pcedillo\AppData\Local\Box\Box Tools\Metrics\BoxTools_Metrics.db
- post callback: 05452F0E
- log callback: 05452F36
- context: 00000000
- post interval in seconds: 600
- max records in a post: 100
- max db records: 500
- disable sender: true
[2025-01-28 18:49:42,297] [43   ] [INFO ] [] - Shutting down the metrics collector
[2025-01-28 18:59:42,247] [39   ] [INFO ] [] - Initializing the metrics collector
[2025-01-28 18:59:42,257] [39   ] [INFO ] [] - MetricsCollector::Sender(49): _disableSentMetrics 1
[2025-01-28 18:59:42,259] [39   ] [INFO ] [] - MetricsCollector::Initialize(231): Initialized metrics collector
- session id: 59da16ef-9085-43a2-89aa-41dbe97a76f5
- device id: 4ca35884-a93a-48fc-ad16-80b2a90aa32e
- application id: Box Tools Win exe
- application name: BoxTools
- application version: 4.27.1.1145
- metric collection url: https://client-log.box.com/index.php?rm=box_gen204_json_record
- metric data path: C:\Users\pcedillo\AppData\Local\Box\Box Tools\Metrics\BoxTools_Metrics.db
- post callback: 05452F0E
- log callback: 05452F36
- context: 00000000
- post interval in seconds: 600
- max records in a post: 100
- max db records: 500
- disable sender: true
[2025-01-28 18:59:42,268] [39   ] [INFO ] [] - Shutting down the metrics collector
[2025-01-28 19:09:42,227] [63   ] [INFO ] [] - Initializing the metrics collector
[2025-01-28 19:09:42,241] [63   ] [INFO ] [] - MetricsCollector::Sender(49): _disableSentMetrics 1
[2025-01-28 19:09:42,242] [63   ] [INFO ] [] - MetricsCollector::Initialize(231): Initialized metrics collector
- session id: 59da16ef-9085-43a2-89aa-41dbe97a76f5
- device id: 4ca35884-a93a-48fc-ad16-80b2a90aa32e
- application id: Box Tools Win exe
- application name: BoxTools
- application version: 4.27.1.1145
- metric collection url: https://client-log.box.com/index.php?rm=box_gen204_json_record
- metric data path: C:\Users\pcedillo\AppData\Local\Box\Box Tools\Metrics\BoxTools_Metrics.db
- post callback: 05452F0E
- log callback: 05452F36
- context: 00000000
- post interval in seconds: 600
- max records in a post: 100
- max db records: 500
- disable sender: true
[2025-01-28 19:09:42,253] [63   ] [INFO ] [] - Shutting down the metrics collector
[2025-01-28 19:19:42,128] [60   ] [INFO ] [] - Initializing the metrics collector
[2025-01-28 19:19:42,142] [60   ] [INFO ] [] - MetricsCollector::Sender(49): _disableSentMetrics 1
[2025-01-28 19:19:42,143] [60   ] [INFO ] [] - MetricsCollector::Initialize(231): Initialized metrics collector
- session id: 59da16ef-9085-43a2-89aa-41dbe97a76f5
- device id: 4ca35884-a93a-48fc-ad16-80b2a90aa32e
- application id: Box Tools Win exe
- application name: BoxTools
- application version: 4.27.1.1145
- metric collection url: https://client-log.box.com/index.php?rm=box_gen204_json_record
- metric data path: C:\Users\pcedillo\AppData\Local\Box\Box Tools\Metrics\BoxTools_Metrics.db
- post callback: 05452F0E
- log callback: 05452F36
- context: 00000000
- post interval in seconds: 600
- max records in a post: 100
- max db records: 500
- disable sender: true
[2025-01-28 19:19:42,155] [60   ] [INFO ] [] - Shutting down the metrics collector
[2025-01-28 19:29:42,051] [61   ] [INFO ] [] - Initializing the metrics collector
[2025-01-28 19:29:42,065] [61   ] [INFO ] [] - MetricsCollector::Sender(49): _disableSentMetrics 1
[2025-01-28 19:29:42,066] [61   ] [INFO ] [] - MetricsCollector::Initialize(231): Initialized metrics collector
- session id: 59da16ef-9085-43a2-89aa-41dbe97a76f5
- device id: 4ca35884-a93a-48fc-ad16-80b2a90aa32e
- application id: Box Tools Win exe
- application name: BoxTools
- application version: 4.27.1.1145
- metric collection url: https://client-log.box.com/index.php?rm=box_gen204_json_record
- metric data path: C:\Users\pcedillo\AppData\Local\Box\Box Tools\Metrics\BoxTools_Metrics.db
- post callback: 05452F0E
- log callback: 05452F36
- context: 00000000
- post interval in seconds: 600
- max records in a post: 100
- max db records: 500
- disable sender: true
[2025-01-28 19:29:42,081] [61   ] [INFO ] [] - Shutting down the metrics collector
[2025-01-28 19:39:42,020] [72   ] [INFO ] [] - Initializing the metrics collector
[2025-01-28 19:39:42,030] [72   ] [INFO ] [] - MetricsCollector::Sender(49): _disableSentMetrics 1
[2025-01-28 19:39:42,030] [72   ] [INFO ] [] - MetricsCollector::Initialize(231): Initialized metrics collector
- session id: 59da16ef-9085-43a2-89aa-41dbe97a76f5
- device id: 4ca35884-a93a-48fc-ad16-80b2a90aa32e
- application id: Box Tools Win exe
- application name: BoxTools
- application version: 4.27.1.1145
- metric collection url: https://client-log.box.com/index.php?rm=box_gen204_json_record
- metric data path: C:\Users\pcedillo\AppData\Local\Box\Box Tools\Metrics\BoxTools_Metrics.db
- post callback: 05452F0E
- log callback: 05452F36
- context: 00000000
- post interval in seconds: 600
- max records in a post: 100
- max db records: 500
- disable sender: true
[2025-01-28 19:39:42,040] [72   ] [INFO ] [] - Shutting down the metrics collector
[2025-01-28 19:49:41,972] [62   ] [INFO ] [] - Initializing the metrics collector
[2025-01-28 19:49:41,984] [62   ] [INFO ] [] - MetricsCollector::Sender(49): _disableSentMetrics 1
[2025-01-28 19:49:41,985] [62   ] [INFO ] [] - MetricsCollector::Initialize(231): Initialized metrics collector
- session id: 59da16ef-9085-43a2-89aa-41dbe97a76f5
- device id: 4ca35884-a93a-48fc-ad16-80b2a90aa32e
- application id: Box Tools Win exe
- application name: BoxTools
- application version: 4.27.1.1145
- metric collection url: https://client-log.box.com/index.php?rm=box_gen204_json_record
- metric data path: C:\Users\pcedillo\AppData\Local\Box\Box Tools\Metrics\BoxTools_Metrics.db
- post callback: 05452F0E
- log callback: 05452F36
- context: 00000000
- post interval in seconds: 600
- max records in a post: 100
- max db records: 500
- disable sender: true
[2025-01-28 19:49:41,997] [62   ] [INFO ] [] - Shutting down the metrics collector
[2025-01-28 19:59:41,960] [65   ] [INFO ] [] - Initializing the metrics collector
[2025-01-28 19:59:41,969] [65   ] [INFO ] [] - MetricsCollector::Sender(49): _disableSentMetrics 1
[2025-01-28 19:59:41,970] [65   ] [INFO ] [] - MetricsCollector::Initialize(231): Initialized metrics collector
- session id: 59da16ef-9085-43a2-89aa-41dbe97a76f5
- device id: 4ca35884-a93a-48fc-ad16-80b2a90aa32e
- application id: Box Tools Win exe
- application name: BoxTools
- application version: 4.27.1.1145
- metric collection url: https://client-log.box.com/index.php?rm=box_gen204_json_record
- metric data path: C:\Users\pcedillo\AppData\Local\Box\Box Tools\Metrics\BoxTools_Metrics.db
- post callback: 05452F0E
- log callback: 05452F36
- context: 00000000
- post interval in seconds: 600
- max records in a post: 100
- max db records: 500
- disable sender: true
[2025-01-28 19:59:41,980] [65   ] [INFO ] [] - Shutting down the metrics collector
[2025-01-28 20:09:41,944] [70   ] [INFO ] [] - Initializing the metrics collector
[2025-01-28 20:09:41,957] [70   ] [INFO ] [] - MetricsCollector::Sender(49): _disableSentMetrics 1
[2025-01-28 20:09:41,957] [70   ] [INFO ] [] - MetricsCollector::Initialize(231): Initialized metrics collector
- session id: 59da16ef-9085-43a2-89aa-41dbe97a76f5
- device id: 4ca35884-a93a-48fc-ad16-80b2a90aa32e
- application id: Box Tools Win exe
- application name: BoxTools
- application version: 4.27.1.1145
- metric collection url: https://client-log.box.com/index.php?rm=box_gen204_json_record
- metric data path: C:\Users\pcedillo\AppData\Local\Box\Box Tools\Metrics\BoxTools_Metrics.db
- post callback: 05452F0E
- log callback: 05452F36
- context: 00000000
- post interval in seconds: 600
- max records in a post: 100
- max db records: 500
- disable sender: true
[2025-01-28 20:09:41,969] [70   ] [INFO ] [] - Shutting down the metrics collector
[2025-01-28 20:19:41,932] [66   ] [INFO ] [] - Initializing the metrics collector
[2025-01-28 20:19:41,945] [66   ] [INFO ] [] - MetricsCollector::Sender(49): _disableSentMetrics 1
[2025-01-28 20:19:41,947] [66   ] [INFO ] [] - MetricsCollector::Initialize(231): Initialized metrics collector
- session id: 59da16ef-9085-43a2-89aa-41dbe97a76f5
- device id: 4ca35884-a93a-48fc-ad16-80b2a90aa32e
- application id: Box Tools Win exe
- application name: BoxTools
- application version: 4.27.1.1145
- metric collection url: https://client-log.box.com/index.php?rm=box_gen204_json_record
- metric data path: C:\Users\pcedillo\AppData\Local\Box\Box Tools\Metrics\BoxTools_Metrics.db
- post callback: 05452F0E
- log callback: 05452F36
- context: 00000000
- post interval in seconds: 600
- max records in a post: 100
- max db records: 500
- disable sender: true
[2025-01-28 20:19:41,957] [66   ] [INFO ] [] - Shutting down the metrics collector
[2025-01-28 20:29:41,939] [35   ] [INFO ] [] - Initializing the metrics collector
[2025-01-28 20:29:41,951] [35   ] [INFO ] [] - MetricsCollector::Sender(49): _disableSentMetrics 1
[2025-01-28 20:29:41,951] [35   ] [INFO ] [] - MetricsCollector::Initialize(231): Initialized metrics collector
- session id: 59da16ef-9085-43a2-89aa-41dbe97a76f5
- device id: 4ca35884-a93a-48fc-ad16-80b2a90aa32e
- application id: Box Tools Win exe
- application name: BoxTools
- application version: 4.27.1.1145
- metric collection url: https://client-log.box.com/index.php?rm=box_gen204_json_record
- metric data path: C:\Users\pcedillo\AppData\Local\Box\Box Tools\Metrics\BoxTools_Metrics.db
- post callback: 05452F0E
- log callback: 05452F36
- context: 00000000
- post interval in seconds: 600
- max records in a post: 100
- max db records: 500
- disable sender: true
[2025-01-28 20:29:41,964] [35   ] [INFO ] [] - Shutting down the metrics collector
[2025-01-28 20:39:14,413] [74   ] [INFO ] [] - Accepted Origin
[2025-01-28 20:39:14,416] [74   ] [INFO ] [] - Handling status request
[2025-01-28 20:39:41,935] [71   ] [INFO ] [] - Initializing the metrics collector
[2025-01-28 20:39:41,945] [71   ] [INFO ] [] - MetricsCollector::Sender(49): _disableSentMetrics 1
[2025-01-28 20:39:41,947] [71   ] [INFO ] [] - MetricsCollector::Initialize(231): Initialized metrics collector
- session id: 59da16ef-9085-43a2-89aa-41dbe97a76f5
- device id: 4ca35884-a93a-48fc-ad16-80b2a90aa32e
- application id: Box Tools Win exe
- application name: BoxTools
- application version: 4.27.1.1145
- metric collection url: https://client-log.box.com/index.php?rm=box_gen204_json_record
- metric data path: C:\Users\pcedillo\AppData\Local\Box\Box Tools\Metrics\BoxTools_Metrics.db
- post callback: 05452F0E
- log callback: 05452F36
- context: 00000000
- post interval in seconds: 600
- max records in a post: 100
- max db records: 500
- disable sender: true
[2025-01-28 20:39:41,956] [71   ] [INFO ] [] - Shutting down the metrics collector
[2025-01-28 20:49:41,937] [69   ] [INFO ] [] - Initializing the metrics collector
[2025-01-28 20:49:41,951] [69   ] [INFO ] [] - MetricsCollector::Sender(49): _disableSentMetrics 1
[2025-01-28 20:49:41,951] [69   ] [INFO ] [] - MetricsCollector::Initialize(231): Initialized metrics collector
- session id: 59da16ef-9085-43a2-89aa-41dbe97a76f5
- device id: 4ca35884-a93a-48fc-ad16-80b2a90aa32e
- application id: Box Tools Win exe
- application name: BoxTools
- application version: 4.27.1.1145
- metric collection url: https://client-log.box.com/index.php?rm=box_gen204_json_record
- metric data path: C:\Users\pcedillo\AppData\Local\Box\Box Tools\Metrics\BoxTools_Metrics.db
- post callback: 05452F0E
- log callback: 05452F36
- context: 00000000
- post interval in seconds: 600
- max records in a post: 100
- max db records: 500
- disable sender: true
[2025-01-28 20:49:41,965] [69   ] [INFO ] [] - Shutting down the metrics collector
[2025-01-28 20:59:41,927] [68   ] [INFO ] [] - Initializing the metrics collector
[2025-01-28 20:59:41,938] [68   ] [INFO ] [] - MetricsCollector::Sender(49): _disableSentMetrics 1
[2025-01-28 20:59:41,939] [68   ] [INFO ] [] - MetricsCollector::Initialize(231): Initialized metrics collector
- session id: 59da16ef-9085-43a2-89aa-41dbe97a76f5
- device id: 4ca35884-a93a-48fc-ad16-80b2a90aa32e
- application id: Box Tools Win exe
- application name: BoxTools
- application version: 4.27.1.1145
- metric collection url: https://client-log.box.com/index.php?rm=box_gen204_json_record
- metric data path: C:\Users\pcedillo\AppData\Local\Box\Box Tools\Metrics\BoxTools_Metrics.db
- post callback: 05452F0E
- log callback: 05452F36
- context: 00000000
- post interval in seconds: 600
- max records in a post: 100
- max db records: 500
- disable sender: true
[2025-01-28 20:59:41,948] [68   ] [INFO ] [] - Shutting down the metrics collector
[2025-01-28 21:09:41,926] [34   ] [INFO ] [] - Initializing the metrics collector
[2025-01-28 21:09:41,942] [34   ] [INFO ] [] - MetricsCollector::Sender(49): _disableSentMetrics 1
[2025-01-28 21:09:41,942] [34   ] [INFO ] [] - MetricsCollector::Initialize(231): Initialized metrics collector
- session id: 59da16ef-9085-43a2-89aa-41dbe97a76f5
- device id: 4ca35884-a93a-48fc-ad16-80b2a90aa32e
- application id: Box Tools Win exe
- application name: BoxTools
- application version: 4.27.1.1145
- metric collection url: https://client-log.box.com/index.php?rm=box_gen204_json_record
- metric data path: C:\Users\pcedillo\AppData\Local\Box\Box Tools\Metrics\BoxTools_Metrics.db
- post callback: 05452F0E
- log callback: 05452F36
- context: 00000000
- post interval in seconds: 600
- max records in a post: 100
- max db records: 500
- disable sender: true
[2025-01-28 21:09:41,955] [34   ] [INFO ] [] - Shutting down the metrics collector
[2025-01-28 21:19:41,929] [33   ] [INFO ] [] - Initializing the metrics collector
[2025-01-28 21:19:41,940] [33   ] [INFO ] [] - MetricsCollector::Sender(49): _disableSentMetrics 1
[2025-01-28 21:19:41,941] [33   ] [INFO ] [] - MetricsCollector::Initialize(231): Initialized metrics collector
- session id: 59da16ef-9085-43a2-89aa-41dbe97a76f5
- device id: 4ca35884-a93a-48fc-ad16-80b2a90aa32e
- application id: Box Tools Win exe
- application name: BoxTools
- application version: 4.27.1.1145
- metric collection url: https://client-log.box.com/index.php?rm=box_gen204_json_record
- metric data path: C:\Users\pcedillo\AppData\Local\Box\Box Tools\Metrics\BoxTools_Metrics.db
- post callback: 05452F0E
- log callback: 05452F36
- context: 00000000
- post interval in seconds: 600
- max records in a post: 100
- max db records: 500
- disable sender: true
[2025-01-28 21:19:41,951] [33   ] [INFO ] [] - Shutting down the metrics collector
[2025-01-28 21:29:41,876] [29   ] [INFO ] [] - Initializing the metrics collector
[2025-01-28 21:29:41,889] [29   ] [INFO ] [] - MetricsCollector::Sender(49): _disableSentMetrics 1
[2025-01-28 21:29:41,889] [29   ] [INFO ] [] - MetricsCollector::Initialize(231): Initialized metrics collector
- session id: 59da16ef-9085-43a2-89aa-41dbe97a76f5
- device id: 4ca35884-a93a-48fc-ad16-80b2a90aa32e
- application id: Box Tools Win exe
- application name: BoxTools
- application version: 4.27.1.1145
- metric collection url: https://client-log.box.com/index.php?rm=box_gen204_json_record
- metric data path: C:\Users\pcedillo\AppData\Local\Box\Box Tools\Metrics\BoxTools_Metrics.db
- post callback: 05452F0E
- log callback: 05452F36
- context: 00000000
- post interval in seconds: 600
- max records in a post: 100
- max db records: 500
- disable sender: true
[2025-01-28 21:29:41,903] [29   ] [INFO ] [] - Shutting down the metrics collector
[2025-01-28 21:39:41,731] [32   ] [INFO ] [] - Initializing the metrics collector
[2025-01-28 21:39:41,743] [32   ] [INFO ] [] - MetricsCollector::Sender(49): _disableSentMetrics 1
[2025-01-28 21:39:41,744] [32   ] [INFO ] [] - MetricsCollector::Initialize(231): Initialized metrics collector
- session id: 59da16ef-9085-43a2-89aa-41dbe97a76f5
- device id: 4ca35884-a93a-48fc-ad16-80b2a90aa32e
- application id: Box Tools Win exe
- application name: BoxTools
- application version: 4.27.1.1145
- metric collection url: https://client-log.box.com/index.php?rm=box_gen204_json_record
- metric data path: C:\Users\pcedillo\AppData\Local\Box\Box Tools\Metrics\BoxTools_Metrics.db
- post callback: 05452F0E
- log callback: 05452F36
- context: 00000000
- post interval in seconds: 600
- max records in a post: 100
- max db records: 500
- disable sender: true
[2025-01-28 21:39:41,752] [32   ] [INFO ] [] - Shutting down the metrics collector
[2025-01-28 21:49:41,641] [33   ] [INFO ] [] - Initializing the metrics collector
[2025-01-28 21:49:41,655] [33   ] [INFO ] [] - MetricsCollector::Sender(49): _disableSentMetrics 1
[2025-01-28 21:49:41,656] [33   ] [INFO ] [] - MetricsCollector::Initialize(231): Initialized metrics collector
- session id: 59da16ef-9085-43a2-89aa-41dbe97a76f5
- device id: 4ca35884-a93a-48fc-ad16-80b2a90aa32e
- application id: Box Tools Win exe
- application name: BoxTools
- application version: 4.27.1.1145
- metric collection url: https://client-log.box.com/index.php?rm=box_gen204_json_record
- metric data path: C:\Users\pcedillo\AppData\Local\Box\Box Tools\Metrics\BoxTools_Metrics.db
- post callback: 05452F0E
- log callback: 05452F36
- context: 00000000
- post interval in seconds: 600
- max records in a post: 100
- max db records: 500
- disable sender: true
[2025-01-28 21:49:41,670] [33   ] [INFO ] [] - Shutting down the metrics collector
[2025-01-28 21:59:41,568] [34   ] [INFO ] [] - Initializing the metrics collector
[2025-01-28 21:59:41,582] [34   ] [INFO ] [] - MetricsCollector::Sender(49): _disableSentMetrics 1
[2025-01-28 21:59:41,583] [34   ] [INFO ] [] - MetricsCollector::Initialize(231): Initialized metrics collector
- session id: 59da16ef-9085-43a2-89aa-41dbe97a76f5
- device id: 4ca35884-a93a-48fc-ad16-80b2a90aa32e
- application id: Box Tools Win exe
- application name: BoxTools
- application version: 4.27.1.1145
- metric collection url: https://client-log.box.com/index.php?rm=box_gen204_json_record
- metric data path: C:\Users\pcedillo\AppData\Local\Box\Box Tools\Metrics\BoxTools_Metrics.db
- post callback: 05452F0E
- log callback: 05452F36
- context: 00000000
- post interval in seconds: 600
- max records in a post: 100
- max db records: 500
- disable sender: true
[2025-01-28 21:59:41,597] [34   ] [INFO ] [] - Shutting down the metrics collector
[2025-01-28 22:09:41,509] [68   ] [INFO ] [] - Initializing the metrics collector
[2025-01-28 22:09:41,523] [68   ] [INFO ] [] - MetricsCollector::Sender(49): _disableSentMetrics 1
[2025-01-28 22:09:41,523] [68   ] [INFO ] [] - MetricsCollector::Initialize(231): Initialized metrics collector
- session id: 59da16ef-9085-43a2-89aa-41dbe97a76f5
- device id: 4ca35884-a93a-48fc-ad16-80b2a90aa32e
- application id: Box Tools Win exe
- application name: BoxTools
- application version: 4.27.1.1145
- metric collection url: https://client-log.box.com/index.php?rm=box_gen204_json_record
- metric data path: C:\Users\pcedillo\AppData\Local\Box\Box Tools\Metrics\BoxTools_Metrics.db
- post callback: 05452F0E
- log callback: 05452F36
- context: 00000000
- post interval in seconds: 600
- max records in a post: 100
- max db records: 500
- disable sender: true
[2025-01-28 22:09:41,534] [68   ] [INFO ] [] - Shutting down the metrics collector
[2025-01-28 22:19:41,477] [69   ] [INFO ] [] - Initializing the metrics collector
[2025-01-28 22:19:41,490] [69   ] [INFO ] [] - MetricsCollector::Sender(49): _disableSentMetrics 1
[2025-01-28 22:19:41,491] [69   ] [INFO ] [] - MetricsCollector::Initialize(231): Initialized metrics collector
- session id: 59da16ef-9085-43a2-89aa-41dbe97a76f5
- device id: 4ca35884-a93a-48fc-ad16-80b2a90aa32e
- application id: Box Tools Win exe
- application name: BoxTools
- application version: 4.27.1.1145
- metric collection url: https://client-log.box.com/index.php?rm=box_gen204_json_record
- metric data path: C:\Users\pcedillo\AppData\Local\Box\Box Tools\Metrics\BoxTools_Metrics.db
- post callback: 05452F0E
- log callback: 05452F36
- context: 00000000
- post interval in seconds: 600
- max records in a post: 100
- max db records: 500
- disable sender: true
[2025-01-28 22:19:41,503] [69   ] [INFO ] [] - Shutting down the metrics collector
[2025-01-28 22:29:41,464] [35   ] [INFO ] [] - Initializing the metrics collector
[2025-01-28 22:29:41,478] [35   ] [INFO ] [] - MetricsCollector::Sender(49): _disableSentMetrics 1
[2025-01-28 22:29:41,479] [35   ] [INFO ] [] - MetricsCollector::Initialize(231): Initialized metrics collector
- session id: 59da16ef-9085-43a2-89aa-41dbe97a76f5
- device id: 4ca35884-a93a-48fc-ad16-80b2a90aa32e
- application id: Box Tools Win exe
- application name: BoxTools
- application version: 4.27.1.1145
- metric collection url: https://client-log.box.com/index.php?rm=box_gen204_json_record
- metric data path: C:\Users\pcedillo\AppData\Local\Box\Box Tools\Metrics\BoxTools_Metrics.db
- post callback: 05452F0E
- log callback: 05452F36
- context: 00000000
- post interval in seconds: 600
- max records in a post: 100
- max db records: 500
- disable sender: true
[2025-01-28 22:29:41,492] [35   ] [INFO ] [] - Shutting down the metrics collector
[2025-01-28 22:39:41,440] [71   ] [INFO ] [] - Initializing the metrics collector
[2025-01-28 22:39:41,447] [71   ] [INFO ] [] - MetricsCollector::Sender(49): _disableSentMetrics 1
[2025-01-28 22:39:41,448] [71   ] [INFO ] [] - MetricsCollector::Initialize(231): Initialized metrics collector
- session id: 59da16ef-9085-43a2-89aa-41dbe97a76f5
- device id: 4ca35884-a93a-48fc-ad16-80b2a90aa32e
- application id: Box Tools Win exe
- application name: BoxTools
- application version: 4.27.1.1145
- metric collection url: https://client-log.box.com/index.php?rm=box_gen204_json_record
- metric data path: C:\Users\pcedillo\AppData\Local\Box\Box Tools\Metrics\BoxTools_Metrics.db
- post callback: 05452F0E
- log callback: 05452F36
- context: 00000000
- post interval in seconds: 600
- max records in a post: 100
- max db records: 500
- disable sender: true
[2025-01-28 22:39:41,455] [71   ] [INFO ] [] - Shutting down the metrics collector
[2025-01-28 22:49:41,425] [62   ] [INFO ] [] - Initializing the metrics collector
[2025-01-28 22:49:41,437] [62   ] [INFO ] [] - MetricsCollector::Sender(49): _disableSentMetrics 1
[2025-01-28 22:49:41,438] [62   ] [INFO ] [] - MetricsCollector::Initialize(231): Initialized metrics collector
- session id: 59da16ef-9085-43a2-89aa-41dbe97a76f5
- device id: 4ca35884-a93a-48fc-ad16-80b2a90aa32e
- application id: Box Tools Win exe
- application name: BoxTools
- application version: 4.27.1.1145
- metric collection url: https://client-log.box.com/index.php?rm=box_gen204_json_record
- metric data path: C:\Users\pcedillo\AppData\Local\Box\Box Tools\Metrics\BoxTools_Metrics.db
- post callback: 05452F0E
- log callback: 05452F36
- context: 00000000
- post interval in seconds: 600
- max records in a post: 100
- max db records: 500
- disable sender: true
[2025-01-28 22:49:41,449] [62   ] [INFO ] [] - Shutting down the metrics collector
[2025-01-28 22:59:41,412] [62   ] [INFO ] [] - Initializing the metrics collector
[2025-01-28 22:59:41,425] [62   ] [INFO ] [] - MetricsCollector::Sender(49): _disableSentMetrics 1
[2025-01-28 22:59:41,426] [62   ] [INFO ] [] - MetricsCollector::Initialize(231): Initialized metrics collector
- session id: 59da16ef-9085-43a2-89aa-41dbe97a76f5
- device id: 4ca35884-a93a-48fc-ad16-80b2a90aa32e
- application id: Box Tools Win exe
- application name: BoxTools
- application version: 4.27.1.1145
- metric collection url: https://client-log.box.com/index.php?rm=box_gen204_json_record
- metric data path: C:\Users\pcedillo\AppData\Local\Box\Box Tools\Metrics\BoxTools_Metrics.db
- post callback: 05452F0E
- log callback: 05452F36
- context: 00000000
- post interval in seconds: 600
- max records in a post: 100
- max db records: 500
- disable sender: true
[2025-01-28 22:59:41,439] [62   ] [INFO ] [] - Shutting down the metrics collector
[2025-01-28 23:09:41,407] [72   ] [INFO ] [] - Initializing the metrics collector
[2025-01-28 23:09:41,419] [72   ] [INFO ] [] - MetricsCollector::Sender(49): _disableSentMetrics 1
[2025-01-28 23:09:41,419] [72   ] [INFO ] [] - MetricsCollector::Initialize(231): Initialized metrics collector
- session id: 59da16ef-9085-43a2-89aa-41dbe97a76f5
- device id: 4ca35884-a93a-48fc-ad16-80b2a90aa32e
- application id: Box Tools Win exe
- application name: BoxTools
- application version: 4.27.1.1145
- metric collection url: https://client-log.box.com/index.php?rm=box_gen204_json_record
- metric data path: C:\Users\pcedillo\AppData\Local\Box\Box Tools\Metrics\BoxTools_Metrics.db
- post callback: 05452F0E
- log callback: 05452F36
- context: 00000000
- post interval in seconds: 600
- max records in a post: 100
- max db records: 500
- disable sender: true
[2025-01-28 23:09:41,431] [72   ] [INFO ] [] - Shutting down the metrics collector
[2025-01-28 23:19:41,419] [48   ] [INFO ] [] - Initializing the metrics collector
[2025-01-28 23:19:41,435] [48   ] [INFO ] [] - MetricsCollector::Sender(49): _disableSentMetrics 1
[2025-01-28 23:19:41,435] [48   ] [INFO ] [] - MetricsCollector::Initialize(231): Initialized metrics collector
- session id: 59da16ef-9085-43a2-89aa-41dbe97a76f5
- device id: 4ca35884-a93a-48fc-ad16-80b2a90aa32e
- application id: Box Tools Win exe
- application name: BoxTools
- application version: 4.27.1.1145
- metric collection url: https://client-log.box.com/index.php?rm=box_gen204_json_record
- metric data path: C:\Users\pcedillo\AppData\Local\Box\Box Tools\Metrics\BoxTools_Metrics.db
- post callback: 05452F0E
- log callback: 05452F36
- context: 00000000
- post interval in seconds: 600
- max records in a post: 100
- max db records: 500
- disable sender: true
[2025-01-28 23:19:41,448] [48   ] [INFO ] [] - Shutting down the metrics collector
[2025-01-28 23:29:41,405] [43   ] [INFO ] [] - Initializing the metrics collector
[2025-01-28 23:29:41,418] [43   ] [INFO ] [] - MetricsCollector::Sender(49): _disableSentMetrics 1
[2025-01-28 23:29:41,419] [43   ] [INFO ] [] - MetricsCollector::Initialize(231): Initialized metrics collector
- session id: 59da16ef-9085-43a2-89aa-41dbe97a76f5
- device id: 4ca35884-a93a-48fc-ad16-80b2a90aa32e
- application id: Box Tools Win exe
- application name: BoxTools
- application version: 4.27.1.1145
- metric collection url: https://client-log.box.com/index.php?rm=box_gen204_json_record
- metric data path: C:\Users\pcedillo\AppData\Local\Box\Box Tools\Metrics\BoxTools_Metrics.db
- post callback: 05452F0E
- log callback: 05452F36
- context: 00000000
- post interval in seconds: 600
- max records in a post: 100
- max db records: 500
- disable sender: true
[2025-01-28 23:29:41,431] [43   ] [INFO ] [] - Shutting down the metrics collector
[2025-01-28 23:39:41,402] [37   ] [INFO ] [] - Initializing the metrics collector
[2025-01-28 23:39:41,417] [37   ] [INFO ] [] - MetricsCollector::Sender(49): _disableSentMetrics 1
[2025-01-28 23:39:41,418] [37   ] [INFO ] [] - MetricsCollector::Initialize(231): Initialized metrics collector
- session id: 59da16ef-9085-43a2-89aa-41dbe97a76f5
- device id: 4ca35884-a93a-48fc-ad16-80b2a90aa32e
- application id: Box Tools Win exe
- application name: BoxTools
- application version: 4.27.1.1145
- metric collection url: https://client-log.box.com/index.php?rm=box_gen204_json_record
- metric data path: C:\Users\pcedillo\AppData\Local\Box\Box Tools\Metrics\BoxTools_Metrics.db
- post callback: 05452F0E
- log callback: 05452F36
- context: 00000000
- post interval in seconds: 600
- max records in a post: 100
- max db records: 500
- disable sender: true
[2025-01-28 23:39:41,431] [37   ] [INFO ] [] - Shutting down the metrics collector
[2025-01-28 23:49:41,314] [55   ] [INFO ] [] - Initializing the metrics collector
[2025-01-28 23:49:41,325] [55   ] [INFO ] [] - MetricsCollector::Sender(49): _disableSentMetrics 1
[2025-01-28 23:49:41,325] [55   ] [INFO ] [] - MetricsCollector::Initialize(231): Initialized metrics collector
- session id: 59da16ef-9085-43a2-89aa-41dbe97a76f5
- device id: 4ca35884-a93a-48fc-ad16-80b2a90aa32e
- application id: Box Tools Win exe
- application name: BoxTools
- application version: 4.27.1.1145
- metric collection url: https://client-log.box.com/index.php?rm=box_gen204_json_record
- metric data path: C:\Users\pcedillo\AppData\Local\Box\Box Tools\Metrics\BoxTools_Metrics.db
- post callback: 05452F0E
- log callback: 05452F36
- context: 00000000
- post interval in seconds: 600
- max records in a post: 100
- max db records: 500
- disable sender: true
[2025-01-28 23:49:41,337] [55   ] [INFO ] [] - Shutting down the metrics collector
[2025-01-28 23:59:41,191] [38   ] [INFO ] [] - Initializing the metrics collector
[2025-01-28 23:59:41,204] [38   ] [INFO ] [] - MetricsCollector::Sender(49): _disableSentMetrics 1
[2025-01-28 23:59:41,205] [38   ] [INFO ] [] - MetricsCollector::Initialize(231): Initialized metrics collector
- session id: 59da16ef-9085-43a2-89aa-41dbe97a76f5
- device id: 4ca35884-a93a-48fc-ad16-80b2a90aa32e
- application id: Box Tools Win exe
- application name: BoxTools
- application version: 4.27.1.1145
- metric collection url: https://client-log.box.com/index.php?rm=box_gen204_json_record
- metric data path: C:\Users\pcedillo\AppData\Local\Box\Box Tools\Metrics\BoxTools_Metrics.db
- post callback: 05452F0E
- log callback: 05452F36
- context: 00000000
- post interval in seconds: 600
- max records in a post: 100
- max db records: 500
- disable sender: true
[2025-01-28 23:59:41,218] [38   ] [INFO ] [] - Shutting down the metrics collector
