[2025-03-03 06:59:56,515] [50   ] [INFO ] [] - Initializing the metrics collector
[2025-03-03 06:59:56,552] [50   ] [INFO ] [] - MetricsCollector::Sender(49): _disableSentMetrics 1
[2025-03-03 06:59:56,554] [50   ] [INFO ] [] - MetricsCollector::Initialize(231): Initialized metrics collector
- session id: e0472d3e-0d6a-4010-83a4-f833730aafa7
- device id: 4ca35884-a93a-48fc-ad16-80b2a90aa32e
- application id: Box Tools Win exe
- application name: BoxTools
- application version: 4.28.0.1161
- metric collection url: https://client-log.box.com/index.php?rm=box_gen204_json_record
- metric data path: C:\Users\pcedillo\AppData\Local\Box\Box Tools\Metrics\BoxTools_Metrics.db
- post callback: 057004C6
- log callback: 057061D6
- context: 00000000
- post interval in seconds: 600
- max records in a post: 100
- max db records: 500
- disable sender: true
[2025-03-03 06:59:56,570] [50   ] [INFO ] [] - Shutting down the metrics collector
[2025-03-03 07:09:56,834] [85   ] [INFO ] [] - Initializing the metrics collector
[2025-03-03 07:09:56,845] [85   ] [INFO ] [] - MetricsCollector::Sender(49): _disableSentMetrics 1
[2025-03-03 07:09:56,846] [85   ] [INFO ] [] - MetricsCollector::Initialize(231): Initialized metrics collector
- session id: e0472d3e-0d6a-4010-83a4-f833730aafa7
- device id: 4ca35884-a93a-48fc-ad16-80b2a90aa32e
- application id: Box Tools Win exe
- application name: BoxTools
- application version: 4.28.0.1161
- metric collection url: https://client-log.box.com/index.php?rm=box_gen204_json_record
- metric data path: C:\Users\pcedillo\AppData\Local\Box\Box Tools\Metrics\BoxTools_Metrics.db
- post callback: 057004C6
- log callback: 057061D6
- context: 00000000
- post interval in seconds: 600
- max records in a post: 100
- max db records: 500
- disable sender: true
[2025-03-03 07:09:56,857] [85   ] [INFO ] [] - Shutting down the metrics collector
[2025-03-03 07:19:56,776] [6    ] [INFO ] [] - Initializing the metrics collector
[2025-03-03 07:19:56,790] [6    ] [INFO ] [] - MetricsCollector::Sender(49): _disableSentMetrics 1
[2025-03-03 07:19:56,791] [6    ] [INFO ] [] - MetricsCollector::Initialize(231): Initialized metrics collector
- session id: e0472d3e-0d6a-4010-83a4-f833730aafa7
- device id: 4ca35884-a93a-48fc-ad16-80b2a90aa32e
- application id: Box Tools Win exe
- application name: BoxTools
- application version: 4.28.0.1161
- metric collection url: https://client-log.box.com/index.php?rm=box_gen204_json_record
- metric data path: C:\Users\pcedillo\AppData\Local\Box\Box Tools\Metrics\BoxTools_Metrics.db
- post callback: 057004C6
- log callback: 057061D6
- context: 00000000
- post interval in seconds: 600
- max records in a post: 100
- max db records: 500
- disable sender: true
[2025-03-03 07:19:56,801] [6    ] [INFO ] [] - Shutting down the metrics collector
[2025-03-03 07:29:56,760] [19   ] [INFO ] [] - Initializing the metrics collector
[2025-03-03 07:29:56,773] [19   ] [INFO ] [] - MetricsCollector::Sender(49): _disableSentMetrics 1
[2025-03-03 07:29:56,773] [19   ] [INFO ] [] - MetricsCollector::Initialize(231): Initialized metrics collector
- session id: e0472d3e-0d6a-4010-83a4-f833730aafa7
- device id: 4ca35884-a93a-48fc-ad16-80b2a90aa32e
- application id: Box Tools Win exe
- application name: BoxTools
- application version: 4.28.0.1161
- metric collection url: https://client-log.box.com/index.php?rm=box_gen204_json_record
- metric data path: C:\Users\pcedillo\AppData\Local\Box\Box Tools\Metrics\BoxTools_Metrics.db
- post callback: 057004C6
- log callback: 057061D6
- context: 00000000
- post interval in seconds: 600
- max records in a post: 100
- max db records: 500
- disable sender: true
[2025-03-03 07:29:56,785] [19   ] [INFO ] [] - Shutting down the metrics collector
[2025-03-03 07:39:56,694] [58   ] [INFO ] [] - Initializing the metrics collector
[2025-03-03 07:39:56,708] [58   ] [INFO ] [] - MetricsCollector::Sender(49): _disableSentMetrics 1
[2025-03-03 07:39:56,709] [58   ] [INFO ] [] - MetricsCollector::Initialize(231): Initialized metrics collector
- session id: e0472d3e-0d6a-4010-83a4-f833730aafa7
- device id: 4ca35884-a93a-48fc-ad16-80b2a90aa32e
- application id: Box Tools Win exe
- application name: BoxTools
- application version: 4.28.0.1161
- metric collection url: https://client-log.box.com/index.php?rm=box_gen204_json_record
- metric data path: C:\Users\pcedillo\AppData\Local\Box\Box Tools\Metrics\BoxTools_Metrics.db
- post callback: 057004C6
- log callback: 057061D6
- context: 00000000
- post interval in seconds: 600
- max records in a post: 100
- max db records: 500
- disable sender: true
[2025-03-03 07:39:56,718] [58   ] [INFO ] [] - Shutting down the metrics collector
[2025-03-03 07:49:56,695] [8    ] [INFO ] [] - Initializing the metrics collector
[2025-03-03 07:49:56,703] [8    ] [INFO ] [] - MetricsCollector::Sender(49): _disableSentMetrics 1
[2025-03-03 07:49:56,703] [8    ] [INFO ] [] - MetricsCollector::Initialize(231): Initialized metrics collector
- session id: e0472d3e-0d6a-4010-83a4-f833730aafa7
- device id: 4ca35884-a93a-48fc-ad16-80b2a90aa32e
- application id: Box Tools Win exe
- application name: BoxTools
- application version: 4.28.0.1161
- metric collection url: https://client-log.box.com/index.php?rm=box_gen204_json_record
- metric data path: C:\Users\pcedillo\AppData\Local\Box\Box Tools\Metrics\BoxTools_Metrics.db
- post callback: 057004C6
- log callback: 057061D6
- context: 00000000
- post interval in seconds: 600
- max records in a post: 100
- max db records: 500
- disable sender: true
[2025-03-03 07:49:56,714] [8    ] [INFO ] [] - Shutting down the metrics collector
[2025-03-03 07:59:56,624] [16   ] [INFO ] [] - Initializing the metrics collector
[2025-03-03 07:59:56,630] [16   ] [INFO ] [] - MetricsCollector::Sender(49): _disableSentMetrics 1
[2025-03-03 07:59:56,630] [16   ] [INFO ] [] - MetricsCollector::Initialize(231): Initialized metrics collector
- session id: e0472d3e-0d6a-4010-83a4-f833730aafa7
- device id: 4ca35884-a93a-48fc-ad16-80b2a90aa32e
- application id: Box Tools Win exe
- application name: BoxTools
- application version: 4.28.0.1161
- metric collection url: https://client-log.box.com/index.php?rm=box_gen204_json_record
- metric data path: C:\Users\pcedillo\AppData\Local\Box\Box Tools\Metrics\BoxTools_Metrics.db
- post callback: 057004C6
- log callback: 057061D6
- context: 00000000
- post interval in seconds: 600
- max records in a post: 100
- max db records: 500
- disable sender: true
[2025-03-03 07:59:56,636] [16   ] [INFO ] [] - Shutting down the metrics collector
[2025-03-03 08:09:56,615] [12   ] [INFO ] [] - Initializing the metrics collector
[2025-03-03 08:09:56,628] [12   ] [INFO ] [] - MetricsCollector::Sender(49): _disableSentMetrics 1
[2025-03-03 08:09:56,630] [12   ] [INFO ] [] - MetricsCollector::Initialize(231): Initialized metrics collector
- session id: e0472d3e-0d6a-4010-83a4-f833730aafa7
- device id: 4ca35884-a93a-48fc-ad16-80b2a90aa32e
- application id: Box Tools Win exe
- application name: BoxTools
- application version: 4.28.0.1161
- metric collection url: https://client-log.box.com/index.php?rm=box_gen204_json_record
- metric data path: C:\Users\pcedillo\AppData\Local\Box\Box Tools\Metrics\BoxTools_Metrics.db
- post callback: 057004C6
- log callback: 057061D6
- context: 00000000
- post interval in seconds: 600
- max records in a post: 100
- max db records: 500
- disable sender: true
[2025-03-03 08:09:56,644] [12   ] [INFO ] [] - Shutting down the metrics collector
[2025-03-03 08:19:56,568] [18   ] [INFO ] [] - Initializing the metrics collector
[2025-03-03 08:19:56,591] [18   ] [INFO ] [] - MetricsCollector::Sender(49): _disableSentMetrics 1
[2025-03-03 08:19:56,593] [18   ] [INFO ] [] - MetricsCollector::Initialize(231): Initialized metrics collector
- session id: e0472d3e-0d6a-4010-83a4-f833730aafa7
- device id: 4ca35884-a93a-48fc-ad16-80b2a90aa32e
- application id: Box Tools Win exe
- application name: BoxTools
- application version: 4.28.0.1161
- metric collection url: https://client-log.box.com/index.php?rm=box_gen204_json_record
- metric data path: C:\Users\pcedillo\AppData\Local\Box\Box Tools\Metrics\BoxTools_Metrics.db
- post callback: 057004C6
- log callback: 057061D6
- context: 00000000
- post interval in seconds: 600
- max records in a post: 100
- max db records: 500
- disable sender: true
[2025-03-03 08:19:56,612] [18   ] [INFO ] [] - Shutting down the metrics collector
[2025-03-03 08:29:56,524] [23   ] [INFO ] [] - Initializing the metrics collector
[2025-03-03 08:29:56,533] [23   ] [INFO ] [] - MetricsCollector::Sender(49): _disableSentMetrics 1
[2025-03-03 08:29:56,535] [23   ] [INFO ] [] - MetricsCollector::Initialize(231): Initialized metrics collector
- session id: e0472d3e-0d6a-4010-83a4-f833730aafa7
- device id: 4ca35884-a93a-48fc-ad16-80b2a90aa32e
- application id: Box Tools Win exe
- application name: BoxTools
- application version: 4.28.0.1161
- metric collection url: https://client-log.box.com/index.php?rm=box_gen204_json_record
- metric data path: C:\Users\pcedillo\AppData\Local\Box\Box Tools\Metrics\BoxTools_Metrics.db
- post callback: 057004C6
- log callback: 057061D6
- context: 00000000
- post interval in seconds: 600
- max records in a post: 100
- max db records: 500
- disable sender: true
[2025-03-03 08:29:56,550] [23   ] [INFO ] [] - Shutting down the metrics collector
[2025-03-03 08:39:56,518] [66   ] [INFO ] [] - Initializing the metrics collector
[2025-03-03 08:39:56,541] [66   ] [INFO ] [] - MetricsCollector::Sender(49): _disableSentMetrics 1
[2025-03-03 08:39:56,542] [66   ] [INFO ] [] - MetricsCollector::Initialize(231): Initialized metrics collector
- session id: e0472d3e-0d6a-4010-83a4-f833730aafa7
- device id: 4ca35884-a93a-48fc-ad16-80b2a90aa32e
- application id: Box Tools Win exe
- application name: BoxTools
- application version: 4.28.0.1161
- metric collection url: https://client-log.box.com/index.php?rm=box_gen204_json_record
- metric data path: C:\Users\pcedillo\AppData\Local\Box\Box Tools\Metrics\BoxTools_Metrics.db
- post callback: 057004C6
- log callback: 057061D6
- context: 00000000
- post interval in seconds: 600
- max records in a post: 100
- max db records: 500
- disable sender: true
[2025-03-03 08:39:56,562] [66   ] [INFO ] [] - Shutting down the metrics collector
[2025-03-03 08:49:56,518] [16   ] [INFO ] [] - Initializing the metrics collector
[2025-03-03 08:49:56,534] [16   ] [INFO ] [] - MetricsCollector::Sender(49): _disableSentMetrics 1
[2025-03-03 08:49:56,534] [16   ] [INFO ] [] - MetricsCollector::Initialize(231): Initialized metrics collector
- session id: e0472d3e-0d6a-4010-83a4-f833730aafa7
- device id: 4ca35884-a93a-48fc-ad16-80b2a90aa32e
- application id: Box Tools Win exe
- application name: BoxTools
- application version: 4.28.0.1161
- metric collection url: https://client-log.box.com/index.php?rm=box_gen204_json_record
- metric data path: C:\Users\pcedillo\AppData\Local\Box\Box Tools\Metrics\BoxTools_Metrics.db
- post callback: 057004C6
- log callback: 057061D6
- context: 00000000
- post interval in seconds: 600
- max records in a post: 100
- max db records: 500
- disable sender: true
[2025-03-03 08:49:56,552] [16   ] [INFO ] [] - Shutting down the metrics collector
[2025-03-03 08:59:56,503] [66   ] [INFO ] [] - Initializing the metrics collector
[2025-03-03 08:59:56,525] [66   ] [INFO ] [] - MetricsCollector::Sender(49): _disableSentMetrics 1
[2025-03-03 08:59:56,526] [66   ] [INFO ] [] - MetricsCollector::Initialize(231): Initialized metrics collector
- session id: e0472d3e-0d6a-4010-83a4-f833730aafa7
- device id: 4ca35884-a93a-48fc-ad16-80b2a90aa32e
- application id: Box Tools Win exe
- application name: BoxTools
- application version: 4.28.0.1161
- metric collection url: https://client-log.box.com/index.php?rm=box_gen204_json_record
- metric data path: C:\Users\pcedillo\AppData\Local\Box\Box Tools\Metrics\BoxTools_Metrics.db
- post callback: 057004C6
- log callback: 057061D6
- context: 00000000
- post interval in seconds: 600
- max records in a post: 100
- max db records: 500
- disable sender: true
[2025-03-03 08:59:56,544] [66   ] [INFO ] [] - Shutting down the metrics collector
[2025-03-03 09:09:56,398] [23   ] [INFO ] [] - Initializing the metrics collector
[2025-03-03 09:09:56,415] [23   ] [INFO ] [] - MetricsCollector::Sender(49): _disableSentMetrics 1
[2025-03-03 09:09:56,416] [23   ] [INFO ] [] - MetricsCollector::Initialize(231): Initialized metrics collector
- session id: e0472d3e-0d6a-4010-83a4-f833730aafa7
- device id: 4ca35884-a93a-48fc-ad16-80b2a90aa32e
- application id: Box Tools Win exe
- application name: BoxTools
- application version: 4.28.0.1161
- metric collection url: https://client-log.box.com/index.php?rm=box_gen204_json_record
- metric data path: C:\Users\pcedillo\AppData\Local\Box\Box Tools\Metrics\BoxTools_Metrics.db
- post callback: 057004C6
- log callback: 057061D6
- context: 00000000
- post interval in seconds: 600
- max records in a post: 100
- max db records: 500
- disable sender: true
[2025-03-03 09:09:56,434] [23   ] [INFO ] [] - Shutting down the metrics collector
[2025-03-03 09:19:56,341] [12   ] [INFO ] [] - Initializing the metrics collector
[2025-03-03 09:19:56,362] [12   ] [INFO ] [] - MetricsCollector::Sender(49): _disableSentMetrics 1
[2025-03-03 09:19:56,363] [12   ] [INFO ] [] - MetricsCollector::Initialize(231): Initialized metrics collector
- session id: e0472d3e-0d6a-4010-83a4-f833730aafa7
- device id: 4ca35884-a93a-48fc-ad16-80b2a90aa32e
- application id: Box Tools Win exe
- application name: BoxTools
- application version: 4.28.0.1161
- metric collection url: https://client-log.box.com/index.php?rm=box_gen204_json_record
- metric data path: C:\Users\pcedillo\AppData\Local\Box\Box Tools\Metrics\BoxTools_Metrics.db
- post callback: 057004C6
- log callback: 057061D6
- context: 00000000
- post interval in seconds: 600
- max records in a post: 100
- max db records: 500
- disable sender: true
[2025-03-03 09:19:56,385] [12   ] [INFO ] [] - Shutting down the metrics collector
[2025-03-03 09:29:56,319] [12   ] [INFO ] [] - Initializing the metrics collector
[2025-03-03 09:29:56,343] [12   ] [INFO ] [] - MetricsCollector::Sender(49): _disableSentMetrics 1
[2025-03-03 09:29:56,344] [12   ] [INFO ] [] - MetricsCollector::Initialize(231): Initialized metrics collector
- session id: e0472d3e-0d6a-4010-83a4-f833730aafa7
- device id: 4ca35884-a93a-48fc-ad16-80b2a90aa32e
- application id: Box Tools Win exe
- application name: BoxTools
- application version: 4.28.0.1161
- metric collection url: https://client-log.box.com/index.php?rm=box_gen204_json_record
- metric data path: C:\Users\pcedillo\AppData\Local\Box\Box Tools\Metrics\BoxTools_Metrics.db
- post callback: 057004C6
- log callback: 057061D6
- context: 00000000
- post interval in seconds: 600
- max records in a post: 100
- max db records: 500
- disable sender: true
[2025-03-03 09:29:56,364] [12   ] [INFO ] [] - Shutting down the metrics collector
[2025-03-03 09:39:56,267] [12   ] [INFO ] [] - Initializing the metrics collector
[2025-03-03 09:39:56,287] [12   ] [INFO ] [] - MetricsCollector::Sender(49): _disableSentMetrics 1
[2025-03-03 09:39:56,287] [12   ] [INFO ] [] - MetricsCollector::Initialize(231): Initialized metrics collector
- session id: e0472d3e-0d6a-4010-83a4-f833730aafa7
- device id: 4ca35884-a93a-48fc-ad16-80b2a90aa32e
- application id: Box Tools Win exe
- application name: BoxTools
- application version: 4.28.0.1161
- metric collection url: https://client-log.box.com/index.php?rm=box_gen204_json_record
- metric data path: C:\Users\pcedillo\AppData\Local\Box\Box Tools\Metrics\BoxTools_Metrics.db
- post callback: 057004C6
- log callback: 057061D6
- context: 00000000
- post interval in seconds: 600
- max records in a post: 100
- max db records: 500
- disable sender: true
[2025-03-03 09:39:56,307] [12   ] [INFO ] [] - Shutting down the metrics collector
[2025-03-03 09:49:56,252] [12   ] [INFO ] [] - Initializing the metrics collector
[2025-03-03 09:49:56,274] [12   ] [INFO ] [] - MetricsCollector::Sender(49): _disableSentMetrics 1
[2025-03-03 09:49:56,275] [12   ] [INFO ] [] - MetricsCollector::Initialize(231): Initialized metrics collector
- session id: e0472d3e-0d6a-4010-83a4-f833730aafa7
- device id: 4ca35884-a93a-48fc-ad16-80b2a90aa32e
- application id: Box Tools Win exe
- application name: BoxTools
- application version: 4.28.0.1161
- metric collection url: https://client-log.box.com/index.php?rm=box_gen204_json_record
- metric data path: C:\Users\pcedillo\AppData\Local\Box\Box Tools\Metrics\BoxTools_Metrics.db
- post callback: 057004C6
- log callback: 057061D6
- context: 00000000
- post interval in seconds: 600
- max records in a post: 100
- max db records: 500
- disable sender: true
[2025-03-03 09:49:56,298] [12   ] [INFO ] [] - Shutting down the metrics collector
[2025-03-03 09:59:56,184] [12   ] [INFO ] [] - Initializing the metrics collector
[2025-03-03 09:59:56,199] [12   ] [INFO ] [] - MetricsCollector::Sender(49): _disableSentMetrics 1
[2025-03-03 09:59:56,201] [12   ] [INFO ] [] - MetricsCollector::Initialize(231): Initialized metrics collector
- session id: e0472d3e-0d6a-4010-83a4-f833730aafa7
- device id: 4ca35884-a93a-48fc-ad16-80b2a90aa32e
- application id: Box Tools Win exe
- application name: BoxTools
- application version: 4.28.0.1161
- metric collection url: https://client-log.box.com/index.php?rm=box_gen204_json_record
- metric data path: C:\Users\pcedillo\AppData\Local\Box\Box Tools\Metrics\BoxTools_Metrics.db
- post callback: 057004C6
- log callback: 057061D6
- context: 00000000
- post interval in seconds: 600
- max records in a post: 100
- max db records: 500
- disable sender: true
[2025-03-03 09:59:56,221] [12   ] [INFO ] [] - Shutting down the metrics collector
[2025-03-03 10:09:56,157] [12   ] [INFO ] [] - Initializing the metrics collector
[2025-03-03 10:09:56,167] [12   ] [INFO ] [] - MetricsCollector::Sender(49): _disableSentMetrics 1
[2025-03-03 10:09:56,167] [12   ] [INFO ] [] - MetricsCollector::Initialize(231): Initialized metrics collector
- session id: e0472d3e-0d6a-4010-83a4-f833730aafa7
- device id: 4ca35884-a93a-48fc-ad16-80b2a90aa32e
- application id: Box Tools Win exe
- application name: BoxTools
- application version: 4.28.0.1161
- metric collection url: https://client-log.box.com/index.php?rm=box_gen204_json_record
- metric data path: C:\Users\pcedillo\AppData\Local\Box\Box Tools\Metrics\BoxTools_Metrics.db
- post callback: 057004C6
- log callback: 057061D6
- context: 00000000
- post interval in seconds: 600
- max records in a post: 100
- max db records: 500
- disable sender: true
[2025-03-03 10:09:56,175] [12   ] [INFO ] [] - Shutting down the metrics collector
[2025-03-03 10:19:56,138] [12   ] [INFO ] [] - Initializing the metrics collector
[2025-03-03 10:19:56,148] [12   ] [INFO ] [] - MetricsCollector::Sender(49): _disableSentMetrics 1
[2025-03-03 10:19:56,148] [12   ] [INFO ] [] - MetricsCollector::Initialize(231): Initialized metrics collector
- session id: e0472d3e-0d6a-4010-83a4-f833730aafa7
- device id: 4ca35884-a93a-48fc-ad16-80b2a90aa32e
- application id: Box Tools Win exe
- application name: BoxTools
- application version: 4.28.0.1161
- metric collection url: https://client-log.box.com/index.php?rm=box_gen204_json_record
- metric data path: C:\Users\pcedillo\AppData\Local\Box\Box Tools\Metrics\BoxTools_Metrics.db
- post callback: 057004C6
- log callback: 057061D6
- context: 00000000
- post interval in seconds: 600
- max records in a post: 100
- max db records: 500
- disable sender: true
[2025-03-03 10:19:56,155] [12   ] [INFO ] [] - Shutting down the metrics collector
[2025-03-03 10:29:56,133] [58   ] [INFO ] [] - Initializing the metrics collector
[2025-03-03 10:29:56,146] [58   ] [INFO ] [] - MetricsCollector::Sender(49): _disableSentMetrics 1
[2025-03-03 10:29:56,147] [58   ] [INFO ] [] - MetricsCollector::Initialize(231): Initialized metrics collector
- session id: e0472d3e-0d6a-4010-83a4-f833730aafa7
- device id: 4ca35884-a93a-48fc-ad16-80b2a90aa32e
- application id: Box Tools Win exe
- application name: BoxTools
- application version: 4.28.0.1161
- metric collection url: https://client-log.box.com/index.php?rm=box_gen204_json_record
- metric data path: C:\Users\pcedillo\AppData\Local\Box\Box Tools\Metrics\BoxTools_Metrics.db
- post callback: 057004C6
- log callback: 057061D6
- context: 00000000
- post interval in seconds: 600
- max records in a post: 100
- max db records: 500
- disable sender: true
[2025-03-03 10:29:56,157] [58   ] [INFO ] [] - Shutting down the metrics collector
[2025-03-03 10:39:56,136] [48   ] [INFO ] [] - Initializing the metrics collector
[2025-03-03 10:39:56,146] [48   ] [INFO ] [] - MetricsCollector::Sender(49): _disableSentMetrics 1
[2025-03-03 10:39:56,146] [48   ] [INFO ] [] - MetricsCollector::Initialize(231): Initialized metrics collector
- session id: e0472d3e-0d6a-4010-83a4-f833730aafa7
- device id: 4ca35884-a93a-48fc-ad16-80b2a90aa32e
- application id: Box Tools Win exe
- application name: BoxTools
- application version: 4.28.0.1161
- metric collection url: https://client-log.box.com/index.php?rm=box_gen204_json_record
- metric data path: C:\Users\pcedillo\AppData\Local\Box\Box Tools\Metrics\BoxTools_Metrics.db
- post callback: 057004C6
- log callback: 057061D6
- context: 00000000
- post interval in seconds: 600
- max records in a post: 100
- max db records: 500
- disable sender: true
[2025-03-03 10:39:56,156] [48   ] [INFO ] [] - Shutting down the metrics collector
[2025-03-03 10:49:56,068] [48   ] [INFO ] [] - Initializing the metrics collector
[2025-03-03 10:49:56,083] [48   ] [INFO ] [] - MetricsCollector::Sender(49): _disableSentMetrics 1
[2025-03-03 10:49:56,084] [48   ] [INFO ] [] - MetricsCollector::Initialize(231): Initialized metrics collector
- session id: e0472d3e-0d6a-4010-83a4-f833730aafa7
- device id: 4ca35884-a93a-48fc-ad16-80b2a90aa32e
- application id: Box Tools Win exe
- application name: BoxTools
- application version: 4.28.0.1161
- metric collection url: https://client-log.box.com/index.php?rm=box_gen204_json_record
- metric data path: C:\Users\pcedillo\AppData\Local\Box\Box Tools\Metrics\BoxTools_Metrics.db
- post callback: 057004C6
- log callback: 057061D6
- context: 00000000
- post interval in seconds: 600
- max records in a post: 100
- max db records: 500
- disable sender: true
[2025-03-03 10:49:56,096] [48   ] [INFO ] [] - Shutting down the metrics collector
[2025-03-03 10:59:56,038] [48   ] [INFO ] [] - Initializing the metrics collector
[2025-03-03 10:59:56,045] [48   ] [INFO ] [] - MetricsCollector::Sender(49): _disableSentMetrics 1
[2025-03-03 10:59:56,045] [48   ] [INFO ] [] - MetricsCollector::Initialize(231): Initialized metrics collector
- session id: e0472d3e-0d6a-4010-83a4-f833730aafa7
- device id: 4ca35884-a93a-48fc-ad16-80b2a90aa32e
- application id: Box Tools Win exe
- application name: BoxTools
- application version: 4.28.0.1161
- metric collection url: https://client-log.box.com/index.php?rm=box_gen204_json_record
- metric data path: C:\Users\pcedillo\AppData\Local\Box\Box Tools\Metrics\BoxTools_Metrics.db
- post callback: 057004C6
- log callback: 057061D6
- context: 00000000
- post interval in seconds: 600
- max records in a post: 100
- max db records: 500
- disable sender: true
[2025-03-03 10:59:56,053] [48   ] [INFO ] [] - Shutting down the metrics collector
[2025-03-03 11:09:56,011] [19   ] [INFO ] [] - Initializing the metrics collector
[2025-03-03 11:09:56,019] [19   ] [INFO ] [] - MetricsCollector::Sender(49): _disableSentMetrics 1
[2025-03-03 11:09:56,019] [19   ] [INFO ] [] - MetricsCollector::Initialize(231): Initialized metrics collector
- session id: e0472d3e-0d6a-4010-83a4-f833730aafa7
- device id: 4ca35884-a93a-48fc-ad16-80b2a90aa32e
- application id: Box Tools Win exe
- application name: BoxTools
- application version: 4.28.0.1161
- metric collection url: https://client-log.box.com/index.php?rm=box_gen204_json_record
- metric data path: C:\Users\pcedillo\AppData\Local\Box\Box Tools\Metrics\BoxTools_Metrics.db
- post callback: 057004C6
- log callback: 057061D6
- context: 00000000
- post interval in seconds: 600
- max records in a post: 100
- max db records: 500
- disable sender: true
[2025-03-03 11:09:56,025] [19   ] [INFO ] [] - Shutting down the metrics collector
[2025-03-03 11:19:55,975] [51   ] [INFO ] [] - Initializing the metrics collector
[2025-03-03 11:19:55,986] [51   ] [INFO ] [] - MetricsCollector::Sender(49): _disableSentMetrics 1
[2025-03-03 11:19:55,987] [51   ] [INFO ] [] - MetricsCollector::Initialize(231): Initialized metrics collector
- session id: e0472d3e-0d6a-4010-83a4-f833730aafa7
- device id: 4ca35884-a93a-48fc-ad16-80b2a90aa32e
- application id: Box Tools Win exe
- application name: BoxTools
- application version: 4.28.0.1161
- metric collection url: https://client-log.box.com/index.php?rm=box_gen204_json_record
- metric data path: C:\Users\pcedillo\AppData\Local\Box\Box Tools\Metrics\BoxTools_Metrics.db
- post callback: 057004C6
- log callback: 057061D6
- context: 00000000
- post interval in seconds: 600
- max records in a post: 100
- max db records: 500
- disable sender: true
[2025-03-03 11:19:55,998] [51   ] [INFO ] [] - Shutting down the metrics collector
[2025-03-03 11:29:55,913] [51   ] [INFO ] [] - Initializing the metrics collector
[2025-03-03 11:29:55,928] [51   ] [INFO ] [] - MetricsCollector::Sender(49): _disableSentMetrics 1
[2025-03-03 11:29:55,929] [51   ] [INFO ] [] - MetricsCollector::Initialize(231): Initialized metrics collector
- session id: e0472d3e-0d6a-4010-83a4-f833730aafa7
- device id: 4ca35884-a93a-48fc-ad16-80b2a90aa32e
- application id: Box Tools Win exe
- application name: BoxTools
- application version: 4.28.0.1161
- metric collection url: https://client-log.box.com/index.php?rm=box_gen204_json_record
- metric data path: C:\Users\pcedillo\AppData\Local\Box\Box Tools\Metrics\BoxTools_Metrics.db
- post callback: 057004C6
- log callback: 057061D6
- context: 00000000
- post interval in seconds: 600
- max records in a post: 100
- max db records: 500
- disable sender: true
[2025-03-03 11:29:55,939] [51   ] [INFO ] [] - Shutting down the metrics collector
[2025-03-03 11:39:55,899] [51   ] [INFO ] [] - Initializing the metrics collector
[2025-03-03 11:39:55,920] [51   ] [INFO ] [] - MetricsCollector::Sender(49): _disableSentMetrics 1
[2025-03-03 11:39:55,921] [51   ] [INFO ] [] - MetricsCollector::Initialize(231): Initialized metrics collector
- session id: e0472d3e-0d6a-4010-83a4-f833730aafa7
- device id: 4ca35884-a93a-48fc-ad16-80b2a90aa32e
- application id: Box Tools Win exe
- application name: BoxTools
- application version: 4.28.0.1161
- metric collection url: https://client-log.box.com/index.php?rm=box_gen204_json_record
- metric data path: C:\Users\pcedillo\AppData\Local\Box\Box Tools\Metrics\BoxTools_Metrics.db
- post callback: 057004C6
- log callback: 057061D6
- context: 00000000
- post interval in seconds: 600
- max records in a post: 100
- max db records: 500
- disable sender: true
[2025-03-03 11:39:55,938] [51   ] [INFO ] [] - Shutting down the metrics collector
[2025-03-03 11:49:55,880] [26   ] [INFO ] [] - Initializing the metrics collector
[2025-03-03 11:49:55,904] [26   ] [INFO ] [] - MetricsCollector::Sender(49): _disableSentMetrics 1
[2025-03-03 11:49:55,905] [26   ] [INFO ] [] - MetricsCollector::Initialize(231): Initialized metrics collector
- session id: e0472d3e-0d6a-4010-83a4-f833730aafa7
- device id: 4ca35884-a93a-48fc-ad16-80b2a90aa32e
- application id: Box Tools Win exe
- application name: BoxTools
- application version: 4.28.0.1161
- metric collection url: https://client-log.box.com/index.php?rm=box_gen204_json_record
- metric data path: C:\Users\pcedillo\AppData\Local\Box\Box Tools\Metrics\BoxTools_Metrics.db
- post callback: 057004C6
- log callback: 057061D6
- context: 00000000
- post interval in seconds: 600
- max records in a post: 100
- max db records: 500
- disable sender: true
[2025-03-03 11:49:55,929] [26   ] [INFO ] [] - Shutting down the metrics collector
[2025-03-03 11:59:55,819] [26   ] [INFO ] [] - Initializing the metrics collector
[2025-03-03 11:59:55,834] [26   ] [INFO ] [] - MetricsCollector::Sender(49): _disableSentMetrics 1
[2025-03-03 11:59:55,835] [26   ] [INFO ] [] - MetricsCollector::Initialize(231): Initialized metrics collector
- session id: e0472d3e-0d6a-4010-83a4-f833730aafa7
- device id: 4ca35884-a93a-48fc-ad16-80b2a90aa32e
- application id: Box Tools Win exe
- application name: BoxTools
- application version: 4.28.0.1161
- metric collection url: https://client-log.box.com/index.php?rm=box_gen204_json_record
- metric data path: C:\Users\pcedillo\AppData\Local\Box\Box Tools\Metrics\BoxTools_Metrics.db
- post callback: 057004C6
- log callback: 057061D6
- context: 00000000
- post interval in seconds: 600
- max records in a post: 100
- max db records: 500
- disable sender: true
[2025-03-03 11:59:55,852] [26   ] [INFO ] [] - Shutting down the metrics collector
[2025-03-03 12:09:55,775] [26   ] [INFO ] [] - Initializing the metrics collector
[2025-03-03 12:09:55,791] [26   ] [INFO ] [] - MetricsCollector::Sender(49): _disableSentMetrics 1
[2025-03-03 12:09:55,792] [26   ] [INFO ] [] - MetricsCollector::Initialize(231): Initialized metrics collector
- session id: e0472d3e-0d6a-4010-83a4-f833730aafa7
- device id: 4ca35884-a93a-48fc-ad16-80b2a90aa32e
- application id: Box Tools Win exe
- application name: BoxTools
- application version: 4.28.0.1161
- metric collection url: https://client-log.box.com/index.php?rm=box_gen204_json_record
- metric data path: C:\Users\pcedillo\AppData\Local\Box\Box Tools\Metrics\BoxTools_Metrics.db
- post callback: 057004C6
- log callback: 057061D6
- context: 00000000
- post interval in seconds: 600
- max records in a post: 100
- max db records: 500
- disable sender: true
[2025-03-03 12:09:55,814] [26   ] [INFO ] [] - Shutting down the metrics collector
[2025-03-03 12:19:55,753] [51   ] [INFO ] [] - Initializing the metrics collector
[2025-03-03 12:19:55,769] [51   ] [INFO ] [] - MetricsCollector::Sender(49): _disableSentMetrics 1
[2025-03-03 12:19:55,770] [51   ] [INFO ] [] - MetricsCollector::Initialize(231): Initialized metrics collector
- session id: e0472d3e-0d6a-4010-83a4-f833730aafa7
- device id: 4ca35884-a93a-48fc-ad16-80b2a90aa32e
- application id: Box Tools Win exe
- application name: BoxTools
- application version: 4.28.0.1161
- metric collection url: https://client-log.box.com/index.php?rm=box_gen204_json_record
- metric data path: C:\Users\pcedillo\AppData\Local\Box\Box Tools\Metrics\BoxTools_Metrics.db
- post callback: 057004C6
- log callback: 057061D6
- context: 00000000
- post interval in seconds: 600
- max records in a post: 100
- max db records: 500
- disable sender: true
[2025-03-03 12:19:55,791] [51   ] [INFO ] [] - Shutting down the metrics collector
[2025-03-03 12:29:55,765] [78   ] [INFO ] [] - Initializing the metrics collector
[2025-03-03 12:29:55,781] [78   ] [INFO ] [] - MetricsCollector::Sender(49): _disableSentMetrics 1
[2025-03-03 12:29:55,783] [78   ] [INFO ] [] - MetricsCollector::Initialize(231): Initialized metrics collector
- session id: e0472d3e-0d6a-4010-83a4-f833730aafa7
- device id: 4ca35884-a93a-48fc-ad16-80b2a90aa32e
- application id: Box Tools Win exe
- application name: BoxTools
- application version: 4.28.0.1161
- metric collection url: https://client-log.box.com/index.php?rm=box_gen204_json_record
- metric data path: C:\Users\pcedillo\AppData\Local\Box\Box Tools\Metrics\BoxTools_Metrics.db
- post callback: 057004C6
- log callback: 057061D6
- context: 00000000
- post interval in seconds: 600
- max records in a post: 100
- max db records: 500
- disable sender: true
[2025-03-03 12:29:55,802] [78   ] [INFO ] [] - Shutting down the metrics collector
[2025-03-03 12:39:55,763] [62   ] [INFO ] [] - Initializing the metrics collector
[2025-03-03 12:39:55,784] [62   ] [INFO ] [] - MetricsCollector::Sender(49): _disableSentMetrics 1
[2025-03-03 12:39:55,785] [62   ] [INFO ] [] - MetricsCollector::Initialize(231): Initialized metrics collector
- session id: e0472d3e-0d6a-4010-83a4-f833730aafa7
- device id: 4ca35884-a93a-48fc-ad16-80b2a90aa32e
- application id: Box Tools Win exe
- application name: BoxTools
- application version: 4.28.0.1161
- metric collection url: https://client-log.box.com/index.php?rm=box_gen204_json_record
- metric data path: C:\Users\pcedillo\AppData\Local\Box\Box Tools\Metrics\BoxTools_Metrics.db
- post callback: 057004C6
- log callback: 057061D6
- context: 00000000
- post interval in seconds: 600
- max records in a post: 100
- max db records: 500
- disable sender: true
[2025-03-03 12:39:55,804] [62   ] [INFO ] [] - Shutting down the metrics collector
[2025-03-03 12:49:55,779] [19   ] [INFO ] [] - Initializing the metrics collector
[2025-03-03 12:49:55,804] [19   ] [INFO ] [] - MetricsCollector::Sender(49): _disableSentMetrics 1
[2025-03-03 12:49:55,804] [19   ] [INFO ] [] - MetricsCollector::Initialize(231): Initialized metrics collector
- session id: e0472d3e-0d6a-4010-83a4-f833730aafa7
- device id: 4ca35884-a93a-48fc-ad16-80b2a90aa32e
- application id: Box Tools Win exe
- application name: BoxTools
- application version: 4.28.0.1161
- metric collection url: https://client-log.box.com/index.php?rm=box_gen204_json_record
- metric data path: C:\Users\pcedillo\AppData\Local\Box\Box Tools\Metrics\BoxTools_Metrics.db
- post callback: 057004C6
- log callback: 057061D6
- context: 00000000
- post interval in seconds: 600
- max records in a post: 100
- max db records: 500
- disable sender: true
[2025-03-03 12:49:55,823] [19   ] [INFO ] [] - Shutting down the metrics collector
[2025-03-03 12:59:55,740] [85   ] [INFO ] [] - Initializing the metrics collector
[2025-03-03 12:59:55,757] [85   ] [INFO ] [] - MetricsCollector::Sender(49): _disableSentMetrics 1
[2025-03-03 12:59:55,757] [85   ] [INFO ] [] - MetricsCollector::Initialize(231): Initialized metrics collector
- session id: e0472d3e-0d6a-4010-83a4-f833730aafa7
- device id: 4ca35884-a93a-48fc-ad16-80b2a90aa32e
- application id: Box Tools Win exe
- application name: BoxTools
- application version: 4.28.0.1161
- metric collection url: https://client-log.box.com/index.php?rm=box_gen204_json_record
- metric data path: C:\Users\pcedillo\AppData\Local\Box\Box Tools\Metrics\BoxTools_Metrics.db
- post callback: 057004C6
- log callback: 057061D6
- context: 00000000
- post interval in seconds: 600
- max records in a post: 100
- max db records: 500
- disable sender: true
[2025-03-03 12:59:55,775] [85   ] [INFO ] [] - Shutting down the metrics collector
[2025-03-03 13:09:55,615] [66   ] [INFO ] [] - Initializing the metrics collector
[2025-03-03 13:09:55,632] [66   ] [INFO ] [] - MetricsCollector::Sender(49): _disableSentMetrics 1
[2025-03-03 13:09:55,633] [66   ] [INFO ] [] - MetricsCollector::Initialize(231): Initialized metrics collector
- session id: e0472d3e-0d6a-4010-83a4-f833730aafa7
- device id: 4ca35884-a93a-48fc-ad16-80b2a90aa32e
- application id: Box Tools Win exe
- application name: BoxTools
- application version: 4.28.0.1161
- metric collection url: https://client-log.box.com/index.php?rm=box_gen204_json_record
- metric data path: C:\Users\pcedillo\AppData\Local\Box\Box Tools\Metrics\BoxTools_Metrics.db
- post callback: 057004C6
- log callback: 057061D6
- context: 00000000
- post interval in seconds: 600
- max records in a post: 100
- max db records: 500
- disable sender: true
[2025-03-03 13:09:55,652] [66   ] [INFO ] [] - Shutting down the metrics collector
[2025-03-03 13:19:55,556] [63   ] [INFO ] [] - Initializing the metrics collector
[2025-03-03 13:19:55,571] [63   ] [INFO ] [] - MetricsCollector::Sender(49): _disableSentMetrics 1
[2025-03-03 13:19:55,572] [63   ] [INFO ] [] - MetricsCollector::Initialize(231): Initialized metrics collector
- session id: e0472d3e-0d6a-4010-83a4-f833730aafa7
- device id: 4ca35884-a93a-48fc-ad16-80b2a90aa32e
- application id: Box Tools Win exe
- application name: BoxTools
- application version: 4.28.0.1161
- metric collection url: https://client-log.box.com/index.php?rm=box_gen204_json_record
- metric data path: C:\Users\pcedillo\AppData\Local\Box\Box Tools\Metrics\BoxTools_Metrics.db
- post callback: 057004C6
- log callback: 057061D6
- context: 00000000
- post interval in seconds: 600
- max records in a post: 100
- max db records: 500
- disable sender: true
[2025-03-03 13:19:55,591] [63   ] [INFO ] [] - Shutting down the metrics collector
[2025-03-03 13:29:55,517] [85   ] [INFO ] [] - Initializing the metrics collector
[2025-03-03 13:29:55,527] [85   ] [INFO ] [] - MetricsCollector::Sender(49): _disableSentMetrics 1
[2025-03-03 13:29:55,528] [85   ] [INFO ] [] - MetricsCollector::Initialize(231): Initialized metrics collector
- session id: e0472d3e-0d6a-4010-83a4-f833730aafa7
- device id: 4ca35884-a93a-48fc-ad16-80b2a90aa32e
- application id: Box Tools Win exe
- application name: BoxTools
- application version: 4.28.0.1161
- metric collection url: https://client-log.box.com/index.php?rm=box_gen204_json_record
- metric data path: C:\Users\pcedillo\AppData\Local\Box\Box Tools\Metrics\BoxTools_Metrics.db
- post callback: 057004C6
- log callback: 057061D6
- context: 00000000
- post interval in seconds: 600
- max records in a post: 100
- max db records: 500
- disable sender: true
[2025-03-03 13:29:55,539] [85   ] [INFO ] [] - Shutting down the metrics collector
[2025-03-03 13:39:55,503] [22   ] [INFO ] [] - Initializing the metrics collector
[2025-03-03 13:39:55,514] [22   ] [INFO ] [] - MetricsCollector::Sender(49): _disableSentMetrics 1
[2025-03-03 13:39:55,514] [22   ] [INFO ] [] - MetricsCollector::Initialize(231): Initialized metrics collector
- session id: e0472d3e-0d6a-4010-83a4-f833730aafa7
- device id: 4ca35884-a93a-48fc-ad16-80b2a90aa32e
- application id: Box Tools Win exe
- application name: BoxTools
- application version: 4.28.0.1161
- metric collection url: https://client-log.box.com/index.php?rm=box_gen204_json_record
- metric data path: C:\Users\pcedillo\AppData\Local\Box\Box Tools\Metrics\BoxTools_Metrics.db
- post callback: 057004C6
- log callback: 057061D6
- context: 00000000
- post interval in seconds: 600
- max records in a post: 100
- max db records: 500
- disable sender: true
[2025-03-03 13:39:55,526] [22   ] [INFO ] [] - Shutting down the metrics collector
[2025-03-03 13:49:55,510] [29   ] [INFO ] [] - Initializing the metrics collector
[2025-03-03 13:49:55,517] [29   ] [INFO ] [] - MetricsCollector::Sender(49): _disableSentMetrics 1
[2025-03-03 13:49:55,518] [29   ] [INFO ] [] - MetricsCollector::Initialize(231): Initialized metrics collector
- session id: e0472d3e-0d6a-4010-83a4-f833730aafa7
- device id: 4ca35884-a93a-48fc-ad16-80b2a90aa32e
- application id: Box Tools Win exe
- application name: BoxTools
- application version: 4.28.0.1161
- metric collection url: https://client-log.box.com/index.php?rm=box_gen204_json_record
- metric data path: C:\Users\pcedillo\AppData\Local\Box\Box Tools\Metrics\BoxTools_Metrics.db
- post callback: 057004C6
- log callback: 057061D6
- context: 00000000
- post interval in seconds: 600
- max records in a post: 100
- max db records: 500
- disable sender: true
[2025-03-03 13:49:55,524] [29   ] [INFO ] [] - Shutting down the metrics collector
[2025-03-03 13:59:55,497] [72   ] [INFO ] [] - Initializing the metrics collector
[2025-03-03 13:59:55,508] [72   ] [INFO ] [] - MetricsCollector::Sender(49): _disableSentMetrics 1
[2025-03-03 13:59:55,508] [72   ] [INFO ] [] - MetricsCollector::Initialize(231): Initialized metrics collector
- session id: e0472d3e-0d6a-4010-83a4-f833730aafa7
- device id: 4ca35884-a93a-48fc-ad16-80b2a90aa32e
- application id: Box Tools Win exe
- application name: BoxTools
- application version: 4.28.0.1161
- metric collection url: https://client-log.box.com/index.php?rm=box_gen204_json_record
- metric data path: C:\Users\pcedillo\AppData\Local\Box\Box Tools\Metrics\BoxTools_Metrics.db
- post callback: 057004C6
- log callback: 057061D6
- context: 00000000
- post interval in seconds: 600
- max records in a post: 100
- max db records: 500
- disable sender: true
[2025-03-03 13:59:55,517] [72   ] [INFO ] [] - Shutting down the metrics collector
[2025-03-03 14:09:55,432] [62   ] [INFO ] [] - Initializing the metrics collector
[2025-03-03 14:09:55,443] [62   ] [INFO ] [] - MetricsCollector::Sender(49): _disableSentMetrics 1
[2025-03-03 14:09:55,444] [62   ] [INFO ] [] - MetricsCollector::Initialize(231): Initialized metrics collector
- session id: e0472d3e-0d6a-4010-83a4-f833730aafa7
- device id: 4ca35884-a93a-48fc-ad16-80b2a90aa32e
- application id: Box Tools Win exe
- application name: BoxTools
- application version: 4.28.0.1161
- metric collection url: https://client-log.box.com/index.php?rm=box_gen204_json_record
- metric data path: C:\Users\pcedillo\AppData\Local\Box\Box Tools\Metrics\BoxTools_Metrics.db
- post callback: 057004C6
- log callback: 057061D6
- context: 00000000
- post interval in seconds: 600
- max records in a post: 100
- max db records: 500
- disable sender: true
[2025-03-03 14:09:55,456] [62   ] [INFO ] [] - Shutting down the metrics collector
[2025-03-03 14:19:55,325] [19   ] [INFO ] [] - Initializing the metrics collector
[2025-03-03 14:19:55,332] [19   ] [INFO ] [] - MetricsCollector::Sender(49): _disableSentMetrics 1
[2025-03-03 14:19:55,332] [19   ] [INFO ] [] - MetricsCollector::Initialize(231): Initialized metrics collector
- session id: e0472d3e-0d6a-4010-83a4-f833730aafa7
- device id: 4ca35884-a93a-48fc-ad16-80b2a90aa32e
- application id: Box Tools Win exe
- application name: BoxTools
- application version: 4.28.0.1161
- metric collection url: https://client-log.box.com/index.php?rm=box_gen204_json_record
- metric data path: C:\Users\pcedillo\AppData\Local\Box\Box Tools\Metrics\BoxTools_Metrics.db
- post callback: 057004C6
- log callback: 057061D6
- context: 00000000
- post interval in seconds: 600
- max records in a post: 100
- max db records: 500
- disable sender: true
[2025-03-03 14:19:55,338] [19   ] [INFO ] [] - Shutting down the metrics collector
[2025-03-03 14:29:55,271] [73   ] [INFO ] [] - Initializing the metrics collector
[2025-03-03 14:29:55,285] [73   ] [INFO ] [] - MetricsCollector::Sender(49): _disableSentMetrics 1
[2025-03-03 14:29:55,286] [73   ] [INFO ] [] - MetricsCollector::Initialize(231): Initialized metrics collector
- session id: e0472d3e-0d6a-4010-83a4-f833730aafa7
- device id: 4ca35884-a93a-48fc-ad16-80b2a90aa32e
- application id: Box Tools Win exe
- application name: BoxTools
- application version: 4.28.0.1161
- metric collection url: https://client-log.box.com/index.php?rm=box_gen204_json_record
- metric data path: C:\Users\pcedillo\AppData\Local\Box\Box Tools\Metrics\BoxTools_Metrics.db
- post callback: 057004C6
- log callback: 057061D6
- context: 00000000
- post interval in seconds: 600
- max records in a post: 100
- max db records: 500
- disable sender: true
[2025-03-03 14:29:55,291] [73   ] [INFO ] [] - Shutting down the metrics collector
[2025-03-03 14:39:55,240] [85   ] [INFO ] [] - Initializing the metrics collector
[2025-03-03 14:39:55,246] [85   ] [INFO ] [] - MetricsCollector::Sender(49): _disableSentMetrics 1
[2025-03-03 14:39:55,247] [85   ] [INFO ] [] - MetricsCollector::Initialize(231): Initialized metrics collector
- session id: e0472d3e-0d6a-4010-83a4-f833730aafa7
- device id: 4ca35884-a93a-48fc-ad16-80b2a90aa32e
- application id: Box Tools Win exe
- application name: BoxTools
- application version: 4.28.0.1161
- metric collection url: https://client-log.box.com/index.php?rm=box_gen204_json_record
- metric data path: C:\Users\pcedillo\AppData\Local\Box\Box Tools\Metrics\BoxTools_Metrics.db
- post callback: 057004C6
- log callback: 057061D6
- context: 00000000
- post interval in seconds: 600
- max records in a post: 100
- max db records: 500
- disable sender: true
[2025-03-03 14:39:55,254] [85   ] [INFO ] [] - Shutting down the metrics collector
[2025-03-03 14:49:55,229] [63   ] [INFO ] [] - Initializing the metrics collector
[2025-03-03 14:49:55,240] [63   ] [INFO ] [] - MetricsCollector::Sender(49): _disableSentMetrics 1
[2025-03-03 14:49:55,242] [63   ] [INFO ] [] - MetricsCollector::Initialize(231): Initialized metrics collector
- session id: e0472d3e-0d6a-4010-83a4-f833730aafa7
- device id: 4ca35884-a93a-48fc-ad16-80b2a90aa32e
- application id: Box Tools Win exe
- application name: BoxTools
- application version: 4.28.0.1161
- metric collection url: https://client-log.box.com/index.php?rm=box_gen204_json_record
- metric data path: C:\Users\pcedillo\AppData\Local\Box\Box Tools\Metrics\BoxTools_Metrics.db
- post callback: 057004C6
- log callback: 057061D6
- context: 00000000
- post interval in seconds: 600
- max records in a post: 100
- max db records: 500
- disable sender: true
[2025-03-03 14:49:55,248] [63   ] [INFO ] [] - Shutting down the metrics collector
[2025-03-03 14:59:55,232] [29   ] [INFO ] [] - Initializing the metrics collector
[2025-03-03 14:59:55,247] [29   ] [INFO ] [] - MetricsCollector::Sender(49): _disableSentMetrics 1
[2025-03-03 14:59:55,248] [29   ] [INFO ] [] - MetricsCollector::Initialize(231): Initialized metrics collector
- session id: e0472d3e-0d6a-4010-83a4-f833730aafa7
- device id: 4ca35884-a93a-48fc-ad16-80b2a90aa32e
- application id: Box Tools Win exe
- application name: BoxTools
- application version: 4.28.0.1161
- metric collection url: https://client-log.box.com/index.php?rm=box_gen204_json_record
- metric data path: C:\Users\pcedillo\AppData\Local\Box\Box Tools\Metrics\BoxTools_Metrics.db
- post callback: 057004C6
- log callback: 057061D6
- context: 00000000
- post interval in seconds: 600
- max records in a post: 100
- max db records: 500
- disable sender: true
[2025-03-03 14:59:55,254] [29   ] [INFO ] [] - Shutting down the metrics collector
[2025-03-03 15:09:55,235] [26   ] [INFO ] [] - Initializing the metrics collector
[2025-03-03 15:09:55,249] [26   ] [INFO ] [] - MetricsCollector::Sender(49): _disableSentMetrics 1
[2025-03-03 15:09:55,250] [26   ] [INFO ] [] - MetricsCollector::Initialize(231): Initialized metrics collector
- session id: e0472d3e-0d6a-4010-83a4-f833730aafa7
- device id: 4ca35884-a93a-48fc-ad16-80b2a90aa32e
- application id: Box Tools Win exe
- application name: BoxTools
- application version: 4.28.0.1161
- metric collection url: https://client-log.box.com/index.php?rm=box_gen204_json_record
- metric data path: C:\Users\pcedillo\AppData\Local\Box\Box Tools\Metrics\BoxTools_Metrics.db
- post callback: 057004C6
- log callback: 057061D6
- context: 00000000
- post interval in seconds: 600
- max records in a post: 100
- max db records: 500
- disable sender: true
[2025-03-03 15:09:55,261] [26   ] [INFO ] [] - Shutting down the metrics collector
[2025-03-03 15:19:55,159] [74   ] [INFO ] [] - Initializing the metrics collector
[2025-03-03 15:19:55,173] [74   ] [INFO ] [] - MetricsCollector::Sender(49): _disableSentMetrics 1
[2025-03-03 15:19:55,175] [74   ] [INFO ] [] - MetricsCollector::Initialize(231): Initialized metrics collector
- session id: e0472d3e-0d6a-4010-83a4-f833730aafa7
- device id: 4ca35884-a93a-48fc-ad16-80b2a90aa32e
- application id: Box Tools Win exe
- application name: BoxTools
- application version: 4.28.0.1161
- metric collection url: https://client-log.box.com/index.php?rm=box_gen204_json_record
- metric data path: C:\Users\pcedillo\AppData\Local\Box\Box Tools\Metrics\BoxTools_Metrics.db
- post callback: 057004C6
- log callback: 057061D6
- context: 00000000
- post interval in seconds: 600
- max records in a post: 100
- max db records: 500
- disable sender: true
[2025-03-03 15:19:55,186] [74   ] [INFO ] [] - Shutting down the metrics collector
[2025-03-03 15:29:55,112] [8    ] [INFO ] [] - Initializing the metrics collector
[2025-03-03 15:29:55,118] [8    ] [INFO ] [] - MetricsCollector::Sender(49): _disableSentMetrics 1
[2025-03-03 15:29:55,118] [8    ] [INFO ] [] - MetricsCollector::Initialize(231): Initialized metrics collector
- session id: e0472d3e-0d6a-4010-83a4-f833730aafa7
- device id: 4ca35884-a93a-48fc-ad16-80b2a90aa32e
- application id: Box Tools Win exe
- application name: BoxTools
- application version: 4.28.0.1161
- metric collection url: https://client-log.box.com/index.php?rm=box_gen204_json_record
- metric data path: C:\Users\pcedillo\AppData\Local\Box\Box Tools\Metrics\BoxTools_Metrics.db
- post callback: 057004C6
- log callback: 057061D6
- context: 00000000
- post interval in seconds: 600
- max records in a post: 100
- max db records: 500
- disable sender: true
[2025-03-03 15:29:55,124] [8    ] [INFO ] [] - Shutting down the metrics collector
[2025-03-03 15:39:55,079] [58   ] [INFO ] [] - Initializing the metrics collector
[2025-03-03 15:39:55,091] [58   ] [INFO ] [] - MetricsCollector::Sender(49): _disableSentMetrics 1
[2025-03-03 15:39:55,092] [58   ] [INFO ] [] - MetricsCollector::Initialize(231): Initialized metrics collector
- session id: e0472d3e-0d6a-4010-83a4-f833730aafa7
- device id: 4ca35884-a93a-48fc-ad16-80b2a90aa32e
- application id: Box Tools Win exe
- application name: BoxTools
- application version: 4.28.0.1161
- metric collection url: https://client-log.box.com/index.php?rm=box_gen204_json_record
- metric data path: C:\Users\pcedillo\AppData\Local\Box\Box Tools\Metrics\BoxTools_Metrics.db
- post callback: 057004C6
- log callback: 057061D6
- context: 00000000
- post interval in seconds: 600
- max records in a post: 100
- max db records: 500
- disable sender: true
[2025-03-03 15:39:55,101] [58   ] [INFO ] [] - Shutting down the metrics collector
[2025-03-03 15:49:55,047] [18   ] [INFO ] [] - Initializing the metrics collector
[2025-03-03 15:49:55,062] [18   ] [INFO ] [] - MetricsCollector::Sender(49): _disableSentMetrics 1
[2025-03-03 15:49:55,062] [18   ] [INFO ] [] - MetricsCollector::Initialize(231): Initialized metrics collector
- session id: e0472d3e-0d6a-4010-83a4-f833730aafa7
- device id: 4ca35884-a93a-48fc-ad16-80b2a90aa32e
- application id: Box Tools Win exe
- application name: BoxTools
- application version: 4.28.0.1161
- metric collection url: https://client-log.box.com/index.php?rm=box_gen204_json_record
- metric data path: C:\Users\pcedillo\AppData\Local\Box\Box Tools\Metrics\BoxTools_Metrics.db
- post callback: 057004C6
- log callback: 057061D6
- context: 00000000
- post interval in seconds: 600
- max records in a post: 100
- max db records: 500
- disable sender: true
[2025-03-03 15:49:55,072] [18   ] [INFO ] [] - Shutting down the metrics collector
[2025-03-03 15:59:55,045] [29   ] [INFO ] [] - Initializing the metrics collector
[2025-03-03 15:59:55,051] [29   ] [INFO ] [] - MetricsCollector::Sender(49): _disableSentMetrics 1
[2025-03-03 15:59:55,052] [29   ] [INFO ] [] - MetricsCollector::Initialize(231): Initialized metrics collector
- session id: e0472d3e-0d6a-4010-83a4-f833730aafa7
- device id: 4ca35884-a93a-48fc-ad16-80b2a90aa32e
- application id: Box Tools Win exe
- application name: BoxTools
- application version: 4.28.0.1161
- metric collection url: https://client-log.box.com/index.php?rm=box_gen204_json_record
- metric data path: C:\Users\pcedillo\AppData\Local\Box\Box Tools\Metrics\BoxTools_Metrics.db
- post callback: 057004C6
- log callback: 057061D6
- context: 00000000
- post interval in seconds: 600
- max records in a post: 100
- max db records: 500
- disable sender: true
[2025-03-03 15:59:55,058] [29   ] [INFO ] [] - Shutting down the metrics collector
[2025-03-03 16:09:55,027] [85   ] [INFO ] [] - Initializing the metrics collector
[2025-03-03 16:09:55,040] [85   ] [INFO ] [] - MetricsCollector::Sender(49): _disableSentMetrics 1
[2025-03-03 16:09:55,041] [85   ] [INFO ] [] - MetricsCollector::Initialize(231): Initialized metrics collector
- session id: e0472d3e-0d6a-4010-83a4-f833730aafa7
- device id: 4ca35884-a93a-48fc-ad16-80b2a90aa32e
- application id: Box Tools Win exe
- application name: BoxTools
- application version: 4.28.0.1161
- metric collection url: https://client-log.box.com/index.php?rm=box_gen204_json_record
- metric data path: C:\Users\pcedillo\AppData\Local\Box\Box Tools\Metrics\BoxTools_Metrics.db
- post callback: 057004C6
- log callback: 057061D6
- context: 00000000
- post interval in seconds: 600
- max records in a post: 100
- max db records: 500
- disable sender: true
[2025-03-03 16:09:55,051] [85   ] [INFO ] [] - Shutting down the metrics collector
[2025-03-03 16:19:55,011] [19   ] [INFO ] [] - Initializing the metrics collector
[2025-03-03 16:19:55,022] [19   ] [INFO ] [] - MetricsCollector::Sender(49): _disableSentMetrics 1
[2025-03-03 16:19:55,022] [19   ] [INFO ] [] - MetricsCollector::Initialize(231): Initialized metrics collector
- session id: e0472d3e-0d6a-4010-83a4-f833730aafa7
- device id: 4ca35884-a93a-48fc-ad16-80b2a90aa32e
- application id: Box Tools Win exe
- application name: BoxTools
- application version: 4.28.0.1161
- metric collection url: https://client-log.box.com/index.php?rm=box_gen204_json_record
- metric data path: C:\Users\pcedillo\AppData\Local\Box\Box Tools\Metrics\BoxTools_Metrics.db
- post callback: 057004C6
- log callback: 057061D6
- context: 00000000
- post interval in seconds: 600
- max records in a post: 100
- max db records: 500
- disable sender: true
[2025-03-03 16:19:55,031] [19   ] [INFO ] [] - Shutting down the metrics collector
