[2025-04-21 07:46:45,565] [17   ] [INFO ] [] - Accepted Origin
[2025-04-21 07:46:45,580] [17   ] [INFO ] [] - Handling status request
[2025-04-21 07:46:56,053] [41   ] [INFO ] [] - Initializing the metrics collector
[2025-04-21 07:46:56,071] [41   ] [INFO ] [] - MetricsCollector::Sender(49): _disableSentMetrics 1
[2025-04-21 07:46:56,071] [41   ] [INFO ] [] - MetricsCollector::Initialize(231): Initialized metrics collector
- session id: 4adafa78-8852-4750-b4aa-8107dd6be29c
- device id: 4ca35884-a93a-48fc-ad16-80b2a90aa32e
- application id: Box Tools Win exe
- application name: BoxTools
- application version: 4.28.1.1163
- metric collection url: https://client-log.box.com/index.php?rm=box_gen204_json_record
- metric data path: C:\Users\pcedillo\AppData\Local\Box\Box Tools\Metrics\BoxTools_Metrics_EFD61745.db
- post callback: 05DB04C6
- log callback: 05DB6106
- context: 00000000
- post interval in seconds: 600
- max records in a post: 100
- max db records: 500
- disable sender: true
[2025-04-21 07:46:56,092] [41   ] [INFO ] [] - Shutting down the metrics collector
[2025-04-21 07:56:50,066] [47   ] [INFO ] [] - Initializing the metrics collector
[2025-04-21 07:56:50,101] [47   ] [INFO ] [] - MetricsCollector::Sender(49): _disableSentMetrics 1
[2025-04-21 07:56:50,104] [47   ] [INFO ] [] - MetricsCollector::Initialize(231): Initialized metrics collector
- session id: 4adafa78-8852-4750-b4aa-8107dd6be29c
- device id: 4ca35884-a93a-48fc-ad16-80b2a90aa32e
- application id: Box Tools Win exe
- application name: BoxTools
- application version: 4.28.1.1163
- metric collection url: https://client-log.box.com/index.php?rm=box_gen204_json_record
- metric data path: C:\Users\pcedillo\AppData\Local\Box\Box Tools\Metrics\BoxTools_Metrics_EFD61745.db
- post callback: 05DB04C6
- log callback: 05DB6106
- context: 00000000
- post interval in seconds: 600
- max records in a post: 100
- max db records: 500
- disable sender: true
[2025-04-21 07:56:50,152] [47   ] [INFO ] [] - Shutting down the metrics collector
[2025-04-21 08:06:49,967] [36   ] [INFO ] [] - Initializing the metrics collector
[2025-04-21 08:06:49,996] [36   ] [INFO ] [] - MetricsCollector::Sender(49): _disableSentMetrics 1
[2025-04-21 08:06:49,997] [36   ] [INFO ] [] - MetricsCollector::Initialize(231): Initialized metrics collector
- session id: 4adafa78-8852-4750-b4aa-8107dd6be29c
- device id: 4ca35884-a93a-48fc-ad16-80b2a90aa32e
- application id: Box Tools Win exe
- application name: BoxTools
- application version: 4.28.1.1163
- metric collection url: https://client-log.box.com/index.php?rm=box_gen204_json_record
- metric data path: C:\Users\pcedillo\AppData\Local\Box\Box Tools\Metrics\BoxTools_Metrics_EFD61745.db
- post callback: 05DB04C6
- log callback: 05DB6106
- context: 00000000
- post interval in seconds: 600
- max records in a post: 100
- max db records: 500
- disable sender: true
[2025-04-21 08:06:50,038] [36   ] [INFO ] [] - Shutting down the metrics collector
[2025-04-21 08:16:49,923] [36   ] [INFO ] [] - Initializing the metrics collector
[2025-04-21 08:16:49,944] [36   ] [INFO ] [] - MetricsCollector::Sender(49): _disableSentMetrics 1
[2025-04-21 08:16:49,946] [36   ] [INFO ] [] - MetricsCollector::Initialize(231): Initialized metrics collector
- session id: 4adafa78-8852-4750-b4aa-8107dd6be29c
- device id: 4ca35884-a93a-48fc-ad16-80b2a90aa32e
- application id: Box Tools Win exe
- application name: BoxTools
- application version: 4.28.1.1163
- metric collection url: https://client-log.box.com/index.php?rm=box_gen204_json_record
- metric data path: C:\Users\pcedillo\AppData\Local\Box\Box Tools\Metrics\BoxTools_Metrics_EFD61745.db
- post callback: 05DB04C6
- log callback: 05DB6106
- context: 00000000
- post interval in seconds: 600
- max records in a post: 100
- max db records: 500
- disable sender: true
[2025-04-21 08:16:49,954] [36   ] [INFO ] [] - Shutting down the metrics collector
[2025-04-21 08:26:49,876] [36   ] [INFO ] [] - Initializing the metrics collector
[2025-04-21 08:26:49,897] [36   ] [INFO ] [] - MetricsCollector::Sender(49): _disableSentMetrics 1
[2025-04-21 08:26:49,897] [36   ] [INFO ] [] - MetricsCollector::Initialize(231): Initialized metrics collector
- session id: 4adafa78-8852-4750-b4aa-8107dd6be29c
- device id: 4ca35884-a93a-48fc-ad16-80b2a90aa32e
- application id: Box Tools Win exe
- application name: BoxTools
- application version: 4.28.1.1163
- metric collection url: https://client-log.box.com/index.php?rm=box_gen204_json_record
- metric data path: C:\Users\pcedillo\AppData\Local\Box\Box Tools\Metrics\BoxTools_Metrics_EFD61745.db
- post callback: 05DB04C6
- log callback: 05DB6106
- context: 00000000
- post interval in seconds: 600
- max records in a post: 100
- max db records: 500
- disable sender: true
[2025-04-21 08:26:49,938] [36   ] [INFO ] [] - Shutting down the metrics collector
[2025-04-21 08:36:49,889] [36   ] [INFO ] [] - Initializing the metrics collector
[2025-04-21 08:36:49,905] [36   ] [INFO ] [] - MetricsCollector::Sender(49): _disableSentMetrics 1
[2025-04-21 08:36:49,905] [36   ] [INFO ] [] - MetricsCollector::Initialize(231): Initialized metrics collector
- session id: 4adafa78-8852-4750-b4aa-8107dd6be29c
- device id: 4ca35884-a93a-48fc-ad16-80b2a90aa32e
- application id: Box Tools Win exe
- application name: BoxTools
- application version: 4.28.1.1163
- metric collection url: https://client-log.box.com/index.php?rm=box_gen204_json_record
- metric data path: C:\Users\pcedillo\AppData\Local\Box\Box Tools\Metrics\BoxTools_Metrics_EFD61745.db
- post callback: 05DB04C6
- log callback: 05DB6106
- context: 00000000
- post interval in seconds: 600
- max records in a post: 100
- max db records: 500
- disable sender: true
[2025-04-21 08:36:49,921] [36   ] [INFO ] [] - Shutting down the metrics collector
[2025-04-21 08:46:49,852] [36   ] [INFO ] [] - Initializing the metrics collector
[2025-04-21 08:46:52,341] [36   ] [INFO ] [] - MetricsCollector::Sender(49): _disableSentMetrics 1
[2025-04-21 08:46:52,343] [36   ] [INFO ] [] - MetricsCollector::Initialize(231): Initialized metrics collector
- session id: 4adafa78-8852-4750-b4aa-8107dd6be29c
- device id: 4ca35884-a93a-48fc-ad16-80b2a90aa32e
- application id: Box Tools Win exe
- application name: BoxTools
- application version: 4.28.1.1163
- metric collection url: https://client-log.box.com/index.php?rm=box_gen204_json_record
- metric data path: C:\Users\pcedillo\AppData\Local\Box\Box Tools\Metrics\BoxTools_Metrics_EFD61745.db
- post callback: 05DB04C6
- log callback: 05DB6106
- context: 00000000
- post interval in seconds: 600
- max records in a post: 100
- max db records: 500
- disable sender: true
[2025-04-21 08:46:52,391] [36   ] [INFO ] [] - Shutting down the metrics collector
[2025-04-21 08:56:49,834] [26   ] [INFO ] [] - Initializing the metrics collector
[2025-04-21 08:56:49,841] [26   ] [INFO ] [] - MetricsCollector::Sender(49): _disableSentMetrics 1
[2025-04-21 08:56:49,850] [26   ] [INFO ] [] - MetricsCollector::Initialize(231): Initialized metrics collector
- session id: 4adafa78-8852-4750-b4aa-8107dd6be29c
- device id: 4ca35884-a93a-48fc-ad16-80b2a90aa32e
- application id: Box Tools Win exe
- application name: BoxTools
- application version: 4.28.1.1163
- metric collection url: https://client-log.box.com/index.php?rm=box_gen204_json_record
- metric data path: C:\Users\pcedillo\AppData\Local\Box\Box Tools\Metrics\BoxTools_Metrics_EFD61745.db
- post callback: 05DB04C6
- log callback: 05DB6106
- context: 00000000
- post interval in seconds: 600
- max records in a post: 100
- max db records: 500
- disable sender: true
[2025-04-21 08:56:49,850] [26   ] [INFO ] [] - Shutting down the metrics collector
[2025-04-21 09:06:49,829] [26   ] [INFO ] [] - Initializing the metrics collector
[2025-04-21 09:06:49,829] [26   ] [INFO ] [] - MetricsCollector::Sender(49): _disableSentMetrics 1
[2025-04-21 09:06:49,829] [26   ] [INFO ] [] - MetricsCollector::Initialize(231): Initialized metrics collector
- session id: 4adafa78-8852-4750-b4aa-8107dd6be29c
- device id: 4ca35884-a93a-48fc-ad16-80b2a90aa32e
- application id: Box Tools Win exe
- application name: BoxTools
- application version: 4.28.1.1163
- metric collection url: https://client-log.box.com/index.php?rm=box_gen204_json_record
- metric data path: C:\Users\pcedillo\AppData\Local\Box\Box Tools\Metrics\BoxTools_Metrics_EFD61745.db
- post callback: 05DB04C6
- log callback: 05DB6106
- context: 00000000
- post interval in seconds: 600
- max records in a post: 100
- max db records: 500
- disable sender: true
[2025-04-21 09:06:49,845] [26   ] [INFO ] [] - Shutting down the metrics collector
[2025-04-21 09:16:49,844] [26   ] [INFO ] [] - Initializing the metrics collector
[2025-04-21 09:16:49,852] [26   ] [INFO ] [] - MetricsCollector::Sender(49): _disableSentMetrics 1
[2025-04-21 09:16:49,853] [26   ] [INFO ] [] - MetricsCollector::Initialize(231): Initialized metrics collector
- session id: 4adafa78-8852-4750-b4aa-8107dd6be29c
- device id: 4ca35884-a93a-48fc-ad16-80b2a90aa32e
- application id: Box Tools Win exe
- application name: BoxTools
- application version: 4.28.1.1163
- metric collection url: https://client-log.box.com/index.php?rm=box_gen204_json_record
- metric data path: C:\Users\pcedillo\AppData\Local\Box\Box Tools\Metrics\BoxTools_Metrics_EFD61745.db
- post callback: 05DB04C6
- log callback: 05DB6106
- context: 00000000
- post interval in seconds: 600
- max records in a post: 100
- max db records: 500
- disable sender: true
[2025-04-21 09:16:49,865] [26   ] [INFO ] [] - Shutting down the metrics collector
[2025-04-21 09:26:49,849] [35   ] [INFO ] [] - Initializing the metrics collector
[2025-04-21 09:26:49,861] [35   ] [INFO ] [] - MetricsCollector::Sender(49): _disableSentMetrics 1
[2025-04-21 09:26:49,862] [35   ] [INFO ] [] - MetricsCollector::Initialize(231): Initialized metrics collector
- session id: 4adafa78-8852-4750-b4aa-8107dd6be29c
- device id: 4ca35884-a93a-48fc-ad16-80b2a90aa32e
- application id: Box Tools Win exe
- application name: BoxTools
- application version: 4.28.1.1163
- metric collection url: https://client-log.box.com/index.php?rm=box_gen204_json_record
- metric data path: C:\Users\pcedillo\AppData\Local\Box\Box Tools\Metrics\BoxTools_Metrics_EFD61745.db
- post callback: 05DB04C6
- log callback: 05DB6106
- context: 00000000
- post interval in seconds: 600
- max records in a post: 100
- max db records: 500
- disable sender: true
[2025-04-21 09:26:49,872] [35   ] [INFO ] [] - Shutting down the metrics collector
[2025-04-21 09:36:49,792] [38   ] [INFO ] [] - Initializing the metrics collector
[2025-04-21 09:36:49,812] [38   ] [INFO ] [] - MetricsCollector::Sender(49): _disableSentMetrics 1
[2025-04-21 09:36:49,812] [38   ] [INFO ] [] - MetricsCollector::Initialize(231): Initialized metrics collector
- session id: 4adafa78-8852-4750-b4aa-8107dd6be29c
- device id: 4ca35884-a93a-48fc-ad16-80b2a90aa32e
- application id: Box Tools Win exe
- application name: BoxTools
- application version: 4.28.1.1163
- metric collection url: https://client-log.box.com/index.php?rm=box_gen204_json_record
- metric data path: C:\Users\pcedillo\AppData\Local\Box\Box Tools\Metrics\BoxTools_Metrics_EFD61745.db
- post callback: 05DB04C6
- log callback: 05DB6106
- context: 00000000
- post interval in seconds: 600
- max records in a post: 100
- max db records: 500
- disable sender: true
[2025-04-21 09:36:49,825] [38   ] [INFO ] [] - Shutting down the metrics collector
[2025-04-21 09:46:49,769] [39   ] [INFO ] [] - Initializing the metrics collector
[2025-04-21 09:46:49,790] [39   ] [INFO ] [] - MetricsCollector::Sender(49): _disableSentMetrics 1
[2025-04-21 09:46:49,791] [39   ] [INFO ] [] - MetricsCollector::Initialize(231): Initialized metrics collector
- session id: 4adafa78-8852-4750-b4aa-8107dd6be29c
- device id: 4ca35884-a93a-48fc-ad16-80b2a90aa32e
- application id: Box Tools Win exe
- application name: BoxTools
- application version: 4.28.1.1163
- metric collection url: https://client-log.box.com/index.php?rm=box_gen204_json_record
- metric data path: C:\Users\pcedillo\AppData\Local\Box\Box Tools\Metrics\BoxTools_Metrics_EFD61745.db
- post callback: 05DB04C6
- log callback: 05DB6106
- context: 00000000
- post interval in seconds: 600
- max records in a post: 100
- max db records: 500
- disable sender: true
[2025-04-21 09:46:49,809] [39   ] [INFO ] [] - Shutting down the metrics collector
[2025-04-21 09:56:49,755] [41   ] [INFO ] [] - Initializing the metrics collector
[2025-04-21 09:56:49,771] [41   ] [INFO ] [] - MetricsCollector::Sender(49): _disableSentMetrics 1
[2025-04-21 09:56:49,771] [41   ] [INFO ] [] - MetricsCollector::Initialize(231): Initialized metrics collector
- session id: 4adafa78-8852-4750-b4aa-8107dd6be29c
- device id: 4ca35884-a93a-48fc-ad16-80b2a90aa32e
- application id: Box Tools Win exe
- application name: BoxTools
- application version: 4.28.1.1163
- metric collection url: https://client-log.box.com/index.php?rm=box_gen204_json_record
- metric data path: C:\Users\pcedillo\AppData\Local\Box\Box Tools\Metrics\BoxTools_Metrics_EFD61745.db
- post callback: 05DB04C6
- log callback: 05DB6106
- context: 00000000
- post interval in seconds: 600
- max records in a post: 100
- max db records: 500
- disable sender: true
[2025-04-21 09:56:49,794] [41   ] [INFO ] [] - Shutting down the metrics collector
[2025-04-21 10:06:49,763] [42   ] [INFO ] [] - Initializing the metrics collector
[2025-04-21 10:06:49,784] [42   ] [INFO ] [] - MetricsCollector::Sender(49): _disableSentMetrics 1
[2025-04-21 10:06:49,786] [42   ] [INFO ] [] - MetricsCollector::Initialize(231): Initialized metrics collector
- session id: 4adafa78-8852-4750-b4aa-8107dd6be29c
- device id: 4ca35884-a93a-48fc-ad16-80b2a90aa32e
- application id: Box Tools Win exe
- application name: BoxTools
- application version: 4.28.1.1163
- metric collection url: https://client-log.box.com/index.php?rm=box_gen204_json_record
- metric data path: C:\Users\pcedillo\AppData\Local\Box\Box Tools\Metrics\BoxTools_Metrics_EFD61745.db
- post callback: 05DB04C6
- log callback: 05DB6106
- context: 00000000
- post interval in seconds: 600
- max records in a post: 100
- max db records: 500
- disable sender: true
[2025-04-21 10:06:49,795] [42   ] [INFO ] [] - Shutting down the metrics collector
[2025-04-21 10:16:49,758] [44   ] [INFO ] [] - Initializing the metrics collector
[2025-04-21 10:16:49,770] [44   ] [INFO ] [] - MetricsCollector::Sender(49): _disableSentMetrics 1
[2025-04-21 10:16:49,774] [44   ] [INFO ] [] - MetricsCollector::Initialize(231): Initialized metrics collector
- session id: 4adafa78-8852-4750-b4aa-8107dd6be29c
- device id: 4ca35884-a93a-48fc-ad16-80b2a90aa32e
- application id: Box Tools Win exe
- application name: BoxTools
- application version: 4.28.1.1163
- metric collection url: https://client-log.box.com/index.php?rm=box_gen204_json_record
- metric data path: C:\Users\pcedillo\AppData\Local\Box\Box Tools\Metrics\BoxTools_Metrics_EFD61745.db
- post callback: 05DB04C6
- log callback: 05DB6106
- context: 00000000
- post interval in seconds: 600
- max records in a post: 100
- max db records: 500
- disable sender: true
[2025-04-21 10:16:49,790] [44   ] [INFO ] [] - Shutting down the metrics collector
[2025-04-21 10:26:49,713] [46   ] [INFO ] [] - Initializing the metrics collector
[2025-04-21 10:26:49,731] [46   ] [INFO ] [] - MetricsCollector::Sender(49): _disableSentMetrics 1
[2025-04-21 10:26:49,731] [46   ] [INFO ] [] - MetricsCollector::Initialize(231): Initialized metrics collector
- session id: 4adafa78-8852-4750-b4aa-8107dd6be29c
- device id: 4ca35884-a93a-48fc-ad16-80b2a90aa32e
- application id: Box Tools Win exe
- application name: BoxTools
- application version: 4.28.1.1163
- metric collection url: https://client-log.box.com/index.php?rm=box_gen204_json_record
- metric data path: C:\Users\pcedillo\AppData\Local\Box\Box Tools\Metrics\BoxTools_Metrics_EFD61745.db
- post callback: 05DB04C6
- log callback: 05DB6106
- context: 00000000
- post interval in seconds: 600
- max records in a post: 100
- max db records: 500
- disable sender: true
[2025-04-21 10:26:49,751] [46   ] [INFO ] [] - Shutting down the metrics collector
[2025-04-21 10:36:49,702] [48   ] [INFO ] [] - Initializing the metrics collector
[2025-04-21 10:36:49,724] [48   ] [INFO ] [] - MetricsCollector::Sender(49): _disableSentMetrics 1
[2025-04-21 10:36:49,727] [48   ] [INFO ] [] - MetricsCollector::Initialize(231): Initialized metrics collector
- session id: 4adafa78-8852-4750-b4aa-8107dd6be29c
- device id: 4ca35884-a93a-48fc-ad16-80b2a90aa32e
- application id: Box Tools Win exe
- application name: BoxTools
- application version: 4.28.1.1163
- metric collection url: https://client-log.box.com/index.php?rm=box_gen204_json_record
- metric data path: C:\Users\pcedillo\AppData\Local\Box\Box Tools\Metrics\BoxTools_Metrics_EFD61745.db
- post callback: 05DB04C6
- log callback: 05DB6106
- context: 00000000
- post interval in seconds: 600
- max records in a post: 100
- max db records: 500
- disable sender: true
[2025-04-21 10:36:49,736] [48   ] [INFO ] [] - Shutting down the metrics collector
[2025-04-21 10:46:49,681] [50   ] [INFO ] [] - Initializing the metrics collector
[2025-04-21 10:46:49,696] [50   ] [INFO ] [] - MetricsCollector::Sender(49): _disableSentMetrics 1
[2025-04-21 10:46:49,698] [50   ] [INFO ] [] - MetricsCollector::Initialize(231): Initialized metrics collector
- session id: 4adafa78-8852-4750-b4aa-8107dd6be29c
- device id: 4ca35884-a93a-48fc-ad16-80b2a90aa32e
- application id: Box Tools Win exe
- application name: BoxTools
- application version: 4.28.1.1163
- metric collection url: https://client-log.box.com/index.php?rm=box_gen204_json_record
- metric data path: C:\Users\pcedillo\AppData\Local\Box\Box Tools\Metrics\BoxTools_Metrics_EFD61745.db
- post callback: 05DB04C6
- log callback: 05DB6106
- context: 00000000
- post interval in seconds: 600
- max records in a post: 100
- max db records: 500
- disable sender: true
[2025-04-21 10:46:49,718] [50   ] [INFO ] [] - Shutting down the metrics collector
[2025-04-21 10:56:49,671] [52   ] [INFO ] [] - Initializing the metrics collector
[2025-04-21 10:56:49,694] [52   ] [INFO ] [] - MetricsCollector::Sender(49): _disableSentMetrics 1
[2025-04-21 10:56:49,695] [52   ] [INFO ] [] - MetricsCollector::Initialize(231): Initialized metrics collector
- session id: 4adafa78-8852-4750-b4aa-8107dd6be29c
- device id: 4ca35884-a93a-48fc-ad16-80b2a90aa32e
- application id: Box Tools Win exe
- application name: BoxTools
- application version: 4.28.1.1163
- metric collection url: https://client-log.box.com/index.php?rm=box_gen204_json_record
- metric data path: C:\Users\pcedillo\AppData\Local\Box\Box Tools\Metrics\BoxTools_Metrics_EFD61745.db
- post callback: 05DB04C6
- log callback: 05DB6106
- context: 00000000
- post interval in seconds: 600
- max records in a post: 100
- max db records: 500
- disable sender: true
[2025-04-21 10:56:49,713] [52   ] [INFO ] [] - Shutting down the metrics collector
[2025-04-21 11:06:49,645] [56   ] [INFO ] [] - Initializing the metrics collector
[2025-04-21 11:06:49,666] [56   ] [INFO ] [] - MetricsCollector::Sender(49): _disableSentMetrics 1
[2025-04-21 11:06:49,667] [56   ] [INFO ] [] - MetricsCollector::Initialize(231): Initialized metrics collector
- session id: 4adafa78-8852-4750-b4aa-8107dd6be29c
- device id: 4ca35884-a93a-48fc-ad16-80b2a90aa32e
- application id: Box Tools Win exe
- application name: BoxTools
- application version: 4.28.1.1163
- metric collection url: https://client-log.box.com/index.php?rm=box_gen204_json_record
- metric data path: C:\Users\pcedillo\AppData\Local\Box\Box Tools\Metrics\BoxTools_Metrics_EFD61745.db
- post callback: 05DB04C6
- log callback: 05DB6106
- context: 00000000
- post interval in seconds: 600
- max records in a post: 100
- max db records: 500
- disable sender: true
[2025-04-21 11:06:49,686] [56   ] [INFO ] [] - Shutting down the metrics collector
[2025-04-21 11:16:49,660] [59   ] [INFO ] [] - Initializing the metrics collector
[2025-04-21 11:16:49,677] [59   ] [INFO ] [] - MetricsCollector::Sender(49): _disableSentMetrics 1
[2025-04-21 11:16:49,678] [59   ] [INFO ] [] - MetricsCollector::Initialize(231): Initialized metrics collector
- session id: 4adafa78-8852-4750-b4aa-8107dd6be29c
- device id: 4ca35884-a93a-48fc-ad16-80b2a90aa32e
- application id: Box Tools Win exe
- application name: BoxTools
- application version: 4.28.1.1163
- metric collection url: https://client-log.box.com/index.php?rm=box_gen204_json_record
- metric data path: C:\Users\pcedillo\AppData\Local\Box\Box Tools\Metrics\BoxTools_Metrics_EFD61745.db
- post callback: 05DB04C6
- log callback: 05DB6106
- context: 00000000
- post interval in seconds: 600
- max records in a post: 100
- max db records: 500
- disable sender: true
[2025-04-21 11:16:49,695] [59   ] [INFO ] [] - Shutting down the metrics collector
[2025-04-21 11:26:49,664] [58   ] [INFO ] [] - Initializing the metrics collector
[2025-04-21 11:26:49,685] [58   ] [INFO ] [] - MetricsCollector::Sender(49): _disableSentMetrics 1
[2025-04-21 11:26:49,687] [58   ] [INFO ] [] - MetricsCollector::Initialize(231): Initialized metrics collector
- session id: 4adafa78-8852-4750-b4aa-8107dd6be29c
- device id: 4ca35884-a93a-48fc-ad16-80b2a90aa32e
- application id: Box Tools Win exe
- application name: BoxTools
- application version: 4.28.1.1163
- metric collection url: https://client-log.box.com/index.php?rm=box_gen204_json_record
- metric data path: C:\Users\pcedillo\AppData\Local\Box\Box Tools\Metrics\BoxTools_Metrics_EFD61745.db
- post callback: 05DB04C6
- log callback: 05DB6106
- context: 00000000
- post interval in seconds: 600
- max records in a post: 100
- max db records: 500
- disable sender: true
[2025-04-21 11:26:49,703] [58   ] [INFO ] [] - Shutting down the metrics collector
[2025-04-21 11:36:51,986] [63   ] [INFO ] [] - Initializing the metrics collector
[2025-04-21 11:36:51,999] [63   ] [INFO ] [] - MetricsCollector::Sender(49): _disableSentMetrics 1
[2025-04-21 11:36:51,999] [63   ] [INFO ] [] - MetricsCollector::Initialize(231): Initialized metrics collector
- session id: 4adafa78-8852-4750-b4aa-8107dd6be29c
- device id: 4ca35884-a93a-48fc-ad16-80b2a90aa32e
- application id: Box Tools Win exe
- application name: BoxTools
- application version: 4.28.1.1163
- metric collection url: https://client-log.box.com/index.php?rm=box_gen204_json_record
- metric data path: C:\Users\pcedillo\AppData\Local\Box\Box Tools\Metrics\BoxTools_Metrics_EFD61745.db
- post callback: 05DB04C6
- log callback: 05DB6106
- context: 00000000
- post interval in seconds: 600
- max records in a post: 100
- max db records: 500
- disable sender: true
[2025-04-21 11:36:52,003] [63   ] [INFO ] [] - Shutting down the metrics collector
[2025-04-21 11:46:51,920] [65   ] [INFO ] [] - Initializing the metrics collector
[2025-04-21 11:46:51,925] [65   ] [INFO ] [] - MetricsCollector::Sender(49): _disableSentMetrics 1
[2025-04-21 11:46:51,925] [65   ] [INFO ] [] - MetricsCollector::Initialize(231): Initialized metrics collector
- session id: 4adafa78-8852-4750-b4aa-8107dd6be29c
- device id: 4ca35884-a93a-48fc-ad16-80b2a90aa32e
- application id: Box Tools Win exe
- application name: BoxTools
- application version: 4.28.1.1163
- metric collection url: https://client-log.box.com/index.php?rm=box_gen204_json_record
- metric data path: C:\Users\pcedillo\AppData\Local\Box\Box Tools\Metrics\BoxTools_Metrics_EFD61745.db
- post callback: 05DB04C6
- log callback: 05DB6106
- context: 00000000
- post interval in seconds: 600
- max records in a post: 100
- max db records: 500
- disable sender: true
[2025-04-21 11:46:51,936] [65   ] [INFO ] [] - Shutting down the metrics collector
[2025-04-21 11:56:51,888] [67   ] [INFO ] [] - Initializing the metrics collector
[2025-04-21 11:56:51,901] [67   ] [INFO ] [] - MetricsCollector::Sender(49): _disableSentMetrics 1
[2025-04-21 11:56:51,901] [67   ] [INFO ] [] - MetricsCollector::Initialize(231): Initialized metrics collector
- session id: 4adafa78-8852-4750-b4aa-8107dd6be29c
- device id: 4ca35884-a93a-48fc-ad16-80b2a90aa32e
- application id: Box Tools Win exe
- application name: BoxTools
- application version: 4.28.1.1163
- metric collection url: https://client-log.box.com/index.php?rm=box_gen204_json_record
- metric data path: C:\Users\pcedillo\AppData\Local\Box\Box Tools\Metrics\BoxTools_Metrics_EFD61745.db
- post callback: 05DB04C6
- log callback: 05DB6106
- context: 00000000
- post interval in seconds: 600
- max records in a post: 100
- max db records: 500
- disable sender: true
[2025-04-21 11:56:51,919] [67   ] [INFO ] [] - Shutting down the metrics collector
[2025-04-21 12:06:51,888] [69   ] [INFO ] [] - Initializing the metrics collector
[2025-04-21 12:06:51,904] [69   ] [INFO ] [] - MetricsCollector::Sender(49): _disableSentMetrics 1
[2025-04-21 12:06:51,904] [69   ] [INFO ] [] - MetricsCollector::Initialize(231): Initialized metrics collector
- session id: 4adafa78-8852-4750-b4aa-8107dd6be29c
- device id: 4ca35884-a93a-48fc-ad16-80b2a90aa32e
- application id: Box Tools Win exe
- application name: BoxTools
- application version: 4.28.1.1163
- metric collection url: https://client-log.box.com/index.php?rm=box_gen204_json_record
- metric data path: C:\Users\pcedillo\AppData\Local\Box\Box Tools\Metrics\BoxTools_Metrics_EFD61745.db
- post callback: 05DB04C6
- log callback: 05DB6106
- context: 00000000
- post interval in seconds: 600
- max records in a post: 100
- max db records: 500
- disable sender: true
[2025-04-21 12:06:51,919] [69   ] [INFO ] [] - Shutting down the metrics collector
[2025-04-21 12:16:51,864] [71   ] [INFO ] [] - Initializing the metrics collector
[2025-04-21 12:16:51,880] [71   ] [INFO ] [] - MetricsCollector::Sender(49): _disableSentMetrics 1
[2025-04-21 12:16:51,882] [71   ] [INFO ] [] - MetricsCollector::Initialize(231): Initialized metrics collector
- session id: 4adafa78-8852-4750-b4aa-8107dd6be29c
- device id: 4ca35884-a93a-48fc-ad16-80b2a90aa32e
- application id: Box Tools Win exe
- application name: BoxTools
- application version: 4.28.1.1163
- metric collection url: https://client-log.box.com/index.php?rm=box_gen204_json_record
- metric data path: C:\Users\pcedillo\AppData\Local\Box\Box Tools\Metrics\BoxTools_Metrics_EFD61745.db
- post callback: 05DB04C6
- log callback: 05DB6106
- context: 00000000
- post interval in seconds: 600
- max records in a post: 100
- max db records: 500
- disable sender: true
[2025-04-21 12:16:51,907] [71   ] [INFO ] [] - Shutting down the metrics collector
[2025-04-21 12:26:51,851] [73   ] [INFO ] [] - Initializing the metrics collector
[2025-04-21 12:26:51,868] [73   ] [INFO ] [] - MetricsCollector::Sender(49): _disableSentMetrics 1
[2025-04-21 12:26:51,868] [73   ] [INFO ] [] - MetricsCollector::Initialize(231): Initialized metrics collector
- session id: 4adafa78-8852-4750-b4aa-8107dd6be29c
- device id: 4ca35884-a93a-48fc-ad16-80b2a90aa32e
- application id: Box Tools Win exe
- application name: BoxTools
- application version: 4.28.1.1163
- metric collection url: https://client-log.box.com/index.php?rm=box_gen204_json_record
- metric data path: C:\Users\pcedillo\AppData\Local\Box\Box Tools\Metrics\BoxTools_Metrics_EFD61745.db
- post callback: 05DB04C6
- log callback: 05DB6106
- context: 00000000
- post interval in seconds: 600
- max records in a post: 100
- max db records: 500
- disable sender: true
[2025-04-21 12:26:51,898] [73   ] [INFO ] [] - Shutting down the metrics collector
[2025-04-21 12:36:51,816] [74   ] [INFO ] [] - Initializing the metrics collector
[2025-04-21 12:36:51,816] [74   ] [INFO ] [] - MetricsCollector::Sender(49): _disableSentMetrics 1
[2025-04-21 12:36:51,816] [74   ] [INFO ] [] - MetricsCollector::Initialize(231): Initialized metrics collector
- session id: 4adafa78-8852-4750-b4aa-8107dd6be29c
- device id: 4ca35884-a93a-48fc-ad16-80b2a90aa32e
- application id: Box Tools Win exe
- application name: BoxTools
- application version: 4.28.1.1163
- metric collection url: https://client-log.box.com/index.php?rm=box_gen204_json_record
- metric data path: C:\Users\pcedillo\AppData\Local\Box\Box Tools\Metrics\BoxTools_Metrics_EFD61745.db
- post callback: 05DB04C6
- log callback: 05DB6106
- context: 00000000
- post interval in seconds: 600
- max records in a post: 100
- max db records: 500
- disable sender: true
[2025-04-21 12:36:51,839] [74   ] [INFO ] [] - Shutting down the metrics collector
[2025-04-21 12:46:51,807] [79   ] [INFO ] [] - Initializing the metrics collector
[2025-04-21 12:46:51,807] [79   ] [INFO ] [] - MetricsCollector::Sender(49): _disableSentMetrics 1
[2025-04-21 12:46:51,807] [79   ] [INFO ] [] - MetricsCollector::Initialize(231): Initialized metrics collector
- session id: 4adafa78-8852-4750-b4aa-8107dd6be29c
- device id: 4ca35884-a93a-48fc-ad16-80b2a90aa32e
- application id: Box Tools Win exe
- application name: BoxTools
- application version: 4.28.1.1163
- metric collection url: https://client-log.box.com/index.php?rm=box_gen204_json_record
- metric data path: C:\Users\pcedillo\AppData\Local\Box\Box Tools\Metrics\BoxTools_Metrics_EFD61745.db
- post callback: 05DB04C6
- log callback: 05DB6106
- context: 00000000
- post interval in seconds: 600
- max records in a post: 100
- max db records: 500
- disable sender: true
[2025-04-21 12:46:51,827] [79   ] [INFO ] [] - Shutting down the metrics collector
[2025-04-21 12:56:51,798] [16   ] [INFO ] [] - Initializing the metrics collector
[2025-04-21 12:56:51,798] [16   ] [INFO ] [] - MetricsCollector::Sender(49): _disableSentMetrics 1
[2025-04-21 12:56:51,798] [16   ] [INFO ] [] - MetricsCollector::Initialize(231): Initialized metrics collector
- session id: 4adafa78-8852-4750-b4aa-8107dd6be29c
- device id: 4ca35884-a93a-48fc-ad16-80b2a90aa32e
- application id: Box Tools Win exe
- application name: BoxTools
- application version: 4.28.1.1163
- metric collection url: https://client-log.box.com/index.php?rm=box_gen204_json_record
- metric data path: C:\Users\pcedillo\AppData\Local\Box\Box Tools\Metrics\BoxTools_Metrics_EFD61745.db
- post callback: 05DB04C6
- log callback: 05DB6106
- context: 00000000
- post interval in seconds: 600
- max records in a post: 100
- max db records: 500
- disable sender: true
[2025-04-21 12:56:51,814] [16   ] [INFO ] [] - Shutting down the metrics collector
[2025-04-21 13:06:51,779] [5    ] [INFO ] [] - Initializing the metrics collector
[2025-04-21 13:06:51,779] [5    ] [INFO ] [] - MetricsCollector::Sender(49): _disableSentMetrics 1
[2025-04-21 13:06:51,779] [5    ] [INFO ] [] - MetricsCollector::Initialize(231): Initialized metrics collector
- session id: 4adafa78-8852-4750-b4aa-8107dd6be29c
- device id: 4ca35884-a93a-48fc-ad16-80b2a90aa32e
- application id: Box Tools Win exe
- application name: BoxTools
- application version: 4.28.1.1163
- metric collection url: https://client-log.box.com/index.php?rm=box_gen204_json_record
- metric data path: C:\Users\pcedillo\AppData\Local\Box\Box Tools\Metrics\BoxTools_Metrics_EFD61745.db
- post callback: 05DB04C6
- log callback: 05DB6106
- context: 00000000
- post interval in seconds: 600
- max records in a post: 100
- max db records: 500
- disable sender: true
[2025-04-21 13:06:51,806] [5    ] [INFO ] [] - Shutting down the metrics collector
[2025-04-21 13:16:51,780] [10   ] [INFO ] [] - Initializing the metrics collector
[2025-04-21 13:16:51,780] [10   ] [INFO ] [] - MetricsCollector::Sender(49): _disableSentMetrics 1
[2025-04-21 13:16:51,780] [10   ] [INFO ] [] - MetricsCollector::Initialize(231): Initialized metrics collector
- session id: 4adafa78-8852-4750-b4aa-8107dd6be29c
- device id: 4ca35884-a93a-48fc-ad16-80b2a90aa32e
- application id: Box Tools Win exe
- application name: BoxTools
- application version: 4.28.1.1163
- metric collection url: https://client-log.box.com/index.php?rm=box_gen204_json_record
- metric data path: C:\Users\pcedillo\AppData\Local\Box\Box Tools\Metrics\BoxTools_Metrics_EFD61745.db
- post callback: 05DB04C6
- log callback: 05DB6106
- context: 00000000
- post interval in seconds: 600
- max records in a post: 100
- max db records: 500
- disable sender: true
[2025-04-21 13:16:51,796] [10   ] [INFO ] [] - Shutting down the metrics collector
[2025-04-21 13:26:51,749] [12   ] [INFO ] [] - Initializing the metrics collector
[2025-04-21 13:26:51,749] [12   ] [INFO ] [] - MetricsCollector::Sender(49): _disableSentMetrics 1
[2025-04-21 13:26:51,749] [12   ] [INFO ] [] - MetricsCollector::Initialize(231): Initialized metrics collector
- session id: 4adafa78-8852-4750-b4aa-8107dd6be29c
- device id: 4ca35884-a93a-48fc-ad16-80b2a90aa32e
- application id: Box Tools Win exe
- application name: BoxTools
- application version: 4.28.1.1163
- metric collection url: https://client-log.box.com/index.php?rm=box_gen204_json_record
- metric data path: C:\Users\pcedillo\AppData\Local\Box\Box Tools\Metrics\BoxTools_Metrics_EFD61745.db
- post callback: 05DB04C6
- log callback: 05DB6106
- context: 00000000
- post interval in seconds: 600
- max records in a post: 100
- max db records: 500
- disable sender: true
[2025-04-21 13:26:51,761] [12   ] [INFO ] [] - Shutting down the metrics collector
[2025-04-21 13:36:51,739] [12   ] [INFO ] [] - Initializing the metrics collector
[2025-04-21 13:36:51,753] [12   ] [INFO ] [] - MetricsCollector::Sender(49): _disableSentMetrics 1
[2025-04-21 13:36:51,753] [12   ] [INFO ] [] - MetricsCollector::Initialize(231): Initialized metrics collector
- session id: 4adafa78-8852-4750-b4aa-8107dd6be29c
- device id: 4ca35884-a93a-48fc-ad16-80b2a90aa32e
- application id: Box Tools Win exe
- application name: BoxTools
- application version: 4.28.1.1163
- metric collection url: https://client-log.box.com/index.php?rm=box_gen204_json_record
- metric data path: C:\Users\pcedillo\AppData\Local\Box\Box Tools\Metrics\BoxTools_Metrics_EFD61745.db
- post callback: 05DB04C6
- log callback: 05DB6106
- context: 00000000
- post interval in seconds: 600
- max records in a post: 100
- max db records: 500
- disable sender: true
[2025-04-21 13:36:51,765] [12   ] [INFO ] [] - Shutting down the metrics collector
[2025-04-21 13:46:51,739] [12   ] [INFO ] [] - Initializing the metrics collector
[2025-04-21 13:46:51,743] [12   ] [INFO ] [] - MetricsCollector::Sender(49): _disableSentMetrics 1
[2025-04-21 13:46:51,743] [12   ] [INFO ] [] - MetricsCollector::Initialize(231): Initialized metrics collector
- session id: 4adafa78-8852-4750-b4aa-8107dd6be29c
- device id: 4ca35884-a93a-48fc-ad16-80b2a90aa32e
- application id: Box Tools Win exe
- application name: BoxTools
- application version: 4.28.1.1163
- metric collection url: https://client-log.box.com/index.php?rm=box_gen204_json_record
- metric data path: C:\Users\pcedillo\AppData\Local\Box\Box Tools\Metrics\BoxTools_Metrics_EFD61745.db
- post callback: 05DB04C6
- log callback: 05DB6106
- context: 00000000
- post interval in seconds: 600
- max records in a post: 100
- max db records: 500
- disable sender: true
[2025-04-21 13:46:51,756] [12   ] [INFO ] [] - Shutting down the metrics collector
[2025-04-21 13:56:51,709] [20   ] [INFO ] [] - Initializing the metrics collector
[2025-04-21 13:56:51,737] [20   ] [INFO ] [] - MetricsCollector::Sender(49): _disableSentMetrics 1
[2025-04-21 13:56:51,741] [20   ] [INFO ] [] - MetricsCollector::Initialize(231): Initialized metrics collector
- session id: 4adafa78-8852-4750-b4aa-8107dd6be29c
- device id: 4ca35884-a93a-48fc-ad16-80b2a90aa32e
- application id: Box Tools Win exe
- application name: BoxTools
- application version: 4.28.1.1163
- metric collection url: https://client-log.box.com/index.php?rm=box_gen204_json_record
- metric data path: C:\Users\pcedillo\AppData\Local\Box\Box Tools\Metrics\BoxTools_Metrics_EFD61745.db
- post callback: 05DB04C6
- log callback: 05DB6106
- context: 00000000
- post interval in seconds: 600
- max records in a post: 100
- max db records: 500
- disable sender: true
[2025-04-21 13:56:51,775] [20   ] [INFO ] [] - Shutting down the metrics collector
[2025-04-21 14:06:51,713] [19   ] [INFO ] [] - Initializing the metrics collector
[2025-04-21 14:06:51,713] [19   ] [INFO ] [] - MetricsCollector::Sender(49): _disableSentMetrics 1
[2025-04-21 14:06:51,713] [19   ] [INFO ] [] - MetricsCollector::Initialize(231): Initialized metrics collector
- session id: 4adafa78-8852-4750-b4aa-8107dd6be29c
- device id: 4ca35884-a93a-48fc-ad16-80b2a90aa32e
- application id: Box Tools Win exe
- application name: BoxTools
- application version: 4.28.1.1163
- metric collection url: https://client-log.box.com/index.php?rm=box_gen204_json_record
- metric data path: C:\Users\pcedillo\AppData\Local\Box\Box Tools\Metrics\BoxTools_Metrics_EFD61745.db
- post callback: 05DB04C6
- log callback: 05DB6106
- context: 00000000
- post interval in seconds: 600
- max records in a post: 100
- max db records: 500
- disable sender: true
[2025-04-21 14:06:51,733] [19   ] [INFO ] [] - Shutting down the metrics collector
[2025-04-21 14:16:51,692] [19   ] [INFO ] [] - Initializing the metrics collector
[2025-04-21 14:16:51,706] [19   ] [INFO ] [] - MetricsCollector::Sender(49): _disableSentMetrics 1
[2025-04-21 14:16:51,706] [19   ] [INFO ] [] - MetricsCollector::Initialize(231): Initialized metrics collector
- session id: 4adafa78-8852-4750-b4aa-8107dd6be29c
- device id: 4ca35884-a93a-48fc-ad16-80b2a90aa32e
- application id: Box Tools Win exe
- application name: BoxTools
- application version: 4.28.1.1163
- metric collection url: https://client-log.box.com/index.php?rm=box_gen204_json_record
- metric data path: C:\Users\pcedillo\AppData\Local\Box\Box Tools\Metrics\BoxTools_Metrics_EFD61745.db
- post callback: 05DB04C6
- log callback: 05DB6106
- context: 00000000
- post interval in seconds: 600
- max records in a post: 100
- max db records: 500
- disable sender: true
[2025-04-21 14:16:51,717] [19   ] [INFO ] [] - Shutting down the metrics collector
[2025-04-21 14:26:51,690] [19   ] [INFO ] [] - Initializing the metrics collector
[2025-04-21 14:26:51,704] [19   ] [INFO ] [] - MetricsCollector::Sender(49): _disableSentMetrics 1
[2025-04-21 14:26:51,704] [19   ] [INFO ] [] - MetricsCollector::Initialize(231): Initialized metrics collector
- session id: 4adafa78-8852-4750-b4aa-8107dd6be29c
- device id: 4ca35884-a93a-48fc-ad16-80b2a90aa32e
- application id: Box Tools Win exe
- application name: BoxTools
- application version: 4.28.1.1163
- metric collection url: https://client-log.box.com/index.php?rm=box_gen204_json_record
- metric data path: C:\Users\pcedillo\AppData\Local\Box\Box Tools\Metrics\BoxTools_Metrics_EFD61745.db
- post callback: 05DB04C6
- log callback: 05DB6106
- context: 00000000
- post interval in seconds: 600
- max records in a post: 100
- max db records: 500
- disable sender: true
[2025-04-21 14:26:51,715] [19   ] [INFO ] [] - Shutting down the metrics collector
[2025-04-21 14:36:51,675] [19   ] [INFO ] [] - Initializing the metrics collector
[2025-04-21 14:36:51,689] [19   ] [INFO ] [] - MetricsCollector::Sender(49): _disableSentMetrics 1
[2025-04-21 14:36:51,689] [19   ] [INFO ] [] - MetricsCollector::Initialize(231): Initialized metrics collector
- session id: 4adafa78-8852-4750-b4aa-8107dd6be29c
- device id: 4ca35884-a93a-48fc-ad16-80b2a90aa32e
- application id: Box Tools Win exe
- application name: BoxTools
- application version: 4.28.1.1163
- metric collection url: https://client-log.box.com/index.php?rm=box_gen204_json_record
- metric data path: C:\Users\pcedillo\AppData\Local\Box\Box Tools\Metrics\BoxTools_Metrics_EFD61745.db
- post callback: 05DB04C6
- log callback: 05DB6106
- context: 00000000
- post interval in seconds: 600
- max records in a post: 100
- max db records: 500
- disable sender: true
[2025-04-21 14:36:51,693] [19   ] [INFO ] [] - Shutting down the metrics collector
[2025-04-21 14:46:51,662] [19   ] [INFO ] [] - Initializing the metrics collector
[2025-04-21 14:46:51,662] [19   ] [INFO ] [] - MetricsCollector::Sender(49): _disableSentMetrics 1
[2025-04-21 14:46:51,662] [19   ] [INFO ] [] - MetricsCollector::Initialize(231): Initialized metrics collector
- session id: 4adafa78-8852-4750-b4aa-8107dd6be29c
- device id: 4ca35884-a93a-48fc-ad16-80b2a90aa32e
- application id: Box Tools Win exe
- application name: BoxTools
- application version: 4.28.1.1163
- metric collection url: https://client-log.box.com/index.php?rm=box_gen204_json_record
- metric data path: C:\Users\pcedillo\AppData\Local\Box\Box Tools\Metrics\BoxTools_Metrics_EFD61745.db
- post callback: 05DB04C6
- log callback: 05DB6106
- context: 00000000
- post interval in seconds: 600
- max records in a post: 100
- max db records: 500
- disable sender: true
[2025-04-21 14:46:51,679] [19   ] [INFO ] [] - Shutting down the metrics collector
[2025-04-21 14:56:51,681] [19   ] [INFO ] [] - Initializing the metrics collector
[2025-04-21 14:56:51,702] [19   ] [INFO ] [] - MetricsCollector::Sender(49): _disableSentMetrics 1
[2025-04-21 14:56:51,702] [19   ] [INFO ] [] - MetricsCollector::Initialize(231): Initialized metrics collector
- session id: 4adafa78-8852-4750-b4aa-8107dd6be29c
- device id: 4ca35884-a93a-48fc-ad16-80b2a90aa32e
- application id: Box Tools Win exe
- application name: BoxTools
- application version: 4.28.1.1163
- metric collection url: https://client-log.box.com/index.php?rm=box_gen204_json_record
- metric data path: C:\Users\pcedillo\AppData\Local\Box\Box Tools\Metrics\BoxTools_Metrics_EFD61745.db
- post callback: 05DB04C6
- log callback: 05DB6106
- context: 00000000
- post interval in seconds: 600
- max records in a post: 100
- max db records: 500
- disable sender: true
[2025-04-21 14:56:51,708] [19   ] [INFO ] [] - Shutting down the metrics collector
[2025-04-21 15:06:51,648] [19   ] [INFO ] [] - Initializing the metrics collector
[2025-04-21 15:06:51,659] [19   ] [INFO ] [] - MetricsCollector::Sender(49): _disableSentMetrics 1
[2025-04-21 15:06:51,659] [19   ] [INFO ] [] - MetricsCollector::Initialize(231): Initialized metrics collector
- session id: 4adafa78-8852-4750-b4aa-8107dd6be29c
- device id: 4ca35884-a93a-48fc-ad16-80b2a90aa32e
- application id: Box Tools Win exe
- application name: BoxTools
- application version: 4.28.1.1163
- metric collection url: https://client-log.box.com/index.php?rm=box_gen204_json_record
- metric data path: C:\Users\pcedillo\AppData\Local\Box\Box Tools\Metrics\BoxTools_Metrics_EFD61745.db
- post callback: 05DB04C6
- log callback: 05DB6106
- context: 00000000
- post interval in seconds: 600
- max records in a post: 100
- max db records: 500
- disable sender: true
[2025-04-21 15:06:51,666] [19   ] [INFO ] [] - Shutting down the metrics collector
[2025-04-21 15:16:51,635] [19   ] [INFO ] [] - Initializing the metrics collector
[2025-04-21 15:16:51,635] [19   ] [INFO ] [] - MetricsCollector::Sender(49): _disableSentMetrics 1
[2025-04-21 15:16:51,635] [19   ] [INFO ] [] - MetricsCollector::Initialize(231): Initialized metrics collector
- session id: 4adafa78-8852-4750-b4aa-8107dd6be29c
- device id: 4ca35884-a93a-48fc-ad16-80b2a90aa32e
- application id: Box Tools Win exe
- application name: BoxTools
- application version: 4.28.1.1163
- metric collection url: https://client-log.box.com/index.php?rm=box_gen204_json_record
- metric data path: C:\Users\pcedillo\AppData\Local\Box\Box Tools\Metrics\BoxTools_Metrics_EFD61745.db
- post callback: 05DB04C6
- log callback: 05DB6106
- context: 00000000
- post interval in seconds: 600
- max records in a post: 100
- max db records: 500
- disable sender: true
[2025-04-21 15:16:51,651] [19   ] [INFO ] [] - Shutting down the metrics collector
[2025-04-21 15:26:51,623] [19   ] [INFO ] [] - Initializing the metrics collector
[2025-04-21 15:26:51,623] [19   ] [INFO ] [] - MetricsCollector::Sender(49): _disableSentMetrics 1
[2025-04-21 15:26:51,623] [19   ] [INFO ] [] - MetricsCollector::Initialize(231): Initialized metrics collector
- session id: 4adafa78-8852-4750-b4aa-8107dd6be29c
- device id: 4ca35884-a93a-48fc-ad16-80b2a90aa32e
- application id: Box Tools Win exe
- application name: BoxTools
- application version: 4.28.1.1163
- metric collection url: https://client-log.box.com/index.php?rm=box_gen204_json_record
- metric data path: C:\Users\pcedillo\AppData\Local\Box\Box Tools\Metrics\BoxTools_Metrics_EFD61745.db
- post callback: 05DB04C6
- log callback: 05DB6106
- context: 00000000
- post interval in seconds: 600
- max records in a post: 100
- max db records: 500
- disable sender: true
[2025-04-21 15:26:51,639] [19   ] [INFO ] [] - Shutting down the metrics collector
[2025-04-21 15:36:51,607] [5    ] [INFO ] [] - Initializing the metrics collector
[2025-04-21 15:36:51,611] [5    ] [INFO ] [] - MetricsCollector::Sender(49): _disableSentMetrics 1
[2025-04-21 15:36:51,611] [5    ] [INFO ] [] - MetricsCollector::Initialize(231): Initialized metrics collector
- session id: 4adafa78-8852-4750-b4aa-8107dd6be29c
- device id: 4ca35884-a93a-48fc-ad16-80b2a90aa32e
- application id: Box Tools Win exe
- application name: BoxTools
- application version: 4.28.1.1163
- metric collection url: https://client-log.box.com/index.php?rm=box_gen204_json_record
- metric data path: C:\Users\pcedillo\AppData\Local\Box\Box Tools\Metrics\BoxTools_Metrics_EFD61745.db
- post callback: 05DB04C6
- log callback: 05DB6106
- context: 00000000
- post interval in seconds: 600
- max records in a post: 100
- max db records: 500
- disable sender: true
[2025-04-21 15:36:51,623] [5    ] [INFO ] [] - Shutting down the metrics collector
[2025-04-21 15:46:51,580] [19   ] [INFO ] [] - Initializing the metrics collector
[2025-04-21 15:46:51,580] [19   ] [INFO ] [] - MetricsCollector::Sender(49): _disableSentMetrics 1
[2025-04-21 15:46:51,580] [19   ] [INFO ] [] - MetricsCollector::Initialize(231): Initialized metrics collector
- session id: 4adafa78-8852-4750-b4aa-8107dd6be29c
- device id: 4ca35884-a93a-48fc-ad16-80b2a90aa32e
- application id: Box Tools Win exe
- application name: BoxTools
- application version: 4.28.1.1163
- metric collection url: https://client-log.box.com/index.php?rm=box_gen204_json_record
- metric data path: C:\Users\pcedillo\AppData\Local\Box\Box Tools\Metrics\BoxTools_Metrics_EFD61745.db
- post callback: 05DB04C6
- log callback: 05DB6106
- context: 00000000
- post interval in seconds: 600
- max records in a post: 100
- max db records: 500
- disable sender: true
[2025-04-21 15:46:51,596] [19   ] [INFO ] [] - Shutting down the metrics collector
[2025-04-21 15:56:51,573] [25   ] [INFO ] [] - Initializing the metrics collector
[2025-04-21 15:56:51,573] [25   ] [INFO ] [] - MetricsCollector::Sender(49): _disableSentMetrics 1
[2025-04-21 15:56:51,589] [25   ] [INFO ] [] - MetricsCollector::Initialize(231): Initialized metrics collector
- session id: 4adafa78-8852-4750-b4aa-8107dd6be29c
- device id: 4ca35884-a93a-48fc-ad16-80b2a90aa32e
- application id: Box Tools Win exe
- application name: BoxTools
- application version: 4.28.1.1163
- metric collection url: https://client-log.box.com/index.php?rm=box_gen204_json_record
- metric data path: C:\Users\pcedillo\AppData\Local\Box\Box Tools\Metrics\BoxTools_Metrics_EFD61745.db
- post callback: 05DB04C6
- log callback: 05DB6106
- context: 00000000
- post interval in seconds: 600
- max records in a post: 100
- max db records: 500
- disable sender: true
[2025-04-21 15:56:51,602] [25   ] [INFO ] [] - Shutting down the metrics collector
[2025-04-21 16:06:51,577] [78   ] [INFO ] [] - Initializing the metrics collector
[2025-04-21 16:06:51,577] [78   ] [INFO ] [] - MetricsCollector::Sender(49): _disableSentMetrics 1
[2025-04-21 16:06:51,577] [78   ] [INFO ] [] - MetricsCollector::Initialize(231): Initialized metrics collector
- session id: 4adafa78-8852-4750-b4aa-8107dd6be29c
- device id: 4ca35884-a93a-48fc-ad16-80b2a90aa32e
- application id: Box Tools Win exe
- application name: BoxTools
- application version: 4.28.1.1163
- metric collection url: https://client-log.box.com/index.php?rm=box_gen204_json_record
- metric data path: C:\Users\pcedillo\AppData\Local\Box\Box Tools\Metrics\BoxTools_Metrics_EFD61745.db
- post callback: 05DB04C6
- log callback: 05DB6106
- context: 00000000
- post interval in seconds: 600
- max records in a post: 100
- max db records: 500
- disable sender: true
[2025-04-21 16:06:51,593] [78   ] [INFO ] [] - Shutting down the metrics collector
[2025-04-21 16:16:51,536] [74   ] [INFO ] [] - Initializing the metrics collector
[2025-04-21 16:16:51,542] [74   ] [INFO ] [] - MetricsCollector::Sender(49): _disableSentMetrics 1
[2025-04-21 16:16:51,542] [74   ] [INFO ] [] - MetricsCollector::Initialize(231): Initialized metrics collector
- session id: 4adafa78-8852-4750-b4aa-8107dd6be29c
- device id: 4ca35884-a93a-48fc-ad16-80b2a90aa32e
- application id: Box Tools Win exe
- application name: BoxTools
- application version: 4.28.1.1163
- metric collection url: https://client-log.box.com/index.php?rm=box_gen204_json_record
- metric data path: C:\Users\pcedillo\AppData\Local\Box\Box Tools\Metrics\BoxTools_Metrics_EFD61745.db
- post callback: 05DB04C6
- log callback: 05DB6106
- context: 00000000
- post interval in seconds: 600
- max records in a post: 100
- max db records: 500
- disable sender: true
[2025-04-21 16:16:51,552] [74   ] [INFO ] [] - Shutting down the metrics collector
[2025-04-21 16:26:51,532] [75   ] [INFO ] [] - Initializing the metrics collector
[2025-04-21 16:26:51,539] [75   ] [INFO ] [] - MetricsCollector::Sender(49): _disableSentMetrics 1
[2025-04-21 16:26:51,539] [75   ] [INFO ] [] - MetricsCollector::Initialize(231): Initialized metrics collector
- session id: 4adafa78-8852-4750-b4aa-8107dd6be29c
- device id: 4ca35884-a93a-48fc-ad16-80b2a90aa32e
- application id: Box Tools Win exe
- application name: BoxTools
- application version: 4.28.1.1163
- metric collection url: https://client-log.box.com/index.php?rm=box_gen204_json_record
- metric data path: C:\Users\pcedillo\AppData\Local\Box\Box Tools\Metrics\BoxTools_Metrics_EFD61745.db
- post callback: 05DB04C6
- log callback: 05DB6106
- context: 00000000
- post interval in seconds: 600
- max records in a post: 100
- max db records: 500
- disable sender: true
[2025-04-21 16:26:51,553] [75   ] [INFO ] [] - Shutting down the metrics collector
[2025-04-21 16:36:51,529] [70   ] [INFO ] [] - Initializing the metrics collector
[2025-04-21 16:36:51,529] [70   ] [INFO ] [] - MetricsCollector::Sender(49): _disableSentMetrics 1
[2025-04-21 16:36:51,529] [70   ] [INFO ] [] - MetricsCollector::Initialize(231): Initialized metrics collector
- session id: 4adafa78-8852-4750-b4aa-8107dd6be29c
- device id: 4ca35884-a93a-48fc-ad16-80b2a90aa32e
- application id: Box Tools Win exe
- application name: BoxTools
- application version: 4.28.1.1163
- metric collection url: https://client-log.box.com/index.php?rm=box_gen204_json_record
- metric data path: C:\Users\pcedillo\AppData\Local\Box\Box Tools\Metrics\BoxTools_Metrics_EFD61745.db
- post callback: 05DB04C6
- log callback: 05DB6106
- context: 00000000
- post interval in seconds: 600
- max records in a post: 100
- max db records: 500
- disable sender: true
[2025-04-21 16:36:51,547] [70   ] [INFO ] [] - Shutting down the metrics collector
[2025-04-21 16:46:51,510] [67   ] [INFO ] [] - Initializing the metrics collector
[2025-04-21 16:46:51,516] [67   ] [INFO ] [] - MetricsCollector::Sender(49): _disableSentMetrics 1
[2025-04-21 16:46:51,516] [67   ] [INFO ] [] - MetricsCollector::Initialize(231): Initialized metrics collector
- session id: 4adafa78-8852-4750-b4aa-8107dd6be29c
- device id: 4ca35884-a93a-48fc-ad16-80b2a90aa32e
- application id: Box Tools Win exe
- application name: BoxTools
- application version: 4.28.1.1163
- metric collection url: https://client-log.box.com/index.php?rm=box_gen204_json_record
- metric data path: C:\Users\pcedillo\AppData\Local\Box\Box Tools\Metrics\BoxTools_Metrics_EFD61745.db
- post callback: 05DB04C6
- log callback: 05DB6106
- context: 00000000
- post interval in seconds: 600
- max records in a post: 100
- max db records: 500
- disable sender: true
[2025-04-21 16:46:51,526] [67   ] [INFO ] [] - Shutting down the metrics collector
[2025-04-21 16:56:51,515] [65   ] [INFO ] [] - Initializing the metrics collector
[2025-04-21 16:56:51,524] [65   ] [INFO ] [] - MetricsCollector::Sender(49): _disableSentMetrics 1
[2025-04-21 16:56:51,524] [65   ] [INFO ] [] - MetricsCollector::Initialize(231): Initialized metrics collector
- session id: 4adafa78-8852-4750-b4aa-8107dd6be29c
- device id: 4ca35884-a93a-48fc-ad16-80b2a90aa32e
- application id: Box Tools Win exe
- application name: BoxTools
- application version: 4.28.1.1163
- metric collection url: https://client-log.box.com/index.php?rm=box_gen204_json_record
- metric data path: C:\Users\pcedillo\AppData\Local\Box\Box Tools\Metrics\BoxTools_Metrics_EFD61745.db
- post callback: 05DB04C6
- log callback: 05DB6106
- context: 00000000
- post interval in seconds: 600
- max records in a post: 100
- max db records: 500
- disable sender: true
[2025-04-21 16:56:51,533] [65   ] [INFO ] [] - Shutting down the metrics collector
[2025-04-21 17:06:51,509] [63   ] [INFO ] [] - Initializing the metrics collector
[2025-04-21 17:06:51,509] [63   ] [INFO ] [] - MetricsCollector::Sender(49): _disableSentMetrics 1
[2025-04-21 17:06:51,509] [63   ] [INFO ] [] - MetricsCollector::Initialize(231): Initialized metrics collector
- session id: 4adafa78-8852-4750-b4aa-8107dd6be29c
- device id: 4ca35884-a93a-48fc-ad16-80b2a90aa32e
- application id: Box Tools Win exe
- application name: BoxTools
- application version: 4.28.1.1163
- metric collection url: https://client-log.box.com/index.php?rm=box_gen204_json_record
- metric data path: C:\Users\pcedillo\AppData\Local\Box\Box Tools\Metrics\BoxTools_Metrics_EFD61745.db
- post callback: 05DB04C6
- log callback: 05DB6106
- context: 00000000
- post interval in seconds: 600
- max records in a post: 100
- max db records: 500
- disable sender: true
[2025-04-21 17:06:51,525] [63   ] [INFO ] [] - Shutting down the metrics collector
[2025-04-21 17:16:51,500] [60   ] [INFO ] [] - Initializing the metrics collector
[2025-04-21 17:16:51,500] [60   ] [INFO ] [] - MetricsCollector::Sender(49): _disableSentMetrics 1
[2025-04-21 17:16:51,500] [60   ] [INFO ] [] - MetricsCollector::Initialize(231): Initialized metrics collector
- session id: 4adafa78-8852-4750-b4aa-8107dd6be29c
- device id: 4ca35884-a93a-48fc-ad16-80b2a90aa32e
- application id: Box Tools Win exe
- application name: BoxTools
- application version: 4.28.1.1163
- metric collection url: https://client-log.box.com/index.php?rm=box_gen204_json_record
- metric data path: C:\Users\pcedillo\AppData\Local\Box\Box Tools\Metrics\BoxTools_Metrics_EFD61745.db
- post callback: 05DB04C6
- log callback: 05DB6106
- context: 00000000
- post interval in seconds: 600
- max records in a post: 100
- max db records: 500
- disable sender: true
[2025-04-21 17:16:51,518] [60   ] [INFO ] [] - Shutting down the metrics collector
[2025-04-21 17:26:51,505] [57   ] [INFO ] [] - Initializing the metrics collector
[2025-04-21 17:26:51,516] [57   ] [INFO ] [] - MetricsCollector::Sender(49): _disableSentMetrics 1
[2025-04-21 17:26:51,516] [57   ] [INFO ] [] - MetricsCollector::Initialize(231): Initialized metrics collector
- session id: 4adafa78-8852-4750-b4aa-8107dd6be29c
- device id: 4ca35884-a93a-48fc-ad16-80b2a90aa32e
- application id: Box Tools Win exe
- application name: BoxTools
- application version: 4.28.1.1163
- metric collection url: https://client-log.box.com/index.php?rm=box_gen204_json_record
- metric data path: C:\Users\pcedillo\AppData\Local\Box\Box Tools\Metrics\BoxTools_Metrics_EFD61745.db
- post callback: 05DB04C6
- log callback: 05DB6106
- context: 00000000
- post interval in seconds: 600
- max records in a post: 100
- max db records: 500
- disable sender: true
[2025-04-21 17:26:51,521] [57   ] [INFO ] [] - Shutting down the metrics collector
[2025-04-21 17:36:51,511] [55   ] [INFO ] [] - Initializing the metrics collector
[2025-04-21 17:36:51,525] [55   ] [INFO ] [] - MetricsCollector::Sender(49): _disableSentMetrics 1
[2025-04-21 17:36:51,525] [55   ] [INFO ] [] - MetricsCollector::Initialize(231): Initialized metrics collector
- session id: 4adafa78-8852-4750-b4aa-8107dd6be29c
- device id: 4ca35884-a93a-48fc-ad16-80b2a90aa32e
- application id: Box Tools Win exe
- application name: BoxTools
- application version: 4.28.1.1163
- metric collection url: https://client-log.box.com/index.php?rm=box_gen204_json_record
- metric data path: C:\Users\pcedillo\AppData\Local\Box\Box Tools\Metrics\BoxTools_Metrics_EFD61745.db
- post callback: 05DB04C6
- log callback: 05DB6106
- context: 00000000
- post interval in seconds: 600
- max records in a post: 100
- max db records: 500
- disable sender: true
[2025-04-21 17:36:51,529] [55   ] [INFO ] [] - Shutting down the metrics collector
[2025-04-21 17:46:51,513] [53   ] [INFO ] [] - Initializing the metrics collector
[2025-04-21 17:46:51,513] [53   ] [INFO ] [] - MetricsCollector::Sender(49): _disableSentMetrics 1
[2025-04-21 17:46:51,513] [53   ] [INFO ] [] - MetricsCollector::Initialize(231): Initialized metrics collector
- session id: 4adafa78-8852-4750-b4aa-8107dd6be29c
- device id: 4ca35884-a93a-48fc-ad16-80b2a90aa32e
- application id: Box Tools Win exe
- application name: BoxTools
- application version: 4.28.1.1163
- metric collection url: https://client-log.box.com/index.php?rm=box_gen204_json_record
- metric data path: C:\Users\pcedillo\AppData\Local\Box\Box Tools\Metrics\BoxTools_Metrics_EFD61745.db
- post callback: 05DB04C6
- log callback: 05DB6106
- context: 00000000
- post interval in seconds: 600
- max records in a post: 100
- max db records: 500
- disable sender: true
[2025-04-21 17:46:51,533] [53   ] [INFO ] [] - Shutting down the metrics collector
[2025-04-21 17:56:51,459] [51   ] [INFO ] [] - Initializing the metrics collector
[2025-04-21 17:56:51,474] [51   ] [INFO ] [] - MetricsCollector::Sender(49): _disableSentMetrics 1
[2025-04-21 17:56:51,475] [51   ] [INFO ] [] - MetricsCollector::Initialize(231): Initialized metrics collector
- session id: 4adafa78-8852-4750-b4aa-8107dd6be29c
- device id: 4ca35884-a93a-48fc-ad16-80b2a90aa32e
- application id: Box Tools Win exe
- application name: BoxTools
- application version: 4.28.1.1163
- metric collection url: https://client-log.box.com/index.php?rm=box_gen204_json_record
- metric data path: C:\Users\pcedillo\AppData\Local\Box\Box Tools\Metrics\BoxTools_Metrics_EFD61745.db
- post callback: 05DB04C6
- log callback: 05DB6106
- context: 00000000
- post interval in seconds: 600
- max records in a post: 100
- max db records: 500
- disable sender: true
[2025-04-21 17:56:51,485] [51   ] [INFO ] [] - Shutting down the metrics collector
[2025-04-21 18:06:51,414] [49   ] [INFO ] [] - Initializing the metrics collector
[2025-04-21 18:06:51,414] [49   ] [INFO ] [] - MetricsCollector::Sender(49): _disableSentMetrics 1
[2025-04-21 18:06:51,414] [49   ] [INFO ] [] - MetricsCollector::Initialize(231): Initialized metrics collector
- session id: 4adafa78-8852-4750-b4aa-8107dd6be29c
- device id: 4ca35884-a93a-48fc-ad16-80b2a90aa32e
- application id: Box Tools Win exe
- application name: BoxTools
- application version: 4.28.1.1163
- metric collection url: https://client-log.box.com/index.php?rm=box_gen204_json_record
- metric data path: C:\Users\pcedillo\AppData\Local\Box\Box Tools\Metrics\BoxTools_Metrics_EFD61745.db
- post callback: 05DB04C6
- log callback: 05DB6106
- context: 00000000
- post interval in seconds: 600
- max records in a post: 100
- max db records: 500
- disable sender: true
[2025-04-21 18:06:51,432] [49   ] [INFO ] [] - Shutting down the metrics collector
