[2024-10-09 08:23:54,941] [68   ] [INFO ] [] - Initializing the metrics collector
[2024-10-09 08:23:54,957] [68   ] [INFO ] [] - MetricsCollector::Sender(49): _disableSentMetrics 1
[2024-10-09 08:23:54,957] [68   ] [INFO ] [] - MetricsCollector::Initialize(231): Initialized metrics collector
- session id: fb55b24c-2d4f-446a-af8b-a0e1b01e575c
- device id: 4ca35884-a93a-48fc-ad16-80b2a90aa32e
- application id: Box Tools Win exe
- application name: BoxTools
- application version: 4.26.1.1109
- metric collection url: https://client-log.box.com/index.php?rm=box_gen204_json_record
- metric data path: C:\Users\pcedillo\AppData\Local\Box\Box Tools\Metrics\BoxTools_Metrics.db
- post callback: 05942E6E
- log callback: 05942E96
- context: 00000000
- post interval in seconds: 600
- max records in a post: 100
- max db records: 500
- disable sender: true
[2024-10-09 08:23:54,963] [68   ] [INFO ] [] - Shutting down the metrics collector
[2024-10-09 08:33:55,106] [72   ] [INFO ] [] - Initializing the metrics collector
[2024-10-09 08:33:55,120] [72   ] [INFO ] [] - MetricsCollector::Sender(49): _disableSentMetrics 1
[2024-10-09 08:33:55,120] [72   ] [INFO ] [] - MetricsCollector::Initialize(231): Initialized metrics collector
- session id: fb55b24c-2d4f-446a-af8b-a0e1b01e575c
- device id: 4ca35884-a93a-48fc-ad16-80b2a90aa32e
- application id: Box Tools Win exe
- application name: BoxTools
- application version: 4.26.1.1109
- metric collection url: https://client-log.box.com/index.php?rm=box_gen204_json_record
- metric data path: C:\Users\pcedillo\AppData\Local\Box\Box Tools\Metrics\BoxTools_Metrics.db
- post callback: 05942E6E
- log callback: 05942E96
- context: 00000000
- post interval in seconds: 600
- max records in a post: 100
- max db records: 500
- disable sender: true
[2024-10-09 08:33:55,131] [72   ] [INFO ] [] - Shutting down the metrics collector
[2024-10-09 08:43:55,139] [69   ] [INFO ] [] - Initializing the metrics collector
[2024-10-09 08:43:55,141] [69   ] [INFO ] [] - MetricsCollector::Sender(49): _disableSentMetrics 1
[2024-10-09 08:43:55,141] [69   ] [INFO ] [] - MetricsCollector::Initialize(231): Initialized metrics collector
- session id: fb55b24c-2d4f-446a-af8b-a0e1b01e575c
- device id: 4ca35884-a93a-48fc-ad16-80b2a90aa32e
- application id: Box Tools Win exe
- application name: BoxTools
- application version: 4.26.1.1109
- metric collection url: https://client-log.box.com/index.php?rm=box_gen204_json_record
- metric data path: C:\Users\pcedillo\AppData\Local\Box\Box Tools\Metrics\BoxTools_Metrics.db
- post callback: 05942E6E
- log callback: 05942E96
- context: 00000000
- post interval in seconds: 600
- max records in a post: 100
- max db records: 500
- disable sender: true
[2024-10-09 08:43:55,154] [69   ] [INFO ] [] - Shutting down the metrics collector
[2024-10-09 08:53:55,111] [68   ] [INFO ] [] - Initializing the metrics collector
[2024-10-09 08:53:55,143] [68   ] [INFO ] [] - MetricsCollector::Sender(49): _disableSentMetrics 1
[2024-10-09 08:53:55,143] [68   ] [INFO ] [] - MetricsCollector::Initialize(231): Initialized metrics collector
- session id: fb55b24c-2d4f-446a-af8b-a0e1b01e575c
- device id: 4ca35884-a93a-48fc-ad16-80b2a90aa32e
- application id: Box Tools Win exe
- application name: BoxTools
- application version: 4.26.1.1109
- metric collection url: https://client-log.box.com/index.php?rm=box_gen204_json_record
- metric data path: C:\Users\pcedillo\AppData\Local\Box\Box Tools\Metrics\BoxTools_Metrics.db
- post callback: 05942E6E
- log callback: 05942E96
- context: 00000000
- post interval in seconds: 600
- max records in a post: 100
- max db records: 500
- disable sender: true
[2024-10-09 08:53:55,158] [68   ] [INFO ] [] - Shutting down the metrics collector
[2024-10-09 09:03:55,109] [6    ] [INFO ] [] - Initializing the metrics collector
[2024-10-09 09:03:55,112] [6    ] [INFO ] [] - MetricsCollector::Sender(49): _disableSentMetrics 1
[2024-10-09 09:03:55,112] [6    ] [INFO ] [] - MetricsCollector::Initialize(231): Initialized metrics collector
- session id: fb55b24c-2d4f-446a-af8b-a0e1b01e575c
- device id: 4ca35884-a93a-48fc-ad16-80b2a90aa32e
- application id: Box Tools Win exe
- application name: BoxTools
- application version: 4.26.1.1109
- metric collection url: https://client-log.box.com/index.php?rm=box_gen204_json_record
- metric data path: C:\Users\pcedillo\AppData\Local\Box\Box Tools\Metrics\BoxTools_Metrics.db
- post callback: 05942E6E
- log callback: 05942E96
- context: 00000000
- post interval in seconds: 600
- max records in a post: 100
- max db records: 500
- disable sender: true
[2024-10-09 09:03:55,126] [6    ] [INFO ] [] - Shutting down the metrics collector
[2024-10-09 09:13:55,116] [72   ] [INFO ] [] - Initializing the metrics collector
[2024-10-09 09:13:55,125] [72   ] [INFO ] [] - MetricsCollector::Sender(49): _disableSentMetrics 1
[2024-10-09 09:13:55,125] [72   ] [INFO ] [] - MetricsCollector::Initialize(231): Initialized metrics collector
- session id: fb55b24c-2d4f-446a-af8b-a0e1b01e575c
- device id: 4ca35884-a93a-48fc-ad16-80b2a90aa32e
- application id: Box Tools Win exe
- application name: BoxTools
- application version: 4.26.1.1109
- metric collection url: https://client-log.box.com/index.php?rm=box_gen204_json_record
- metric data path: C:\Users\pcedillo\AppData\Local\Box\Box Tools\Metrics\BoxTools_Metrics.db
- post callback: 05942E6E
- log callback: 05942E96
- context: 00000000
- post interval in seconds: 600
- max records in a post: 100
- max db records: 500
- disable sender: true
[2024-10-09 09:13:55,141] [72   ] [INFO ] [] - Shutting down the metrics collector
[2024-10-09 09:23:55,035] [71   ] [INFO ] [] - Initializing the metrics collector
[2024-10-09 09:23:55,052] [71   ] [INFO ] [] - MetricsCollector::Sender(49): _disableSentMetrics 1
[2024-10-09 09:23:55,052] [71   ] [INFO ] [] - MetricsCollector::Initialize(231): Initialized metrics collector
- session id: fb55b24c-2d4f-446a-af8b-a0e1b01e575c
- device id: 4ca35884-a93a-48fc-ad16-80b2a90aa32e
- application id: Box Tools Win exe
- application name: BoxTools
- application version: 4.26.1.1109
- metric collection url: https://client-log.box.com/index.php?rm=box_gen204_json_record
- metric data path: C:\Users\pcedillo\AppData\Local\Box\Box Tools\Metrics\BoxTools_Metrics.db
- post callback: 05942E6E
- log callback: 05942E96
- context: 00000000
- post interval in seconds: 600
- max records in a post: 100
- max db records: 500
- disable sender: true
[2024-10-09 09:23:55,067] [71   ] [INFO ] [] - Shutting down the metrics collector
[2024-10-09 09:33:55,036] [68   ] [INFO ] [] - Initializing the metrics collector
[2024-10-09 09:33:55,048] [68   ] [INFO ] [] - MetricsCollector::Sender(49): _disableSentMetrics 1
[2024-10-09 09:33:55,048] [68   ] [INFO ] [] - MetricsCollector::Initialize(231): Initialized metrics collector
- session id: fb55b24c-2d4f-446a-af8b-a0e1b01e575c
- device id: 4ca35884-a93a-48fc-ad16-80b2a90aa32e
- application id: Box Tools Win exe
- application name: BoxTools
- application version: 4.26.1.1109
- metric collection url: https://client-log.box.com/index.php?rm=box_gen204_json_record
- metric data path: C:\Users\pcedillo\AppData\Local\Box\Box Tools\Metrics\BoxTools_Metrics.db
- post callback: 05942E6E
- log callback: 05942E96
- context: 00000000
- post interval in seconds: 600
- max records in a post: 100
- max db records: 500
- disable sender: true
[2024-10-09 09:33:55,062] [68   ] [INFO ] [] - Shutting down the metrics collector
[2024-10-09 09:43:55,030] [72   ] [INFO ] [] - Initializing the metrics collector
[2024-10-09 09:43:55,053] [72   ] [INFO ] [] - MetricsCollector::Sender(49): _disableSentMetrics 1
[2024-10-09 09:43:55,054] [72   ] [INFO ] [] - MetricsCollector::Initialize(231): Initialized metrics collector
- session id: fb55b24c-2d4f-446a-af8b-a0e1b01e575c
- device id: 4ca35884-a93a-48fc-ad16-80b2a90aa32e
- application id: Box Tools Win exe
- application name: BoxTools
- application version: 4.26.1.1109
- metric collection url: https://client-log.box.com/index.php?rm=box_gen204_json_record
- metric data path: C:\Users\pcedillo\AppData\Local\Box\Box Tools\Metrics\BoxTools_Metrics.db
- post callback: 05942E6E
- log callback: 05942E96
- context: 00000000
- post interval in seconds: 600
- max records in a post: 100
- max db records: 500
- disable sender: true
[2024-10-09 09:43:55,071] [72   ] [INFO ] [] - Shutting down the metrics collector
[2024-10-09 09:53:55,037] [6    ] [INFO ] [] - Initializing the metrics collector
[2024-10-09 09:53:55,059] [6    ] [INFO ] [] - MetricsCollector::Sender(49): _disableSentMetrics 1
[2024-10-09 09:53:55,060] [6    ] [INFO ] [] - MetricsCollector::Initialize(231): Initialized metrics collector
- session id: fb55b24c-2d4f-446a-af8b-a0e1b01e575c
- device id: 4ca35884-a93a-48fc-ad16-80b2a90aa32e
- application id: Box Tools Win exe
- application name: BoxTools
- application version: 4.26.1.1109
- metric collection url: https://client-log.box.com/index.php?rm=box_gen204_json_record
- metric data path: C:\Users\pcedillo\AppData\Local\Box\Box Tools\Metrics\BoxTools_Metrics.db
- post callback: 05942E6E
- log callback: 05942E96
- context: 00000000
- post interval in seconds: 600
- max records in a post: 100
- max db records: 500
- disable sender: true
[2024-10-09 09:53:55,076] [6    ] [INFO ] [] - Shutting down the metrics collector
[2024-10-09 10:03:55,053] [69   ] [INFO ] [] - Initializing the metrics collector
[2024-10-09 10:03:55,074] [69   ] [INFO ] [] - MetricsCollector::Sender(49): _disableSentMetrics 1
[2024-10-09 10:03:55,076] [69   ] [INFO ] [] - MetricsCollector::Initialize(231): Initialized metrics collector
- session id: fb55b24c-2d4f-446a-af8b-a0e1b01e575c
- device id: 4ca35884-a93a-48fc-ad16-80b2a90aa32e
- application id: Box Tools Win exe
- application name: BoxTools
- application version: 4.26.1.1109
- metric collection url: https://client-log.box.com/index.php?rm=box_gen204_json_record
- metric data path: C:\Users\pcedillo\AppData\Local\Box\Box Tools\Metrics\BoxTools_Metrics.db
- post callback: 05942E6E
- log callback: 05942E96
- context: 00000000
- post interval in seconds: 600
- max records in a post: 100
- max db records: 500
- disable sender: true
[2024-10-09 10:03:55,090] [69   ] [INFO ] [] - Shutting down the metrics collector
[2024-10-09 10:13:54,998] [66   ] [INFO ] [] - Initializing the metrics collector
[2024-10-09 10:13:55,016] [66   ] [INFO ] [] - MetricsCollector::Sender(49): _disableSentMetrics 1
[2024-10-09 10:13:55,016] [66   ] [INFO ] [] - MetricsCollector::Initialize(231): Initialized metrics collector
- session id: fb55b24c-2d4f-446a-af8b-a0e1b01e575c
- device id: 4ca35884-a93a-48fc-ad16-80b2a90aa32e
- application id: Box Tools Win exe
- application name: BoxTools
- application version: 4.26.1.1109
- metric collection url: https://client-log.box.com/index.php?rm=box_gen204_json_record
- metric data path: C:\Users\pcedillo\AppData\Local\Box\Box Tools\Metrics\BoxTools_Metrics.db
- post callback: 05942E6E
- log callback: 05942E96
- context: 00000000
- post interval in seconds: 600
- max records in a post: 100
- max db records: 500
- disable sender: true
[2024-10-09 10:13:55,030] [66   ] [INFO ] [] - Shutting down the metrics collector
[2024-10-09 10:23:54,982] [5    ] [INFO ] [] - Initializing the metrics collector
[2024-10-09 10:23:54,998] [5    ] [INFO ] [] - MetricsCollector::Sender(49): _disableSentMetrics 1
[2024-10-09 10:23:54,998] [5    ] [INFO ] [] - MetricsCollector::Initialize(231): Initialized metrics collector
- session id: fb55b24c-2d4f-446a-af8b-a0e1b01e575c
- device id: 4ca35884-a93a-48fc-ad16-80b2a90aa32e
- application id: Box Tools Win exe
- application name: BoxTools
- application version: 4.26.1.1109
- metric collection url: https://client-log.box.com/index.php?rm=box_gen204_json_record
- metric data path: C:\Users\pcedillo\AppData\Local\Box\Box Tools\Metrics\BoxTools_Metrics.db
- post callback: 05942E6E
- log callback: 05942E96
- context: 00000000
- post interval in seconds: 600
- max records in a post: 100
- max db records: 500
- disable sender: true
[2024-10-09 10:23:55,013] [5    ] [INFO ] [] - Shutting down the metrics collector
[2024-10-09 10:33:55,004] [7    ] [INFO ] [] - Initializing the metrics collector
[2024-10-09 10:33:55,024] [7    ] [INFO ] [] - MetricsCollector::Sender(49): _disableSentMetrics 1
[2024-10-09 10:33:55,024] [7    ] [INFO ] [] - MetricsCollector::Initialize(231): Initialized metrics collector
- session id: fb55b24c-2d4f-446a-af8b-a0e1b01e575c
- device id: 4ca35884-a93a-48fc-ad16-80b2a90aa32e
- application id: Box Tools Win exe
- application name: BoxTools
- application version: 4.26.1.1109
- metric collection url: https://client-log.box.com/index.php?rm=box_gen204_json_record
- metric data path: C:\Users\pcedillo\AppData\Local\Box\Box Tools\Metrics\BoxTools_Metrics.db
- post callback: 05942E6E
- log callback: 05942E96
- context: 00000000
- post interval in seconds: 600
- max records in a post: 100
- max db records: 500
- disable sender: true
[2024-10-09 10:33:55,035] [7    ] [INFO ] [] - Shutting down the metrics collector
[2024-10-09 10:43:54,982] [10   ] [INFO ] [] - Initializing the metrics collector
[2024-10-09 10:43:54,982] [10   ] [INFO ] [] - MetricsCollector::Sender(49): _disableSentMetrics 1
[2024-10-09 10:43:54,982] [10   ] [INFO ] [] - MetricsCollector::Initialize(231): Initialized metrics collector
- session id: fb55b24c-2d4f-446a-af8b-a0e1b01e575c
- device id: 4ca35884-a93a-48fc-ad16-80b2a90aa32e
- application id: Box Tools Win exe
- application name: BoxTools
- application version: 4.26.1.1109
- metric collection url: https://client-log.box.com/index.php?rm=box_gen204_json_record
- metric data path: C:\Users\pcedillo\AppData\Local\Box\Box Tools\Metrics\BoxTools_Metrics.db
- post callback: 05942E6E
- log callback: 05942E96
- context: 00000000
- post interval in seconds: 600
- max records in a post: 100
- max db records: 500
- disable sender: true
[2024-10-09 10:43:54,998] [10   ] [INFO ] [] - Shutting down the metrics collector
[2024-10-09 10:53:54,937] [3    ] [INFO ] [] - Initializing the metrics collector
[2024-10-09 10:53:54,954] [3    ] [INFO ] [] - MetricsCollector::Sender(49): _disableSentMetrics 1
[2024-10-09 10:53:54,954] [3    ] [INFO ] [] - MetricsCollector::Initialize(231): Initialized metrics collector
- session id: fb55b24c-2d4f-446a-af8b-a0e1b01e575c
- device id: 4ca35884-a93a-48fc-ad16-80b2a90aa32e
- application id: Box Tools Win exe
- application name: BoxTools
- application version: 4.26.1.1109
- metric collection url: https://client-log.box.com/index.php?rm=box_gen204_json_record
- metric data path: C:\Users\pcedillo\AppData\Local\Box\Box Tools\Metrics\BoxTools_Metrics.db
- post callback: 05942E6E
- log callback: 05942E96
- context: 00000000
- post interval in seconds: 600
- max records in a post: 100
- max db records: 500
- disable sender: true
[2024-10-09 10:53:54,970] [3    ] [INFO ] [] - Shutting down the metrics collector
[2024-10-09 11:03:54,919] [11   ] [INFO ] [] - Initializing the metrics collector
[2024-10-09 11:03:54,935] [11   ] [INFO ] [] - MetricsCollector::Sender(49): _disableSentMetrics 1
[2024-10-09 11:03:54,935] [11   ] [INFO ] [] - MetricsCollector::Initialize(231): Initialized metrics collector
- session id: fb55b24c-2d4f-446a-af8b-a0e1b01e575c
- device id: 4ca35884-a93a-48fc-ad16-80b2a90aa32e
- application id: Box Tools Win exe
- application name: BoxTools
- application version: 4.26.1.1109
- metric collection url: https://client-log.box.com/index.php?rm=box_gen204_json_record
- metric data path: C:\Users\pcedillo\AppData\Local\Box\Box Tools\Metrics\BoxTools_Metrics.db
- post callback: 05942E6E
- log callback: 05942E96
- context: 00000000
- post interval in seconds: 600
- max records in a post: 100
- max db records: 500
- disable sender: true
[2024-10-09 11:03:54,950] [11   ] [INFO ] [] - Shutting down the metrics collector
[2024-10-09 11:13:54,928] [13   ] [INFO ] [] - Initializing the metrics collector
[2024-10-09 11:13:54,936] [13   ] [INFO ] [] - MetricsCollector::Sender(49): _disableSentMetrics 1
[2024-10-09 11:13:54,936] [13   ] [INFO ] [] - MetricsCollector::Initialize(231): Initialized metrics collector
- session id: fb55b24c-2d4f-446a-af8b-a0e1b01e575c
- device id: 4ca35884-a93a-48fc-ad16-80b2a90aa32e
- application id: Box Tools Win exe
- application name: BoxTools
- application version: 4.26.1.1109
- metric collection url: https://client-log.box.com/index.php?rm=box_gen204_json_record
- metric data path: C:\Users\pcedillo\AppData\Local\Box\Box Tools\Metrics\BoxTools_Metrics.db
- post callback: 05942E6E
- log callback: 05942E96
- context: 00000000
- post interval in seconds: 600
- max records in a post: 100
- max db records: 500
- disable sender: true
[2024-10-09 11:13:54,952] [13   ] [INFO ] [] - Shutting down the metrics collector
[2024-10-09 11:23:54,900] [15   ] [INFO ] [] - Initializing the metrics collector
[2024-10-09 11:23:54,916] [15   ] [INFO ] [] - MetricsCollector::Sender(49): _disableSentMetrics 1
[2024-10-09 11:23:54,916] [15   ] [INFO ] [] - MetricsCollector::Initialize(231): Initialized metrics collector
- session id: fb55b24c-2d4f-446a-af8b-a0e1b01e575c
- device id: 4ca35884-a93a-48fc-ad16-80b2a90aa32e
- application id: Box Tools Win exe
- application name: BoxTools
- application version: 4.26.1.1109
- metric collection url: https://client-log.box.com/index.php?rm=box_gen204_json_record
- metric data path: C:\Users\pcedillo\AppData\Local\Box\Box Tools\Metrics\BoxTools_Metrics.db
- post callback: 05942E6E
- log callback: 05942E96
- context: 00000000
- post interval in seconds: 600
- max records in a post: 100
- max db records: 500
- disable sender: true
[2024-10-09 11:23:54,930] [15   ] [INFO ] [] - Shutting down the metrics collector
[2024-10-09 11:33:54,896] [14   ] [INFO ] [] - Initializing the metrics collector
[2024-10-09 11:33:54,916] [14   ] [INFO ] [] - MetricsCollector::Sender(49): _disableSentMetrics 1
[2024-10-09 11:33:54,917] [14   ] [INFO ] [] - MetricsCollector::Initialize(231): Initialized metrics collector
- session id: fb55b24c-2d4f-446a-af8b-a0e1b01e575c
- device id: 4ca35884-a93a-48fc-ad16-80b2a90aa32e
- application id: Box Tools Win exe
- application name: BoxTools
- application version: 4.26.1.1109
- metric collection url: https://client-log.box.com/index.php?rm=box_gen204_json_record
- metric data path: C:\Users\pcedillo\AppData\Local\Box\Box Tools\Metrics\BoxTools_Metrics.db
- post callback: 05942E6E
- log callback: 05942E96
- context: 00000000
- post interval in seconds: 600
- max records in a post: 100
- max db records: 500
- disable sender: true
[2024-10-09 11:33:54,933] [14   ] [INFO ] [] - Shutting down the metrics collector
[2024-10-09 11:43:54,893] [16   ] [INFO ] [] - Initializing the metrics collector
[2024-10-09 11:43:54,904] [16   ] [INFO ] [] - MetricsCollector::Sender(49): _disableSentMetrics 1
[2024-10-09 11:43:54,904] [16   ] [INFO ] [] - MetricsCollector::Initialize(231): Initialized metrics collector
- session id: fb55b24c-2d4f-446a-af8b-a0e1b01e575c
- device id: 4ca35884-a93a-48fc-ad16-80b2a90aa32e
- application id: Box Tools Win exe
- application name: BoxTools
- application version: 4.26.1.1109
- metric collection url: https://client-log.box.com/index.php?rm=box_gen204_json_record
- metric data path: C:\Users\pcedillo\AppData\Local\Box\Box Tools\Metrics\BoxTools_Metrics.db
- post callback: 05942E6E
- log callback: 05942E96
- context: 00000000
- post interval in seconds: 600
- max records in a post: 100
- max db records: 500
- disable sender: true
[2024-10-09 11:43:54,916] [16   ] [INFO ] [] - Shutting down the metrics collector
[2024-10-09 11:53:54,882] [18   ] [INFO ] [] - Initializing the metrics collector
[2024-10-09 11:53:54,892] [18   ] [INFO ] [] - MetricsCollector::Sender(49): _disableSentMetrics 1
[2024-10-09 11:53:54,893] [18   ] [INFO ] [] - MetricsCollector::Initialize(231): Initialized metrics collector
- session id: fb55b24c-2d4f-446a-af8b-a0e1b01e575c
- device id: 4ca35884-a93a-48fc-ad16-80b2a90aa32e
- application id: Box Tools Win exe
- application name: BoxTools
- application version: 4.26.1.1109
- metric collection url: https://client-log.box.com/index.php?rm=box_gen204_json_record
- metric data path: C:\Users\pcedillo\AppData\Local\Box\Box Tools\Metrics\BoxTools_Metrics.db
- post callback: 05942E6E
- log callback: 05942E96
- context: 00000000
- post interval in seconds: 600
- max records in a post: 100
- max db records: 500
- disable sender: true
[2024-10-09 11:53:54,901] [18   ] [INFO ] [] - Shutting down the metrics collector
[2024-10-09 12:03:54,880] [16   ] [INFO ] [] - Initializing the metrics collector
[2024-10-09 12:03:54,888] [16   ] [INFO ] [] - MetricsCollector::Sender(49): _disableSentMetrics 1
[2024-10-09 12:03:54,888] [16   ] [INFO ] [] - MetricsCollector::Initialize(231): Initialized metrics collector
- session id: fb55b24c-2d4f-446a-af8b-a0e1b01e575c
- device id: 4ca35884-a93a-48fc-ad16-80b2a90aa32e
- application id: Box Tools Win exe
- application name: BoxTools
- application version: 4.26.1.1109
- metric collection url: https://client-log.box.com/index.php?rm=box_gen204_json_record
- metric data path: C:\Users\pcedillo\AppData\Local\Box\Box Tools\Metrics\BoxTools_Metrics.db
- post callback: 05942E6E
- log callback: 05942E96
- context: 00000000
- post interval in seconds: 600
- max records in a post: 100
- max db records: 500
- disable sender: true
[2024-10-09 12:03:54,893] [16   ] [INFO ] [] - Shutting down the metrics collector
[2024-10-09 12:13:54,892] [13   ] [INFO ] [] - Initializing the metrics collector
[2024-10-09 12:13:54,908] [13   ] [INFO ] [] - MetricsCollector::Sender(49): _disableSentMetrics 1
[2024-10-09 12:13:54,908] [13   ] [INFO ] [] - MetricsCollector::Initialize(231): Initialized metrics collector
- session id: fb55b24c-2d4f-446a-af8b-a0e1b01e575c
- device id: 4ca35884-a93a-48fc-ad16-80b2a90aa32e
- application id: Box Tools Win exe
- application name: BoxTools
- application version: 4.26.1.1109
- metric collection url: https://client-log.box.com/index.php?rm=box_gen204_json_record
- metric data path: C:\Users\pcedillo\AppData\Local\Box\Box Tools\Metrics\BoxTools_Metrics.db
- post callback: 05942E6E
- log callback: 05942E96
- context: 00000000
- post interval in seconds: 600
- max records in a post: 100
- max db records: 500
- disable sender: true
[2024-10-09 12:13:54,924] [13   ] [INFO ] [] - Shutting down the metrics collector
[2024-10-09 12:23:54,892] [11   ] [INFO ] [] - Initializing the metrics collector
[2024-10-09 12:23:54,908] [11   ] [INFO ] [] - MetricsCollector::Sender(49): _disableSentMetrics 1
[2024-10-09 12:23:54,908] [11   ] [INFO ] [] - MetricsCollector::Initialize(231): Initialized metrics collector
- session id: fb55b24c-2d4f-446a-af8b-a0e1b01e575c
- device id: 4ca35884-a93a-48fc-ad16-80b2a90aa32e
- application id: Box Tools Win exe
- application name: BoxTools
- application version: 4.26.1.1109
- metric collection url: https://client-log.box.com/index.php?rm=box_gen204_json_record
- metric data path: C:\Users\pcedillo\AppData\Local\Box\Box Tools\Metrics\BoxTools_Metrics.db
- post callback: 05942E6E
- log callback: 05942E96
- context: 00000000
- post interval in seconds: 600
- max records in a post: 100
- max db records: 500
- disable sender: true
[2024-10-09 12:23:54,926] [11   ] [INFO ] [] - Shutting down the metrics collector
[2024-10-09 12:33:54,866] [10   ] [INFO ] [] - Initializing the metrics collector
[2024-10-09 12:33:54,882] [10   ] [INFO ] [] - MetricsCollector::Sender(49): _disableSentMetrics 1
[2024-10-09 12:33:54,882] [10   ] [INFO ] [] - MetricsCollector::Initialize(231): Initialized metrics collector
- session id: fb55b24c-2d4f-446a-af8b-a0e1b01e575c
- device id: 4ca35884-a93a-48fc-ad16-80b2a90aa32e
- application id: Box Tools Win exe
- application name: BoxTools
- application version: 4.26.1.1109
- metric collection url: https://client-log.box.com/index.php?rm=box_gen204_json_record
- metric data path: C:\Users\pcedillo\AppData\Local\Box\Box Tools\Metrics\BoxTools_Metrics.db
- post callback: 05942E6E
- log callback: 05942E96
- context: 00000000
- post interval in seconds: 600
- max records in a post: 100
- max db records: 500
- disable sender: true
[2024-10-09 12:33:54,899] [10   ] [INFO ] [] - Shutting down the metrics collector
[2024-10-09 12:43:54,858] [5    ] [INFO ] [] - Initializing the metrics collector
[2024-10-09 12:43:54,874] [5    ] [INFO ] [] - MetricsCollector::Sender(49): _disableSentMetrics 1
[2024-10-09 12:43:54,874] [5    ] [INFO ] [] - MetricsCollector::Initialize(231): Initialized metrics collector
- session id: fb55b24c-2d4f-446a-af8b-a0e1b01e575c
- device id: 4ca35884-a93a-48fc-ad16-80b2a90aa32e
- application id: Box Tools Win exe
- application name: BoxTools
- application version: 4.26.1.1109
- metric collection url: https://client-log.box.com/index.php?rm=box_gen204_json_record
- metric data path: C:\Users\pcedillo\AppData\Local\Box\Box Tools\Metrics\BoxTools_Metrics.db
- post callback: 05942E6E
- log callback: 05942E96
- context: 00000000
- post interval in seconds: 600
- max records in a post: 100
- max db records: 500
- disable sender: true
[2024-10-09 12:43:54,890] [5    ] [INFO ] [] - Shutting down the metrics collector
[2024-10-09 12:53:54,871] [69   ] [INFO ] [] - Initializing the metrics collector
[2024-10-09 12:53:54,887] [69   ] [INFO ] [] - MetricsCollector::Sender(49): _disableSentMetrics 1
[2024-10-09 12:53:54,887] [69   ] [INFO ] [] - MetricsCollector::Initialize(231): Initialized metrics collector
- session id: fb55b24c-2d4f-446a-af8b-a0e1b01e575c
- device id: 4ca35884-a93a-48fc-ad16-80b2a90aa32e
- application id: Box Tools Win exe
- application name: BoxTools
- application version: 4.26.1.1109
- metric collection url: https://client-log.box.com/index.php?rm=box_gen204_json_record
- metric data path: C:\Users\pcedillo\AppData\Local\Box\Box Tools\Metrics\BoxTools_Metrics.db
- post callback: 05942E6E
- log callback: 05942E96
- context: 00000000
- post interval in seconds: 600
- max records in a post: 100
- max db records: 500
- disable sender: true
[2024-10-09 12:53:54,903] [69   ] [INFO ] [] - Shutting down the metrics collector
[2024-10-09 13:03:54,877] [72   ] [INFO ] [] - Initializing the metrics collector
[2024-10-09 13:03:54,893] [72   ] [INFO ] [] - MetricsCollector::Sender(49): _disableSentMetrics 1
[2024-10-09 13:03:54,893] [72   ] [INFO ] [] - MetricsCollector::Initialize(231): Initialized metrics collector
- session id: fb55b24c-2d4f-446a-af8b-a0e1b01e575c
- device id: 4ca35884-a93a-48fc-ad16-80b2a90aa32e
- application id: Box Tools Win exe
- application name: BoxTools
- application version: 4.26.1.1109
- metric collection url: https://client-log.box.com/index.php?rm=box_gen204_json_record
- metric data path: C:\Users\pcedillo\AppData\Local\Box\Box Tools\Metrics\BoxTools_Metrics.db
- post callback: 05942E6E
- log callback: 05942E96
- context: 00000000
- post interval in seconds: 600
- max records in a post: 100
- max db records: 500
- disable sender: true
[2024-10-09 13:03:54,909] [72   ] [INFO ] [] - Shutting down the metrics collector
[2024-10-09 13:13:54,879] [71   ] [INFO ] [] - Initializing the metrics collector
[2024-10-09 13:13:54,895] [71   ] [INFO ] [] - MetricsCollector::Sender(49): _disableSentMetrics 1
[2024-10-09 13:13:54,895] [71   ] [INFO ] [] - MetricsCollector::Initialize(231): Initialized metrics collector
- session id: fb55b24c-2d4f-446a-af8b-a0e1b01e575c
- device id: 4ca35884-a93a-48fc-ad16-80b2a90aa32e
- application id: Box Tools Win exe
- application name: BoxTools
- application version: 4.26.1.1109
- metric collection url: https://client-log.box.com/index.php?rm=box_gen204_json_record
- metric data path: C:\Users\pcedillo\AppData\Local\Box\Box Tools\Metrics\BoxTools_Metrics.db
- post callback: 05942E6E
- log callback: 05942E96
- context: 00000000
- post interval in seconds: 600
- max records in a post: 100
- max db records: 500
- disable sender: true
[2024-10-09 13:13:54,911] [71   ] [INFO ] [] - Shutting down the metrics collector
[2024-10-09 13:24:49,425] [19   ] [INFO ] [] - Initializing the metrics collector
[2024-10-09 13:24:49,445] [19   ] [INFO ] [] - MetricsCollector::Sender(49): _disableSentMetrics 1
[2024-10-09 13:24:49,445] [19   ] [INFO ] [] - MetricsCollector::Initialize(231): Initialized metrics collector
- session id: fb55b24c-2d4f-446a-af8b-a0e1b01e575c
- device id: 4ca35884-a93a-48fc-ad16-80b2a90aa32e
- application id: Box Tools Win exe
- application name: BoxTools
- application version: 4.26.1.1109
- metric collection url: https://client-log.box.com/index.php?rm=box_gen204_json_record
- metric data path: C:\Users\pcedillo\AppData\Local\Box\Box Tools\Metrics\BoxTools_Metrics.db
- post callback: 05942E6E
- log callback: 05942E96
- context: 00000000
- post interval in seconds: 600
- max records in a post: 100
- max db records: 500
- disable sender: true
[2024-10-09 13:24:49,462] [19   ] [INFO ] [] - Shutting down the metrics collector
[2024-10-09 13:34:49,359] [20   ] [INFO ] [] - Initializing the metrics collector
[2024-10-09 13:34:49,376] [20   ] [INFO ] [] - MetricsCollector::Sender(49): _disableSentMetrics 1
[2024-10-09 13:34:49,376] [20   ] [INFO ] [] - MetricsCollector::Initialize(231): Initialized metrics collector
- session id: fb55b24c-2d4f-446a-af8b-a0e1b01e575c
- device id: 4ca35884-a93a-48fc-ad16-80b2a90aa32e
- application id: Box Tools Win exe
- application name: BoxTools
- application version: 4.26.1.1109
- metric collection url: https://client-log.box.com/index.php?rm=box_gen204_json_record
- metric data path: C:\Users\pcedillo\AppData\Local\Box\Box Tools\Metrics\BoxTools_Metrics.db
- post callback: 05942E6E
- log callback: 05942E96
- context: 00000000
- post interval in seconds: 600
- max records in a post: 100
- max db records: 500
- disable sender: true
[2024-10-09 13:34:49,391] [20   ] [INFO ] [] - Shutting down the metrics collector
[2024-10-09 13:44:49,405] [22   ] [INFO ] [] - Initializing the metrics collector
[2024-10-09 13:44:49,421] [22   ] [INFO ] [] - MetricsCollector::Sender(49): _disableSentMetrics 1
[2024-10-09 13:44:49,421] [22   ] [INFO ] [] - MetricsCollector::Initialize(231): Initialized metrics collector
- session id: fb55b24c-2d4f-446a-af8b-a0e1b01e575c
- device id: 4ca35884-a93a-48fc-ad16-80b2a90aa32e
- application id: Box Tools Win exe
- application name: BoxTools
- application version: 4.26.1.1109
- metric collection url: https://client-log.box.com/index.php?rm=box_gen204_json_record
- metric data path: C:\Users\pcedillo\AppData\Local\Box\Box Tools\Metrics\BoxTools_Metrics.db
- post callback: 05942E6E
- log callback: 05942E96
- context: 00000000
- post interval in seconds: 600
- max records in a post: 100
- max db records: 500
- disable sender: true
[2024-10-09 13:44:49,437] [22   ] [INFO ] [] - Shutting down the metrics collector
[2024-10-09 13:54:49,399] [25   ] [INFO ] [] - Initializing the metrics collector
[2024-10-09 13:54:49,418] [25   ] [INFO ] [] - MetricsCollector::Sender(49): _disableSentMetrics 1
[2024-10-09 13:54:49,418] [25   ] [INFO ] [] - MetricsCollector::Initialize(231): Initialized metrics collector
- session id: fb55b24c-2d4f-446a-af8b-a0e1b01e575c
- device id: 4ca35884-a93a-48fc-ad16-80b2a90aa32e
- application id: Box Tools Win exe
- application name: BoxTools
- application version: 4.26.1.1109
- metric collection url: https://client-log.box.com/index.php?rm=box_gen204_json_record
- metric data path: C:\Users\pcedillo\AppData\Local\Box\Box Tools\Metrics\BoxTools_Metrics.db
- post callback: 05942E6E
- log callback: 05942E96
- context: 00000000
- post interval in seconds: 600
- max records in a post: 100
- max db records: 500
- disable sender: true
[2024-10-09 13:54:49,439] [25   ] [INFO ] [] - Shutting down the metrics collector
[2024-10-09 14:04:49,429] [27   ] [INFO ] [] - Initializing the metrics collector
[2024-10-09 14:04:49,444] [27   ] [INFO ] [] - MetricsCollector::Sender(49): _disableSentMetrics 1
[2024-10-09 14:04:49,444] [27   ] [INFO ] [] - MetricsCollector::Initialize(231): Initialized metrics collector
- session id: fb55b24c-2d4f-446a-af8b-a0e1b01e575c
- device id: 4ca35884-a93a-48fc-ad16-80b2a90aa32e
- application id: Box Tools Win exe
- application name: BoxTools
- application version: 4.26.1.1109
- metric collection url: https://client-log.box.com/index.php?rm=box_gen204_json_record
- metric data path: C:\Users\pcedillo\AppData\Local\Box\Box Tools\Metrics\BoxTools_Metrics.db
- post callback: 05942E6E
- log callback: 05942E96
- context: 00000000
- post interval in seconds: 600
- max records in a post: 100
- max db records: 500
- disable sender: true
[2024-10-09 14:04:49,460] [27   ] [INFO ] [] - Shutting down the metrics collector
[2024-10-09 14:14:49,326] [29   ] [INFO ] [] - Initializing the metrics collector
[2024-10-09 14:14:49,342] [29   ] [INFO ] [] - MetricsCollector::Sender(49): _disableSentMetrics 1
[2024-10-09 14:14:49,342] [29   ] [INFO ] [] - MetricsCollector::Initialize(231): Initialized metrics collector
- session id: fb55b24c-2d4f-446a-af8b-a0e1b01e575c
- device id: 4ca35884-a93a-48fc-ad16-80b2a90aa32e
- application id: Box Tools Win exe
- application name: BoxTools
- application version: 4.26.1.1109
- metric collection url: https://client-log.box.com/index.php?rm=box_gen204_json_record
- metric data path: C:\Users\pcedillo\AppData\Local\Box\Box Tools\Metrics\BoxTools_Metrics.db
- post callback: 05942E6E
- log callback: 05942E96
- context: 00000000
- post interval in seconds: 600
- max records in a post: 100
- max db records: 500
- disable sender: true
[2024-10-09 14:14:49,358] [29   ] [INFO ] [] - Shutting down the metrics collector
[2024-10-09 14:24:49,331] [32   ] [INFO ] [] - Initializing the metrics collector
[2024-10-09 14:24:49,351] [32   ] [INFO ] [] - MetricsCollector::Sender(49): _disableSentMetrics 1
[2024-10-09 14:24:49,351] [32   ] [INFO ] [] - MetricsCollector::Initialize(231): Initialized metrics collector
- session id: fb55b24c-2d4f-446a-af8b-a0e1b01e575c
- device id: 4ca35884-a93a-48fc-ad16-80b2a90aa32e
- application id: Box Tools Win exe
- application name: BoxTools
- application version: 4.26.1.1109
- metric collection url: https://client-log.box.com/index.php?rm=box_gen204_json_record
- metric data path: C:\Users\pcedillo\AppData\Local\Box\Box Tools\Metrics\BoxTools_Metrics.db
- post callback: 05942E6E
- log callback: 05942E96
- context: 00000000
- post interval in seconds: 600
- max records in a post: 100
- max db records: 500
- disable sender: true
[2024-10-09 14:24:49,366] [32   ] [INFO ] [] - Shutting down the metrics collector
[2024-10-09 14:34:49,350] [33   ] [INFO ] [] - Initializing the metrics collector
[2024-10-09 14:34:49,368] [33   ] [INFO ] [] - MetricsCollector::Sender(49): _disableSentMetrics 1
[2024-10-09 14:34:49,368] [33   ] [INFO ] [] - MetricsCollector::Initialize(231): Initialized metrics collector
- session id: fb55b24c-2d4f-446a-af8b-a0e1b01e575c
- device id: 4ca35884-a93a-48fc-ad16-80b2a90aa32e
- application id: Box Tools Win exe
- application name: BoxTools
- application version: 4.26.1.1109
- metric collection url: https://client-log.box.com/index.php?rm=box_gen204_json_record
- metric data path: C:\Users\pcedillo\AppData\Local\Box\Box Tools\Metrics\BoxTools_Metrics.db
- post callback: 05942E6E
- log callback: 05942E96
- context: 00000000
- post interval in seconds: 600
- max records in a post: 100
- max db records: 500
- disable sender: true
[2024-10-09 14:34:49,383] [33   ] [INFO ] [] - Shutting down the metrics collector
[2024-10-09 14:44:49,334] [34   ] [INFO ] [] - Initializing the metrics collector
[2024-10-09 14:44:49,355] [34   ] [INFO ] [] - MetricsCollector::Sender(49): _disableSentMetrics 1
[2024-10-09 14:44:49,355] [34   ] [INFO ] [] - MetricsCollector::Initialize(231): Initialized metrics collector
- session id: fb55b24c-2d4f-446a-af8b-a0e1b01e575c
- device id: 4ca35884-a93a-48fc-ad16-80b2a90aa32e
- application id: Box Tools Win exe
- application name: BoxTools
- application version: 4.26.1.1109
- metric collection url: https://client-log.box.com/index.php?rm=box_gen204_json_record
- metric data path: C:\Users\pcedillo\AppData\Local\Box\Box Tools\Metrics\BoxTools_Metrics.db
- post callback: 05942E6E
- log callback: 05942E96
- context: 00000000
- post interval in seconds: 600
- max records in a post: 100
- max db records: 500
- disable sender: true
[2024-10-09 14:44:49,365] [34   ] [INFO ] [] - Shutting down the metrics collector
