[2025-01-15 08:07:01,573] [47   ] [INFO ] [] - Initializing the metrics collector
[2025-01-15 08:07:01,583] [47   ] [INFO ] [] - MetricsCollector::Sender(49): _disableSentMetrics 1
[2025-01-15 08:07:01,583] [47   ] [INFO ] [] - MetricsCollector::Initialize(231): Initialized metrics collector
- session id: 4c30067f-ca99-4153-b7e7-89c211a34109
- device id: 4ca35884-a93a-48fc-ad16-80b2a90aa32e
- application id: Box Tools Win exe
- application name: BoxTools
- application version: 4.27.1.1145
- metric collection url: https://client-log.box.com/index.php?rm=box_gen204_json_record
- metric data path: C:\Users\pcedillo\AppData\Local\Box\Box Tools\Metrics\BoxTools_Metrics.db
- post callback: 059104C6
- log callback: 059161FE
- context: 00000000
- post interval in seconds: 600
- max records in a post: 100
- max db records: 500
- disable sender: true
[2025-01-15 08:07:01,590] [47   ] [INFO ] [] - Shutting down the metrics collector
[2025-01-15 12:04:27,452] [44   ] [INFO ] [] - Initializing the metrics collector
[2025-01-15 12:04:27,473] [44   ] [INFO ] [] - MetricsCollector::Sender(49): _disableSentMetrics 1
[2025-01-15 12:04:27,474] [44   ] [INFO ] [] - MetricsCollector::Initialize(231): Initialized metrics collector
- session id: 4c30067f-ca99-4153-b7e7-89c211a34109
- device id: 4ca35884-a93a-48fc-ad16-80b2a90aa32e
- application id: Box Tools Win exe
- application name: BoxTools
- application version: 4.27.1.1145
- metric collection url: https://client-log.box.com/index.php?rm=box_gen204_json_record
- metric data path: C:\Users\pcedillo\AppData\Local\Box\Box Tools\Metrics\BoxTools_Metrics.db
- post callback: 059104C6
- log callback: 059161FE
- context: 00000000
- post interval in seconds: 600
- max records in a post: 100
- max db records: 500
- disable sender: true
[2025-01-15 12:04:27,493] [44   ] [INFO ] [] - Shutting down the metrics collector
[2025-01-15 12:14:27,467] [43   ] [INFO ] [] - Initializing the metrics collector
[2025-01-15 12:14:27,488] [43   ] [INFO ] [] - MetricsCollector::Sender(49): _disableSentMetrics 1
[2025-01-15 12:14:27,488] [43   ] [INFO ] [] - MetricsCollector::Initialize(231): Initialized metrics collector
- session id: 4c30067f-ca99-4153-b7e7-89c211a34109
- device id: 4ca35884-a93a-48fc-ad16-80b2a90aa32e
- application id: Box Tools Win exe
- application name: BoxTools
- application version: 4.27.1.1145
- metric collection url: https://client-log.box.com/index.php?rm=box_gen204_json_record
- metric data path: C:\Users\pcedillo\AppData\Local\Box\Box Tools\Metrics\BoxTools_Metrics.db
- post callback: 059104C6
- log callback: 059161FE
- context: 00000000
- post interval in seconds: 600
- max records in a post: 100
- max db records: 500
- disable sender: true
[2025-01-15 12:14:27,506] [43   ] [INFO ] [] - Shutting down the metrics collector
[2025-01-15 12:24:27,466] [46   ] [INFO ] [] - Initializing the metrics collector
[2025-01-15 12:24:27,487] [46   ] [INFO ] [] - MetricsCollector::Sender(49): _disableSentMetrics 1
[2025-01-15 12:24:27,488] [46   ] [INFO ] [] - MetricsCollector::Initialize(231): Initialized metrics collector
- session id: 4c30067f-ca99-4153-b7e7-89c211a34109
- device id: 4ca35884-a93a-48fc-ad16-80b2a90aa32e
- application id: Box Tools Win exe
- application name: BoxTools
- application version: 4.27.1.1145
- metric collection url: https://client-log.box.com/index.php?rm=box_gen204_json_record
- metric data path: C:\Users\pcedillo\AppData\Local\Box\Box Tools\Metrics\BoxTools_Metrics.db
- post callback: 059104C6
- log callback: 059161FE
- context: 00000000
- post interval in seconds: 600
- max records in a post: 100
- max db records: 500
- disable sender: true
[2025-01-15 12:24:27,508] [46   ] [INFO ] [] - Shutting down the metrics collector
[2025-01-15 12:35:46,140] [46   ] [INFO ] [] - Initializing the metrics collector
[2025-01-15 12:35:46,163] [46   ] [INFO ] [] - MetricsCollector::Sender(49): _disableSentMetrics 1
[2025-01-15 12:35:46,164] [46   ] [INFO ] [] - MetricsCollector::Initialize(231): Initialized metrics collector
- session id: 4c30067f-ca99-4153-b7e7-89c211a34109
- device id: 4ca35884-a93a-48fc-ad16-80b2a90aa32e
- application id: Box Tools Win exe
- application name: BoxTools
- application version: 4.27.1.1145
- metric collection url: https://client-log.box.com/index.php?rm=box_gen204_json_record
- metric data path: C:\Users\pcedillo\AppData\Local\Box\Box Tools\Metrics\BoxTools_Metrics.db
- post callback: 059104C6
- log callback: 059161FE
- context: 00000000
- post interval in seconds: 600
- max records in a post: 100
- max db records: 500
- disable sender: true
[2025-01-15 12:35:46,182] [46   ] [INFO ] [] - Shutting down the metrics collector
[2025-01-15 12:45:46,167] [46   ] [INFO ] [] - Initializing the metrics collector
[2025-01-15 12:45:46,182] [46   ] [INFO ] [] - MetricsCollector::Sender(49): _disableSentMetrics 1
[2025-01-15 12:45:46,183] [46   ] [INFO ] [] - MetricsCollector::Initialize(231): Initialized metrics collector
- session id: 4c30067f-ca99-4153-b7e7-89c211a34109
- device id: 4ca35884-a93a-48fc-ad16-80b2a90aa32e
- application id: Box Tools Win exe
- application name: BoxTools
- application version: 4.27.1.1145
- metric collection url: https://client-log.box.com/index.php?rm=box_gen204_json_record
- metric data path: C:\Users\pcedillo\AppData\Local\Box\Box Tools\Metrics\BoxTools_Metrics.db
- post callback: 059104C6
- log callback: 059161FE
- context: 00000000
- post interval in seconds: 600
- max records in a post: 100
- max db records: 500
- disable sender: true
[2025-01-15 12:45:46,201] [46   ] [INFO ] [] - Shutting down the metrics collector
[2025-01-15 15:03:32,166] [43   ] [INFO ] [] - Initializing the metrics collector
[2025-01-15 15:03:32,179] [43   ] [INFO ] [] - MetricsCollector::Sender(49): _disableSentMetrics 1
[2025-01-15 15:03:32,180] [43   ] [INFO ] [] - MetricsCollector::Initialize(231): Initialized metrics collector
- session id: 4c30067f-ca99-4153-b7e7-89c211a34109
- device id: 4ca35884-a93a-48fc-ad16-80b2a90aa32e
- application id: Box Tools Win exe
- application name: BoxTools
- application version: 4.27.1.1145
- metric collection url: https://client-log.box.com/index.php?rm=box_gen204_json_record
- metric data path: C:\Users\pcedillo\AppData\Local\Box\Box Tools\Metrics\BoxTools_Metrics.db
- post callback: 059104C6
- log callback: 059161FE
- context: 00000000
- post interval in seconds: 600
- max records in a post: 100
- max db records: 500
- disable sender: true
[2025-01-15 15:03:32,190] [43   ] [INFO ] [] - Shutting down the metrics collector
[2025-01-15 15:13:32,196] [41   ] [INFO ] [] - Initializing the metrics collector
[2025-01-15 15:13:32,208] [41   ] [INFO ] [] - MetricsCollector::Sender(49): _disableSentMetrics 1
[2025-01-15 15:13:32,209] [41   ] [INFO ] [] - MetricsCollector::Initialize(231): Initialized metrics collector
- session id: 4c30067f-ca99-4153-b7e7-89c211a34109
- device id: 4ca35884-a93a-48fc-ad16-80b2a90aa32e
- application id: Box Tools Win exe
- application name: BoxTools
- application version: 4.27.1.1145
- metric collection url: https://client-log.box.com/index.php?rm=box_gen204_json_record
- metric data path: C:\Users\pcedillo\AppData\Local\Box\Box Tools\Metrics\BoxTools_Metrics.db
- post callback: 059104C6
- log callback: 059161FE
- context: 00000000
- post interval in seconds: 600
- max records in a post: 100
- max db records: 500
- disable sender: true
[2025-01-15 15:13:32,223] [41   ] [INFO ] [] - Shutting down the metrics collector
[2025-01-15 15:23:32,195] [41   ] [INFO ] [] - Initializing the metrics collector
[2025-01-15 15:23:32,209] [41   ] [INFO ] [] - MetricsCollector::Sender(49): _disableSentMetrics 1
[2025-01-15 15:23:32,209] [41   ] [INFO ] [] - MetricsCollector::Initialize(231): Initialized metrics collector
- session id: 4c30067f-ca99-4153-b7e7-89c211a34109
- device id: 4ca35884-a93a-48fc-ad16-80b2a90aa32e
- application id: Box Tools Win exe
- application name: BoxTools
- application version: 4.27.1.1145
- metric collection url: https://client-log.box.com/index.php?rm=box_gen204_json_record
- metric data path: C:\Users\pcedillo\AppData\Local\Box\Box Tools\Metrics\BoxTools_Metrics.db
- post callback: 059104C6
- log callback: 059161FE
- context: 00000000
- post interval in seconds: 600
- max records in a post: 100
- max db records: 500
- disable sender: true
[2025-01-15 15:23:32,219] [41   ] [INFO ] [] - Shutting down the metrics collector
[2025-01-15 15:33:32,213] [45   ] [INFO ] [] - Initializing the metrics collector
[2025-01-15 15:33:32,222] [45   ] [INFO ] [] - MetricsCollector::Sender(49): _disableSentMetrics 1
[2025-01-15 15:33:32,223] [45   ] [INFO ] [] - MetricsCollector::Initialize(231): Initialized metrics collector
- session id: 4c30067f-ca99-4153-b7e7-89c211a34109
- device id: 4ca35884-a93a-48fc-ad16-80b2a90aa32e
- application id: Box Tools Win exe
- application name: BoxTools
- application version: 4.27.1.1145
- metric collection url: https://client-log.box.com/index.php?rm=box_gen204_json_record
- metric data path: C:\Users\pcedillo\AppData\Local\Box\Box Tools\Metrics\BoxTools_Metrics.db
- post callback: 059104C6
- log callback: 059161FE
- context: 00000000
- post interval in seconds: 600
- max records in a post: 100
- max db records: 500
- disable sender: true
[2025-01-15 15:33:32,233] [45   ] [INFO ] [] - Shutting down the metrics collector
[2025-01-15 15:43:32,221] [47   ] [INFO ] [] - Initializing the metrics collector
[2025-01-15 15:43:32,232] [47   ] [INFO ] [] - MetricsCollector::Sender(49): _disableSentMetrics 1
[2025-01-15 15:43:32,233] [47   ] [INFO ] [] - MetricsCollector::Initialize(231): Initialized metrics collector
- session id: 4c30067f-ca99-4153-b7e7-89c211a34109
- device id: 4ca35884-a93a-48fc-ad16-80b2a90aa32e
- application id: Box Tools Win exe
- application name: BoxTools
- application version: 4.27.1.1145
- metric collection url: https://client-log.box.com/index.php?rm=box_gen204_json_record
- metric data path: C:\Users\pcedillo\AppData\Local\Box\Box Tools\Metrics\BoxTools_Metrics.db
- post callback: 059104C6
- log callback: 059161FE
- context: 00000000
- post interval in seconds: 600
- max records in a post: 100
- max db records: 500
- disable sender: true
[2025-01-15 15:43:32,245] [47   ] [INFO ] [] - Shutting down the metrics collector
[2025-01-15 15:53:32,217] [55   ] [INFO ] [] - Initializing the metrics collector
[2025-01-15 15:53:32,223] [55   ] [INFO ] [] - MetricsCollector::Sender(49): _disableSentMetrics 1
[2025-01-15 15:53:32,223] [55   ] [INFO ] [] - MetricsCollector::Initialize(231): Initialized metrics collector
- session id: 4c30067f-ca99-4153-b7e7-89c211a34109
- device id: 4ca35884-a93a-48fc-ad16-80b2a90aa32e
- application id: Box Tools Win exe
- application name: BoxTools
- application version: 4.27.1.1145
- metric collection url: https://client-log.box.com/index.php?rm=box_gen204_json_record
- metric data path: C:\Users\pcedillo\AppData\Local\Box\Box Tools\Metrics\BoxTools_Metrics.db
- post callback: 059104C6
- log callback: 059161FE
- context: 00000000
- post interval in seconds: 600
- max records in a post: 100
- max db records: 500
- disable sender: true
[2025-01-15 15:53:32,229] [55   ] [INFO ] [] - Shutting down the metrics collector
[2025-01-15 16:03:58,559] [51   ] [INFO ] [] - Initializing the metrics collector
[2025-01-15 16:03:58,574] [51   ] [INFO ] [] - MetricsCollector::Sender(49): _disableSentMetrics 1
[2025-01-15 16:03:58,575] [51   ] [INFO ] [] - MetricsCollector::Initialize(231): Initialized metrics collector
- session id: 4c30067f-ca99-4153-b7e7-89c211a34109
- device id: 4ca35884-a93a-48fc-ad16-80b2a90aa32e
- application id: Box Tools Win exe
- application name: BoxTools
- application version: 4.27.1.1145
- metric collection url: https://client-log.box.com/index.php?rm=box_gen204_json_record
- metric data path: C:\Users\pcedillo\AppData\Local\Box\Box Tools\Metrics\BoxTools_Metrics.db
- post callback: 059104C6
- log callback: 059161FE
- context: 00000000
- post interval in seconds: 600
- max records in a post: 100
- max db records: 500
- disable sender: true
[2025-01-15 16:03:58,585] [51   ] [INFO ] [] - Shutting down the metrics collector
[2025-01-15 16:13:58,553] [61   ] [INFO ] [] - Initializing the metrics collector
[2025-01-15 16:13:58,565] [61   ] [INFO ] [] - MetricsCollector::Sender(49): _disableSentMetrics 1
[2025-01-15 16:13:58,565] [61   ] [INFO ] [] - MetricsCollector::Initialize(231): Initialized metrics collector
- session id: 4c30067f-ca99-4153-b7e7-89c211a34109
- device id: 4ca35884-a93a-48fc-ad16-80b2a90aa32e
- application id: Box Tools Win exe
- application name: BoxTools
- application version: 4.27.1.1145
- metric collection url: https://client-log.box.com/index.php?rm=box_gen204_json_record
- metric data path: C:\Users\pcedillo\AppData\Local\Box\Box Tools\Metrics\BoxTools_Metrics.db
- post callback: 059104C6
- log callback: 059161FE
- context: 00000000
- post interval in seconds: 600
- max records in a post: 100
- max db records: 500
- disable sender: true
[2025-01-15 16:13:58,580] [61   ] [INFO ] [] - Shutting down the metrics collector
[2025-01-15 16:23:58,567] [58   ] [INFO ] [] - Initializing the metrics collector
[2025-01-15 16:23:58,579] [58   ] [INFO ] [] - MetricsCollector::Sender(49): _disableSentMetrics 1
[2025-01-15 16:23:58,580] [58   ] [INFO ] [] - MetricsCollector::Initialize(231): Initialized metrics collector
- session id: 4c30067f-ca99-4153-b7e7-89c211a34109
- device id: 4ca35884-a93a-48fc-ad16-80b2a90aa32e
- application id: Box Tools Win exe
- application name: BoxTools
- application version: 4.27.1.1145
- metric collection url: https://client-log.box.com/index.php?rm=box_gen204_json_record
- metric data path: C:\Users\pcedillo\AppData\Local\Box\Box Tools\Metrics\BoxTools_Metrics.db
- post callback: 059104C6
- log callback: 059161FE
- context: 00000000
- post interval in seconds: 600
- max records in a post: 100
- max db records: 500
- disable sender: true
[2025-01-15 16:23:58,590] [58   ] [INFO ] [] - Shutting down the metrics collector
