[2025-01-24 00:00:10,050] [59   ] [INFO ] [] - Initializing the metrics collector
[2025-01-24 00:00:10,068] [59   ] [INFO ] [] - MetricsCollector::Sender(49): _disableSentMetrics 1
[2025-01-24 00:00:10,069] [59   ] [INFO ] [] - MetricsCollector::Initialize(231): Initialized metrics collector
- session id: 59da16ef-9085-43a2-89aa-41dbe97a76f5
- device id: 4ca35884-a93a-48fc-ad16-80b2a90aa32e
- application id: Box Tools Win exe
- application name: BoxTools
- application version: 4.27.1.1145
- metric collection url: https://client-log.box.com/index.php?rm=box_gen204_json_record
- metric data path: C:\Users\pcedillo\AppData\Local\Box\Box Tools\Metrics\BoxTools_Metrics.db
- post callback: 05452F0E
- log callback: 05452F36
- context: 00000000
- post interval in seconds: 600
- max records in a post: 100
- max db records: 500
- disable sender: true
[2025-01-24 00:00:10,083] [59   ] [INFO ] [] - Shutting down the metrics collector
[2025-01-24 00:10:09,994] [3    ] [INFO ] [] - Initializing the metrics collector
[2025-01-24 00:10:10,007] [3    ] [INFO ] [] - MetricsCollector::Sender(49): _disableSentMetrics 1
[2025-01-24 00:10:10,008] [3    ] [INFO ] [] - MetricsCollector::Initialize(231): Initialized metrics collector
- session id: 59da16ef-9085-43a2-89aa-41dbe97a76f5
- device id: 4ca35884-a93a-48fc-ad16-80b2a90aa32e
- application id: Box Tools Win exe
- application name: BoxTools
- application version: 4.27.1.1145
- metric collection url: https://client-log.box.com/index.php?rm=box_gen204_json_record
- metric data path: C:\Users\pcedillo\AppData\Local\Box\Box Tools\Metrics\BoxTools_Metrics.db
- post callback: 05452F0E
- log callback: 05452F36
- context: 00000000
- post interval in seconds: 600
- max records in a post: 100
- max db records: 500
- disable sender: true
[2025-01-24 00:10:10,017] [3    ] [INFO ] [] - Shutting down the metrics collector
[2025-01-24 00:20:09,956] [12   ] [INFO ] [] - Initializing the metrics collector
[2025-01-24 00:20:09,962] [12   ] [INFO ] [] - MetricsCollector::Sender(49): _disableSentMetrics 1
[2025-01-24 00:20:09,962] [12   ] [INFO ] [] - MetricsCollector::Initialize(231): Initialized metrics collector
- session id: 59da16ef-9085-43a2-89aa-41dbe97a76f5
- device id: 4ca35884-a93a-48fc-ad16-80b2a90aa32e
- application id: Box Tools Win exe
- application name: BoxTools
- application version: 4.27.1.1145
- metric collection url: https://client-log.box.com/index.php?rm=box_gen204_json_record
- metric data path: C:\Users\pcedillo\AppData\Local\Box\Box Tools\Metrics\BoxTools_Metrics.db
- post callback: 05452F0E
- log callback: 05452F36
- context: 00000000
- post interval in seconds: 600
- max records in a post: 100
- max db records: 500
- disable sender: true
[2025-01-24 00:20:09,968] [12   ] [INFO ] [] - Shutting down the metrics collector
[2025-01-24 00:30:09,924] [13   ] [INFO ] [] - Initializing the metrics collector
[2025-01-24 00:30:09,938] [13   ] [INFO ] [] - MetricsCollector::Sender(49): _disableSentMetrics 1
[2025-01-24 00:30:09,938] [13   ] [INFO ] [] - MetricsCollector::Initialize(231): Initialized metrics collector
- session id: 59da16ef-9085-43a2-89aa-41dbe97a76f5
- device id: 4ca35884-a93a-48fc-ad16-80b2a90aa32e
- application id: Box Tools Win exe
- application name: BoxTools
- application version: 4.27.1.1145
- metric collection url: https://client-log.box.com/index.php?rm=box_gen204_json_record
- metric data path: C:\Users\pcedillo\AppData\Local\Box\Box Tools\Metrics\BoxTools_Metrics.db
- post callback: 05452F0E
- log callback: 05452F36
- context: 00000000
- post interval in seconds: 600
- max records in a post: 100
- max db records: 500
- disable sender: true
[2025-01-24 00:30:09,951] [13   ] [INFO ] [] - Shutting down the metrics collector
[2025-01-24 00:40:09,903] [44   ] [INFO ] [] - Initializing the metrics collector
[2025-01-24 00:40:09,913] [44   ] [INFO ] [] - MetricsCollector::Sender(49): _disableSentMetrics 1
[2025-01-24 00:40:09,914] [44   ] [INFO ] [] - MetricsCollector::Initialize(231): Initialized metrics collector
- session id: 59da16ef-9085-43a2-89aa-41dbe97a76f5
- device id: 4ca35884-a93a-48fc-ad16-80b2a90aa32e
- application id: Box Tools Win exe
- application name: BoxTools
- application version: 4.27.1.1145
- metric collection url: https://client-log.box.com/index.php?rm=box_gen204_json_record
- metric data path: C:\Users\pcedillo\AppData\Local\Box\Box Tools\Metrics\BoxTools_Metrics.db
- post callback: 05452F0E
- log callback: 05452F36
- context: 00000000
- post interval in seconds: 600
- max records in a post: 100
- max db records: 500
- disable sender: true
[2025-01-24 00:40:09,924] [44   ] [INFO ] [] - Shutting down the metrics collector
[2025-01-24 00:50:09,888] [48   ] [INFO ] [] - Initializing the metrics collector
[2025-01-24 00:50:09,900] [48   ] [INFO ] [] - MetricsCollector::Sender(49): _disableSentMetrics 1
[2025-01-24 00:50:09,901] [48   ] [INFO ] [] - MetricsCollector::Initialize(231): Initialized metrics collector
- session id: 59da16ef-9085-43a2-89aa-41dbe97a76f5
- device id: 4ca35884-a93a-48fc-ad16-80b2a90aa32e
- application id: Box Tools Win exe
- application name: BoxTools
- application version: 4.27.1.1145
- metric collection url: https://client-log.box.com/index.php?rm=box_gen204_json_record
- metric data path: C:\Users\pcedillo\AppData\Local\Box\Box Tools\Metrics\BoxTools_Metrics.db
- post callback: 05452F0E
- log callback: 05452F36
- context: 00000000
- post interval in seconds: 600
- max records in a post: 100
- max db records: 500
- disable sender: true
[2025-01-24 00:50:09,912] [48   ] [INFO ] [] - Shutting down the metrics collector
[2025-01-24 01:00:09,886] [45   ] [INFO ] [] - Initializing the metrics collector
[2025-01-24 01:00:09,899] [45   ] [INFO ] [] - MetricsCollector::Sender(49): _disableSentMetrics 1
[2025-01-24 01:00:09,899] [45   ] [INFO ] [] - MetricsCollector::Initialize(231): Initialized metrics collector
- session id: 59da16ef-9085-43a2-89aa-41dbe97a76f5
- device id: 4ca35884-a93a-48fc-ad16-80b2a90aa32e
- application id: Box Tools Win exe
- application name: BoxTools
- application version: 4.27.1.1145
- metric collection url: https://client-log.box.com/index.php?rm=box_gen204_json_record
- metric data path: C:\Users\pcedillo\AppData\Local\Box\Box Tools\Metrics\BoxTools_Metrics.db
- post callback: 05452F0E
- log callback: 05452F36
- context: 00000000
- post interval in seconds: 600
- max records in a post: 100
- max db records: 500
- disable sender: true
[2025-01-24 01:00:09,913] [45   ] [INFO ] [] - Shutting down the metrics collector
[2025-01-24 01:10:09,885] [10   ] [INFO ] [] - Initializing the metrics collector
[2025-01-24 01:10:09,893] [10   ] [INFO ] [] - MetricsCollector::Sender(49): _disableSentMetrics 1
[2025-01-24 01:10:09,893] [10   ] [INFO ] [] - MetricsCollector::Initialize(231): Initialized metrics collector
- session id: 59da16ef-9085-43a2-89aa-41dbe97a76f5
- device id: 4ca35884-a93a-48fc-ad16-80b2a90aa32e
- application id: Box Tools Win exe
- application name: BoxTools
- application version: 4.27.1.1145
- metric collection url: https://client-log.box.com/index.php?rm=box_gen204_json_record
- metric data path: C:\Users\pcedillo\AppData\Local\Box\Box Tools\Metrics\BoxTools_Metrics.db
- post callback: 05452F0E
- log callback: 05452F36
- context: 00000000
- post interval in seconds: 600
- max records in a post: 100
- max db records: 500
- disable sender: true
[2025-01-24 01:10:09,898] [10   ] [INFO ] [] - Shutting down the metrics collector
[2025-01-24 01:20:09,888] [49   ] [INFO ] [] - Initializing the metrics collector
[2025-01-24 01:20:09,898] [49   ] [INFO ] [] - MetricsCollector::Sender(49): _disableSentMetrics 1
[2025-01-24 01:20:09,899] [49   ] [INFO ] [] - MetricsCollector::Initialize(231): Initialized metrics collector
- session id: 59da16ef-9085-43a2-89aa-41dbe97a76f5
- device id: 4ca35884-a93a-48fc-ad16-80b2a90aa32e
- application id: Box Tools Win exe
- application name: BoxTools
- application version: 4.27.1.1145
- metric collection url: https://client-log.box.com/index.php?rm=box_gen204_json_record
- metric data path: C:\Users\pcedillo\AppData\Local\Box\Box Tools\Metrics\BoxTools_Metrics.db
- post callback: 05452F0E
- log callback: 05452F36
- context: 00000000
- post interval in seconds: 600
- max records in a post: 100
- max db records: 500
- disable sender: true
[2025-01-24 01:20:09,911] [49   ] [INFO ] [] - Shutting down the metrics collector
[2025-01-24 01:30:09,874] [47   ] [INFO ] [] - Initializing the metrics collector
[2025-01-24 01:30:09,887] [47   ] [INFO ] [] - MetricsCollector::Sender(49): _disableSentMetrics 1
[2025-01-24 01:30:09,888] [47   ] [INFO ] [] - MetricsCollector::Initialize(231): Initialized metrics collector
- session id: 59da16ef-9085-43a2-89aa-41dbe97a76f5
- device id: 4ca35884-a93a-48fc-ad16-80b2a90aa32e
- application id: Box Tools Win exe
- application name: BoxTools
- application version: 4.27.1.1145
- metric collection url: https://client-log.box.com/index.php?rm=box_gen204_json_record
- metric data path: C:\Users\pcedillo\AppData\Local\Box\Box Tools\Metrics\BoxTools_Metrics.db
- post callback: 05452F0E
- log callback: 05452F36
- context: 00000000
- post interval in seconds: 600
- max records in a post: 100
- max db records: 500
- disable sender: true
[2025-01-24 01:30:09,901] [47   ] [INFO ] [] - Shutting down the metrics collector
[2025-01-24 01:40:09,891] [52   ] [INFO ] [] - Initializing the metrics collector
[2025-01-24 01:40:09,913] [52   ] [INFO ] [] - MetricsCollector::Sender(49): _disableSentMetrics 1
[2025-01-24 01:40:09,914] [52   ] [INFO ] [] - MetricsCollector::Initialize(231): Initialized metrics collector
- session id: 59da16ef-9085-43a2-89aa-41dbe97a76f5
- device id: 4ca35884-a93a-48fc-ad16-80b2a90aa32e
- application id: Box Tools Win exe
- application name: BoxTools
- application version: 4.27.1.1145
- metric collection url: https://client-log.box.com/index.php?rm=box_gen204_json_record
- metric data path: C:\Users\pcedillo\AppData\Local\Box\Box Tools\Metrics\BoxTools_Metrics.db
- post callback: 05452F0E
- log callback: 05452F36
- context: 00000000
- post interval in seconds: 600
- max records in a post: 100
- max db records: 500
- disable sender: true
[2025-01-24 01:40:09,931] [52   ] [INFO ] [] - Shutting down the metrics collector
[2025-01-24 01:50:09,886] [51   ] [INFO ] [] - Initializing the metrics collector
[2025-01-24 01:50:09,893] [51   ] [INFO ] [] - MetricsCollector::Sender(49): _disableSentMetrics 1
[2025-01-24 01:50:09,893] [51   ] [INFO ] [] - MetricsCollector::Initialize(231): Initialized metrics collector
- session id: 59da16ef-9085-43a2-89aa-41dbe97a76f5
- device id: 4ca35884-a93a-48fc-ad16-80b2a90aa32e
- application id: Box Tools Win exe
- application name: BoxTools
- application version: 4.27.1.1145
- metric collection url: https://client-log.box.com/index.php?rm=box_gen204_json_record
- metric data path: C:\Users\pcedillo\AppData\Local\Box\Box Tools\Metrics\BoxTools_Metrics.db
- post callback: 05452F0E
- log callback: 05452F36
- context: 00000000
- post interval in seconds: 600
- max records in a post: 100
- max db records: 500
- disable sender: true
[2025-01-24 01:50:09,899] [51   ] [INFO ] [] - Shutting down the metrics collector
[2025-01-24 02:00:09,890] [43   ] [INFO ] [] - Initializing the metrics collector
[2025-01-24 02:00:09,903] [43   ] [INFO ] [] - MetricsCollector::Sender(49): _disableSentMetrics 1
[2025-01-24 02:00:09,904] [43   ] [INFO ] [] - MetricsCollector::Initialize(231): Initialized metrics collector
- session id: 59da16ef-9085-43a2-89aa-41dbe97a76f5
- device id: 4ca35884-a93a-48fc-ad16-80b2a90aa32e
- application id: Box Tools Win exe
- application name: BoxTools
- application version: 4.27.1.1145
- metric collection url: https://client-log.box.com/index.php?rm=box_gen204_json_record
- metric data path: C:\Users\pcedillo\AppData\Local\Box\Box Tools\Metrics\BoxTools_Metrics.db
- post callback: 05452F0E
- log callback: 05452F36
- context: 00000000
- post interval in seconds: 600
- max records in a post: 100
- max db records: 500
- disable sender: true
[2025-01-24 02:00:09,918] [43   ] [INFO ] [] - Shutting down the metrics collector
[2025-01-24 02:10:09,896] [38   ] [INFO ] [] - Initializing the metrics collector
[2025-01-24 02:10:09,910] [38   ] [INFO ] [] - MetricsCollector::Sender(49): _disableSentMetrics 1
[2025-01-24 02:10:09,910] [38   ] [INFO ] [] - MetricsCollector::Initialize(231): Initialized metrics collector
- session id: 59da16ef-9085-43a2-89aa-41dbe97a76f5
- device id: 4ca35884-a93a-48fc-ad16-80b2a90aa32e
- application id: Box Tools Win exe
- application name: BoxTools
- application version: 4.27.1.1145
- metric collection url: https://client-log.box.com/index.php?rm=box_gen204_json_record
- metric data path: C:\Users\pcedillo\AppData\Local\Box\Box Tools\Metrics\BoxTools_Metrics.db
- post callback: 05452F0E
- log callback: 05452F36
- context: 00000000
- post interval in seconds: 600
- max records in a post: 100
- max db records: 500
- disable sender: true
[2025-01-24 02:10:09,924] [38   ] [INFO ] [] - Shutting down the metrics collector
[2025-01-24 02:20:14,706] [64   ] [INFO ] [] - Initializing the metrics collector
[2025-01-24 02:20:14,715] [64   ] [INFO ] [] - MetricsCollector::Sender(49): _disableSentMetrics 1
[2025-01-24 02:20:14,715] [64   ] [INFO ] [] - MetricsCollector::Initialize(231): Initialized metrics collector
- session id: 59da16ef-9085-43a2-89aa-41dbe97a76f5
- device id: 4ca35884-a93a-48fc-ad16-80b2a90aa32e
- application id: Box Tools Win exe
- application name: BoxTools
- application version: 4.27.1.1145
- metric collection url: https://client-log.box.com/index.php?rm=box_gen204_json_record
- metric data path: C:\Users\pcedillo\AppData\Local\Box\Box Tools\Metrics\BoxTools_Metrics.db
- post callback: 05452F0E
- log callback: 05452F36
- context: 00000000
- post interval in seconds: 600
- max records in a post: 100
- max db records: 500
- disable sender: true
[2025-01-24 02:20:14,726] [64   ] [INFO ] [] - Shutting down the metrics collector
[2025-01-24 02:30:17,215] [6    ] [INFO ] [] - Initializing the metrics collector
[2025-01-24 02:30:17,229] [6    ] [INFO ] [] - MetricsCollector::Sender(49): _disableSentMetrics 1
[2025-01-24 02:30:17,230] [6    ] [INFO ] [] - MetricsCollector::Initialize(231): Initialized metrics collector
- session id: 59da16ef-9085-43a2-89aa-41dbe97a76f5
- device id: 4ca35884-a93a-48fc-ad16-80b2a90aa32e
- application id: Box Tools Win exe
- application name: BoxTools
- application version: 4.27.1.1145
- metric collection url: https://client-log.box.com/index.php?rm=box_gen204_json_record
- metric data path: C:\Users\pcedillo\AppData\Local\Box\Box Tools\Metrics\BoxTools_Metrics.db
- post callback: 05452F0E
- log callback: 05452F36
- context: 00000000
- post interval in seconds: 600
- max records in a post: 100
- max db records: 500
- disable sender: true
[2025-01-24 02:30:17,244] [6    ] [INFO ] [] - Shutting down the metrics collector
[2025-01-24 02:40:16,966] [37   ] [INFO ] [] - Initializing the metrics collector
[2025-01-24 02:40:16,980] [37   ] [INFO ] [] - MetricsCollector::Sender(49): _disableSentMetrics 1
[2025-01-24 02:40:16,980] [37   ] [INFO ] [] - MetricsCollector::Initialize(231): Initialized metrics collector
- session id: 59da16ef-9085-43a2-89aa-41dbe97a76f5
- device id: 4ca35884-a93a-48fc-ad16-80b2a90aa32e
- application id: Box Tools Win exe
- application name: BoxTools
- application version: 4.27.1.1145
- metric collection url: https://client-log.box.com/index.php?rm=box_gen204_json_record
- metric data path: C:\Users\pcedillo\AppData\Local\Box\Box Tools\Metrics\BoxTools_Metrics.db
- post callback: 05452F0E
- log callback: 05452F36
- context: 00000000
- post interval in seconds: 600
- max records in a post: 100
- max db records: 500
- disable sender: true
[2025-01-24 02:40:16,994] [37   ] [INFO ] [] - Shutting down the metrics collector
[2025-01-24 02:50:16,965] [40   ] [INFO ] [] - Initializing the metrics collector
[2025-01-24 02:50:16,974] [40   ] [INFO ] [] - MetricsCollector::Sender(49): _disableSentMetrics 1
[2025-01-24 02:50:16,975] [40   ] [INFO ] [] - MetricsCollector::Initialize(231): Initialized metrics collector
- session id: 59da16ef-9085-43a2-89aa-41dbe97a76f5
- device id: 4ca35884-a93a-48fc-ad16-80b2a90aa32e
- application id: Box Tools Win exe
- application name: BoxTools
- application version: 4.27.1.1145
- metric collection url: https://client-log.box.com/index.php?rm=box_gen204_json_record
- metric data path: C:\Users\pcedillo\AppData\Local\Box\Box Tools\Metrics\BoxTools_Metrics.db
- post callback: 05452F0E
- log callback: 05452F36
- context: 00000000
- post interval in seconds: 600
- max records in a post: 100
- max db records: 500
- disable sender: true
[2025-01-24 02:50:16,987] [40   ] [INFO ] [] - Shutting down the metrics collector
[2025-01-24 03:00:16,908] [36   ] [INFO ] [] - Initializing the metrics collector
[2025-01-24 03:00:17,012] [36   ] [INFO ] [] - MetricsCollector::Sender(49): _disableSentMetrics 1
[2025-01-24 03:00:17,012] [36   ] [INFO ] [] - MetricsCollector::Initialize(231): Initialized metrics collector
- session id: 59da16ef-9085-43a2-89aa-41dbe97a76f5
- device id: 4ca35884-a93a-48fc-ad16-80b2a90aa32e
- application id: Box Tools Win exe
- application name: BoxTools
- application version: 4.27.1.1145
- metric collection url: https://client-log.box.com/index.php?rm=box_gen204_json_record
- metric data path: C:\Users\pcedillo\AppData\Local\Box\Box Tools\Metrics\BoxTools_Metrics.db
- post callback: 05452F0E
- log callback: 05452F36
- context: 00000000
- post interval in seconds: 600
- max records in a post: 100
- max db records: 500
- disable sender: true
[2025-01-24 03:00:17,018] [36   ] [INFO ] [] - Shutting down the metrics collector
[2025-01-24 03:10:16,876] [36   ] [INFO ] [] - Initializing the metrics collector
[2025-01-24 03:10:16,889] [36   ] [INFO ] [] - MetricsCollector::Sender(49): _disableSentMetrics 1
[2025-01-24 03:10:16,889] [36   ] [INFO ] [] - MetricsCollector::Initialize(231): Initialized metrics collector
- session id: 59da16ef-9085-43a2-89aa-41dbe97a76f5
- device id: 4ca35884-a93a-48fc-ad16-80b2a90aa32e
- application id: Box Tools Win exe
- application name: BoxTools
- application version: 4.27.1.1145
- metric collection url: https://client-log.box.com/index.php?rm=box_gen204_json_record
- metric data path: C:\Users\pcedillo\AppData\Local\Box\Box Tools\Metrics\BoxTools_Metrics.db
- post callback: 05452F0E
- log callback: 05452F36
- context: 00000000
- post interval in seconds: 600
- max records in a post: 100
- max db records: 500
- disable sender: true
[2025-01-24 03:10:16,903] [36   ] [INFO ] [] - Shutting down the metrics collector
[2025-01-24 03:20:16,822] [55   ] [INFO ] [] - Initializing the metrics collector
[2025-01-24 03:20:16,835] [55   ] [INFO ] [] - MetricsCollector::Sender(49): _disableSentMetrics 1
[2025-01-24 03:20:16,835] [55   ] [INFO ] [] - MetricsCollector::Initialize(231): Initialized metrics collector
- session id: 59da16ef-9085-43a2-89aa-41dbe97a76f5
- device id: 4ca35884-a93a-48fc-ad16-80b2a90aa32e
- application id: Box Tools Win exe
- application name: BoxTools
- application version: 4.27.1.1145
- metric collection url: https://client-log.box.com/index.php?rm=box_gen204_json_record
- metric data path: C:\Users\pcedillo\AppData\Local\Box\Box Tools\Metrics\BoxTools_Metrics.db
- post callback: 05452F0E
- log callback: 05452F36
- context: 00000000
- post interval in seconds: 600
- max records in a post: 100
- max db records: 500
- disable sender: true
[2025-01-24 03:20:16,849] [55   ] [INFO ] [] - Shutting down the metrics collector
[2025-01-24 03:30:16,771] [37   ] [INFO ] [] - Initializing the metrics collector
[2025-01-24 03:30:16,786] [37   ] [INFO ] [] - MetricsCollector::Sender(49): _disableSentMetrics 1
[2025-01-24 03:30:16,787] [37   ] [INFO ] [] - MetricsCollector::Initialize(231): Initialized metrics collector
- session id: 59da16ef-9085-43a2-89aa-41dbe97a76f5
- device id: 4ca35884-a93a-48fc-ad16-80b2a90aa32e
- application id: Box Tools Win exe
- application name: BoxTools
- application version: 4.27.1.1145
- metric collection url: https://client-log.box.com/index.php?rm=box_gen204_json_record
- metric data path: C:\Users\pcedillo\AppData\Local\Box\Box Tools\Metrics\BoxTools_Metrics.db
- post callback: 05452F0E
- log callback: 05452F36
- context: 00000000
- post interval in seconds: 600
- max records in a post: 100
- max db records: 500
- disable sender: true
[2025-01-24 03:30:16,799] [37   ] [INFO ] [] - Shutting down the metrics collector
[2025-01-24 03:40:16,751] [41   ] [INFO ] [] - Initializing the metrics collector
[2025-01-24 03:40:16,758] [41   ] [INFO ] [] - MetricsCollector::Sender(49): _disableSentMetrics 1
[2025-01-24 03:40:16,758] [41   ] [INFO ] [] - MetricsCollector::Initialize(231): Initialized metrics collector
- session id: 59da16ef-9085-43a2-89aa-41dbe97a76f5
- device id: 4ca35884-a93a-48fc-ad16-80b2a90aa32e
- application id: Box Tools Win exe
- application name: BoxTools
- application version: 4.27.1.1145
- metric collection url: https://client-log.box.com/index.php?rm=box_gen204_json_record
- metric data path: C:\Users\pcedillo\AppData\Local\Box\Box Tools\Metrics\BoxTools_Metrics.db
- post callback: 05452F0E
- log callback: 05452F36
- context: 00000000
- post interval in seconds: 600
- max records in a post: 100
- max db records: 500
- disable sender: true
[2025-01-24 03:40:16,764] [41   ] [INFO ] [] - Shutting down the metrics collector
[2025-01-24 03:50:16,753] [64   ] [INFO ] [] - Initializing the metrics collector
[2025-01-24 03:50:16,764] [64   ] [INFO ] [] - MetricsCollector::Sender(49): _disableSentMetrics 1
[2025-01-24 03:50:16,765] [64   ] [INFO ] [] - MetricsCollector::Initialize(231): Initialized metrics collector
- session id: 59da16ef-9085-43a2-89aa-41dbe97a76f5
- device id: 4ca35884-a93a-48fc-ad16-80b2a90aa32e
- application id: Box Tools Win exe
- application name: BoxTools
- application version: 4.27.1.1145
- metric collection url: https://client-log.box.com/index.php?rm=box_gen204_json_record
- metric data path: C:\Users\pcedillo\AppData\Local\Box\Box Tools\Metrics\BoxTools_Metrics.db
- post callback: 05452F0E
- log callback: 05452F36
- context: 00000000
- post interval in seconds: 600
- max records in a post: 100
- max db records: 500
- disable sender: true
[2025-01-24 03:50:16,774] [64   ] [INFO ] [] - Shutting down the metrics collector
[2025-01-24 04:00:16,729] [46   ] [INFO ] [] - Initializing the metrics collector
[2025-01-24 04:00:16,743] [46   ] [INFO ] [] - MetricsCollector::Sender(49): _disableSentMetrics 1
[2025-01-24 04:00:16,743] [46   ] [INFO ] [] - MetricsCollector::Initialize(231): Initialized metrics collector
- session id: 59da16ef-9085-43a2-89aa-41dbe97a76f5
- device id: 4ca35884-a93a-48fc-ad16-80b2a90aa32e
- application id: Box Tools Win exe
- application name: BoxTools
- application version: 4.27.1.1145
- metric collection url: https://client-log.box.com/index.php?rm=box_gen204_json_record
- metric data path: C:\Users\pcedillo\AppData\Local\Box\Box Tools\Metrics\BoxTools_Metrics.db
- post callback: 05452F0E
- log callback: 05452F36
- context: 00000000
- post interval in seconds: 600
- max records in a post: 100
- max db records: 500
- disable sender: true
[2025-01-24 04:00:16,756] [46   ] [INFO ] [] - Shutting down the metrics collector
[2025-01-24 04:10:16,639] [58   ] [INFO ] [] - Initializing the metrics collector
[2025-01-24 04:10:16,656] [58   ] [INFO ] [] - MetricsCollector::Sender(49): _disableSentMetrics 1
[2025-01-24 04:10:16,657] [58   ] [INFO ] [] - MetricsCollector::Initialize(231): Initialized metrics collector
- session id: 59da16ef-9085-43a2-89aa-41dbe97a76f5
- device id: 4ca35884-a93a-48fc-ad16-80b2a90aa32e
- application id: Box Tools Win exe
- application name: BoxTools
- application version: 4.27.1.1145
- metric collection url: https://client-log.box.com/index.php?rm=box_gen204_json_record
- metric data path: C:\Users\pcedillo\AppData\Local\Box\Box Tools\Metrics\BoxTools_Metrics.db
- post callback: 05452F0E
- log callback: 05452F36
- context: 00000000
- post interval in seconds: 600
- max records in a post: 100
- max db records: 500
- disable sender: true
[2025-01-24 04:10:16,667] [58   ] [INFO ] [] - Shutting down the metrics collector
[2025-01-24 04:20:16,629] [52   ] [INFO ] [] - Initializing the metrics collector
[2025-01-24 04:20:16,641] [52   ] [INFO ] [] - MetricsCollector::Sender(49): _disableSentMetrics 1
[2025-01-24 04:20:16,642] [52   ] [INFO ] [] - MetricsCollector::Initialize(231): Initialized metrics collector
- session id: 59da16ef-9085-43a2-89aa-41dbe97a76f5
- device id: 4ca35884-a93a-48fc-ad16-80b2a90aa32e
- application id: Box Tools Win exe
- application name: BoxTools
- application version: 4.27.1.1145
- metric collection url: https://client-log.box.com/index.php?rm=box_gen204_json_record
- metric data path: C:\Users\pcedillo\AppData\Local\Box\Box Tools\Metrics\BoxTools_Metrics.db
- post callback: 05452F0E
- log callback: 05452F36
- context: 00000000
- post interval in seconds: 600
- max records in a post: 100
- max db records: 500
- disable sender: true
[2025-01-24 04:20:16,655] [52   ] [INFO ] [] - Shutting down the metrics collector
[2025-01-24 04:30:16,628] [49   ] [INFO ] [] - Initializing the metrics collector
[2025-01-24 04:30:16,643] [49   ] [INFO ] [] - MetricsCollector::Sender(49): _disableSentMetrics 1
[2025-01-24 04:30:16,643] [49   ] [INFO ] [] - MetricsCollector::Initialize(231): Initialized metrics collector
- session id: 59da16ef-9085-43a2-89aa-41dbe97a76f5
- device id: 4ca35884-a93a-48fc-ad16-80b2a90aa32e
- application id: Box Tools Win exe
- application name: BoxTools
- application version: 4.27.1.1145
- metric collection url: https://client-log.box.com/index.php?rm=box_gen204_json_record
- metric data path: C:\Users\pcedillo\AppData\Local\Box\Box Tools\Metrics\BoxTools_Metrics.db
- post callback: 05452F0E
- log callback: 05452F36
- context: 00000000
- post interval in seconds: 600
- max records in a post: 100
- max db records: 500
- disable sender: true
[2025-01-24 04:30:16,656] [49   ] [INFO ] [] - Shutting down the metrics collector
[2025-01-24 04:40:16,538] [48   ] [INFO ] [] - Initializing the metrics collector
[2025-01-24 04:40:16,548] [48   ] [INFO ] [] - MetricsCollector::Sender(49): _disableSentMetrics 1
[2025-01-24 04:40:16,548] [48   ] [INFO ] [] - MetricsCollector::Initialize(231): Initialized metrics collector
- session id: 59da16ef-9085-43a2-89aa-41dbe97a76f5
- device id: 4ca35884-a93a-48fc-ad16-80b2a90aa32e
- application id: Box Tools Win exe
- application name: BoxTools
- application version: 4.27.1.1145
- metric collection url: https://client-log.box.com/index.php?rm=box_gen204_json_record
- metric data path: C:\Users\pcedillo\AppData\Local\Box\Box Tools\Metrics\BoxTools_Metrics.db
- post callback: 05452F0E
- log callback: 05452F36
- context: 00000000
- post interval in seconds: 600
- max records in a post: 100
- max db records: 500
- disable sender: true
[2025-01-24 04:40:16,556] [48   ] [INFO ] [] - Shutting down the metrics collector
[2025-01-24 04:50:16,504] [12   ] [INFO ] [] - Initializing the metrics collector
[2025-01-24 04:50:16,513] [12   ] [INFO ] [] - MetricsCollector::Sender(49): _disableSentMetrics 1
[2025-01-24 04:50:16,513] [12   ] [INFO ] [] - MetricsCollector::Initialize(231): Initialized metrics collector
- session id: 59da16ef-9085-43a2-89aa-41dbe97a76f5
- device id: 4ca35884-a93a-48fc-ad16-80b2a90aa32e
- application id: Box Tools Win exe
- application name: BoxTools
- application version: 4.27.1.1145
- metric collection url: https://client-log.box.com/index.php?rm=box_gen204_json_record
- metric data path: C:\Users\pcedillo\AppData\Local\Box\Box Tools\Metrics\BoxTools_Metrics.db
- post callback: 05452F0E
- log callback: 05452F36
- context: 00000000
- post interval in seconds: 600
- max records in a post: 100
- max db records: 500
- disable sender: true
[2025-01-24 04:50:16,520] [12   ] [INFO ] [] - Shutting down the metrics collector
[2025-01-24 05:00:16,505] [7    ] [INFO ] [] - Initializing the metrics collector
[2025-01-24 05:00:16,519] [7    ] [INFO ] [] - MetricsCollector::Sender(49): _disableSentMetrics 1
[2025-01-24 05:00:16,520] [7    ] [INFO ] [] - MetricsCollector::Initialize(231): Initialized metrics collector
- session id: 59da16ef-9085-43a2-89aa-41dbe97a76f5
- device id: 4ca35884-a93a-48fc-ad16-80b2a90aa32e
- application id: Box Tools Win exe
- application name: BoxTools
- application version: 4.27.1.1145
- metric collection url: https://client-log.box.com/index.php?rm=box_gen204_json_record
- metric data path: C:\Users\pcedillo\AppData\Local\Box\Box Tools\Metrics\BoxTools_Metrics.db
- post callback: 05452F0E
- log callback: 05452F36
- context: 00000000
- post interval in seconds: 600
- max records in a post: 100
- max db records: 500
- disable sender: true
[2025-01-24 05:00:16,532] [7    ] [INFO ] [] - Shutting down the metrics collector
[2025-01-24 05:10:16,476] [3    ] [INFO ] [] - Initializing the metrics collector
[2025-01-24 05:10:16,492] [3    ] [INFO ] [] - MetricsCollector::Sender(49): _disableSentMetrics 1
[2025-01-24 05:10:16,493] [3    ] [INFO ] [] - MetricsCollector::Initialize(231): Initialized metrics collector
- session id: 59da16ef-9085-43a2-89aa-41dbe97a76f5
- device id: 4ca35884-a93a-48fc-ad16-80b2a90aa32e
- application id: Box Tools Win exe
- application name: BoxTools
- application version: 4.27.1.1145
- metric collection url: https://client-log.box.com/index.php?rm=box_gen204_json_record
- metric data path: C:\Users\pcedillo\AppData\Local\Box\Box Tools\Metrics\BoxTools_Metrics.db
- post callback: 05452F0E
- log callback: 05452F36
- context: 00000000
- post interval in seconds: 600
- max records in a post: 100
- max db records: 500
- disable sender: true
[2025-01-24 05:10:16,506] [3    ] [INFO ] [] - Shutting down the metrics collector
[2025-01-24 05:20:16,416] [17   ] [INFO ] [] - Initializing the metrics collector
[2025-01-24 05:20:16,429] [17   ] [INFO ] [] - MetricsCollector::Sender(49): _disableSentMetrics 1
[2025-01-24 05:20:16,430] [17   ] [INFO ] [] - MetricsCollector::Initialize(231): Initialized metrics collector
- session id: 59da16ef-9085-43a2-89aa-41dbe97a76f5
- device id: 4ca35884-a93a-48fc-ad16-80b2a90aa32e
- application id: Box Tools Win exe
- application name: BoxTools
- application version: 4.27.1.1145
- metric collection url: https://client-log.box.com/index.php?rm=box_gen204_json_record
- metric data path: C:\Users\pcedillo\AppData\Local\Box\Box Tools\Metrics\BoxTools_Metrics.db
- post callback: 05452F0E
- log callback: 05452F36
- context: 00000000
- post interval in seconds: 600
- max records in a post: 100
- max db records: 500
- disable sender: true
[2025-01-24 05:20:16,443] [17   ] [INFO ] [] - Shutting down the metrics collector
[2025-01-24 05:30:16,401] [7    ] [INFO ] [] - Initializing the metrics collector
[2025-01-24 05:30:16,407] [7    ] [INFO ] [] - MetricsCollector::Sender(49): _disableSentMetrics 1
[2025-01-24 05:30:16,407] [7    ] [INFO ] [] - MetricsCollector::Initialize(231): Initialized metrics collector
- session id: 59da16ef-9085-43a2-89aa-41dbe97a76f5
- device id: 4ca35884-a93a-48fc-ad16-80b2a90aa32e
- application id: Box Tools Win exe
- application name: BoxTools
- application version: 4.27.1.1145
- metric collection url: https://client-log.box.com/index.php?rm=box_gen204_json_record
- metric data path: C:\Users\pcedillo\AppData\Local\Box\Box Tools\Metrics\BoxTools_Metrics.db
- post callback: 05452F0E
- log callback: 05452F36
- context: 00000000
- post interval in seconds: 600
- max records in a post: 100
- max db records: 500
- disable sender: true
[2025-01-24 05:30:16,413] [7    ] [INFO ] [] - Shutting down the metrics collector
[2025-01-24 05:40:16,386] [12   ] [INFO ] [] - Initializing the metrics collector
[2025-01-24 05:40:16,393] [12   ] [INFO ] [] - MetricsCollector::Sender(49): _disableSentMetrics 1
[2025-01-24 05:40:16,394] [12   ] [INFO ] [] - MetricsCollector::Initialize(231): Initialized metrics collector
- session id: 59da16ef-9085-43a2-89aa-41dbe97a76f5
- device id: 4ca35884-a93a-48fc-ad16-80b2a90aa32e
- application id: Box Tools Win exe
- application name: BoxTools
- application version: 4.27.1.1145
- metric collection url: https://client-log.box.com/index.php?rm=box_gen204_json_record
- metric data path: C:\Users\pcedillo\AppData\Local\Box\Box Tools\Metrics\BoxTools_Metrics.db
- post callback: 05452F0E
- log callback: 05452F36
- context: 00000000
- post interval in seconds: 600
- max records in a post: 100
- max db records: 500
- disable sender: true
[2025-01-24 05:40:16,404] [12   ] [INFO ] [] - Shutting down the metrics collector
[2025-01-24 05:50:16,321] [44   ] [INFO ] [] - Initializing the metrics collector
[2025-01-24 05:50:16,336] [44   ] [INFO ] [] - MetricsCollector::Sender(49): _disableSentMetrics 1
[2025-01-24 05:50:16,337] [44   ] [INFO ] [] - MetricsCollector::Initialize(231): Initialized metrics collector
- session id: 59da16ef-9085-43a2-89aa-41dbe97a76f5
- device id: 4ca35884-a93a-48fc-ad16-80b2a90aa32e
- application id: Box Tools Win exe
- application name: BoxTools
- application version: 4.27.1.1145
- metric collection url: https://client-log.box.com/index.php?rm=box_gen204_json_record
- metric data path: C:\Users\pcedillo\AppData\Local\Box\Box Tools\Metrics\BoxTools_Metrics.db
- post callback: 05452F0E
- log callback: 05452F36
- context: 00000000
- post interval in seconds: 600
- max records in a post: 100
- max db records: 500
- disable sender: true
[2025-01-24 05:50:16,353] [44   ] [INFO ] [] - Shutting down the metrics collector
[2025-01-24 06:00:16,280] [48   ] [INFO ] [] - Initializing the metrics collector
[2025-01-24 06:00:16,291] [48   ] [INFO ] [] - MetricsCollector::Sender(49): _disableSentMetrics 1
[2025-01-24 06:00:16,292] [48   ] [INFO ] [] - MetricsCollector::Initialize(231): Initialized metrics collector
- session id: 59da16ef-9085-43a2-89aa-41dbe97a76f5
- device id: 4ca35884-a93a-48fc-ad16-80b2a90aa32e
- application id: Box Tools Win exe
- application name: BoxTools
- application version: 4.27.1.1145
- metric collection url: https://client-log.box.com/index.php?rm=box_gen204_json_record
- metric data path: C:\Users\pcedillo\AppData\Local\Box\Box Tools\Metrics\BoxTools_Metrics.db
- post callback: 05452F0E
- log callback: 05452F36
- context: 00000000
- post interval in seconds: 600
- max records in a post: 100
- max db records: 500
- disable sender: true
[2025-01-24 06:00:16,304] [48   ] [INFO ] [] - Shutting down the metrics collector
[2025-01-24 06:10:16,271] [49   ] [INFO ] [] - Initializing the metrics collector
[2025-01-24 06:10:16,284] [49   ] [INFO ] [] - MetricsCollector::Sender(49): _disableSentMetrics 1
[2025-01-24 06:10:16,284] [49   ] [INFO ] [] - MetricsCollector::Initialize(231): Initialized metrics collector
- session id: 59da16ef-9085-43a2-89aa-41dbe97a76f5
- device id: 4ca35884-a93a-48fc-ad16-80b2a90aa32e
- application id: Box Tools Win exe
- application name: BoxTools
- application version: 4.27.1.1145
- metric collection url: https://client-log.box.com/index.php?rm=box_gen204_json_record
- metric data path: C:\Users\pcedillo\AppData\Local\Box\Box Tools\Metrics\BoxTools_Metrics.db
- post callback: 05452F0E
- log callback: 05452F36
- context: 00000000
- post interval in seconds: 600
- max records in a post: 100
- max db records: 500
- disable sender: true
[2025-01-24 06:10:16,297] [49   ] [INFO ] [] - Shutting down the metrics collector
[2025-01-24 06:20:16,229] [47   ] [INFO ] [] - Initializing the metrics collector
[2025-01-24 06:20:16,241] [47   ] [INFO ] [] - MetricsCollector::Sender(49): _disableSentMetrics 1
[2025-01-24 06:20:16,242] [47   ] [INFO ] [] - MetricsCollector::Initialize(231): Initialized metrics collector
- session id: 59da16ef-9085-43a2-89aa-41dbe97a76f5
- device id: 4ca35884-a93a-48fc-ad16-80b2a90aa32e
- application id: Box Tools Win exe
- application name: BoxTools
- application version: 4.27.1.1145
- metric collection url: https://client-log.box.com/index.php?rm=box_gen204_json_record
- metric data path: C:\Users\pcedillo\AppData\Local\Box\Box Tools\Metrics\BoxTools_Metrics.db
- post callback: 05452F0E
- log callback: 05452F36
- context: 00000000
- post interval in seconds: 600
- max records in a post: 100
- max db records: 500
- disable sender: true
[2025-01-24 06:20:16,254] [47   ] [INFO ] [] - Shutting down the metrics collector
[2025-01-24 06:30:16,176] [3    ] [INFO ] [] - Initializing the metrics collector
[2025-01-24 06:30:16,185] [3    ] [INFO ] [] - MetricsCollector::Sender(49): _disableSentMetrics 1
[2025-01-24 06:30:16,185] [3    ] [INFO ] [] - MetricsCollector::Initialize(231): Initialized metrics collector
- session id: 59da16ef-9085-43a2-89aa-41dbe97a76f5
- device id: 4ca35884-a93a-48fc-ad16-80b2a90aa32e
- application id: Box Tools Win exe
- application name: BoxTools
- application version: 4.27.1.1145
- metric collection url: https://client-log.box.com/index.php?rm=box_gen204_json_record
- metric data path: C:\Users\pcedillo\AppData\Local\Box\Box Tools\Metrics\BoxTools_Metrics.db
- post callback: 05452F0E
- log callback: 05452F36
- context: 00000000
- post interval in seconds: 600
- max records in a post: 100
- max db records: 500
- disable sender: true
[2025-01-24 06:30:16,196] [3    ] [INFO ] [] - Shutting down the metrics collector
[2025-01-24 06:40:16,146] [51   ] [INFO ] [] - Initializing the metrics collector
[2025-01-24 06:40:16,157] [51   ] [INFO ] [] - MetricsCollector::Sender(49): _disableSentMetrics 1
[2025-01-24 06:40:16,158] [51   ] [INFO ] [] - MetricsCollector::Initialize(231): Initialized metrics collector
- session id: 59da16ef-9085-43a2-89aa-41dbe97a76f5
- device id: 4ca35884-a93a-48fc-ad16-80b2a90aa32e
- application id: Box Tools Win exe
- application name: BoxTools
- application version: 4.27.1.1145
- metric collection url: https://client-log.box.com/index.php?rm=box_gen204_json_record
- metric data path: C:\Users\pcedillo\AppData\Local\Box\Box Tools\Metrics\BoxTools_Metrics.db
- post callback: 05452F0E
- log callback: 05452F36
- context: 00000000
- post interval in seconds: 600
- max records in a post: 100
- max db records: 500
- disable sender: true
[2025-01-24 06:40:16,171] [51   ] [INFO ] [] - Shutting down the metrics collector
[2025-01-24 06:50:16,130] [52   ] [INFO ] [] - Initializing the metrics collector
[2025-01-24 06:50:16,144] [52   ] [INFO ] [] - MetricsCollector::Sender(49): _disableSentMetrics 1
[2025-01-24 06:50:16,145] [52   ] [INFO ] [] - MetricsCollector::Initialize(231): Initialized metrics collector
- session id: 59da16ef-9085-43a2-89aa-41dbe97a76f5
- device id: 4ca35884-a93a-48fc-ad16-80b2a90aa32e
- application id: Box Tools Win exe
- application name: BoxTools
- application version: 4.27.1.1145
- metric collection url: https://client-log.box.com/index.php?rm=box_gen204_json_record
- metric data path: C:\Users\pcedillo\AppData\Local\Box\Box Tools\Metrics\BoxTools_Metrics.db
- post callback: 05452F0E
- log callback: 05452F36
- context: 00000000
- post interval in seconds: 600
- max records in a post: 100
- max db records: 500
- disable sender: true
[2025-01-24 06:50:16,159] [52   ] [INFO ] [] - Shutting down the metrics collector
[2025-01-24 07:01:19,376] [58   ] [INFO ] [] - Initializing the metrics collector
[2025-01-24 07:01:19,396] [58   ] [INFO ] [] - MetricsCollector::Sender(49): _disableSentMetrics 1
[2025-01-24 07:01:19,398] [58   ] [INFO ] [] - MetricsCollector::Initialize(231): Initialized metrics collector
- session id: 59da16ef-9085-43a2-89aa-41dbe97a76f5
- device id: 4ca35884-a93a-48fc-ad16-80b2a90aa32e
- application id: Box Tools Win exe
- application name: BoxTools
- application version: 4.27.1.1145
- metric collection url: https://client-log.box.com/index.php?rm=box_gen204_json_record
- metric data path: C:\Users\pcedillo\AppData\Local\Box\Box Tools\Metrics\BoxTools_Metrics.db
- post callback: 05452F0E
- log callback: 05452F36
- context: 00000000
- post interval in seconds: 600
- max records in a post: 100
- max db records: 500
- disable sender: true
[2025-01-24 07:01:19,416] [58   ] [INFO ] [] - Shutting down the metrics collector
[2025-01-24 07:11:19,399] [10   ] [INFO ] [] - Initializing the metrics collector
[2025-01-24 07:11:19,414] [10   ] [INFO ] [] - MetricsCollector::Sender(49): _disableSentMetrics 1
[2025-01-24 07:11:19,416] [10   ] [INFO ] [] - MetricsCollector::Initialize(231): Initialized metrics collector
- session id: 59da16ef-9085-43a2-89aa-41dbe97a76f5
- device id: 4ca35884-a93a-48fc-ad16-80b2a90aa32e
- application id: Box Tools Win exe
- application name: BoxTools
- application version: 4.27.1.1145
- metric collection url: https://client-log.box.com/index.php?rm=box_gen204_json_record
- metric data path: C:\Users\pcedillo\AppData\Local\Box\Box Tools\Metrics\BoxTools_Metrics.db
- post callback: 05452F0E
- log callback: 05452F36
- context: 00000000
- post interval in seconds: 600
- max records in a post: 100
- max db records: 500
- disable sender: true
[2025-01-24 07:11:19,433] [10   ] [INFO ] [] - Shutting down the metrics collector
[2025-01-24 07:21:19,196] [46   ] [INFO ] [] - Initializing the metrics collector
[2025-01-24 07:21:19,211] [46   ] [INFO ] [] - MetricsCollector::Sender(49): _disableSentMetrics 1
[2025-01-24 07:21:19,212] [46   ] [INFO ] [] - MetricsCollector::Initialize(231): Initialized metrics collector
- session id: 59da16ef-9085-43a2-89aa-41dbe97a76f5
- device id: 4ca35884-a93a-48fc-ad16-80b2a90aa32e
- application id: Box Tools Win exe
- application name: BoxTools
- application version: 4.27.1.1145
- metric collection url: https://client-log.box.com/index.php?rm=box_gen204_json_record
- metric data path: C:\Users\pcedillo\AppData\Local\Box\Box Tools\Metrics\BoxTools_Metrics.db
- post callback: 05452F0E
- log callback: 05452F36
- context: 00000000
- post interval in seconds: 600
- max records in a post: 100
- max db records: 500
- disable sender: true
[2025-01-24 07:21:19,230] [46   ] [INFO ] [] - Shutting down the metrics collector
[2025-01-24 07:31:19,113] [43   ] [INFO ] [] - Initializing the metrics collector
[2025-01-24 07:31:19,132] [43   ] [INFO ] [] - MetricsCollector::Sender(49): _disableSentMetrics 1
[2025-01-24 07:31:19,134] [43   ] [INFO ] [] - MetricsCollector::Initialize(231): Initialized metrics collector
- session id: 59da16ef-9085-43a2-89aa-41dbe97a76f5
- device id: 4ca35884-a93a-48fc-ad16-80b2a90aa32e
- application id: Box Tools Win exe
- application name: BoxTools
- application version: 4.27.1.1145
- metric collection url: https://client-log.box.com/index.php?rm=box_gen204_json_record
- metric data path: C:\Users\pcedillo\AppData\Local\Box\Box Tools\Metrics\BoxTools_Metrics.db
- post callback: 05452F0E
- log callback: 05452F36
- context: 00000000
- post interval in seconds: 600
- max records in a post: 100
- max db records: 500
- disable sender: true
[2025-01-24 07:31:19,156] [43   ] [INFO ] [] - Shutting down the metrics collector
[2025-01-24 07:41:19,123] [10   ] [INFO ] [] - Initializing the metrics collector
[2025-01-24 07:41:19,146] [10   ] [INFO ] [] - MetricsCollector::Sender(49): _disableSentMetrics 1
[2025-01-24 07:41:19,146] [10   ] [INFO ] [] - MetricsCollector::Initialize(231): Initialized metrics collector
- session id: 59da16ef-9085-43a2-89aa-41dbe97a76f5
- device id: 4ca35884-a93a-48fc-ad16-80b2a90aa32e
- application id: Box Tools Win exe
- application name: BoxTools
- application version: 4.27.1.1145
- metric collection url: https://client-log.box.com/index.php?rm=box_gen204_json_record
- metric data path: C:\Users\pcedillo\AppData\Local\Box\Box Tools\Metrics\BoxTools_Metrics.db
- post callback: 05452F0E
- log callback: 05452F36
- context: 00000000
- post interval in seconds: 600
- max records in a post: 100
- max db records: 500
- disable sender: true
[2025-01-24 07:41:19,166] [10   ] [INFO ] [] - Shutting down the metrics collector
[2025-01-24 07:51:19,054] [46   ] [INFO ] [] - Initializing the metrics collector
[2025-01-24 07:51:19,060] [46   ] [INFO ] [] - MetricsCollector::Sender(49): _disableSentMetrics 1
[2025-01-24 07:51:19,060] [46   ] [INFO ] [] - MetricsCollector::Initialize(231): Initialized metrics collector
- session id: 59da16ef-9085-43a2-89aa-41dbe97a76f5
- device id: 4ca35884-a93a-48fc-ad16-80b2a90aa32e
- application id: Box Tools Win exe
- application name: BoxTools
- application version: 4.27.1.1145
- metric collection url: https://client-log.box.com/index.php?rm=box_gen204_json_record
- metric data path: C:\Users\pcedillo\AppData\Local\Box\Box Tools\Metrics\BoxTools_Metrics.db
- post callback: 05452F0E
- log callback: 05452F36
- context: 00000000
- post interval in seconds: 600
- max records in a post: 100
- max db records: 500
- disable sender: true
[2025-01-24 07:51:19,065] [46   ] [INFO ] [] - Shutting down the metrics collector
[2025-01-24 08:01:19,019] [58   ] [INFO ] [] - Initializing the metrics collector
[2025-01-24 08:01:19,033] [58   ] [INFO ] [] - MetricsCollector::Sender(49): _disableSentMetrics 1
[2025-01-24 08:01:19,034] [58   ] [INFO ] [] - MetricsCollector::Initialize(231): Initialized metrics collector
- session id: 59da16ef-9085-43a2-89aa-41dbe97a76f5
- device id: 4ca35884-a93a-48fc-ad16-80b2a90aa32e
- application id: Box Tools Win exe
- application name: BoxTools
- application version: 4.27.1.1145
- metric collection url: https://client-log.box.com/index.php?rm=box_gen204_json_record
- metric data path: C:\Users\pcedillo\AppData\Local\Box\Box Tools\Metrics\BoxTools_Metrics.db
- post callback: 05452F0E
- log callback: 05452F36
- context: 00000000
- post interval in seconds: 600
- max records in a post: 100
- max db records: 500
- disable sender: true
[2025-01-24 08:01:19,048] [58   ] [INFO ] [] - Shutting down the metrics collector
[2025-01-24 08:11:18,982] [52   ] [INFO ] [] - Initializing the metrics collector
[2025-01-24 08:11:18,994] [52   ] [INFO ] [] - MetricsCollector::Sender(49): _disableSentMetrics 1
[2025-01-24 08:11:18,994] [52   ] [INFO ] [] - MetricsCollector::Initialize(231): Initialized metrics collector
- session id: 59da16ef-9085-43a2-89aa-41dbe97a76f5
- device id: 4ca35884-a93a-48fc-ad16-80b2a90aa32e
- application id: Box Tools Win exe
- application name: BoxTools
- application version: 4.27.1.1145
- metric collection url: https://client-log.box.com/index.php?rm=box_gen204_json_record
- metric data path: C:\Users\pcedillo\AppData\Local\Box\Box Tools\Metrics\BoxTools_Metrics.db
- post callback: 05452F0E
- log callback: 05452F36
- context: 00000000
- post interval in seconds: 600
- max records in a post: 100
- max db records: 500
- disable sender: true
[2025-01-24 08:11:19,002] [52   ] [INFO ] [] - Shutting down the metrics collector
[2025-01-24 08:21:18,939] [51   ] [INFO ] [] - Initializing the metrics collector
[2025-01-24 08:21:18,954] [51   ] [INFO ] [] - MetricsCollector::Sender(49): _disableSentMetrics 1
[2025-01-24 08:21:18,955] [51   ] [INFO ] [] - MetricsCollector::Initialize(231): Initialized metrics collector
- session id: 59da16ef-9085-43a2-89aa-41dbe97a76f5
- device id: 4ca35884-a93a-48fc-ad16-80b2a90aa32e
- application id: Box Tools Win exe
- application name: BoxTools
- application version: 4.27.1.1145
- metric collection url: https://client-log.box.com/index.php?rm=box_gen204_json_record
- metric data path: C:\Users\pcedillo\AppData\Local\Box\Box Tools\Metrics\BoxTools_Metrics.db
- post callback: 05452F0E
- log callback: 05452F36
- context: 00000000
- post interval in seconds: 600
- max records in a post: 100
- max db records: 500
- disable sender: true
[2025-01-24 08:21:18,972] [51   ] [INFO ] [] - Shutting down the metrics collector
[2025-01-24 08:31:18,922] [3    ] [INFO ] [] - Initializing the metrics collector
[2025-01-24 08:31:18,935] [3    ] [INFO ] [] - MetricsCollector::Sender(49): _disableSentMetrics 1
[2025-01-24 08:31:18,937] [3    ] [INFO ] [] - MetricsCollector::Initialize(231): Initialized metrics collector
- session id: 59da16ef-9085-43a2-89aa-41dbe97a76f5
- device id: 4ca35884-a93a-48fc-ad16-80b2a90aa32e
- application id: Box Tools Win exe
- application name: BoxTools
- application version: 4.27.1.1145
- metric collection url: https://client-log.box.com/index.php?rm=box_gen204_json_record
- metric data path: C:\Users\pcedillo\AppData\Local\Box\Box Tools\Metrics\BoxTools_Metrics.db
- post callback: 05452F0E
- log callback: 05452F36
- context: 00000000
- post interval in seconds: 600
- max records in a post: 100
- max db records: 500
- disable sender: true
[2025-01-24 08:31:18,950] [3    ] [INFO ] [] - Shutting down the metrics collector
[2025-01-24 08:41:18,871] [47   ] [INFO ] [] - Initializing the metrics collector
[2025-01-24 08:41:18,882] [47   ] [INFO ] [] - MetricsCollector::Sender(49): _disableSentMetrics 1
[2025-01-24 08:41:18,882] [47   ] [INFO ] [] - MetricsCollector::Initialize(231): Initialized metrics collector
- session id: 59da16ef-9085-43a2-89aa-41dbe97a76f5
- device id: 4ca35884-a93a-48fc-ad16-80b2a90aa32e
- application id: Box Tools Win exe
- application name: BoxTools
- application version: 4.27.1.1145
- metric collection url: https://client-log.box.com/index.php?rm=box_gen204_json_record
- metric data path: C:\Users\pcedillo\AppData\Local\Box\Box Tools\Metrics\BoxTools_Metrics.db
- post callback: 05452F0E
- log callback: 05452F36
- context: 00000000
- post interval in seconds: 600
- max records in a post: 100
- max db records: 500
- disable sender: true
[2025-01-24 08:41:18,893] [47   ] [INFO ] [] - Shutting down the metrics collector
[2025-01-24 08:51:18,851] [49   ] [INFO ] [] - Initializing the metrics collector
[2025-01-24 08:51:18,866] [49   ] [INFO ] [] - MetricsCollector::Sender(49): _disableSentMetrics 1
[2025-01-24 08:51:18,868] [49   ] [INFO ] [] - MetricsCollector::Initialize(231): Initialized metrics collector
- session id: 59da16ef-9085-43a2-89aa-41dbe97a76f5
- device id: 4ca35884-a93a-48fc-ad16-80b2a90aa32e
- application id: Box Tools Win exe
- application name: BoxTools
- application version: 4.27.1.1145
- metric collection url: https://client-log.box.com/index.php?rm=box_gen204_json_record
- metric data path: C:\Users\pcedillo\AppData\Local\Box\Box Tools\Metrics\BoxTools_Metrics.db
- post callback: 05452F0E
- log callback: 05452F36
- context: 00000000
- post interval in seconds: 600
- max records in a post: 100
- max db records: 500
- disable sender: true
[2025-01-24 08:51:18,883] [49   ] [INFO ] [] - Shutting down the metrics collector
[2025-01-24 09:01:18,786] [48   ] [INFO ] [] - Initializing the metrics collector
[2025-01-24 09:01:18,795] [48   ] [INFO ] [] - MetricsCollector::Sender(49): _disableSentMetrics 1
[2025-01-24 09:01:18,796] [48   ] [INFO ] [] - MetricsCollector::Initialize(231): Initialized metrics collector
- session id: 59da16ef-9085-43a2-89aa-41dbe97a76f5
- device id: 4ca35884-a93a-48fc-ad16-80b2a90aa32e
- application id: Box Tools Win exe
- application name: BoxTools
- application version: 4.27.1.1145
- metric collection url: https://client-log.box.com/index.php?rm=box_gen204_json_record
- metric data path: C:\Users\pcedillo\AppData\Local\Box\Box Tools\Metrics\BoxTools_Metrics.db
- post callback: 05452F0E
- log callback: 05452F36
- context: 00000000
- post interval in seconds: 600
- max records in a post: 100
- max db records: 500
- disable sender: true
[2025-01-24 09:01:18,803] [48   ] [INFO ] [] - Shutting down the metrics collector
[2025-01-24 09:11:18,764] [44   ] [INFO ] [] - Initializing the metrics collector
[2025-01-24 09:11:18,778] [44   ] [INFO ] [] - MetricsCollector::Sender(49): _disableSentMetrics 1
[2025-01-24 09:11:18,778] [44   ] [INFO ] [] - MetricsCollector::Initialize(231): Initialized metrics collector
- session id: 59da16ef-9085-43a2-89aa-41dbe97a76f5
- device id: 4ca35884-a93a-48fc-ad16-80b2a90aa32e
- application id: Box Tools Win exe
- application name: BoxTools
- application version: 4.27.1.1145
- metric collection url: https://client-log.box.com/index.php?rm=box_gen204_json_record
- metric data path: C:\Users\pcedillo\AppData\Local\Box\Box Tools\Metrics\BoxTools_Metrics.db
- post callback: 05452F0E
- log callback: 05452F36
- context: 00000000
- post interval in seconds: 600
- max records in a post: 100
- max db records: 500
- disable sender: true
[2025-01-24 09:11:18,791] [44   ] [INFO ] [] - Shutting down the metrics collector
[2025-01-24 09:21:18,727] [12   ] [INFO ] [] - Initializing the metrics collector
[2025-01-24 09:21:18,737] [12   ] [INFO ] [] - MetricsCollector::Sender(49): _disableSentMetrics 1
[2025-01-24 09:21:18,738] [12   ] [INFO ] [] - MetricsCollector::Initialize(231): Initialized metrics collector
- session id: 59da16ef-9085-43a2-89aa-41dbe97a76f5
- device id: 4ca35884-a93a-48fc-ad16-80b2a90aa32e
- application id: Box Tools Win exe
- application name: BoxTools
- application version: 4.27.1.1145
- metric collection url: https://client-log.box.com/index.php?rm=box_gen204_json_record
- metric data path: C:\Users\pcedillo\AppData\Local\Box\Box Tools\Metrics\BoxTools_Metrics.db
- post callback: 05452F0E
- log callback: 05452F36
- context: 00000000
- post interval in seconds: 600
- max records in a post: 100
- max db records: 500
- disable sender: true
[2025-01-24 09:21:18,750] [12   ] [INFO ] [] - Shutting down the metrics collector
[2025-01-24 09:31:18,667] [17   ] [INFO ] [] - Initializing the metrics collector
[2025-01-24 09:31:18,676] [17   ] [INFO ] [] - MetricsCollector::Sender(49): _disableSentMetrics 1
[2025-01-24 09:31:18,678] [17   ] [INFO ] [] - MetricsCollector::Initialize(231): Initialized metrics collector
- session id: 59da16ef-9085-43a2-89aa-41dbe97a76f5
- device id: 4ca35884-a93a-48fc-ad16-80b2a90aa32e
- application id: Box Tools Win exe
- application name: BoxTools
- application version: 4.27.1.1145
- metric collection url: https://client-log.box.com/index.php?rm=box_gen204_json_record
- metric data path: C:\Users\pcedillo\AppData\Local\Box\Box Tools\Metrics\BoxTools_Metrics.db
- post callback: 05452F0E
- log callback: 05452F36
- context: 00000000
- post interval in seconds: 600
- max records in a post: 100
- max db records: 500
- disable sender: true
[2025-01-24 09:31:18,689] [17   ] [INFO ] [] - Shutting down the metrics collector
[2025-01-24 09:41:18,657] [6    ] [INFO ] [] - Initializing the metrics collector
[2025-01-24 09:41:18,668] [6    ] [INFO ] [] - MetricsCollector::Sender(49): _disableSentMetrics 1
[2025-01-24 09:41:18,668] [6    ] [INFO ] [] - MetricsCollector::Initialize(231): Initialized metrics collector
- session id: 59da16ef-9085-43a2-89aa-41dbe97a76f5
- device id: 4ca35884-a93a-48fc-ad16-80b2a90aa32e
- application id: Box Tools Win exe
- application name: BoxTools
- application version: 4.27.1.1145
- metric collection url: https://client-log.box.com/index.php?rm=box_gen204_json_record
- metric data path: C:\Users\pcedillo\AppData\Local\Box\Box Tools\Metrics\BoxTools_Metrics.db
- post callback: 05452F0E
- log callback: 05452F36
- context: 00000000
- post interval in seconds: 600
- max records in a post: 100
- max db records: 500
- disable sender: true
[2025-01-24 09:41:18,675] [6    ] [INFO ] [] - Shutting down the metrics collector
[2025-01-24 09:51:18,595] [57   ] [INFO ] [] - Initializing the metrics collector
[2025-01-24 09:51:18,606] [57   ] [INFO ] [] - MetricsCollector::Sender(49): _disableSentMetrics 1
[2025-01-24 09:51:18,608] [57   ] [INFO ] [] - MetricsCollector::Initialize(231): Initialized metrics collector
- session id: 59da16ef-9085-43a2-89aa-41dbe97a76f5
- device id: 4ca35884-a93a-48fc-ad16-80b2a90aa32e
- application id: Box Tools Win exe
- application name: BoxTools
- application version: 4.27.1.1145
- metric collection url: https://client-log.box.com/index.php?rm=box_gen204_json_record
- metric data path: C:\Users\pcedillo\AppData\Local\Box\Box Tools\Metrics\BoxTools_Metrics.db
- post callback: 05452F0E
- log callback: 05452F36
- context: 00000000
- post interval in seconds: 600
- max records in a post: 100
- max db records: 500
- disable sender: true
[2025-01-24 09:51:18,620] [57   ] [INFO ] [] - Shutting down the metrics collector
[2025-01-24 10:01:18,568] [26   ] [INFO ] [] - Initializing the metrics collector
[2025-01-24 10:01:18,577] [26   ] [INFO ] [] - MetricsCollector::Sender(49): _disableSentMetrics 1
[2025-01-24 10:01:18,578] [26   ] [INFO ] [] - MetricsCollector::Initialize(231): Initialized metrics collector
- session id: 59da16ef-9085-43a2-89aa-41dbe97a76f5
- device id: 4ca35884-a93a-48fc-ad16-80b2a90aa32e
- application id: Box Tools Win exe
- application name: BoxTools
- application version: 4.27.1.1145
- metric collection url: https://client-log.box.com/index.php?rm=box_gen204_json_record
- metric data path: C:\Users\pcedillo\AppData\Local\Box\Box Tools\Metrics\BoxTools_Metrics.db
- post callback: 05452F0E
- log callback: 05452F36
- context: 00000000
- post interval in seconds: 600
- max records in a post: 100
- max db records: 500
- disable sender: true
[2025-01-24 10:01:18,586] [26   ] [INFO ] [] - Shutting down the metrics collector
[2025-01-24 10:11:18,531] [39   ] [INFO ] [] - Initializing the metrics collector
[2025-01-24 10:11:18,543] [39   ] [INFO ] [] - MetricsCollector::Sender(49): _disableSentMetrics 1
[2025-01-24 10:11:18,544] [39   ] [INFO ] [] - MetricsCollector::Initialize(231): Initialized metrics collector
- session id: 59da16ef-9085-43a2-89aa-41dbe97a76f5
- device id: 4ca35884-a93a-48fc-ad16-80b2a90aa32e
- application id: Box Tools Win exe
- application name: BoxTools
- application version: 4.27.1.1145
- metric collection url: https://client-log.box.com/index.php?rm=box_gen204_json_record
- metric data path: C:\Users\pcedillo\AppData\Local\Box\Box Tools\Metrics\BoxTools_Metrics.db
- post callback: 05452F0E
- log callback: 05452F36
- context: 00000000
- post interval in seconds: 600
- max records in a post: 100
- max db records: 500
- disable sender: true
[2025-01-24 10:11:18,554] [39   ] [INFO ] [] - Shutting down the metrics collector
[2025-01-24 10:21:18,535] [17   ] [INFO ] [] - Initializing the metrics collector
[2025-01-24 10:21:18,548] [17   ] [INFO ] [] - MetricsCollector::Sender(49): _disableSentMetrics 1
[2025-01-24 10:21:18,548] [17   ] [INFO ] [] - MetricsCollector::Initialize(231): Initialized metrics collector
- session id: 59da16ef-9085-43a2-89aa-41dbe97a76f5
- device id: 4ca35884-a93a-48fc-ad16-80b2a90aa32e
- application id: Box Tools Win exe
- application name: BoxTools
- application version: 4.27.1.1145
- metric collection url: https://client-log.box.com/index.php?rm=box_gen204_json_record
- metric data path: C:\Users\pcedillo\AppData\Local\Box\Box Tools\Metrics\BoxTools_Metrics.db
- post callback: 05452F0E
- log callback: 05452F36
- context: 00000000
- post interval in seconds: 600
- max records in a post: 100
- max db records: 500
- disable sender: true
[2025-01-24 10:21:18,561] [17   ] [INFO ] [] - Shutting down the metrics collector
[2025-01-24 10:31:18,543] [7    ] [INFO ] [] - Initializing the metrics collector
[2025-01-24 10:31:18,551] [7    ] [INFO ] [] - MetricsCollector::Sender(49): _disableSentMetrics 1
[2025-01-24 10:31:18,551] [7    ] [INFO ] [] - MetricsCollector::Initialize(231): Initialized metrics collector
- session id: 59da16ef-9085-43a2-89aa-41dbe97a76f5
- device id: 4ca35884-a93a-48fc-ad16-80b2a90aa32e
- application id: Box Tools Win exe
- application name: BoxTools
- application version: 4.27.1.1145
- metric collection url: https://client-log.box.com/index.php?rm=box_gen204_json_record
- metric data path: C:\Users\pcedillo\AppData\Local\Box\Box Tools\Metrics\BoxTools_Metrics.db
- post callback: 05452F0E
- log callback: 05452F36
- context: 00000000
- post interval in seconds: 600
- max records in a post: 100
- max db records: 500
- disable sender: true
[2025-01-24 10:31:18,557] [7    ] [INFO ] [] - Shutting down the metrics collector
[2025-01-24 10:41:18,562] [44   ] [INFO ] [] - Initializing the metrics collector
[2025-01-24 10:41:18,575] [44   ] [INFO ] [] - MetricsCollector::Sender(49): _disableSentMetrics 1
[2025-01-24 10:41:18,576] [44   ] [INFO ] [] - MetricsCollector::Initialize(231): Initialized metrics collector
- session id: 59da16ef-9085-43a2-89aa-41dbe97a76f5
- device id: 4ca35884-a93a-48fc-ad16-80b2a90aa32e
- application id: Box Tools Win exe
- application name: BoxTools
- application version: 4.27.1.1145
- metric collection url: https://client-log.box.com/index.php?rm=box_gen204_json_record
- metric data path: C:\Users\pcedillo\AppData\Local\Box\Box Tools\Metrics\BoxTools_Metrics.db
- post callback: 05452F0E
- log callback: 05452F36
- context: 00000000
- post interval in seconds: 600
- max records in a post: 100
- max db records: 500
- disable sender: true
[2025-01-24 10:41:18,587] [44   ] [INFO ] [] - Shutting down the metrics collector
[2025-01-24 10:51:18,561] [47   ] [INFO ] [] - Initializing the metrics collector
[2025-01-24 10:51:18,583] [47   ] [INFO ] [] - MetricsCollector::Sender(49): _disableSentMetrics 1
[2025-01-24 10:51:18,584] [47   ] [INFO ] [] - MetricsCollector::Initialize(231): Initialized metrics collector
- session id: 59da16ef-9085-43a2-89aa-41dbe97a76f5
- device id: 4ca35884-a93a-48fc-ad16-80b2a90aa32e
- application id: Box Tools Win exe
- application name: BoxTools
- application version: 4.27.1.1145
- metric collection url: https://client-log.box.com/index.php?rm=box_gen204_json_record
- metric data path: C:\Users\pcedillo\AppData\Local\Box\Box Tools\Metrics\BoxTools_Metrics.db
- post callback: 05452F0E
- log callback: 05452F36
- context: 00000000
- post interval in seconds: 600
- max records in a post: 100
- max db records: 500
- disable sender: true
[2025-01-24 10:51:18,603] [47   ] [INFO ] [] - Shutting down the metrics collector
[2025-01-24 11:01:18,567] [51   ] [INFO ] [] - Initializing the metrics collector
[2025-01-24 11:01:18,589] [51   ] [INFO ] [] - MetricsCollector::Sender(49): _disableSentMetrics 1
[2025-01-24 11:01:18,590] [51   ] [INFO ] [] - MetricsCollector::Initialize(231): Initialized metrics collector
- session id: 59da16ef-9085-43a2-89aa-41dbe97a76f5
- device id: 4ca35884-a93a-48fc-ad16-80b2a90aa32e
- application id: Box Tools Win exe
- application name: BoxTools
- application version: 4.27.1.1145
- metric collection url: https://client-log.box.com/index.php?rm=box_gen204_json_record
- metric data path: C:\Users\pcedillo\AppData\Local\Box\Box Tools\Metrics\BoxTools_Metrics.db
- post callback: 05452F0E
- log callback: 05452F36
- context: 00000000
- post interval in seconds: 600
- max records in a post: 100
- max db records: 500
- disable sender: true
[2025-01-24 11:01:18,609] [51   ] [INFO ] [] - Shutting down the metrics collector
[2025-01-24 11:11:18,503] [10   ] [INFO ] [] - Initializing the metrics collector
[2025-01-24 11:11:18,525] [10   ] [INFO ] [] - MetricsCollector::Sender(49): _disableSentMetrics 1
[2025-01-24 11:11:18,527] [10   ] [INFO ] [] - MetricsCollector::Initialize(231): Initialized metrics collector
- session id: 59da16ef-9085-43a2-89aa-41dbe97a76f5
- device id: 4ca35884-a93a-48fc-ad16-80b2a90aa32e
- application id: Box Tools Win exe
- application name: BoxTools
- application version: 4.27.1.1145
- metric collection url: https://client-log.box.com/index.php?rm=box_gen204_json_record
- metric data path: C:\Users\pcedillo\AppData\Local\Box\Box Tools\Metrics\BoxTools_Metrics.db
- post callback: 05452F0E
- log callback: 05452F36
- context: 00000000
- post interval in seconds: 600
- max records in a post: 100
- max db records: 500
- disable sender: true
[2025-01-24 11:11:18,543] [10   ] [INFO ] [] - Shutting down the metrics collector
[2025-01-24 11:21:18,384] [3    ] [INFO ] [] - Initializing the metrics collector
[2025-01-24 11:21:18,407] [3    ] [INFO ] [] - MetricsCollector::Sender(49): _disableSentMetrics 1
[2025-01-24 11:21:18,407] [3    ] [INFO ] [] - MetricsCollector::Initialize(231): Initialized metrics collector
- session id: 59da16ef-9085-43a2-89aa-41dbe97a76f5
- device id: 4ca35884-a93a-48fc-ad16-80b2a90aa32e
- application id: Box Tools Win exe
- application name: BoxTools
- application version: 4.27.1.1145
- metric collection url: https://client-log.box.com/index.php?rm=box_gen204_json_record
- metric data path: C:\Users\pcedillo\AppData\Local\Box\Box Tools\Metrics\BoxTools_Metrics.db
- post callback: 05452F0E
- log callback: 05452F36
- context: 00000000
- post interval in seconds: 600
- max records in a post: 100
- max db records: 500
- disable sender: true
[2025-01-24 11:21:18,426] [3    ] [INFO ] [] - Shutting down the metrics collector
[2025-01-24 11:31:18,327] [44   ] [INFO ] [] - Initializing the metrics collector
[2025-01-24 11:31:18,347] [44   ] [INFO ] [] - MetricsCollector::Sender(49): _disableSentMetrics 1
[2025-01-24 11:31:18,350] [44   ] [INFO ] [] - MetricsCollector::Initialize(231): Initialized metrics collector
- session id: 59da16ef-9085-43a2-89aa-41dbe97a76f5
- device id: 4ca35884-a93a-48fc-ad16-80b2a90aa32e
- application id: Box Tools Win exe
- application name: BoxTools
- application version: 4.27.1.1145
- metric collection url: https://client-log.box.com/index.php?rm=box_gen204_json_record
- metric data path: C:\Users\pcedillo\AppData\Local\Box\Box Tools\Metrics\BoxTools_Metrics.db
- post callback: 05452F0E
- log callback: 05452F36
- context: 00000000
- post interval in seconds: 600
- max records in a post: 100
- max db records: 500
- disable sender: true
[2025-01-24 11:31:18,369] [44   ] [INFO ] [] - Shutting down the metrics collector
[2025-01-24 11:41:18,289] [38   ] [INFO ] [] - Initializing the metrics collector
[2025-01-24 11:41:18,305] [38   ] [INFO ] [] - MetricsCollector::Sender(49): _disableSentMetrics 1
[2025-01-24 11:41:18,305] [38   ] [INFO ] [] - MetricsCollector::Initialize(231): Initialized metrics collector
- session id: 59da16ef-9085-43a2-89aa-41dbe97a76f5
- device id: 4ca35884-a93a-48fc-ad16-80b2a90aa32e
- application id: Box Tools Win exe
- application name: BoxTools
- application version: 4.27.1.1145
- metric collection url: https://client-log.box.com/index.php?rm=box_gen204_json_record
- metric data path: C:\Users\pcedillo\AppData\Local\Box\Box Tools\Metrics\BoxTools_Metrics.db
- post callback: 05452F0E
- log callback: 05452F36
- context: 00000000
- post interval in seconds: 600
- max records in a post: 100
- max db records: 500
- disable sender: true
[2025-01-24 11:41:18,324] [38   ] [INFO ] [] - Shutting down the metrics collector
[2025-01-24 11:51:18,211] [12   ] [INFO ] [] - Initializing the metrics collector
[2025-01-24 11:51:18,234] [12   ] [INFO ] [] - MetricsCollector::Sender(49): _disableSentMetrics 1
[2025-01-24 11:51:18,234] [12   ] [INFO ] [] - MetricsCollector::Initialize(231): Initialized metrics collector
- session id: 59da16ef-9085-43a2-89aa-41dbe97a76f5
- device id: 4ca35884-a93a-48fc-ad16-80b2a90aa32e
- application id: Box Tools Win exe
- application name: BoxTools
- application version: 4.27.1.1145
- metric collection url: https://client-log.box.com/index.php?rm=box_gen204_json_record
- metric data path: C:\Users\pcedillo\AppData\Local\Box\Box Tools\Metrics\BoxTools_Metrics.db
- post callback: 05452F0E
- log callback: 05452F36
- context: 00000000
- post interval in seconds: 600
- max records in a post: 100
- max db records: 500
- disable sender: true
[2025-01-24 11:51:18,253] [12   ] [INFO ] [] - Shutting down the metrics collector
[2025-01-24 12:01:18,152] [46   ] [INFO ] [] - Initializing the metrics collector
[2025-01-24 12:01:18,177] [46   ] [INFO ] [] - MetricsCollector::Sender(49): _disableSentMetrics 1
[2025-01-24 12:01:18,179] [46   ] [INFO ] [] - MetricsCollector::Initialize(231): Initialized metrics collector
- session id: 59da16ef-9085-43a2-89aa-41dbe97a76f5
- device id: 4ca35884-a93a-48fc-ad16-80b2a90aa32e
- application id: Box Tools Win exe
- application name: BoxTools
- application version: 4.27.1.1145
- metric collection url: https://client-log.box.com/index.php?rm=box_gen204_json_record
- metric data path: C:\Users\pcedillo\AppData\Local\Box\Box Tools\Metrics\BoxTools_Metrics.db
- post callback: 05452F0E
- log callback: 05452F36
- context: 00000000
- post interval in seconds: 600
- max records in a post: 100
- max db records: 500
- disable sender: true
[2025-01-24 12:01:18,195] [46   ] [INFO ] [] - Shutting down the metrics collector
[2025-01-24 12:11:18,145] [48   ] [INFO ] [] - Initializing the metrics collector
[2025-01-24 12:11:18,161] [48   ] [INFO ] [] - MetricsCollector::Sender(49): _disableSentMetrics 1
[2025-01-24 12:11:18,162] [48   ] [INFO ] [] - MetricsCollector::Initialize(231): Initialized metrics collector
- session id: 59da16ef-9085-43a2-89aa-41dbe97a76f5
- device id: 4ca35884-a93a-48fc-ad16-80b2a90aa32e
- application id: Box Tools Win exe
- application name: BoxTools
- application version: 4.27.1.1145
- metric collection url: https://client-log.box.com/index.php?rm=box_gen204_json_record
- metric data path: C:\Users\pcedillo\AppData\Local\Box\Box Tools\Metrics\BoxTools_Metrics.db
- post callback: 05452F0E
- log callback: 05452F36
- context: 00000000
- post interval in seconds: 600
- max records in a post: 100
- max db records: 500
- disable sender: true
[2025-01-24 12:11:18,181] [48   ] [INFO ] [] - Shutting down the metrics collector
[2025-01-24 12:21:18,090] [44   ] [INFO ] [] - Initializing the metrics collector
[2025-01-24 12:21:18,100] [44   ] [INFO ] [] - MetricsCollector::Sender(49): _disableSentMetrics 1
[2025-01-24 12:21:18,101] [44   ] [INFO ] [] - MetricsCollector::Initialize(231): Initialized metrics collector
- session id: 59da16ef-9085-43a2-89aa-41dbe97a76f5
- device id: 4ca35884-a93a-48fc-ad16-80b2a90aa32e
- application id: Box Tools Win exe
- application name: BoxTools
- application version: 4.27.1.1145
- metric collection url: https://client-log.box.com/index.php?rm=box_gen204_json_record
- metric data path: C:\Users\pcedillo\AppData\Local\Box\Box Tools\Metrics\BoxTools_Metrics.db
- post callback: 05452F0E
- log callback: 05452F36
- context: 00000000
- post interval in seconds: 600
- max records in a post: 100
- max db records: 500
- disable sender: true
[2025-01-24 12:21:18,112] [44   ] [INFO ] [] - Shutting down the metrics collector
[2025-01-24 12:31:18,046] [43   ] [INFO ] [] - Initializing the metrics collector
[2025-01-24 12:31:18,054] [43   ] [INFO ] [] - MetricsCollector::Sender(49): _disableSentMetrics 1
[2025-01-24 12:31:18,054] [43   ] [INFO ] [] - MetricsCollector::Initialize(231): Initialized metrics collector
- session id: 59da16ef-9085-43a2-89aa-41dbe97a76f5
- device id: 4ca35884-a93a-48fc-ad16-80b2a90aa32e
- application id: Box Tools Win exe
- application name: BoxTools
- application version: 4.27.1.1145
- metric collection url: https://client-log.box.com/index.php?rm=box_gen204_json_record
- metric data path: C:\Users\pcedillo\AppData\Local\Box\Box Tools\Metrics\BoxTools_Metrics.db
- post callback: 05452F0E
- log callback: 05452F36
- context: 00000000
- post interval in seconds: 600
- max records in a post: 100
- max db records: 500
- disable sender: true
[2025-01-24 12:31:18,062] [43   ] [INFO ] [] - Shutting down the metrics collector
[2025-01-24 12:41:18,037] [3    ] [INFO ] [] - Initializing the metrics collector
[2025-01-24 12:41:18,043] [3    ] [INFO ] [] - MetricsCollector::Sender(49): _disableSentMetrics 1
[2025-01-24 12:41:18,043] [3    ] [INFO ] [] - MetricsCollector::Initialize(231): Initialized metrics collector
- session id: 59da16ef-9085-43a2-89aa-41dbe97a76f5
- device id: 4ca35884-a93a-48fc-ad16-80b2a90aa32e
- application id: Box Tools Win exe
- application name: BoxTools
- application version: 4.27.1.1145
- metric collection url: https://client-log.box.com/index.php?rm=box_gen204_json_record
- metric data path: C:\Users\pcedillo\AppData\Local\Box\Box Tools\Metrics\BoxTools_Metrics.db
- post callback: 05452F0E
- log callback: 05452F36
- context: 00000000
- post interval in seconds: 600
- max records in a post: 100
- max db records: 500
- disable sender: true
[2025-01-24 12:41:18,050] [3    ] [INFO ] [] - Shutting down the metrics collector
[2025-01-24 12:51:18,016] [58   ] [INFO ] [] - Initializing the metrics collector
[2025-01-24 12:51:18,024] [58   ] [INFO ] [] - MetricsCollector::Sender(49): _disableSentMetrics 1
[2025-01-24 12:51:18,026] [58   ] [INFO ] [] - MetricsCollector::Initialize(231): Initialized metrics collector
- session id: 59da16ef-9085-43a2-89aa-41dbe97a76f5
- device id: 4ca35884-a93a-48fc-ad16-80b2a90aa32e
- application id: Box Tools Win exe
- application name: BoxTools
- application version: 4.27.1.1145
- metric collection url: https://client-log.box.com/index.php?rm=box_gen204_json_record
- metric data path: C:\Users\pcedillo\AppData\Local\Box\Box Tools\Metrics\BoxTools_Metrics.db
- post callback: 05452F0E
- log callback: 05452F36
- context: 00000000
- post interval in seconds: 600
- max records in a post: 100
- max db records: 500
- disable sender: true
[2025-01-24 12:51:18,041] [58   ] [INFO ] [] - Shutting down the metrics collector
[2025-01-24 13:01:18,029] [51   ] [INFO ] [] - Initializing the metrics collector
[2025-01-24 13:01:18,039] [51   ] [INFO ] [] - MetricsCollector::Sender(49): _disableSentMetrics 1
[2025-01-24 13:01:18,040] [51   ] [INFO ] [] - MetricsCollector::Initialize(231): Initialized metrics collector
- session id: 59da16ef-9085-43a2-89aa-41dbe97a76f5
- device id: 4ca35884-a93a-48fc-ad16-80b2a90aa32e
- application id: Box Tools Win exe
- application name: BoxTools
- application version: 4.27.1.1145
- metric collection url: https://client-log.box.com/index.php?rm=box_gen204_json_record
- metric data path: C:\Users\pcedillo\AppData\Local\Box\Box Tools\Metrics\BoxTools_Metrics.db
- post callback: 05452F0E
- log callback: 05452F36
- context: 00000000
- post interval in seconds: 600
- max records in a post: 100
- max db records: 500
- disable sender: true
[2025-01-24 13:01:18,052] [51   ] [INFO ] [] - Shutting down the metrics collector
[2025-01-24 13:11:18,030] [49   ] [INFO ] [] - Initializing the metrics collector
[2025-01-24 13:11:18,038] [49   ] [INFO ] [] - MetricsCollector::Sender(49): _disableSentMetrics 1
[2025-01-24 13:11:18,038] [49   ] [INFO ] [] - MetricsCollector::Initialize(231): Initialized metrics collector
- session id: 59da16ef-9085-43a2-89aa-41dbe97a76f5
- device id: 4ca35884-a93a-48fc-ad16-80b2a90aa32e
- application id: Box Tools Win exe
- application name: BoxTools
- application version: 4.27.1.1145
- metric collection url: https://client-log.box.com/index.php?rm=box_gen204_json_record
- metric data path: C:\Users\pcedillo\AppData\Local\Box\Box Tools\Metrics\BoxTools_Metrics.db
- post callback: 05452F0E
- log callback: 05452F36
- context: 00000000
- post interval in seconds: 600
- max records in a post: 100
- max db records: 500
- disable sender: true
[2025-01-24 13:11:18,044] [49   ] [INFO ] [] - Shutting down the metrics collector
[2025-01-24 13:21:18,052] [10   ] [INFO ] [] - Initializing the metrics collector
[2025-01-24 13:21:18,065] [10   ] [INFO ] [] - MetricsCollector::Sender(49): _disableSentMetrics 1
[2025-01-24 13:21:18,065] [10   ] [INFO ] [] - MetricsCollector::Initialize(231): Initialized metrics collector
- session id: 59da16ef-9085-43a2-89aa-41dbe97a76f5
- device id: 4ca35884-a93a-48fc-ad16-80b2a90aa32e
- application id: Box Tools Win exe
- application name: BoxTools
- application version: 4.27.1.1145
- metric collection url: https://client-log.box.com/index.php?rm=box_gen204_json_record
- metric data path: C:\Users\pcedillo\AppData\Local\Box\Box Tools\Metrics\BoxTools_Metrics.db
- post callback: 05452F0E
- log callback: 05452F36
- context: 00000000
- post interval in seconds: 600
- max records in a post: 100
- max db records: 500
- disable sender: true
[2025-01-24 13:21:18,078] [10   ] [INFO ] [] - Shutting down the metrics collector
[2025-01-24 13:31:17,933] [7    ] [INFO ] [] - Initializing the metrics collector
[2025-01-24 13:31:17,946] [7    ] [INFO ] [] - MetricsCollector::Sender(49): _disableSentMetrics 1
[2025-01-24 13:31:17,947] [7    ] [INFO ] [] - MetricsCollector::Initialize(231): Initialized metrics collector
- session id: 59da16ef-9085-43a2-89aa-41dbe97a76f5
- device id: 4ca35884-a93a-48fc-ad16-80b2a90aa32e
- application id: Box Tools Win exe
- application name: BoxTools
- application version: 4.27.1.1145
- metric collection url: https://client-log.box.com/index.php?rm=box_gen204_json_record
- metric data path: C:\Users\pcedillo\AppData\Local\Box\Box Tools\Metrics\BoxTools_Metrics.db
- post callback: 05452F0E
- log callback: 05452F36
- context: 00000000
- post interval in seconds: 600
- max records in a post: 100
- max db records: 500
- disable sender: true
[2025-01-24 13:31:17,961] [7    ] [INFO ] [] - Shutting down the metrics collector
[2025-01-24 13:41:17,849] [47   ] [INFO ] [] - Initializing the metrics collector
[2025-01-24 13:41:17,857] [47   ] [INFO ] [] - MetricsCollector::Sender(49): _disableSentMetrics 1
[2025-01-24 13:41:17,858] [47   ] [INFO ] [] - MetricsCollector::Initialize(231): Initialized metrics collector
- session id: 59da16ef-9085-43a2-89aa-41dbe97a76f5
- device id: 4ca35884-a93a-48fc-ad16-80b2a90aa32e
- application id: Box Tools Win exe
- application name: BoxTools
- application version: 4.27.1.1145
- metric collection url: https://client-log.box.com/index.php?rm=box_gen204_json_record
- metric data path: C:\Users\pcedillo\AppData\Local\Box\Box Tools\Metrics\BoxTools_Metrics.db
- post callback: 05452F0E
- log callback: 05452F36
- context: 00000000
- post interval in seconds: 600
- max records in a post: 100
- max db records: 500
- disable sender: true
[2025-01-24 13:41:17,871] [47   ] [INFO ] [] - Shutting down the metrics collector
[2025-01-24 13:51:17,804] [17   ] [INFO ] [] - Initializing the metrics collector
[2025-01-24 13:51:17,819] [17   ] [INFO ] [] - MetricsCollector::Sender(49): _disableSentMetrics 1
[2025-01-24 13:51:17,820] [17   ] [INFO ] [] - MetricsCollector::Initialize(231): Initialized metrics collector
- session id: 59da16ef-9085-43a2-89aa-41dbe97a76f5
- device id: 4ca35884-a93a-48fc-ad16-80b2a90aa32e
- application id: Box Tools Win exe
- application name: BoxTools
- application version: 4.27.1.1145
- metric collection url: https://client-log.box.com/index.php?rm=box_gen204_json_record
- metric data path: C:\Users\pcedillo\AppData\Local\Box\Box Tools\Metrics\BoxTools_Metrics.db
- post callback: 05452F0E
- log callback: 05452F36
- context: 00000000
- post interval in seconds: 600
- max records in a post: 100
- max db records: 500
- disable sender: true
[2025-01-24 13:51:17,832] [17   ] [INFO ] [] - Shutting down the metrics collector
[2025-01-24 14:01:17,783] [64   ] [INFO ] [] - Initializing the metrics collector
[2025-01-24 14:01:17,795] [64   ] [INFO ] [] - MetricsCollector::Sender(49): _disableSentMetrics 1
[2025-01-24 14:01:17,796] [64   ] [INFO ] [] - MetricsCollector::Initialize(231): Initialized metrics collector
- session id: 59da16ef-9085-43a2-89aa-41dbe97a76f5
- device id: 4ca35884-a93a-48fc-ad16-80b2a90aa32e
- application id: Box Tools Win exe
- application name: BoxTools
- application version: 4.27.1.1145
- metric collection url: https://client-log.box.com/index.php?rm=box_gen204_json_record
- metric data path: C:\Users\pcedillo\AppData\Local\Box\Box Tools\Metrics\BoxTools_Metrics.db
- post callback: 05452F0E
- log callback: 05452F36
- context: 00000000
- post interval in seconds: 600
- max records in a post: 100
- max db records: 500
- disable sender: true
[2025-01-24 14:01:17,809] [64   ] [INFO ] [] - Shutting down the metrics collector
[2025-01-24 14:11:17,761] [52   ] [INFO ] [] - Initializing the metrics collector
[2025-01-24 14:11:17,774] [52   ] [INFO ] [] - MetricsCollector::Sender(49): _disableSentMetrics 1
[2025-01-24 14:11:17,776] [52   ] [INFO ] [] - MetricsCollector::Initialize(231): Initialized metrics collector
- session id: 59da16ef-9085-43a2-89aa-41dbe97a76f5
- device id: 4ca35884-a93a-48fc-ad16-80b2a90aa32e
- application id: Box Tools Win exe
- application name: BoxTools
- application version: 4.27.1.1145
- metric collection url: https://client-log.box.com/index.php?rm=box_gen204_json_record
- metric data path: C:\Users\pcedillo\AppData\Local\Box\Box Tools\Metrics\BoxTools_Metrics.db
- post callback: 05452F0E
- log callback: 05452F36
- context: 00000000
- post interval in seconds: 600
- max records in a post: 100
- max db records: 500
- disable sender: true
[2025-01-24 14:11:17,786] [52   ] [INFO ] [] - Shutting down the metrics collector
[2025-01-24 14:21:17,772] [6    ] [INFO ] [] - Initializing the metrics collector
[2025-01-24 14:21:17,781] [6    ] [INFO ] [] - MetricsCollector::Sender(49): _disableSentMetrics 1
[2025-01-24 14:21:17,781] [6    ] [INFO ] [] - MetricsCollector::Initialize(231): Initialized metrics collector
- session id: 59da16ef-9085-43a2-89aa-41dbe97a76f5
- device id: 4ca35884-a93a-48fc-ad16-80b2a90aa32e
- application id: Box Tools Win exe
- application name: BoxTools
- application version: 4.27.1.1145
- metric collection url: https://client-log.box.com/index.php?rm=box_gen204_json_record
- metric data path: C:\Users\pcedillo\AppData\Local\Box\Box Tools\Metrics\BoxTools_Metrics.db
- post callback: 05452F0E
- log callback: 05452F36
- context: 00000000
- post interval in seconds: 600
- max records in a post: 100
- max db records: 500
- disable sender: true
[2025-01-24 14:21:17,791] [6    ] [INFO ] [] - Shutting down the metrics collector
[2025-01-24 14:31:17,763] [41   ] [INFO ] [] - Initializing the metrics collector
[2025-01-24 14:31:17,776] [41   ] [INFO ] [] - MetricsCollector::Sender(49): _disableSentMetrics 1
[2025-01-24 14:31:17,777] [41   ] [INFO ] [] - MetricsCollector::Initialize(231): Initialized metrics collector
- session id: 59da16ef-9085-43a2-89aa-41dbe97a76f5
- device id: 4ca35884-a93a-48fc-ad16-80b2a90aa32e
- application id: Box Tools Win exe
- application name: BoxTools
- application version: 4.27.1.1145
- metric collection url: https://client-log.box.com/index.php?rm=box_gen204_json_record
- metric data path: C:\Users\pcedillo\AppData\Local\Box\Box Tools\Metrics\BoxTools_Metrics.db
- post callback: 05452F0E
- log callback: 05452F36
- context: 00000000
- post interval in seconds: 600
- max records in a post: 100
- max db records: 500
- disable sender: true
[2025-01-24 14:31:17,791] [41   ] [INFO ] [] - Shutting down the metrics collector
[2025-01-24 14:41:17,626] [37   ] [INFO ] [] - Initializing the metrics collector
[2025-01-24 14:41:17,640] [37   ] [INFO ] [] - MetricsCollector::Sender(49): _disableSentMetrics 1
[2025-01-24 14:41:17,641] [37   ] [INFO ] [] - MetricsCollector::Initialize(231): Initialized metrics collector
- session id: 59da16ef-9085-43a2-89aa-41dbe97a76f5
- device id: 4ca35884-a93a-48fc-ad16-80b2a90aa32e
- application id: Box Tools Win exe
- application name: BoxTools
- application version: 4.27.1.1145
- metric collection url: https://client-log.box.com/index.php?rm=box_gen204_json_record
- metric data path: C:\Users\pcedillo\AppData\Local\Box\Box Tools\Metrics\BoxTools_Metrics.db
- post callback: 05452F0E
- log callback: 05452F36
- context: 00000000
- post interval in seconds: 600
- max records in a post: 100
- max db records: 500
- disable sender: true
[2025-01-24 14:41:17,655] [37   ] [INFO ] [] - Shutting down the metrics collector
[2025-01-24 14:51:17,546] [26   ] [INFO ] [] - Initializing the metrics collector
[2025-01-24 14:51:17,559] [26   ] [INFO ] [] - MetricsCollector::Sender(49): _disableSentMetrics 1
[2025-01-24 14:51:17,560] [26   ] [INFO ] [] - MetricsCollector::Initialize(231): Initialized metrics collector
- session id: 59da16ef-9085-43a2-89aa-41dbe97a76f5
- device id: 4ca35884-a93a-48fc-ad16-80b2a90aa32e
- application id: Box Tools Win exe
- application name: BoxTools
- application version: 4.27.1.1145
- metric collection url: https://client-log.box.com/index.php?rm=box_gen204_json_record
- metric data path: C:\Users\pcedillo\AppData\Local\Box\Box Tools\Metrics\BoxTools_Metrics.db
- post callback: 05452F0E
- log callback: 05452F36
- context: 00000000
- post interval in seconds: 600
- max records in a post: 100
- max db records: 500
- disable sender: true
[2025-01-24 14:51:17,567] [26   ] [INFO ] [] - Shutting down the metrics collector
[2025-01-24 15:01:17,523] [39   ] [INFO ] [] - Initializing the metrics collector
[2025-01-24 15:01:17,535] [39   ] [INFO ] [] - MetricsCollector::Sender(49): _disableSentMetrics 1
[2025-01-24 15:01:17,536] [39   ] [INFO ] [] - MetricsCollector::Initialize(231): Initialized metrics collector
- session id: 59da16ef-9085-43a2-89aa-41dbe97a76f5
- device id: 4ca35884-a93a-48fc-ad16-80b2a90aa32e
- application id: Box Tools Win exe
- application name: BoxTools
- application version: 4.27.1.1145
- metric collection url: https://client-log.box.com/index.php?rm=box_gen204_json_record
- metric data path: C:\Users\pcedillo\AppData\Local\Box\Box Tools\Metrics\BoxTools_Metrics.db
- post callback: 05452F0E
- log callback: 05452F36
- context: 00000000
- post interval in seconds: 600
- max records in a post: 100
- max db records: 500
- disable sender: true
[2025-01-24 15:01:17,545] [39   ] [INFO ] [] - Shutting down the metrics collector
[2025-01-24 15:11:17,498] [37   ] [INFO ] [] - Initializing the metrics collector
[2025-01-24 15:11:17,512] [37   ] [INFO ] [] - MetricsCollector::Sender(49): _disableSentMetrics 1
[2025-01-24 15:11:17,512] [37   ] [INFO ] [] - MetricsCollector::Initialize(231): Initialized metrics collector
- session id: 59da16ef-9085-43a2-89aa-41dbe97a76f5
- device id: 4ca35884-a93a-48fc-ad16-80b2a90aa32e
- application id: Box Tools Win exe
- application name: BoxTools
- application version: 4.27.1.1145
- metric collection url: https://client-log.box.com/index.php?rm=box_gen204_json_record
- metric data path: C:\Users\pcedillo\AppData\Local\Box\Box Tools\Metrics\BoxTools_Metrics.db
- post callback: 05452F0E
- log callback: 05452F36
- context: 00000000
- post interval in seconds: 600
- max records in a post: 100
- max db records: 500
- disable sender: true
[2025-01-24 15:11:17,522] [37   ] [INFO ] [] - Shutting down the metrics collector
[2025-01-24 15:21:17,496] [41   ] [INFO ] [] - Initializing the metrics collector
[2025-01-24 15:21:17,509] [41   ] [INFO ] [] - MetricsCollector::Sender(49): _disableSentMetrics 1
[2025-01-24 15:21:17,510] [41   ] [INFO ] [] - MetricsCollector::Initialize(231): Initialized metrics collector
- session id: 59da16ef-9085-43a2-89aa-41dbe97a76f5
- device id: 4ca35884-a93a-48fc-ad16-80b2a90aa32e
- application id: Box Tools Win exe
- application name: BoxTools
- application version: 4.27.1.1145
- metric collection url: https://client-log.box.com/index.php?rm=box_gen204_json_record
- metric data path: C:\Users\pcedillo\AppData\Local\Box\Box Tools\Metrics\BoxTools_Metrics.db
- post callback: 05452F0E
- log callback: 05452F36
- context: 00000000
- post interval in seconds: 600
- max records in a post: 100
- max db records: 500
- disable sender: true
[2025-01-24 15:21:17,520] [41   ] [INFO ] [] - Shutting down the metrics collector
[2025-01-24 15:31:17,492] [6    ] [INFO ] [] - Initializing the metrics collector
[2025-01-24 15:31:17,504] [6    ] [INFO ] [] - MetricsCollector::Sender(49): _disableSentMetrics 1
[2025-01-24 15:31:17,505] [6    ] [INFO ] [] - MetricsCollector::Initialize(231): Initialized metrics collector
- session id: 59da16ef-9085-43a2-89aa-41dbe97a76f5
- device id: 4ca35884-a93a-48fc-ad16-80b2a90aa32e
- application id: Box Tools Win exe
- application name: BoxTools
- application version: 4.27.1.1145
- metric collection url: https://client-log.box.com/index.php?rm=box_gen204_json_record
- metric data path: C:\Users\pcedillo\AppData\Local\Box\Box Tools\Metrics\BoxTools_Metrics.db
- post callback: 05452F0E
- log callback: 05452F36
- context: 00000000
- post interval in seconds: 600
- max records in a post: 100
- max db records: 500
- disable sender: true
[2025-01-24 15:31:17,517] [6    ] [INFO ] [] - Shutting down the metrics collector
[2025-01-24 15:41:17,488] [26   ] [INFO ] [] - Initializing the metrics collector
[2025-01-24 15:41:17,496] [26   ] [INFO ] [] - MetricsCollector::Sender(49): _disableSentMetrics 1
[2025-01-24 15:41:17,496] [26   ] [INFO ] [] - MetricsCollector::Initialize(231): Initialized metrics collector
- session id: 59da16ef-9085-43a2-89aa-41dbe97a76f5
- device id: 4ca35884-a93a-48fc-ad16-80b2a90aa32e
- application id: Box Tools Win exe
- application name: BoxTools
- application version: 4.27.1.1145
- metric collection url: https://client-log.box.com/index.php?rm=box_gen204_json_record
- metric data path: C:\Users\pcedillo\AppData\Local\Box\Box Tools\Metrics\BoxTools_Metrics.db
- post callback: 05452F0E
- log callback: 05452F36
- context: 00000000
- post interval in seconds: 600
- max records in a post: 100
- max db records: 500
- disable sender: true
[2025-01-24 15:41:17,506] [26   ] [INFO ] [] - Shutting down the metrics collector
[2025-01-24 15:51:17,382] [52   ] [INFO ] [] - Initializing the metrics collector
[2025-01-24 15:51:17,392] [52   ] [INFO ] [] - MetricsCollector::Sender(49): _disableSentMetrics 1
[2025-01-24 15:51:17,393] [52   ] [INFO ] [] - MetricsCollector::Initialize(231): Initialized metrics collector
- session id: 59da16ef-9085-43a2-89aa-41dbe97a76f5
- device id: 4ca35884-a93a-48fc-ad16-80b2a90aa32e
- application id: Box Tools Win exe
- application name: BoxTools
- application version: 4.27.1.1145
- metric collection url: https://client-log.box.com/index.php?rm=box_gen204_json_record
- metric data path: C:\Users\pcedillo\AppData\Local\Box\Box Tools\Metrics\BoxTools_Metrics.db
- post callback: 05452F0E
- log callback: 05452F36
- context: 00000000
- post interval in seconds: 600
- max records in a post: 100
- max db records: 500
- disable sender: true
[2025-01-24 15:51:17,406] [52   ] [INFO ] [] - Shutting down the metrics collector
[2025-01-24 16:01:17,337] [41   ] [INFO ] [] - Initializing the metrics collector
[2025-01-24 16:01:17,348] [41   ] [INFO ] [] - MetricsCollector::Sender(49): _disableSentMetrics 1
[2025-01-24 16:01:17,348] [41   ] [INFO ] [] - MetricsCollector::Initialize(231): Initialized metrics collector
- session id: 59da16ef-9085-43a2-89aa-41dbe97a76f5
- device id: 4ca35884-a93a-48fc-ad16-80b2a90aa32e
- application id: Box Tools Win exe
- application name: BoxTools
- application version: 4.27.1.1145
- metric collection url: https://client-log.box.com/index.php?rm=box_gen204_json_record
- metric data path: C:\Users\pcedillo\AppData\Local\Box\Box Tools\Metrics\BoxTools_Metrics.db
- post callback: 05452F0E
- log callback: 05452F36
- context: 00000000
- post interval in seconds: 600
- max records in a post: 100
- max db records: 500
- disable sender: true
[2025-01-24 16:01:17,360] [41   ] [INFO ] [] - Shutting down the metrics collector
[2025-01-24 16:11:17,316] [39   ] [INFO ] [] - Initializing the metrics collector
[2025-01-24 16:11:17,321] [39   ] [INFO ] [] - MetricsCollector::Sender(49): _disableSentMetrics 1
[2025-01-24 16:11:17,321] [39   ] [INFO ] [] - MetricsCollector::Initialize(231): Initialized metrics collector
- session id: 59da16ef-9085-43a2-89aa-41dbe97a76f5
- device id: 4ca35884-a93a-48fc-ad16-80b2a90aa32e
- application id: Box Tools Win exe
- application name: BoxTools
- application version: 4.27.1.1145
- metric collection url: https://client-log.box.com/index.php?rm=box_gen204_json_record
- metric data path: C:\Users\pcedillo\AppData\Local\Box\Box Tools\Metrics\BoxTools_Metrics.db
- post callback: 05452F0E
- log callback: 05452F36
- context: 00000000
- post interval in seconds: 600
- max records in a post: 100
- max db records: 500
- disable sender: true
[2025-01-24 16:11:17,326] [39   ] [INFO ] [] - Shutting down the metrics collector
[2025-01-24 16:21:17,290] [64   ] [INFO ] [] - Initializing the metrics collector
[2025-01-24 16:21:17,309] [64   ] [INFO ] [] - MetricsCollector::Sender(49): _disableSentMetrics 1
[2025-01-24 16:21:17,309] [64   ] [INFO ] [] - MetricsCollector::Initialize(231): Initialized metrics collector
- session id: 59da16ef-9085-43a2-89aa-41dbe97a76f5
- device id: 4ca35884-a93a-48fc-ad16-80b2a90aa32e
- application id: Box Tools Win exe
- application name: BoxTools
- application version: 4.27.1.1145
- metric collection url: https://client-log.box.com/index.php?rm=box_gen204_json_record
- metric data path: C:\Users\pcedillo\AppData\Local\Box\Box Tools\Metrics\BoxTools_Metrics.db
- post callback: 05452F0E
- log callback: 05452F36
- context: 00000000
- post interval in seconds: 600
- max records in a post: 100
- max db records: 500
- disable sender: true
[2025-01-24 16:21:17,318] [64   ] [INFO ] [] - Shutting down the metrics collector
[2025-01-24 16:31:17,275] [7    ] [INFO ] [] - Initializing the metrics collector
[2025-01-24 16:31:17,289] [7    ] [INFO ] [] - MetricsCollector::Sender(49): _disableSentMetrics 1
[2025-01-24 16:31:17,289] [7    ] [INFO ] [] - MetricsCollector::Initialize(231): Initialized metrics collector
- session id: 59da16ef-9085-43a2-89aa-41dbe97a76f5
- device id: 4ca35884-a93a-48fc-ad16-80b2a90aa32e
- application id: Box Tools Win exe
- application name: BoxTools
- application version: 4.27.1.1145
- metric collection url: https://client-log.box.com/index.php?rm=box_gen204_json_record
- metric data path: C:\Users\pcedillo\AppData\Local\Box\Box Tools\Metrics\BoxTools_Metrics.db
- post callback: 05452F0E
- log callback: 05452F36
- context: 00000000
- post interval in seconds: 600
- max records in a post: 100
- max db records: 500
- disable sender: true
[2025-01-24 16:31:17,303] [7    ] [INFO ] [] - Shutting down the metrics collector
