[2024-11-28 00:00:40,842] [75   ] [INFO ] [] - Initializing the metrics collector
[2024-11-28 00:00:40,858] [75   ] [INFO ] [] - MetricsCollector::Sender(49): _disableSentMetrics 1
[2024-11-28 00:00:40,858] [75   ] [INFO ] [] - MetricsCollector::Initialize(231): Initialized metrics collector
- session id: 4b65b0eb-8b86-46ee-b4dd-4338d4f1fd2c
- device id: 4ca35884-a93a-48fc-ad16-80b2a90aa32e
- application id: Box Tools Win exe
- application name: BoxTools
- application version: 4.26.1.1109
- metric collection url: https://client-log.box.com/index.php?rm=box_gen204_json_record
- metric data path: C:\Users\pcedillo\AppData\Local\Box\Box Tools\Metrics\BoxTools_Metrics.db
- post callback: 059C2E1E
- log callback: 059C2E46
- context: 00000000
- post interval in seconds: 600
- max records in a post: 100
- max db records: 500
- disable sender: true
[2024-11-28 00:00:40,858] [75   ] [INFO ] [] - Shutting down the metrics collector
[2024-11-28 00:10:40,844] [77   ] [INFO ] [] - Initializing the metrics collector
[2024-11-28 00:10:40,849] [77   ] [INFO ] [] - MetricsCollector::Sender(49): _disableSentMetrics 1
[2024-11-28 00:10:40,849] [77   ] [INFO ] [] - MetricsCollector::Initialize(231): Initialized metrics collector
- session id: 4b65b0eb-8b86-46ee-b4dd-4338d4f1fd2c
- device id: 4ca35884-a93a-48fc-ad16-80b2a90aa32e
- application id: Box Tools Win exe
- application name: BoxTools
- application version: 4.26.1.1109
- metric collection url: https://client-log.box.com/index.php?rm=box_gen204_json_record
- metric data path: C:\Users\pcedillo\AppData\Local\Box\Box Tools\Metrics\BoxTools_Metrics.db
- post callback: 059C2E1E
- log callback: 059C2E46
- context: 00000000
- post interval in seconds: 600
- max records in a post: 100
- max db records: 500
- disable sender: true
[2024-11-28 00:10:40,864] [77   ] [INFO ] [] - Shutting down the metrics collector
[2024-11-28 00:20:40,839] [78   ] [INFO ] [] - Initializing the metrics collector
[2024-11-28 00:20:40,839] [78   ] [INFO ] [] - MetricsCollector::Sender(49): _disableSentMetrics 1
[2024-11-28 00:20:40,839] [78   ] [INFO ] [] - MetricsCollector::Initialize(231): Initialized metrics collector
- session id: 4b65b0eb-8b86-46ee-b4dd-4338d4f1fd2c
- device id: 4ca35884-a93a-48fc-ad16-80b2a90aa32e
- application id: Box Tools Win exe
- application name: BoxTools
- application version: 4.26.1.1109
- metric collection url: https://client-log.box.com/index.php?rm=box_gen204_json_record
- metric data path: C:\Users\pcedillo\AppData\Local\Box\Box Tools\Metrics\BoxTools_Metrics.db
- post callback: 059C2E1E
- log callback: 059C2E46
- context: 00000000
- post interval in seconds: 600
- max records in a post: 100
- max db records: 500
- disable sender: true
[2024-11-28 00:20:40,862] [78   ] [INFO ] [] - Shutting down the metrics collector
[2024-11-28 00:30:40,834] [81   ] [INFO ] [] - Initializing the metrics collector
[2024-11-28 00:30:40,834] [81   ] [INFO ] [] - MetricsCollector::Sender(49): _disableSentMetrics 1
[2024-11-28 00:30:40,850] [81   ] [INFO ] [] - MetricsCollector::Initialize(231): Initialized metrics collector
- session id: 4b65b0eb-8b86-46ee-b4dd-4338d4f1fd2c
- device id: 4ca35884-a93a-48fc-ad16-80b2a90aa32e
- application id: Box Tools Win exe
- application name: BoxTools
- application version: 4.26.1.1109
- metric collection url: https://client-log.box.com/index.php?rm=box_gen204_json_record
- metric data path: C:\Users\pcedillo\AppData\Local\Box\Box Tools\Metrics\BoxTools_Metrics.db
- post callback: 059C2E1E
- log callback: 059C2E46
- context: 00000000
- post interval in seconds: 600
- max records in a post: 100
- max db records: 500
- disable sender: true
[2024-11-28 00:30:40,851] [81   ] [INFO ] [] - Shutting down the metrics collector
[2024-11-28 00:40:40,837] [80   ] [INFO ] [] - Initializing the metrics collector
[2024-11-28 00:40:40,849] [80   ] [INFO ] [] - MetricsCollector::Sender(49): _disableSentMetrics 1
[2024-11-28 00:40:40,849] [80   ] [INFO ] [] - MetricsCollector::Initialize(231): Initialized metrics collector
- session id: 4b65b0eb-8b86-46ee-b4dd-4338d4f1fd2c
- device id: 4ca35884-a93a-48fc-ad16-80b2a90aa32e
- application id: Box Tools Win exe
- application name: BoxTools
- application version: 4.26.1.1109
- metric collection url: https://client-log.box.com/index.php?rm=box_gen204_json_record
- metric data path: C:\Users\pcedillo\AppData\Local\Box\Box Tools\Metrics\BoxTools_Metrics.db
- post callback: 059C2E1E
- log callback: 059C2E46
- context: 00000000
- post interval in seconds: 600
- max records in a post: 100
- max db records: 500
- disable sender: true
[2024-11-28 00:40:40,857] [80   ] [INFO ] [] - Shutting down the metrics collector
[2024-11-28 00:50:40,817] [83   ] [INFO ] [] - Initializing the metrics collector
[2024-11-28 00:50:40,817] [83   ] [INFO ] [] - MetricsCollector::Sender(49): _disableSentMetrics 1
[2024-11-28 00:50:40,817] [83   ] [INFO ] [] - MetricsCollector::Initialize(231): Initialized metrics collector
- session id: 4b65b0eb-8b86-46ee-b4dd-4338d4f1fd2c
- device id: 4ca35884-a93a-48fc-ad16-80b2a90aa32e
- application id: Box Tools Win exe
- application name: BoxTools
- application version: 4.26.1.1109
- metric collection url: https://client-log.box.com/index.php?rm=box_gen204_json_record
- metric data path: C:\Users\pcedillo\AppData\Local\Box\Box Tools\Metrics\BoxTools_Metrics.db
- post callback: 059C2E1E
- log callback: 059C2E46
- context: 00000000
- post interval in seconds: 600
- max records in a post: 100
- max db records: 500
- disable sender: true
[2024-11-28 00:50:40,840] [83   ] [INFO ] [] - Shutting down the metrics collector
[2024-11-28 01:00:40,833] [81   ] [INFO ] [] - Initializing the metrics collector
[2024-11-28 01:00:40,833] [81   ] [INFO ] [] - MetricsCollector::Sender(49): _disableSentMetrics 1
[2024-11-28 01:00:40,833] [81   ] [INFO ] [] - MetricsCollector::Initialize(231): Initialized metrics collector
- session id: 4b65b0eb-8b86-46ee-b4dd-4338d4f1fd2c
- device id: 4ca35884-a93a-48fc-ad16-80b2a90aa32e
- application id: Box Tools Win exe
- application name: BoxTools
- application version: 4.26.1.1109
- metric collection url: https://client-log.box.com/index.php?rm=box_gen204_json_record
- metric data path: C:\Users\pcedillo\AppData\Local\Box\Box Tools\Metrics\BoxTools_Metrics.db
- post callback: 059C2E1E
- log callback: 059C2E46
- context: 00000000
- post interval in seconds: 600
- max records in a post: 100
- max db records: 500
- disable sender: true
[2024-11-28 01:00:40,859] [81   ] [INFO ] [] - Shutting down the metrics collector
[2024-11-28 01:10:41,573] [79   ] [INFO ] [] - Initializing the metrics collector
[2024-11-28 01:10:41,573] [79   ] [INFO ] [] - MetricsCollector::Sender(49): _disableSentMetrics 1
[2024-11-28 01:10:41,573] [79   ] [INFO ] [] - MetricsCollector::Initialize(231): Initialized metrics collector
- session id: 4b65b0eb-8b86-46ee-b4dd-4338d4f1fd2c
- device id: 4ca35884-a93a-48fc-ad16-80b2a90aa32e
- application id: Box Tools Win exe
- application name: BoxTools
- application version: 4.26.1.1109
- metric collection url: https://client-log.box.com/index.php?rm=box_gen204_json_record
- metric data path: C:\Users\pcedillo\AppData\Local\Box\Box Tools\Metrics\BoxTools_Metrics.db
- post callback: 059C2E1E
- log callback: 059C2E46
- context: 00000000
- post interval in seconds: 600
- max records in a post: 100
- max db records: 500
- disable sender: true
[2024-11-28 01:10:41,589] [79   ] [INFO ] [] - Shutting down the metrics collector
[2024-11-28 01:20:48,109] [78   ] [INFO ] [] - Initializing the metrics collector
[2024-11-28 01:20:48,109] [78   ] [INFO ] [] - MetricsCollector::Sender(49): _disableSentMetrics 1
[2024-11-28 01:20:48,109] [78   ] [INFO ] [] - MetricsCollector::Initialize(231): Initialized metrics collector
- session id: 4b65b0eb-8b86-46ee-b4dd-4338d4f1fd2c
- device id: 4ca35884-a93a-48fc-ad16-80b2a90aa32e
- application id: Box Tools Win exe
- application name: BoxTools
- application version: 4.26.1.1109
- metric collection url: https://client-log.box.com/index.php?rm=box_gen204_json_record
- metric data path: C:\Users\pcedillo\AppData\Local\Box\Box Tools\Metrics\BoxTools_Metrics.db
- post callback: 059C2E1E
- log callback: 059C2E46
- context: 00000000
- post interval in seconds: 600
- max records in a post: 100
- max db records: 500
- disable sender: true
[2024-11-28 01:20:48,130] [78   ] [INFO ] [] - Shutting down the metrics collector
[2024-11-28 01:30:47,985] [77   ] [INFO ] [] - Initializing the metrics collector
[2024-11-28 01:30:47,985] [77   ] [INFO ] [] - MetricsCollector::Sender(49): _disableSentMetrics 1
[2024-11-28 01:30:47,985] [77   ] [INFO ] [] - MetricsCollector::Initialize(231): Initialized metrics collector
- session id: 4b65b0eb-8b86-46ee-b4dd-4338d4f1fd2c
- device id: 4ca35884-a93a-48fc-ad16-80b2a90aa32e
- application id: Box Tools Win exe
- application name: BoxTools
- application version: 4.26.1.1109
- metric collection url: https://client-log.box.com/index.php?rm=box_gen204_json_record
- metric data path: C:\Users\pcedillo\AppData\Local\Box\Box Tools\Metrics\BoxTools_Metrics.db
- post callback: 059C2E1E
- log callback: 059C2E46
- context: 00000000
- post interval in seconds: 600
- max records in a post: 100
- max db records: 500
- disable sender: true
[2024-11-28 01:30:48,017] [77   ] [INFO ] [] - Shutting down the metrics collector
[2024-11-28 01:40:47,830] [76   ] [INFO ] [] - Initializing the metrics collector
[2024-11-28 01:40:47,830] [76   ] [INFO ] [] - MetricsCollector::Sender(49): _disableSentMetrics 1
[2024-11-28 01:40:47,830] [76   ] [INFO ] [] - MetricsCollector::Initialize(231): Initialized metrics collector
- session id: 4b65b0eb-8b86-46ee-b4dd-4338d4f1fd2c
- device id: 4ca35884-a93a-48fc-ad16-80b2a90aa32e
- application id: Box Tools Win exe
- application name: BoxTools
- application version: 4.26.1.1109
- metric collection url: https://client-log.box.com/index.php?rm=box_gen204_json_record
- metric data path: C:\Users\pcedillo\AppData\Local\Box\Box Tools\Metrics\BoxTools_Metrics.db
- post callback: 059C2E1E
- log callback: 059C2E46
- context: 00000000
- post interval in seconds: 600
- max records in a post: 100
- max db records: 500
- disable sender: true
[2024-11-28 01:40:47,849] [76   ] [INFO ] [] - Shutting down the metrics collector
[2024-11-28 01:50:47,739] [75   ] [INFO ] [] - Initializing the metrics collector
[2024-11-28 01:50:47,743] [75   ] [INFO ] [] - MetricsCollector::Sender(49): _disableSentMetrics 1
[2024-11-28 01:50:47,743] [75   ] [INFO ] [] - MetricsCollector::Initialize(231): Initialized metrics collector
- session id: 4b65b0eb-8b86-46ee-b4dd-4338d4f1fd2c
- device id: 4ca35884-a93a-48fc-ad16-80b2a90aa32e
- application id: Box Tools Win exe
- application name: BoxTools
- application version: 4.26.1.1109
- metric collection url: https://client-log.box.com/index.php?rm=box_gen204_json_record
- metric data path: C:\Users\pcedillo\AppData\Local\Box\Box Tools\Metrics\BoxTools_Metrics.db
- post callback: 059C2E1E
- log callback: 059C2E46
- context: 00000000
- post interval in seconds: 600
- max records in a post: 100
- max db records: 500
- disable sender: true
[2024-11-28 01:50:47,755] [75   ] [INFO ] [] - Shutting down the metrics collector
[2024-11-28 02:00:47,741] [74   ] [INFO ] [] - Initializing the metrics collector
[2024-11-28 02:00:47,752] [74   ] [INFO ] [] - MetricsCollector::Sender(49): _disableSentMetrics 1
[2024-11-28 02:00:47,752] [74   ] [INFO ] [] - MetricsCollector::Initialize(231): Initialized metrics collector
- session id: 4b65b0eb-8b86-46ee-b4dd-4338d4f1fd2c
- device id: 4ca35884-a93a-48fc-ad16-80b2a90aa32e
- application id: Box Tools Win exe
- application name: BoxTools
- application version: 4.26.1.1109
- metric collection url: https://client-log.box.com/index.php?rm=box_gen204_json_record
- metric data path: C:\Users\pcedillo\AppData\Local\Box\Box Tools\Metrics\BoxTools_Metrics.db
- post callback: 059C2E1E
- log callback: 059C2E46
- context: 00000000
- post interval in seconds: 600
- max records in a post: 100
- max db records: 500
- disable sender: true
[2024-11-28 02:00:47,757] [74   ] [INFO ] [] - Shutting down the metrics collector
[2024-11-28 02:10:47,623] [73   ] [INFO ] [] - Initializing the metrics collector
[2024-11-28 02:10:47,623] [73   ] [INFO ] [] - MetricsCollector::Sender(49): _disableSentMetrics 1
[2024-11-28 02:10:47,623] [73   ] [INFO ] [] - MetricsCollector::Initialize(231): Initialized metrics collector
- session id: 4b65b0eb-8b86-46ee-b4dd-4338d4f1fd2c
- device id: 4ca35884-a93a-48fc-ad16-80b2a90aa32e
- application id: Box Tools Win exe
- application name: BoxTools
- application version: 4.26.1.1109
- metric collection url: https://client-log.box.com/index.php?rm=box_gen204_json_record
- metric data path: C:\Users\pcedillo\AppData\Local\Box\Box Tools\Metrics\BoxTools_Metrics.db
- post callback: 059C2E1E
- log callback: 059C2E46
- context: 00000000
- post interval in seconds: 600
- max records in a post: 100
- max db records: 500
- disable sender: true
[2024-11-28 02:10:47,638] [73   ] [INFO ] [] - Shutting down the metrics collector
[2024-11-28 02:20:47,663] [80   ] [INFO ] [] - Initializing the metrics collector
[2024-11-28 02:20:47,669] [80   ] [INFO ] [] - MetricsCollector::Sender(49): _disableSentMetrics 1
[2024-11-28 02:20:47,669] [80   ] [INFO ] [] - MetricsCollector::Initialize(231): Initialized metrics collector
- session id: 4b65b0eb-8b86-46ee-b4dd-4338d4f1fd2c
- device id: 4ca35884-a93a-48fc-ad16-80b2a90aa32e
- application id: Box Tools Win exe
- application name: BoxTools
- application version: 4.26.1.1109
- metric collection url: https://client-log.box.com/index.php?rm=box_gen204_json_record
- metric data path: C:\Users\pcedillo\AppData\Local\Box\Box Tools\Metrics\BoxTools_Metrics.db
- post callback: 059C2E1E
- log callback: 059C2E46
- context: 00000000
- post interval in seconds: 600
- max records in a post: 100
- max db records: 500
- disable sender: true
[2024-11-28 02:20:47,679] [80   ] [INFO ] [] - Shutting down the metrics collector
[2024-11-28 02:30:47,732] [72   ] [INFO ] [] - Initializing the metrics collector
[2024-11-28 02:30:47,748] [72   ] [INFO ] [] - MetricsCollector::Sender(49): _disableSentMetrics 1
[2024-11-28 02:30:47,748] [72   ] [INFO ] [] - MetricsCollector::Initialize(231): Initialized metrics collector
- session id: 4b65b0eb-8b86-46ee-b4dd-4338d4f1fd2c
- device id: 4ca35884-a93a-48fc-ad16-80b2a90aa32e
- application id: Box Tools Win exe
- application name: BoxTools
- application version: 4.26.1.1109
- metric collection url: https://client-log.box.com/index.php?rm=box_gen204_json_record
- metric data path: C:\Users\pcedillo\AppData\Local\Box\Box Tools\Metrics\BoxTools_Metrics.db
- post callback: 059C2E1E
- log callback: 059C2E46
- context: 00000000
- post interval in seconds: 600
- max records in a post: 100
- max db records: 500
- disable sender: true
[2024-11-28 02:30:47,770] [72   ] [INFO ] [] - Shutting down the metrics collector
[2024-11-28 02:40:47,568] [71   ] [INFO ] [] - Initializing the metrics collector
[2024-11-28 02:40:47,568] [71   ] [INFO ] [] - MetricsCollector::Sender(49): _disableSentMetrics 1
[2024-11-28 02:40:47,568] [71   ] [INFO ] [] - MetricsCollector::Initialize(231): Initialized metrics collector
- session id: 4b65b0eb-8b86-46ee-b4dd-4338d4f1fd2c
- device id: 4ca35884-a93a-48fc-ad16-80b2a90aa32e
- application id: Box Tools Win exe
- application name: BoxTools
- application version: 4.26.1.1109
- metric collection url: https://client-log.box.com/index.php?rm=box_gen204_json_record
- metric data path: C:\Users\pcedillo\AppData\Local\Box\Box Tools\Metrics\BoxTools_Metrics.db
- post callback: 059C2E1E
- log callback: 059C2E46
- context: 00000000
- post interval in seconds: 600
- max records in a post: 100
- max db records: 500
- disable sender: true
[2024-11-28 02:40:47,568] [71   ] [INFO ] [] - Shutting down the metrics collector
[2024-11-28 02:50:47,500] [70   ] [INFO ] [] - Initializing the metrics collector
[2024-11-28 02:50:47,516] [70   ] [INFO ] [] - MetricsCollector::Sender(49): _disableSentMetrics 1
[2024-11-28 02:50:47,516] [70   ] [INFO ] [] - MetricsCollector::Initialize(231): Initialized metrics collector
- session id: 4b65b0eb-8b86-46ee-b4dd-4338d4f1fd2c
- device id: 4ca35884-a93a-48fc-ad16-80b2a90aa32e
- application id: Box Tools Win exe
- application name: BoxTools
- application version: 4.26.1.1109
- metric collection url: https://client-log.box.com/index.php?rm=box_gen204_json_record
- metric data path: C:\Users\pcedillo\AppData\Local\Box\Box Tools\Metrics\BoxTools_Metrics.db
- post callback: 059C2E1E
- log callback: 059C2E46
- context: 00000000
- post interval in seconds: 600
- max records in a post: 100
- max db records: 500
- disable sender: true
[2024-11-28 02:50:47,531] [70   ] [INFO ] [] - Shutting down the metrics collector
[2024-11-28 03:00:47,543] [69   ] [INFO ] [] - Initializing the metrics collector
[2024-11-28 03:00:47,543] [69   ] [INFO ] [] - MetricsCollector::Sender(49): _disableSentMetrics 1
[2024-11-28 03:00:47,543] [69   ] [INFO ] [] - MetricsCollector::Initialize(231): Initialized metrics collector
- session id: 4b65b0eb-8b86-46ee-b4dd-4338d4f1fd2c
- device id: 4ca35884-a93a-48fc-ad16-80b2a90aa32e
- application id: Box Tools Win exe
- application name: BoxTools
- application version: 4.26.1.1109
- metric collection url: https://client-log.box.com/index.php?rm=box_gen204_json_record
- metric data path: C:\Users\pcedillo\AppData\Local\Box\Box Tools\Metrics\BoxTools_Metrics.db
- post callback: 059C2E1E
- log callback: 059C2E46
- context: 00000000
- post interval in seconds: 600
- max records in a post: 100
- max db records: 500
- disable sender: true
[2024-11-28 03:00:47,559] [69   ] [INFO ] [] - Shutting down the metrics collector
[2024-11-28 03:10:47,568] [68   ] [INFO ] [] - Initializing the metrics collector
[2024-11-28 03:10:47,568] [68   ] [INFO ] [] - MetricsCollector::Sender(49): _disableSentMetrics 1
[2024-11-28 03:10:47,568] [68   ] [INFO ] [] - MetricsCollector::Initialize(231): Initialized metrics collector
- session id: 4b65b0eb-8b86-46ee-b4dd-4338d4f1fd2c
- device id: 4ca35884-a93a-48fc-ad16-80b2a90aa32e
- application id: Box Tools Win exe
- application name: BoxTools
- application version: 4.26.1.1109
- metric collection url: https://client-log.box.com/index.php?rm=box_gen204_json_record
- metric data path: C:\Users\pcedillo\AppData\Local\Box\Box Tools\Metrics\BoxTools_Metrics.db
- post callback: 059C2E1E
- log callback: 059C2E46
- context: 00000000
- post interval in seconds: 600
- max records in a post: 100
- max db records: 500
- disable sender: true
[2024-11-28 03:10:47,584] [68   ] [INFO ] [] - Shutting down the metrics collector
[2024-11-28 03:20:47,373] [67   ] [INFO ] [] - Initializing the metrics collector
[2024-11-28 03:20:47,373] [67   ] [INFO ] [] - MetricsCollector::Sender(49): _disableSentMetrics 1
[2024-11-28 03:20:47,373] [67   ] [INFO ] [] - MetricsCollector::Initialize(231): Initialized metrics collector
- session id: 4b65b0eb-8b86-46ee-b4dd-4338d4f1fd2c
- device id: 4ca35884-a93a-48fc-ad16-80b2a90aa32e
- application id: Box Tools Win exe
- application name: BoxTools
- application version: 4.26.1.1109
- metric collection url: https://client-log.box.com/index.php?rm=box_gen204_json_record
- metric data path: C:\Users\pcedillo\AppData\Local\Box\Box Tools\Metrics\BoxTools_Metrics.db
- post callback: 059C2E1E
- log callback: 059C2E46
- context: 00000000
- post interval in seconds: 600
- max records in a post: 100
- max db records: 500
- disable sender: true
[2024-11-28 03:20:47,389] [67   ] [INFO ] [] - Shutting down the metrics collector
[2024-11-28 03:30:47,377] [66   ] [INFO ] [] - Initializing the metrics collector
[2024-11-28 03:30:47,377] [66   ] [INFO ] [] - MetricsCollector::Sender(49): _disableSentMetrics 1
[2024-11-28 03:30:47,377] [66   ] [INFO ] [] - MetricsCollector::Initialize(231): Initialized metrics collector
- session id: 4b65b0eb-8b86-46ee-b4dd-4338d4f1fd2c
- device id: 4ca35884-a93a-48fc-ad16-80b2a90aa32e
- application id: Box Tools Win exe
- application name: BoxTools
- application version: 4.26.1.1109
- metric collection url: https://client-log.box.com/index.php?rm=box_gen204_json_record
- metric data path: C:\Users\pcedillo\AppData\Local\Box\Box Tools\Metrics\BoxTools_Metrics.db
- post callback: 059C2E1E
- log callback: 059C2E46
- context: 00000000
- post interval in seconds: 600
- max records in a post: 100
- max db records: 500
- disable sender: true
[2024-11-28 03:30:47,395] [66   ] [INFO ] [] - Shutting down the metrics collector
[2024-11-28 03:40:47,441] [74   ] [INFO ] [] - Initializing the metrics collector
[2024-11-28 03:40:47,441] [74   ] [INFO ] [] - MetricsCollector::Sender(49): _disableSentMetrics 1
[2024-11-28 03:40:47,441] [74   ] [INFO ] [] - MetricsCollector::Initialize(231): Initialized metrics collector
- session id: 4b65b0eb-8b86-46ee-b4dd-4338d4f1fd2c
- device id: 4ca35884-a93a-48fc-ad16-80b2a90aa32e
- application id: Box Tools Win exe
- application name: BoxTools
- application version: 4.26.1.1109
- metric collection url: https://client-log.box.com/index.php?rm=box_gen204_json_record
- metric data path: C:\Users\pcedillo\AppData\Local\Box\Box Tools\Metrics\BoxTools_Metrics.db
- post callback: 059C2E1E
- log callback: 059C2E46
- context: 00000000
- post interval in seconds: 600
- max records in a post: 100
- max db records: 500
- disable sender: true
[2024-11-28 03:40:47,441] [74   ] [INFO ] [] - Shutting down the metrics collector
[2024-11-28 03:50:47,303] [67   ] [INFO ] [] - Initializing the metrics collector
[2024-11-28 03:50:47,319] [67   ] [INFO ] [] - MetricsCollector::Sender(49): _disableSentMetrics 1
[2024-11-28 03:50:47,319] [67   ] [INFO ] [] - MetricsCollector::Initialize(231): Initialized metrics collector
- session id: 4b65b0eb-8b86-46ee-b4dd-4338d4f1fd2c
- device id: 4ca35884-a93a-48fc-ad16-80b2a90aa32e
- application id: Box Tools Win exe
- application name: BoxTools
- application version: 4.26.1.1109
- metric collection url: https://client-log.box.com/index.php?rm=box_gen204_json_record
- metric data path: C:\Users\pcedillo\AppData\Local\Box\Box Tools\Metrics\BoxTools_Metrics.db
- post callback: 059C2E1E
- log callback: 059C2E46
- context: 00000000
- post interval in seconds: 600
- max records in a post: 100
- max db records: 500
- disable sender: true
[2024-11-28 03:50:47,348] [67   ] [INFO ] [] - Shutting down the metrics collector
[2024-11-28 04:00:47,301] [68   ] [INFO ] [] - Initializing the metrics collector
[2024-11-28 04:00:47,303] [68   ] [INFO ] [] - MetricsCollector::Sender(49): _disableSentMetrics 1
[2024-11-28 04:00:47,303] [68   ] [INFO ] [] - MetricsCollector::Initialize(231): Initialized metrics collector
- session id: 4b65b0eb-8b86-46ee-b4dd-4338d4f1fd2c
- device id: 4ca35884-a93a-48fc-ad16-80b2a90aa32e
- application id: Box Tools Win exe
- application name: BoxTools
- application version: 4.26.1.1109
- metric collection url: https://client-log.box.com/index.php?rm=box_gen204_json_record
- metric data path: C:\Users\pcedillo\AppData\Local\Box\Box Tools\Metrics\BoxTools_Metrics.db
- post callback: 059C2E1E
- log callback: 059C2E46
- context: 00000000
- post interval in seconds: 600
- max records in a post: 100
- max db records: 500
- disable sender: true
[2024-11-28 04:00:47,318] [68   ] [INFO ] [] - Shutting down the metrics collector
[2024-11-28 04:10:47,341] [69   ] [INFO ] [] - Initializing the metrics collector
[2024-11-28 04:10:47,341] [69   ] [INFO ] [] - MetricsCollector::Sender(49): _disableSentMetrics 1
[2024-11-28 04:10:47,341] [69   ] [INFO ] [] - MetricsCollector::Initialize(231): Initialized metrics collector
- session id: 4b65b0eb-8b86-46ee-b4dd-4338d4f1fd2c
- device id: 4ca35884-a93a-48fc-ad16-80b2a90aa32e
- application id: Box Tools Win exe
- application name: BoxTools
- application version: 4.26.1.1109
- metric collection url: https://client-log.box.com/index.php?rm=box_gen204_json_record
- metric data path: C:\Users\pcedillo\AppData\Local\Box\Box Tools\Metrics\BoxTools_Metrics.db
- post callback: 059C2E1E
- log callback: 059C2E46
- context: 00000000
- post interval in seconds: 600
- max records in a post: 100
- max db records: 500
- disable sender: true
[2024-11-28 04:10:47,356] [69   ] [INFO ] [] - Shutting down the metrics collector
[2024-11-28 04:20:47,322] [66   ] [INFO ] [] - Initializing the metrics collector
[2024-11-28 04:20:47,323] [66   ] [INFO ] [] - MetricsCollector::Sender(49): _disableSentMetrics 1
[2024-11-28 04:20:47,323] [66   ] [INFO ] [] - MetricsCollector::Initialize(231): Initialized metrics collector
- session id: 4b65b0eb-8b86-46ee-b4dd-4338d4f1fd2c
- device id: 4ca35884-a93a-48fc-ad16-80b2a90aa32e
- application id: Box Tools Win exe
- application name: BoxTools
- application version: 4.26.1.1109
- metric collection url: https://client-log.box.com/index.php?rm=box_gen204_json_record
- metric data path: C:\Users\pcedillo\AppData\Local\Box\Box Tools\Metrics\BoxTools_Metrics.db
- post callback: 059C2E1E
- log callback: 059C2E46
- context: 00000000
- post interval in seconds: 600
- max records in a post: 100
- max db records: 500
- disable sender: true
[2024-11-28 04:20:47,338] [66   ] [INFO ] [] - Shutting down the metrics collector
[2024-11-28 04:30:47,232] [70   ] [INFO ] [] - Initializing the metrics collector
[2024-11-28 04:30:47,236] [70   ] [INFO ] [] - MetricsCollector::Sender(49): _disableSentMetrics 1
[2024-11-28 04:30:47,236] [70   ] [INFO ] [] - MetricsCollector::Initialize(231): Initialized metrics collector
- session id: 4b65b0eb-8b86-46ee-b4dd-4338d4f1fd2c
- device id: 4ca35884-a93a-48fc-ad16-80b2a90aa32e
- application id: Box Tools Win exe
- application name: BoxTools
- application version: 4.26.1.1109
- metric collection url: https://client-log.box.com/index.php?rm=box_gen204_json_record
- metric data path: C:\Users\pcedillo\AppData\Local\Box\Box Tools\Metrics\BoxTools_Metrics.db
- post callback: 059C2E1E
- log callback: 059C2E46
- context: 00000000
- post interval in seconds: 600
- max records in a post: 100
- max db records: 500
- disable sender: true
[2024-11-28 04:30:47,244] [70   ] [INFO ] [] - Shutting down the metrics collector
[2024-11-28 04:40:47,233] [72   ] [INFO ] [] - Initializing the metrics collector
[2024-11-28 04:40:47,241] [72   ] [INFO ] [] - MetricsCollector::Sender(49): _disableSentMetrics 1
[2024-11-28 04:40:47,241] [72   ] [INFO ] [] - MetricsCollector::Initialize(231): Initialized metrics collector
- session id: 4b65b0eb-8b86-46ee-b4dd-4338d4f1fd2c
- device id: 4ca35884-a93a-48fc-ad16-80b2a90aa32e
- application id: Box Tools Win exe
- application name: BoxTools
- application version: 4.26.1.1109
- metric collection url: https://client-log.box.com/index.php?rm=box_gen204_json_record
- metric data path: C:\Users\pcedillo\AppData\Local\Box\Box Tools\Metrics\BoxTools_Metrics.db
- post callback: 059C2E1E
- log callback: 059C2E46
- context: 00000000
- post interval in seconds: 600
- max records in a post: 100
- max db records: 500
- disable sender: true
[2024-11-28 04:40:47,250] [72   ] [INFO ] [] - Shutting down the metrics collector
[2024-11-28 04:50:47,251] [71   ] [INFO ] [] - Initializing the metrics collector
[2024-11-28 04:50:47,251] [71   ] [INFO ] [] - MetricsCollector::Sender(49): _disableSentMetrics 1
[2024-11-28 04:50:47,251] [71   ] [INFO ] [] - MetricsCollector::Initialize(231): Initialized metrics collector
- session id: 4b65b0eb-8b86-46ee-b4dd-4338d4f1fd2c
- device id: 4ca35884-a93a-48fc-ad16-80b2a90aa32e
- application id: Box Tools Win exe
- application name: BoxTools
- application version: 4.26.1.1109
- metric collection url: https://client-log.box.com/index.php?rm=box_gen204_json_record
- metric data path: C:\Users\pcedillo\AppData\Local\Box\Box Tools\Metrics\BoxTools_Metrics.db
- post callback: 059C2E1E
- log callback: 059C2E46
- context: 00000000
- post interval in seconds: 600
- max records in a post: 100
- max db records: 500
- disable sender: true
[2024-11-28 04:50:47,267] [71   ] [INFO ] [] - Shutting down the metrics collector
[2024-11-28 05:00:47,164] [68   ] [INFO ] [] - Initializing the metrics collector
[2024-11-28 05:00:47,169] [68   ] [INFO ] [] - MetricsCollector::Sender(49): _disableSentMetrics 1
[2024-11-28 05:00:47,169] [68   ] [INFO ] [] - MetricsCollector::Initialize(231): Initialized metrics collector
- session id: 4b65b0eb-8b86-46ee-b4dd-4338d4f1fd2c
- device id: 4ca35884-a93a-48fc-ad16-80b2a90aa32e
- application id: Box Tools Win exe
- application name: BoxTools
- application version: 4.26.1.1109
- metric collection url: https://client-log.box.com/index.php?rm=box_gen204_json_record
- metric data path: C:\Users\pcedillo\AppData\Local\Box\Box Tools\Metrics\BoxTools_Metrics.db
- post callback: 059C2E1E
- log callback: 059C2E46
- context: 00000000
- post interval in seconds: 600
- max records in a post: 100
- max db records: 500
- disable sender: true
[2024-11-28 05:00:47,180] [68   ] [INFO ] [] - Shutting down the metrics collector
[2024-11-28 05:10:47,124] [67   ] [INFO ] [] - Initializing the metrics collector
[2024-11-28 05:10:47,124] [67   ] [INFO ] [] - MetricsCollector::Sender(49): _disableSentMetrics 1
[2024-11-28 05:10:47,124] [67   ] [INFO ] [] - MetricsCollector::Initialize(231): Initialized metrics collector
- session id: 4b65b0eb-8b86-46ee-b4dd-4338d4f1fd2c
- device id: 4ca35884-a93a-48fc-ad16-80b2a90aa32e
- application id: Box Tools Win exe
- application name: BoxTools
- application version: 4.26.1.1109
- metric collection url: https://client-log.box.com/index.php?rm=box_gen204_json_record
- metric data path: C:\Users\pcedillo\AppData\Local\Box\Box Tools\Metrics\BoxTools_Metrics.db
- post callback: 059C2E1E
- log callback: 059C2E46
- context: 00000000
- post interval in seconds: 600
- max records in a post: 100
- max db records: 500
- disable sender: true
[2024-11-28 05:10:47,144] [67   ] [INFO ] [] - Shutting down the metrics collector
[2024-11-28 05:20:47,149] [74   ] [INFO ] [] - Initializing the metrics collector
[2024-11-28 05:20:47,149] [74   ] [INFO ] [] - MetricsCollector::Sender(49): _disableSentMetrics 1
[2024-11-28 05:20:47,149] [74   ] [INFO ] [] - MetricsCollector::Initialize(231): Initialized metrics collector
- session id: 4b65b0eb-8b86-46ee-b4dd-4338d4f1fd2c
- device id: 4ca35884-a93a-48fc-ad16-80b2a90aa32e
- application id: Box Tools Win exe
- application name: BoxTools
- application version: 4.26.1.1109
- metric collection url: https://client-log.box.com/index.php?rm=box_gen204_json_record
- metric data path: C:\Users\pcedillo\AppData\Local\Box\Box Tools\Metrics\BoxTools_Metrics.db
- post callback: 059C2E1E
- log callback: 059C2E46
- context: 00000000
- post interval in seconds: 600
- max records in a post: 100
- max db records: 500
- disable sender: true
[2024-11-28 05:20:47,164] [74   ] [INFO ] [] - Shutting down the metrics collector
[2024-11-28 05:30:47,102] [70   ] [INFO ] [] - Initializing the metrics collector
[2024-11-28 05:30:47,156] [70   ] [INFO ] [] - MetricsCollector::Sender(49): _disableSentMetrics 1
[2024-11-28 05:30:47,159] [70   ] [INFO ] [] - MetricsCollector::Initialize(231): Initialized metrics collector
- session id: 4b65b0eb-8b86-46ee-b4dd-4338d4f1fd2c
- device id: 4ca35884-a93a-48fc-ad16-80b2a90aa32e
- application id: Box Tools Win exe
- application name: BoxTools
- application version: 4.26.1.1109
- metric collection url: https://client-log.box.com/index.php?rm=box_gen204_json_record
- metric data path: C:\Users\pcedillo\AppData\Local\Box\Box Tools\Metrics\BoxTools_Metrics.db
- post callback: 059C2E1E
- log callback: 059C2E46
- context: 00000000
- post interval in seconds: 600
- max records in a post: 100
- max db records: 500
- disable sender: true
[2024-11-28 05:30:47,192] [70   ] [INFO ] [] - Shutting down the metrics collector
[2024-11-28 05:40:47,050] [74   ] [INFO ] [] - Initializing the metrics collector
[2024-11-28 05:40:47,050] [74   ] [INFO ] [] - MetricsCollector::Sender(49): _disableSentMetrics 1
[2024-11-28 05:40:47,050] [74   ] [INFO ] [] - MetricsCollector::Initialize(231): Initialized metrics collector
- session id: 4b65b0eb-8b86-46ee-b4dd-4338d4f1fd2c
- device id: 4ca35884-a93a-48fc-ad16-80b2a90aa32e
- application id: Box Tools Win exe
- application name: BoxTools
- application version: 4.26.1.1109
- metric collection url: https://client-log.box.com/index.php?rm=box_gen204_json_record
- metric data path: C:\Users\pcedillo\AppData\Local\Box\Box Tools\Metrics\BoxTools_Metrics.db
- post callback: 059C2E1E
- log callback: 059C2E46
- context: 00000000
- post interval in seconds: 600
- max records in a post: 100
- max db records: 500
- disable sender: true
[2024-11-28 05:40:47,072] [74   ] [INFO ] [] - Shutting down the metrics collector
[2024-11-28 05:50:47,040] [72   ] [INFO ] [] - Initializing the metrics collector
[2024-11-28 05:50:47,040] [72   ] [INFO ] [] - MetricsCollector::Sender(49): _disableSentMetrics 1
[2024-11-28 05:50:47,040] [72   ] [INFO ] [] - MetricsCollector::Initialize(231): Initialized metrics collector
- session id: 4b65b0eb-8b86-46ee-b4dd-4338d4f1fd2c
- device id: 4ca35884-a93a-48fc-ad16-80b2a90aa32e
- application id: Box Tools Win exe
- application name: BoxTools
- application version: 4.26.1.1109
- metric collection url: https://client-log.box.com/index.php?rm=box_gen204_json_record
- metric data path: C:\Users\pcedillo\AppData\Local\Box\Box Tools\Metrics\BoxTools_Metrics.db
- post callback: 059C2E1E
- log callback: 059C2E46
- context: 00000000
- post interval in seconds: 600
- max records in a post: 100
- max db records: 500
- disable sender: true
[2024-11-28 05:50:47,062] [72   ] [INFO ] [] - Shutting down the metrics collector
[2024-11-28 06:00:47,063] [80   ] [INFO ] [] - Initializing the metrics collector
[2024-11-28 06:00:47,072] [80   ] [INFO ] [] - MetricsCollector::Sender(49): _disableSentMetrics 1
[2024-11-28 06:00:47,072] [80   ] [INFO ] [] - MetricsCollector::Initialize(231): Initialized metrics collector
- session id: 4b65b0eb-8b86-46ee-b4dd-4338d4f1fd2c
- device id: 4ca35884-a93a-48fc-ad16-80b2a90aa32e
- application id: Box Tools Win exe
- application name: BoxTools
- application version: 4.26.1.1109
- metric collection url: https://client-log.box.com/index.php?rm=box_gen204_json_record
- metric data path: C:\Users\pcedillo\AppData\Local\Box\Box Tools\Metrics\BoxTools_Metrics.db
- post callback: 059C2E1E
- log callback: 059C2E46
- context: 00000000
- post interval in seconds: 600
- max records in a post: 100
- max db records: 500
- disable sender: true
[2024-11-28 06:00:47,086] [80   ] [INFO ] [] - Shutting down the metrics collector
[2024-11-28 06:10:47,108] [68   ] [INFO ] [] - Initializing the metrics collector
[2024-11-28 06:10:47,108] [68   ] [INFO ] [] - MetricsCollector::Sender(49): _disableSentMetrics 1
[2024-11-28 06:10:47,108] [68   ] [INFO ] [] - MetricsCollector::Initialize(231): Initialized metrics collector
- session id: 4b65b0eb-8b86-46ee-b4dd-4338d4f1fd2c
- device id: 4ca35884-a93a-48fc-ad16-80b2a90aa32e
- application id: Box Tools Win exe
- application name: BoxTools
- application version: 4.26.1.1109
- metric collection url: https://client-log.box.com/index.php?rm=box_gen204_json_record
- metric data path: C:\Users\pcedillo\AppData\Local\Box\Box Tools\Metrics\BoxTools_Metrics.db
- post callback: 059C2E1E
- log callback: 059C2E46
- context: 00000000
- post interval in seconds: 600
- max records in a post: 100
- max db records: 500
- disable sender: true
[2024-11-28 06:10:47,124] [68   ] [INFO ] [] - Shutting down the metrics collector
[2024-11-28 06:20:47,163] [66   ] [INFO ] [] - Initializing the metrics collector
[2024-11-28 06:20:47,163] [66   ] [INFO ] [] - MetricsCollector::Sender(49): _disableSentMetrics 1
[2024-11-28 06:20:47,163] [66   ] [INFO ] [] - MetricsCollector::Initialize(231): Initialized metrics collector
- session id: 4b65b0eb-8b86-46ee-b4dd-4338d4f1fd2c
- device id: 4ca35884-a93a-48fc-ad16-80b2a90aa32e
- application id: Box Tools Win exe
- application name: BoxTools
- application version: 4.26.1.1109
- metric collection url: https://client-log.box.com/index.php?rm=box_gen204_json_record
- metric data path: C:\Users\pcedillo\AppData\Local\Box\Box Tools\Metrics\BoxTools_Metrics.db
- post callback: 059C2E1E
- log callback: 059C2E46
- context: 00000000
- post interval in seconds: 600
- max records in a post: 100
- max db records: 500
- disable sender: true
[2024-11-28 06:20:47,179] [66   ] [INFO ] [] - Shutting down the metrics collector
[2024-11-28 06:30:47,216] [73   ] [INFO ] [] - Initializing the metrics collector
[2024-11-28 06:30:47,216] [73   ] [INFO ] [] - MetricsCollector::Sender(49): _disableSentMetrics 1
[2024-11-28 06:30:47,216] [73   ] [INFO ] [] - MetricsCollector::Initialize(231): Initialized metrics collector
- session id: 4b65b0eb-8b86-46ee-b4dd-4338d4f1fd2c
- device id: 4ca35884-a93a-48fc-ad16-80b2a90aa32e
- application id: Box Tools Win exe
- application name: BoxTools
- application version: 4.26.1.1109
- metric collection url: https://client-log.box.com/index.php?rm=box_gen204_json_record
- metric data path: C:\Users\pcedillo\AppData\Local\Box\Box Tools\Metrics\BoxTools_Metrics.db
- post callback: 059C2E1E
- log callback: 059C2E46
- context: 00000000
- post interval in seconds: 600
- max records in a post: 100
- max db records: 500
- disable sender: true
[2024-11-28 06:30:47,231] [73   ] [INFO ] [] - Shutting down the metrics collector
[2024-11-28 06:40:47,034] [76   ] [INFO ] [] - Initializing the metrics collector
[2024-11-28 06:40:47,034] [76   ] [INFO ] [] - MetricsCollector::Sender(49): _disableSentMetrics 1
[2024-11-28 06:40:47,034] [76   ] [INFO ] [] - MetricsCollector::Initialize(231): Initialized metrics collector
- session id: 4b65b0eb-8b86-46ee-b4dd-4338d4f1fd2c
- device id: 4ca35884-a93a-48fc-ad16-80b2a90aa32e
- application id: Box Tools Win exe
- application name: BoxTools
- application version: 4.26.1.1109
- metric collection url: https://client-log.box.com/index.php?rm=box_gen204_json_record
- metric data path: C:\Users\pcedillo\AppData\Local\Box\Box Tools\Metrics\BoxTools_Metrics.db
- post callback: 059C2E1E
- log callback: 059C2E46
- context: 00000000
- post interval in seconds: 600
- max records in a post: 100
- max db records: 500
- disable sender: true
[2024-11-28 06:40:47,034] [76   ] [INFO ] [] - Shutting down the metrics collector
[2024-11-28 06:50:46,849] [78   ] [INFO ] [] - Initializing the metrics collector
[2024-11-28 06:50:46,849] [78   ] [INFO ] [] - MetricsCollector::Sender(49): _disableSentMetrics 1
[2024-11-28 06:50:46,849] [78   ] [INFO ] [] - MetricsCollector::Initialize(231): Initialized metrics collector
- session id: 4b65b0eb-8b86-46ee-b4dd-4338d4f1fd2c
- device id: 4ca35884-a93a-48fc-ad16-80b2a90aa32e
- application id: Box Tools Win exe
- application name: BoxTools
- application version: 4.26.1.1109
- metric collection url: https://client-log.box.com/index.php?rm=box_gen204_json_record
- metric data path: C:\Users\pcedillo\AppData\Local\Box\Box Tools\Metrics\BoxTools_Metrics.db
- post callback: 059C2E1E
- log callback: 059C2E46
- context: 00000000
- post interval in seconds: 600
- max records in a post: 100
- max db records: 500
- disable sender: true
[2024-11-28 06:50:46,865] [78   ] [INFO ] [] - Shutting down the metrics collector
[2024-11-28 07:00:46,785] [81   ] [INFO ] [] - Initializing the metrics collector
[2024-11-28 07:00:46,787] [81   ] [INFO ] [] - MetricsCollector::Sender(49): _disableSentMetrics 1
[2024-11-28 07:00:46,787] [81   ] [INFO ] [] - MetricsCollector::Initialize(231): Initialized metrics collector
- session id: 4b65b0eb-8b86-46ee-b4dd-4338d4f1fd2c
- device id: 4ca35884-a93a-48fc-ad16-80b2a90aa32e
- application id: Box Tools Win exe
- application name: BoxTools
- application version: 4.26.1.1109
- metric collection url: https://client-log.box.com/index.php?rm=box_gen204_json_record
- metric data path: C:\Users\pcedillo\AppData\Local\Box\Box Tools\Metrics\BoxTools_Metrics.db
- post callback: 059C2E1E
- log callback: 059C2E46
- context: 00000000
- post interval in seconds: 600
- max records in a post: 100
- max db records: 500
- disable sender: true
[2024-11-28 07:00:46,801] [81   ] [INFO ] [] - Shutting down the metrics collector
[2024-11-28 07:10:46,794] [65   ] [INFO ] [] - Initializing the metrics collector
[2024-11-28 07:10:46,794] [65   ] [INFO ] [] - MetricsCollector::Sender(49): _disableSentMetrics 1
[2024-11-28 07:10:46,794] [65   ] [INFO ] [] - MetricsCollector::Initialize(231): Initialized metrics collector
- session id: 4b65b0eb-8b86-46ee-b4dd-4338d4f1fd2c
- device id: 4ca35884-a93a-48fc-ad16-80b2a90aa32e
- application id: Box Tools Win exe
- application name: BoxTools
- application version: 4.26.1.1109
- metric collection url: https://client-log.box.com/index.php?rm=box_gen204_json_record
- metric data path: C:\Users\pcedillo\AppData\Local\Box\Box Tools\Metrics\BoxTools_Metrics.db
- post callback: 059C2E1E
- log callback: 059C2E46
- context: 00000000
- post interval in seconds: 600
- max records in a post: 100
- max db records: 500
- disable sender: true
[2024-11-28 07:10:46,817] [65   ] [INFO ] [] - Shutting down the metrics collector
[2024-11-28 07:20:46,831] [65   ] [INFO ] [] - Initializing the metrics collector
[2024-11-28 07:20:46,831] [65   ] [INFO ] [] - MetricsCollector::Sender(49): _disableSentMetrics 1
[2024-11-28 07:20:46,831] [65   ] [INFO ] [] - MetricsCollector::Initialize(231): Initialized metrics collector
- session id: 4b65b0eb-8b86-46ee-b4dd-4338d4f1fd2c
- device id: 4ca35884-a93a-48fc-ad16-80b2a90aa32e
- application id: Box Tools Win exe
- application name: BoxTools
- application version: 4.26.1.1109
- metric collection url: https://client-log.box.com/index.php?rm=box_gen204_json_record
- metric data path: C:\Users\pcedillo\AppData\Local\Box\Box Tools\Metrics\BoxTools_Metrics.db
- post callback: 059C2E1E
- log callback: 059C2E46
- context: 00000000
- post interval in seconds: 600
- max records in a post: 100
- max db records: 500
- disable sender: true
[2024-11-28 07:20:46,846] [65   ] [INFO ] [] - Shutting down the metrics collector
[2024-11-28 07:30:46,855] [79   ] [INFO ] [] - Initializing the metrics collector
[2024-11-28 07:30:46,855] [79   ] [INFO ] [] - MetricsCollector::Sender(49): _disableSentMetrics 1
[2024-11-28 07:30:46,855] [79   ] [INFO ] [] - MetricsCollector::Initialize(231): Initialized metrics collector
- session id: 4b65b0eb-8b86-46ee-b4dd-4338d4f1fd2c
- device id: 4ca35884-a93a-48fc-ad16-80b2a90aa32e
- application id: Box Tools Win exe
- application name: BoxTools
- application version: 4.26.1.1109
- metric collection url: https://client-log.box.com/index.php?rm=box_gen204_json_record
- metric data path: C:\Users\pcedillo\AppData\Local\Box\Box Tools\Metrics\BoxTools_Metrics.db
- post callback: 059C2E1E
- log callback: 059C2E46
- context: 00000000
- post interval in seconds: 600
- max records in a post: 100
- max db records: 500
- disable sender: true
[2024-11-28 07:30:46,873] [79   ] [INFO ] [] - Shutting down the metrics collector
[2024-11-28 07:40:46,926] [76   ] [INFO ] [] - Initializing the metrics collector
[2024-11-28 07:40:46,927] [76   ] [INFO ] [] - MetricsCollector::Sender(49): _disableSentMetrics 1
[2024-11-28 07:40:46,938] [76   ] [INFO ] [] - MetricsCollector::Initialize(231): Initialized metrics collector
- session id: 4b65b0eb-8b86-46ee-b4dd-4338d4f1fd2c
- device id: 4ca35884-a93a-48fc-ad16-80b2a90aa32e
- application id: Box Tools Win exe
- application name: BoxTools
- application version: 4.26.1.1109
- metric collection url: https://client-log.box.com/index.php?rm=box_gen204_json_record
- metric data path: C:\Users\pcedillo\AppData\Local\Box\Box Tools\Metrics\BoxTools_Metrics.db
- post callback: 059C2E1E
- log callback: 059C2E46
- context: 00000000
- post interval in seconds: 600
- max records in a post: 100
- max db records: 500
- disable sender: true
[2024-11-28 07:40:46,943] [76   ] [INFO ] [] - Shutting down the metrics collector
[2024-11-28 07:50:46,706] [66   ] [INFO ] [] - Initializing the metrics collector
[2024-11-28 07:50:46,716] [66   ] [INFO ] [] - MetricsCollector::Sender(49): _disableSentMetrics 1
[2024-11-28 07:50:46,716] [66   ] [INFO ] [] - MetricsCollector::Initialize(231): Initialized metrics collector
- session id: 4b65b0eb-8b86-46ee-b4dd-4338d4f1fd2c
- device id: 4ca35884-a93a-48fc-ad16-80b2a90aa32e
- application id: Box Tools Win exe
- application name: BoxTools
- application version: 4.26.1.1109
- metric collection url: https://client-log.box.com/index.php?rm=box_gen204_json_record
- metric data path: C:\Users\pcedillo\AppData\Local\Box\Box Tools\Metrics\BoxTools_Metrics.db
- post callback: 059C2E1E
- log callback: 059C2E46
- context: 00000000
- post interval in seconds: 600
- max records in a post: 100
- max db records: 500
- disable sender: true
[2024-11-28 07:50:46,722] [66   ] [INFO ] [] - Shutting down the metrics collector
[2024-11-28 08:00:46,570] [71   ] [INFO ] [] - Initializing the metrics collector
[2024-11-28 08:00:46,570] [71   ] [INFO ] [] - MetricsCollector::Sender(49): _disableSentMetrics 1
[2024-11-28 08:00:46,585] [71   ] [INFO ] [] - MetricsCollector::Initialize(231): Initialized metrics collector
- session id: 4b65b0eb-8b86-46ee-b4dd-4338d4f1fd2c
- device id: 4ca35884-a93a-48fc-ad16-80b2a90aa32e
- application id: Box Tools Win exe
- application name: BoxTools
- application version: 4.26.1.1109
- metric collection url: https://client-log.box.com/index.php?rm=box_gen204_json_record
- metric data path: C:\Users\pcedillo\AppData\Local\Box\Box Tools\Metrics\BoxTools_Metrics.db
- post callback: 059C2E1E
- log callback: 059C2E46
- context: 00000000
- post interval in seconds: 600
- max records in a post: 100
- max db records: 500
- disable sender: true
[2024-11-28 08:00:46,585] [71   ] [INFO ] [] - Shutting down the metrics collector
[2024-11-28 08:10:46,535] [68   ] [INFO ] [] - Initializing the metrics collector
[2024-11-28 08:10:46,535] [68   ] [INFO ] [] - MetricsCollector::Sender(49): _disableSentMetrics 1
[2024-11-28 08:10:46,535] [68   ] [INFO ] [] - MetricsCollector::Initialize(231): Initialized metrics collector
- session id: 4b65b0eb-8b86-46ee-b4dd-4338d4f1fd2c
- device id: 4ca35884-a93a-48fc-ad16-80b2a90aa32e
- application id: Box Tools Win exe
- application name: BoxTools
- application version: 4.26.1.1109
- metric collection url: https://client-log.box.com/index.php?rm=box_gen204_json_record
- metric data path: C:\Users\pcedillo\AppData\Local\Box\Box Tools\Metrics\BoxTools_Metrics.db
- post callback: 059C2E1E
- log callback: 059C2E46
- context: 00000000
- post interval in seconds: 600
- max records in a post: 100
- max db records: 500
- disable sender: true
[2024-11-28 08:10:46,557] [68   ] [INFO ] [] - Shutting down the metrics collector
[2024-11-28 08:20:46,544] [81   ] [INFO ] [] - Initializing the metrics collector
[2024-11-28 08:20:46,554] [81   ] [INFO ] [] - MetricsCollector::Sender(49): _disableSentMetrics 1
[2024-11-28 08:20:46,554] [81   ] [INFO ] [] - MetricsCollector::Initialize(231): Initialized metrics collector
- session id: 4b65b0eb-8b86-46ee-b4dd-4338d4f1fd2c
- device id: 4ca35884-a93a-48fc-ad16-80b2a90aa32e
- application id: Box Tools Win exe
- application name: BoxTools
- application version: 4.26.1.1109
- metric collection url: https://client-log.box.com/index.php?rm=box_gen204_json_record
- metric data path: C:\Users\pcedillo\AppData\Local\Box\Box Tools\Metrics\BoxTools_Metrics.db
- post callback: 059C2E1E
- log callback: 059C2E46
- context: 00000000
- post interval in seconds: 600
- max records in a post: 100
- max db records: 500
- disable sender: true
[2024-11-28 08:20:46,566] [81   ] [INFO ] [] - Shutting down the metrics collector
[2024-11-28 08:30:46,573] [71   ] [INFO ] [] - Initializing the metrics collector
[2024-11-28 08:30:46,573] [71   ] [INFO ] [] - MetricsCollector::Sender(49): _disableSentMetrics 1
[2024-11-28 08:30:46,573] [71   ] [INFO ] [] - MetricsCollector::Initialize(231): Initialized metrics collector
- session id: 4b65b0eb-8b86-46ee-b4dd-4338d4f1fd2c
- device id: 4ca35884-a93a-48fc-ad16-80b2a90aa32e
- application id: Box Tools Win exe
- application name: BoxTools
- application version: 4.26.1.1109
- metric collection url: https://client-log.box.com/index.php?rm=box_gen204_json_record
- metric data path: C:\Users\pcedillo\AppData\Local\Box\Box Tools\Metrics\BoxTools_Metrics.db
- post callback: 059C2E1E
- log callback: 059C2E46
- context: 00000000
- post interval in seconds: 600
- max records in a post: 100
- max db records: 500
- disable sender: true
[2024-11-28 08:30:46,584] [71   ] [INFO ] [] - Shutting down the metrics collector
[2024-11-28 08:40:46,615] [66   ] [INFO ] [] - Initializing the metrics collector
[2024-11-28 08:40:46,615] [66   ] [INFO ] [] - MetricsCollector::Sender(49): _disableSentMetrics 1
[2024-11-28 08:40:46,615] [66   ] [INFO ] [] - MetricsCollector::Initialize(231): Initialized metrics collector
- session id: 4b65b0eb-8b86-46ee-b4dd-4338d4f1fd2c
- device id: 4ca35884-a93a-48fc-ad16-80b2a90aa32e
- application id: Box Tools Win exe
- application name: BoxTools
- application version: 4.26.1.1109
- metric collection url: https://client-log.box.com/index.php?rm=box_gen204_json_record
- metric data path: C:\Users\pcedillo\AppData\Local\Box\Box Tools\Metrics\BoxTools_Metrics.db
- post callback: 059C2E1E
- log callback: 059C2E46
- context: 00000000
- post interval in seconds: 600
- max records in a post: 100
- max db records: 500
- disable sender: true
[2024-11-28 08:40:46,630] [66   ] [INFO ] [] - Shutting down the metrics collector
[2024-11-28 08:50:46,677] [73   ] [INFO ] [] - Initializing the metrics collector
[2024-11-28 08:50:46,694] [73   ] [INFO ] [] - MetricsCollector::Sender(49): _disableSentMetrics 1
[2024-11-28 08:50:46,694] [73   ] [INFO ] [] - MetricsCollector::Initialize(231): Initialized metrics collector
- session id: 4b65b0eb-8b86-46ee-b4dd-4338d4f1fd2c
- device id: 4ca35884-a93a-48fc-ad16-80b2a90aa32e
- application id: Box Tools Win exe
- application name: BoxTools
- application version: 4.26.1.1109
- metric collection url: https://client-log.box.com/index.php?rm=box_gen204_json_record
- metric data path: C:\Users\pcedillo\AppData\Local\Box\Box Tools\Metrics\BoxTools_Metrics.db
- post callback: 059C2E1E
- log callback: 059C2E46
- context: 00000000
- post interval in seconds: 600
- max records in a post: 100
- max db records: 500
- disable sender: true
[2024-11-28 08:50:46,709] [73   ] [INFO ] [] - Shutting down the metrics collector
[2024-11-28 09:00:46,469] [76   ] [INFO ] [] - Initializing the metrics collector
[2024-11-28 09:00:46,492] [76   ] [INFO ] [] - MetricsCollector::Sender(49): _disableSentMetrics 1
[2024-11-28 09:00:46,492] [76   ] [INFO ] [] - MetricsCollector::Initialize(231): Initialized metrics collector
- session id: 4b65b0eb-8b86-46ee-b4dd-4338d4f1fd2c
- device id: 4ca35884-a93a-48fc-ad16-80b2a90aa32e
- application id: Box Tools Win exe
- application name: BoxTools
- application version: 4.26.1.1109
- metric collection url: https://client-log.box.com/index.php?rm=box_gen204_json_record
- metric data path: C:\Users\pcedillo\AppData\Local\Box\Box Tools\Metrics\BoxTools_Metrics.db
- post callback: 059C2E1E
- log callback: 059C2E46
- context: 00000000
- post interval in seconds: 600
- max records in a post: 100
- max db records: 500
- disable sender: true
[2024-11-28 09:00:46,512] [76   ] [INFO ] [] - Shutting down the metrics collector
[2024-11-28 09:10:46,411] [78   ] [INFO ] [] - Initializing the metrics collector
[2024-11-28 09:10:46,427] [78   ] [INFO ] [] - MetricsCollector::Sender(49): _disableSentMetrics 1
[2024-11-28 09:10:46,427] [78   ] [INFO ] [] - MetricsCollector::Initialize(231): Initialized metrics collector
- session id: 4b65b0eb-8b86-46ee-b4dd-4338d4f1fd2c
- device id: 4ca35884-a93a-48fc-ad16-80b2a90aa32e
- application id: Box Tools Win exe
- application name: BoxTools
- application version: 4.26.1.1109
- metric collection url: https://client-log.box.com/index.php?rm=box_gen204_json_record
- metric data path: C:\Users\pcedillo\AppData\Local\Box\Box Tools\Metrics\BoxTools_Metrics.db
- post callback: 059C2E1E
- log callback: 059C2E46
- context: 00000000
- post interval in seconds: 600
- max records in a post: 100
- max db records: 500
- disable sender: true
[2024-11-28 09:10:46,448] [78   ] [INFO ] [] - Shutting down the metrics collector
[2024-11-28 09:20:46,399] [79   ] [INFO ] [] - Initializing the metrics collector
[2024-11-28 09:20:46,416] [79   ] [INFO ] [] - MetricsCollector::Sender(49): _disableSentMetrics 1
[2024-11-28 09:20:46,416] [79   ] [INFO ] [] - MetricsCollector::Initialize(231): Initialized metrics collector
- session id: 4b65b0eb-8b86-46ee-b4dd-4338d4f1fd2c
- device id: 4ca35884-a93a-48fc-ad16-80b2a90aa32e
- application id: Box Tools Win exe
- application name: BoxTools
- application version: 4.26.1.1109
- metric collection url: https://client-log.box.com/index.php?rm=box_gen204_json_record
- metric data path: C:\Users\pcedillo\AppData\Local\Box\Box Tools\Metrics\BoxTools_Metrics.db
- post callback: 059C2E1E
- log callback: 059C2E46
- context: 00000000
- post interval in seconds: 600
- max records in a post: 100
- max db records: 500
- disable sender: true
[2024-11-28 09:20:46,442] [79   ] [INFO ] [] - Shutting down the metrics collector
[2024-11-28 09:30:46,407] [65   ] [INFO ] [] - Initializing the metrics collector
[2024-11-28 09:30:46,430] [65   ] [INFO ] [] - MetricsCollector::Sender(49): _disableSentMetrics 1
[2024-11-28 09:30:46,430] [65   ] [INFO ] [] - MetricsCollector::Initialize(231): Initialized metrics collector
- session id: 4b65b0eb-8b86-46ee-b4dd-4338d4f1fd2c
- device id: 4ca35884-a93a-48fc-ad16-80b2a90aa32e
- application id: Box Tools Win exe
- application name: BoxTools
- application version: 4.26.1.1109
- metric collection url: https://client-log.box.com/index.php?rm=box_gen204_json_record
- metric data path: C:\Users\pcedillo\AppData\Local\Box\Box Tools\Metrics\BoxTools_Metrics.db
- post callback: 059C2E1E
- log callback: 059C2E46
- context: 00000000
- post interval in seconds: 600
- max records in a post: 100
- max db records: 500
- disable sender: true
[2024-11-28 09:30:46,450] [65   ] [INFO ] [] - Shutting down the metrics collector
[2024-11-28 09:40:46,431] [77   ] [INFO ] [] - Initializing the metrics collector
[2024-11-28 09:40:46,449] [77   ] [INFO ] [] - MetricsCollector::Sender(49): _disableSentMetrics 1
[2024-11-28 09:40:46,449] [77   ] [INFO ] [] - MetricsCollector::Initialize(231): Initialized metrics collector
- session id: 4b65b0eb-8b86-46ee-b4dd-4338d4f1fd2c
- device id: 4ca35884-a93a-48fc-ad16-80b2a90aa32e
- application id: Box Tools Win exe
- application name: BoxTools
- application version: 4.26.1.1109
- metric collection url: https://client-log.box.com/index.php?rm=box_gen204_json_record
- metric data path: C:\Users\pcedillo\AppData\Local\Box\Box Tools\Metrics\BoxTools_Metrics.db
- post callback: 059C2E1E
- log callback: 059C2E46
- context: 00000000
- post interval in seconds: 600
- max records in a post: 100
- max db records: 500
- disable sender: true
[2024-11-28 09:40:46,473] [77   ] [INFO ] [] - Shutting down the metrics collector
[2024-11-28 09:50:46,447] [75   ] [INFO ] [] - Initializing the metrics collector
[2024-11-28 09:50:46,463] [75   ] [INFO ] [] - MetricsCollector::Sender(49): _disableSentMetrics 1
[2024-11-28 09:50:46,464] [75   ] [INFO ] [] - MetricsCollector::Initialize(231): Initialized metrics collector
- session id: 4b65b0eb-8b86-46ee-b4dd-4338d4f1fd2c
- device id: 4ca35884-a93a-48fc-ad16-80b2a90aa32e
- application id: Box Tools Win exe
- application name: BoxTools
- application version: 4.26.1.1109
- metric collection url: https://client-log.box.com/index.php?rm=box_gen204_json_record
- metric data path: C:\Users\pcedillo\AppData\Local\Box\Box Tools\Metrics\BoxTools_Metrics.db
- post callback: 059C2E1E
- log callback: 059C2E46
- context: 00000000
- post interval in seconds: 600
- max records in a post: 100
- max db records: 500
- disable sender: true
[2024-11-28 09:50:46,479] [75   ] [INFO ] [] - Shutting down the metrics collector
[2024-11-28 10:00:46,467] [68   ] [INFO ] [] - Initializing the metrics collector
[2024-11-28 10:00:46,483] [68   ] [INFO ] [] - MetricsCollector::Sender(49): _disableSentMetrics 1
[2024-11-28 10:00:46,483] [68   ] [INFO ] [] - MetricsCollector::Initialize(231): Initialized metrics collector
- session id: 4b65b0eb-8b86-46ee-b4dd-4338d4f1fd2c
- device id: 4ca35884-a93a-48fc-ad16-80b2a90aa32e
- application id: Box Tools Win exe
- application name: BoxTools
- application version: 4.26.1.1109
- metric collection url: https://client-log.box.com/index.php?rm=box_gen204_json_record
- metric data path: C:\Users\pcedillo\AppData\Local\Box\Box Tools\Metrics\BoxTools_Metrics.db
- post callback: 059C2E1E
- log callback: 059C2E46
- context: 00000000
- post interval in seconds: 600
- max records in a post: 100
- max db records: 500
- disable sender: true
[2024-11-28 10:00:46,506] [68   ] [INFO ] [] - Shutting down the metrics collector
[2024-11-28 10:10:46,351] [69   ] [INFO ] [] - Initializing the metrics collector
[2024-11-28 10:10:46,356] [69   ] [INFO ] [] - MetricsCollector::Sender(49): _disableSentMetrics 1
[2024-11-28 10:10:46,356] [69   ] [INFO ] [] - MetricsCollector::Initialize(231): Initialized metrics collector
- session id: 4b65b0eb-8b86-46ee-b4dd-4338d4f1fd2c
- device id: 4ca35884-a93a-48fc-ad16-80b2a90aa32e
- application id: Box Tools Win exe
- application name: BoxTools
- application version: 4.26.1.1109
- metric collection url: https://client-log.box.com/index.php?rm=box_gen204_json_record
- metric data path: C:\Users\pcedillo\AppData\Local\Box\Box Tools\Metrics\BoxTools_Metrics.db
- post callback: 059C2E1E
- log callback: 059C2E46
- context: 00000000
- post interval in seconds: 600
- max records in a post: 100
- max db records: 500
- disable sender: true
[2024-11-28 10:10:46,373] [69   ] [INFO ] [] - Shutting down the metrics collector
[2024-11-28 10:20:46,278] [81   ] [INFO ] [] - Initializing the metrics collector
[2024-11-28 10:20:46,280] [81   ] [INFO ] [] - MetricsCollector::Sender(49): _disableSentMetrics 1
[2024-11-28 10:20:46,280] [81   ] [INFO ] [] - MetricsCollector::Initialize(231): Initialized metrics collector
- session id: 4b65b0eb-8b86-46ee-b4dd-4338d4f1fd2c
- device id: 4ca35884-a93a-48fc-ad16-80b2a90aa32e
- application id: Box Tools Win exe
- application name: BoxTools
- application version: 4.26.1.1109
- metric collection url: https://client-log.box.com/index.php?rm=box_gen204_json_record
- metric data path: C:\Users\pcedillo\AppData\Local\Box\Box Tools\Metrics\BoxTools_Metrics.db
- post callback: 059C2E1E
- log callback: 059C2E46
- context: 00000000
- post interval in seconds: 600
- max records in a post: 100
- max db records: 500
- disable sender: true
[2024-11-28 10:20:46,294] [81   ] [INFO ] [] - Shutting down the metrics collector
[2024-11-28 10:30:46,242] [80   ] [INFO ] [] - Initializing the metrics collector
[2024-11-28 10:30:46,253] [80   ] [INFO ] [] - MetricsCollector::Sender(49): _disableSentMetrics 1
[2024-11-28 10:30:46,253] [80   ] [INFO ] [] - MetricsCollector::Initialize(231): Initialized metrics collector
- session id: 4b65b0eb-8b86-46ee-b4dd-4338d4f1fd2c
- device id: 4ca35884-a93a-48fc-ad16-80b2a90aa32e
- application id: Box Tools Win exe
- application name: BoxTools
- application version: 4.26.1.1109
- metric collection url: https://client-log.box.com/index.php?rm=box_gen204_json_record
- metric data path: C:\Users\pcedillo\AppData\Local\Box\Box Tools\Metrics\BoxTools_Metrics.db
- post callback: 059C2E1E
- log callback: 059C2E46
- context: 00000000
- post interval in seconds: 600
- max records in a post: 100
- max db records: 500
- disable sender: true
[2024-11-28 10:30:46,262] [80   ] [INFO ] [] - Shutting down the metrics collector
[2024-11-28 10:40:46,214] [70   ] [INFO ] [] - Initializing the metrics collector
[2024-11-28 10:40:46,214] [70   ] [INFO ] [] - MetricsCollector::Sender(49): _disableSentMetrics 1
[2024-11-28 10:40:46,229] [70   ] [INFO ] [] - MetricsCollector::Initialize(231): Initialized metrics collector
- session id: 4b65b0eb-8b86-46ee-b4dd-4338d4f1fd2c
- device id: 4ca35884-a93a-48fc-ad16-80b2a90aa32e
- application id: Box Tools Win exe
- application name: BoxTools
- application version: 4.26.1.1109
- metric collection url: https://client-log.box.com/index.php?rm=box_gen204_json_record
- metric data path: C:\Users\pcedillo\AppData\Local\Box\Box Tools\Metrics\BoxTools_Metrics.db
- post callback: 059C2E1E
- log callback: 059C2E46
- context: 00000000
- post interval in seconds: 600
- max records in a post: 100
- max db records: 500
- disable sender: true
[2024-11-28 10:40:46,241] [70   ] [INFO ] [] - Shutting down the metrics collector
[2024-11-28 10:50:46,233] [67   ] [INFO ] [] - Initializing the metrics collector
[2024-11-28 10:50:46,238] [67   ] [INFO ] [] - MetricsCollector::Sender(49): _disableSentMetrics 1
[2024-11-28 10:50:46,238] [67   ] [INFO ] [] - MetricsCollector::Initialize(231): Initialized metrics collector
- session id: 4b65b0eb-8b86-46ee-b4dd-4338d4f1fd2c
- device id: 4ca35884-a93a-48fc-ad16-80b2a90aa32e
- application id: Box Tools Win exe
- application name: BoxTools
- application version: 4.26.1.1109
- metric collection url: https://client-log.box.com/index.php?rm=box_gen204_json_record
- metric data path: C:\Users\pcedillo\AppData\Local\Box\Box Tools\Metrics\BoxTools_Metrics.db
- post callback: 059C2E1E
- log callback: 059C2E46
- context: 00000000
- post interval in seconds: 600
- max records in a post: 100
- max db records: 500
- disable sender: true
[2024-11-28 10:50:46,249] [67   ] [INFO ] [] - Shutting down the metrics collector
[2024-11-28 11:00:46,260] [74   ] [INFO ] [] - Initializing the metrics collector
[2024-11-28 11:00:46,260] [74   ] [INFO ] [] - MetricsCollector::Sender(49): _disableSentMetrics 1
[2024-11-28 11:00:46,260] [74   ] [INFO ] [] - MetricsCollector::Initialize(231): Initialized metrics collector
- session id: 4b65b0eb-8b86-46ee-b4dd-4338d4f1fd2c
- device id: 4ca35884-a93a-48fc-ad16-80b2a90aa32e
- application id: Box Tools Win exe
- application name: BoxTools
- application version: 4.26.1.1109
- metric collection url: https://client-log.box.com/index.php?rm=box_gen204_json_record
- metric data path: C:\Users\pcedillo\AppData\Local\Box\Box Tools\Metrics\BoxTools_Metrics.db
- post callback: 059C2E1E
- log callback: 059C2E46
- context: 00000000
- post interval in seconds: 600
- max records in a post: 100
- max db records: 500
- disable sender: true
[2024-11-28 11:00:46,276] [74   ] [INFO ] [] - Shutting down the metrics collector
[2024-11-28 11:10:46,223] [72   ] [INFO ] [] - Initializing the metrics collector
[2024-11-28 11:10:46,223] [72   ] [INFO ] [] - MetricsCollector::Sender(49): _disableSentMetrics 1
[2024-11-28 11:10:46,223] [72   ] [INFO ] [] - MetricsCollector::Initialize(231): Initialized metrics collector
- session id: 4b65b0eb-8b86-46ee-b4dd-4338d4f1fd2c
- device id: 4ca35884-a93a-48fc-ad16-80b2a90aa32e
- application id: Box Tools Win exe
- application name: BoxTools
- application version: 4.26.1.1109
- metric collection url: https://client-log.box.com/index.php?rm=box_gen204_json_record
- metric data path: C:\Users\pcedillo\AppData\Local\Box\Box Tools\Metrics\BoxTools_Metrics.db
- post callback: 059C2E1E
- log callback: 059C2E46
- context: 00000000
- post interval in seconds: 600
- max records in a post: 100
- max db records: 500
- disable sender: true
[2024-11-28 11:10:46,239] [72   ] [INFO ] [] - Shutting down the metrics collector
[2024-11-28 11:20:46,113] [63   ] [INFO ] [] - Initializing the metrics collector
[2024-11-28 11:20:46,113] [63   ] [INFO ] [] - MetricsCollector::Sender(49): _disableSentMetrics 1
[2024-11-28 11:20:46,113] [63   ] [INFO ] [] - MetricsCollector::Initialize(231): Initialized metrics collector
- session id: 4b65b0eb-8b86-46ee-b4dd-4338d4f1fd2c
- device id: 4ca35884-a93a-48fc-ad16-80b2a90aa32e
- application id: Box Tools Win exe
- application name: BoxTools
- application version: 4.26.1.1109
- metric collection url: https://client-log.box.com/index.php?rm=box_gen204_json_record
- metric data path: C:\Users\pcedillo\AppData\Local\Box\Box Tools\Metrics\BoxTools_Metrics.db
- post callback: 059C2E1E
- log callback: 059C2E46
- context: 00000000
- post interval in seconds: 600
- max records in a post: 100
- max db records: 500
- disable sender: true
[2024-11-28 11:20:46,133] [63   ] [INFO ] [] - Shutting down the metrics collector
[2024-11-28 11:30:46,037] [64   ] [INFO ] [] - Initializing the metrics collector
[2024-11-28 11:30:46,037] [64   ] [INFO ] [] - MetricsCollector::Sender(49): _disableSentMetrics 1
[2024-11-28 11:30:46,037] [64   ] [INFO ] [] - MetricsCollector::Initialize(231): Initialized metrics collector
- session id: 4b65b0eb-8b86-46ee-b4dd-4338d4f1fd2c
- device id: 4ca35884-a93a-48fc-ad16-80b2a90aa32e
- application id: Box Tools Win exe
- application name: BoxTools
- application version: 4.26.1.1109
- metric collection url: https://client-log.box.com/index.php?rm=box_gen204_json_record
- metric data path: C:\Users\pcedillo\AppData\Local\Box\Box Tools\Metrics\BoxTools_Metrics.db
- post callback: 059C2E1E
- log callback: 059C2E46
- context: 00000000
- post interval in seconds: 600
- max records in a post: 100
- max db records: 500
- disable sender: true
[2024-11-28 11:30:46,063] [64   ] [INFO ] [] - Shutting down the metrics collector
[2024-11-28 11:40:46,004] [50   ] [INFO ] [] - Initializing the metrics collector
[2024-11-28 11:40:46,019] [50   ] [INFO ] [] - MetricsCollector::Sender(49): _disableSentMetrics 1
[2024-11-28 11:40:46,019] [50   ] [INFO ] [] - MetricsCollector::Initialize(231): Initialized metrics collector
- session id: 4b65b0eb-8b86-46ee-b4dd-4338d4f1fd2c
- device id: 4ca35884-a93a-48fc-ad16-80b2a90aa32e
- application id: Box Tools Win exe
- application name: BoxTools
- application version: 4.26.1.1109
- metric collection url: https://client-log.box.com/index.php?rm=box_gen204_json_record
- metric data path: C:\Users\pcedillo\AppData\Local\Box\Box Tools\Metrics\BoxTools_Metrics.db
- post callback: 059C2E1E
- log callback: 059C2E46
- context: 00000000
- post interval in seconds: 600
- max records in a post: 100
- max db records: 500
- disable sender: true
[2024-11-28 11:40:46,035] [50   ] [INFO ] [] - Shutting down the metrics collector
[2024-11-28 11:50:45,990] [62   ] [INFO ] [] - Initializing the metrics collector
[2024-11-28 11:50:45,991] [62   ] [INFO ] [] - MetricsCollector::Sender(49): _disableSentMetrics 1
[2024-11-28 11:50:45,991] [62   ] [INFO ] [] - MetricsCollector::Initialize(231): Initialized metrics collector
- session id: 4b65b0eb-8b86-46ee-b4dd-4338d4f1fd2c
- device id: 4ca35884-a93a-48fc-ad16-80b2a90aa32e
- application id: Box Tools Win exe
- application name: BoxTools
- application version: 4.26.1.1109
- metric collection url: https://client-log.box.com/index.php?rm=box_gen204_json_record
- metric data path: C:\Users\pcedillo\AppData\Local\Box\Box Tools\Metrics\BoxTools_Metrics.db
- post callback: 059C2E1E
- log callback: 059C2E46
- context: 00000000
- post interval in seconds: 600
- max records in a post: 100
- max db records: 500
- disable sender: true
[2024-11-28 11:50:45,998] [62   ] [INFO ] [] - Shutting down the metrics collector
[2024-11-28 12:00:45,985] [28   ] [INFO ] [] - Initializing the metrics collector
[2024-11-28 12:00:45,985] [28   ] [INFO ] [] - MetricsCollector::Sender(49): _disableSentMetrics 1
[2024-11-28 12:00:45,985] [28   ] [INFO ] [] - MetricsCollector::Initialize(231): Initialized metrics collector
- session id: 4b65b0eb-8b86-46ee-b4dd-4338d4f1fd2c
- device id: 4ca35884-a93a-48fc-ad16-80b2a90aa32e
- application id: Box Tools Win exe
- application name: BoxTools
- application version: 4.26.1.1109
- metric collection url: https://client-log.box.com/index.php?rm=box_gen204_json_record
- metric data path: C:\Users\pcedillo\AppData\Local\Box\Box Tools\Metrics\BoxTools_Metrics.db
- post callback: 059C2E1E
- log callback: 059C2E46
- context: 00000000
- post interval in seconds: 600
- max records in a post: 100
- max db records: 500
- disable sender: true
[2024-11-28 12:00:46,000] [28   ] [INFO ] [] - Shutting down the metrics collector
[2024-11-28 12:10:46,006] [47   ] [INFO ] [] - Initializing the metrics collector
[2024-11-28 12:10:46,006] [47   ] [INFO ] [] - MetricsCollector::Sender(49): _disableSentMetrics 1
[2024-11-28 12:10:46,006] [47   ] [INFO ] [] - MetricsCollector::Initialize(231): Initialized metrics collector
- session id: 4b65b0eb-8b86-46ee-b4dd-4338d4f1fd2c
- device id: 4ca35884-a93a-48fc-ad16-80b2a90aa32e
- application id: Box Tools Win exe
- application name: BoxTools
- application version: 4.26.1.1109
- metric collection url: https://client-log.box.com/index.php?rm=box_gen204_json_record
- metric data path: C:\Users\pcedillo\AppData\Local\Box\Box Tools\Metrics\BoxTools_Metrics.db
- post callback: 059C2E1E
- log callback: 059C2E46
- context: 00000000
- post interval in seconds: 600
- max records in a post: 100
- max db records: 500
- disable sender: true
[2024-11-28 12:10:46,022] [47   ] [INFO ] [] - Shutting down the metrics collector
[2024-11-28 12:20:45,941] [17   ] [INFO ] [] - Initializing the metrics collector
[2024-11-28 12:20:45,941] [17   ] [INFO ] [] - MetricsCollector::Sender(49): _disableSentMetrics 1
[2024-11-28 12:20:45,941] [17   ] [INFO ] [] - MetricsCollector::Initialize(231): Initialized metrics collector
- session id: 4b65b0eb-8b86-46ee-b4dd-4338d4f1fd2c
- device id: 4ca35884-a93a-48fc-ad16-80b2a90aa32e
- application id: Box Tools Win exe
- application name: BoxTools
- application version: 4.26.1.1109
- metric collection url: https://client-log.box.com/index.php?rm=box_gen204_json_record
- metric data path: C:\Users\pcedillo\AppData\Local\Box\Box Tools\Metrics\BoxTools_Metrics.db
- post callback: 059C2E1E
- log callback: 059C2E46
- context: 00000000
- post interval in seconds: 600
- max records in a post: 100
- max db records: 500
- disable sender: true
[2024-11-28 12:20:45,961] [17   ] [INFO ] [] - Shutting down the metrics collector
[2024-11-28 12:30:45,838] [60   ] [INFO ] [] - Initializing the metrics collector
[2024-11-28 12:30:45,850] [60   ] [INFO ] [] - MetricsCollector::Sender(49): _disableSentMetrics 1
[2024-11-28 12:30:45,850] [60   ] [INFO ] [] - MetricsCollector::Initialize(231): Initialized metrics collector
- session id: 4b65b0eb-8b86-46ee-b4dd-4338d4f1fd2c
- device id: 4ca35884-a93a-48fc-ad16-80b2a90aa32e
- application id: Box Tools Win exe
- application name: BoxTools
- application version: 4.26.1.1109
- metric collection url: https://client-log.box.com/index.php?rm=box_gen204_json_record
- metric data path: C:\Users\pcedillo\AppData\Local\Box\Box Tools\Metrics\BoxTools_Metrics.db
- post callback: 059C2E1E
- log callback: 059C2E46
- context: 00000000
- post interval in seconds: 600
- max records in a post: 100
- max db records: 500
- disable sender: true
[2024-11-28 12:30:45,854] [60   ] [INFO ] [] - Shutting down the metrics collector
[2024-11-28 12:40:45,779] [53   ] [INFO ] [] - Initializing the metrics collector
[2024-11-28 12:40:45,779] [53   ] [INFO ] [] - MetricsCollector::Sender(49): _disableSentMetrics 1
[2024-11-28 12:40:45,779] [53   ] [INFO ] [] - MetricsCollector::Initialize(231): Initialized metrics collector
- session id: 4b65b0eb-8b86-46ee-b4dd-4338d4f1fd2c
- device id: 4ca35884-a93a-48fc-ad16-80b2a90aa32e
- application id: Box Tools Win exe
- application name: BoxTools
- application version: 4.26.1.1109
- metric collection url: https://client-log.box.com/index.php?rm=box_gen204_json_record
- metric data path: C:\Users\pcedillo\AppData\Local\Box\Box Tools\Metrics\BoxTools_Metrics.db
- post callback: 059C2E1E
- log callback: 059C2E46
- context: 00000000
- post interval in seconds: 600
- max records in a post: 100
- max db records: 500
- disable sender: true
[2024-11-28 12:40:45,794] [53   ] [INFO ] [] - Shutting down the metrics collector
[2024-11-28 12:50:45,748] [55   ] [INFO ] [] - Initializing the metrics collector
[2024-11-28 12:50:45,748] [55   ] [INFO ] [] - MetricsCollector::Sender(49): _disableSentMetrics 1
[2024-11-28 12:50:45,748] [55   ] [INFO ] [] - MetricsCollector::Initialize(231): Initialized metrics collector
- session id: 4b65b0eb-8b86-46ee-b4dd-4338d4f1fd2c
- device id: 4ca35884-a93a-48fc-ad16-80b2a90aa32e
- application id: Box Tools Win exe
- application name: BoxTools
- application version: 4.26.1.1109
- metric collection url: https://client-log.box.com/index.php?rm=box_gen204_json_record
- metric data path: C:\Users\pcedillo\AppData\Local\Box\Box Tools\Metrics\BoxTools_Metrics.db
- post callback: 059C2E1E
- log callback: 059C2E46
- context: 00000000
- post interval in seconds: 600
- max records in a post: 100
- max db records: 500
- disable sender: true
[2024-11-28 12:50:45,764] [55   ] [INFO ] [] - Shutting down the metrics collector
[2024-11-28 13:00:45,739] [12   ] [INFO ] [] - Initializing the metrics collector
[2024-11-28 13:00:45,747] [12   ] [INFO ] [] - MetricsCollector::Sender(49): _disableSentMetrics 1
[2024-11-28 13:00:45,747] [12   ] [INFO ] [] - MetricsCollector::Initialize(231): Initialized metrics collector
- session id: 4b65b0eb-8b86-46ee-b4dd-4338d4f1fd2c
- device id: 4ca35884-a93a-48fc-ad16-80b2a90aa32e
- application id: Box Tools Win exe
- application name: BoxTools
- application version: 4.26.1.1109
- metric collection url: https://client-log.box.com/index.php?rm=box_gen204_json_record
- metric data path: C:\Users\pcedillo\AppData\Local\Box\Box Tools\Metrics\BoxTools_Metrics.db
- post callback: 059C2E1E
- log callback: 059C2E46
- context: 00000000
- post interval in seconds: 600
- max records in a post: 100
- max db records: 500
- disable sender: true
[2024-11-28 13:00:45,760] [12   ] [INFO ] [] - Shutting down the metrics collector
[2024-11-28 13:10:45,758] [54   ] [INFO ] [] - Initializing the metrics collector
[2024-11-28 13:10:45,758] [54   ] [INFO ] [] - MetricsCollector::Sender(49): _disableSentMetrics 1
[2024-11-28 13:10:45,758] [54   ] [INFO ] [] - MetricsCollector::Initialize(231): Initialized metrics collector
- session id: 4b65b0eb-8b86-46ee-b4dd-4338d4f1fd2c
- device id: 4ca35884-a93a-48fc-ad16-80b2a90aa32e
- application id: Box Tools Win exe
- application name: BoxTools
- application version: 4.26.1.1109
- metric collection url: https://client-log.box.com/index.php?rm=box_gen204_json_record
- metric data path: C:\Users\pcedillo\AppData\Local\Box\Box Tools\Metrics\BoxTools_Metrics.db
- post callback: 059C2E1E
- log callback: 059C2E46
- context: 00000000
- post interval in seconds: 600
- max records in a post: 100
- max db records: 500
- disable sender: true
[2024-11-28 13:10:45,774] [54   ] [INFO ] [] - Shutting down the metrics collector
[2024-11-28 13:20:45,761] [15   ] [INFO ] [] - Initializing the metrics collector
[2024-11-28 13:20:45,762] [15   ] [INFO ] [] - MetricsCollector::Sender(49): _disableSentMetrics 1
[2024-11-28 13:20:45,762] [15   ] [INFO ] [] - MetricsCollector::Initialize(231): Initialized metrics collector
- session id: 4b65b0eb-8b86-46ee-b4dd-4338d4f1fd2c
- device id: 4ca35884-a93a-48fc-ad16-80b2a90aa32e
- application id: Box Tools Win exe
- application name: BoxTools
- application version: 4.26.1.1109
- metric collection url: https://client-log.box.com/index.php?rm=box_gen204_json_record
- metric data path: C:\Users\pcedillo\AppData\Local\Box\Box Tools\Metrics\BoxTools_Metrics.db
- post callback: 059C2E1E
- log callback: 059C2E46
- context: 00000000
- post interval in seconds: 600
- max records in a post: 100
- max db records: 500
- disable sender: true
[2024-11-28 13:20:45,779] [15   ] [INFO ] [] - Shutting down the metrics collector
[2024-11-28 13:30:45,800] [38   ] [INFO ] [] - Initializing the metrics collector
[2024-11-28 13:30:45,802] [38   ] [INFO ] [] - MetricsCollector::Sender(49): _disableSentMetrics 1
[2024-11-28 13:30:45,802] [38   ] [INFO ] [] - MetricsCollector::Initialize(231): Initialized metrics collector
- session id: 4b65b0eb-8b86-46ee-b4dd-4338d4f1fd2c
- device id: 4ca35884-a93a-48fc-ad16-80b2a90aa32e
- application id: Box Tools Win exe
- application name: BoxTools
- application version: 4.26.1.1109
- metric collection url: https://client-log.box.com/index.php?rm=box_gen204_json_record
- metric data path: C:\Users\pcedillo\AppData\Local\Box\Box Tools\Metrics\BoxTools_Metrics.db
- post callback: 059C2E1E
- log callback: 059C2E46
- context: 00000000
- post interval in seconds: 600
- max records in a post: 100
- max db records: 500
- disable sender: true
[2024-11-28 13:30:45,815] [38   ] [INFO ] [] - Shutting down the metrics collector
[2024-11-28 13:40:45,849] [16   ] [INFO ] [] - Initializing the metrics collector
[2024-11-28 13:40:45,849] [16   ] [INFO ] [] - MetricsCollector::Sender(49): _disableSentMetrics 1
[2024-11-28 13:40:45,849] [16   ] [INFO ] [] - MetricsCollector::Initialize(231): Initialized metrics collector
- session id: 4b65b0eb-8b86-46ee-b4dd-4338d4f1fd2c
- device id: 4ca35884-a93a-48fc-ad16-80b2a90aa32e
- application id: Box Tools Win exe
- application name: BoxTools
- application version: 4.26.1.1109
- metric collection url: https://client-log.box.com/index.php?rm=box_gen204_json_record
- metric data path: C:\Users\pcedillo\AppData\Local\Box\Box Tools\Metrics\BoxTools_Metrics.db
- post callback: 059C2E1E
- log callback: 059C2E46
- context: 00000000
- post interval in seconds: 600
- max records in a post: 100
- max db records: 500
- disable sender: true
[2024-11-28 13:40:45,870] [16   ] [INFO ] [] - Shutting down the metrics collector
[2024-11-28 13:50:45,880] [42   ] [INFO ] [] - Initializing the metrics collector
[2024-11-28 13:50:45,880] [42   ] [INFO ] [] - MetricsCollector::Sender(49): _disableSentMetrics 1
[2024-11-28 13:50:45,880] [42   ] [INFO ] [] - MetricsCollector::Initialize(231): Initialized metrics collector
- session id: 4b65b0eb-8b86-46ee-b4dd-4338d4f1fd2c
- device id: 4ca35884-a93a-48fc-ad16-80b2a90aa32e
- application id: Box Tools Win exe
- application name: BoxTools
- application version: 4.26.1.1109
- metric collection url: https://client-log.box.com/index.php?rm=box_gen204_json_record
- metric data path: C:\Users\pcedillo\AppData\Local\Box\Box Tools\Metrics\BoxTools_Metrics.db
- post callback: 059C2E1E
- log callback: 059C2E46
- context: 00000000
- post interval in seconds: 600
- max records in a post: 100
- max db records: 500
- disable sender: true
[2024-11-28 13:50:45,911] [42   ] [INFO ] [] - Shutting down the metrics collector
[2024-11-28 14:00:45,937] [18   ] [INFO ] [] - Initializing the metrics collector
[2024-11-28 14:00:45,953] [18   ] [INFO ] [] - MetricsCollector::Sender(49): _disableSentMetrics 1
[2024-11-28 14:00:45,953] [18   ] [INFO ] [] - MetricsCollector::Initialize(231): Initialized metrics collector
- session id: 4b65b0eb-8b86-46ee-b4dd-4338d4f1fd2c
- device id: 4ca35884-a93a-48fc-ad16-80b2a90aa32e
- application id: Box Tools Win exe
- application name: BoxTools
- application version: 4.26.1.1109
- metric collection url: https://client-log.box.com/index.php?rm=box_gen204_json_record
- metric data path: C:\Users\pcedillo\AppData\Local\Box\Box Tools\Metrics\BoxTools_Metrics.db
- post callback: 059C2E1E
- log callback: 059C2E46
- context: 00000000
- post interval in seconds: 600
- max records in a post: 100
- max db records: 500
- disable sender: true
[2024-11-28 14:00:45,968] [18   ] [INFO ] [] - Shutting down the metrics collector
[2024-11-28 14:10:45,973] [46   ] [INFO ] [] - Initializing the metrics collector
[2024-11-28 14:10:45,973] [46   ] [INFO ] [] - MetricsCollector::Sender(49): _disableSentMetrics 1
[2024-11-28 14:10:45,973] [46   ] [INFO ] [] - MetricsCollector::Initialize(231): Initialized metrics collector
- session id: 4b65b0eb-8b86-46ee-b4dd-4338d4f1fd2c
- device id: 4ca35884-a93a-48fc-ad16-80b2a90aa32e
- application id: Box Tools Win exe
- application name: BoxTools
- application version: 4.26.1.1109
- metric collection url: https://client-log.box.com/index.php?rm=box_gen204_json_record
- metric data path: C:\Users\pcedillo\AppData\Local\Box\Box Tools\Metrics\BoxTools_Metrics.db
- post callback: 059C2E1E
- log callback: 059C2E46
- context: 00000000
- post interval in seconds: 600
- max records in a post: 100
- max db records: 500
- disable sender: true
[2024-11-28 14:10:45,988] [46   ] [INFO ] [] - Shutting down the metrics collector
[2024-11-28 14:20:46,017] [68   ] [INFO ] [] - Initializing the metrics collector
[2024-11-28 14:20:46,018] [68   ] [INFO ] [] - MetricsCollector::Sender(49): _disableSentMetrics 1
[2024-11-28 14:20:46,018] [68   ] [INFO ] [] - MetricsCollector::Initialize(231): Initialized metrics collector
- session id: 4b65b0eb-8b86-46ee-b4dd-4338d4f1fd2c
- device id: 4ca35884-a93a-48fc-ad16-80b2a90aa32e
- application id: Box Tools Win exe
- application name: BoxTools
- application version: 4.26.1.1109
- metric collection url: https://client-log.box.com/index.php?rm=box_gen204_json_record
- metric data path: C:\Users\pcedillo\AppData\Local\Box\Box Tools\Metrics\BoxTools_Metrics.db
- post callback: 059C2E1E
- log callback: 059C2E46
- context: 00000000
- post interval in seconds: 600
- max records in a post: 100
- max db records: 500
- disable sender: true
[2024-11-28 14:20:46,032] [68   ] [INFO ] [] - Shutting down the metrics collector
[2024-11-28 14:30:46,062] [19   ] [INFO ] [] - Initializing the metrics collector
[2024-11-28 14:30:46,062] [19   ] [INFO ] [] - MetricsCollector::Sender(49): _disableSentMetrics 1
[2024-11-28 14:30:46,077] [19   ] [INFO ] [] - MetricsCollector::Initialize(231): Initialized metrics collector
- session id: 4b65b0eb-8b86-46ee-b4dd-4338d4f1fd2c
- device id: 4ca35884-a93a-48fc-ad16-80b2a90aa32e
- application id: Box Tools Win exe
- application name: BoxTools
- application version: 4.26.1.1109
- metric collection url: https://client-log.box.com/index.php?rm=box_gen204_json_record
- metric data path: C:\Users\pcedillo\AppData\Local\Box\Box Tools\Metrics\BoxTools_Metrics.db
- post callback: 059C2E1E
- log callback: 059C2E46
- context: 00000000
- post interval in seconds: 600
- max records in a post: 100
- max db records: 500
- disable sender: true
[2024-11-28 14:30:46,077] [19   ] [INFO ] [] - Shutting down the metrics collector
[2024-11-28 14:40:45,818] [18   ] [INFO ] [] - Initializing the metrics collector
[2024-11-28 14:40:45,818] [18   ] [INFO ] [] - MetricsCollector::Sender(49): _disableSentMetrics 1
[2024-11-28 14:40:45,818] [18   ] [INFO ] [] - MetricsCollector::Initialize(231): Initialized metrics collector
- session id: 4b65b0eb-8b86-46ee-b4dd-4338d4f1fd2c
- device id: 4ca35884-a93a-48fc-ad16-80b2a90aa32e
- application id: Box Tools Win exe
- application name: BoxTools
- application version: 4.26.1.1109
- metric collection url: https://client-log.box.com/index.php?rm=box_gen204_json_record
- metric data path: C:\Users\pcedillo\AppData\Local\Box\Box Tools\Metrics\BoxTools_Metrics.db
- post callback: 059C2E1E
- log callback: 059C2E46
- context: 00000000
- post interval in seconds: 600
- max records in a post: 100
- max db records: 500
- disable sender: true
[2024-11-28 14:40:45,834] [18   ] [INFO ] [] - Shutting down the metrics collector
[2024-11-28 14:50:45,620] [42   ] [INFO ] [] - Initializing the metrics collector
[2024-11-28 14:50:45,620] [42   ] [INFO ] [] - MetricsCollector::Sender(49): _disableSentMetrics 1
[2024-11-28 14:50:45,620] [42   ] [INFO ] [] - MetricsCollector::Initialize(231): Initialized metrics collector
- session id: 4b65b0eb-8b86-46ee-b4dd-4338d4f1fd2c
- device id: 4ca35884-a93a-48fc-ad16-80b2a90aa32e
- application id: Box Tools Win exe
- application name: BoxTools
- application version: 4.26.1.1109
- metric collection url: https://client-log.box.com/index.php?rm=box_gen204_json_record
- metric data path: C:\Users\pcedillo\AppData\Local\Box\Box Tools\Metrics\BoxTools_Metrics.db
- post callback: 059C2E1E
- log callback: 059C2E46
- context: 00000000
- post interval in seconds: 600
- max records in a post: 100
- max db records: 500
- disable sender: true
[2024-11-28 14:50:45,636] [42   ] [INFO ] [] - Shutting down the metrics collector
[2024-11-28 15:00:45,485] [48   ] [INFO ] [] - Initializing the metrics collector
[2024-11-28 15:00:45,485] [48   ] [INFO ] [] - MetricsCollector::Sender(49): _disableSentMetrics 1
[2024-11-28 15:00:45,485] [48   ] [INFO ] [] - MetricsCollector::Initialize(231): Initialized metrics collector
- session id: 4b65b0eb-8b86-46ee-b4dd-4338d4f1fd2c
- device id: 4ca35884-a93a-48fc-ad16-80b2a90aa32e
- application id: Box Tools Win exe
- application name: BoxTools
- application version: 4.26.1.1109
- metric collection url: https://client-log.box.com/index.php?rm=box_gen204_json_record
- metric data path: C:\Users\pcedillo\AppData\Local\Box\Box Tools\Metrics\BoxTools_Metrics.db
- post callback: 059C2E1E
- log callback: 059C2E46
- context: 00000000
- post interval in seconds: 600
- max records in a post: 100
- max db records: 500
- disable sender: true
[2024-11-28 15:00:45,501] [48   ] [INFO ] [] - Shutting down the metrics collector
[2024-11-28 15:10:45,390] [38   ] [INFO ] [] - Initializing the metrics collector
[2024-11-28 15:10:45,407] [38   ] [INFO ] [] - MetricsCollector::Sender(49): _disableSentMetrics 1
[2024-11-28 15:10:45,407] [38   ] [INFO ] [] - MetricsCollector::Initialize(231): Initialized metrics collector
- session id: 4b65b0eb-8b86-46ee-b4dd-4338d4f1fd2c
- device id: 4ca35884-a93a-48fc-ad16-80b2a90aa32e
- application id: Box Tools Win exe
- application name: BoxTools
- application version: 4.26.1.1109
- metric collection url: https://client-log.box.com/index.php?rm=box_gen204_json_record
- metric data path: C:\Users\pcedillo\AppData\Local\Box\Box Tools\Metrics\BoxTools_Metrics.db
- post callback: 059C2E1E
- log callback: 059C2E46
- context: 00000000
- post interval in seconds: 600
- max records in a post: 100
- max db records: 500
- disable sender: true
[2024-11-28 15:10:45,422] [38   ] [INFO ] [] - Shutting down the metrics collector
[2024-11-28 15:20:45,338] [46   ] [INFO ] [] - Initializing the metrics collector
[2024-11-28 15:20:45,350] [46   ] [INFO ] [] - MetricsCollector::Sender(49): _disableSentMetrics 1
[2024-11-28 15:20:45,350] [46   ] [INFO ] [] - MetricsCollector::Initialize(231): Initialized metrics collector
- session id: 4b65b0eb-8b86-46ee-b4dd-4338d4f1fd2c
- device id: 4ca35884-a93a-48fc-ad16-80b2a90aa32e
- application id: Box Tools Win exe
- application name: BoxTools
- application version: 4.26.1.1109
- metric collection url: https://client-log.box.com/index.php?rm=box_gen204_json_record
- metric data path: C:\Users\pcedillo\AppData\Local\Box\Box Tools\Metrics\BoxTools_Metrics.db
- post callback: 059C2E1E
- log callback: 059C2E46
- context: 00000000
- post interval in seconds: 600
- max records in a post: 100
- max db records: 500
- disable sender: true
[2024-11-28 15:20:45,360] [46   ] [INFO ] [] - Shutting down the metrics collector
[2024-11-28 15:32:44,644] [45   ] [INFO ] [] - Initializing the metrics collector
[2024-11-28 15:32:44,661] [45   ] [INFO ] [] - MetricsCollector::Sender(49): _disableSentMetrics 1
[2024-11-28 15:32:44,661] [45   ] [INFO ] [] - MetricsCollector::Initialize(231): Initialized metrics collector
- session id: 4b65b0eb-8b86-46ee-b4dd-4338d4f1fd2c
- device id: 4ca35884-a93a-48fc-ad16-80b2a90aa32e
- application id: Box Tools Win exe
- application name: BoxTools
- application version: 4.26.1.1109
- metric collection url: https://client-log.box.com/index.php?rm=box_gen204_json_record
- metric data path: C:\Users\pcedillo\AppData\Local\Box\Box Tools\Metrics\BoxTools_Metrics.db
- post callback: 059C2E1E
- log callback: 059C2E46
- context: 00000000
- post interval in seconds: 600
- max records in a post: 100
- max db records: 500
- disable sender: true
[2024-11-28 15:32:44,677] [45   ] [INFO ] [] - Shutting down the metrics collector
[2024-11-28 15:42:44,465] [42   ] [INFO ] [] - Initializing the metrics collector
[2024-11-28 15:42:44,482] [42   ] [INFO ] [] - MetricsCollector::Sender(49): _disableSentMetrics 1
[2024-11-28 15:42:44,482] [42   ] [INFO ] [] - MetricsCollector::Initialize(231): Initialized metrics collector
- session id: 4b65b0eb-8b86-46ee-b4dd-4338d4f1fd2c
- device id: 4ca35884-a93a-48fc-ad16-80b2a90aa32e
- application id: Box Tools Win exe
- application name: BoxTools
- application version: 4.26.1.1109
- metric collection url: https://client-log.box.com/index.php?rm=box_gen204_json_record
- metric data path: C:\Users\pcedillo\AppData\Local\Box\Box Tools\Metrics\BoxTools_Metrics.db
- post callback: 059C2E1E
- log callback: 059C2E46
- context: 00000000
- post interval in seconds: 600
- max records in a post: 100
- max db records: 500
- disable sender: true
[2024-11-28 15:42:44,501] [42   ] [INFO ] [] - Shutting down the metrics collector
[2024-11-28 15:52:44,385] [48   ] [INFO ] [] - Initializing the metrics collector
[2024-11-28 15:52:44,398] [48   ] [INFO ] [] - MetricsCollector::Sender(49): _disableSentMetrics 1
[2024-11-28 15:52:44,401] [48   ] [INFO ] [] - MetricsCollector::Initialize(231): Initialized metrics collector
- session id: 4b65b0eb-8b86-46ee-b4dd-4338d4f1fd2c
- device id: 4ca35884-a93a-48fc-ad16-80b2a90aa32e
- application id: Box Tools Win exe
- application name: BoxTools
- application version: 4.26.1.1109
- metric collection url: https://client-log.box.com/index.php?rm=box_gen204_json_record
- metric data path: C:\Users\pcedillo\AppData\Local\Box\Box Tools\Metrics\BoxTools_Metrics.db
- post callback: 059C2E1E
- log callback: 059C2E46
- context: 00000000
- post interval in seconds: 600
- max records in a post: 100
- max db records: 500
- disable sender: true
[2024-11-28 15:52:44,416] [48   ] [INFO ] [] - Shutting down the metrics collector
[2024-11-28 16:02:44,314] [18   ] [INFO ] [] - Initializing the metrics collector
[2024-11-28 16:02:44,330] [18   ] [INFO ] [] - MetricsCollector::Sender(49): _disableSentMetrics 1
[2024-11-28 16:02:44,330] [18   ] [INFO ] [] - MetricsCollector::Initialize(231): Initialized metrics collector
- session id: 4b65b0eb-8b86-46ee-b4dd-4338d4f1fd2c
- device id: 4ca35884-a93a-48fc-ad16-80b2a90aa32e
- application id: Box Tools Win exe
- application name: BoxTools
- application version: 4.26.1.1109
- metric collection url: https://client-log.box.com/index.php?rm=box_gen204_json_record
- metric data path: C:\Users\pcedillo\AppData\Local\Box\Box Tools\Metrics\BoxTools_Metrics.db
- post callback: 059C2E1E
- log callback: 059C2E46
- context: 00000000
- post interval in seconds: 600
- max records in a post: 100
- max db records: 500
- disable sender: true
[2024-11-28 16:02:44,346] [18   ] [INFO ] [] - Shutting down the metrics collector
[2024-11-28 16:12:44,325] [49   ] [INFO ] [] - Initializing the metrics collector
[2024-11-28 16:12:44,356] [49   ] [INFO ] [] - MetricsCollector::Sender(49): _disableSentMetrics 1
[2024-11-28 16:12:44,356] [49   ] [INFO ] [] - MetricsCollector::Initialize(231): Initialized metrics collector
- session id: 4b65b0eb-8b86-46ee-b4dd-4338d4f1fd2c
- device id: 4ca35884-a93a-48fc-ad16-80b2a90aa32e
- application id: Box Tools Win exe
- application name: BoxTools
- application version: 4.26.1.1109
- metric collection url: https://client-log.box.com/index.php?rm=box_gen204_json_record
- metric data path: C:\Users\pcedillo\AppData\Local\Box\Box Tools\Metrics\BoxTools_Metrics.db
- post callback: 059C2E1E
- log callback: 059C2E46
- context: 00000000
- post interval in seconds: 600
- max records in a post: 100
- max db records: 500
- disable sender: true
[2024-11-28 16:12:44,404] [49   ] [INFO ] [] - Shutting down the metrics collector
[2024-11-28 16:22:44,274] [19   ] [INFO ] [] - Initializing the metrics collector
[2024-11-28 16:22:44,292] [19   ] [INFO ] [] - MetricsCollector::Sender(49): _disableSentMetrics 1
[2024-11-28 16:22:44,292] [19   ] [INFO ] [] - MetricsCollector::Initialize(231): Initialized metrics collector
- session id: 4b65b0eb-8b86-46ee-b4dd-4338d4f1fd2c
- device id: 4ca35884-a93a-48fc-ad16-80b2a90aa32e
- application id: Box Tools Win exe
- application name: BoxTools
- application version: 4.26.1.1109
- metric collection url: https://client-log.box.com/index.php?rm=box_gen204_json_record
- metric data path: C:\Users\pcedillo\AppData\Local\Box\Box Tools\Metrics\BoxTools_Metrics.db
- post callback: 059C2E1E
- log callback: 059C2E46
- context: 00000000
- post interval in seconds: 600
- max records in a post: 100
- max db records: 500
- disable sender: true
[2024-11-28 16:22:44,309] [19   ] [INFO ] [] - Shutting down the metrics collector
[2024-11-28 16:32:44,269] [68   ] [INFO ] [] - Initializing the metrics collector
[2024-11-28 16:32:44,285] [68   ] [INFO ] [] - MetricsCollector::Sender(49): _disableSentMetrics 1
[2024-11-28 16:32:44,285] [68   ] [INFO ] [] - MetricsCollector::Initialize(231): Initialized metrics collector
- session id: 4b65b0eb-8b86-46ee-b4dd-4338d4f1fd2c
- device id: 4ca35884-a93a-48fc-ad16-80b2a90aa32e
- application id: Box Tools Win exe
- application name: BoxTools
- application version: 4.26.1.1109
- metric collection url: https://client-log.box.com/index.php?rm=box_gen204_json_record
- metric data path: C:\Users\pcedillo\AppData\Local\Box\Box Tools\Metrics\BoxTools_Metrics.db
- post callback: 059C2E1E
- log callback: 059C2E46
- context: 00000000
- post interval in seconds: 600
- max records in a post: 100
- max db records: 500
- disable sender: true
[2024-11-28 16:32:44,303] [68   ] [INFO ] [] - Shutting down the metrics collector
[2024-11-28 16:42:44,209] [75   ] [INFO ] [] - Initializing the metrics collector
[2024-11-28 16:42:44,225] [75   ] [INFO ] [] - MetricsCollector::Sender(49): _disableSentMetrics 1
[2024-11-28 16:42:44,225] [75   ] [INFO ] [] - MetricsCollector::Initialize(231): Initialized metrics collector
- session id: 4b65b0eb-8b86-46ee-b4dd-4338d4f1fd2c
- device id: 4ca35884-a93a-48fc-ad16-80b2a90aa32e
- application id: Box Tools Win exe
- application name: BoxTools
- application version: 4.26.1.1109
- metric collection url: https://client-log.box.com/index.php?rm=box_gen204_json_record
- metric data path: C:\Users\pcedillo\AppData\Local\Box\Box Tools\Metrics\BoxTools_Metrics.db
- post callback: 059C2E1E
- log callback: 059C2E46
- context: 00000000
- post interval in seconds: 600
- max records in a post: 100
- max db records: 500
- disable sender: true
[2024-11-28 16:42:44,241] [75   ] [INFO ] [] - Shutting down the metrics collector
[2024-11-28 16:52:44,174] [16   ] [INFO ] [] - Initializing the metrics collector
[2024-11-28 16:52:44,190] [16   ] [INFO ] [] - MetricsCollector::Sender(49): _disableSentMetrics 1
[2024-11-28 16:52:44,190] [16   ] [INFO ] [] - MetricsCollector::Initialize(231): Initialized metrics collector
- session id: 4b65b0eb-8b86-46ee-b4dd-4338d4f1fd2c
- device id: 4ca35884-a93a-48fc-ad16-80b2a90aa32e
- application id: Box Tools Win exe
- application name: BoxTools
- application version: 4.26.1.1109
- metric collection url: https://client-log.box.com/index.php?rm=box_gen204_json_record
- metric data path: C:\Users\pcedillo\AppData\Local\Box\Box Tools\Metrics\BoxTools_Metrics.db
- post callback: 059C2E1E
- log callback: 059C2E46
- context: 00000000
- post interval in seconds: 600
- max records in a post: 100
- max db records: 500
- disable sender: true
[2024-11-28 16:52:44,205] [16   ] [INFO ] [] - Shutting down the metrics collector
[2024-11-28 17:02:44,146] [7    ] [INFO ] [] - Initializing the metrics collector
[2024-11-28 17:02:44,162] [7    ] [INFO ] [] - MetricsCollector::Sender(49): _disableSentMetrics 1
[2024-11-28 17:02:44,162] [7    ] [INFO ] [] - MetricsCollector::Initialize(231): Initialized metrics collector
- session id: 4b65b0eb-8b86-46ee-b4dd-4338d4f1fd2c
- device id: 4ca35884-a93a-48fc-ad16-80b2a90aa32e
- application id: Box Tools Win exe
- application name: BoxTools
- application version: 4.26.1.1109
- metric collection url: https://client-log.box.com/index.php?rm=box_gen204_json_record
- metric data path: C:\Users\pcedillo\AppData\Local\Box\Box Tools\Metrics\BoxTools_Metrics.db
- post callback: 059C2E1E
- log callback: 059C2E46
- context: 00000000
- post interval in seconds: 600
- max records in a post: 100
- max db records: 500
- disable sender: true
[2024-11-28 17:02:44,178] [7    ] [INFO ] [] - Shutting down the metrics collector
