[2024-10-03 07:48:39,622] [1    ] [INFO ] [] - ========== Box Local Com Server v4.26.1.1109 ==========
[2024-10-03 07:48:39,649] [1    ] [INFO ] [] - Running as a per-user installation
[2024-10-03 07:48:39,697] [1    ] [INFO ] [] - LocalMachine RegistryKey not set
[2024-10-03 07:48:39,699] [1    ] [INFO ] [] - Starting server...
[2024-10-03 07:48:39,706] [1    ] [INFO ] [] - Server running. Listening to port 17223
[2024-10-03 07:48:39,708] [1    ] [INFO ] [] - Working with debug logging OFF
[2024-10-03 07:48:39,715] [7    ] [INFO ] [] - Initializing the metrics collector
[2024-10-03 07:48:39,732] [7    ] [INFO ] [] - MetricsCollector::Sender(49): _disableSentMetrics 1
[2024-10-03 07:48:39,733] [7    ] [INFO ] [] - MetricsCollector::Initialize(231): Initialized metrics collector
- session id: cbaa213f-9bc3-4538-abe8-c3c6b7d85b38
- device id: 4ca35884-a93a-48fc-ad16-80b2a90aa32e
- application id: Box Tools Win exe
- application name: BoxTools
- application version: 4.26.1.1109
- metric collection url: https://client-log.box.com/index.php?rm=box_gen204_json_record
- metric data path: C:\Users\pcedillo\AppData\Local\Box\Box Tools\Metrics\BoxTools_Metrics.db
- post callback: 04F92E6E
- log callback: 04F92E96
- context: 00000000
- post interval in seconds: 600
- max records in a post: 100
- max db records: 500
- disable sender: true
[2024-10-03 07:48:39,741] [7    ] [INFO ] [] - Recording metric - name: ComServerStart
[2024-10-03 07:48:39,748] [7    ] [INFO ] [] - Shutting down the metrics collector
[2024-10-03 07:48:44,697] [5    ] [INFO ] [] - Initializing the metrics collector
[2024-10-03 07:48:44,745] [5    ] [INFO ] [] - MetricsCollector::Sender(49): _disableSentMetrics 1
[2024-10-03 07:48:44,745] [5    ] [INFO ] [] - MetricsCollector::Initialize(231): Initialized metrics collector
- session id: cbaa213f-9bc3-4538-abe8-c3c6b7d85b38
- device id: 4ca35884-a93a-48fc-ad16-80b2a90aa32e
- application id: Box Tools Win exe
- application name: BoxTools
- application version: 4.26.1.1109
- metric collection url: https://client-log.box.com/index.php?rm=box_gen204_json_record
- metric data path: C:\Users\pcedillo\AppData\Local\Box\Box Tools\Metrics\BoxTools_Metrics.db
- post callback: 04F92E6E
- log callback: 04F92E96
- context: 00000000
- post interval in seconds: 600
- max records in a post: 100
- max db records: 500
- disable sender: true
[2024-10-03 07:48:44,760] [5    ] [INFO ] [] - Posting metric to endpoint
[2024-10-03 07:48:45,395] [5    ] [INFO ] [] - Metrics sent to the endpoint
[2024-10-03 07:48:45,395] [5    ] [INFO ] [] - Shutting down the metrics collector
[2024-10-03 07:50:34,250] [18   ] [INFO ] [] - Accepted Origin
[2024-10-03 07:50:34,250] [18   ] [INFO ] [] - Handling status request
[2024-10-03 07:58:44,702] [15   ] [INFO ] [] - Initializing the metrics collector
[2024-10-03 07:58:44,713] [15   ] [INFO ] [] - MetricsCollector::Sender(49): _disableSentMetrics 1
[2024-10-03 07:58:44,713] [15   ] [INFO ] [] - MetricsCollector::Initialize(231): Initialized metrics collector
- session id: cbaa213f-9bc3-4538-abe8-c3c6b7d85b38
- device id: 4ca35884-a93a-48fc-ad16-80b2a90aa32e
- application id: Box Tools Win exe
- application name: BoxTools
- application version: 4.26.1.1109
- metric collection url: https://client-log.box.com/index.php?rm=box_gen204_json_record
- metric data path: C:\Users\pcedillo\AppData\Local\Box\Box Tools\Metrics\BoxTools_Metrics.db
- post callback: 04F92E6E
- log callback: 04F92E96
- context: 00000000
- post interval in seconds: 600
- max records in a post: 100
- max db records: 500
- disable sender: true
[2024-10-03 07:58:44,721] [15   ] [INFO ] [] - Shutting down the metrics collector
[2024-10-03 08:08:44,670] [16   ] [INFO ] [] - Initializing the metrics collector
[2024-10-03 08:08:44,670] [16   ] [INFO ] [] - MetricsCollector::Sender(49): _disableSentMetrics 1
[2024-10-03 08:08:44,670] [16   ] [INFO ] [] - MetricsCollector::Initialize(231): Initialized metrics collector
- session id: cbaa213f-9bc3-4538-abe8-c3c6b7d85b38
- device id: 4ca35884-a93a-48fc-ad16-80b2a90aa32e
- application id: Box Tools Win exe
- application name: BoxTools
- application version: 4.26.1.1109
- metric collection url: https://client-log.box.com/index.php?rm=box_gen204_json_record
- metric data path: C:\Users\pcedillo\AppData\Local\Box\Box Tools\Metrics\BoxTools_Metrics.db
- post callback: 04F92E6E
- log callback: 04F92E96
- context: 00000000
- post interval in seconds: 600
- max records in a post: 100
- max db records: 500
- disable sender: true
[2024-10-03 08:08:44,685] [16   ] [INFO ] [] - Shutting down the metrics collector
[2024-10-03 08:18:44,636] [20   ] [INFO ] [] - Initializing the metrics collector
[2024-10-03 08:18:44,636] [20   ] [INFO ] [] - MetricsCollector::Sender(49): _disableSentMetrics 1
[2024-10-03 08:18:44,636] [20   ] [INFO ] [] - MetricsCollector::Initialize(231): Initialized metrics collector
- session id: cbaa213f-9bc3-4538-abe8-c3c6b7d85b38
- device id: 4ca35884-a93a-48fc-ad16-80b2a90aa32e
- application id: Box Tools Win exe
- application name: BoxTools
- application version: 4.26.1.1109
- metric collection url: https://client-log.box.com/index.php?rm=box_gen204_json_record
- metric data path: C:\Users\pcedillo\AppData\Local\Box\Box Tools\Metrics\BoxTools_Metrics.db
- post callback: 04F92E6E
- log callback: 04F92E96
- context: 00000000
- post interval in seconds: 600
- max records in a post: 100
- max db records: 500
- disable sender: true
[2024-10-03 08:18:44,655] [20   ] [INFO ] [] - Shutting down the metrics collector
[2024-10-03 08:28:44,643] [21   ] [INFO ] [] - Initializing the metrics collector
[2024-10-03 08:28:44,649] [21   ] [INFO ] [] - MetricsCollector::Sender(49): _disableSentMetrics 1
[2024-10-03 08:28:44,649] [21   ] [INFO ] [] - MetricsCollector::Initialize(231): Initialized metrics collector
- session id: cbaa213f-9bc3-4538-abe8-c3c6b7d85b38
- device id: 4ca35884-a93a-48fc-ad16-80b2a90aa32e
- application id: Box Tools Win exe
- application name: BoxTools
- application version: 4.26.1.1109
- metric collection url: https://client-log.box.com/index.php?rm=box_gen204_json_record
- metric data path: C:\Users\pcedillo\AppData\Local\Box\Box Tools\Metrics\BoxTools_Metrics.db
- post callback: 04F92E6E
- log callback: 04F92E96
- context: 00000000
- post interval in seconds: 600
- max records in a post: 100
- max db records: 500
- disable sender: true
[2024-10-03 08:28:44,659] [21   ] [INFO ] [] - Shutting down the metrics collector
[2024-10-03 08:38:44,627] [22   ] [INFO ] [] - Initializing the metrics collector
[2024-10-03 08:38:44,627] [22   ] [INFO ] [] - MetricsCollector::Sender(49): _disableSentMetrics 1
[2024-10-03 08:38:44,627] [22   ] [INFO ] [] - MetricsCollector::Initialize(231): Initialized metrics collector
- session id: cbaa213f-9bc3-4538-abe8-c3c6b7d85b38
- device id: 4ca35884-a93a-48fc-ad16-80b2a90aa32e
- application id: Box Tools Win exe
- application name: BoxTools
- application version: 4.26.1.1109
- metric collection url: https://client-log.box.com/index.php?rm=box_gen204_json_record
- metric data path: C:\Users\pcedillo\AppData\Local\Box\Box Tools\Metrics\BoxTools_Metrics.db
- post callback: 04F92E6E
- log callback: 04F92E96
- context: 00000000
- post interval in seconds: 600
- max records in a post: 100
- max db records: 500
- disable sender: true
[2024-10-03 08:38:44,642] [22   ] [INFO ] [] - Shutting down the metrics collector
[2024-10-03 08:48:44,593] [23   ] [INFO ] [] - Initializing the metrics collector
[2024-10-03 08:48:44,593] [23   ] [INFO ] [] - MetricsCollector::Sender(49): _disableSentMetrics 1
[2024-10-03 08:48:44,593] [23   ] [INFO ] [] - MetricsCollector::Initialize(231): Initialized metrics collector
- session id: cbaa213f-9bc3-4538-abe8-c3c6b7d85b38
- device id: 4ca35884-a93a-48fc-ad16-80b2a90aa32e
- application id: Box Tools Win exe
- application name: BoxTools
- application version: 4.26.1.1109
- metric collection url: https://client-log.box.com/index.php?rm=box_gen204_json_record
- metric data path: C:\Users\pcedillo\AppData\Local\Box\Box Tools\Metrics\BoxTools_Metrics.db
- post callback: 04F92E6E
- log callback: 04F92E96
- context: 00000000
- post interval in seconds: 600
- max records in a post: 100
- max db records: 500
- disable sender: true
[2024-10-03 08:48:44,603] [23   ] [INFO ] [] - Shutting down the metrics collector
[2024-10-03 08:58:44,595] [24   ] [INFO ] [] - Initializing the metrics collector
[2024-10-03 08:58:44,605] [24   ] [INFO ] [] - MetricsCollector::Sender(49): _disableSentMetrics 1
[2024-10-03 08:58:44,605] [24   ] [INFO ] [] - MetricsCollector::Initialize(231): Initialized metrics collector
- session id: cbaa213f-9bc3-4538-abe8-c3c6b7d85b38
- device id: 4ca35884-a93a-48fc-ad16-80b2a90aa32e
- application id: Box Tools Win exe
- application name: BoxTools
- application version: 4.26.1.1109
- metric collection url: https://client-log.box.com/index.php?rm=box_gen204_json_record
- metric data path: C:\Users\pcedillo\AppData\Local\Box\Box Tools\Metrics\BoxTools_Metrics.db
- post callback: 04F92E6E
- log callback: 04F92E96
- context: 00000000
- post interval in seconds: 600
- max records in a post: 100
- max db records: 500
- disable sender: true
[2024-10-03 08:58:44,610] [24   ] [INFO ] [] - Shutting down the metrics collector
[2024-10-03 09:08:44,577] [25   ] [INFO ] [] - Initializing the metrics collector
[2024-10-03 09:08:44,577] [25   ] [INFO ] [] - MetricsCollector::Sender(49): _disableSentMetrics 1
[2024-10-03 09:08:44,577] [25   ] [INFO ] [] - MetricsCollector::Initialize(231): Initialized metrics collector
- session id: cbaa213f-9bc3-4538-abe8-c3c6b7d85b38
- device id: 4ca35884-a93a-48fc-ad16-80b2a90aa32e
- application id: Box Tools Win exe
- application name: BoxTools
- application version: 4.26.1.1109
- metric collection url: https://client-log.box.com/index.php?rm=box_gen204_json_record
- metric data path: C:\Users\pcedillo\AppData\Local\Box\Box Tools\Metrics\BoxTools_Metrics.db
- post callback: 04F92E6E
- log callback: 04F92E96
- context: 00000000
- post interval in seconds: 600
- max records in a post: 100
- max db records: 500
- disable sender: true
[2024-10-03 09:08:44,593] [25   ] [INFO ] [] - Shutting down the metrics collector
[2024-10-03 09:18:44,570] [23   ] [INFO ] [] - Initializing the metrics collector
[2024-10-03 09:18:44,576] [23   ] [INFO ] [] - MetricsCollector::Sender(49): _disableSentMetrics 1
[2024-10-03 09:18:44,586] [23   ] [INFO ] [] - MetricsCollector::Initialize(231): Initialized metrics collector
- session id: cbaa213f-9bc3-4538-abe8-c3c6b7d85b38
- device id: 4ca35884-a93a-48fc-ad16-80b2a90aa32e
- application id: Box Tools Win exe
- application name: BoxTools
- application version: 4.26.1.1109
- metric collection url: https://client-log.box.com/index.php?rm=box_gen204_json_record
- metric data path: C:\Users\pcedillo\AppData\Local\Box\Box Tools\Metrics\BoxTools_Metrics.db
- post callback: 04F92E6E
- log callback: 04F92E96
- context: 00000000
- post interval in seconds: 600
- max records in a post: 100
- max db records: 500
- disable sender: true
[2024-10-03 09:18:44,592] [23   ] [INFO ] [] - Shutting down the metrics collector
[2024-10-03 09:28:44,575] [22   ] [INFO ] [] - Initializing the metrics collector
[2024-10-03 09:28:44,575] [22   ] [INFO ] [] - MetricsCollector::Sender(49): _disableSentMetrics 1
[2024-10-03 09:28:44,575] [22   ] [INFO ] [] - MetricsCollector::Initialize(231): Initialized metrics collector
- session id: cbaa213f-9bc3-4538-abe8-c3c6b7d85b38
- device id: 4ca35884-a93a-48fc-ad16-80b2a90aa32e
- application id: Box Tools Win exe
- application name: BoxTools
- application version: 4.26.1.1109
- metric collection url: https://client-log.box.com/index.php?rm=box_gen204_json_record
- metric data path: C:\Users\pcedillo\AppData\Local\Box\Box Tools\Metrics\BoxTools_Metrics.db
- post callback: 04F92E6E
- log callback: 04F92E96
- context: 00000000
- post interval in seconds: 600
- max records in a post: 100
- max db records: 500
- disable sender: true
[2024-10-03 09:28:44,593] [22   ] [INFO ] [] - Shutting down the metrics collector
[2024-10-03 09:38:44,581] [21   ] [INFO ] [] - Initializing the metrics collector
[2024-10-03 09:38:44,589] [21   ] [INFO ] [] - MetricsCollector::Sender(49): _disableSentMetrics 1
[2024-10-03 09:38:44,589] [21   ] [INFO ] [] - MetricsCollector::Initialize(231): Initialized metrics collector
- session id: cbaa213f-9bc3-4538-abe8-c3c6b7d85b38
- device id: 4ca35884-a93a-48fc-ad16-80b2a90aa32e
- application id: Box Tools Win exe
- application name: BoxTools
- application version: 4.26.1.1109
- metric collection url: https://client-log.box.com/index.php?rm=box_gen204_json_record
- metric data path: C:\Users\pcedillo\AppData\Local\Box\Box Tools\Metrics\BoxTools_Metrics.db
- post callback: 04F92E6E
- log callback: 04F92E96
- context: 00000000
- post interval in seconds: 600
- max records in a post: 100
- max db records: 500
- disable sender: true
[2024-10-03 09:38:44,597] [21   ] [INFO ] [] - Shutting down the metrics collector
[2024-10-03 09:48:44,567] [20   ] [INFO ] [] - Initializing the metrics collector
[2024-10-03 09:48:44,567] [20   ] [INFO ] [] - MetricsCollector::Sender(49): _disableSentMetrics 1
[2024-10-03 09:48:44,567] [20   ] [INFO ] [] - MetricsCollector::Initialize(231): Initialized metrics collector
- session id: cbaa213f-9bc3-4538-abe8-c3c6b7d85b38
- device id: 4ca35884-a93a-48fc-ad16-80b2a90aa32e
- application id: Box Tools Win exe
- application name: BoxTools
- application version: 4.26.1.1109
- metric collection url: https://client-log.box.com/index.php?rm=box_gen204_json_record
- metric data path: C:\Users\pcedillo\AppData\Local\Box\Box Tools\Metrics\BoxTools_Metrics.db
- post callback: 04F92E6E
- log callback: 04F92E96
- context: 00000000
- post interval in seconds: 600
- max records in a post: 100
- max db records: 500
- disable sender: true
[2024-10-03 09:48:44,582] [20   ] [INFO ] [] - Shutting down the metrics collector
[2024-10-03 09:58:44,494] [16   ] [INFO ] [] - Initializing the metrics collector
[2024-10-03 09:58:44,494] [16   ] [INFO ] [] - MetricsCollector::Sender(49): _disableSentMetrics 1
[2024-10-03 09:58:44,494] [16   ] [INFO ] [] - MetricsCollector::Initialize(231): Initialized metrics collector
- session id: cbaa213f-9bc3-4538-abe8-c3c6b7d85b38
- device id: 4ca35884-a93a-48fc-ad16-80b2a90aa32e
- application id: Box Tools Win exe
- application name: BoxTools
- application version: 4.26.1.1109
- metric collection url: https://client-log.box.com/index.php?rm=box_gen204_json_record
- metric data path: C:\Users\pcedillo\AppData\Local\Box\Box Tools\Metrics\BoxTools_Metrics.db
- post callback: 04F92E6E
- log callback: 04F92E96
- context: 00000000
- post interval in seconds: 600
- max records in a post: 100
- max db records: 500
- disable sender: true
[2024-10-03 09:58:44,513] [16   ] [INFO ] [] - Shutting down the metrics collector
[2024-10-03 10:08:44,457] [24   ] [INFO ] [] - Initializing the metrics collector
[2024-10-03 10:08:44,457] [24   ] [INFO ] [] - MetricsCollector::Sender(49): _disableSentMetrics 1
[2024-10-03 10:08:44,457] [24   ] [INFO ] [] - MetricsCollector::Initialize(231): Initialized metrics collector
- session id: cbaa213f-9bc3-4538-abe8-c3c6b7d85b38
- device id: 4ca35884-a93a-48fc-ad16-80b2a90aa32e
- application id: Box Tools Win exe
- application name: BoxTools
- application version: 4.26.1.1109
- metric collection url: https://client-log.box.com/index.php?rm=box_gen204_json_record
- metric data path: C:\Users\pcedillo\AppData\Local\Box\Box Tools\Metrics\BoxTools_Metrics.db
- post callback: 04F92E6E
- log callback: 04F92E96
- context: 00000000
- post interval in seconds: 600
- max records in a post: 100
- max db records: 500
- disable sender: true
[2024-10-03 10:08:44,457] [24   ] [INFO ] [] - Shutting down the metrics collector
[2024-10-03 10:18:44,459] [15   ] [INFO ] [] - Initializing the metrics collector
[2024-10-03 10:18:44,459] [15   ] [INFO ] [] - MetricsCollector::Sender(49): _disableSentMetrics 1
[2024-10-03 10:18:44,459] [15   ] [INFO ] [] - MetricsCollector::Initialize(231): Initialized metrics collector
- session id: cbaa213f-9bc3-4538-abe8-c3c6b7d85b38
- device id: 4ca35884-a93a-48fc-ad16-80b2a90aa32e
- application id: Box Tools Win exe
- application name: BoxTools
- application version: 4.26.1.1109
- metric collection url: https://client-log.box.com/index.php?rm=box_gen204_json_record
- metric data path: C:\Users\pcedillo\AppData\Local\Box\Box Tools\Metrics\BoxTools_Metrics.db
- post callback: 04F92E6E
- log callback: 04F92E96
- context: 00000000
- post interval in seconds: 600
- max records in a post: 100
- max db records: 500
- disable sender: true
[2024-10-03 10:18:44,475] [15   ] [INFO ] [] - Shutting down the metrics collector
[2024-10-03 10:28:44,449] [13   ] [INFO ] [] - Initializing the metrics collector
[2024-10-03 10:28:44,449] [13   ] [INFO ] [] - MetricsCollector::Sender(49): _disableSentMetrics 1
[2024-10-03 10:28:44,449] [13   ] [INFO ] [] - MetricsCollector::Initialize(231): Initialized metrics collector
- session id: cbaa213f-9bc3-4538-abe8-c3c6b7d85b38
- device id: 4ca35884-a93a-48fc-ad16-80b2a90aa32e
- application id: Box Tools Win exe
- application name: BoxTools
- application version: 4.26.1.1109
- metric collection url: https://client-log.box.com/index.php?rm=box_gen204_json_record
- metric data path: C:\Users\pcedillo\AppData\Local\Box\Box Tools\Metrics\BoxTools_Metrics.db
- post callback: 04F92E6E
- log callback: 04F92E96
- context: 00000000
- post interval in seconds: 600
- max records in a post: 100
- max db records: 500
- disable sender: true
[2024-10-03 10:28:44,464] [13   ] [INFO ] [] - Shutting down the metrics collector
[2024-10-03 10:38:44,450] [14   ] [INFO ] [] - Initializing the metrics collector
[2024-10-03 10:38:44,459] [14   ] [INFO ] [] - MetricsCollector::Sender(49): _disableSentMetrics 1
[2024-10-03 10:38:44,459] [14   ] [INFO ] [] - MetricsCollector::Initialize(231): Initialized metrics collector
- session id: cbaa213f-9bc3-4538-abe8-c3c6b7d85b38
- device id: 4ca35884-a93a-48fc-ad16-80b2a90aa32e
- application id: Box Tools Win exe
- application name: BoxTools
- application version: 4.26.1.1109
- metric collection url: https://client-log.box.com/index.php?rm=box_gen204_json_record
- metric data path: C:\Users\pcedillo\AppData\Local\Box\Box Tools\Metrics\BoxTools_Metrics.db
- post callback: 04F92E6E
- log callback: 04F92E96
- context: 00000000
- post interval in seconds: 600
- max records in a post: 100
- max db records: 500
- disable sender: true
[2024-10-03 10:38:44,468] [14   ] [INFO ] [] - Shutting down the metrics collector
[2024-10-03 10:48:44,462] [17   ] [INFO ] [] - Initializing the metrics collector
[2024-10-03 10:48:44,462] [17   ] [INFO ] [] - MetricsCollector::Sender(49): _disableSentMetrics 1
[2024-10-03 10:48:44,462] [17   ] [INFO ] [] - MetricsCollector::Initialize(231): Initialized metrics collector
- session id: cbaa213f-9bc3-4538-abe8-c3c6b7d85b38
- device id: 4ca35884-a93a-48fc-ad16-80b2a90aa32e
- application id: Box Tools Win exe
- application name: BoxTools
- application version: 4.26.1.1109
- metric collection url: https://client-log.box.com/index.php?rm=box_gen204_json_record
- metric data path: C:\Users\pcedillo\AppData\Local\Box\Box Tools\Metrics\BoxTools_Metrics.db
- post callback: 04F92E6E
- log callback: 04F92E96
- context: 00000000
- post interval in seconds: 600
- max records in a post: 100
- max db records: 500
- disable sender: true
[2024-10-03 10:48:44,482] [17   ] [INFO ] [] - Shutting down the metrics collector
[2024-10-03 10:58:44,443] [11   ] [INFO ] [] - Initializing the metrics collector
[2024-10-03 10:58:44,443] [11   ] [INFO ] [] - MetricsCollector::Sender(49): _disableSentMetrics 1
[2024-10-03 10:58:44,443] [11   ] [INFO ] [] - MetricsCollector::Initialize(231): Initialized metrics collector
- session id: cbaa213f-9bc3-4538-abe8-c3c6b7d85b38
- device id: 4ca35884-a93a-48fc-ad16-80b2a90aa32e
- application id: Box Tools Win exe
- application name: BoxTools
- application version: 4.26.1.1109
- metric collection url: https://client-log.box.com/index.php?rm=box_gen204_json_record
- metric data path: C:\Users\pcedillo\AppData\Local\Box\Box Tools\Metrics\BoxTools_Metrics.db
- post callback: 04F92E6E
- log callback: 04F92E96
- context: 00000000
- post interval in seconds: 600
- max records in a post: 100
- max db records: 500
- disable sender: true
[2024-10-03 10:58:44,468] [11   ] [INFO ] [] - Shutting down the metrics collector
[2024-10-03 11:08:44,376] [12   ] [INFO ] [] - Initializing the metrics collector
[2024-10-03 11:08:44,383] [12   ] [INFO ] [] - MetricsCollector::Sender(49): _disableSentMetrics 1
[2024-10-03 11:08:44,383] [12   ] [INFO ] [] - MetricsCollector::Initialize(231): Initialized metrics collector
- session id: cbaa213f-9bc3-4538-abe8-c3c6b7d85b38
- device id: 4ca35884-a93a-48fc-ad16-80b2a90aa32e
- application id: Box Tools Win exe
- application name: BoxTools
- application version: 4.26.1.1109
- metric collection url: https://client-log.box.com/index.php?rm=box_gen204_json_record
- metric data path: C:\Users\pcedillo\AppData\Local\Box\Box Tools\Metrics\BoxTools_Metrics.db
- post callback: 04F92E6E
- log callback: 04F92E96
- context: 00000000
- post interval in seconds: 600
- max records in a post: 100
- max db records: 500
- disable sender: true
[2024-10-03 11:08:44,392] [12   ] [INFO ] [] - Shutting down the metrics collector
[2024-10-03 11:18:44,344] [10   ] [INFO ] [] - Initializing the metrics collector
[2024-10-03 11:18:44,344] [10   ] [INFO ] [] - MetricsCollector::Sender(49): _disableSentMetrics 1
[2024-10-03 11:18:44,344] [10   ] [INFO ] [] - MetricsCollector::Initialize(231): Initialized metrics collector
- session id: cbaa213f-9bc3-4538-abe8-c3c6b7d85b38
- device id: 4ca35884-a93a-48fc-ad16-80b2a90aa32e
- application id: Box Tools Win exe
- application name: BoxTools
- application version: 4.26.1.1109
- metric collection url: https://client-log.box.com/index.php?rm=box_gen204_json_record
- metric data path: C:\Users\pcedillo\AppData\Local\Box\Box Tools\Metrics\BoxTools_Metrics.db
- post callback: 04F92E6E
- log callback: 04F92E96
- context: 00000000
- post interval in seconds: 600
- max records in a post: 100
- max db records: 500
- disable sender: true
[2024-10-03 11:18:44,361] [10   ] [INFO ] [] - Shutting down the metrics collector
[2024-10-03 11:28:44,342] [7    ] [INFO ] [] - Initializing the metrics collector
[2024-10-03 11:28:44,352] [7    ] [INFO ] [] - MetricsCollector::Sender(49): _disableSentMetrics 1
[2024-10-03 11:28:44,352] [7    ] [INFO ] [] - MetricsCollector::Initialize(231): Initialized metrics collector
- session id: cbaa213f-9bc3-4538-abe8-c3c6b7d85b38
- device id: 4ca35884-a93a-48fc-ad16-80b2a90aa32e
- application id: Box Tools Win exe
- application name: BoxTools
- application version: 4.26.1.1109
- metric collection url: https://client-log.box.com/index.php?rm=box_gen204_json_record
- metric data path: C:\Users\pcedillo\AppData\Local\Box\Box Tools\Metrics\BoxTools_Metrics.db
- post callback: 04F92E6E
- log callback: 04F92E96
- context: 00000000
- post interval in seconds: 600
- max records in a post: 100
- max db records: 500
- disable sender: true
[2024-10-03 11:28:44,359] [7    ] [INFO ] [] - Shutting down the metrics collector
[2024-10-03 11:38:44,346] [6    ] [INFO ] [] - Initializing the metrics collector
[2024-10-03 11:38:44,359] [6    ] [INFO ] [] - MetricsCollector::Sender(49): _disableSentMetrics 1
[2024-10-03 11:38:44,359] [6    ] [INFO ] [] - MetricsCollector::Initialize(231): Initialized metrics collector
- session id: cbaa213f-9bc3-4538-abe8-c3c6b7d85b38
- device id: 4ca35884-a93a-48fc-ad16-80b2a90aa32e
- application id: Box Tools Win exe
- application name: BoxTools
- application version: 4.26.1.1109
- metric collection url: https://client-log.box.com/index.php?rm=box_gen204_json_record
- metric data path: C:\Users\pcedillo\AppData\Local\Box\Box Tools\Metrics\BoxTools_Metrics.db
- post callback: 04F92E6E
- log callback: 04F92E96
- context: 00000000
- post interval in seconds: 600
- max records in a post: 100
- max db records: 500
- disable sender: true
[2024-10-03 11:38:44,362] [6    ] [INFO ] [] - Shutting down the metrics collector
[2024-10-03 11:48:44,341] [5    ] [INFO ] [] - Initializing the metrics collector
[2024-10-03 11:48:44,341] [5    ] [INFO ] [] - MetricsCollector::Sender(49): _disableSentMetrics 1
[2024-10-03 11:48:44,341] [5    ] [INFO ] [] - MetricsCollector::Initialize(231): Initialized metrics collector
- session id: cbaa213f-9bc3-4538-abe8-c3c6b7d85b38
- device id: 4ca35884-a93a-48fc-ad16-80b2a90aa32e
- application id: Box Tools Win exe
- application name: BoxTools
- application version: 4.26.1.1109
- metric collection url: https://client-log.box.com/index.php?rm=box_gen204_json_record
- metric data path: C:\Users\pcedillo\AppData\Local\Box\Box Tools\Metrics\BoxTools_Metrics.db
- post callback: 04F92E6E
- log callback: 04F92E96
- context: 00000000
- post interval in seconds: 600
- max records in a post: 100
- max db records: 500
- disable sender: true
[2024-10-03 11:48:44,356] [5    ] [INFO ] [] - Shutting down the metrics collector
[2024-10-03 11:58:44,341] [3    ] [INFO ] [] - Initializing the metrics collector
[2024-10-03 11:58:44,350] [3    ] [INFO ] [] - MetricsCollector::Sender(49): _disableSentMetrics 1
[2024-10-03 11:58:44,350] [3    ] [INFO ] [] - MetricsCollector::Initialize(231): Initialized metrics collector
- session id: cbaa213f-9bc3-4538-abe8-c3c6b7d85b38
- device id: 4ca35884-a93a-48fc-ad16-80b2a90aa32e
- application id: Box Tools Win exe
- application name: BoxTools
- application version: 4.26.1.1109
- metric collection url: https://client-log.box.com/index.php?rm=box_gen204_json_record
- metric data path: C:\Users\pcedillo\AppData\Local\Box\Box Tools\Metrics\BoxTools_Metrics.db
- post callback: 04F92E6E
- log callback: 04F92E96
- context: 00000000
- post interval in seconds: 600
- max records in a post: 100
- max db records: 500
- disable sender: true
[2024-10-03 11:58:44,359] [3    ] [INFO ] [] - Shutting down the metrics collector
[2024-10-03 12:08:44,307] [26   ] [INFO ] [] - Initializing the metrics collector
[2024-10-03 12:08:44,309] [26   ] [INFO ] [] - MetricsCollector::Sender(49): _disableSentMetrics 1
[2024-10-03 12:08:44,309] [26   ] [INFO ] [] - MetricsCollector::Initialize(231): Initialized metrics collector
- session id: cbaa213f-9bc3-4538-abe8-c3c6b7d85b38
- device id: 4ca35884-a93a-48fc-ad16-80b2a90aa32e
- application id: Box Tools Win exe
- application name: BoxTools
- application version: 4.26.1.1109
- metric collection url: https://client-log.box.com/index.php?rm=box_gen204_json_record
- metric data path: C:\Users\pcedillo\AppData\Local\Box\Box Tools\Metrics\BoxTools_Metrics.db
- post callback: 04F92E6E
- log callback: 04F92E96
- context: 00000000
- post interval in seconds: 600
- max records in a post: 100
- max db records: 500
- disable sender: true
[2024-10-03 12:08:44,323] [26   ] [INFO ] [] - Shutting down the metrics collector
[2024-10-03 12:18:44,275] [19   ] [INFO ] [] - Initializing the metrics collector
[2024-10-03 12:18:44,279] [19   ] [INFO ] [] - MetricsCollector::Sender(49): _disableSentMetrics 1
[2024-10-03 12:18:44,279] [19   ] [INFO ] [] - MetricsCollector::Initialize(231): Initialized metrics collector
- session id: cbaa213f-9bc3-4538-abe8-c3c6b7d85b38
- device id: 4ca35884-a93a-48fc-ad16-80b2a90aa32e
- application id: Box Tools Win exe
- application name: BoxTools
- application version: 4.26.1.1109
- metric collection url: https://client-log.box.com/index.php?rm=box_gen204_json_record
- metric data path: C:\Users\pcedillo\AppData\Local\Box\Box Tools\Metrics\BoxTools_Metrics.db
- post callback: 04F92E6E
- log callback: 04F92E96
- context: 00000000
- post interval in seconds: 600
- max records in a post: 100
- max db records: 500
- disable sender: true
[2024-10-03 12:18:44,285] [19   ] [INFO ] [] - Shutting down the metrics collector
[2024-10-03 12:28:44,262] [27   ] [INFO ] [] - Initializing the metrics collector
[2024-10-03 12:28:44,262] [27   ] [INFO ] [] - MetricsCollector::Sender(49): _disableSentMetrics 1
[2024-10-03 12:28:44,262] [27   ] [INFO ] [] - MetricsCollector::Initialize(231): Initialized metrics collector
- session id: cbaa213f-9bc3-4538-abe8-c3c6b7d85b38
- device id: 4ca35884-a93a-48fc-ad16-80b2a90aa32e
- application id: Box Tools Win exe
- application name: BoxTools
- application version: 4.26.1.1109
- metric collection url: https://client-log.box.com/index.php?rm=box_gen204_json_record
- metric data path: C:\Users\pcedillo\AppData\Local\Box\Box Tools\Metrics\BoxTools_Metrics.db
- post callback: 04F92E6E
- log callback: 04F92E96
- context: 00000000
- post interval in seconds: 600
- max records in a post: 100
- max db records: 500
- disable sender: true
[2024-10-03 12:28:44,278] [27   ] [INFO ] [] - Shutting down the metrics collector
[2024-10-03 12:38:44,253] [29   ] [INFO ] [] - Initializing the metrics collector
[2024-10-03 12:38:44,253] [29   ] [INFO ] [] - MetricsCollector::Sender(49): _disableSentMetrics 1
[2024-10-03 12:38:44,253] [29   ] [INFO ] [] - MetricsCollector::Initialize(231): Initialized metrics collector
- session id: cbaa213f-9bc3-4538-abe8-c3c6b7d85b38
- device id: 4ca35884-a93a-48fc-ad16-80b2a90aa32e
- application id: Box Tools Win exe
- application name: BoxTools
- application version: 4.26.1.1109
- metric collection url: https://client-log.box.com/index.php?rm=box_gen204_json_record
- metric data path: C:\Users\pcedillo\AppData\Local\Box\Box Tools\Metrics\BoxTools_Metrics.db
- post callback: 04F92E6E
- log callback: 04F92E96
- context: 00000000
- post interval in seconds: 600
- max records in a post: 100
- max db records: 500
- disable sender: true
[2024-10-03 12:38:44,269] [29   ] [INFO ] [] - Shutting down the metrics collector
[2024-10-03 12:48:44,244] [28   ] [INFO ] [] - Initializing the metrics collector
[2024-10-03 12:48:44,245] [28   ] [INFO ] [] - MetricsCollector::Sender(49): _disableSentMetrics 1
[2024-10-03 12:48:44,245] [28   ] [INFO ] [] - MetricsCollector::Initialize(231): Initialized metrics collector
- session id: cbaa213f-9bc3-4538-abe8-c3c6b7d85b38
- device id: 4ca35884-a93a-48fc-ad16-80b2a90aa32e
- application id: Box Tools Win exe
- application name: BoxTools
- application version: 4.26.1.1109
- metric collection url: https://client-log.box.com/index.php?rm=box_gen204_json_record
- metric data path: C:\Users\pcedillo\AppData\Local\Box\Box Tools\Metrics\BoxTools_Metrics.db
- post callback: 04F92E6E
- log callback: 04F92E96
- context: 00000000
- post interval in seconds: 600
- max records in a post: 100
- max db records: 500
- disable sender: true
[2024-10-03 12:48:44,260] [28   ] [INFO ] [] - Shutting down the metrics collector
[2024-10-03 12:58:44,248] [30   ] [INFO ] [] - Initializing the metrics collector
[2024-10-03 12:58:44,248] [30   ] [INFO ] [] - MetricsCollector::Sender(49): _disableSentMetrics 1
[2024-10-03 12:58:44,248] [30   ] [INFO ] [] - MetricsCollector::Initialize(231): Initialized metrics collector
- session id: cbaa213f-9bc3-4538-abe8-c3c6b7d85b38
- device id: 4ca35884-a93a-48fc-ad16-80b2a90aa32e
- application id: Box Tools Win exe
- application name: BoxTools
- application version: 4.26.1.1109
- metric collection url: https://client-log.box.com/index.php?rm=box_gen204_json_record
- metric data path: C:\Users\pcedillo\AppData\Local\Box\Box Tools\Metrics\BoxTools_Metrics.db
- post callback: 04F92E6E
- log callback: 04F92E96
- context: 00000000
- post interval in seconds: 600
- max records in a post: 100
- max db records: 500
- disable sender: true
[2024-10-03 12:58:44,264] [30   ] [INFO ] [] - Shutting down the metrics collector
[2024-10-03 13:08:44,242] [31   ] [INFO ] [] - Initializing the metrics collector
[2024-10-03 13:08:44,242] [31   ] [INFO ] [] - MetricsCollector::Sender(49): _disableSentMetrics 1
[2024-10-03 13:08:44,242] [31   ] [INFO ] [] - MetricsCollector::Initialize(231): Initialized metrics collector
- session id: cbaa213f-9bc3-4538-abe8-c3c6b7d85b38
- device id: 4ca35884-a93a-48fc-ad16-80b2a90aa32e
- application id: Box Tools Win exe
- application name: BoxTools
- application version: 4.26.1.1109
- metric collection url: https://client-log.box.com/index.php?rm=box_gen204_json_record
- metric data path: C:\Users\pcedillo\AppData\Local\Box\Box Tools\Metrics\BoxTools_Metrics.db
- post callback: 04F92E6E
- log callback: 04F92E96
- context: 00000000
- post interval in seconds: 600
- max records in a post: 100
- max db records: 500
- disable sender: true
[2024-10-03 13:08:44,258] [31   ] [INFO ] [] - Shutting down the metrics collector
[2024-10-03 13:18:44,213] [32   ] [INFO ] [] - Initializing the metrics collector
[2024-10-03 13:18:44,219] [32   ] [INFO ] [] - MetricsCollector::Sender(49): _disableSentMetrics 1
[2024-10-03 13:18:44,219] [32   ] [INFO ] [] - MetricsCollector::Initialize(231): Initialized metrics collector
- session id: cbaa213f-9bc3-4538-abe8-c3c6b7d85b38
- device id: 4ca35884-a93a-48fc-ad16-80b2a90aa32e
- application id: Box Tools Win exe
- application name: BoxTools
- application version: 4.26.1.1109
- metric collection url: https://client-log.box.com/index.php?rm=box_gen204_json_record
- metric data path: C:\Users\pcedillo\AppData\Local\Box\Box Tools\Metrics\BoxTools_Metrics.db
- post callback: 04F92E6E
- log callback: 04F92E96
- context: 00000000
- post interval in seconds: 600
- max records in a post: 100
- max db records: 500
- disable sender: true
[2024-10-03 13:18:44,230] [32   ] [INFO ] [] - Shutting down the metrics collector
[2024-10-03 13:28:44,194] [34   ] [INFO ] [] - Initializing the metrics collector
[2024-10-03 13:28:44,194] [34   ] [INFO ] [] - MetricsCollector::Sender(49): _disableSentMetrics 1
[2024-10-03 13:28:44,194] [34   ] [INFO ] [] - MetricsCollector::Initialize(231): Initialized metrics collector
- session id: cbaa213f-9bc3-4538-abe8-c3c6b7d85b38
- device id: 4ca35884-a93a-48fc-ad16-80b2a90aa32e
- application id: Box Tools Win exe
- application name: BoxTools
- application version: 4.26.1.1109
- metric collection url: https://client-log.box.com/index.php?rm=box_gen204_json_record
- metric data path: C:\Users\pcedillo\AppData\Local\Box\Box Tools\Metrics\BoxTools_Metrics.db
- post callback: 04F92E6E
- log callback: 04F92E96
- context: 00000000
- post interval in seconds: 600
- max records in a post: 100
- max db records: 500
- disable sender: true
[2024-10-03 13:28:44,209] [34   ] [INFO ] [] - Shutting down the metrics collector
[2024-10-03 13:38:44,177] [36   ] [INFO ] [] - Initializing the metrics collector
[2024-10-03 13:38:44,177] [36   ] [INFO ] [] - MetricsCollector::Sender(49): _disableSentMetrics 1
[2024-10-03 13:38:44,177] [36   ] [INFO ] [] - MetricsCollector::Initialize(231): Initialized metrics collector
- session id: cbaa213f-9bc3-4538-abe8-c3c6b7d85b38
- device id: 4ca35884-a93a-48fc-ad16-80b2a90aa32e
- application id: Box Tools Win exe
- application name: BoxTools
- application version: 4.26.1.1109
- metric collection url: https://client-log.box.com/index.php?rm=box_gen204_json_record
- metric data path: C:\Users\pcedillo\AppData\Local\Box\Box Tools\Metrics\BoxTools_Metrics.db
- post callback: 04F92E6E
- log callback: 04F92E96
- context: 00000000
- post interval in seconds: 600
- max records in a post: 100
- max db records: 500
- disable sender: true
[2024-10-03 13:38:44,192] [36   ] [INFO ] [] - Shutting down the metrics collector
[2024-10-03 13:48:44,172] [38   ] [INFO ] [] - Initializing the metrics collector
[2024-10-03 13:48:44,173] [38   ] [INFO ] [] - MetricsCollector::Sender(49): _disableSentMetrics 1
[2024-10-03 13:48:44,173] [38   ] [INFO ] [] - MetricsCollector::Initialize(231): Initialized metrics collector
- session id: cbaa213f-9bc3-4538-abe8-c3c6b7d85b38
- device id: 4ca35884-a93a-48fc-ad16-80b2a90aa32e
- application id: Box Tools Win exe
- application name: BoxTools
- application version: 4.26.1.1109
- metric collection url: https://client-log.box.com/index.php?rm=box_gen204_json_record
- metric data path: C:\Users\pcedillo\AppData\Local\Box\Box Tools\Metrics\BoxTools_Metrics.db
- post callback: 04F92E6E
- log callback: 04F92E96
- context: 00000000
- post interval in seconds: 600
- max records in a post: 100
- max db records: 500
- disable sender: true
[2024-10-03 13:48:44,187] [38   ] [INFO ] [] - Shutting down the metrics collector
[2024-10-03 13:58:44,169] [40   ] [INFO ] [] - Initializing the metrics collector
[2024-10-03 13:58:44,169] [40   ] [INFO ] [] - MetricsCollector::Sender(49): _disableSentMetrics 1
[2024-10-03 13:58:44,169] [40   ] [INFO ] [] - MetricsCollector::Initialize(231): Initialized metrics collector
- session id: cbaa213f-9bc3-4538-abe8-c3c6b7d85b38
- device id: 4ca35884-a93a-48fc-ad16-80b2a90aa32e
- application id: Box Tools Win exe
- application name: BoxTools
- application version: 4.26.1.1109
- metric collection url: https://client-log.box.com/index.php?rm=box_gen204_json_record
- metric data path: C:\Users\pcedillo\AppData\Local\Box\Box Tools\Metrics\BoxTools_Metrics.db
- post callback: 04F92E6E
- log callback: 04F92E96
- context: 00000000
- post interval in seconds: 600
- max records in a post: 100
- max db records: 500
- disable sender: true
[2024-10-03 13:58:44,184] [40   ] [INFO ] [] - Shutting down the metrics collector
[2024-10-03 14:08:44,156] [42   ] [INFO ] [] - Initializing the metrics collector
[2024-10-03 14:08:44,156] [42   ] [INFO ] [] - MetricsCollector::Sender(49): _disableSentMetrics 1
[2024-10-03 14:08:44,156] [42   ] [INFO ] [] - MetricsCollector::Initialize(231): Initialized metrics collector
- session id: cbaa213f-9bc3-4538-abe8-c3c6b7d85b38
- device id: 4ca35884-a93a-48fc-ad16-80b2a90aa32e
- application id: Box Tools Win exe
- application name: BoxTools
- application version: 4.26.1.1109
- metric collection url: https://client-log.box.com/index.php?rm=box_gen204_json_record
- metric data path: C:\Users\pcedillo\AppData\Local\Box\Box Tools\Metrics\BoxTools_Metrics.db
- post callback: 04F92E6E
- log callback: 04F92E96
- context: 00000000
- post interval in seconds: 600
- max records in a post: 100
- max db records: 500
- disable sender: true
[2024-10-03 14:08:44,174] [42   ] [INFO ] [] - Shutting down the metrics collector
[2024-10-03 14:18:44,170] [44   ] [INFO ] [] - Initializing the metrics collector
[2024-10-03 14:18:44,170] [44   ] [INFO ] [] - MetricsCollector::Sender(49): _disableSentMetrics 1
[2024-10-03 14:18:44,170] [44   ] [INFO ] [] - MetricsCollector::Initialize(231): Initialized metrics collector
- session id: cbaa213f-9bc3-4538-abe8-c3c6b7d85b38
- device id: 4ca35884-a93a-48fc-ad16-80b2a90aa32e
- application id: Box Tools Win exe
- application name: BoxTools
- application version: 4.26.1.1109
- metric collection url: https://client-log.box.com/index.php?rm=box_gen204_json_record
- metric data path: C:\Users\pcedillo\AppData\Local\Box\Box Tools\Metrics\BoxTools_Metrics.db
- post callback: 04F92E6E
- log callback: 04F92E96
- context: 00000000
- post interval in seconds: 600
- max records in a post: 100
- max db records: 500
- disable sender: true
[2024-10-03 14:18:44,185] [44   ] [INFO ] [] - Shutting down the metrics collector
[2024-10-03 14:28:44,134] [47   ] [INFO ] [] - Initializing the metrics collector
[2024-10-03 14:28:44,144] [47   ] [INFO ] [] - MetricsCollector::Sender(49): _disableSentMetrics 1
[2024-10-03 14:28:44,144] [47   ] [INFO ] [] - MetricsCollector::Initialize(231): Initialized metrics collector
- session id: cbaa213f-9bc3-4538-abe8-c3c6b7d85b38
- device id: 4ca35884-a93a-48fc-ad16-80b2a90aa32e
- application id: Box Tools Win exe
- application name: BoxTools
- application version: 4.26.1.1109
- metric collection url: https://client-log.box.com/index.php?rm=box_gen204_json_record
- metric data path: C:\Users\pcedillo\AppData\Local\Box\Box Tools\Metrics\BoxTools_Metrics.db
- post callback: 04F92E6E
- log callback: 04F92E96
- context: 00000000
- post interval in seconds: 600
- max records in a post: 100
- max db records: 500
- disable sender: true
[2024-10-03 14:28:44,152] [47   ] [INFO ] [] - Shutting down the metrics collector
[2024-10-03 14:38:44,099] [48   ] [INFO ] [] - Initializing the metrics collector
[2024-10-03 14:38:44,106] [48   ] [INFO ] [] - MetricsCollector::Sender(49): _disableSentMetrics 1
[2024-10-03 14:38:44,106] [48   ] [INFO ] [] - MetricsCollector::Initialize(231): Initialized metrics collector
- session id: cbaa213f-9bc3-4538-abe8-c3c6b7d85b38
- device id: 4ca35884-a93a-48fc-ad16-80b2a90aa32e
- application id: Box Tools Win exe
- application name: BoxTools
- application version: 4.26.1.1109
- metric collection url: https://client-log.box.com/index.php?rm=box_gen204_json_record
- metric data path: C:\Users\pcedillo\AppData\Local\Box\Box Tools\Metrics\BoxTools_Metrics.db
- post callback: 04F92E6E
- log callback: 04F92E96
- context: 00000000
- post interval in seconds: 600
- max records in a post: 100
- max db records: 500
- disable sender: true
[2024-10-03 14:38:44,115] [48   ] [INFO ] [] - Shutting down the metrics collector
[2024-10-03 14:48:44,074] [51   ] [INFO ] [] - Initializing the metrics collector
[2024-10-03 14:48:44,081] [51   ] [INFO ] [] - MetricsCollector::Sender(49): _disableSentMetrics 1
[2024-10-03 14:48:44,081] [51   ] [INFO ] [] - MetricsCollector::Initialize(231): Initialized metrics collector
- session id: cbaa213f-9bc3-4538-abe8-c3c6b7d85b38
- device id: 4ca35884-a93a-48fc-ad16-80b2a90aa32e
- application id: Box Tools Win exe
- application name: BoxTools
- application version: 4.26.1.1109
- metric collection url: https://client-log.box.com/index.php?rm=box_gen204_json_record
- metric data path: C:\Users\pcedillo\AppData\Local\Box\Box Tools\Metrics\BoxTools_Metrics.db
- post callback: 04F92E6E
- log callback: 04F92E96
- context: 00000000
- post interval in seconds: 600
- max records in a post: 100
- max db records: 500
- disable sender: true
[2024-10-03 14:48:44,091] [51   ] [INFO ] [] - Shutting down the metrics collector
[2024-10-03 14:58:44,076] [52   ] [INFO ] [] - Initializing the metrics collector
[2024-10-03 14:58:44,076] [52   ] [INFO ] [] - MetricsCollector::Sender(49): _disableSentMetrics 1
[2024-10-03 14:58:44,076] [52   ] [INFO ] [] - MetricsCollector::Initialize(231): Initialized metrics collector
- session id: cbaa213f-9bc3-4538-abe8-c3c6b7d85b38
- device id: 4ca35884-a93a-48fc-ad16-80b2a90aa32e
- application id: Box Tools Win exe
- application name: BoxTools
- application version: 4.26.1.1109
- metric collection url: https://client-log.box.com/index.php?rm=box_gen204_json_record
- metric data path: C:\Users\pcedillo\AppData\Local\Box\Box Tools\Metrics\BoxTools_Metrics.db
- post callback: 04F92E6E
- log callback: 04F92E96
- context: 00000000
- post interval in seconds: 600
- max records in a post: 100
- max db records: 500
- disable sender: true
[2024-10-03 14:58:44,091] [52   ] [INFO ] [] - Shutting down the metrics collector
[2024-10-03 15:08:44,072] [55   ] [INFO ] [] - Initializing the metrics collector
[2024-10-03 15:08:44,072] [55   ] [INFO ] [] - MetricsCollector::Sender(49): _disableSentMetrics 1
[2024-10-03 15:08:44,072] [55   ] [INFO ] [] - MetricsCollector::Initialize(231): Initialized metrics collector
- session id: cbaa213f-9bc3-4538-abe8-c3c6b7d85b38
- device id: 4ca35884-a93a-48fc-ad16-80b2a90aa32e
- application id: Box Tools Win exe
- application name: BoxTools
- application version: 4.26.1.1109
- metric collection url: https://client-log.box.com/index.php?rm=box_gen204_json_record
- metric data path: C:\Users\pcedillo\AppData\Local\Box\Box Tools\Metrics\BoxTools_Metrics.db
- post callback: 04F92E6E
- log callback: 04F92E96
- context: 00000000
- post interval in seconds: 600
- max records in a post: 100
- max db records: 500
- disable sender: true
[2024-10-03 15:08:44,087] [55   ] [INFO ] [] - Shutting down the metrics collector
[2024-10-03 15:18:44,055] [56   ] [INFO ] [] - Initializing the metrics collector
[2024-10-03 15:18:44,055] [56   ] [INFO ] [] - MetricsCollector::Sender(49): _disableSentMetrics 1
[2024-10-03 15:18:44,055] [56   ] [INFO ] [] - MetricsCollector::Initialize(231): Initialized metrics collector
- session id: cbaa213f-9bc3-4538-abe8-c3c6b7d85b38
- device id: 4ca35884-a93a-48fc-ad16-80b2a90aa32e
- application id: Box Tools Win exe
- application name: BoxTools
- application version: 4.26.1.1109
- metric collection url: https://client-log.box.com/index.php?rm=box_gen204_json_record
- metric data path: C:\Users\pcedillo\AppData\Local\Box\Box Tools\Metrics\BoxTools_Metrics.db
- post callback: 04F92E6E
- log callback: 04F92E96
- context: 00000000
- post interval in seconds: 600
- max records in a post: 100
- max db records: 500
- disable sender: true
[2024-10-03 15:18:44,071] [56   ] [INFO ] [] - Shutting down the metrics collector
[2024-10-03 15:28:44,059] [58   ] [INFO ] [] - Initializing the metrics collector
[2024-10-03 15:28:44,069] [58   ] [INFO ] [] - MetricsCollector::Sender(49): _disableSentMetrics 1
[2024-10-03 15:28:44,069] [58   ] [INFO ] [] - MetricsCollector::Initialize(231): Initialized metrics collector
- session id: cbaa213f-9bc3-4538-abe8-c3c6b7d85b38
- device id: 4ca35884-a93a-48fc-ad16-80b2a90aa32e
- application id: Box Tools Win exe
- application name: BoxTools
- application version: 4.26.1.1109
- metric collection url: https://client-log.box.com/index.php?rm=box_gen204_json_record
- metric data path: C:\Users\pcedillo\AppData\Local\Box\Box Tools\Metrics\BoxTools_Metrics.db
- post callback: 04F92E6E
- log callback: 04F92E96
- context: 00000000
- post interval in seconds: 600
- max records in a post: 100
- max db records: 500
- disable sender: true
[2024-10-03 15:28:44,075] [58   ] [INFO ] [] - Shutting down the metrics collector
[2024-10-03 15:38:44,018] [60   ] [INFO ] [] - Initializing the metrics collector
[2024-10-03 15:38:44,018] [60   ] [INFO ] [] - MetricsCollector::Sender(49): _disableSentMetrics 1
[2024-10-03 15:38:44,018] [60   ] [INFO ] [] - MetricsCollector::Initialize(231): Initialized metrics collector
- session id: cbaa213f-9bc3-4538-abe8-c3c6b7d85b38
- device id: 4ca35884-a93a-48fc-ad16-80b2a90aa32e
- application id: Box Tools Win exe
- application name: BoxTools
- application version: 4.26.1.1109
- metric collection url: https://client-log.box.com/index.php?rm=box_gen204_json_record
- metric data path: C:\Users\pcedillo\AppData\Local\Box\Box Tools\Metrics\BoxTools_Metrics.db
- post callback: 04F92E6E
- log callback: 04F92E96
- context: 00000000
- post interval in seconds: 600
- max records in a post: 100
- max db records: 500
- disable sender: true
[2024-10-03 15:38:44,034] [60   ] [INFO ] [] - Shutting down the metrics collector
[2024-10-03 15:48:43,989] [62   ] [INFO ] [] - Initializing the metrics collector
[2024-10-03 15:48:43,989] [62   ] [INFO ] [] - MetricsCollector::Sender(49): _disableSentMetrics 1
[2024-10-03 15:48:43,989] [62   ] [INFO ] [] - MetricsCollector::Initialize(231): Initialized metrics collector
- session id: cbaa213f-9bc3-4538-abe8-c3c6b7d85b38
- device id: 4ca35884-a93a-48fc-ad16-80b2a90aa32e
- application id: Box Tools Win exe
- application name: BoxTools
- application version: 4.26.1.1109
- metric collection url: https://client-log.box.com/index.php?rm=box_gen204_json_record
- metric data path: C:\Users\pcedillo\AppData\Local\Box\Box Tools\Metrics\BoxTools_Metrics.db
- post callback: 04F92E6E
- log callback: 04F92E96
- context: 00000000
- post interval in seconds: 600
- max records in a post: 100
- max db records: 500
- disable sender: true
[2024-10-03 15:48:44,005] [62   ] [INFO ] [] - Shutting down the metrics collector
[2024-10-03 15:58:43,981] [63   ] [INFO ] [] - Initializing the metrics collector
[2024-10-03 15:58:43,992] [63   ] [INFO ] [] - MetricsCollector::Sender(49): _disableSentMetrics 1
[2024-10-03 15:58:43,992] [63   ] [INFO ] [] - MetricsCollector::Initialize(231): Initialized metrics collector
- session id: cbaa213f-9bc3-4538-abe8-c3c6b7d85b38
- device id: 4ca35884-a93a-48fc-ad16-80b2a90aa32e
- application id: Box Tools Win exe
- application name: BoxTools
- application version: 4.26.1.1109
- metric collection url: https://client-log.box.com/index.php?rm=box_gen204_json_record
- metric data path: C:\Users\pcedillo\AppData\Local\Box\Box Tools\Metrics\BoxTools_Metrics.db
- post callback: 04F92E6E
- log callback: 04F92E96
- context: 00000000
- post interval in seconds: 600
- max records in a post: 100
- max db records: 500
- disable sender: true
[2024-10-03 15:58:43,997] [63   ] [INFO ] [] - Shutting down the metrics collector
[2024-10-03 16:08:43,965] [61   ] [INFO ] [] - Initializing the metrics collector
[2024-10-03 16:08:43,976] [61   ] [INFO ] [] - MetricsCollector::Sender(49): _disableSentMetrics 1
[2024-10-03 16:08:43,976] [61   ] [INFO ] [] - MetricsCollector::Initialize(231): Initialized metrics collector
- session id: cbaa213f-9bc3-4538-abe8-c3c6b7d85b38
- device id: 4ca35884-a93a-48fc-ad16-80b2a90aa32e
- application id: Box Tools Win exe
- application name: BoxTools
- application version: 4.26.1.1109
- metric collection url: https://client-log.box.com/index.php?rm=box_gen204_json_record
- metric data path: C:\Users\pcedillo\AppData\Local\Box\Box Tools\Metrics\BoxTools_Metrics.db
- post callback: 04F92E6E
- log callback: 04F92E96
- context: 00000000
- post interval in seconds: 600
- max records in a post: 100
- max db records: 500
- disable sender: true
[2024-10-03 16:08:43,980] [61   ] [INFO ] [] - Shutting down the metrics collector
[2024-10-03 16:18:43,950] [65   ] [INFO ] [] - Initializing the metrics collector
[2024-10-03 16:18:43,950] [65   ] [INFO ] [] - MetricsCollector::Sender(49): _disableSentMetrics 1
[2024-10-03 16:18:43,950] [65   ] [INFO ] [] - MetricsCollector::Initialize(231): Initialized metrics collector
- session id: cbaa213f-9bc3-4538-abe8-c3c6b7d85b38
- device id: 4ca35884-a93a-48fc-ad16-80b2a90aa32e
- application id: Box Tools Win exe
- application name: BoxTools
- application version: 4.26.1.1109
- metric collection url: https://client-log.box.com/index.php?rm=box_gen204_json_record
- metric data path: C:\Users\pcedillo\AppData\Local\Box\Box Tools\Metrics\BoxTools_Metrics.db
- post callback: 04F92E6E
- log callback: 04F92E96
- context: 00000000
- post interval in seconds: 600
- max records in a post: 100
- max db records: 500
- disable sender: true
[2024-10-03 16:18:43,966] [65   ] [INFO ] [] - Shutting down the metrics collector
[2024-10-03 16:28:43,937] [66   ] [INFO ] [] - Initializing the metrics collector
[2024-10-03 16:28:43,937] [66   ] [INFO ] [] - MetricsCollector::Sender(49): _disableSentMetrics 1
[2024-10-03 16:28:43,937] [66   ] [INFO ] [] - MetricsCollector::Initialize(231): Initialized metrics collector
- session id: cbaa213f-9bc3-4538-abe8-c3c6b7d85b38
- device id: 4ca35884-a93a-48fc-ad16-80b2a90aa32e
- application id: Box Tools Win exe
- application name: BoxTools
- application version: 4.26.1.1109
- metric collection url: https://client-log.box.com/index.php?rm=box_gen204_json_record
- metric data path: C:\Users\pcedillo\AppData\Local\Box\Box Tools\Metrics\BoxTools_Metrics.db
- post callback: 04F92E6E
- log callback: 04F92E96
- context: 00000000
- post interval in seconds: 600
- max records in a post: 100
- max db records: 500
- disable sender: true
[2024-10-03 16:28:43,957] [66   ] [INFO ] [] - Shutting down the metrics collector
[2024-10-03 16:38:43,934] [67   ] [INFO ] [] - Initializing the metrics collector
[2024-10-03 16:38:43,934] [67   ] [INFO ] [] - MetricsCollector::Sender(49): _disableSentMetrics 1
[2024-10-03 16:38:43,934] [67   ] [INFO ] [] - MetricsCollector::Initialize(231): Initialized metrics collector
- session id: cbaa213f-9bc3-4538-abe8-c3c6b7d85b38
- device id: 4ca35884-a93a-48fc-ad16-80b2a90aa32e
- application id: Box Tools Win exe
- application name: BoxTools
- application version: 4.26.1.1109
- metric collection url: https://client-log.box.com/index.php?rm=box_gen204_json_record
- metric data path: C:\Users\pcedillo\AppData\Local\Box\Box Tools\Metrics\BoxTools_Metrics.db
- post callback: 04F92E6E
- log callback: 04F92E96
- context: 00000000
- post interval in seconds: 600
- max records in a post: 100
- max db records: 500
- disable sender: true
[2024-10-03 16:38:43,962] [67   ] [INFO ] [] - Shutting down the metrics collector
[2024-10-03 16:48:43,934] [68   ] [INFO ] [] - Initializing the metrics collector
[2024-10-03 16:48:43,947] [68   ] [INFO ] [] - MetricsCollector::Sender(49): _disableSentMetrics 1
[2024-10-03 16:48:43,948] [68   ] [INFO ] [] - MetricsCollector::Initialize(231): Initialized metrics collector
- session id: cbaa213f-9bc3-4538-abe8-c3c6b7d85b38
- device id: 4ca35884-a93a-48fc-ad16-80b2a90aa32e
- application id: Box Tools Win exe
- application name: BoxTools
- application version: 4.26.1.1109
- metric collection url: https://client-log.box.com/index.php?rm=box_gen204_json_record
- metric data path: C:\Users\pcedillo\AppData\Local\Box\Box Tools\Metrics\BoxTools_Metrics.db
- post callback: 04F92E6E
- log callback: 04F92E96
- context: 00000000
- post interval in seconds: 600
- max records in a post: 100
- max db records: 500
- disable sender: true
[2024-10-03 16:48:43,960] [68   ] [INFO ] [] - Shutting down the metrics collector
[2024-10-03 16:58:43,922] [64   ] [INFO ] [] - Initializing the metrics collector
[2024-10-03 16:58:43,922] [64   ] [INFO ] [] - MetricsCollector::Sender(49): _disableSentMetrics 1
[2024-10-03 16:58:43,922] [64   ] [INFO ] [] - MetricsCollector::Initialize(231): Initialized metrics collector
- session id: cbaa213f-9bc3-4538-abe8-c3c6b7d85b38
- device id: 4ca35884-a93a-48fc-ad16-80b2a90aa32e
- application id: Box Tools Win exe
- application name: BoxTools
- application version: 4.26.1.1109
- metric collection url: https://client-log.box.com/index.php?rm=box_gen204_json_record
- metric data path: C:\Users\pcedillo\AppData\Local\Box\Box Tools\Metrics\BoxTools_Metrics.db
- post callback: 04F92E6E
- log callback: 04F92E96
- context: 00000000
- post interval in seconds: 600
- max records in a post: 100
- max db records: 500
- disable sender: true
[2024-10-03 16:58:43,939] [64   ] [INFO ] [] - Shutting down the metrics collector
[2024-10-03 17:08:43,924] [69   ] [INFO ] [] - Initializing the metrics collector
[2024-10-03 17:08:43,924] [69   ] [INFO ] [] - MetricsCollector::Sender(49): _disableSentMetrics 1
[2024-10-03 17:08:43,924] [69   ] [INFO ] [] - MetricsCollector::Initialize(231): Initialized metrics collector
- session id: cbaa213f-9bc3-4538-abe8-c3c6b7d85b38
- device id: 4ca35884-a93a-48fc-ad16-80b2a90aa32e
- application id: Box Tools Win exe
- application name: BoxTools
- application version: 4.26.1.1109
- metric collection url: https://client-log.box.com/index.php?rm=box_gen204_json_record
- metric data path: C:\Users\pcedillo\AppData\Local\Box\Box Tools\Metrics\BoxTools_Metrics.db
- post callback: 04F92E6E
- log callback: 04F92E96
- context: 00000000
- post interval in seconds: 600
- max records in a post: 100
- max db records: 500
- disable sender: true
[2024-10-03 17:08:43,947] [69   ] [INFO ] [] - Shutting down the metrics collector
[2024-10-03 17:18:43,934] [71   ] [INFO ] [] - Initializing the metrics collector
[2024-10-03 17:18:43,934] [71   ] [INFO ] [] - MetricsCollector::Sender(49): _disableSentMetrics 1
[2024-10-03 17:18:43,934] [71   ] [INFO ] [] - MetricsCollector::Initialize(231): Initialized metrics collector
- session id: cbaa213f-9bc3-4538-abe8-c3c6b7d85b38
- device id: 4ca35884-a93a-48fc-ad16-80b2a90aa32e
- application id: Box Tools Win exe
- application name: BoxTools
- application version: 4.26.1.1109
- metric collection url: https://client-log.box.com/index.php?rm=box_gen204_json_record
- metric data path: C:\Users\pcedillo\AppData\Local\Box\Box Tools\Metrics\BoxTools_Metrics.db
- post callback: 04F92E6E
- log callback: 04F92E96
- context: 00000000
- post interval in seconds: 600
- max records in a post: 100
- max db records: 500
- disable sender: true
[2024-10-03 17:18:43,950] [71   ] [INFO ] [] - Shutting down the metrics collector
