[2024-11-04 08:10:48,913] [22   ] [INFO ] [] - Initializing the metrics collector
[2024-11-04 08:10:48,933] [22   ] [INFO ] [] - MetricsCollector::Sender(49): _disableSentMetrics 1
[2024-11-04 08:10:48,933] [22   ] [INFO ] [] - MetricsCollector::Initialize(231): Initialized metrics collector
- session id: f57f0e04-9929-40bd-aeb2-d7b6c1daf30d
- device id: 4ca35884-a93a-48fc-ad16-80b2a90aa32e
- application id: Box Tools Win exe
- application name: BoxTools
- application version: 4.26.1.1109
- metric collection url: https://client-log.box.com/index.php?rm=box_gen204_json_record
- metric data path: C:\Users\pcedillo\AppData\Local\Box\Box Tools\Metrics\BoxTools_Metrics.db
- post callback: 05A80DD6
- log callback: 05A80DFE
- context: 00000000
- post interval in seconds: 600
- max records in a post: 100
- max db records: 500
- disable sender: true
[2024-11-04 08:10:48,944] [22   ] [INFO ] [] - Shutting down the metrics collector
[2024-11-04 08:20:46,187] [24   ] [INFO ] [] - Initializing the metrics collector
[2024-11-04 08:20:46,204] [24   ] [INFO ] [] - MetricsCollector::Sender(49): _disableSentMetrics 1
[2024-11-04 08:20:46,204] [24   ] [INFO ] [] - MetricsCollector::Initialize(231): Initialized metrics collector
- session id: f57f0e04-9929-40bd-aeb2-d7b6c1daf30d
- device id: 4ca35884-a93a-48fc-ad16-80b2a90aa32e
- application id: Box Tools Win exe
- application name: BoxTools
- application version: 4.26.1.1109
- metric collection url: https://client-log.box.com/index.php?rm=box_gen204_json_record
- metric data path: C:\Users\pcedillo\AppData\Local\Box\Box Tools\Metrics\BoxTools_Metrics.db
- post callback: 05A80DD6
- log callback: 05A80DFE
- context: 00000000
- post interval in seconds: 600
- max records in a post: 100
- max db records: 500
- disable sender: true
[2024-11-04 08:20:46,213] [24   ] [INFO ] [] - Shutting down the metrics collector
[2024-11-04 08:30:46,097] [84   ] [INFO ] [] - Initializing the metrics collector
[2024-11-04 08:30:46,113] [84   ] [INFO ] [] - MetricsCollector::Sender(49): _disableSentMetrics 1
[2024-11-04 08:30:46,114] [84   ] [INFO ] [] - MetricsCollector::Initialize(231): Initialized metrics collector
- session id: f57f0e04-9929-40bd-aeb2-d7b6c1daf30d
- device id: 4ca35884-a93a-48fc-ad16-80b2a90aa32e
- application id: Box Tools Win exe
- application name: BoxTools
- application version: 4.26.1.1109
- metric collection url: https://client-log.box.com/index.php?rm=box_gen204_json_record
- metric data path: C:\Users\pcedillo\AppData\Local\Box\Box Tools\Metrics\BoxTools_Metrics.db
- post callback: 05A80DD6
- log callback: 05A80DFE
- context: 00000000
- post interval in seconds: 600
- max records in a post: 100
- max db records: 500
- disable sender: true
[2024-11-04 08:30:46,124] [84   ] [INFO ] [] - Shutting down the metrics collector
[2024-11-04 08:40:46,112] [23   ] [INFO ] [] - Initializing the metrics collector
[2024-11-04 08:40:46,129] [23   ] [INFO ] [] - MetricsCollector::Sender(49): _disableSentMetrics 1
[2024-11-04 08:40:46,129] [23   ] [INFO ] [] - MetricsCollector::Initialize(231): Initialized metrics collector
- session id: f57f0e04-9929-40bd-aeb2-d7b6c1daf30d
- device id: 4ca35884-a93a-48fc-ad16-80b2a90aa32e
- application id: Box Tools Win exe
- application name: BoxTools
- application version: 4.26.1.1109
- metric collection url: https://client-log.box.com/index.php?rm=box_gen204_json_record
- metric data path: C:\Users\pcedillo\AppData\Local\Box\Box Tools\Metrics\BoxTools_Metrics.db
- post callback: 05A80DD6
- log callback: 05A80DFE
- context: 00000000
- post interval in seconds: 600
- max records in a post: 100
- max db records: 500
- disable sender: true
[2024-11-04 08:40:46,146] [23   ] [INFO ] [] - Shutting down the metrics collector
[2024-11-04 08:50:46,027] [13   ] [INFO ] [] - Initializing the metrics collector
[2024-11-04 08:50:46,032] [13   ] [INFO ] [] - MetricsCollector::Sender(49): _disableSentMetrics 1
[2024-11-04 08:50:46,032] [13   ] [INFO ] [] - MetricsCollector::Initialize(231): Initialized metrics collector
- session id: f57f0e04-9929-40bd-aeb2-d7b6c1daf30d
- device id: 4ca35884-a93a-48fc-ad16-80b2a90aa32e
- application id: Box Tools Win exe
- application name: BoxTools
- application version: 4.26.1.1109
- metric collection url: https://client-log.box.com/index.php?rm=box_gen204_json_record
- metric data path: C:\Users\pcedillo\AppData\Local\Box\Box Tools\Metrics\BoxTools_Metrics.db
- post callback: 05A80DD6
- log callback: 05A80DFE
- context: 00000000
- post interval in seconds: 600
- max records in a post: 100
- max db records: 500
- disable sender: true
[2024-11-04 08:50:46,043] [13   ] [INFO ] [] - Shutting down the metrics collector
[2024-11-04 09:00:46,025] [21   ] [INFO ] [] - Initializing the metrics collector
[2024-11-04 09:00:46,042] [21   ] [INFO ] [] - MetricsCollector::Sender(49): _disableSentMetrics 1
[2024-11-04 09:00:46,044] [21   ] [INFO ] [] - MetricsCollector::Initialize(231): Initialized metrics collector
- session id: f57f0e04-9929-40bd-aeb2-d7b6c1daf30d
- device id: 4ca35884-a93a-48fc-ad16-80b2a90aa32e
- application id: Box Tools Win exe
- application name: BoxTools
- application version: 4.26.1.1109
- metric collection url: https://client-log.box.com/index.php?rm=box_gen204_json_record
- metric data path: C:\Users\pcedillo\AppData\Local\Box\Box Tools\Metrics\BoxTools_Metrics.db
- post callback: 05A80DD6
- log callback: 05A80DFE
- context: 00000000
- post interval in seconds: 600
- max records in a post: 100
- max db records: 500
- disable sender: true
[2024-11-04 09:00:46,051] [21   ] [INFO ] [] - Shutting down the metrics collector
[2024-11-04 09:10:45,970] [9    ] [INFO ] [] - Initializing the metrics collector
[2024-11-04 09:10:45,986] [9    ] [INFO ] [] - MetricsCollector::Sender(49): _disableSentMetrics 1
[2024-11-04 09:10:45,987] [9    ] [INFO ] [] - MetricsCollector::Initialize(231): Initialized metrics collector
- session id: f57f0e04-9929-40bd-aeb2-d7b6c1daf30d
- device id: 4ca35884-a93a-48fc-ad16-80b2a90aa32e
- application id: Box Tools Win exe
- application name: BoxTools
- application version: 4.26.1.1109
- metric collection url: https://client-log.box.com/index.php?rm=box_gen204_json_record
- metric data path: C:\Users\pcedillo\AppData\Local\Box\Box Tools\Metrics\BoxTools_Metrics.db
- post callback: 05A80DD6
- log callback: 05A80DFE
- context: 00000000
- post interval in seconds: 600
- max records in a post: 100
- max db records: 500
- disable sender: true
[2024-11-04 09:10:46,000] [9    ] [INFO ] [] - Shutting down the metrics collector
[2024-11-04 09:20:45,945] [38   ] [INFO ] [] - Initializing the metrics collector
[2024-11-04 09:20:45,965] [38   ] [INFO ] [] - MetricsCollector::Sender(49): _disableSentMetrics 1
[2024-11-04 09:20:45,966] [38   ] [INFO ] [] - MetricsCollector::Initialize(231): Initialized metrics collector
- session id: f57f0e04-9929-40bd-aeb2-d7b6c1daf30d
- device id: 4ca35884-a93a-48fc-ad16-80b2a90aa32e
- application id: Box Tools Win exe
- application name: BoxTools
- application version: 4.26.1.1109
- metric collection url: https://client-log.box.com/index.php?rm=box_gen204_json_record
- metric data path: C:\Users\pcedillo\AppData\Local\Box\Box Tools\Metrics\BoxTools_Metrics.db
- post callback: 05A80DD6
- log callback: 05A80DFE
- context: 00000000
- post interval in seconds: 600
- max records in a post: 100
- max db records: 500
- disable sender: true
[2024-11-04 09:20:45,977] [38   ] [INFO ] [] - Shutting down the metrics collector
[2024-11-04 09:30:45,908] [6    ] [INFO ] [] - Initializing the metrics collector
[2024-11-04 09:30:45,918] [6    ] [INFO ] [] - MetricsCollector::Sender(49): _disableSentMetrics 1
[2024-11-04 09:30:45,918] [6    ] [INFO ] [] - MetricsCollector::Initialize(231): Initialized metrics collector
- session id: f57f0e04-9929-40bd-aeb2-d7b6c1daf30d
- device id: 4ca35884-a93a-48fc-ad16-80b2a90aa32e
- application id: Box Tools Win exe
- application name: BoxTools
- application version: 4.26.1.1109
- metric collection url: https://client-log.box.com/index.php?rm=box_gen204_json_record
- metric data path: C:\Users\pcedillo\AppData\Local\Box\Box Tools\Metrics\BoxTools_Metrics.db
- post callback: 05A80DD6
- log callback: 05A80DFE
- context: 00000000
- post interval in seconds: 600
- max records in a post: 100
- max db records: 500
- disable sender: true
[2024-11-04 09:30:45,925] [6    ] [INFO ] [] - Shutting down the metrics collector
[2024-11-04 09:40:45,859] [38   ] [INFO ] [] - Initializing the metrics collector
[2024-11-04 09:40:45,860] [38   ] [INFO ] [] - MetricsCollector::Sender(49): _disableSentMetrics 1
[2024-11-04 09:40:45,860] [38   ] [INFO ] [] - MetricsCollector::Initialize(231): Initialized metrics collector
- session id: f57f0e04-9929-40bd-aeb2-d7b6c1daf30d
- device id: 4ca35884-a93a-48fc-ad16-80b2a90aa32e
- application id: Box Tools Win exe
- application name: BoxTools
- application version: 4.26.1.1109
- metric collection url: https://client-log.box.com/index.php?rm=box_gen204_json_record
- metric data path: C:\Users\pcedillo\AppData\Local\Box\Box Tools\Metrics\BoxTools_Metrics.db
- post callback: 05A80DD6
- log callback: 05A80DFE
- context: 00000000
- post interval in seconds: 600
- max records in a post: 100
- max db records: 500
- disable sender: true
[2024-11-04 09:40:45,876] [38   ] [INFO ] [] - Shutting down the metrics collector
[2024-11-04 09:50:45,834] [9    ] [INFO ] [] - Initializing the metrics collector
[2024-11-04 09:50:45,840] [9    ] [INFO ] [] - MetricsCollector::Sender(49): _disableSentMetrics 1
[2024-11-04 09:50:45,840] [9    ] [INFO ] [] - MetricsCollector::Initialize(231): Initialized metrics collector
- session id: f57f0e04-9929-40bd-aeb2-d7b6c1daf30d
- device id: 4ca35884-a93a-48fc-ad16-80b2a90aa32e
- application id: Box Tools Win exe
- application name: BoxTools
- application version: 4.26.1.1109
- metric collection url: https://client-log.box.com/index.php?rm=box_gen204_json_record
- metric data path: C:\Users\pcedillo\AppData\Local\Box\Box Tools\Metrics\BoxTools_Metrics.db
- post callback: 05A80DD6
- log callback: 05A80DFE
- context: 00000000
- post interval in seconds: 600
- max records in a post: 100
- max db records: 500
- disable sender: true
[2024-11-04 09:50:45,856] [9    ] [INFO ] [] - Shutting down the metrics collector
[2024-11-04 10:00:45,782] [6    ] [INFO ] [] - Initializing the metrics collector
[2024-11-04 10:00:45,782] [6    ] [INFO ] [] - MetricsCollector::Sender(49): _disableSentMetrics 1
[2024-11-04 10:00:45,782] [6    ] [INFO ] [] - MetricsCollector::Initialize(231): Initialized metrics collector
- session id: f57f0e04-9929-40bd-aeb2-d7b6c1daf30d
- device id: 4ca35884-a93a-48fc-ad16-80b2a90aa32e
- application id: Box Tools Win exe
- application name: BoxTools
- application version: 4.26.1.1109
- metric collection url: https://client-log.box.com/index.php?rm=box_gen204_json_record
- metric data path: C:\Users\pcedillo\AppData\Local\Box\Box Tools\Metrics\BoxTools_Metrics.db
- post callback: 05A80DD6
- log callback: 05A80DFE
- context: 00000000
- post interval in seconds: 600
- max records in a post: 100
- max db records: 500
- disable sender: true
[2024-11-04 10:00:45,798] [6    ] [INFO ] [] - Shutting down the metrics collector
[2024-11-04 10:10:45,748] [64   ] [INFO ] [] - Initializing the metrics collector
[2024-11-04 10:10:45,749] [64   ] [INFO ] [] - MetricsCollector::Sender(49): _disableSentMetrics 1
[2024-11-04 10:10:45,764] [64   ] [INFO ] [] - MetricsCollector::Initialize(231): Initialized metrics collector
- session id: f57f0e04-9929-40bd-aeb2-d7b6c1daf30d
- device id: 4ca35884-a93a-48fc-ad16-80b2a90aa32e
- application id: Box Tools Win exe
- application name: BoxTools
- application version: 4.26.1.1109
- metric collection url: https://client-log.box.com/index.php?rm=box_gen204_json_record
- metric data path: C:\Users\pcedillo\AppData\Local\Box\Box Tools\Metrics\BoxTools_Metrics.db
- post callback: 05A80DD6
- log callback: 05A80DFE
- context: 00000000
- post interval in seconds: 600
- max records in a post: 100
- max db records: 500
- disable sender: true
[2024-11-04 10:10:45,770] [64   ] [INFO ] [] - Shutting down the metrics collector
[2024-11-04 10:20:45,712] [74   ] [INFO ] [] - Initializing the metrics collector
[2024-11-04 10:20:45,712] [74   ] [INFO ] [] - MetricsCollector::Sender(49): _disableSentMetrics 1
[2024-11-04 10:20:45,712] [74   ] [INFO ] [] - MetricsCollector::Initialize(231): Initialized metrics collector
- session id: f57f0e04-9929-40bd-aeb2-d7b6c1daf30d
- device id: 4ca35884-a93a-48fc-ad16-80b2a90aa32e
- application id: Box Tools Win exe
- application name: BoxTools
- application version: 4.26.1.1109
- metric collection url: https://client-log.box.com/index.php?rm=box_gen204_json_record
- metric data path: C:\Users\pcedillo\AppData\Local\Box\Box Tools\Metrics\BoxTools_Metrics.db
- post callback: 05A80DD6
- log callback: 05A80DFE
- context: 00000000
- post interval in seconds: 600
- max records in a post: 100
- max db records: 500
- disable sender: true
[2024-11-04 10:20:45,729] [74   ] [INFO ] [] - Shutting down the metrics collector
[2024-11-04 10:30:45,714] [38   ] [INFO ] [] - Initializing the metrics collector
[2024-11-04 10:30:45,718] [38   ] [INFO ] [] - MetricsCollector::Sender(49): _disableSentMetrics 1
[2024-11-04 10:30:45,718] [38   ] [INFO ] [] - MetricsCollector::Initialize(231): Initialized metrics collector
- session id: f57f0e04-9929-40bd-aeb2-d7b6c1daf30d
- device id: 4ca35884-a93a-48fc-ad16-80b2a90aa32e
- application id: Box Tools Win exe
- application name: BoxTools
- application version: 4.26.1.1109
- metric collection url: https://client-log.box.com/index.php?rm=box_gen204_json_record
- metric data path: C:\Users\pcedillo\AppData\Local\Box\Box Tools\Metrics\BoxTools_Metrics.db
- post callback: 05A80DD6
- log callback: 05A80DFE
- context: 00000000
- post interval in seconds: 600
- max records in a post: 100
- max db records: 500
- disable sender: true
[2024-11-04 10:30:45,726] [38   ] [INFO ] [] - Shutting down the metrics collector
[2024-11-04 10:40:45,706] [21   ] [INFO ] [] - Initializing the metrics collector
[2024-11-04 10:40:45,706] [21   ] [INFO ] [] - MetricsCollector::Sender(49): _disableSentMetrics 1
[2024-11-04 10:40:45,706] [21   ] [INFO ] [] - MetricsCollector::Initialize(231): Initialized metrics collector
- session id: f57f0e04-9929-40bd-aeb2-d7b6c1daf30d
- device id: 4ca35884-a93a-48fc-ad16-80b2a90aa32e
- application id: Box Tools Win exe
- application name: BoxTools
- application version: 4.26.1.1109
- metric collection url: https://client-log.box.com/index.php?rm=box_gen204_json_record
- metric data path: C:\Users\pcedillo\AppData\Local\Box\Box Tools\Metrics\BoxTools_Metrics.db
- post callback: 05A80DD6
- log callback: 05A80DFE
- context: 00000000
- post interval in seconds: 600
- max records in a post: 100
- max db records: 500
- disable sender: true
[2024-11-04 10:40:45,723] [21   ] [INFO ] [] - Shutting down the metrics collector
[2024-11-04 10:50:45,604] [13   ] [INFO ] [] - Initializing the metrics collector
[2024-11-04 10:50:45,604] [13   ] [INFO ] [] - MetricsCollector::Sender(49): _disableSentMetrics 1
[2024-11-04 10:50:45,604] [13   ] [INFO ] [] - MetricsCollector::Initialize(231): Initialized metrics collector
- session id: f57f0e04-9929-40bd-aeb2-d7b6c1daf30d
- device id: 4ca35884-a93a-48fc-ad16-80b2a90aa32e
- application id: Box Tools Win exe
- application name: BoxTools
- application version: 4.26.1.1109
- metric collection url: https://client-log.box.com/index.php?rm=box_gen204_json_record
- metric data path: C:\Users\pcedillo\AppData\Local\Box\Box Tools\Metrics\BoxTools_Metrics.db
- post callback: 05A80DD6
- log callback: 05A80DFE
- context: 00000000
- post interval in seconds: 600
- max records in a post: 100
- max db records: 500
- disable sender: true
[2024-11-04 10:50:45,620] [13   ] [INFO ] [] - Shutting down the metrics collector
[2024-11-04 11:00:45,578] [6    ] [INFO ] [] - Initializing the metrics collector
[2024-11-04 11:00:45,579] [6    ] [INFO ] [] - MetricsCollector::Sender(49): _disableSentMetrics 1
[2024-11-04 11:00:45,579] [6    ] [INFO ] [] - MetricsCollector::Initialize(231): Initialized metrics collector
- session id: f57f0e04-9929-40bd-aeb2-d7b6c1daf30d
- device id: 4ca35884-a93a-48fc-ad16-80b2a90aa32e
- application id: Box Tools Win exe
- application name: BoxTools
- application version: 4.26.1.1109
- metric collection url: https://client-log.box.com/index.php?rm=box_gen204_json_record
- metric data path: C:\Users\pcedillo\AppData\Local\Box\Box Tools\Metrics\BoxTools_Metrics.db
- post callback: 05A80DD6
- log callback: 05A80DFE
- context: 00000000
- post interval in seconds: 600
- max records in a post: 100
- max db records: 500
- disable sender: true
[2024-11-04 11:00:45,596] [6    ] [INFO ] [] - Shutting down the metrics collector
[2024-11-04 11:10:45,570] [9    ] [INFO ] [] - Initializing the metrics collector
[2024-11-04 11:10:45,579] [9    ] [INFO ] [] - MetricsCollector::Sender(49): _disableSentMetrics 1
[2024-11-04 11:10:45,579] [9    ] [INFO ] [] - MetricsCollector::Initialize(231): Initialized metrics collector
- session id: f57f0e04-9929-40bd-aeb2-d7b6c1daf30d
- device id: 4ca35884-a93a-48fc-ad16-80b2a90aa32e
- application id: Box Tools Win exe
- application name: BoxTools
- application version: 4.26.1.1109
- metric collection url: https://client-log.box.com/index.php?rm=box_gen204_json_record
- metric data path: C:\Users\pcedillo\AppData\Local\Box\Box Tools\Metrics\BoxTools_Metrics.db
- post callback: 05A80DD6
- log callback: 05A80DFE
- context: 00000000
- post interval in seconds: 600
- max records in a post: 100
- max db records: 500
- disable sender: true
[2024-11-04 11:10:45,587] [9    ] [INFO ] [] - Shutting down the metrics collector
[2024-11-04 11:20:45,494] [64   ] [INFO ] [] - Initializing the metrics collector
[2024-11-04 11:20:45,494] [64   ] [INFO ] [] - MetricsCollector::Sender(49): _disableSentMetrics 1
[2024-11-04 11:20:45,494] [64   ] [INFO ] [] - MetricsCollector::Initialize(231): Initialized metrics collector
- session id: f57f0e04-9929-40bd-aeb2-d7b6c1daf30d
- device id: 4ca35884-a93a-48fc-ad16-80b2a90aa32e
- application id: Box Tools Win exe
- application name: BoxTools
- application version: 4.26.1.1109
- metric collection url: https://client-log.box.com/index.php?rm=box_gen204_json_record
- metric data path: C:\Users\pcedillo\AppData\Local\Box\Box Tools\Metrics\BoxTools_Metrics.db
- post callback: 05A80DD6
- log callback: 05A80DFE
- context: 00000000
- post interval in seconds: 600
- max records in a post: 100
- max db records: 500
- disable sender: true
[2024-11-04 11:20:45,509] [64   ] [INFO ] [] - Shutting down the metrics collector
[2024-11-04 11:30:45,438] [18   ] [INFO ] [] - Initializing the metrics collector
[2024-11-04 11:30:45,443] [18   ] [INFO ] [] - MetricsCollector::Sender(49): _disableSentMetrics 1
[2024-11-04 11:30:45,443] [18   ] [INFO ] [] - MetricsCollector::Initialize(231): Initialized metrics collector
- session id: f57f0e04-9929-40bd-aeb2-d7b6c1daf30d
- device id: 4ca35884-a93a-48fc-ad16-80b2a90aa32e
- application id: Box Tools Win exe
- application name: BoxTools
- application version: 4.26.1.1109
- metric collection url: https://client-log.box.com/index.php?rm=box_gen204_json_record
- metric data path: C:\Users\pcedillo\AppData\Local\Box\Box Tools\Metrics\BoxTools_Metrics.db
- post callback: 05A80DD6
- log callback: 05A80DFE
- context: 00000000
- post interval in seconds: 600
- max records in a post: 100
- max db records: 500
- disable sender: true
[2024-11-04 11:30:45,455] [18   ] [INFO ] [] - Shutting down the metrics collector
[2024-11-04 11:40:45,459] [14   ] [INFO ] [] - Initializing the metrics collector
[2024-11-04 11:40:45,470] [14   ] [INFO ] [] - MetricsCollector::Sender(49): _disableSentMetrics 1
[2024-11-04 11:40:45,470] [14   ] [INFO ] [] - MetricsCollector::Initialize(231): Initialized metrics collector
- session id: f57f0e04-9929-40bd-aeb2-d7b6c1daf30d
- device id: 4ca35884-a93a-48fc-ad16-80b2a90aa32e
- application id: Box Tools Win exe
- application name: BoxTools
- application version: 4.26.1.1109
- metric collection url: https://client-log.box.com/index.php?rm=box_gen204_json_record
- metric data path: C:\Users\pcedillo\AppData\Local\Box\Box Tools\Metrics\BoxTools_Metrics.db
- post callback: 05A80DD6
- log callback: 05A80DFE
- context: 00000000
- post interval in seconds: 600
- max records in a post: 100
- max db records: 500
- disable sender: true
[2024-11-04 11:40:45,478] [14   ] [INFO ] [] - Shutting down the metrics collector
[2024-11-04 11:50:45,419] [23   ] [INFO ] [] - Initializing the metrics collector
[2024-11-04 11:50:45,419] [23   ] [INFO ] [] - MetricsCollector::Sender(49): _disableSentMetrics 1
[2024-11-04 11:50:45,419] [23   ] [INFO ] [] - MetricsCollector::Initialize(231): Initialized metrics collector
- session id: f57f0e04-9929-40bd-aeb2-d7b6c1daf30d
- device id: 4ca35884-a93a-48fc-ad16-80b2a90aa32e
- application id: Box Tools Win exe
- application name: BoxTools
- application version: 4.26.1.1109
- metric collection url: https://client-log.box.com/index.php?rm=box_gen204_json_record
- metric data path: C:\Users\pcedillo\AppData\Local\Box\Box Tools\Metrics\BoxTools_Metrics.db
- post callback: 05A80DD6
- log callback: 05A80DFE
- context: 00000000
- post interval in seconds: 600
- max records in a post: 100
- max db records: 500
- disable sender: true
[2024-11-04 11:50:45,435] [23   ] [INFO ] [] - Shutting down the metrics collector
[2024-11-04 12:00:45,358] [77   ] [INFO ] [] - Initializing the metrics collector
[2024-11-04 12:00:45,358] [77   ] [INFO ] [] - MetricsCollector::Sender(49): _disableSentMetrics 1
[2024-11-04 12:00:45,358] [77   ] [INFO ] [] - MetricsCollector::Initialize(231): Initialized metrics collector
- session id: f57f0e04-9929-40bd-aeb2-d7b6c1daf30d
- device id: 4ca35884-a93a-48fc-ad16-80b2a90aa32e
- application id: Box Tools Win exe
- application name: BoxTools
- application version: 4.26.1.1109
- metric collection url: https://client-log.box.com/index.php?rm=box_gen204_json_record
- metric data path: C:\Users\pcedillo\AppData\Local\Box\Box Tools\Metrics\BoxTools_Metrics.db
- post callback: 05A80DD6
- log callback: 05A80DFE
- context: 00000000
- post interval in seconds: 600
- max records in a post: 100
- max db records: 500
- disable sender: true
[2024-11-04 12:00:45,374] [77   ] [INFO ] [] - Shutting down the metrics collector
[2024-11-04 12:10:45,331] [84   ] [INFO ] [] - Initializing the metrics collector
[2024-11-04 12:10:45,331] [84   ] [INFO ] [] - MetricsCollector::Sender(49): _disableSentMetrics 1
[2024-11-04 12:10:45,331] [84   ] [INFO ] [] - MetricsCollector::Initialize(231): Initialized metrics collector
- session id: f57f0e04-9929-40bd-aeb2-d7b6c1daf30d
- device id: 4ca35884-a93a-48fc-ad16-80b2a90aa32e
- application id: Box Tools Win exe
- application name: BoxTools
- application version: 4.26.1.1109
- metric collection url: https://client-log.box.com/index.php?rm=box_gen204_json_record
- metric data path: C:\Users\pcedillo\AppData\Local\Box\Box Tools\Metrics\BoxTools_Metrics.db
- post callback: 05A80DD6
- log callback: 05A80DFE
- context: 00000000
- post interval in seconds: 600
- max records in a post: 100
- max db records: 500
- disable sender: true
[2024-11-04 12:10:45,348] [84   ] [INFO ] [] - Shutting down the metrics collector
[2024-11-04 12:20:45,337] [24   ] [INFO ] [] - Initializing the metrics collector
[2024-11-04 12:20:45,350] [24   ] [INFO ] [] - MetricsCollector::Sender(49): _disableSentMetrics 1
[2024-11-04 12:20:45,350] [24   ] [INFO ] [] - MetricsCollector::Initialize(231): Initialized metrics collector
- session id: f57f0e04-9929-40bd-aeb2-d7b6c1daf30d
- device id: 4ca35884-a93a-48fc-ad16-80b2a90aa32e
- application id: Box Tools Win exe
- application name: BoxTools
- application version: 4.26.1.1109
- metric collection url: https://client-log.box.com/index.php?rm=box_gen204_json_record
- metric data path: C:\Users\pcedillo\AppData\Local\Box\Box Tools\Metrics\BoxTools_Metrics.db
- post callback: 05A80DD6
- log callback: 05A80DFE
- context: 00000000
- post interval in seconds: 600
- max records in a post: 100
- max db records: 500
- disable sender: true
[2024-11-04 12:20:45,354] [24   ] [INFO ] [] - Shutting down the metrics collector
[2024-11-04 12:30:45,260] [22   ] [INFO ] [] - Initializing the metrics collector
[2024-11-04 12:30:45,261] [22   ] [INFO ] [] - MetricsCollector::Sender(49): _disableSentMetrics 1
[2024-11-04 12:30:45,261] [22   ] [INFO ] [] - MetricsCollector::Initialize(231): Initialized metrics collector
- session id: f57f0e04-9929-40bd-aeb2-d7b6c1daf30d
- device id: 4ca35884-a93a-48fc-ad16-80b2a90aa32e
- application id: Box Tools Win exe
- application name: BoxTools
- application version: 4.26.1.1109
- metric collection url: https://client-log.box.com/index.php?rm=box_gen204_json_record
- metric data path: C:\Users\pcedillo\AppData\Local\Box\Box Tools\Metrics\BoxTools_Metrics.db
- post callback: 05A80DD6
- log callback: 05A80DFE
- context: 00000000
- post interval in seconds: 600
- max records in a post: 100
- max db records: 500
- disable sender: true
[2024-11-04 12:30:45,271] [22   ] [INFO ] [] - Shutting down the metrics collector
[2024-11-04 12:40:45,234] [36   ] [INFO ] [] - Initializing the metrics collector
[2024-11-04 12:40:45,243] [36   ] [INFO ] [] - MetricsCollector::Sender(49): _disableSentMetrics 1
[2024-11-04 12:40:45,243] [36   ] [INFO ] [] - MetricsCollector::Initialize(231): Initialized metrics collector
- session id: f57f0e04-9929-40bd-aeb2-d7b6c1daf30d
- device id: 4ca35884-a93a-48fc-ad16-80b2a90aa32e
- application id: Box Tools Win exe
- application name: BoxTools
- application version: 4.26.1.1109
- metric collection url: https://client-log.box.com/index.php?rm=box_gen204_json_record
- metric data path: C:\Users\pcedillo\AppData\Local\Box\Box Tools\Metrics\BoxTools_Metrics.db
- post callback: 05A80DD6
- log callback: 05A80DFE
- context: 00000000
- post interval in seconds: 600
- max records in a post: 100
- max db records: 500
- disable sender: true
[2024-11-04 12:40:45,253] [36   ] [INFO ] [] - Shutting down the metrics collector
[2024-11-04 12:50:45,213] [43   ] [INFO ] [] - Initializing the metrics collector
[2024-11-04 12:50:45,214] [43   ] [INFO ] [] - MetricsCollector::Sender(49): _disableSentMetrics 1
[2024-11-04 12:50:45,214] [43   ] [INFO ] [] - MetricsCollector::Initialize(231): Initialized metrics collector
- session id: f57f0e04-9929-40bd-aeb2-d7b6c1daf30d
- device id: 4ca35884-a93a-48fc-ad16-80b2a90aa32e
- application id: Box Tools Win exe
- application name: BoxTools
- application version: 4.26.1.1109
- metric collection url: https://client-log.box.com/index.php?rm=box_gen204_json_record
- metric data path: C:\Users\pcedillo\AppData\Local\Box\Box Tools\Metrics\BoxTools_Metrics.db
- post callback: 05A80DD6
- log callback: 05A80DFE
- context: 00000000
- post interval in seconds: 600
- max records in a post: 100
- max db records: 500
- disable sender: true
[2024-11-04 12:50:45,233] [43   ] [INFO ] [] - Shutting down the metrics collector
[2024-11-04 13:00:45,172] [17   ] [INFO ] [] - Initializing the metrics collector
[2024-11-04 13:00:45,172] [17   ] [INFO ] [] - MetricsCollector::Sender(49): _disableSentMetrics 1
[2024-11-04 13:00:45,172] [17   ] [INFO ] [] - MetricsCollector::Initialize(231): Initialized metrics collector
- session id: f57f0e04-9929-40bd-aeb2-d7b6c1daf30d
- device id: 4ca35884-a93a-48fc-ad16-80b2a90aa32e
- application id: Box Tools Win exe
- application name: BoxTools
- application version: 4.26.1.1109
- metric collection url: https://client-log.box.com/index.php?rm=box_gen204_json_record
- metric data path: C:\Users\pcedillo\AppData\Local\Box\Box Tools\Metrics\BoxTools_Metrics.db
- post callback: 05A80DD6
- log callback: 05A80DFE
- context: 00000000
- post interval in seconds: 600
- max records in a post: 100
- max db records: 500
- disable sender: true
[2024-11-04 13:00:45,188] [17   ] [INFO ] [] - Shutting down the metrics collector
[2024-11-04 13:10:45,126] [37   ] [INFO ] [] - Initializing the metrics collector
[2024-11-04 13:10:45,129] [37   ] [INFO ] [] - MetricsCollector::Sender(49): _disableSentMetrics 1
[2024-11-04 13:10:45,129] [37   ] [INFO ] [] - MetricsCollector::Initialize(231): Initialized metrics collector
- session id: f57f0e04-9929-40bd-aeb2-d7b6c1daf30d
- device id: 4ca35884-a93a-48fc-ad16-80b2a90aa32e
- application id: Box Tools Win exe
- application name: BoxTools
- application version: 4.26.1.1109
- metric collection url: https://client-log.box.com/index.php?rm=box_gen204_json_record
- metric data path: C:\Users\pcedillo\AppData\Local\Box\Box Tools\Metrics\BoxTools_Metrics.db
- post callback: 05A80DD6
- log callback: 05A80DFE
- context: 00000000
- post interval in seconds: 600
- max records in a post: 100
- max db records: 500
- disable sender: true
[2024-11-04 13:10:45,143] [37   ] [INFO ] [] - Shutting down the metrics collector
[2024-11-04 13:20:45,094] [75   ] [INFO ] [] - Initializing the metrics collector
[2024-11-04 13:20:45,095] [75   ] [INFO ] [] - MetricsCollector::Sender(49): _disableSentMetrics 1
[2024-11-04 13:20:45,095] [75   ] [INFO ] [] - MetricsCollector::Initialize(231): Initialized metrics collector
- session id: f57f0e04-9929-40bd-aeb2-d7b6c1daf30d
- device id: 4ca35884-a93a-48fc-ad16-80b2a90aa32e
- application id: Box Tools Win exe
- application name: BoxTools
- application version: 4.26.1.1109
- metric collection url: https://client-log.box.com/index.php?rm=box_gen204_json_record
- metric data path: C:\Users\pcedillo\AppData\Local\Box\Box Tools\Metrics\BoxTools_Metrics.db
- post callback: 05A80DD6
- log callback: 05A80DFE
- context: 00000000
- post interval in seconds: 600
- max records in a post: 100
- max db records: 500
- disable sender: true
[2024-11-04 13:20:45,112] [75   ] [INFO ] [] - Shutting down the metrics collector
[2024-11-04 13:30:45,087] [40   ] [INFO ] [] - Initializing the metrics collector
[2024-11-04 13:30:45,087] [40   ] [INFO ] [] - MetricsCollector::Sender(49): _disableSentMetrics 1
[2024-11-04 13:30:45,087] [40   ] [INFO ] [] - MetricsCollector::Initialize(231): Initialized metrics collector
- session id: f57f0e04-9929-40bd-aeb2-d7b6c1daf30d
- device id: 4ca35884-a93a-48fc-ad16-80b2a90aa32e
- application id: Box Tools Win exe
- application name: BoxTools
- application version: 4.26.1.1109
- metric collection url: https://client-log.box.com/index.php?rm=box_gen204_json_record
- metric data path: C:\Users\pcedillo\AppData\Local\Box\Box Tools\Metrics\BoxTools_Metrics.db
- post callback: 05A80DD6
- log callback: 05A80DFE
- context: 00000000
- post interval in seconds: 600
- max records in a post: 100
- max db records: 500
- disable sender: true
[2024-11-04 13:30:45,104] [40   ] [INFO ] [] - Shutting down the metrics collector
[2024-11-04 13:40:45,018] [63   ] [INFO ] [] - Initializing the metrics collector
[2024-11-04 13:40:45,018] [63   ] [INFO ] [] - MetricsCollector::Sender(49): _disableSentMetrics 1
[2024-11-04 13:40:45,018] [63   ] [INFO ] [] - MetricsCollector::Initialize(231): Initialized metrics collector
- session id: f57f0e04-9929-40bd-aeb2-d7b6c1daf30d
- device id: 4ca35884-a93a-48fc-ad16-80b2a90aa32e
- application id: Box Tools Win exe
- application name: BoxTools
- application version: 4.26.1.1109
- metric collection url: https://client-log.box.com/index.php?rm=box_gen204_json_record
- metric data path: C:\Users\pcedillo\AppData\Local\Box\Box Tools\Metrics\BoxTools_Metrics.db
- post callback: 05A80DD6
- log callback: 05A80DFE
- context: 00000000
- post interval in seconds: 600
- max records in a post: 100
- max db records: 500
- disable sender: true
[2024-11-04 13:40:45,037] [63   ] [INFO ] [] - Shutting down the metrics collector
[2024-11-04 13:50:44,987] [70   ] [INFO ] [] - Initializing the metrics collector
[2024-11-04 13:50:44,997] [70   ] [INFO ] [] - MetricsCollector::Sender(49): _disableSentMetrics 1
[2024-11-04 13:50:44,997] [70   ] [INFO ] [] - MetricsCollector::Initialize(231): Initialized metrics collector
- session id: f57f0e04-9929-40bd-aeb2-d7b6c1daf30d
- device id: 4ca35884-a93a-48fc-ad16-80b2a90aa32e
- application id: Box Tools Win exe
- application name: BoxTools
- application version: 4.26.1.1109
- metric collection url: https://client-log.box.com/index.php?rm=box_gen204_json_record
- metric data path: C:\Users\pcedillo\AppData\Local\Box\Box Tools\Metrics\BoxTools_Metrics.db
- post callback: 05A80DD6
- log callback: 05A80DFE
- context: 00000000
- post interval in seconds: 600
- max records in a post: 100
- max db records: 500
- disable sender: true
[2024-11-04 13:50:45,004] [70   ] [INFO ] [] - Shutting down the metrics collector
[2024-11-04 14:00:44,957] [11   ] [INFO ] [] - Initializing the metrics collector
[2024-11-04 14:00:44,957] [11   ] [INFO ] [] - MetricsCollector::Sender(49): _disableSentMetrics 1
[2024-11-04 14:00:44,957] [11   ] [INFO ] [] - MetricsCollector::Initialize(231): Initialized metrics collector
- session id: f57f0e04-9929-40bd-aeb2-d7b6c1daf30d
- device id: 4ca35884-a93a-48fc-ad16-80b2a90aa32e
- application id: Box Tools Win exe
- application name: BoxTools
- application version: 4.26.1.1109
- metric collection url: https://client-log.box.com/index.php?rm=box_gen204_json_record
- metric data path: C:\Users\pcedillo\AppData\Local\Box\Box Tools\Metrics\BoxTools_Metrics.db
- post callback: 05A80DD6
- log callback: 05A80DFE
- context: 00000000
- post interval in seconds: 600
- max records in a post: 100
- max db records: 500
- disable sender: true
[2024-11-04 14:00:44,973] [11   ] [INFO ] [] - Shutting down the metrics collector
[2024-11-04 14:10:44,921] [11   ] [INFO ] [] - Initializing the metrics collector
[2024-11-04 14:10:44,928] [11   ] [INFO ] [] - MetricsCollector::Sender(49): _disableSentMetrics 1
[2024-11-04 14:10:44,930] [11   ] [INFO ] [] - MetricsCollector::Initialize(231): Initialized metrics collector
- session id: f57f0e04-9929-40bd-aeb2-d7b6c1daf30d
- device id: 4ca35884-a93a-48fc-ad16-80b2a90aa32e
- application id: Box Tools Win exe
- application name: BoxTools
- application version: 4.26.1.1109
- metric collection url: https://client-log.box.com/index.php?rm=box_gen204_json_record
- metric data path: C:\Users\pcedillo\AppData\Local\Box\Box Tools\Metrics\BoxTools_Metrics.db
- post callback: 05A80DD6
- log callback: 05A80DFE
- context: 00000000
- post interval in seconds: 600
- max records in a post: 100
- max db records: 500
- disable sender: true
[2024-11-04 14:10:44,938] [11   ] [INFO ] [] - Shutting down the metrics collector
[2024-11-04 14:20:44,853] [80   ] [INFO ] [] - Initializing the metrics collector
[2024-11-04 14:20:44,869] [80   ] [INFO ] [] - MetricsCollector::Sender(49): _disableSentMetrics 1
[2024-11-04 14:20:44,869] [80   ] [INFO ] [] - MetricsCollector::Initialize(231): Initialized metrics collector
- session id: f57f0e04-9929-40bd-aeb2-d7b6c1daf30d
- device id: 4ca35884-a93a-48fc-ad16-80b2a90aa32e
- application id: Box Tools Win exe
- application name: BoxTools
- application version: 4.26.1.1109
- metric collection url: https://client-log.box.com/index.php?rm=box_gen204_json_record
- metric data path: C:\Users\pcedillo\AppData\Local\Box\Box Tools\Metrics\BoxTools_Metrics.db
- post callback: 05A80DD6
- log callback: 05A80DFE
- context: 00000000
- post interval in seconds: 600
- max records in a post: 100
- max db records: 500
- disable sender: true
[2024-11-04 14:20:44,884] [80   ] [INFO ] [] - Shutting down the metrics collector
[2024-11-04 14:30:44,821] [66   ] [INFO ] [] - Initializing the metrics collector
[2024-11-04 14:30:44,822] [66   ] [INFO ] [] - MetricsCollector::Sender(49): _disableSentMetrics 1
[2024-11-04 14:30:44,822] [66   ] [INFO ] [] - MetricsCollector::Initialize(231): Initialized metrics collector
- session id: f57f0e04-9929-40bd-aeb2-d7b6c1daf30d
- device id: 4ca35884-a93a-48fc-ad16-80b2a90aa32e
- application id: Box Tools Win exe
- application name: BoxTools
- application version: 4.26.1.1109
- metric collection url: https://client-log.box.com/index.php?rm=box_gen204_json_record
- metric data path: C:\Users\pcedillo\AppData\Local\Box\Box Tools\Metrics\BoxTools_Metrics.db
- post callback: 05A80DD6
- log callback: 05A80DFE
- context: 00000000
- post interval in seconds: 600
- max records in a post: 100
- max db records: 500
- disable sender: true
[2024-11-04 14:30:44,852] [66   ] [INFO ] [] - Shutting down the metrics collector
[2024-11-04 14:40:44,802] [11   ] [INFO ] [] - Initializing the metrics collector
[2024-11-04 14:40:44,802] [11   ] [INFO ] [] - MetricsCollector::Sender(49): _disableSentMetrics 1
[2024-11-04 14:40:44,802] [11   ] [INFO ] [] - MetricsCollector::Initialize(231): Initialized metrics collector
- session id: f57f0e04-9929-40bd-aeb2-d7b6c1daf30d
- device id: 4ca35884-a93a-48fc-ad16-80b2a90aa32e
- application id: Box Tools Win exe
- application name: BoxTools
- application version: 4.26.1.1109
- metric collection url: https://client-log.box.com/index.php?rm=box_gen204_json_record
- metric data path: C:\Users\pcedillo\AppData\Local\Box\Box Tools\Metrics\BoxTools_Metrics.db
- post callback: 05A80DD6
- log callback: 05A80DFE
- context: 00000000
- post interval in seconds: 600
- max records in a post: 100
- max db records: 500
- disable sender: true
[2024-11-04 14:40:44,820] [11   ] [INFO ] [] - Shutting down the metrics collector
[2024-11-04 14:50:44,808] [70   ] [INFO ] [] - Initializing the metrics collector
[2024-11-04 14:50:44,812] [70   ] [INFO ] [] - MetricsCollector::Sender(49): _disableSentMetrics 1
[2024-11-04 14:50:44,821] [70   ] [INFO ] [] - MetricsCollector::Initialize(231): Initialized metrics collector
- session id: f57f0e04-9929-40bd-aeb2-d7b6c1daf30d
- device id: 4ca35884-a93a-48fc-ad16-80b2a90aa32e
- application id: Box Tools Win exe
- application name: BoxTools
- application version: 4.26.1.1109
- metric collection url: https://client-log.box.com/index.php?rm=box_gen204_json_record
- metric data path: C:\Users\pcedillo\AppData\Local\Box\Box Tools\Metrics\BoxTools_Metrics.db
- post callback: 05A80DD6
- log callback: 05A80DFE
- context: 00000000
- post interval in seconds: 600
- max records in a post: 100
- max db records: 500
- disable sender: true
[2024-11-04 14:50:44,824] [70   ] [INFO ] [] - Shutting down the metrics collector
[2024-11-04 15:01:45,433] [63   ] [INFO ] [] - Initializing the metrics collector
[2024-11-04 15:01:45,450] [63   ] [INFO ] [] - MetricsCollector::Sender(49): _disableSentMetrics 1
[2024-11-04 15:01:45,450] [63   ] [INFO ] [] - MetricsCollector::Initialize(231): Initialized metrics collector
- session id: f57f0e04-9929-40bd-aeb2-d7b6c1daf30d
- device id: 4ca35884-a93a-48fc-ad16-80b2a90aa32e
- application id: Box Tools Win exe
- application name: BoxTools
- application version: 4.26.1.1109
- metric collection url: https://client-log.box.com/index.php?rm=box_gen204_json_record
- metric data path: C:\Users\pcedillo\AppData\Local\Box\Box Tools\Metrics\BoxTools_Metrics.db
- post callback: 05A80DD6
- log callback: 05A80DFE
- context: 00000000
- post interval in seconds: 600
- max records in a post: 100
- max db records: 500
- disable sender: true
[2024-11-04 15:01:45,469] [63   ] [INFO ] [] - Shutting down the metrics collector
[2024-11-04 16:21:26,725] [37   ] [INFO ] [] - Initializing the metrics collector
[2024-11-04 16:21:26,742] [37   ] [INFO ] [] - MetricsCollector::Sender(49): _disableSentMetrics 1
[2024-11-04 16:21:26,742] [37   ] [INFO ] [] - MetricsCollector::Initialize(231): Initialized metrics collector
- session id: f57f0e04-9929-40bd-aeb2-d7b6c1daf30d
- device id: 4ca35884-a93a-48fc-ad16-80b2a90aa32e
- application id: Box Tools Win exe
- application name: BoxTools
- application version: 4.26.1.1109
- metric collection url: https://client-log.box.com/index.php?rm=box_gen204_json_record
- metric data path: C:\Users\pcedillo\AppData\Local\Box\Box Tools\Metrics\BoxTools_Metrics.db
- post callback: 05A80DD6
- log callback: 05A80DFE
- context: 00000000
- post interval in seconds: 600
- max records in a post: 100
- max db records: 500
- disable sender: true
[2024-11-04 16:21:26,759] [37   ] [INFO ] [] - Shutting down the metrics collector
[2024-11-04 16:31:26,055] [40   ] [INFO ] [] - Initializing the metrics collector
[2024-11-04 16:31:26,072] [40   ] [INFO ] [] - MetricsCollector::Sender(49): _disableSentMetrics 1
[2024-11-04 16:31:26,072] [40   ] [INFO ] [] - MetricsCollector::Initialize(231): Initialized metrics collector
- session id: f57f0e04-9929-40bd-aeb2-d7b6c1daf30d
- device id: 4ca35884-a93a-48fc-ad16-80b2a90aa32e
- application id: Box Tools Win exe
- application name: BoxTools
- application version: 4.26.1.1109
- metric collection url: https://client-log.box.com/index.php?rm=box_gen204_json_record
- metric data path: C:\Users\pcedillo\AppData\Local\Box\Box Tools\Metrics\BoxTools_Metrics.db
- post callback: 05A80DD6
- log callback: 05A80DFE
- context: 00000000
- post interval in seconds: 600
- max records in a post: 100
- max db records: 500
- disable sender: true
[2024-11-04 16:31:26,090] [40   ] [INFO ] [] - Shutting down the metrics collector
[2024-11-04 16:41:26,002] [40   ] [INFO ] [] - Initializing the metrics collector
[2024-11-04 16:41:26,019] [40   ] [INFO ] [] - MetricsCollector::Sender(49): _disableSentMetrics 1
[2024-11-04 16:41:26,019] [40   ] [INFO ] [] - MetricsCollector::Initialize(231): Initialized metrics collector
- session id: f57f0e04-9929-40bd-aeb2-d7b6c1daf30d
- device id: 4ca35884-a93a-48fc-ad16-80b2a90aa32e
- application id: Box Tools Win exe
- application name: BoxTools
- application version: 4.26.1.1109
- metric collection url: https://client-log.box.com/index.php?rm=box_gen204_json_record
- metric data path: C:\Users\pcedillo\AppData\Local\Box\Box Tools\Metrics\BoxTools_Metrics.db
- post callback: 05A80DD6
- log callback: 05A80DFE
- context: 00000000
- post interval in seconds: 600
- max records in a post: 100
- max db records: 500
- disable sender: true
[2024-11-04 16:41:26,034] [40   ] [INFO ] [] - Shutting down the metrics collector
[2024-11-04 16:51:26,009] [5    ] [INFO ] [] - Initializing the metrics collector
[2024-11-04 16:51:26,027] [5    ] [INFO ] [] - MetricsCollector::Sender(49): _disableSentMetrics 1
[2024-11-04 16:51:26,027] [5    ] [INFO ] [] - MetricsCollector::Initialize(231): Initialized metrics collector
- session id: f57f0e04-9929-40bd-aeb2-d7b6c1daf30d
- device id: 4ca35884-a93a-48fc-ad16-80b2a90aa32e
- application id: Box Tools Win exe
- application name: BoxTools
- application version: 4.26.1.1109
- metric collection url: https://client-log.box.com/index.php?rm=box_gen204_json_record
- metric data path: C:\Users\pcedillo\AppData\Local\Box\Box Tools\Metrics\BoxTools_Metrics.db
- post callback: 05A80DD6
- log callback: 05A80DFE
- context: 00000000
- post interval in seconds: 600
- max records in a post: 100
- max db records: 500
- disable sender: true
[2024-11-04 16:51:26,040] [5    ] [INFO ] [] - Shutting down the metrics collector
[2024-11-04 17:01:25,945] [60   ] [INFO ] [] - Initializing the metrics collector
[2024-11-04 17:01:25,961] [60   ] [INFO ] [] - MetricsCollector::Sender(49): _disableSentMetrics 1
[2024-11-04 17:01:25,961] [60   ] [INFO ] [] - MetricsCollector::Initialize(231): Initialized metrics collector
- session id: f57f0e04-9929-40bd-aeb2-d7b6c1daf30d
- device id: 4ca35884-a93a-48fc-ad16-80b2a90aa32e
- application id: Box Tools Win exe
- application name: BoxTools
- application version: 4.26.1.1109
- metric collection url: https://client-log.box.com/index.php?rm=box_gen204_json_record
- metric data path: C:\Users\pcedillo\AppData\Local\Box\Box Tools\Metrics\BoxTools_Metrics.db
- post callback: 05A80DD6
- log callback: 05A80DFE
- context: 00000000
- post interval in seconds: 600
- max records in a post: 100
- max db records: 500
- disable sender: true
[2024-11-04 17:01:25,977] [60   ] [INFO ] [] - Shutting down the metrics collector
[2024-11-04 17:11:25,888] [80   ] [INFO ] [] - Initializing the metrics collector
[2024-11-04 17:11:25,888] [80   ] [INFO ] [] - MetricsCollector::Sender(49): _disableSentMetrics 1
[2024-11-04 17:11:25,888] [80   ] [INFO ] [] - MetricsCollector::Initialize(231): Initialized metrics collector
- session id: f57f0e04-9929-40bd-aeb2-d7b6c1daf30d
- device id: 4ca35884-a93a-48fc-ad16-80b2a90aa32e
- application id: Box Tools Win exe
- application name: BoxTools
- application version: 4.26.1.1109
- metric collection url: https://client-log.box.com/index.php?rm=box_gen204_json_record
- metric data path: C:\Users\pcedillo\AppData\Local\Box\Box Tools\Metrics\BoxTools_Metrics.db
- post callback: 05A80DD6
- log callback: 05A80DFE
- context: 00000000
- post interval in seconds: 600
- max records in a post: 100
- max db records: 500
- disable sender: true
[2024-11-04 17:11:25,919] [80   ] [INFO ] [] - Shutting down the metrics collector
[2024-11-04 17:21:25,863] [36   ] [INFO ] [] - Initializing the metrics collector
[2024-11-04 17:21:25,879] [36   ] [INFO ] [] - MetricsCollector::Sender(49): _disableSentMetrics 1
[2024-11-04 17:21:25,879] [36   ] [INFO ] [] - MetricsCollector::Initialize(231): Initialized metrics collector
- session id: f57f0e04-9929-40bd-aeb2-d7b6c1daf30d
- device id: 4ca35884-a93a-48fc-ad16-80b2a90aa32e
- application id: Box Tools Win exe
- application name: BoxTools
- application version: 4.26.1.1109
- metric collection url: https://client-log.box.com/index.php?rm=box_gen204_json_record
- metric data path: C:\Users\pcedillo\AppData\Local\Box\Box Tools\Metrics\BoxTools_Metrics.db
- post callback: 05A80DD6
- log callback: 05A80DFE
- context: 00000000
- post interval in seconds: 600
- max records in a post: 100
- max db records: 500
- disable sender: true
[2024-11-04 17:21:25,895] [36   ] [INFO ] [] - Shutting down the metrics collector
