[2025-03-26 08:06:16,637] [45   ] [INFO ] [] - Initializing the metrics collector
[2025-03-26 08:06:16,663] [45   ] [INFO ] [] - MetricsCollector::Sender(49): _disableSentMetrics 1
[2025-03-26 08:06:16,664] [45   ] [INFO ] [] - MetricsCollector::Initialize(231): Initialized metrics collector
- session id: ff58d207-8cfe-43a4-b003-353fde944d14
- device id: 4ca35884-a93a-48fc-ad16-80b2a90aa32e
- application id: Box Tools Win exe
- application name: BoxTools
- application version: 4.28.1.1163
- metric collection url: https://client-log.box.com/index.php?rm=box_gen204_json_record
- metric data path: C:\Users\pcedillo\AppData\Local\Box\Box Tools\Metrics\BoxTools_Metrics_EFD61745.db
- post callback: 05D92F2E
- log callback: 05D92F56
- context: 00000000
- post interval in seconds: 600
- max records in a post: 100
- max db records: 500
- disable sender: true
[2025-03-26 08:06:16,685] [45   ] [INFO ] [] - Shutting down the metrics collector
[2025-03-26 08:16:17,828] [51   ] [INFO ] [] - Initializing the metrics collector
[2025-03-26 08:16:17,849] [51   ] [INFO ] [] - MetricsCollector::Sender(49): _disableSentMetrics 1
[2025-03-26 08:16:17,850] [51   ] [INFO ] [] - MetricsCollector::Initialize(231): Initialized metrics collector
- session id: ff58d207-8cfe-43a4-b003-353fde944d14
- device id: 4ca35884-a93a-48fc-ad16-80b2a90aa32e
- application id: Box Tools Win exe
- application name: BoxTools
- application version: 4.28.1.1163
- metric collection url: https://client-log.box.com/index.php?rm=box_gen204_json_record
- metric data path: C:\Users\pcedillo\AppData\Local\Box\Box Tools\Metrics\BoxTools_Metrics_EFD61745.db
- post callback: 05D92F2E
- log callback: 05D92F56
- context: 00000000
- post interval in seconds: 600
- max records in a post: 100
- max db records: 500
- disable sender: true
[2025-03-26 08:16:17,875] [51   ] [INFO ] [] - Shutting down the metrics collector
[2025-03-26 08:26:17,819] [68   ] [INFO ] [] - Initializing the metrics collector
[2025-03-26 08:26:17,831] [68   ] [INFO ] [] - MetricsCollector::Sender(49): _disableSentMetrics 1
[2025-03-26 08:26:17,831] [68   ] [INFO ] [] - MetricsCollector::Initialize(231): Initialized metrics collector
- session id: ff58d207-8cfe-43a4-b003-353fde944d14
- device id: 4ca35884-a93a-48fc-ad16-80b2a90aa32e
- application id: Box Tools Win exe
- application name: BoxTools
- application version: 4.28.1.1163
- metric collection url: https://client-log.box.com/index.php?rm=box_gen204_json_record
- metric data path: C:\Users\pcedillo\AppData\Local\Box\Box Tools\Metrics\BoxTools_Metrics_EFD61745.db
- post callback: 05D92F2E
- log callback: 05D92F56
- context: 00000000
- post interval in seconds: 600
- max records in a post: 100
- max db records: 500
- disable sender: true
[2025-03-26 08:26:17,839] [68   ] [INFO ] [] - Shutting down the metrics collector
[2025-03-26 08:36:17,838] [45   ] [INFO ] [] - Initializing the metrics collector
[2025-03-26 08:36:17,850] [45   ] [INFO ] [] - MetricsCollector::Sender(49): _disableSentMetrics 1
[2025-03-26 08:36:17,850] [45   ] [INFO ] [] - MetricsCollector::Initialize(231): Initialized metrics collector
- session id: ff58d207-8cfe-43a4-b003-353fde944d14
- device id: 4ca35884-a93a-48fc-ad16-80b2a90aa32e
- application id: Box Tools Win exe
- application name: BoxTools
- application version: 4.28.1.1163
- metric collection url: https://client-log.box.com/index.php?rm=box_gen204_json_record
- metric data path: C:\Users\pcedillo\AppData\Local\Box\Box Tools\Metrics\BoxTools_Metrics_EFD61745.db
- post callback: 05D92F2E
- log callback: 05D92F56
- context: 00000000
- post interval in seconds: 600
- max records in a post: 100
- max db records: 500
- disable sender: true
[2025-03-26 08:36:17,867] [45   ] [INFO ] [] - Shutting down the metrics collector
[2025-03-26 08:46:17,849] [18   ] [INFO ] [] - Initializing the metrics collector
[2025-03-26 08:46:17,863] [18   ] [INFO ] [] - MetricsCollector::Sender(49): _disableSentMetrics 1
[2025-03-26 08:46:17,864] [18   ] [INFO ] [] - MetricsCollector::Initialize(231): Initialized metrics collector
- session id: ff58d207-8cfe-43a4-b003-353fde944d14
- device id: 4ca35884-a93a-48fc-ad16-80b2a90aa32e
- application id: Box Tools Win exe
- application name: BoxTools
- application version: 4.28.1.1163
- metric collection url: https://client-log.box.com/index.php?rm=box_gen204_json_record
- metric data path: C:\Users\pcedillo\AppData\Local\Box\Box Tools\Metrics\BoxTools_Metrics_EFD61745.db
- post callback: 05D92F2E
- log callback: 05D92F56
- context: 00000000
- post interval in seconds: 600
- max records in a post: 100
- max db records: 500
- disable sender: true
[2025-03-26 08:46:17,884] [18   ] [INFO ] [] - Shutting down the metrics collector
[2025-03-26 08:56:17,850] [72   ] [INFO ] [] - Initializing the metrics collector
[2025-03-26 08:56:17,867] [72   ] [INFO ] [] - MetricsCollector::Sender(49): _disableSentMetrics 1
[2025-03-26 08:56:17,867] [72   ] [INFO ] [] - MetricsCollector::Initialize(231): Initialized metrics collector
- session id: ff58d207-8cfe-43a4-b003-353fde944d14
- device id: 4ca35884-a93a-48fc-ad16-80b2a90aa32e
- application id: Box Tools Win exe
- application name: BoxTools
- application version: 4.28.1.1163
- metric collection url: https://client-log.box.com/index.php?rm=box_gen204_json_record
- metric data path: C:\Users\pcedillo\AppData\Local\Box\Box Tools\Metrics\BoxTools_Metrics_EFD61745.db
- post callback: 05D92F2E
- log callback: 05D92F56
- context: 00000000
- post interval in seconds: 600
- max records in a post: 100
- max db records: 500
- disable sender: true
[2025-03-26 08:56:17,889] [72   ] [INFO ] [] - Shutting down the metrics collector
[2025-03-26 09:06:17,846] [51   ] [INFO ] [] - Initializing the metrics collector
[2025-03-26 09:06:17,861] [51   ] [INFO ] [] - MetricsCollector::Sender(49): _disableSentMetrics 1
[2025-03-26 09:06:17,862] [51   ] [INFO ] [] - MetricsCollector::Initialize(231): Initialized metrics collector
- session id: ff58d207-8cfe-43a4-b003-353fde944d14
- device id: 4ca35884-a93a-48fc-ad16-80b2a90aa32e
- application id: Box Tools Win exe
- application name: BoxTools
- application version: 4.28.1.1163
- metric collection url: https://client-log.box.com/index.php?rm=box_gen204_json_record
- metric data path: C:\Users\pcedillo\AppData\Local\Box\Box Tools\Metrics\BoxTools_Metrics_EFD61745.db
- post callback: 05D92F2E
- log callback: 05D92F56
- context: 00000000
- post interval in seconds: 600
- max records in a post: 100
- max db records: 500
- disable sender: true
[2025-03-26 09:06:17,871] [51   ] [INFO ] [] - Shutting down the metrics collector
[2025-03-26 09:16:17,864] [45   ] [INFO ] [] - Initializing the metrics collector
[2025-03-26 09:16:17,874] [45   ] [INFO ] [] - MetricsCollector::Sender(49): _disableSentMetrics 1
[2025-03-26 09:16:17,874] [45   ] [INFO ] [] - MetricsCollector::Initialize(231): Initialized metrics collector
- session id: ff58d207-8cfe-43a4-b003-353fde944d14
- device id: 4ca35884-a93a-48fc-ad16-80b2a90aa32e
- application id: Box Tools Win exe
- application name: BoxTools
- application version: 4.28.1.1163
- metric collection url: https://client-log.box.com/index.php?rm=box_gen204_json_record
- metric data path: C:\Users\pcedillo\AppData\Local\Box\Box Tools\Metrics\BoxTools_Metrics_EFD61745.db
- post callback: 05D92F2E
- log callback: 05D92F56
- context: 00000000
- post interval in seconds: 600
- max records in a post: 100
- max db records: 500
- disable sender: true
[2025-03-26 09:16:17,885] [45   ] [INFO ] [] - Shutting down the metrics collector
[2025-03-26 09:26:17,872] [73   ] [INFO ] [] - Initializing the metrics collector
[2025-03-26 09:26:17,880] [73   ] [INFO ] [] - MetricsCollector::Sender(49): _disableSentMetrics 1
[2025-03-26 09:26:17,882] [73   ] [INFO ] [] - MetricsCollector::Initialize(231): Initialized metrics collector
- session id: ff58d207-8cfe-43a4-b003-353fde944d14
- device id: 4ca35884-a93a-48fc-ad16-80b2a90aa32e
- application id: Box Tools Win exe
- application name: BoxTools
- application version: 4.28.1.1163
- metric collection url: https://client-log.box.com/index.php?rm=box_gen204_json_record
- metric data path: C:\Users\pcedillo\AppData\Local\Box\Box Tools\Metrics\BoxTools_Metrics_EFD61745.db
- post callback: 05D92F2E
- log callback: 05D92F56
- context: 00000000
- post interval in seconds: 600
- max records in a post: 100
- max db records: 500
- disable sender: true
[2025-03-26 09:26:17,889] [73   ] [INFO ] [] - Shutting down the metrics collector
[2025-03-26 09:36:17,887] [75   ] [INFO ] [] - Initializing the metrics collector
[2025-03-26 09:36:17,895] [75   ] [INFO ] [] - MetricsCollector::Sender(49): _disableSentMetrics 1
[2025-03-26 09:36:17,896] [75   ] [INFO ] [] - MetricsCollector::Initialize(231): Initialized metrics collector
- session id: ff58d207-8cfe-43a4-b003-353fde944d14
- device id: 4ca35884-a93a-48fc-ad16-80b2a90aa32e
- application id: Box Tools Win exe
- application name: BoxTools
- application version: 4.28.1.1163
- metric collection url: https://client-log.box.com/index.php?rm=box_gen204_json_record
- metric data path: C:\Users\pcedillo\AppData\Local\Box\Box Tools\Metrics\BoxTools_Metrics_EFD61745.db
- post callback: 05D92F2E
- log callback: 05D92F56
- context: 00000000
- post interval in seconds: 600
- max records in a post: 100
- max db records: 500
- disable sender: true
[2025-03-26 09:36:17,902] [75   ] [INFO ] [] - Shutting down the metrics collector
[2025-03-26 09:46:17,884] [46   ] [INFO ] [] - Initializing the metrics collector
[2025-03-26 09:46:17,894] [46   ] [INFO ] [] - MetricsCollector::Sender(49): _disableSentMetrics 1
[2025-03-26 09:46:17,894] [46   ] [INFO ] [] - MetricsCollector::Initialize(231): Initialized metrics collector
- session id: ff58d207-8cfe-43a4-b003-353fde944d14
- device id: 4ca35884-a93a-48fc-ad16-80b2a90aa32e
- application id: Box Tools Win exe
- application name: BoxTools
- application version: 4.28.1.1163
- metric collection url: https://client-log.box.com/index.php?rm=box_gen204_json_record
- metric data path: C:\Users\pcedillo\AppData\Local\Box\Box Tools\Metrics\BoxTools_Metrics_EFD61745.db
- post callback: 05D92F2E
- log callback: 05D92F56
- context: 00000000
- post interval in seconds: 600
- max records in a post: 100
- max db records: 500
- disable sender: true
[2025-03-26 09:46:17,900] [46   ] [INFO ] [] - Shutting down the metrics collector
[2025-03-26 09:56:17,892] [52   ] [INFO ] [] - Initializing the metrics collector
[2025-03-26 09:56:17,920] [52   ] [INFO ] [] - MetricsCollector::Sender(49): _disableSentMetrics 1
[2025-03-26 09:56:17,923] [52   ] [INFO ] [] - MetricsCollector::Initialize(231): Initialized metrics collector
- session id: ff58d207-8cfe-43a4-b003-353fde944d14
- device id: 4ca35884-a93a-48fc-ad16-80b2a90aa32e
- application id: Box Tools Win exe
- application name: BoxTools
- application version: 4.28.1.1163
- metric collection url: https://client-log.box.com/index.php?rm=box_gen204_json_record
- metric data path: C:\Users\pcedillo\AppData\Local\Box\Box Tools\Metrics\BoxTools_Metrics_EFD61745.db
- post callback: 05D92F2E
- log callback: 05D92F56
- context: 00000000
- post interval in seconds: 600
- max records in a post: 100
- max db records: 500
- disable sender: true
[2025-03-26 09:56:17,964] [52   ] [INFO ] [] - Shutting down the metrics collector
[2025-03-26 10:06:17,897] [61   ] [INFO ] [] - Initializing the metrics collector
[2025-03-26 10:06:17,919] [61   ] [INFO ] [] - MetricsCollector::Sender(49): _disableSentMetrics 1
[2025-03-26 10:06:17,921] [61   ] [INFO ] [] - MetricsCollector::Initialize(231): Initialized metrics collector
- session id: ff58d207-8cfe-43a4-b003-353fde944d14
- device id: 4ca35884-a93a-48fc-ad16-80b2a90aa32e
- application id: Box Tools Win exe
- application name: BoxTools
- application version: 4.28.1.1163
- metric collection url: https://client-log.box.com/index.php?rm=box_gen204_json_record
- metric data path: C:\Users\pcedillo\AppData\Local\Box\Box Tools\Metrics\BoxTools_Metrics_EFD61745.db
- post callback: 05D92F2E
- log callback: 05D92F56
- context: 00000000
- post interval in seconds: 600
- max records in a post: 100
- max db records: 500
- disable sender: true
[2025-03-26 10:06:17,939] [61   ] [INFO ] [] - Shutting down the metrics collector
[2025-03-26 10:16:17,905] [73   ] [INFO ] [] - Initializing the metrics collector
[2025-03-26 10:16:17,928] [73   ] [INFO ] [] - MetricsCollector::Sender(49): _disableSentMetrics 1
[2025-03-26 10:16:17,929] [73   ] [INFO ] [] - MetricsCollector::Initialize(231): Initialized metrics collector
- session id: ff58d207-8cfe-43a4-b003-353fde944d14
- device id: 4ca35884-a93a-48fc-ad16-80b2a90aa32e
- application id: Box Tools Win exe
- application name: BoxTools
- application version: 4.28.1.1163
- metric collection url: https://client-log.box.com/index.php?rm=box_gen204_json_record
- metric data path: C:\Users\pcedillo\AppData\Local\Box\Box Tools\Metrics\BoxTools_Metrics_EFD61745.db
- post callback: 05D92F2E
- log callback: 05D92F56
- context: 00000000
- post interval in seconds: 600
- max records in a post: 100
- max db records: 500
- disable sender: true
[2025-03-26 10:16:17,950] [73   ] [INFO ] [] - Shutting down the metrics collector
[2025-03-26 10:26:17,916] [75   ] [INFO ] [] - Initializing the metrics collector
[2025-03-26 10:26:17,938] [75   ] [INFO ] [] - MetricsCollector::Sender(49): _disableSentMetrics 1
[2025-03-26 10:26:17,939] [75   ] [INFO ] [] - MetricsCollector::Initialize(231): Initialized metrics collector
- session id: ff58d207-8cfe-43a4-b003-353fde944d14
- device id: 4ca35884-a93a-48fc-ad16-80b2a90aa32e
- application id: Box Tools Win exe
- application name: BoxTools
- application version: 4.28.1.1163
- metric collection url: https://client-log.box.com/index.php?rm=box_gen204_json_record
- metric data path: C:\Users\pcedillo\AppData\Local\Box\Box Tools\Metrics\BoxTools_Metrics_EFD61745.db
- post callback: 05D92F2E
- log callback: 05D92F56
- context: 00000000
- post interval in seconds: 600
- max records in a post: 100
- max db records: 500
- disable sender: true
[2025-03-26 10:26:17,956] [75   ] [INFO ] [] - Shutting down the metrics collector
[2025-03-26 10:36:17,911] [74   ] [INFO ] [] - Initializing the metrics collector
[2025-03-26 10:36:17,933] [74   ] [INFO ] [] - MetricsCollector::Sender(49): _disableSentMetrics 1
[2025-03-26 10:36:17,935] [74   ] [INFO ] [] - MetricsCollector::Initialize(231): Initialized metrics collector
- session id: ff58d207-8cfe-43a4-b003-353fde944d14
- device id: 4ca35884-a93a-48fc-ad16-80b2a90aa32e
- application id: Box Tools Win exe
- application name: BoxTools
- application version: 4.28.1.1163
- metric collection url: https://client-log.box.com/index.php?rm=box_gen204_json_record
- metric data path: C:\Users\pcedillo\AppData\Local\Box\Box Tools\Metrics\BoxTools_Metrics_EFD61745.db
- post callback: 05D92F2E
- log callback: 05D92F56
- context: 00000000
- post interval in seconds: 600
- max records in a post: 100
- max db records: 500
- disable sender: true
[2025-03-26 10:36:17,954] [74   ] [INFO ] [] - Shutting down the metrics collector
[2025-03-26 10:46:17,910] [71   ] [INFO ] [] - Initializing the metrics collector
[2025-03-26 10:46:17,923] [71   ] [INFO ] [] - MetricsCollector::Sender(49): _disableSentMetrics 1
[2025-03-26 10:46:17,924] [71   ] [INFO ] [] - MetricsCollector::Initialize(231): Initialized metrics collector
- session id: ff58d207-8cfe-43a4-b003-353fde944d14
- device id: 4ca35884-a93a-48fc-ad16-80b2a90aa32e
- application id: Box Tools Win exe
- application name: BoxTools
- application version: 4.28.1.1163
- metric collection url: https://client-log.box.com/index.php?rm=box_gen204_json_record
- metric data path: C:\Users\pcedillo\AppData\Local\Box\Box Tools\Metrics\BoxTools_Metrics_EFD61745.db
- post callback: 05D92F2E
- log callback: 05D92F56
- context: 00000000
- post interval in seconds: 600
- max records in a post: 100
- max db records: 500
- disable sender: true
[2025-03-26 10:46:17,942] [71   ] [INFO ] [] - Shutting down the metrics collector
[2025-03-26 10:56:17,917] [45   ] [INFO ] [] - Initializing the metrics collector
[2025-03-26 10:56:17,934] [45   ] [INFO ] [] - MetricsCollector::Sender(49): _disableSentMetrics 1
[2025-03-26 10:56:17,935] [45   ] [INFO ] [] - MetricsCollector::Initialize(231): Initialized metrics collector
- session id: ff58d207-8cfe-43a4-b003-353fde944d14
- device id: 4ca35884-a93a-48fc-ad16-80b2a90aa32e
- application id: Box Tools Win exe
- application name: BoxTools
- application version: 4.28.1.1163
- metric collection url: https://client-log.box.com/index.php?rm=box_gen204_json_record
- metric data path: C:\Users\pcedillo\AppData\Local\Box\Box Tools\Metrics\BoxTools_Metrics_EFD61745.db
- post callback: 05D92F2E
- log callback: 05D92F56
- context: 00000000
- post interval in seconds: 600
- max records in a post: 100
- max db records: 500
- disable sender: true
[2025-03-26 10:56:17,952] [45   ] [INFO ] [] - Shutting down the metrics collector
[2025-03-26 11:06:17,936] [42   ] [INFO ] [] - Initializing the metrics collector
[2025-03-26 11:06:17,953] [42   ] [INFO ] [] - MetricsCollector::Sender(49): _disableSentMetrics 1
[2025-03-26 11:06:17,953] [42   ] [INFO ] [] - MetricsCollector::Initialize(231): Initialized metrics collector
- session id: ff58d207-8cfe-43a4-b003-353fde944d14
- device id: 4ca35884-a93a-48fc-ad16-80b2a90aa32e
- application id: Box Tools Win exe
- application name: BoxTools
- application version: 4.28.1.1163
- metric collection url: https://client-log.box.com/index.php?rm=box_gen204_json_record
- metric data path: C:\Users\pcedillo\AppData\Local\Box\Box Tools\Metrics\BoxTools_Metrics_EFD61745.db
- post callback: 05D92F2E
- log callback: 05D92F56
- context: 00000000
- post interval in seconds: 600
- max records in a post: 100
- max db records: 500
- disable sender: true
[2025-03-26 11:06:17,971] [42   ] [INFO ] [] - Shutting down the metrics collector
[2025-03-26 11:16:17,943] [52   ] [INFO ] [] - Initializing the metrics collector
[2025-03-26 11:16:17,959] [52   ] [INFO ] [] - MetricsCollector::Sender(49): _disableSentMetrics 1
[2025-03-26 11:16:17,960] [52   ] [INFO ] [] - MetricsCollector::Initialize(231): Initialized metrics collector
- session id: ff58d207-8cfe-43a4-b003-353fde944d14
- device id: 4ca35884-a93a-48fc-ad16-80b2a90aa32e
- application id: Box Tools Win exe
- application name: BoxTools
- application version: 4.28.1.1163
- metric collection url: https://client-log.box.com/index.php?rm=box_gen204_json_record
- metric data path: C:\Users\pcedillo\AppData\Local\Box\Box Tools\Metrics\BoxTools_Metrics_EFD61745.db
- post callback: 05D92F2E
- log callback: 05D92F56
- context: 00000000
- post interval in seconds: 600
- max records in a post: 100
- max db records: 500
- disable sender: true
[2025-03-26 11:16:17,980] [52   ] [INFO ] [] - Shutting down the metrics collector
[2025-03-26 11:26:17,948] [68   ] [INFO ] [] - Initializing the metrics collector
[2025-03-26 11:26:17,964] [68   ] [INFO ] [] - MetricsCollector::Sender(49): _disableSentMetrics 1
[2025-03-26 11:26:17,965] [68   ] [INFO ] [] - MetricsCollector::Initialize(231): Initialized metrics collector
- session id: ff58d207-8cfe-43a4-b003-353fde944d14
- device id: 4ca35884-a93a-48fc-ad16-80b2a90aa32e
- application id: Box Tools Win exe
- application name: BoxTools
- application version: 4.28.1.1163
- metric collection url: https://client-log.box.com/index.php?rm=box_gen204_json_record
- metric data path: C:\Users\pcedillo\AppData\Local\Box\Box Tools\Metrics\BoxTools_Metrics_EFD61745.db
- post callback: 05D92F2E
- log callback: 05D92F56
- context: 00000000
- post interval in seconds: 600
- max records in a post: 100
- max db records: 500
- disable sender: true
[2025-03-26 11:26:17,978] [68   ] [INFO ] [] - Shutting down the metrics collector
[2025-03-26 11:36:17,942] [53   ] [INFO ] [] - Initializing the metrics collector
[2025-03-26 11:36:17,954] [53   ] [INFO ] [] - MetricsCollector::Sender(49): _disableSentMetrics 1
[2025-03-26 11:36:17,955] [53   ] [INFO ] [] - MetricsCollector::Initialize(231): Initialized metrics collector
- session id: ff58d207-8cfe-43a4-b003-353fde944d14
- device id: 4ca35884-a93a-48fc-ad16-80b2a90aa32e
- application id: Box Tools Win exe
- application name: BoxTools
- application version: 4.28.1.1163
- metric collection url: https://client-log.box.com/index.php?rm=box_gen204_json_record
- metric data path: C:\Users\pcedillo\AppData\Local\Box\Box Tools\Metrics\BoxTools_Metrics_EFD61745.db
- post callback: 05D92F2E
- log callback: 05D92F56
- context: 00000000
- post interval in seconds: 600
- max records in a post: 100
- max db records: 500
- disable sender: true
[2025-03-26 11:36:17,966] [53   ] [INFO ] [] - Shutting down the metrics collector
[2025-03-26 11:46:17,958] [42   ] [INFO ] [] - Initializing the metrics collector
[2025-03-26 11:46:17,998] [42   ] [INFO ] [] - MetricsCollector::Sender(49): _disableSentMetrics 1
[2025-03-26 11:46:18,000] [42   ] [INFO ] [] - MetricsCollector::Initialize(231): Initialized metrics collector
- session id: ff58d207-8cfe-43a4-b003-353fde944d14
- device id: 4ca35884-a93a-48fc-ad16-80b2a90aa32e
- application id: Box Tools Win exe
- application name: BoxTools
- application version: 4.28.1.1163
- metric collection url: https://client-log.box.com/index.php?rm=box_gen204_json_record
- metric data path: C:\Users\pcedillo\AppData\Local\Box\Box Tools\Metrics\BoxTools_Metrics_EFD61745.db
- post callback: 05D92F2E
- log callback: 05D92F56
- context: 00000000
- post interval in seconds: 600
- max records in a post: 100
- max db records: 500
- disable sender: true
[2025-03-26 11:46:18,052] [42   ] [INFO ] [] - Shutting down the metrics collector
[2025-03-26 11:56:17,974] [45   ] [INFO ] [] - Initializing the metrics collector
[2025-03-26 11:56:17,993] [45   ] [INFO ] [] - MetricsCollector::Sender(49): _disableSentMetrics 1
[2025-03-26 11:56:17,993] [45   ] [INFO ] [] - MetricsCollector::Initialize(231): Initialized metrics collector
- session id: ff58d207-8cfe-43a4-b003-353fde944d14
- device id: 4ca35884-a93a-48fc-ad16-80b2a90aa32e
- application id: Box Tools Win exe
- application name: BoxTools
- application version: 4.28.1.1163
- metric collection url: https://client-log.box.com/index.php?rm=box_gen204_json_record
- metric data path: C:\Users\pcedillo\AppData\Local\Box\Box Tools\Metrics\BoxTools_Metrics_EFD61745.db
- post callback: 05D92F2E
- log callback: 05D92F56
- context: 00000000
- post interval in seconds: 600
- max records in a post: 100
- max db records: 500
- disable sender: true
[2025-03-26 11:56:18,005] [45   ] [INFO ] [] - Shutting down the metrics collector
[2025-03-26 12:06:17,979] [71   ] [INFO ] [] - Initializing the metrics collector
[2025-03-26 12:06:17,993] [71   ] [INFO ] [] - MetricsCollector::Sender(49): _disableSentMetrics 1
[2025-03-26 12:06:17,993] [71   ] [INFO ] [] - MetricsCollector::Initialize(231): Initialized metrics collector
- session id: ff58d207-8cfe-43a4-b003-353fde944d14
- device id: 4ca35884-a93a-48fc-ad16-80b2a90aa32e
- application id: Box Tools Win exe
- application name: BoxTools
- application version: 4.28.1.1163
- metric collection url: https://client-log.box.com/index.php?rm=box_gen204_json_record
- metric data path: C:\Users\pcedillo\AppData\Local\Box\Box Tools\Metrics\BoxTools_Metrics_EFD61745.db
- post callback: 05D92F2E
- log callback: 05D92F56
- context: 00000000
- post interval in seconds: 600
- max records in a post: 100
- max db records: 500
- disable sender: true
[2025-03-26 12:06:18,006] [71   ] [INFO ] [] - Shutting down the metrics collector
[2025-03-26 12:16:17,978] [75   ] [INFO ] [] - Initializing the metrics collector
[2025-03-26 12:16:17,991] [75   ] [INFO ] [] - MetricsCollector::Sender(49): _disableSentMetrics 1
[2025-03-26 12:16:17,992] [75   ] [INFO ] [] - MetricsCollector::Initialize(231): Initialized metrics collector
- session id: ff58d207-8cfe-43a4-b003-353fde944d14
- device id: 4ca35884-a93a-48fc-ad16-80b2a90aa32e
- application id: Box Tools Win exe
- application name: BoxTools
- application version: 4.28.1.1163
- metric collection url: https://client-log.box.com/index.php?rm=box_gen204_json_record
- metric data path: C:\Users\pcedillo\AppData\Local\Box\Box Tools\Metrics\BoxTools_Metrics_EFD61745.db
- post callback: 05D92F2E
- log callback: 05D92F56
- context: 00000000
- post interval in seconds: 600
- max records in a post: 100
- max db records: 500
- disable sender: true
[2025-03-26 12:16:18,003] [75   ] [INFO ] [] - Shutting down the metrics collector
[2025-03-26 12:26:17,974] [73   ] [INFO ] [] - Initializing the metrics collector
[2025-03-26 12:26:17,988] [73   ] [INFO ] [] - MetricsCollector::Sender(49): _disableSentMetrics 1
[2025-03-26 12:26:17,990] [73   ] [INFO ] [] - MetricsCollector::Initialize(231): Initialized metrics collector
- session id: ff58d207-8cfe-43a4-b003-353fde944d14
- device id: 4ca35884-a93a-48fc-ad16-80b2a90aa32e
- application id: Box Tools Win exe
- application name: BoxTools
- application version: 4.28.1.1163
- metric collection url: https://client-log.box.com/index.php?rm=box_gen204_json_record
- metric data path: C:\Users\pcedillo\AppData\Local\Box\Box Tools\Metrics\BoxTools_Metrics_EFD61745.db
- post callback: 05D92F2E
- log callback: 05D92F56
- context: 00000000
- post interval in seconds: 600
- max records in a post: 100
- max db records: 500
- disable sender: true
[2025-03-26 12:26:18,006] [73   ] [INFO ] [] - Shutting down the metrics collector
[2025-03-26 12:36:17,984] [51   ] [INFO ] [] - Initializing the metrics collector
[2025-03-26 12:36:17,992] [51   ] [INFO ] [] - MetricsCollector::Sender(49): _disableSentMetrics 1
[2025-03-26 12:36:17,992] [51   ] [INFO ] [] - MetricsCollector::Initialize(231): Initialized metrics collector
- session id: ff58d207-8cfe-43a4-b003-353fde944d14
- device id: 4ca35884-a93a-48fc-ad16-80b2a90aa32e
- application id: Box Tools Win exe
- application name: BoxTools
- application version: 4.28.1.1163
- metric collection url: https://client-log.box.com/index.php?rm=box_gen204_json_record
- metric data path: C:\Users\pcedillo\AppData\Local\Box\Box Tools\Metrics\BoxTools_Metrics_EFD61745.db
- post callback: 05D92F2E
- log callback: 05D92F56
- context: 00000000
- post interval in seconds: 600
- max records in a post: 100
- max db records: 500
- disable sender: true
[2025-03-26 12:36:18,001] [51   ] [INFO ] [] - Shutting down the metrics collector
[2025-03-26 12:46:17,984] [72   ] [INFO ] [] - Initializing the metrics collector
[2025-03-26 12:46:17,993] [72   ] [INFO ] [] - MetricsCollector::Sender(49): _disableSentMetrics 1
[2025-03-26 12:46:17,994] [72   ] [INFO ] [] - MetricsCollector::Initialize(231): Initialized metrics collector
- session id: ff58d207-8cfe-43a4-b003-353fde944d14
- device id: 4ca35884-a93a-48fc-ad16-80b2a90aa32e
- application id: Box Tools Win exe
- application name: BoxTools
- application version: 4.28.1.1163
- metric collection url: https://client-log.box.com/index.php?rm=box_gen204_json_record
- metric data path: C:\Users\pcedillo\AppData\Local\Box\Box Tools\Metrics\BoxTools_Metrics_EFD61745.db
- post callback: 05D92F2E
- log callback: 05D92F56
- context: 00000000
- post interval in seconds: 600
- max records in a post: 100
- max db records: 500
- disable sender: true
[2025-03-26 12:46:18,005] [72   ] [INFO ] [] - Shutting down the metrics collector
[2025-03-26 12:56:17,995] [15   ] [INFO ] [] - Initializing the metrics collector
[2025-03-26 12:56:18,005] [15   ] [INFO ] [] - MetricsCollector::Sender(49): _disableSentMetrics 1
[2025-03-26 12:56:18,006] [15   ] [INFO ] [] - MetricsCollector::Initialize(231): Initialized metrics collector
- session id: ff58d207-8cfe-43a4-b003-353fde944d14
- device id: 4ca35884-a93a-48fc-ad16-80b2a90aa32e
- application id: Box Tools Win exe
- application name: BoxTools
- application version: 4.28.1.1163
- metric collection url: https://client-log.box.com/index.php?rm=box_gen204_json_record
- metric data path: C:\Users\pcedillo\AppData\Local\Box\Box Tools\Metrics\BoxTools_Metrics_EFD61745.db
- post callback: 05D92F2E
- log callback: 05D92F56
- context: 00000000
- post interval in seconds: 600
- max records in a post: 100
- max db records: 500
- disable sender: true
[2025-03-26 12:56:18,016] [15   ] [INFO ] [] - Shutting down the metrics collector
[2025-03-26 13:06:18,009] [18   ] [INFO ] [] - Initializing the metrics collector
[2025-03-26 13:06:18,021] [18   ] [INFO ] [] - MetricsCollector::Sender(49): _disableSentMetrics 1
[2025-03-26 13:06:18,022] [18   ] [INFO ] [] - MetricsCollector::Initialize(231): Initialized metrics collector
- session id: ff58d207-8cfe-43a4-b003-353fde944d14
- device id: 4ca35884-a93a-48fc-ad16-80b2a90aa32e
- application id: Box Tools Win exe
- application name: BoxTools
- application version: 4.28.1.1163
- metric collection url: https://client-log.box.com/index.php?rm=box_gen204_json_record
- metric data path: C:\Users\pcedillo\AppData\Local\Box\Box Tools\Metrics\BoxTools_Metrics_EFD61745.db
- post callback: 05D92F2E
- log callback: 05D92F56
- context: 00000000
- post interval in seconds: 600
- max records in a post: 100
- max db records: 500
- disable sender: true
[2025-03-26 13:06:18,034] [18   ] [INFO ] [] - Shutting down the metrics collector
[2025-03-26 13:16:18,004] [27   ] [INFO ] [] - Initializing the metrics collector
[2025-03-26 13:16:18,015] [27   ] [INFO ] [] - MetricsCollector::Sender(49): _disableSentMetrics 1
[2025-03-26 13:16:18,016] [27   ] [INFO ] [] - MetricsCollector::Initialize(231): Initialized metrics collector
- session id: ff58d207-8cfe-43a4-b003-353fde944d14
- device id: 4ca35884-a93a-48fc-ad16-80b2a90aa32e
- application id: Box Tools Win exe
- application name: BoxTools
- application version: 4.28.1.1163
- metric collection url: https://client-log.box.com/index.php?rm=box_gen204_json_record
- metric data path: C:\Users\pcedillo\AppData\Local\Box\Box Tools\Metrics\BoxTools_Metrics_EFD61745.db
- post callback: 05D92F2E
- log callback: 05D92F56
- context: 00000000
- post interval in seconds: 600
- max records in a post: 100
- max db records: 500
- disable sender: true
[2025-03-26 13:16:18,027] [27   ] [INFO ] [] - Shutting down the metrics collector
[2025-03-26 13:26:18,011] [36   ] [INFO ] [] - Initializing the metrics collector
[2025-03-26 13:26:18,022] [36   ] [INFO ] [] - MetricsCollector::Sender(49): _disableSentMetrics 1
[2025-03-26 13:26:18,022] [36   ] [INFO ] [] - MetricsCollector::Initialize(231): Initialized metrics collector
- session id: ff58d207-8cfe-43a4-b003-353fde944d14
- device id: 4ca35884-a93a-48fc-ad16-80b2a90aa32e
- application id: Box Tools Win exe
- application name: BoxTools
- application version: 4.28.1.1163
- metric collection url: https://client-log.box.com/index.php?rm=box_gen204_json_record
- metric data path: C:\Users\pcedillo\AppData\Local\Box\Box Tools\Metrics\BoxTools_Metrics_EFD61745.db
- post callback: 05D92F2E
- log callback: 05D92F56
- context: 00000000
- post interval in seconds: 600
- max records in a post: 100
- max db records: 500
- disable sender: true
[2025-03-26 13:26:18,037] [36   ] [INFO ] [] - Shutting down the metrics collector
[2025-03-26 13:36:18,018] [20   ] [INFO ] [] - Initializing the metrics collector
[2025-03-26 13:36:18,032] [20   ] [INFO ] [] - MetricsCollector::Sender(49): _disableSentMetrics 1
[2025-03-26 13:36:18,033] [20   ] [INFO ] [] - MetricsCollector::Initialize(231): Initialized metrics collector
- session id: ff58d207-8cfe-43a4-b003-353fde944d14
- device id: 4ca35884-a93a-48fc-ad16-80b2a90aa32e
- application id: Box Tools Win exe
- application name: BoxTools
- application version: 4.28.1.1163
- metric collection url: https://client-log.box.com/index.php?rm=box_gen204_json_record
- metric data path: C:\Users\pcedillo\AppData\Local\Box\Box Tools\Metrics\BoxTools_Metrics_EFD61745.db
- post callback: 05D92F2E
- log callback: 05D92F56
- context: 00000000
- post interval in seconds: 600
- max records in a post: 100
- max db records: 500
- disable sender: true
[2025-03-26 13:36:18,050] [20   ] [INFO ] [] - Shutting down the metrics collector
[2025-03-26 13:46:18,033] [14   ] [INFO ] [] - Initializing the metrics collector
[2025-03-26 13:46:18,045] [14   ] [INFO ] [] - MetricsCollector::Sender(49): _disableSentMetrics 1
[2025-03-26 13:46:18,046] [14   ] [INFO ] [] - MetricsCollector::Initialize(231): Initialized metrics collector
- session id: ff58d207-8cfe-43a4-b003-353fde944d14
- device id: 4ca35884-a93a-48fc-ad16-80b2a90aa32e
- application id: Box Tools Win exe
- application name: BoxTools
- application version: 4.28.1.1163
- metric collection url: https://client-log.box.com/index.php?rm=box_gen204_json_record
- metric data path: C:\Users\pcedillo\AppData\Local\Box\Box Tools\Metrics\BoxTools_Metrics_EFD61745.db
- post callback: 05D92F2E
- log callback: 05D92F56
- context: 00000000
- post interval in seconds: 600
- max records in a post: 100
- max db records: 500
- disable sender: true
[2025-03-26 13:46:18,057] [14   ] [INFO ] [] - Shutting down the metrics collector
[2025-03-26 13:56:18,041] [37   ] [INFO ] [] - Initializing the metrics collector
[2025-03-26 13:56:18,050] [37   ] [INFO ] [] - MetricsCollector::Sender(49): _disableSentMetrics 1
[2025-03-26 13:56:18,051] [37   ] [INFO ] [] - MetricsCollector::Initialize(231): Initialized metrics collector
- session id: ff58d207-8cfe-43a4-b003-353fde944d14
- device id: 4ca35884-a93a-48fc-ad16-80b2a90aa32e
- application id: Box Tools Win exe
- application name: BoxTools
- application version: 4.28.1.1163
- metric collection url: https://client-log.box.com/index.php?rm=box_gen204_json_record
- metric data path: C:\Users\pcedillo\AppData\Local\Box\Box Tools\Metrics\BoxTools_Metrics_EFD61745.db
- post callback: 05D92F2E
- log callback: 05D92F56
- context: 00000000
- post interval in seconds: 600
- max records in a post: 100
- max db records: 500
- disable sender: true
[2025-03-26 13:56:18,063] [37   ] [INFO ] [] - Shutting down the metrics collector
[2025-03-26 14:06:18,046] [21   ] [INFO ] [] - Initializing the metrics collector
[2025-03-26 14:06:18,060] [21   ] [INFO ] [] - MetricsCollector::Sender(49): _disableSentMetrics 1
[2025-03-26 14:06:18,061] [21   ] [INFO ] [] - MetricsCollector::Initialize(231): Initialized metrics collector
- session id: ff58d207-8cfe-43a4-b003-353fde944d14
- device id: 4ca35884-a93a-48fc-ad16-80b2a90aa32e
- application id: Box Tools Win exe
- application name: BoxTools
- application version: 4.28.1.1163
- metric collection url: https://client-log.box.com/index.php?rm=box_gen204_json_record
- metric data path: C:\Users\pcedillo\AppData\Local\Box\Box Tools\Metrics\BoxTools_Metrics_EFD61745.db
- post callback: 05D92F2E
- log callback: 05D92F56
- context: 00000000
- post interval in seconds: 600
- max records in a post: 100
- max db records: 500
- disable sender: true
[2025-03-26 14:06:18,071] [21   ] [INFO ] [] - Shutting down the metrics collector
[2025-03-26 14:16:18,047] [29   ] [INFO ] [] - Initializing the metrics collector
[2025-03-26 14:16:18,061] [29   ] [INFO ] [] - MetricsCollector::Sender(49): _disableSentMetrics 1
[2025-03-26 14:16:18,062] [29   ] [INFO ] [] - MetricsCollector::Initialize(231): Initialized metrics collector
- session id: ff58d207-8cfe-43a4-b003-353fde944d14
- device id: 4ca35884-a93a-48fc-ad16-80b2a90aa32e
- application id: Box Tools Win exe
- application name: BoxTools
- application version: 4.28.1.1163
- metric collection url: https://client-log.box.com/index.php?rm=box_gen204_json_record
- metric data path: C:\Users\pcedillo\AppData\Local\Box\Box Tools\Metrics\BoxTools_Metrics_EFD61745.db
- post callback: 05D92F2E
- log callback: 05D92F56
- context: 00000000
- post interval in seconds: 600
- max records in a post: 100
- max db records: 500
- disable sender: true
[2025-03-26 14:16:18,073] [29   ] [INFO ] [] - Shutting down the metrics collector
[2025-03-26 14:26:18,072] [62   ] [INFO ] [] - Initializing the metrics collector
[2025-03-26 14:26:18,081] [62   ] [INFO ] [] - MetricsCollector::Sender(49): _disableSentMetrics 1
[2025-03-26 14:26:18,082] [62   ] [INFO ] [] - MetricsCollector::Initialize(231): Initialized metrics collector
- session id: ff58d207-8cfe-43a4-b003-353fde944d14
- device id: 4ca35884-a93a-48fc-ad16-80b2a90aa32e
- application id: Box Tools Win exe
- application name: BoxTools
- application version: 4.28.1.1163
- metric collection url: https://client-log.box.com/index.php?rm=box_gen204_json_record
- metric data path: C:\Users\pcedillo\AppData\Local\Box\Box Tools\Metrics\BoxTools_Metrics_EFD61745.db
- post callback: 05D92F2E
- log callback: 05D92F56
- context: 00000000
- post interval in seconds: 600
- max records in a post: 100
- max db records: 500
- disable sender: true
[2025-03-26 14:26:18,092] [62   ] [INFO ] [] - Shutting down the metrics collector
[2025-03-26 14:36:18,071] [76   ] [INFO ] [] - Initializing the metrics collector
[2025-03-26 14:36:18,086] [76   ] [INFO ] [] - MetricsCollector::Sender(49): _disableSentMetrics 1
[2025-03-26 14:36:18,087] [76   ] [INFO ] [] - MetricsCollector::Initialize(231): Initialized metrics collector
- session id: ff58d207-8cfe-43a4-b003-353fde944d14
- device id: 4ca35884-a93a-48fc-ad16-80b2a90aa32e
- application id: Box Tools Win exe
- application name: BoxTools
- application version: 4.28.1.1163
- metric collection url: https://client-log.box.com/index.php?rm=box_gen204_json_record
- metric data path: C:\Users\pcedillo\AppData\Local\Box\Box Tools\Metrics\BoxTools_Metrics_EFD61745.db
- post callback: 05D92F2E
- log callback: 05D92F56
- context: 00000000
- post interval in seconds: 600
- max records in a post: 100
- max db records: 500
- disable sender: true
[2025-03-26 14:36:18,099] [76   ] [INFO ] [] - Shutting down the metrics collector
[2025-03-26 14:46:18,088] [37   ] [INFO ] [] - Initializing the metrics collector
[2025-03-26 14:46:18,094] [37   ] [INFO ] [] - MetricsCollector::Sender(49): _disableSentMetrics 1
[2025-03-26 14:46:18,096] [37   ] [INFO ] [] - MetricsCollector::Initialize(231): Initialized metrics collector
- session id: ff58d207-8cfe-43a4-b003-353fde944d14
- device id: 4ca35884-a93a-48fc-ad16-80b2a90aa32e
- application id: Box Tools Win exe
- application name: BoxTools
- application version: 4.28.1.1163
- metric collection url: https://client-log.box.com/index.php?rm=box_gen204_json_record
- metric data path: C:\Users\pcedillo\AppData\Local\Box\Box Tools\Metrics\BoxTools_Metrics_EFD61745.db
- post callback: 05D92F2E
- log callback: 05D92F56
- context: 00000000
- post interval in seconds: 600
- max records in a post: 100
- max db records: 500
- disable sender: true
[2025-03-26 14:46:18,103] [37   ] [INFO ] [] - Shutting down the metrics collector
[2025-03-26 14:56:18,109] [16   ] [INFO ] [] - Initializing the metrics collector
[2025-03-26 14:56:18,131] [16   ] [INFO ] [] - MetricsCollector::Sender(49): _disableSentMetrics 1
[2025-03-26 14:56:18,133] [16   ] [INFO ] [] - MetricsCollector::Initialize(231): Initialized metrics collector
- session id: ff58d207-8cfe-43a4-b003-353fde944d14
- device id: 4ca35884-a93a-48fc-ad16-80b2a90aa32e
- application id: Box Tools Win exe
- application name: BoxTools
- application version: 4.28.1.1163
- metric collection url: https://client-log.box.com/index.php?rm=box_gen204_json_record
- metric data path: C:\Users\pcedillo\AppData\Local\Box\Box Tools\Metrics\BoxTools_Metrics_EFD61745.db
- post callback: 05D92F2E
- log callback: 05D92F56
- context: 00000000
- post interval in seconds: 600
- max records in a post: 100
- max db records: 500
- disable sender: true
[2025-03-26 14:56:18,154] [16   ] [INFO ] [] - Shutting down the metrics collector
[2025-03-26 15:06:18,117] [35   ] [INFO ] [] - Initializing the metrics collector
[2025-03-26 15:06:18,131] [35   ] [INFO ] [] - MetricsCollector::Sender(49): _disableSentMetrics 1
[2025-03-26 15:06:18,131] [35   ] [INFO ] [] - MetricsCollector::Initialize(231): Initialized metrics collector
- session id: ff58d207-8cfe-43a4-b003-353fde944d14
- device id: 4ca35884-a93a-48fc-ad16-80b2a90aa32e
- application id: Box Tools Win exe
- application name: BoxTools
- application version: 4.28.1.1163
- metric collection url: https://client-log.box.com/index.php?rm=box_gen204_json_record
- metric data path: C:\Users\pcedillo\AppData\Local\Box\Box Tools\Metrics\BoxTools_Metrics_EFD61745.db
- post callback: 05D92F2E
- log callback: 05D92F56
- context: 00000000
- post interval in seconds: 600
- max records in a post: 100
- max db records: 500
- disable sender: true
[2025-03-26 15:06:18,143] [35   ] [INFO ] [] - Shutting down the metrics collector
[2025-03-26 15:16:18,136] [36   ] [INFO ] [] - Initializing the metrics collector
[2025-03-26 15:16:18,147] [36   ] [INFO ] [] - MetricsCollector::Sender(49): _disableSentMetrics 1
[2025-03-26 15:16:18,148] [36   ] [INFO ] [] - MetricsCollector::Initialize(231): Initialized metrics collector
- session id: ff58d207-8cfe-43a4-b003-353fde944d14
- device id: 4ca35884-a93a-48fc-ad16-80b2a90aa32e
- application id: Box Tools Win exe
- application name: BoxTools
- application version: 4.28.1.1163
- metric collection url: https://client-log.box.com/index.php?rm=box_gen204_json_record
- metric data path: C:\Users\pcedillo\AppData\Local\Box\Box Tools\Metrics\BoxTools_Metrics_EFD61745.db
- post callback: 05D92F2E
- log callback: 05D92F56
- context: 00000000
- post interval in seconds: 600
- max records in a post: 100
- max db records: 500
- disable sender: true
[2025-03-26 15:16:18,159] [36   ] [INFO ] [] - Shutting down the metrics collector
[2025-03-26 15:26:18,138] [41   ] [INFO ] [] - Initializing the metrics collector
[2025-03-26 15:26:18,151] [41   ] [INFO ] [] - MetricsCollector::Sender(49): _disableSentMetrics 1
[2025-03-26 15:26:18,152] [41   ] [INFO ] [] - MetricsCollector::Initialize(231): Initialized metrics collector
- session id: ff58d207-8cfe-43a4-b003-353fde944d14
- device id: 4ca35884-a93a-48fc-ad16-80b2a90aa32e
- application id: Box Tools Win exe
- application name: BoxTools
- application version: 4.28.1.1163
- metric collection url: https://client-log.box.com/index.php?rm=box_gen204_json_record
- metric data path: C:\Users\pcedillo\AppData\Local\Box\Box Tools\Metrics\BoxTools_Metrics_EFD61745.db
- post callback: 05D92F2E
- log callback: 05D92F56
- context: 00000000
- post interval in seconds: 600
- max records in a post: 100
- max db records: 500
- disable sender: true
[2025-03-26 15:26:18,165] [41   ] [INFO ] [] - Shutting down the metrics collector
[2025-03-26 15:36:18,114] [16   ] [INFO ] [] - Initializing the metrics collector
[2025-03-26 15:36:18,129] [16   ] [INFO ] [] - MetricsCollector::Sender(49): _disableSentMetrics 1
[2025-03-26 15:36:18,129] [16   ] [INFO ] [] - MetricsCollector::Initialize(231): Initialized metrics collector
- session id: ff58d207-8cfe-43a4-b003-353fde944d14
- device id: 4ca35884-a93a-48fc-ad16-80b2a90aa32e
- application id: Box Tools Win exe
- application name: BoxTools
- application version: 4.28.1.1163
- metric collection url: https://client-log.box.com/index.php?rm=box_gen204_json_record
- metric data path: C:\Users\pcedillo\AppData\Local\Box\Box Tools\Metrics\BoxTools_Metrics_EFD61745.db
- post callback: 05D92F2E
- log callback: 05D92F56
- context: 00000000
- post interval in seconds: 600
- max records in a post: 100
- max db records: 500
- disable sender: true
[2025-03-26 15:36:18,142] [16   ] [INFO ] [] - Shutting down the metrics collector
[2025-03-26 15:46:18,096] [14   ] [INFO ] [] - Initializing the metrics collector
[2025-03-26 15:46:18,109] [14   ] [INFO ] [] - MetricsCollector::Sender(49): _disableSentMetrics 1
[2025-03-26 15:46:18,110] [14   ] [INFO ] [] - MetricsCollector::Initialize(231): Initialized metrics collector
- session id: ff58d207-8cfe-43a4-b003-353fde944d14
- device id: 4ca35884-a93a-48fc-ad16-80b2a90aa32e
- application id: Box Tools Win exe
- application name: BoxTools
- application version: 4.28.1.1163
- metric collection url: https://client-log.box.com/index.php?rm=box_gen204_json_record
- metric data path: C:\Users\pcedillo\AppData\Local\Box\Box Tools\Metrics\BoxTools_Metrics_EFD61745.db
- post callback: 05D92F2E
- log callback: 05D92F56
- context: 00000000
- post interval in seconds: 600
- max records in a post: 100
- max db records: 500
- disable sender: true
[2025-03-26 15:46:18,124] [14   ] [INFO ] [] - Shutting down the metrics collector
[2025-03-26 15:56:18,086] [35   ] [INFO ] [] - Initializing the metrics collector
[2025-03-26 15:56:18,096] [35   ] [INFO ] [] - MetricsCollector::Sender(49): _disableSentMetrics 1
[2025-03-26 15:56:18,096] [35   ] [INFO ] [] - MetricsCollector::Initialize(231): Initialized metrics collector
- session id: ff58d207-8cfe-43a4-b003-353fde944d14
- device id: 4ca35884-a93a-48fc-ad16-80b2a90aa32e
- application id: Box Tools Win exe
- application name: BoxTools
- application version: 4.28.1.1163
- metric collection url: https://client-log.box.com/index.php?rm=box_gen204_json_record
- metric data path: C:\Users\pcedillo\AppData\Local\Box\Box Tools\Metrics\BoxTools_Metrics_EFD61745.db
- post callback: 05D92F2E
- log callback: 05D92F56
- context: 00000000
- post interval in seconds: 600
- max records in a post: 100
- max db records: 500
- disable sender: true
[2025-03-26 15:56:18,106] [35   ] [INFO ] [] - Shutting down the metrics collector
[2025-03-26 16:06:18,086] [77   ] [INFO ] [] - Initializing the metrics collector
[2025-03-26 16:06:18,101] [77   ] [INFO ] [] - MetricsCollector::Sender(49): _disableSentMetrics 1
[2025-03-26 16:06:18,101] [77   ] [INFO ] [] - MetricsCollector::Initialize(231): Initialized metrics collector
- session id: ff58d207-8cfe-43a4-b003-353fde944d14
- device id: 4ca35884-a93a-48fc-ad16-80b2a90aa32e
- application id: Box Tools Win exe
- application name: BoxTools
- application version: 4.28.1.1163
- metric collection url: https://client-log.box.com/index.php?rm=box_gen204_json_record
- metric data path: C:\Users\pcedillo\AppData\Local\Box\Box Tools\Metrics\BoxTools_Metrics_EFD61745.db
- post callback: 05D92F2E
- log callback: 05D92F56
- context: 00000000
- post interval in seconds: 600
- max records in a post: 100
- max db records: 500
- disable sender: true
[2025-03-26 16:06:18,113] [77   ] [INFO ] [] - Shutting down the metrics collector
[2025-03-26 16:16:18,116] [62   ] [INFO ] [] - Initializing the metrics collector
[2025-03-26 16:16:18,157] [62   ] [INFO ] [] - MetricsCollector::Sender(49): _disableSentMetrics 1
[2025-03-26 16:16:18,159] [62   ] [INFO ] [] - MetricsCollector::Initialize(231): Initialized metrics collector
- session id: ff58d207-8cfe-43a4-b003-353fde944d14
- device id: 4ca35884-a93a-48fc-ad16-80b2a90aa32e
- application id: Box Tools Win exe
- application name: BoxTools
- application version: 4.28.1.1163
- metric collection url: https://client-log.box.com/index.php?rm=box_gen204_json_record
- metric data path: C:\Users\pcedillo\AppData\Local\Box\Box Tools\Metrics\BoxTools_Metrics_EFD61745.db
- post callback: 05D92F2E
- log callback: 05D92F56
- context: 00000000
- post interval in seconds: 600
- max records in a post: 100
- max db records: 500
- disable sender: true
[2025-03-26 16:16:18,213] [62   ] [INFO ] [] - Shutting down the metrics collector
[2025-03-26 16:26:18,100] [76   ] [INFO ] [] - Initializing the metrics collector
[2025-03-26 16:26:18,115] [76   ] [INFO ] [] - MetricsCollector::Sender(49): _disableSentMetrics 1
[2025-03-26 16:26:18,116] [76   ] [INFO ] [] - MetricsCollector::Initialize(231): Initialized metrics collector
- session id: ff58d207-8cfe-43a4-b003-353fde944d14
- device id: 4ca35884-a93a-48fc-ad16-80b2a90aa32e
- application id: Box Tools Win exe
- application name: BoxTools
- application version: 4.28.1.1163
- metric collection url: https://client-log.box.com/index.php?rm=box_gen204_json_record
- metric data path: C:\Users\pcedillo\AppData\Local\Box\Box Tools\Metrics\BoxTools_Metrics_EFD61745.db
- post callback: 05D92F2E
- log callback: 05D92F56
- context: 00000000
- post interval in seconds: 600
- max records in a post: 100
- max db records: 500
- disable sender: true
[2025-03-26 16:26:18,142] [76   ] [INFO ] [] - Shutting down the metrics collector
[2025-03-26 16:36:18,121] [76   ] [INFO ] [] - Initializing the metrics collector
[2025-03-26 16:36:18,142] [76   ] [INFO ] [] - MetricsCollector::Sender(49): _disableSentMetrics 1
[2025-03-26 16:36:18,144] [76   ] [INFO ] [] - MetricsCollector::Initialize(231): Initialized metrics collector
- session id: ff58d207-8cfe-43a4-b003-353fde944d14
- device id: 4ca35884-a93a-48fc-ad16-80b2a90aa32e
- application id: Box Tools Win exe
- application name: BoxTools
- application version: 4.28.1.1163
- metric collection url: https://client-log.box.com/index.php?rm=box_gen204_json_record
- metric data path: C:\Users\pcedillo\AppData\Local\Box\Box Tools\Metrics\BoxTools_Metrics_EFD61745.db
- post callback: 05D92F2E
- log callback: 05D92F56
- context: 00000000
- post interval in seconds: 600
- max records in a post: 100
- max db records: 500
- disable sender: true
[2025-03-26 16:36:18,160] [76   ] [INFO ] [] - Shutting down the metrics collector
