[2024-10-23 07:40:41,273] [11   ] [INFO ] [] - Initializing the metrics collector
[2024-10-23 07:40:42,081] [11   ] [INFO ] [] - MetricsCollector::Sender(49): _disableSentMetrics 1
[2024-10-23 07:40:42,081] [11   ] [INFO ] [] - MetricsCollector::Initialize(231): Initialized metrics collector
- session id: f57f0e04-9929-40bd-aeb2-d7b6c1daf30d
- device id: 4ca35884-a93a-48fc-ad16-80b2a90aa32e
- application id: Box Tools Win exe
- application name: BoxTools
- application version: 4.26.1.1109
- metric collection url: https://client-log.box.com/index.php?rm=box_gen204_json_record
- metric data path: C:\Users\pcedillo\AppData\Local\Box\Box Tools\Metrics\BoxTools_Metrics.db
- post callback: 05A80DD6
- log callback: 05A80DFE
- context: 00000000
- post interval in seconds: 600
- max records in a post: 100
- max db records: 500
- disable sender: true
[2024-10-23 07:40:42,364] [11   ] [INFO ] [] - Shutting down the metrics collector
[2024-10-23 07:50:41,849] [11   ] [INFO ] [] - Initializing the metrics collector
[2024-10-23 07:50:41,866] [11   ] [INFO ] [] - MetricsCollector::Sender(49): _disableSentMetrics 1
[2024-10-23 07:50:41,866] [11   ] [INFO ] [] - MetricsCollector::Initialize(231): Initialized metrics collector
- session id: f57f0e04-9929-40bd-aeb2-d7b6c1daf30d
- device id: 4ca35884-a93a-48fc-ad16-80b2a90aa32e
- application id: Box Tools Win exe
- application name: BoxTools
- application version: 4.26.1.1109
- metric collection url: https://client-log.box.com/index.php?rm=box_gen204_json_record
- metric data path: C:\Users\pcedillo\AppData\Local\Box\Box Tools\Metrics\BoxTools_Metrics.db
- post callback: 05A80DD6
- log callback: 05A80DFE
- context: 00000000
- post interval in seconds: 600
- max records in a post: 100
- max db records: 500
- disable sender: true
[2024-10-23 07:50:41,881] [11   ] [INFO ] [] - Shutting down the metrics collector
[2024-10-23 08:00:41,973] [84   ] [INFO ] [] - Initializing the metrics collector
[2024-10-23 08:00:41,990] [84   ] [INFO ] [] - MetricsCollector::Sender(49): _disableSentMetrics 1
[2024-10-23 08:00:41,990] [84   ] [INFO ] [] - MetricsCollector::Initialize(231): Initialized metrics collector
- session id: f57f0e04-9929-40bd-aeb2-d7b6c1daf30d
- device id: 4ca35884-a93a-48fc-ad16-80b2a90aa32e
- application id: Box Tools Win exe
- application name: BoxTools
- application version: 4.26.1.1109
- metric collection url: https://client-log.box.com/index.php?rm=box_gen204_json_record
- metric data path: C:\Users\pcedillo\AppData\Local\Box\Box Tools\Metrics\BoxTools_Metrics.db
- post callback: 05A80DD6
- log callback: 05A80DFE
- context: 00000000
- post interval in seconds: 600
- max records in a post: 100
- max db records: 500
- disable sender: true
[2024-10-23 08:00:42,005] [84   ] [INFO ] [] - Shutting down the metrics collector
[2024-10-23 08:10:41,914] [11   ] [INFO ] [] - Initializing the metrics collector
[2024-10-23 08:10:41,921] [11   ] [INFO ] [] - MetricsCollector::Sender(49): _disableSentMetrics 1
[2024-10-23 08:10:41,923] [11   ] [INFO ] [] - MetricsCollector::Initialize(231): Initialized metrics collector
- session id: f57f0e04-9929-40bd-aeb2-d7b6c1daf30d
- device id: 4ca35884-a93a-48fc-ad16-80b2a90aa32e
- application id: Box Tools Win exe
- application name: BoxTools
- application version: 4.26.1.1109
- metric collection url: https://client-log.box.com/index.php?rm=box_gen204_json_record
- metric data path: C:\Users\pcedillo\AppData\Local\Box\Box Tools\Metrics\BoxTools_Metrics.db
- post callback: 05A80DD6
- log callback: 05A80DFE
- context: 00000000
- post interval in seconds: 600
- max records in a post: 100
- max db records: 500
- disable sender: true
[2024-10-23 08:10:41,944] [11   ] [INFO ] [] - Shutting down the metrics collector
[2024-10-23 08:20:41,832] [72   ] [INFO ] [] - Initializing the metrics collector
[2024-10-23 08:20:41,839] [72   ] [INFO ] [] - MetricsCollector::Sender(49): _disableSentMetrics 1
[2024-10-23 08:20:41,843] [72   ] [INFO ] [] - MetricsCollector::Initialize(231): Initialized metrics collector
- session id: f57f0e04-9929-40bd-aeb2-d7b6c1daf30d
- device id: 4ca35884-a93a-48fc-ad16-80b2a90aa32e
- application id: Box Tools Win exe
- application name: BoxTools
- application version: 4.26.1.1109
- metric collection url: https://client-log.box.com/index.php?rm=box_gen204_json_record
- metric data path: C:\Users\pcedillo\AppData\Local\Box\Box Tools\Metrics\BoxTools_Metrics.db
- post callback: 05A80DD6
- log callback: 05A80DFE
- context: 00000000
- post interval in seconds: 600
- max records in a post: 100
- max db records: 500
- disable sender: true
[2024-10-23 08:20:41,850] [72   ] [INFO ] [] - Shutting down the metrics collector
[2024-10-23 08:30:41,840] [84   ] [INFO ] [] - Initializing the metrics collector
[2024-10-23 08:30:41,841] [84   ] [INFO ] [] - MetricsCollector::Sender(49): _disableSentMetrics 1
[2024-10-23 08:30:41,841] [84   ] [INFO ] [] - MetricsCollector::Initialize(231): Initialized metrics collector
- session id: f57f0e04-9929-40bd-aeb2-d7b6c1daf30d
- device id: 4ca35884-a93a-48fc-ad16-80b2a90aa32e
- application id: Box Tools Win exe
- application name: BoxTools
- application version: 4.26.1.1109
- metric collection url: https://client-log.box.com/index.php?rm=box_gen204_json_record
- metric data path: C:\Users\pcedillo\AppData\Local\Box\Box Tools\Metrics\BoxTools_Metrics.db
- post callback: 05A80DD6
- log callback: 05A80DFE
- context: 00000000
- post interval in seconds: 600
- max records in a post: 100
- max db records: 500
- disable sender: true
[2024-10-23 08:30:41,858] [84   ] [INFO ] [] - Shutting down the metrics collector
[2024-10-23 08:40:41,788] [71   ] [INFO ] [] - Initializing the metrics collector
[2024-10-23 08:40:41,790] [71   ] [INFO ] [] - MetricsCollector::Sender(49): _disableSentMetrics 1
[2024-10-23 08:40:41,790] [71   ] [INFO ] [] - MetricsCollector::Initialize(231): Initialized metrics collector
- session id: f57f0e04-9929-40bd-aeb2-d7b6c1daf30d
- device id: 4ca35884-a93a-48fc-ad16-80b2a90aa32e
- application id: Box Tools Win exe
- application name: BoxTools
- application version: 4.26.1.1109
- metric collection url: https://client-log.box.com/index.php?rm=box_gen204_json_record
- metric data path: C:\Users\pcedillo\AppData\Local\Box\Box Tools\Metrics\BoxTools_Metrics.db
- post callback: 05A80DD6
- log callback: 05A80DFE
- context: 00000000
- post interval in seconds: 600
- max records in a post: 100
- max db records: 500
- disable sender: true
[2024-10-23 08:40:41,790] [71   ] [INFO ] [] - Shutting down the metrics collector
[2024-10-23 08:50:41,781] [43   ] [INFO ] [] - Initializing the metrics collector
[2024-10-23 08:50:41,781] [43   ] [INFO ] [] - MetricsCollector::Sender(49): _disableSentMetrics 1
[2024-10-23 08:50:41,781] [43   ] [INFO ] [] - MetricsCollector::Initialize(231): Initialized metrics collector
- session id: f57f0e04-9929-40bd-aeb2-d7b6c1daf30d
- device id: 4ca35884-a93a-48fc-ad16-80b2a90aa32e
- application id: Box Tools Win exe
- application name: BoxTools
- application version: 4.26.1.1109
- metric collection url: https://client-log.box.com/index.php?rm=box_gen204_json_record
- metric data path: C:\Users\pcedillo\AppData\Local\Box\Box Tools\Metrics\BoxTools_Metrics.db
- post callback: 05A80DD6
- log callback: 05A80DFE
- context: 00000000
- post interval in seconds: 600
- max records in a post: 100
- max db records: 500
- disable sender: true
[2024-10-23 08:50:41,797] [43   ] [INFO ] [] - Shutting down the metrics collector
[2024-10-23 09:00:41,727] [11   ] [INFO ] [] - Initializing the metrics collector
[2024-10-23 09:00:41,729] [11   ] [INFO ] [] - MetricsCollector::Sender(49): _disableSentMetrics 1
[2024-10-23 09:00:41,729] [11   ] [INFO ] [] - MetricsCollector::Initialize(231): Initialized metrics collector
- session id: f57f0e04-9929-40bd-aeb2-d7b6c1daf30d
- device id: 4ca35884-a93a-48fc-ad16-80b2a90aa32e
- application id: Box Tools Win exe
- application name: BoxTools
- application version: 4.26.1.1109
- metric collection url: https://client-log.box.com/index.php?rm=box_gen204_json_record
- metric data path: C:\Users\pcedillo\AppData\Local\Box\Box Tools\Metrics\BoxTools_Metrics.db
- post callback: 05A80DD6
- log callback: 05A80DFE
- context: 00000000
- post interval in seconds: 600
- max records in a post: 100
- max db records: 500
- disable sender: true
[2024-10-23 09:00:41,747] [11   ] [INFO ] [] - Shutting down the metrics collector
[2024-10-23 09:10:41,719] [71   ] [INFO ] [] - Initializing the metrics collector
[2024-10-23 09:10:41,728] [71   ] [INFO ] [] - MetricsCollector::Sender(49): _disableSentMetrics 1
[2024-10-23 09:10:41,728] [71   ] [INFO ] [] - MetricsCollector::Initialize(231): Initialized metrics collector
- session id: f57f0e04-9929-40bd-aeb2-d7b6c1daf30d
- device id: 4ca35884-a93a-48fc-ad16-80b2a90aa32e
- application id: Box Tools Win exe
- application name: BoxTools
- application version: 4.26.1.1109
- metric collection url: https://client-log.box.com/index.php?rm=box_gen204_json_record
- metric data path: C:\Users\pcedillo\AppData\Local\Box\Box Tools\Metrics\BoxTools_Metrics.db
- post callback: 05A80DD6
- log callback: 05A80DFE
- context: 00000000
- post interval in seconds: 600
- max records in a post: 100
- max db records: 500
- disable sender: true
[2024-10-23 09:10:41,737] [71   ] [INFO ] [] - Shutting down the metrics collector
[2024-10-23 09:20:41,741] [84   ] [INFO ] [] - Initializing the metrics collector
[2024-10-23 09:20:41,741] [84   ] [INFO ] [] - MetricsCollector::Sender(49): _disableSentMetrics 1
[2024-10-23 09:20:41,741] [84   ] [INFO ] [] - MetricsCollector::Initialize(231): Initialized metrics collector
- session id: f57f0e04-9929-40bd-aeb2-d7b6c1daf30d
- device id: 4ca35884-a93a-48fc-ad16-80b2a90aa32e
- application id: Box Tools Win exe
- application name: BoxTools
- application version: 4.26.1.1109
- metric collection url: https://client-log.box.com/index.php?rm=box_gen204_json_record
- metric data path: C:\Users\pcedillo\AppData\Local\Box\Box Tools\Metrics\BoxTools_Metrics.db
- post callback: 05A80DD6
- log callback: 05A80DFE
- context: 00000000
- post interval in seconds: 600
- max records in a post: 100
- max db records: 500
- disable sender: true
[2024-10-23 09:20:41,758] [84   ] [INFO ] [] - Shutting down the metrics collector
[2024-10-23 09:30:41,634] [72   ] [INFO ] [] - Initializing the metrics collector
[2024-10-23 09:30:41,635] [72   ] [INFO ] [] - MetricsCollector::Sender(49): _disableSentMetrics 1
[2024-10-23 09:30:41,635] [72   ] [INFO ] [] - MetricsCollector::Initialize(231): Initialized metrics collector
- session id: f57f0e04-9929-40bd-aeb2-d7b6c1daf30d
- device id: 4ca35884-a93a-48fc-ad16-80b2a90aa32e
- application id: Box Tools Win exe
- application name: BoxTools
- application version: 4.26.1.1109
- metric collection url: https://client-log.box.com/index.php?rm=box_gen204_json_record
- metric data path: C:\Users\pcedillo\AppData\Local\Box\Box Tools\Metrics\BoxTools_Metrics.db
- post callback: 05A80DD6
- log callback: 05A80DFE
- context: 00000000
- post interval in seconds: 600
- max records in a post: 100
- max db records: 500
- disable sender: true
[2024-10-23 09:30:41,641] [72   ] [INFO ] [] - Shutting down the metrics collector
[2024-10-23 09:40:41,604] [5    ] [INFO ] [] - Initializing the metrics collector
[2024-10-23 09:40:41,604] [5    ] [INFO ] [] - MetricsCollector::Sender(49): _disableSentMetrics 1
[2024-10-23 09:40:41,604] [5    ] [INFO ] [] - MetricsCollector::Initialize(231): Initialized metrics collector
- session id: f57f0e04-9929-40bd-aeb2-d7b6c1daf30d
- device id: 4ca35884-a93a-48fc-ad16-80b2a90aa32e
- application id: Box Tools Win exe
- application name: BoxTools
- application version: 4.26.1.1109
- metric collection url: https://client-log.box.com/index.php?rm=box_gen204_json_record
- metric data path: C:\Users\pcedillo\AppData\Local\Box\Box Tools\Metrics\BoxTools_Metrics.db
- post callback: 05A80DD6
- log callback: 05A80DFE
- context: 00000000
- post interval in seconds: 600
- max records in a post: 100
- max db records: 500
- disable sender: true
[2024-10-23 09:40:41,620] [5    ] [INFO ] [] - Shutting down the metrics collector
[2024-10-23 09:50:41,562] [16   ] [INFO ] [] - Initializing the metrics collector
[2024-10-23 09:50:41,569] [16   ] [INFO ] [] - MetricsCollector::Sender(49): _disableSentMetrics 1
[2024-10-23 09:50:41,569] [16   ] [INFO ] [] - MetricsCollector::Initialize(231): Initialized metrics collector
- session id: f57f0e04-9929-40bd-aeb2-d7b6c1daf30d
- device id: 4ca35884-a93a-48fc-ad16-80b2a90aa32e
- application id: Box Tools Win exe
- application name: BoxTools
- application version: 4.26.1.1109
- metric collection url: https://client-log.box.com/index.php?rm=box_gen204_json_record
- metric data path: C:\Users\pcedillo\AppData\Local\Box\Box Tools\Metrics\BoxTools_Metrics.db
- post callback: 05A80DD6
- log callback: 05A80DFE
- context: 00000000
- post interval in seconds: 600
- max records in a post: 100
- max db records: 500
- disable sender: true
[2024-10-23 09:50:41,574] [16   ] [INFO ] [] - Shutting down the metrics collector
[2024-10-23 10:00:41,555] [11   ] [INFO ] [] - Initializing the metrics collector
[2024-10-23 10:00:41,562] [11   ] [INFO ] [] - MetricsCollector::Sender(49): _disableSentMetrics 1
[2024-10-23 10:00:41,562] [11   ] [INFO ] [] - MetricsCollector::Initialize(231): Initialized metrics collector
- session id: f57f0e04-9929-40bd-aeb2-d7b6c1daf30d
- device id: 4ca35884-a93a-48fc-ad16-80b2a90aa32e
- application id: Box Tools Win exe
- application name: BoxTools
- application version: 4.26.1.1109
- metric collection url: https://client-log.box.com/index.php?rm=box_gen204_json_record
- metric data path: C:\Users\pcedillo\AppData\Local\Box\Box Tools\Metrics\BoxTools_Metrics.db
- post callback: 05A80DD6
- log callback: 05A80DFE
- context: 00000000
- post interval in seconds: 600
- max records in a post: 100
- max db records: 500
- disable sender: true
[2024-10-23 10:00:41,571] [11   ] [INFO ] [] - Shutting down the metrics collector
[2024-10-23 10:10:41,567] [43   ] [INFO ] [] - Initializing the metrics collector
[2024-10-23 10:10:41,567] [43   ] [INFO ] [] - MetricsCollector::Sender(49): _disableSentMetrics 1
[2024-10-23 10:10:41,567] [43   ] [INFO ] [] - MetricsCollector::Initialize(231): Initialized metrics collector
- session id: f57f0e04-9929-40bd-aeb2-d7b6c1daf30d
- device id: 4ca35884-a93a-48fc-ad16-80b2a90aa32e
- application id: Box Tools Win exe
- application name: BoxTools
- application version: 4.26.1.1109
- metric collection url: https://client-log.box.com/index.php?rm=box_gen204_json_record
- metric data path: C:\Users\pcedillo\AppData\Local\Box\Box Tools\Metrics\BoxTools_Metrics.db
- post callback: 05A80DD6
- log callback: 05A80DFE
- context: 00000000
- post interval in seconds: 600
- max records in a post: 100
- max db records: 500
- disable sender: true
[2024-10-23 10:10:41,586] [43   ] [INFO ] [] - Shutting down the metrics collector
[2024-10-23 10:20:41,577] [5    ] [INFO ] [] - Initializing the metrics collector
[2024-10-23 10:20:41,578] [5    ] [INFO ] [] - MetricsCollector::Sender(49): _disableSentMetrics 1
[2024-10-23 10:20:41,578] [5    ] [INFO ] [] - MetricsCollector::Initialize(231): Initialized metrics collector
- session id: f57f0e04-9929-40bd-aeb2-d7b6c1daf30d
- device id: 4ca35884-a93a-48fc-ad16-80b2a90aa32e
- application id: Box Tools Win exe
- application name: BoxTools
- application version: 4.26.1.1109
- metric collection url: https://client-log.box.com/index.php?rm=box_gen204_json_record
- metric data path: C:\Users\pcedillo\AppData\Local\Box\Box Tools\Metrics\BoxTools_Metrics.db
- post callback: 05A80DD6
- log callback: 05A80DFE
- context: 00000000
- post interval in seconds: 600
- max records in a post: 100
- max db records: 500
- disable sender: true
[2024-10-23 10:20:41,578] [5    ] [INFO ] [] - Shutting down the metrics collector
[2024-10-23 10:30:41,568] [84   ] [INFO ] [] - Initializing the metrics collector
[2024-10-23 10:30:41,575] [84   ] [INFO ] [] - MetricsCollector::Sender(49): _disableSentMetrics 1
[2024-10-23 10:30:41,575] [84   ] [INFO ] [] - MetricsCollector::Initialize(231): Initialized metrics collector
- session id: f57f0e04-9929-40bd-aeb2-d7b6c1daf30d
- device id: 4ca35884-a93a-48fc-ad16-80b2a90aa32e
- application id: Box Tools Win exe
- application name: BoxTools
- application version: 4.26.1.1109
- metric collection url: https://client-log.box.com/index.php?rm=box_gen204_json_record
- metric data path: C:\Users\pcedillo\AppData\Local\Box\Box Tools\Metrics\BoxTools_Metrics.db
- post callback: 05A80DD6
- log callback: 05A80DFE
- context: 00000000
- post interval in seconds: 600
- max records in a post: 100
- max db records: 500
- disable sender: true
[2024-10-23 10:30:41,582] [84   ] [INFO ] [] - Shutting down the metrics collector
[2024-10-23 10:40:41,459] [72   ] [INFO ] [] - Initializing the metrics collector
[2024-10-23 10:40:41,464] [72   ] [INFO ] [] - MetricsCollector::Sender(49): _disableSentMetrics 1
[2024-10-23 10:40:41,464] [72   ] [INFO ] [] - MetricsCollector::Initialize(231): Initialized metrics collector
- session id: f57f0e04-9929-40bd-aeb2-d7b6c1daf30d
- device id: 4ca35884-a93a-48fc-ad16-80b2a90aa32e
- application id: Box Tools Win exe
- application name: BoxTools
- application version: 4.26.1.1109
- metric collection url: https://client-log.box.com/index.php?rm=box_gen204_json_record
- metric data path: C:\Users\pcedillo\AppData\Local\Box\Box Tools\Metrics\BoxTools_Metrics.db
- post callback: 05A80DD6
- log callback: 05A80DFE
- context: 00000000
- post interval in seconds: 600
- max records in a post: 100
- max db records: 500
- disable sender: true
[2024-10-23 10:40:41,466] [72   ] [INFO ] [] - Shutting down the metrics collector
[2024-10-23 10:50:41,432] [71   ] [INFO ] [] - Initializing the metrics collector
[2024-10-23 10:50:41,432] [71   ] [INFO ] [] - MetricsCollector::Sender(49): _disableSentMetrics 1
[2024-10-23 10:50:41,432] [71   ] [INFO ] [] - MetricsCollector::Initialize(231): Initialized metrics collector
- session id: f57f0e04-9929-40bd-aeb2-d7b6c1daf30d
- device id: 4ca35884-a93a-48fc-ad16-80b2a90aa32e
- application id: Box Tools Win exe
- application name: BoxTools
- application version: 4.26.1.1109
- metric collection url: https://client-log.box.com/index.php?rm=box_gen204_json_record
- metric data path: C:\Users\pcedillo\AppData\Local\Box\Box Tools\Metrics\BoxTools_Metrics.db
- post callback: 05A80DD6
- log callback: 05A80DFE
- context: 00000000
- post interval in seconds: 600
- max records in a post: 100
- max db records: 500
- disable sender: true
[2024-10-23 10:50:41,445] [71   ] [INFO ] [] - Shutting down the metrics collector
[2024-10-23 11:00:41,435] [61   ] [INFO ] [] - Initializing the metrics collector
[2024-10-23 11:00:41,435] [61   ] [INFO ] [] - MetricsCollector::Sender(49): _disableSentMetrics 1
[2024-10-23 11:00:41,435] [61   ] [INFO ] [] - MetricsCollector::Initialize(231): Initialized metrics collector
- session id: f57f0e04-9929-40bd-aeb2-d7b6c1daf30d
- device id: 4ca35884-a93a-48fc-ad16-80b2a90aa32e
- application id: Box Tools Win exe
- application name: BoxTools
- application version: 4.26.1.1109
- metric collection url: https://client-log.box.com/index.php?rm=box_gen204_json_record
- metric data path: C:\Users\pcedillo\AppData\Local\Box\Box Tools\Metrics\BoxTools_Metrics.db
- post callback: 05A80DD6
- log callback: 05A80DFE
- context: 00000000
- post interval in seconds: 600
- max records in a post: 100
- max db records: 500
- disable sender: true
[2024-10-23 11:00:41,451] [61   ] [INFO ] [] - Shutting down the metrics collector
[2024-10-23 11:10:41,432] [34   ] [INFO ] [] - Initializing the metrics collector
[2024-10-23 11:10:41,437] [34   ] [INFO ] [] - MetricsCollector::Sender(49): _disableSentMetrics 1
[2024-10-23 11:10:41,437] [34   ] [INFO ] [] - MetricsCollector::Initialize(231): Initialized metrics collector
- session id: f57f0e04-9929-40bd-aeb2-d7b6c1daf30d
- device id: 4ca35884-a93a-48fc-ad16-80b2a90aa32e
- application id: Box Tools Win exe
- application name: BoxTools
- application version: 4.26.1.1109
- metric collection url: https://client-log.box.com/index.php?rm=box_gen204_json_record
- metric data path: C:\Users\pcedillo\AppData\Local\Box\Box Tools\Metrics\BoxTools_Metrics.db
- post callback: 05A80DD6
- log callback: 05A80DFE
- context: 00000000
- post interval in seconds: 600
- max records in a post: 100
- max db records: 500
- disable sender: true
[2024-10-23 11:10:41,445] [34   ] [INFO ] [] - Shutting down the metrics collector
[2024-10-23 11:20:41,445] [26   ] [INFO ] [] - Initializing the metrics collector
[2024-10-23 11:20:41,446] [26   ] [INFO ] [] - MetricsCollector::Sender(49): _disableSentMetrics 1
[2024-10-23 11:20:41,446] [26   ] [INFO ] [] - MetricsCollector::Initialize(231): Initialized metrics collector
- session id: f57f0e04-9929-40bd-aeb2-d7b6c1daf30d
- device id: 4ca35884-a93a-48fc-ad16-80b2a90aa32e
- application id: Box Tools Win exe
- application name: BoxTools
- application version: 4.26.1.1109
- metric collection url: https://client-log.box.com/index.php?rm=box_gen204_json_record
- metric data path: C:\Users\pcedillo\AppData\Local\Box\Box Tools\Metrics\BoxTools_Metrics.db
- post callback: 05A80DD6
- log callback: 05A80DFE
- context: 00000000
- post interval in seconds: 600
- max records in a post: 100
- max db records: 500
- disable sender: true
[2024-10-23 11:20:41,461] [26   ] [INFO ] [] - Shutting down the metrics collector
[2024-10-23 11:30:41,456] [77   ] [INFO ] [] - Initializing the metrics collector
[2024-10-23 11:30:41,459] [77   ] [INFO ] [] - MetricsCollector::Sender(49): _disableSentMetrics 1
[2024-10-23 11:30:41,459] [77   ] [INFO ] [] - MetricsCollector::Initialize(231): Initialized metrics collector
- session id: f57f0e04-9929-40bd-aeb2-d7b6c1daf30d
- device id: 4ca35884-a93a-48fc-ad16-80b2a90aa32e
- application id: Box Tools Win exe
- application name: BoxTools
- application version: 4.26.1.1109
- metric collection url: https://client-log.box.com/index.php?rm=box_gen204_json_record
- metric data path: C:\Users\pcedillo\AppData\Local\Box\Box Tools\Metrics\BoxTools_Metrics.db
- post callback: 05A80DD6
- log callback: 05A80DFE
- context: 00000000
- post interval in seconds: 600
- max records in a post: 100
- max db records: 500
- disable sender: true
[2024-10-23 11:30:41,467] [77   ] [INFO ] [] - Shutting down the metrics collector
[2024-10-23 11:40:41,452] [75   ] [INFO ] [] - Initializing the metrics collector
[2024-10-23 11:40:41,463] [75   ] [INFO ] [] - MetricsCollector::Sender(49): _disableSentMetrics 1
[2024-10-23 11:40:41,463] [75   ] [INFO ] [] - MetricsCollector::Initialize(231): Initialized metrics collector
- session id: f57f0e04-9929-40bd-aeb2-d7b6c1daf30d
- device id: 4ca35884-a93a-48fc-ad16-80b2a90aa32e
- application id: Box Tools Win exe
- application name: BoxTools
- application version: 4.26.1.1109
- metric collection url: https://client-log.box.com/index.php?rm=box_gen204_json_record
- metric data path: C:\Users\pcedillo\AppData\Local\Box\Box Tools\Metrics\BoxTools_Metrics.db
- post callback: 05A80DD6
- log callback: 05A80DFE
- context: 00000000
- post interval in seconds: 600
- max records in a post: 100
- max db records: 500
- disable sender: true
[2024-10-23 11:40:41,468] [75   ] [INFO ] [] - Shutting down the metrics collector
[2024-10-23 11:50:41,277] [66   ] [INFO ] [] - Initializing the metrics collector
[2024-10-23 11:50:41,277] [66   ] [INFO ] [] - MetricsCollector::Sender(49): _disableSentMetrics 1
[2024-10-23 11:50:41,277] [66   ] [INFO ] [] - MetricsCollector::Initialize(231): Initialized metrics collector
- session id: f57f0e04-9929-40bd-aeb2-d7b6c1daf30d
- device id: 4ca35884-a93a-48fc-ad16-80b2a90aa32e
- application id: Box Tools Win exe
- application name: BoxTools
- application version: 4.26.1.1109
- metric collection url: https://client-log.box.com/index.php?rm=box_gen204_json_record
- metric data path: C:\Users\pcedillo\AppData\Local\Box\Box Tools\Metrics\BoxTools_Metrics.db
- post callback: 05A80DD6
- log callback: 05A80DFE
- context: 00000000
- post interval in seconds: 600
- max records in a post: 100
- max db records: 500
- disable sender: true
[2024-10-23 11:50:41,296] [66   ] [INFO ] [] - Shutting down the metrics collector
[2024-10-23 12:00:41,203] [36   ] [INFO ] [] - Initializing the metrics collector
[2024-10-23 12:00:41,212] [36   ] [INFO ] [] - MetricsCollector::Sender(49): _disableSentMetrics 1
[2024-10-23 12:00:41,212] [36   ] [INFO ] [] - MetricsCollector::Initialize(231): Initialized metrics collector
- session id: f57f0e04-9929-40bd-aeb2-d7b6c1daf30d
- device id: 4ca35884-a93a-48fc-ad16-80b2a90aa32e
- application id: Box Tools Win exe
- application name: BoxTools
- application version: 4.26.1.1109
- metric collection url: https://client-log.box.com/index.php?rm=box_gen204_json_record
- metric data path: C:\Users\pcedillo\AppData\Local\Box\Box Tools\Metrics\BoxTools_Metrics.db
- post callback: 05A80DD6
- log callback: 05A80DFE
- context: 00000000
- post interval in seconds: 600
- max records in a post: 100
- max db records: 500
- disable sender: true
[2024-10-23 12:00:41,222] [36   ] [INFO ] [] - Shutting down the metrics collector
[2024-10-23 12:10:41,169] [13   ] [INFO ] [] - Initializing the metrics collector
[2024-10-23 12:10:41,169] [13   ] [INFO ] [] - MetricsCollector::Sender(49): _disableSentMetrics 1
[2024-10-23 12:10:41,169] [13   ] [INFO ] [] - MetricsCollector::Initialize(231): Initialized metrics collector
- session id: f57f0e04-9929-40bd-aeb2-d7b6c1daf30d
- device id: 4ca35884-a93a-48fc-ad16-80b2a90aa32e
- application id: Box Tools Win exe
- application name: BoxTools
- application version: 4.26.1.1109
- metric collection url: https://client-log.box.com/index.php?rm=box_gen204_json_record
- metric data path: C:\Users\pcedillo\AppData\Local\Box\Box Tools\Metrics\BoxTools_Metrics.db
- post callback: 05A80DD6
- log callback: 05A80DFE
- context: 00000000
- post interval in seconds: 600
- max records in a post: 100
- max db records: 500
- disable sender: true
[2024-10-23 12:10:41,186] [13   ] [INFO ] [] - Shutting down the metrics collector
[2024-10-23 12:20:41,096] [11   ] [INFO ] [] - Initializing the metrics collector
[2024-10-23 12:20:41,096] [11   ] [INFO ] [] - MetricsCollector::Sender(49): _disableSentMetrics 1
[2024-10-23 12:20:41,096] [11   ] [INFO ] [] - MetricsCollector::Initialize(231): Initialized metrics collector
- session id: f57f0e04-9929-40bd-aeb2-d7b6c1daf30d
- device id: 4ca35884-a93a-48fc-ad16-80b2a90aa32e
- application id: Box Tools Win exe
- application name: BoxTools
- application version: 4.26.1.1109
- metric collection url: https://client-log.box.com/index.php?rm=box_gen204_json_record
- metric data path: C:\Users\pcedillo\AppData\Local\Box\Box Tools\Metrics\BoxTools_Metrics.db
- post callback: 05A80DD6
- log callback: 05A80DFE
- context: 00000000
- post interval in seconds: 600
- max records in a post: 100
- max db records: 500
- disable sender: true
[2024-10-23 12:20:41,112] [11   ] [INFO ] [] - Shutting down the metrics collector
[2024-10-23 12:30:41,052] [6    ] [INFO ] [] - Initializing the metrics collector
[2024-10-23 12:30:41,056] [6    ] [INFO ] [] - MetricsCollector::Sender(49): _disableSentMetrics 1
[2024-10-23 12:30:41,056] [6    ] [INFO ] [] - MetricsCollector::Initialize(231): Initialized metrics collector
- session id: f57f0e04-9929-40bd-aeb2-d7b6c1daf30d
- device id: 4ca35884-a93a-48fc-ad16-80b2a90aa32e
- application id: Box Tools Win exe
- application name: BoxTools
- application version: 4.26.1.1109
- metric collection url: https://client-log.box.com/index.php?rm=box_gen204_json_record
- metric data path: C:\Users\pcedillo\AppData\Local\Box\Box Tools\Metrics\BoxTools_Metrics.db
- post callback: 05A80DD6
- log callback: 05A80DFE
- context: 00000000
- post interval in seconds: 600
- max records in a post: 100
- max db records: 500
- disable sender: true
[2024-10-23 12:30:41,070] [6    ] [INFO ] [] - Shutting down the metrics collector
[2024-10-23 12:40:41,024] [17   ] [INFO ] [] - Initializing the metrics collector
[2024-10-23 12:40:41,036] [17   ] [INFO ] [] - MetricsCollector::Sender(49): _disableSentMetrics 1
[2024-10-23 12:40:41,036] [17   ] [INFO ] [] - MetricsCollector::Initialize(231): Initialized metrics collector
- session id: f57f0e04-9929-40bd-aeb2-d7b6c1daf30d
- device id: 4ca35884-a93a-48fc-ad16-80b2a90aa32e
- application id: Box Tools Win exe
- application name: BoxTools
- application version: 4.26.1.1109
- metric collection url: https://client-log.box.com/index.php?rm=box_gen204_json_record
- metric data path: C:\Users\pcedillo\AppData\Local\Box\Box Tools\Metrics\BoxTools_Metrics.db
- post callback: 05A80DD6
- log callback: 05A80DFE
- context: 00000000
- post interval in seconds: 600
- max records in a post: 100
- max db records: 500
- disable sender: true
[2024-10-23 12:40:41,040] [17   ] [INFO ] [] - Shutting down the metrics collector
[2024-10-23 12:50:40,996] [37   ] [INFO ] [] - Initializing the metrics collector
[2024-10-23 12:50:40,996] [37   ] [INFO ] [] - MetricsCollector::Sender(49): _disableSentMetrics 1
[2024-10-23 12:50:40,996] [37   ] [INFO ] [] - MetricsCollector::Initialize(231): Initialized metrics collector
- session id: f57f0e04-9929-40bd-aeb2-d7b6c1daf30d
- device id: 4ca35884-a93a-48fc-ad16-80b2a90aa32e
- application id: Box Tools Win exe
- application name: BoxTools
- application version: 4.26.1.1109
- metric collection url: https://client-log.box.com/index.php?rm=box_gen204_json_record
- metric data path: C:\Users\pcedillo\AppData\Local\Box\Box Tools\Metrics\BoxTools_Metrics.db
- post callback: 05A80DD6
- log callback: 05A80DFE
- context: 00000000
- post interval in seconds: 600
- max records in a post: 100
- max db records: 500
- disable sender: true
[2024-10-23 12:50:41,018] [37   ] [INFO ] [] - Shutting down the metrics collector
[2024-10-23 13:00:40,926] [9    ] [INFO ] [] - Initializing the metrics collector
[2024-10-23 13:00:40,926] [9    ] [INFO ] [] - MetricsCollector::Sender(49): _disableSentMetrics 1
[2024-10-23 13:00:40,926] [9    ] [INFO ] [] - MetricsCollector::Initialize(231): Initialized metrics collector
- session id: f57f0e04-9929-40bd-aeb2-d7b6c1daf30d
- device id: 4ca35884-a93a-48fc-ad16-80b2a90aa32e
- application id: Box Tools Win exe
- application name: BoxTools
- application version: 4.26.1.1109
- metric collection url: https://client-log.box.com/index.php?rm=box_gen204_json_record
- metric data path: C:\Users\pcedillo\AppData\Local\Box\Box Tools\Metrics\BoxTools_Metrics.db
- post callback: 05A80DD6
- log callback: 05A80DFE
- context: 00000000
- post interval in seconds: 600
- max records in a post: 100
- max db records: 500
- disable sender: true
[2024-10-23 13:00:40,944] [9    ] [INFO ] [] - Shutting down the metrics collector
[2024-10-23 13:10:40,893] [73   ] [INFO ] [] - Initializing the metrics collector
[2024-10-23 13:10:40,898] [73   ] [INFO ] [] - MetricsCollector::Sender(49): _disableSentMetrics 1
[2024-10-23 13:10:40,898] [73   ] [INFO ] [] - MetricsCollector::Initialize(231): Initialized metrics collector
- session id: f57f0e04-9929-40bd-aeb2-d7b6c1daf30d
- device id: 4ca35884-a93a-48fc-ad16-80b2a90aa32e
- application id: Box Tools Win exe
- application name: BoxTools
- application version: 4.26.1.1109
- metric collection url: https://client-log.box.com/index.php?rm=box_gen204_json_record
- metric data path: C:\Users\pcedillo\AppData\Local\Box\Box Tools\Metrics\BoxTools_Metrics.db
- post callback: 05A80DD6
- log callback: 05A80DFE
- context: 00000000
- post interval in seconds: 600
- max records in a post: 100
- max db records: 500
- disable sender: true
[2024-10-23 13:10:40,904] [73   ] [INFO ] [] - Shutting down the metrics collector
[2024-10-23 13:20:40,888] [38   ] [INFO ] [] - Initializing the metrics collector
[2024-10-23 13:20:40,888] [38   ] [INFO ] [] - MetricsCollector::Sender(49): _disableSentMetrics 1
[2024-10-23 13:20:40,888] [38   ] [INFO ] [] - MetricsCollector::Initialize(231): Initialized metrics collector
- session id: f57f0e04-9929-40bd-aeb2-d7b6c1daf30d
- device id: 4ca35884-a93a-48fc-ad16-80b2a90aa32e
- application id: Box Tools Win exe
- application name: BoxTools
- application version: 4.26.1.1109
- metric collection url: https://client-log.box.com/index.php?rm=box_gen204_json_record
- metric data path: C:\Users\pcedillo\AppData\Local\Box\Box Tools\Metrics\BoxTools_Metrics.db
- post callback: 05A80DD6
- log callback: 05A80DFE
- context: 00000000
- post interval in seconds: 600
- max records in a post: 100
- max db records: 500
- disable sender: true
[2024-10-23 13:20:40,903] [38   ] [INFO ] [] - Shutting down the metrics collector
[2024-10-23 13:24:54,949] [40   ] [INFO ] [] - Accepted Origin
[2024-10-23 13:24:54,965] [40   ] [INFO ] [] - Handling status request
[2024-10-23 13:30:40,893] [64   ] [INFO ] [] - Initializing the metrics collector
[2024-10-23 13:30:40,894] [64   ] [INFO ] [] - MetricsCollector::Sender(49): _disableSentMetrics 1
[2024-10-23 13:30:40,894] [64   ] [INFO ] [] - MetricsCollector::Initialize(231): Initialized metrics collector
- session id: f57f0e04-9929-40bd-aeb2-d7b6c1daf30d
- device id: 4ca35884-a93a-48fc-ad16-80b2a90aa32e
- application id: Box Tools Win exe
- application name: BoxTools
- application version: 4.26.1.1109
- metric collection url: https://client-log.box.com/index.php?rm=box_gen204_json_record
- metric data path: C:\Users\pcedillo\AppData\Local\Box\Box Tools\Metrics\BoxTools_Metrics.db
- post callback: 05A80DD6
- log callback: 05A80DFE
- context: 00000000
- post interval in seconds: 600
- max records in a post: 100
- max db records: 500
- disable sender: true
[2024-10-23 13:30:40,909] [64   ] [INFO ] [] - Shutting down the metrics collector
[2024-10-23 13:40:40,888] [21   ] [INFO ] [] - Initializing the metrics collector
[2024-10-23 13:40:40,888] [21   ] [INFO ] [] - MetricsCollector::Sender(49): _disableSentMetrics 1
[2024-10-23 13:40:40,888] [21   ] [INFO ] [] - MetricsCollector::Initialize(231): Initialized metrics collector
- session id: f57f0e04-9929-40bd-aeb2-d7b6c1daf30d
- device id: 4ca35884-a93a-48fc-ad16-80b2a90aa32e
- application id: Box Tools Win exe
- application name: BoxTools
- application version: 4.26.1.1109
- metric collection url: https://client-log.box.com/index.php?rm=box_gen204_json_record
- metric data path: C:\Users\pcedillo\AppData\Local\Box\Box Tools\Metrics\BoxTools_Metrics.db
- post callback: 05A80DD6
- log callback: 05A80DFE
- context: 00000000
- post interval in seconds: 600
- max records in a post: 100
- max db records: 500
- disable sender: true
[2024-10-23 13:40:40,903] [21   ] [INFO ] [] - Shutting down the metrics collector
[2024-10-23 13:50:40,904] [24   ] [INFO ] [] - Initializing the metrics collector
[2024-10-23 13:50:40,915] [24   ] [INFO ] [] - MetricsCollector::Sender(49): _disableSentMetrics 1
[2024-10-23 13:50:40,915] [24   ] [INFO ] [] - MetricsCollector::Initialize(231): Initialized metrics collector
- session id: f57f0e04-9929-40bd-aeb2-d7b6c1daf30d
- device id: 4ca35884-a93a-48fc-ad16-80b2a90aa32e
- application id: Box Tools Win exe
- application name: BoxTools
- application version: 4.26.1.1109
- metric collection url: https://client-log.box.com/index.php?rm=box_gen204_json_record
- metric data path: C:\Users\pcedillo\AppData\Local\Box\Box Tools\Metrics\BoxTools_Metrics.db
- post callback: 05A80DD6
- log callback: 05A80DFE
- context: 00000000
- post interval in seconds: 600
- max records in a post: 100
- max db records: 500
- disable sender: true
[2024-10-23 13:50:40,922] [24   ] [INFO ] [] - Shutting down the metrics collector
[2024-10-23 14:00:40,824] [22   ] [INFO ] [] - Initializing the metrics collector
[2024-10-23 14:00:40,824] [22   ] [INFO ] [] - MetricsCollector::Sender(49): _disableSentMetrics 1
[2024-10-23 14:00:40,824] [22   ] [INFO ] [] - MetricsCollector::Initialize(231): Initialized metrics collector
- session id: f57f0e04-9929-40bd-aeb2-d7b6c1daf30d
- device id: 4ca35884-a93a-48fc-ad16-80b2a90aa32e
- application id: Box Tools Win exe
- application name: BoxTools
- application version: 4.26.1.1109
- metric collection url: https://client-log.box.com/index.php?rm=box_gen204_json_record
- metric data path: C:\Users\pcedillo\AppData\Local\Box\Box Tools\Metrics\BoxTools_Metrics.db
- post callback: 05A80DD6
- log callback: 05A80DFE
- context: 00000000
- post interval in seconds: 600
- max records in a post: 100
- max db records: 500
- disable sender: true
[2024-10-23 14:00:40,845] [22   ] [INFO ] [] - Shutting down the metrics collector
[2024-10-23 14:10:40,705] [20   ] [INFO ] [] - Initializing the metrics collector
[2024-10-23 14:10:40,705] [20   ] [INFO ] [] - MetricsCollector::Sender(49): _disableSentMetrics 1
[2024-10-23 14:10:40,705] [20   ] [INFO ] [] - MetricsCollector::Initialize(231): Initialized metrics collector
- session id: f57f0e04-9929-40bd-aeb2-d7b6c1daf30d
- device id: 4ca35884-a93a-48fc-ad16-80b2a90aa32e
- application id: Box Tools Win exe
- application name: BoxTools
- application version: 4.26.1.1109
- metric collection url: https://client-log.box.com/index.php?rm=box_gen204_json_record
- metric data path: C:\Users\pcedillo\AppData\Local\Box\Box Tools\Metrics\BoxTools_Metrics.db
- post callback: 05A80DD6
- log callback: 05A80DFE
- context: 00000000
- post interval in seconds: 600
- max records in a post: 100
- max db records: 500
- disable sender: true
[2024-10-23 14:10:40,720] [20   ] [INFO ] [] - Shutting down the metrics collector
[2024-10-23 14:20:40,666] [64   ] [INFO ] [] - Initializing the metrics collector
[2024-10-23 14:20:40,666] [64   ] [INFO ] [] - MetricsCollector::Sender(49): _disableSentMetrics 1
[2024-10-23 14:20:40,666] [64   ] [INFO ] [] - MetricsCollector::Initialize(231): Initialized metrics collector
- session id: f57f0e04-9929-40bd-aeb2-d7b6c1daf30d
- device id: 4ca35884-a93a-48fc-ad16-80b2a90aa32e
- application id: Box Tools Win exe
- application name: BoxTools
- application version: 4.26.1.1109
- metric collection url: https://client-log.box.com/index.php?rm=box_gen204_json_record
- metric data path: C:\Users\pcedillo\AppData\Local\Box\Box Tools\Metrics\BoxTools_Metrics.db
- post callback: 05A80DD6
- log callback: 05A80DFE
- context: 00000000
- post interval in seconds: 600
- max records in a post: 100
- max db records: 500
- disable sender: true
[2024-10-23 14:20:40,682] [64   ] [INFO ] [] - Shutting down the metrics collector
[2024-10-23 14:30:40,634] [38   ] [INFO ] [] - Initializing the metrics collector
[2024-10-23 14:30:40,634] [38   ] [INFO ] [] - MetricsCollector::Sender(49): _disableSentMetrics 1
[2024-10-23 14:30:40,634] [38   ] [INFO ] [] - MetricsCollector::Initialize(231): Initialized metrics collector
- session id: f57f0e04-9929-40bd-aeb2-d7b6c1daf30d
- device id: 4ca35884-a93a-48fc-ad16-80b2a90aa32e
- application id: Box Tools Win exe
- application name: BoxTools
- application version: 4.26.1.1109
- metric collection url: https://client-log.box.com/index.php?rm=box_gen204_json_record
- metric data path: C:\Users\pcedillo\AppData\Local\Box\Box Tools\Metrics\BoxTools_Metrics.db
- post callback: 05A80DD6
- log callback: 05A80DFE
- context: 00000000
- post interval in seconds: 600
- max records in a post: 100
- max db records: 500
- disable sender: true
[2024-10-23 14:30:40,655] [38   ] [INFO ] [] - Shutting down the metrics collector
[2024-10-23 14:40:40,626] [73   ] [INFO ] [] - Initializing the metrics collector
[2024-10-23 14:40:40,626] [73   ] [INFO ] [] - MetricsCollector::Sender(49): _disableSentMetrics 1
[2024-10-23 14:40:40,626] [73   ] [INFO ] [] - MetricsCollector::Initialize(231): Initialized metrics collector
- session id: f57f0e04-9929-40bd-aeb2-d7b6c1daf30d
- device id: 4ca35884-a93a-48fc-ad16-80b2a90aa32e
- application id: Box Tools Win exe
- application name: BoxTools
- application version: 4.26.1.1109
- metric collection url: https://client-log.box.com/index.php?rm=box_gen204_json_record
- metric data path: C:\Users\pcedillo\AppData\Local\Box\Box Tools\Metrics\BoxTools_Metrics.db
- post callback: 05A80DD6
- log callback: 05A80DFE
- context: 00000000
- post interval in seconds: 600
- max records in a post: 100
- max db records: 500
- disable sender: true
[2024-10-23 14:40:40,626] [73   ] [INFO ] [] - Shutting down the metrics collector
[2024-10-23 14:50:40,631] [9    ] [INFO ] [] - Initializing the metrics collector
[2024-10-23 14:50:40,642] [9    ] [INFO ] [] - MetricsCollector::Sender(49): _disableSentMetrics 1
[2024-10-23 14:50:40,642] [9    ] [INFO ] [] - MetricsCollector::Initialize(231): Initialized metrics collector
- session id: f57f0e04-9929-40bd-aeb2-d7b6c1daf30d
- device id: 4ca35884-a93a-48fc-ad16-80b2a90aa32e
- application id: Box Tools Win exe
- application name: BoxTools
- application version: 4.26.1.1109
- metric collection url: https://client-log.box.com/index.php?rm=box_gen204_json_record
- metric data path: C:\Users\pcedillo\AppData\Local\Box\Box Tools\Metrics\BoxTools_Metrics.db
- post callback: 05A80DD6
- log callback: 05A80DFE
- context: 00000000
- post interval in seconds: 600
- max records in a post: 100
- max db records: 500
- disable sender: true
[2024-10-23 14:50:40,649] [9    ] [INFO ] [] - Shutting down the metrics collector
[2024-10-23 15:00:40,618] [63   ] [INFO ] [] - Initializing the metrics collector
[2024-10-23 15:00:40,622] [63   ] [INFO ] [] - MetricsCollector::Sender(49): _disableSentMetrics 1
[2024-10-23 15:00:40,622] [63   ] [INFO ] [] - MetricsCollector::Initialize(231): Initialized metrics collector
- session id: f57f0e04-9929-40bd-aeb2-d7b6c1daf30d
- device id: 4ca35884-a93a-48fc-ad16-80b2a90aa32e
- application id: Box Tools Win exe
- application name: BoxTools
- application version: 4.26.1.1109
- metric collection url: https://client-log.box.com/index.php?rm=box_gen204_json_record
- metric data path: C:\Users\pcedillo\AppData\Local\Box\Box Tools\Metrics\BoxTools_Metrics.db
- post callback: 05A80DD6
- log callback: 05A80DFE
- context: 00000000
- post interval in seconds: 600
- max records in a post: 100
- max db records: 500
- disable sender: true
[2024-10-23 15:00:40,637] [63   ] [INFO ] [] - Shutting down the metrics collector
[2024-10-23 15:10:40,524] [17   ] [INFO ] [] - Initializing the metrics collector
[2024-10-23 15:10:40,524] [17   ] [INFO ] [] - MetricsCollector::Sender(49): _disableSentMetrics 1
[2024-10-23 15:10:40,524] [17   ] [INFO ] [] - MetricsCollector::Initialize(231): Initialized metrics collector
- session id: f57f0e04-9929-40bd-aeb2-d7b6c1daf30d
- device id: 4ca35884-a93a-48fc-ad16-80b2a90aa32e
- application id: Box Tools Win exe
- application name: BoxTools
- application version: 4.26.1.1109
- metric collection url: https://client-log.box.com/index.php?rm=box_gen204_json_record
- metric data path: C:\Users\pcedillo\AppData\Local\Box\Box Tools\Metrics\BoxTools_Metrics.db
- post callback: 05A80DD6
- log callback: 05A80DFE
- context: 00000000
- post interval in seconds: 600
- max records in a post: 100
- max db records: 500
- disable sender: true
[2024-10-23 15:10:40,524] [17   ] [INFO ] [] - Shutting down the metrics collector
[2024-10-23 15:20:40,439] [6    ] [INFO ] [] - Initializing the metrics collector
[2024-10-23 15:20:40,440] [6    ] [INFO ] [] - MetricsCollector::Sender(49): _disableSentMetrics 1
[2024-10-23 15:20:40,440] [6    ] [INFO ] [] - MetricsCollector::Initialize(231): Initialized metrics collector
- session id: f57f0e04-9929-40bd-aeb2-d7b6c1daf30d
- device id: 4ca35884-a93a-48fc-ad16-80b2a90aa32e
- application id: Box Tools Win exe
- application name: BoxTools
- application version: 4.26.1.1109
- metric collection url: https://client-log.box.com/index.php?rm=box_gen204_json_record
- metric data path: C:\Users\pcedillo\AppData\Local\Box\Box Tools\Metrics\BoxTools_Metrics.db
- post callback: 05A80DD6
- log callback: 05A80DFE
- context: 00000000
- post interval in seconds: 600
- max records in a post: 100
- max db records: 500
- disable sender: true
[2024-10-23 15:20:40,456] [6    ] [INFO ] [] - Shutting down the metrics collector
[2024-10-23 15:30:40,391] [16   ] [INFO ] [] - Initializing the metrics collector
[2024-10-23 15:30:40,400] [16   ] [INFO ] [] - MetricsCollector::Sender(49): _disableSentMetrics 1
[2024-10-23 15:30:40,400] [16   ] [INFO ] [] - MetricsCollector::Initialize(231): Initialized metrics collector
- session id: f57f0e04-9929-40bd-aeb2-d7b6c1daf30d
- device id: 4ca35884-a93a-48fc-ad16-80b2a90aa32e
- application id: Box Tools Win exe
- application name: BoxTools
- application version: 4.26.1.1109
- metric collection url: https://client-log.box.com/index.php?rm=box_gen204_json_record
- metric data path: C:\Users\pcedillo\AppData\Local\Box\Box Tools\Metrics\BoxTools_Metrics.db
- post callback: 05A80DD6
- log callback: 05A80DFE
- context: 00000000
- post interval in seconds: 600
- max records in a post: 100
- max db records: 500
- disable sender: true
[2024-10-23 15:30:40,409] [16   ] [INFO ] [] - Shutting down the metrics collector
[2024-10-23 15:40:40,368] [82   ] [INFO ] [] - Initializing the metrics collector
[2024-10-23 15:40:40,368] [82   ] [INFO ] [] - MetricsCollector::Sender(49): _disableSentMetrics 1
[2024-10-23 15:40:40,368] [82   ] [INFO ] [] - MetricsCollector::Initialize(231): Initialized metrics collector
- session id: f57f0e04-9929-40bd-aeb2-d7b6c1daf30d
- device id: 4ca35884-a93a-48fc-ad16-80b2a90aa32e
- application id: Box Tools Win exe
- application name: BoxTools
- application version: 4.26.1.1109
- metric collection url: https://client-log.box.com/index.php?rm=box_gen204_json_record
- metric data path: C:\Users\pcedillo\AppData\Local\Box\Box Tools\Metrics\BoxTools_Metrics.db
- post callback: 05A80DD6
- log callback: 05A80DFE
- context: 00000000
- post interval in seconds: 600
- max records in a post: 100
- max db records: 500
- disable sender: true
[2024-10-23 15:40:40,368] [82   ] [INFO ] [] - Shutting down the metrics collector
[2024-10-23 15:50:40,350] [17   ] [INFO ] [] - Initializing the metrics collector
[2024-10-23 15:50:40,350] [17   ] [INFO ] [] - MetricsCollector::Sender(49): _disableSentMetrics 1
[2024-10-23 15:50:40,350] [17   ] [INFO ] [] - MetricsCollector::Initialize(231): Initialized metrics collector
- session id: f57f0e04-9929-40bd-aeb2-d7b6c1daf30d
- device id: 4ca35884-a93a-48fc-ad16-80b2a90aa32e
- application id: Box Tools Win exe
- application name: BoxTools
- application version: 4.26.1.1109
- metric collection url: https://client-log.box.com/index.php?rm=box_gen204_json_record
- metric data path: C:\Users\pcedillo\AppData\Local\Box\Box Tools\Metrics\BoxTools_Metrics.db
- post callback: 05A80DD6
- log callback: 05A80DFE
- context: 00000000
- post interval in seconds: 600
- max records in a post: 100
- max db records: 500
- disable sender: true
[2024-10-23 15:50:40,382] [17   ] [INFO ] [] - Shutting down the metrics collector
[2024-10-23 16:00:40,340] [6    ] [INFO ] [] - Initializing the metrics collector
[2024-10-23 16:00:40,340] [6    ] [INFO ] [] - MetricsCollector::Sender(49): _disableSentMetrics 1
[2024-10-23 16:00:40,340] [6    ] [INFO ] [] - MetricsCollector::Initialize(231): Initialized metrics collector
- session id: f57f0e04-9929-40bd-aeb2-d7b6c1daf30d
- device id: 4ca35884-a93a-48fc-ad16-80b2a90aa32e
- application id: Box Tools Win exe
- application name: BoxTools
- application version: 4.26.1.1109
- metric collection url: https://client-log.box.com/index.php?rm=box_gen204_json_record
- metric data path: C:\Users\pcedillo\AppData\Local\Box\Box Tools\Metrics\BoxTools_Metrics.db
- post callback: 05A80DD6
- log callback: 05A80DFE
- context: 00000000
- post interval in seconds: 600
- max records in a post: 100
- max db records: 500
- disable sender: true
[2024-10-23 16:00:40,356] [6    ] [INFO ] [] - Shutting down the metrics collector
[2024-10-23 16:10:40,351] [82   ] [INFO ] [] - Initializing the metrics collector
[2024-10-23 16:10:40,354] [82   ] [INFO ] [] - MetricsCollector::Sender(49): _disableSentMetrics 1
[2024-10-23 16:10:40,354] [82   ] [INFO ] [] - MetricsCollector::Initialize(231): Initialized metrics collector
- session id: f57f0e04-9929-40bd-aeb2-d7b6c1daf30d
- device id: 4ca35884-a93a-48fc-ad16-80b2a90aa32e
- application id: Box Tools Win exe
- application name: BoxTools
- application version: 4.26.1.1109
- metric collection url: https://client-log.box.com/index.php?rm=box_gen204_json_record
- metric data path: C:\Users\pcedillo\AppData\Local\Box\Box Tools\Metrics\BoxTools_Metrics.db
- post callback: 05A80DD6
- log callback: 05A80DFE
- context: 00000000
- post interval in seconds: 600
- max records in a post: 100
- max db records: 500
- disable sender: true
[2024-10-23 16:10:40,354] [82   ] [INFO ] [] - Shutting down the metrics collector
[2024-10-23 16:20:40,244] [16   ] [INFO ] [] - Initializing the metrics collector
[2024-10-23 16:20:40,244] [16   ] [INFO ] [] - MetricsCollector::Sender(49): _disableSentMetrics 1
[2024-10-23 16:20:40,244] [16   ] [INFO ] [] - MetricsCollector::Initialize(231): Initialized metrics collector
- session id: f57f0e04-9929-40bd-aeb2-d7b6c1daf30d
- device id: 4ca35884-a93a-48fc-ad16-80b2a90aa32e
- application id: Box Tools Win exe
- application name: BoxTools
- application version: 4.26.1.1109
- metric collection url: https://client-log.box.com/index.php?rm=box_gen204_json_record
- metric data path: C:\Users\pcedillo\AppData\Local\Box\Box Tools\Metrics\BoxTools_Metrics.db
- post callback: 05A80DD6
- log callback: 05A80DFE
- context: 00000000
- post interval in seconds: 600
- max records in a post: 100
- max db records: 500
- disable sender: true
[2024-10-23 16:20:40,261] [16   ] [INFO ] [] - Shutting down the metrics collector
[2024-10-23 16:30:40,186] [63   ] [INFO ] [] - Initializing the metrics collector
[2024-10-23 16:30:40,189] [63   ] [INFO ] [] - MetricsCollector::Sender(49): _disableSentMetrics 1
[2024-10-23 16:30:40,189] [63   ] [INFO ] [] - MetricsCollector::Initialize(231): Initialized metrics collector
- session id: f57f0e04-9929-40bd-aeb2-d7b6c1daf30d
- device id: 4ca35884-a93a-48fc-ad16-80b2a90aa32e
- application id: Box Tools Win exe
- application name: BoxTools
- application version: 4.26.1.1109
- metric collection url: https://client-log.box.com/index.php?rm=box_gen204_json_record
- metric data path: C:\Users\pcedillo\AppData\Local\Box\Box Tools\Metrics\BoxTools_Metrics.db
- post callback: 05A80DD6
- log callback: 05A80DFE
- context: 00000000
- post interval in seconds: 600
- max records in a post: 100
- max db records: 500
- disable sender: true
[2024-10-23 16:30:40,201] [63   ] [INFO ] [] - Shutting down the metrics collector
[2024-10-23 16:40:40,149] [67   ] [INFO ] [] - Initializing the metrics collector
[2024-10-23 16:40:40,154] [67   ] [INFO ] [] - MetricsCollector::Sender(49): _disableSentMetrics 1
[2024-10-23 16:40:40,154] [67   ] [INFO ] [] - MetricsCollector::Initialize(231): Initialized metrics collector
- session id: f57f0e04-9929-40bd-aeb2-d7b6c1daf30d
- device id: 4ca35884-a93a-48fc-ad16-80b2a90aa32e
- application id: Box Tools Win exe
- application name: BoxTools
- application version: 4.26.1.1109
- metric collection url: https://client-log.box.com/index.php?rm=box_gen204_json_record
- metric data path: C:\Users\pcedillo\AppData\Local\Box\Box Tools\Metrics\BoxTools_Metrics.db
- post callback: 05A80DD6
- log callback: 05A80DFE
- context: 00000000
- post interval in seconds: 600
- max records in a post: 100
- max db records: 500
- disable sender: true
[2024-10-23 16:40:40,162] [67   ] [INFO ] [] - Shutting down the metrics collector
[2024-10-23 16:50:40,136] [9    ] [INFO ] [] - Initializing the metrics collector
[2024-10-23 16:50:40,136] [9    ] [INFO ] [] - MetricsCollector::Sender(49): _disableSentMetrics 1
[2024-10-23 16:50:40,136] [9    ] [INFO ] [] - MetricsCollector::Initialize(231): Initialized metrics collector
- session id: f57f0e04-9929-40bd-aeb2-d7b6c1daf30d
- device id: 4ca35884-a93a-48fc-ad16-80b2a90aa32e
- application id: Box Tools Win exe
- application name: BoxTools
- application version: 4.26.1.1109
- metric collection url: https://client-log.box.com/index.php?rm=box_gen204_json_record
- metric data path: C:\Users\pcedillo\AppData\Local\Box\Box Tools\Metrics\BoxTools_Metrics.db
- post callback: 05A80DD6
- log callback: 05A80DFE
- context: 00000000
- post interval in seconds: 600
- max records in a post: 100
- max db records: 500
- disable sender: true
[2024-10-23 16:50:40,152] [9    ] [INFO ] [] - Shutting down the metrics collector
[2024-10-23 17:00:40,109] [63   ] [INFO ] [] - Initializing the metrics collector
[2024-10-23 17:00:40,109] [63   ] [INFO ] [] - MetricsCollector::Sender(49): _disableSentMetrics 1
[2024-10-23 17:00:40,109] [63   ] [INFO ] [] - MetricsCollector::Initialize(231): Initialized metrics collector
- session id: f57f0e04-9929-40bd-aeb2-d7b6c1daf30d
- device id: 4ca35884-a93a-48fc-ad16-80b2a90aa32e
- application id: Box Tools Win exe
- application name: BoxTools
- application version: 4.26.1.1109
- metric collection url: https://client-log.box.com/index.php?rm=box_gen204_json_record
- metric data path: C:\Users\pcedillo\AppData\Local\Box\Box Tools\Metrics\BoxTools_Metrics.db
- post callback: 05A80DD6
- log callback: 05A80DFE
- context: 00000000
- post interval in seconds: 600
- max records in a post: 100
- max db records: 500
- disable sender: true
[2024-10-23 17:00:40,126] [63   ] [INFO ] [] - Shutting down the metrics collector
