[2025-01-18 04:53:22,920] [26   ] [INFO ] [] - Initializing the metrics collector
[2025-01-18 04:53:22,934] [26   ] [INFO ] [] - MetricsCollector::Sender(49): _disableSentMetrics 1
[2025-01-18 04:53:22,934] [26   ] [INFO ] [] - MetricsCollector::Initialize(231): Initialized metrics collector
- session id: 4c30067f-ca99-4153-b7e7-89c211a34109
- device id: 4ca35884-a93a-48fc-ad16-80b2a90aa32e
- application id: Box Tools Win exe
- application name: BoxTools
- application version: 4.27.1.1145
- metric collection url: https://client-log.box.com/index.php?rm=box_gen204_json_record
- metric data path: C:\Users\pcedillo\AppData\Local\Box\Box Tools\Metrics\BoxTools_Metrics.db
- post callback: 059104C6
- log callback: 059161FE
- context: 00000000
- post interval in seconds: 600
- max records in a post: 100
- max db records: 500
- disable sender: true
[2025-01-18 04:53:22,941] [26   ] [INFO ] [] - Shutting down the metrics collector
[2025-01-18 05:03:26,287] [28   ] [INFO ] [] - Initializing the metrics collector
[2025-01-18 05:03:26,297] [28   ] [INFO ] [] - MetricsCollector::Sender(49): _disableSentMetrics 1
[2025-01-18 05:03:26,299] [28   ] [INFO ] [] - MetricsCollector::Initialize(231): Initialized metrics collector
- session id: 4c30067f-ca99-4153-b7e7-89c211a34109
- device id: 4ca35884-a93a-48fc-ad16-80b2a90aa32e
- application id: Box Tools Win exe
- application name: BoxTools
- application version: 4.27.1.1145
- metric collection url: https://client-log.box.com/index.php?rm=box_gen204_json_record
- metric data path: C:\Users\pcedillo\AppData\Local\Box\Box Tools\Metrics\BoxTools_Metrics.db
- post callback: 059104C6
- log callback: 059161FE
- context: 00000000
- post interval in seconds: 600
- max records in a post: 100
- max db records: 500
- disable sender: true
[2025-01-18 05:03:26,312] [28   ] [INFO ] [] - Shutting down the metrics collector
