[2024-12-13 08:52:33,820] [37   ] [INFO ] [] - Initializing the metrics collector
[2024-12-13 08:52:33,848] [37   ] [INFO ] [] - MetricsCollector::Sender(49): _disableSentMetrics 1
[2024-12-13 08:52:33,849] [37   ] [INFO ] [] - MetricsCollector::Initialize(231): Initialized metrics collector
- session id: bbb6203e-ae89-459e-acb4-abbc16bbc449
- device id: 4ca35884-a93a-48fc-ad16-80b2a90aa32e
- application id: Box Tools Win exe
- application name: BoxTools
- application version: 4.27.1.1145
- metric collection url: https://client-log.box.com/index.php?rm=box_gen204_json_record
- metric data path: C:\Users\pcedillo\AppData\Local\Box\Box Tools\Metrics\BoxTools_Metrics.db
- post callback: 053904C6
- log callback: 05395FF6
- context: 00000000
- post interval in seconds: 600
- max records in a post: 100
- max db records: 500
- disable sender: true
[2024-12-13 08:52:33,865] [37   ] [INFO ] [] - Shutting down the metrics collector
[2024-12-13 09:02:33,827] [37   ] [INFO ] [] - Initializing the metrics collector
[2024-12-13 09:02:33,835] [37   ] [INFO ] [] - MetricsCollector::Sender(49): _disableSentMetrics 1
[2024-12-13 09:02:33,836] [37   ] [INFO ] [] - MetricsCollector::Initialize(231): Initialized metrics collector
- session id: bbb6203e-ae89-459e-acb4-abbc16bbc449
- device id: 4ca35884-a93a-48fc-ad16-80b2a90aa32e
- application id: Box Tools Win exe
- application name: BoxTools
- application version: 4.27.1.1145
- metric collection url: https://client-log.box.com/index.php?rm=box_gen204_json_record
- metric data path: C:\Users\pcedillo\AppData\Local\Box\Box Tools\Metrics\BoxTools_Metrics.db
- post callback: 053904C6
- log callback: 05395FF6
- context: 00000000
- post interval in seconds: 600
- max records in a post: 100
- max db records: 500
- disable sender: true
[2024-12-13 09:02:33,848] [37   ] [INFO ] [] - Shutting down the metrics collector
[2024-12-13 09:12:33,837] [37   ] [INFO ] [] - Initializing the metrics collector
[2024-12-13 09:12:33,853] [37   ] [INFO ] [] - MetricsCollector::Sender(49): _disableSentMetrics 1
[2024-12-13 09:12:33,853] [37   ] [INFO ] [] - MetricsCollector::Initialize(231): Initialized metrics collector
- session id: bbb6203e-ae89-459e-acb4-abbc16bbc449
- device id: 4ca35884-a93a-48fc-ad16-80b2a90aa32e
- application id: Box Tools Win exe
- application name: BoxTools
- application version: 4.27.1.1145
- metric collection url: https://client-log.box.com/index.php?rm=box_gen204_json_record
- metric data path: C:\Users\pcedillo\AppData\Local\Box\Box Tools\Metrics\BoxTools_Metrics.db
- post callback: 053904C6
- log callback: 05395FF6
- context: 00000000
- post interval in seconds: 600
- max records in a post: 100
- max db records: 500
- disable sender: true
[2024-12-13 09:12:33,868] [37   ] [INFO ] [] - Shutting down the metrics collector
[2024-12-13 09:22:33,855] [37   ] [INFO ] [] - Initializing the metrics collector
[2024-12-13 09:22:33,870] [37   ] [INFO ] [] - MetricsCollector::Sender(49): _disableSentMetrics 1
[2024-12-13 09:22:33,871] [37   ] [INFO ] [] - MetricsCollector::Initialize(231): Initialized metrics collector
- session id: bbb6203e-ae89-459e-acb4-abbc16bbc449
- device id: 4ca35884-a93a-48fc-ad16-80b2a90aa32e
- application id: Box Tools Win exe
- application name: BoxTools
- application version: 4.27.1.1145
- metric collection url: https://client-log.box.com/index.php?rm=box_gen204_json_record
- metric data path: C:\Users\pcedillo\AppData\Local\Box\Box Tools\Metrics\BoxTools_Metrics.db
- post callback: 053904C6
- log callback: 05395FF6
- context: 00000000
- post interval in seconds: 600
- max records in a post: 100
- max db records: 500
- disable sender: true
[2024-12-13 09:22:33,885] [37   ] [INFO ] [] - Shutting down the metrics collector
[2024-12-13 09:32:33,865] [37   ] [INFO ] [] - Initializing the metrics collector
[2024-12-13 09:32:33,879] [37   ] [INFO ] [] - MetricsCollector::Sender(49): _disableSentMetrics 1
[2024-12-13 09:32:33,880] [37   ] [INFO ] [] - MetricsCollector::Initialize(231): Initialized metrics collector
- session id: bbb6203e-ae89-459e-acb4-abbc16bbc449
- device id: 4ca35884-a93a-48fc-ad16-80b2a90aa32e
- application id: Box Tools Win exe
- application name: BoxTools
- application version: 4.27.1.1145
- metric collection url: https://client-log.box.com/index.php?rm=box_gen204_json_record
- metric data path: C:\Users\pcedillo\AppData\Local\Box\Box Tools\Metrics\BoxTools_Metrics.db
- post callback: 053904C6
- log callback: 05395FF6
- context: 00000000
- post interval in seconds: 600
- max records in a post: 100
- max db records: 500
- disable sender: true
[2024-12-13 09:32:33,894] [37   ] [INFO ] [] - Shutting down the metrics collector
[2024-12-13 09:42:33,863] [37   ] [INFO ] [] - Initializing the metrics collector
[2024-12-13 09:42:33,877] [37   ] [INFO ] [] - MetricsCollector::Sender(49): _disableSentMetrics 1
[2024-12-13 09:42:33,878] [37   ] [INFO ] [] - MetricsCollector::Initialize(231): Initialized metrics collector
- session id: bbb6203e-ae89-459e-acb4-abbc16bbc449
- device id: 4ca35884-a93a-48fc-ad16-80b2a90aa32e
- application id: Box Tools Win exe
- application name: BoxTools
- application version: 4.27.1.1145
- metric collection url: https://client-log.box.com/index.php?rm=box_gen204_json_record
- metric data path: C:\Users\pcedillo\AppData\Local\Box\Box Tools\Metrics\BoxTools_Metrics.db
- post callback: 053904C6
- log callback: 05395FF6
- context: 00000000
- post interval in seconds: 600
- max records in a post: 100
- max db records: 500
- disable sender: true
[2024-12-13 09:42:33,893] [37   ] [INFO ] [] - Shutting down the metrics collector
[2024-12-13 09:52:33,887] [37   ] [INFO ] [] - Initializing the metrics collector
[2024-12-13 09:52:33,900] [37   ] [INFO ] [] - MetricsCollector::Sender(49): _disableSentMetrics 1
[2024-12-13 09:52:33,900] [37   ] [INFO ] [] - MetricsCollector::Initialize(231): Initialized metrics collector
- session id: bbb6203e-ae89-459e-acb4-abbc16bbc449
- device id: 4ca35884-a93a-48fc-ad16-80b2a90aa32e
- application id: Box Tools Win exe
- application name: BoxTools
- application version: 4.27.1.1145
- metric collection url: https://client-log.box.com/index.php?rm=box_gen204_json_record
- metric data path: C:\Users\pcedillo\AppData\Local\Box\Box Tools\Metrics\BoxTools_Metrics.db
- post callback: 053904C6
- log callback: 05395FF6
- context: 00000000
- post interval in seconds: 600
- max records in a post: 100
- max db records: 500
- disable sender: true
[2024-12-13 09:52:33,914] [37   ] [INFO ] [] - Shutting down the metrics collector
[2024-12-13 10:02:33,886] [37   ] [INFO ] [] - Initializing the metrics collector
[2024-12-13 10:02:33,899] [37   ] [INFO ] [] - MetricsCollector::Sender(49): _disableSentMetrics 1
[2024-12-13 10:02:33,899] [37   ] [INFO ] [] - MetricsCollector::Initialize(231): Initialized metrics collector
- session id: bbb6203e-ae89-459e-acb4-abbc16bbc449
- device id: 4ca35884-a93a-48fc-ad16-80b2a90aa32e
- application id: Box Tools Win exe
- application name: BoxTools
- application version: 4.27.1.1145
- metric collection url: https://client-log.box.com/index.php?rm=box_gen204_json_record
- metric data path: C:\Users\pcedillo\AppData\Local\Box\Box Tools\Metrics\BoxTools_Metrics.db
- post callback: 053904C6
- log callback: 05395FF6
- context: 00000000
- post interval in seconds: 600
- max records in a post: 100
- max db records: 500
- disable sender: true
[2024-12-13 10:02:33,914] [37   ] [INFO ] [] - Shutting down the metrics collector
[2024-12-13 10:12:33,906] [23   ] [INFO ] [] - Initializing the metrics collector
[2024-12-13 10:12:33,921] [23   ] [INFO ] [] - MetricsCollector::Sender(49): _disableSentMetrics 1
[2024-12-13 10:12:33,921] [23   ] [INFO ] [] - MetricsCollector::Initialize(231): Initialized metrics collector
- session id: bbb6203e-ae89-459e-acb4-abbc16bbc449
- device id: 4ca35884-a93a-48fc-ad16-80b2a90aa32e
- application id: Box Tools Win exe
- application name: BoxTools
- application version: 4.27.1.1145
- metric collection url: https://client-log.box.com/index.php?rm=box_gen204_json_record
- metric data path: C:\Users\pcedillo\AppData\Local\Box\Box Tools\Metrics\BoxTools_Metrics.db
- post callback: 053904C6
- log callback: 05395FF6
- context: 00000000
- post interval in seconds: 600
- max records in a post: 100
- max db records: 500
- disable sender: true
[2024-12-13 10:12:33,936] [23   ] [INFO ] [] - Shutting down the metrics collector
[2024-12-13 10:22:33,917] [21   ] [INFO ] [] - Initializing the metrics collector
[2024-12-13 10:22:33,932] [21   ] [INFO ] [] - MetricsCollector::Sender(49): _disableSentMetrics 1
[2024-12-13 10:22:33,933] [21   ] [INFO ] [] - MetricsCollector::Initialize(231): Initialized metrics collector
- session id: bbb6203e-ae89-459e-acb4-abbc16bbc449
- device id: 4ca35884-a93a-48fc-ad16-80b2a90aa32e
- application id: Box Tools Win exe
- application name: BoxTools
- application version: 4.27.1.1145
- metric collection url: https://client-log.box.com/index.php?rm=box_gen204_json_record
- metric data path: C:\Users\pcedillo\AppData\Local\Box\Box Tools\Metrics\BoxTools_Metrics.db
- post callback: 053904C6
- log callback: 05395FF6
- context: 00000000
- post interval in seconds: 600
- max records in a post: 100
- max db records: 500
- disable sender: true
[2024-12-13 10:22:33,947] [21   ] [INFO ] [] - Shutting down the metrics collector
[2024-12-13 10:32:33,930] [21   ] [INFO ] [] - Initializing the metrics collector
[2024-12-13 10:32:33,944] [21   ] [INFO ] [] - MetricsCollector::Sender(49): _disableSentMetrics 1
[2024-12-13 10:32:33,945] [21   ] [INFO ] [] - MetricsCollector::Initialize(231): Initialized metrics collector
- session id: bbb6203e-ae89-459e-acb4-abbc16bbc449
- device id: 4ca35884-a93a-48fc-ad16-80b2a90aa32e
- application id: Box Tools Win exe
- application name: BoxTools
- application version: 4.27.1.1145
- metric collection url: https://client-log.box.com/index.php?rm=box_gen204_json_record
- metric data path: C:\Users\pcedillo\AppData\Local\Box\Box Tools\Metrics\BoxTools_Metrics.db
- post callback: 053904C6
- log callback: 05395FF6
- context: 00000000
- post interval in seconds: 600
- max records in a post: 100
- max db records: 500
- disable sender: true
[2024-12-13 10:32:33,960] [21   ] [INFO ] [] - Shutting down the metrics collector
[2024-12-13 10:42:33,938] [21   ] [INFO ] [] - Initializing the metrics collector
[2024-12-13 10:42:33,943] [21   ] [INFO ] [] - MetricsCollector::Sender(49): _disableSentMetrics 1
[2024-12-13 10:42:33,943] [21   ] [INFO ] [] - MetricsCollector::Initialize(231): Initialized metrics collector
- session id: bbb6203e-ae89-459e-acb4-abbc16bbc449
- device id: 4ca35884-a93a-48fc-ad16-80b2a90aa32e
- application id: Box Tools Win exe
- application name: BoxTools
- application version: 4.27.1.1145
- metric collection url: https://client-log.box.com/index.php?rm=box_gen204_json_record
- metric data path: C:\Users\pcedillo\AppData\Local\Box\Box Tools\Metrics\BoxTools_Metrics.db
- post callback: 053904C6
- log callback: 05395FF6
- context: 00000000
- post interval in seconds: 600
- max records in a post: 100
- max db records: 500
- disable sender: true
[2024-12-13 10:42:33,951] [21   ] [INFO ] [] - Shutting down the metrics collector
[2024-12-13 10:52:33,948] [21   ] [INFO ] [] - Initializing the metrics collector
[2024-12-13 10:52:33,961] [21   ] [INFO ] [] - MetricsCollector::Sender(49): _disableSentMetrics 1
[2024-12-13 10:52:33,961] [21   ] [INFO ] [] - MetricsCollector::Initialize(231): Initialized metrics collector
- session id: bbb6203e-ae89-459e-acb4-abbc16bbc449
- device id: 4ca35884-a93a-48fc-ad16-80b2a90aa32e
- application id: Box Tools Win exe
- application name: BoxTools
- application version: 4.27.1.1145
- metric collection url: https://client-log.box.com/index.php?rm=box_gen204_json_record
- metric data path: C:\Users\pcedillo\AppData\Local\Box\Box Tools\Metrics\BoxTools_Metrics.db
- post callback: 053904C6
- log callback: 05395FF6
- context: 00000000
- post interval in seconds: 600
- max records in a post: 100
- max db records: 500
- disable sender: true
[2024-12-13 10:52:33,975] [21   ] [INFO ] [] - Shutting down the metrics collector
[2024-12-13 11:02:33,956] [14   ] [INFO ] [] - Initializing the metrics collector
[2024-12-13 11:02:33,969] [14   ] [INFO ] [] - MetricsCollector::Sender(49): _disableSentMetrics 1
[2024-12-13 11:02:33,971] [14   ] [INFO ] [] - MetricsCollector::Initialize(231): Initialized metrics collector
- session id: bbb6203e-ae89-459e-acb4-abbc16bbc449
- device id: 4ca35884-a93a-48fc-ad16-80b2a90aa32e
- application id: Box Tools Win exe
- application name: BoxTools
- application version: 4.27.1.1145
- metric collection url: https://client-log.box.com/index.php?rm=box_gen204_json_record
- metric data path: C:\Users\pcedillo\AppData\Local\Box\Box Tools\Metrics\BoxTools_Metrics.db
- post callback: 053904C6
- log callback: 05395FF6
- context: 00000000
- post interval in seconds: 600
- max records in a post: 100
- max db records: 500
- disable sender: true
[2024-12-13 11:02:33,985] [14   ] [INFO ] [] - Shutting down the metrics collector
[2024-12-13 11:12:33,961] [11   ] [INFO ] [] - Initializing the metrics collector
[2024-12-13 11:12:33,968] [11   ] [INFO ] [] - MetricsCollector::Sender(49): _disableSentMetrics 1
[2024-12-13 11:12:33,968] [11   ] [INFO ] [] - MetricsCollector::Initialize(231): Initialized metrics collector
- session id: bbb6203e-ae89-459e-acb4-abbc16bbc449
- device id: 4ca35884-a93a-48fc-ad16-80b2a90aa32e
- application id: Box Tools Win exe
- application name: BoxTools
- application version: 4.27.1.1145
- metric collection url: https://client-log.box.com/index.php?rm=box_gen204_json_record
- metric data path: C:\Users\pcedillo\AppData\Local\Box\Box Tools\Metrics\BoxTools_Metrics.db
- post callback: 053904C6
- log callback: 05395FF6
- context: 00000000
- post interval in seconds: 600
- max records in a post: 100
- max db records: 500
- disable sender: true
[2024-12-13 11:12:33,977] [11   ] [INFO ] [] - Shutting down the metrics collector
[2024-12-13 11:22:33,973] [43   ] [INFO ] [] - Initializing the metrics collector
[2024-12-13 11:22:33,981] [43   ] [INFO ] [] - MetricsCollector::Sender(49): _disableSentMetrics 1
[2024-12-13 11:22:33,983] [43   ] [INFO ] [] - MetricsCollector::Initialize(231): Initialized metrics collector
- session id: bbb6203e-ae89-459e-acb4-abbc16bbc449
- device id: 4ca35884-a93a-48fc-ad16-80b2a90aa32e
- application id: Box Tools Win exe
- application name: BoxTools
- application version: 4.27.1.1145
- metric collection url: https://client-log.box.com/index.php?rm=box_gen204_json_record
- metric data path: C:\Users\pcedillo\AppData\Local\Box\Box Tools\Metrics\BoxTools_Metrics.db
- post callback: 053904C6
- log callback: 05395FF6
- context: 00000000
- post interval in seconds: 600
- max records in a post: 100
- max db records: 500
- disable sender: true
[2024-12-13 11:22:33,991] [43   ] [INFO ] [] - Shutting down the metrics collector
[2024-12-13 11:32:33,970] [44   ] [INFO ] [] - Initializing the metrics collector
[2024-12-13 11:32:33,984] [44   ] [INFO ] [] - MetricsCollector::Sender(49): _disableSentMetrics 1
[2024-12-13 11:32:33,985] [44   ] [INFO ] [] - MetricsCollector::Initialize(231): Initialized metrics collector
- session id: bbb6203e-ae89-459e-acb4-abbc16bbc449
- device id: 4ca35884-a93a-48fc-ad16-80b2a90aa32e
- application id: Box Tools Win exe
- application name: BoxTools
- application version: 4.27.1.1145
- metric collection url: https://client-log.box.com/index.php?rm=box_gen204_json_record
- metric data path: C:\Users\pcedillo\AppData\Local\Box\Box Tools\Metrics\BoxTools_Metrics.db
- post callback: 053904C6
- log callback: 05395FF6
- context: 00000000
- post interval in seconds: 600
- max records in a post: 100
- max db records: 500
- disable sender: true
[2024-12-13 11:32:33,995] [44   ] [INFO ] [] - Shutting down the metrics collector
[2024-12-13 11:42:33,992] [47   ] [INFO ] [] - Initializing the metrics collector
[2024-12-13 11:42:34,004] [47   ] [INFO ] [] - MetricsCollector::Sender(49): _disableSentMetrics 1
[2024-12-13 11:42:34,006] [47   ] [INFO ] [] - MetricsCollector::Initialize(231): Initialized metrics collector
- session id: bbb6203e-ae89-459e-acb4-abbc16bbc449
- device id: 4ca35884-a93a-48fc-ad16-80b2a90aa32e
- application id: Box Tools Win exe
- application name: BoxTools
- application version: 4.27.1.1145
- metric collection url: https://client-log.box.com/index.php?rm=box_gen204_json_record
- metric data path: C:\Users\pcedillo\AppData\Local\Box\Box Tools\Metrics\BoxTools_Metrics.db
- post callback: 053904C6
- log callback: 05395FF6
- context: 00000000
- post interval in seconds: 600
- max records in a post: 100
- max db records: 500
- disable sender: true
[2024-12-13 11:42:34,020] [47   ] [INFO ] [] - Shutting down the metrics collector
[2024-12-13 11:52:34,001] [48   ] [INFO ] [] - Initializing the metrics collector
[2024-12-13 11:52:34,017] [48   ] [INFO ] [] - MetricsCollector::Sender(49): _disableSentMetrics 1
[2024-12-13 11:52:34,018] [48   ] [INFO ] [] - MetricsCollector::Initialize(231): Initialized metrics collector
- session id: bbb6203e-ae89-459e-acb4-abbc16bbc449
- device id: 4ca35884-a93a-48fc-ad16-80b2a90aa32e
- application id: Box Tools Win exe
- application name: BoxTools
- application version: 4.27.1.1145
- metric collection url: https://client-log.box.com/index.php?rm=box_gen204_json_record
- metric data path: C:\Users\pcedillo\AppData\Local\Box\Box Tools\Metrics\BoxTools_Metrics.db
- post callback: 053904C6
- log callback: 05395FF6
- context: 00000000
- post interval in seconds: 600
- max records in a post: 100
- max db records: 500
- disable sender: true
[2024-12-13 11:52:34,033] [48   ] [INFO ] [] - Shutting down the metrics collector
[2024-12-13 12:02:34,018] [49   ] [INFO ] [] - Initializing the metrics collector
[2024-12-13 12:02:34,029] [49   ] [INFO ] [] - MetricsCollector::Sender(49): _disableSentMetrics 1
[2024-12-13 12:02:34,029] [49   ] [INFO ] [] - MetricsCollector::Initialize(231): Initialized metrics collector
- session id: bbb6203e-ae89-459e-acb4-abbc16bbc449
- device id: 4ca35884-a93a-48fc-ad16-80b2a90aa32e
- application id: Box Tools Win exe
- application name: BoxTools
- application version: 4.27.1.1145
- metric collection url: https://client-log.box.com/index.php?rm=box_gen204_json_record
- metric data path: C:\Users\pcedillo\AppData\Local\Box\Box Tools\Metrics\BoxTools_Metrics.db
- post callback: 053904C6
- log callback: 05395FF6
- context: 00000000
- post interval in seconds: 600
- max records in a post: 100
- max db records: 500
- disable sender: true
[2024-12-13 12:02:34,035] [49   ] [INFO ] [] - Shutting down the metrics collector
[2024-12-13 12:12:34,039] [52   ] [INFO ] [] - Initializing the metrics collector
[2024-12-13 12:12:34,053] [52   ] [INFO ] [] - MetricsCollector::Sender(49): _disableSentMetrics 1
[2024-12-13 12:12:34,054] [52   ] [INFO ] [] - MetricsCollector::Initialize(231): Initialized metrics collector
- session id: bbb6203e-ae89-459e-acb4-abbc16bbc449
- device id: 4ca35884-a93a-48fc-ad16-80b2a90aa32e
- application id: Box Tools Win exe
- application name: BoxTools
- application version: 4.27.1.1145
- metric collection url: https://client-log.box.com/index.php?rm=box_gen204_json_record
- metric data path: C:\Users\pcedillo\AppData\Local\Box\Box Tools\Metrics\BoxTools_Metrics.db
- post callback: 053904C6
- log callback: 05395FF6
- context: 00000000
- post interval in seconds: 600
- max records in a post: 100
- max db records: 500
- disable sender: true
[2024-12-13 12:12:34,065] [52   ] [INFO ] [] - Shutting down the metrics collector
[2024-12-13 13:33:30,073] [54   ] [INFO ] [] - Initializing the metrics collector
[2024-12-13 13:33:30,081] [54   ] [INFO ] [] - MetricsCollector::Sender(49): _disableSentMetrics 1
[2024-12-13 13:33:30,082] [54   ] [INFO ] [] - MetricsCollector::Initialize(231): Initialized metrics collector
- session id: bbb6203e-ae89-459e-acb4-abbc16bbc449
- device id: 4ca35884-a93a-48fc-ad16-80b2a90aa32e
- application id: Box Tools Win exe
- application name: BoxTools
- application version: 4.27.1.1145
- metric collection url: https://client-log.box.com/index.php?rm=box_gen204_json_record
- metric data path: C:\Users\pcedillo\AppData\Local\Box\Box Tools\Metrics\BoxTools_Metrics.db
- post callback: 053904C6
- log callback: 05395FF6
- context: 00000000
- post interval in seconds: 600
- max records in a post: 100
- max db records: 500
- disable sender: true
[2024-12-13 13:33:30,091] [54   ] [INFO ] [] - Shutting down the metrics collector
[2024-12-13 16:14:03,070] [54   ] [INFO ] [] - Initializing the metrics collector
[2024-12-13 16:14:03,076] [54   ] [INFO ] [] - MetricsCollector::Sender(49): _disableSentMetrics 1
[2024-12-13 16:14:03,076] [54   ] [INFO ] [] - MetricsCollector::Initialize(231): Initialized metrics collector
- session id: bbb6203e-ae89-459e-acb4-abbc16bbc449
- device id: 4ca35884-a93a-48fc-ad16-80b2a90aa32e
- application id: Box Tools Win exe
- application name: BoxTools
- application version: 4.27.1.1145
- metric collection url: https://client-log.box.com/index.php?rm=box_gen204_json_record
- metric data path: C:\Users\pcedillo\AppData\Local\Box\Box Tools\Metrics\BoxTools_Metrics.db
- post callback: 053904C6
- log callback: 05395FF6
- context: 00000000
- post interval in seconds: 600
- max records in a post: 100
- max db records: 500
- disable sender: true
[2024-12-13 16:14:03,084] [54   ] [INFO ] [] - Shutting down the metrics collector
[2024-12-13 16:24:03,079] [59   ] [INFO ] [] - Initializing the metrics collector
[2024-12-13 16:24:03,095] [59   ] [INFO ] [] - MetricsCollector::Sender(49): _disableSentMetrics 1
[2024-12-13 16:24:03,096] [59   ] [INFO ] [] - MetricsCollector::Initialize(231): Initialized metrics collector
- session id: bbb6203e-ae89-459e-acb4-abbc16bbc449
- device id: 4ca35884-a93a-48fc-ad16-80b2a90aa32e
- application id: Box Tools Win exe
- application name: BoxTools
- application version: 4.27.1.1145
- metric collection url: https://client-log.box.com/index.php?rm=box_gen204_json_record
- metric data path: C:\Users\pcedillo\AppData\Local\Box\Box Tools\Metrics\BoxTools_Metrics.db
- post callback: 053904C6
- log callback: 05395FF6
- context: 00000000
- post interval in seconds: 600
- max records in a post: 100
- max db records: 500
- disable sender: true
[2024-12-13 16:24:03,112] [59   ] [INFO ] [] - Shutting down the metrics collector
[2024-12-13 16:34:03,098] [6    ] [INFO ] [] - Initializing the metrics collector
[2024-12-13 16:34:03,109] [6    ] [INFO ] [] - MetricsCollector::Sender(49): _disableSentMetrics 1
[2024-12-13 16:34:03,109] [6    ] [INFO ] [] - MetricsCollector::Initialize(231): Initialized metrics collector
- session id: bbb6203e-ae89-459e-acb4-abbc16bbc449
- device id: 4ca35884-a93a-48fc-ad16-80b2a90aa32e
- application id: Box Tools Win exe
- application name: BoxTools
- application version: 4.27.1.1145
- metric collection url: https://client-log.box.com/index.php?rm=box_gen204_json_record
- metric data path: C:\Users\pcedillo\AppData\Local\Box\Box Tools\Metrics\BoxTools_Metrics.db
- post callback: 053904C6
- log callback: 05395FF6
- context: 00000000
- post interval in seconds: 600
- max records in a post: 100
- max db records: 500
- disable sender: true
[2024-12-13 16:34:03,120] [6    ] [INFO ] [] - Shutting down the metrics collector
