[2025-05-04 17:15:25,356] [79   ] [INFO ] [] - Accepted Origin
[2025-05-04 17:15:25,423] [79   ] [INFO ] [] - Handling status request
[2025-05-04 17:16:40,928] [82   ] [INFO ] [] - Initializing the metrics collector
[2025-05-04 17:16:40,989] [82   ] [INFO ] [] - MetricsCollector::Sender(49): _disableSentMetrics 1
[2025-05-04 17:16:41,031] [82   ] [INFO ] [] - MetricsCollector::Initialize(231): Initialized metrics collector
- session id: fa7fa09c-94c0-4d08-ad3d-e603efee1017
- device id: 4ca35884-a93a-48fc-ad16-80b2a90aa32e
- application id: Box Tools Win exe
- application name: BoxTools
- application version: 4.28.1.1163
- metric collection url: https://client-log.box.com/index.php?rm=box_gen204_json_record
- metric data path: C:\Users\pcedillo\AppData\Local\Box\Box Tools\Metrics\BoxTools_Metrics_EFD61745.db
- post callback: 05D42F2E
- log callback: 05D42F56
- context: 00000000
- post interval in seconds: 600
- max records in a post: 100
- max db records: 500
- disable sender: true
[2025-05-04 17:16:41,115] [82   ] [INFO ] [] - Shutting down the metrics collector
[2025-05-04 17:26:40,932] [80   ] [INFO ] [] - Initializing the metrics collector
[2025-05-04 17:26:40,995] [80   ] [INFO ] [] - MetricsCollector::Sender(49): _disableSentMetrics 1
[2025-05-04 17:26:40,997] [80   ] [INFO ] [] - MetricsCollector::Initialize(231): Initialized metrics collector
- session id: fa7fa09c-94c0-4d08-ad3d-e603efee1017
- device id: 4ca35884-a93a-48fc-ad16-80b2a90aa32e
- application id: Box Tools Win exe
- application name: BoxTools
- application version: 4.28.1.1163
- metric collection url: https://client-log.box.com/index.php?rm=box_gen204_json_record
- metric data path: C:\Users\pcedillo\AppData\Local\Box\Box Tools\Metrics\BoxTools_Metrics_EFD61745.db
- post callback: 05D42F2E
- log callback: 05D42F56
- context: 00000000
- post interval in seconds: 600
- max records in a post: 100
- max db records: 500
- disable sender: true
[2025-05-04 17:26:41,040] [80   ] [INFO ] [] - Shutting down the metrics collector
[2025-05-04 17:36:40,917] [78   ] [INFO ] [] - Initializing the metrics collector
[2025-05-04 17:36:40,932] [78   ] [INFO ] [] - MetricsCollector::Sender(49): _disableSentMetrics 1
[2025-05-04 17:36:40,932] [78   ] [INFO ] [] - MetricsCollector::Initialize(231): Initialized metrics collector
- session id: fa7fa09c-94c0-4d08-ad3d-e603efee1017
- device id: 4ca35884-a93a-48fc-ad16-80b2a90aa32e
- application id: Box Tools Win exe
- application name: BoxTools
- application version: 4.28.1.1163
- metric collection url: https://client-log.box.com/index.php?rm=box_gen204_json_record
- metric data path: C:\Users\pcedillo\AppData\Local\Box\Box Tools\Metrics\BoxTools_Metrics_EFD61745.db
- post callback: 05D42F2E
- log callback: 05D42F56
- context: 00000000
- post interval in seconds: 600
- max records in a post: 100
- max db records: 500
- disable sender: true
[2025-05-04 17:36:40,963] [78   ] [INFO ] [] - Shutting down the metrics collector
[2025-05-04 17:46:40,935] [76   ] [INFO ] [] - Initializing the metrics collector
[2025-05-04 17:46:40,935] [76   ] [INFO ] [] - MetricsCollector::Sender(49): _disableSentMetrics 1
[2025-05-04 17:46:40,935] [76   ] [INFO ] [] - MetricsCollector::Initialize(231): Initialized metrics collector
- session id: fa7fa09c-94c0-4d08-ad3d-e603efee1017
- device id: 4ca35884-a93a-48fc-ad16-80b2a90aa32e
- application id: Box Tools Win exe
- application name: BoxTools
- application version: 4.28.1.1163
- metric collection url: https://client-log.box.com/index.php?rm=box_gen204_json_record
- metric data path: C:\Users\pcedillo\AppData\Local\Box\Box Tools\Metrics\BoxTools_Metrics_EFD61745.db
- post callback: 05D42F2E
- log callback: 05D42F56
- context: 00000000
- post interval in seconds: 600
- max records in a post: 100
- max db records: 500
- disable sender: true
[2025-05-04 17:46:40,935] [76   ] [INFO ] [] - Shutting down the metrics collector
[2025-05-04 17:56:40,950] [42   ] [INFO ] [] - Initializing the metrics collector
[2025-05-04 17:56:40,950] [42   ] [INFO ] [] - MetricsCollector::Sender(49): _disableSentMetrics 1
[2025-05-04 17:56:40,950] [42   ] [INFO ] [] - MetricsCollector::Initialize(231): Initialized metrics collector
- session id: fa7fa09c-94c0-4d08-ad3d-e603efee1017
- device id: 4ca35884-a93a-48fc-ad16-80b2a90aa32e
- application id: Box Tools Win exe
- application name: BoxTools
- application version: 4.28.1.1163
- metric collection url: https://client-log.box.com/index.php?rm=box_gen204_json_record
- metric data path: C:\Users\pcedillo\AppData\Local\Box\Box Tools\Metrics\BoxTools_Metrics_EFD61745.db
- post callback: 05D42F2E
- log callback: 05D42F56
- context: 00000000
- post interval in seconds: 600
- max records in a post: 100
- max db records: 500
- disable sender: true
[2025-05-04 17:56:40,950] [42   ] [INFO ] [] - Shutting down the metrics collector
[2025-05-04 18:06:40,970] [44   ] [INFO ] [] - Initializing the metrics collector
[2025-05-04 18:06:40,970] [44   ] [INFO ] [] - MetricsCollector::Sender(49): _disableSentMetrics 1
[2025-05-04 18:06:40,970] [44   ] [INFO ] [] - MetricsCollector::Initialize(231): Initialized metrics collector
- session id: fa7fa09c-94c0-4d08-ad3d-e603efee1017
- device id: 4ca35884-a93a-48fc-ad16-80b2a90aa32e
- application id: Box Tools Win exe
- application name: BoxTools
- application version: 4.28.1.1163
- metric collection url: https://client-log.box.com/index.php?rm=box_gen204_json_record
- metric data path: C:\Users\pcedillo\AppData\Local\Box\Box Tools\Metrics\BoxTools_Metrics_EFD61745.db
- post callback: 05D42F2E
- log callback: 05D42F56
- context: 00000000
- post interval in seconds: 600
- max records in a post: 100
- max db records: 500
- disable sender: true
[2025-05-04 18:06:40,985] [44   ] [INFO ] [] - Shutting down the metrics collector
[2025-05-04 18:16:40,984] [43   ] [INFO ] [] - Initializing the metrics collector
[2025-05-04 18:16:40,984] [43   ] [INFO ] [] - MetricsCollector::Sender(49): _disableSentMetrics 1
[2025-05-04 18:16:40,984] [43   ] [INFO ] [] - MetricsCollector::Initialize(231): Initialized metrics collector
- session id: fa7fa09c-94c0-4d08-ad3d-e603efee1017
- device id: 4ca35884-a93a-48fc-ad16-80b2a90aa32e
- application id: Box Tools Win exe
- application name: BoxTools
- application version: 4.28.1.1163
- metric collection url: https://client-log.box.com/index.php?rm=box_gen204_json_record
- metric data path: C:\Users\pcedillo\AppData\Local\Box\Box Tools\Metrics\BoxTools_Metrics_EFD61745.db
- post callback: 05D42F2E
- log callback: 05D42F56
- context: 00000000
- post interval in seconds: 600
- max records in a post: 100
- max db records: 500
- disable sender: true
[2025-05-04 18:16:41,000] [43   ] [INFO ] [] - Shutting down the metrics collector
[2025-05-04 18:26:40,986] [46   ] [INFO ] [] - Initializing the metrics collector
[2025-05-04 18:26:40,993] [46   ] [INFO ] [] - MetricsCollector::Sender(49): _disableSentMetrics 1
[2025-05-04 18:26:40,993] [46   ] [INFO ] [] - MetricsCollector::Initialize(231): Initialized metrics collector
- session id: fa7fa09c-94c0-4d08-ad3d-e603efee1017
- device id: 4ca35884-a93a-48fc-ad16-80b2a90aa32e
- application id: Box Tools Win exe
- application name: BoxTools
- application version: 4.28.1.1163
- metric collection url: https://client-log.box.com/index.php?rm=box_gen204_json_record
- metric data path: C:\Users\pcedillo\AppData\Local\Box\Box Tools\Metrics\BoxTools_Metrics_EFD61745.db
- post callback: 05D42F2E
- log callback: 05D42F56
- context: 00000000
- post interval in seconds: 600
- max records in a post: 100
- max db records: 500
- disable sender: true
[2025-05-04 18:26:41,003] [46   ] [INFO ] [] - Shutting down the metrics collector
[2025-05-04 18:36:40,980] [48   ] [INFO ] [] - Initializing the metrics collector
[2025-05-04 18:36:41,004] [48   ] [INFO ] [] - MetricsCollector::Sender(49): _disableSentMetrics 1
[2025-05-04 18:36:41,004] [48   ] [INFO ] [] - MetricsCollector::Initialize(231): Initialized metrics collector
- session id: fa7fa09c-94c0-4d08-ad3d-e603efee1017
- device id: 4ca35884-a93a-48fc-ad16-80b2a90aa32e
- application id: Box Tools Win exe
- application name: BoxTools
- application version: 4.28.1.1163
- metric collection url: https://client-log.box.com/index.php?rm=box_gen204_json_record
- metric data path: C:\Users\pcedillo\AppData\Local\Box\Box Tools\Metrics\BoxTools_Metrics_EFD61745.db
- post callback: 05D42F2E
- log callback: 05D42F56
- context: 00000000
- post interval in seconds: 600
- max records in a post: 100
- max db records: 500
- disable sender: true
[2025-05-04 18:36:41,020] [48   ] [INFO ] [] - Shutting down the metrics collector
[2025-05-04 18:46:41,002] [50   ] [INFO ] [] - Initializing the metrics collector
[2025-05-04 18:46:41,006] [50   ] [INFO ] [] - MetricsCollector::Sender(49): _disableSentMetrics 1
[2025-05-04 18:46:41,006] [50   ] [INFO ] [] - MetricsCollector::Initialize(231): Initialized metrics collector
- session id: fa7fa09c-94c0-4d08-ad3d-e603efee1017
- device id: 4ca35884-a93a-48fc-ad16-80b2a90aa32e
- application id: Box Tools Win exe
- application name: BoxTools
- application version: 4.28.1.1163
- metric collection url: https://client-log.box.com/index.php?rm=box_gen204_json_record
- metric data path: C:\Users\pcedillo\AppData\Local\Box\Box Tools\Metrics\BoxTools_Metrics_EFD61745.db
- post callback: 05D42F2E
- log callback: 05D42F56
- context: 00000000
- post interval in seconds: 600
- max records in a post: 100
- max db records: 500
- disable sender: true
[2025-05-04 18:46:41,017] [50   ] [INFO ] [] - Shutting down the metrics collector
[2025-05-04 18:56:41,019] [47   ] [INFO ] [] - Initializing the metrics collector
[2025-05-04 18:56:41,026] [47   ] [INFO ] [] - MetricsCollector::Sender(49): _disableSentMetrics 1
[2025-05-04 18:56:41,026] [47   ] [INFO ] [] - MetricsCollector::Initialize(231): Initialized metrics collector
- session id: fa7fa09c-94c0-4d08-ad3d-e603efee1017
- device id: 4ca35884-a93a-48fc-ad16-80b2a90aa32e
- application id: Box Tools Win exe
- application name: BoxTools
- application version: 4.28.1.1163
- metric collection url: https://client-log.box.com/index.php?rm=box_gen204_json_record
- metric data path: C:\Users\pcedillo\AppData\Local\Box\Box Tools\Metrics\BoxTools_Metrics_EFD61745.db
- post callback: 05D42F2E
- log callback: 05D42F56
- context: 00000000
- post interval in seconds: 600
- max records in a post: 100
- max db records: 500
- disable sender: true
[2025-05-04 18:56:41,035] [47   ] [INFO ] [] - Shutting down the metrics collector
