[2025-05-13 09:03:44,372] [40   ] [INFO ] [] - Accepted Origin
[2025-05-13 09:03:44,440] [40   ] [INFO ] [] - Handling status request
[2025-05-13 09:05:39,849] [36   ] [INFO ] [] - Initializing the metrics collector
[2025-05-13 09:05:39,915] [36   ] [INFO ] [] - MetricsCollector::Sender(49): _disableSentMetrics 1
[2025-05-13 09:05:39,917] [36   ] [INFO ] [] - MetricsCollector::Initialize(231): Initialized metrics collector
- session id: fa7fa09c-94c0-4d08-ad3d-e603efee1017
- device id: 4ca35884-a93a-48fc-ad16-80b2a90aa32e
- application id: Box Tools Win exe
- application name: BoxTools
- application version: 4.28.1.1163
- metric collection url: https://client-log.box.com/index.php?rm=box_gen204_json_record
- metric data path: C:\Users\pcedillo\AppData\Local\Box\Box Tools\Metrics\BoxTools_Metrics_EFD61745.db
- post callback: 05D42F2E
- log callback: 05D42F56
- context: 00000000
- post interval in seconds: 600
- max records in a post: 100
- max db records: 500
- disable sender: true
[2025-05-13 09:05:39,977] [36   ] [INFO ] [] - Shutting down the metrics collector
[2025-05-13 09:15:39,279] [70   ] [INFO ] [] - Initializing the metrics collector
[2025-05-13 09:15:39,311] [70   ] [INFO ] [] - MetricsCollector::Sender(49): _disableSentMetrics 1
[2025-05-13 09:15:39,313] [70   ] [INFO ] [] - MetricsCollector::Initialize(231): Initialized metrics collector
- session id: fa7fa09c-94c0-4d08-ad3d-e603efee1017
- device id: 4ca35884-a93a-48fc-ad16-80b2a90aa32e
- application id: Box Tools Win exe
- application name: BoxTools
- application version: 4.28.1.1163
- metric collection url: https://client-log.box.com/index.php?rm=box_gen204_json_record
- metric data path: C:\Users\pcedillo\AppData\Local\Box\Box Tools\Metrics\BoxTools_Metrics_EFD61745.db
- post callback: 05D42F2E
- log callback: 05D42F56
- context: 00000000
- post interval in seconds: 600
- max records in a post: 100
- max db records: 500
- disable sender: true
[2025-05-13 09:15:39,350] [70   ] [INFO ] [] - Shutting down the metrics collector
[2025-05-13 09:25:39,271] [33   ] [INFO ] [] - Initializing the metrics collector
[2025-05-13 09:25:39,370] [33   ] [INFO ] [] - MetricsCollector::Sender(49): _disableSentMetrics 1
[2025-05-13 09:25:39,372] [33   ] [INFO ] [] - MetricsCollector::Initialize(231): Initialized metrics collector
- session id: fa7fa09c-94c0-4d08-ad3d-e603efee1017
- device id: 4ca35884-a93a-48fc-ad16-80b2a90aa32e
- application id: Box Tools Win exe
- application name: BoxTools
- application version: 4.28.1.1163
- metric collection url: https://client-log.box.com/index.php?rm=box_gen204_json_record
- metric data path: C:\Users\pcedillo\AppData\Local\Box\Box Tools\Metrics\BoxTools_Metrics_EFD61745.db
- post callback: 05D42F2E
- log callback: 05D42F56
- context: 00000000
- post interval in seconds: 600
- max records in a post: 100
- max db records: 500
- disable sender: true
[2025-05-13 09:25:39,423] [33   ] [INFO ] [] - Shutting down the metrics collector
[2025-05-13 09:35:39,262] [66   ] [INFO ] [] - Initializing the metrics collector
[2025-05-13 09:35:39,273] [66   ] [INFO ] [] - MetricsCollector::Sender(49): _disableSentMetrics 1
[2025-05-13 09:35:39,273] [66   ] [INFO ] [] - MetricsCollector::Initialize(231): Initialized metrics collector
- session id: fa7fa09c-94c0-4d08-ad3d-e603efee1017
- device id: 4ca35884-a93a-48fc-ad16-80b2a90aa32e
- application id: Box Tools Win exe
- application name: BoxTools
- application version: 4.28.1.1163
- metric collection url: https://client-log.box.com/index.php?rm=box_gen204_json_record
- metric data path: C:\Users\pcedillo\AppData\Local\Box\Box Tools\Metrics\BoxTools_Metrics_EFD61745.db
- post callback: 05D42F2E
- log callback: 05D42F56
- context: 00000000
- post interval in seconds: 600
- max records in a post: 100
- max db records: 500
- disable sender: true
[2025-05-13 09:35:39,282] [66   ] [INFO ] [] - Shutting down the metrics collector
[2025-05-13 09:45:39,230] [70   ] [INFO ] [] - Initializing the metrics collector
[2025-05-13 09:45:39,243] [70   ] [INFO ] [] - MetricsCollector::Sender(49): _disableSentMetrics 1
[2025-05-13 09:45:39,244] [70   ] [INFO ] [] - MetricsCollector::Initialize(231): Initialized metrics collector
- session id: fa7fa09c-94c0-4d08-ad3d-e603efee1017
- device id: 4ca35884-a93a-48fc-ad16-80b2a90aa32e
- application id: Box Tools Win exe
- application name: BoxTools
- application version: 4.28.1.1163
- metric collection url: https://client-log.box.com/index.php?rm=box_gen204_json_record
- metric data path: C:\Users\pcedillo\AppData\Local\Box\Box Tools\Metrics\BoxTools_Metrics_EFD61745.db
- post callback: 05D42F2E
- log callback: 05D42F56
- context: 00000000
- post interval in seconds: 600
- max records in a post: 100
- max db records: 500
- disable sender: true
[2025-05-13 09:45:39,256] [70   ] [INFO ] [] - Shutting down the metrics collector
[2025-05-13 09:55:39,217] [3    ] [INFO ] [] - Initializing the metrics collector
[2025-05-13 09:55:39,230] [3    ] [INFO ] [] - MetricsCollector::Sender(49): _disableSentMetrics 1
[2025-05-13 09:55:39,231] [3    ] [INFO ] [] - MetricsCollector::Initialize(231): Initialized metrics collector
- session id: fa7fa09c-94c0-4d08-ad3d-e603efee1017
- device id: 4ca35884-a93a-48fc-ad16-80b2a90aa32e
- application id: Box Tools Win exe
- application name: BoxTools
- application version: 4.28.1.1163
- metric collection url: https://client-log.box.com/index.php?rm=box_gen204_json_record
- metric data path: C:\Users\pcedillo\AppData\Local\Box\Box Tools\Metrics\BoxTools_Metrics_EFD61745.db
- post callback: 05D42F2E
- log callback: 05D42F56
- context: 00000000
- post interval in seconds: 600
- max records in a post: 100
- max db records: 500
- disable sender: true
[2025-05-13 09:55:39,245] [3    ] [INFO ] [] - Shutting down the metrics collector
[2025-05-13 10:05:39,206] [3    ] [INFO ] [] - Initializing the metrics collector
[2025-05-13 10:05:39,213] [3    ] [INFO ] [] - MetricsCollector::Sender(49): _disableSentMetrics 1
[2025-05-13 10:05:39,213] [3    ] [INFO ] [] - MetricsCollector::Initialize(231): Initialized metrics collector
- session id: fa7fa09c-94c0-4d08-ad3d-e603efee1017
- device id: 4ca35884-a93a-48fc-ad16-80b2a90aa32e
- application id: Box Tools Win exe
- application name: BoxTools
- application version: 4.28.1.1163
- metric collection url: https://client-log.box.com/index.php?rm=box_gen204_json_record
- metric data path: C:\Users\pcedillo\AppData\Local\Box\Box Tools\Metrics\BoxTools_Metrics_EFD61745.db
- post callback: 05D42F2E
- log callback: 05D42F56
- context: 00000000
- post interval in seconds: 600
- max records in a post: 100
- max db records: 500
- disable sender: true
[2025-05-13 10:05:39,220] [3    ] [INFO ] [] - Shutting down the metrics collector
[2025-05-13 10:15:39,201] [52   ] [INFO ] [] - Initializing the metrics collector
[2025-05-13 10:15:39,214] [52   ] [INFO ] [] - MetricsCollector::Sender(49): _disableSentMetrics 1
[2025-05-13 10:15:39,215] [52   ] [INFO ] [] - MetricsCollector::Initialize(231): Initialized metrics collector
- session id: fa7fa09c-94c0-4d08-ad3d-e603efee1017
- device id: 4ca35884-a93a-48fc-ad16-80b2a90aa32e
- application id: Box Tools Win exe
- application name: BoxTools
- application version: 4.28.1.1163
- metric collection url: https://client-log.box.com/index.php?rm=box_gen204_json_record
- metric data path: C:\Users\pcedillo\AppData\Local\Box\Box Tools\Metrics\BoxTools_Metrics_EFD61745.db
- post callback: 05D42F2E
- log callback: 05D42F56
- context: 00000000
- post interval in seconds: 600
- max records in a post: 100
- max db records: 500
- disable sender: true
[2025-05-13 10:15:39,227] [52   ] [INFO ] [] - Shutting down the metrics collector
[2025-05-13 10:25:39,203] [79   ] [INFO ] [] - Initializing the metrics collector
[2025-05-13 10:25:39,216] [79   ] [INFO ] [] - MetricsCollector::Sender(49): _disableSentMetrics 1
[2025-05-13 10:25:39,216] [79   ] [INFO ] [] - MetricsCollector::Initialize(231): Initialized metrics collector
- session id: fa7fa09c-94c0-4d08-ad3d-e603efee1017
- device id: 4ca35884-a93a-48fc-ad16-80b2a90aa32e
- application id: Box Tools Win exe
- application name: BoxTools
- application version: 4.28.1.1163
- metric collection url: https://client-log.box.com/index.php?rm=box_gen204_json_record
- metric data path: C:\Users\pcedillo\AppData\Local\Box\Box Tools\Metrics\BoxTools_Metrics_EFD61745.db
- post callback: 05D42F2E
- log callback: 05D42F56
- context: 00000000
- post interval in seconds: 600
- max records in a post: 100
- max db records: 500
- disable sender: true
[2025-05-13 10:25:39,226] [79   ] [INFO ] [] - Shutting down the metrics collector
[2025-05-13 10:35:39,179] [79   ] [INFO ] [] - Initializing the metrics collector
[2025-05-13 10:35:39,192] [79   ] [INFO ] [] - MetricsCollector::Sender(49): _disableSentMetrics 1
[2025-05-13 10:35:39,192] [79   ] [INFO ] [] - MetricsCollector::Initialize(231): Initialized metrics collector
- session id: fa7fa09c-94c0-4d08-ad3d-e603efee1017
- device id: 4ca35884-a93a-48fc-ad16-80b2a90aa32e
- application id: Box Tools Win exe
- application name: BoxTools
- application version: 4.28.1.1163
- metric collection url: https://client-log.box.com/index.php?rm=box_gen204_json_record
- metric data path: C:\Users\pcedillo\AppData\Local\Box\Box Tools\Metrics\BoxTools_Metrics_EFD61745.db
- post callback: 05D42F2E
- log callback: 05D42F56
- context: 00000000
- post interval in seconds: 600
- max records in a post: 100
- max db records: 500
- disable sender: true
[2025-05-13 10:35:39,200] [79   ] [INFO ] [] - Shutting down the metrics collector
[2025-05-13 10:45:39,174] [79   ] [INFO ] [] - Initializing the metrics collector
[2025-05-13 10:45:39,192] [79   ] [INFO ] [] - MetricsCollector::Sender(49): _disableSentMetrics 1
[2025-05-13 10:45:39,192] [79   ] [INFO ] [] - MetricsCollector::Initialize(231): Initialized metrics collector
- session id: fa7fa09c-94c0-4d08-ad3d-e603efee1017
- device id: 4ca35884-a93a-48fc-ad16-80b2a90aa32e
- application id: Box Tools Win exe
- application name: BoxTools
- application version: 4.28.1.1163
- metric collection url: https://client-log.box.com/index.php?rm=box_gen204_json_record
- metric data path: C:\Users\pcedillo\AppData\Local\Box\Box Tools\Metrics\BoxTools_Metrics_EFD61745.db
- post callback: 05D42F2E
- log callback: 05D42F56
- context: 00000000
- post interval in seconds: 600
- max records in a post: 100
- max db records: 500
- disable sender: true
[2025-05-13 10:45:39,217] [79   ] [INFO ] [] - Shutting down the metrics collector
[2025-05-13 10:55:39,173] [79   ] [INFO ] [] - Initializing the metrics collector
[2025-05-13 10:55:39,194] [79   ] [INFO ] [] - MetricsCollector::Sender(49): _disableSentMetrics 1
[2025-05-13 10:55:39,194] [79   ] [INFO ] [] - MetricsCollector::Initialize(231): Initialized metrics collector
- session id: fa7fa09c-94c0-4d08-ad3d-e603efee1017
- device id: 4ca35884-a93a-48fc-ad16-80b2a90aa32e
- application id: Box Tools Win exe
- application name: BoxTools
- application version: 4.28.1.1163
- metric collection url: https://client-log.box.com/index.php?rm=box_gen204_json_record
- metric data path: C:\Users\pcedillo\AppData\Local\Box\Box Tools\Metrics\BoxTools_Metrics_EFD61745.db
- post callback: 05D42F2E
- log callback: 05D42F56
- context: 00000000
- post interval in seconds: 600
- max records in a post: 100
- max db records: 500
- disable sender: true
[2025-05-13 10:55:39,206] [79   ] [INFO ] [] - Shutting down the metrics collector
[2025-05-13 11:05:39,149] [79   ] [INFO ] [] - Initializing the metrics collector
[2025-05-13 11:05:39,171] [79   ] [INFO ] [] - MetricsCollector::Sender(49): _disableSentMetrics 1
[2025-05-13 11:05:39,171] [79   ] [INFO ] [] - MetricsCollector::Initialize(231): Initialized metrics collector
- session id: fa7fa09c-94c0-4d08-ad3d-e603efee1017
- device id: 4ca35884-a93a-48fc-ad16-80b2a90aa32e
- application id: Box Tools Win exe
- application name: BoxTools
- application version: 4.28.1.1163
- metric collection url: https://client-log.box.com/index.php?rm=box_gen204_json_record
- metric data path: C:\Users\pcedillo\AppData\Local\Box\Box Tools\Metrics\BoxTools_Metrics_EFD61745.db
- post callback: 05D42F2E
- log callback: 05D42F56
- context: 00000000
- post interval in seconds: 600
- max records in a post: 100
- max db records: 500
- disable sender: true
[2025-05-13 11:05:39,188] [79   ] [INFO ] [] - Shutting down the metrics collector
[2025-05-13 11:15:39,124] [3    ] [INFO ] [] - Initializing the metrics collector
[2025-05-13 11:15:39,146] [3    ] [INFO ] [] - MetricsCollector::Sender(49): _disableSentMetrics 1
[2025-05-13 11:15:39,148] [3    ] [INFO ] [] - MetricsCollector::Initialize(231): Initialized metrics collector
- session id: fa7fa09c-94c0-4d08-ad3d-e603efee1017
- device id: 4ca35884-a93a-48fc-ad16-80b2a90aa32e
- application id: Box Tools Win exe
- application name: BoxTools
- application version: 4.28.1.1163
- metric collection url: https://client-log.box.com/index.php?rm=box_gen204_json_record
- metric data path: C:\Users\pcedillo\AppData\Local\Box\Box Tools\Metrics\BoxTools_Metrics_EFD61745.db
- post callback: 05D42F2E
- log callback: 05D42F56
- context: 00000000
- post interval in seconds: 600
- max records in a post: 100
- max db records: 500
- disable sender: true
[2025-05-13 11:15:39,165] [3    ] [INFO ] [] - Shutting down the metrics collector
[2025-05-13 11:25:39,110] [65   ] [INFO ] [] - Initializing the metrics collector
[2025-05-13 11:25:39,131] [65   ] [INFO ] [] - MetricsCollector::Sender(49): _disableSentMetrics 1
[2025-05-13 11:25:39,133] [65   ] [INFO ] [] - MetricsCollector::Initialize(231): Initialized metrics collector
- session id: fa7fa09c-94c0-4d08-ad3d-e603efee1017
- device id: 4ca35884-a93a-48fc-ad16-80b2a90aa32e
- application id: Box Tools Win exe
- application name: BoxTools
- application version: 4.28.1.1163
- metric collection url: https://client-log.box.com/index.php?rm=box_gen204_json_record
- metric data path: C:\Users\pcedillo\AppData\Local\Box\Box Tools\Metrics\BoxTools_Metrics_EFD61745.db
- post callback: 05D42F2E
- log callback: 05D42F56
- context: 00000000
- post interval in seconds: 600
- max records in a post: 100
- max db records: 500
- disable sender: true
[2025-05-13 11:25:39,145] [65   ] [INFO ] [] - Shutting down the metrics collector
[2025-05-13 11:35:39,107] [65   ] [INFO ] [] - Initializing the metrics collector
[2025-05-13 11:35:39,123] [65   ] [INFO ] [] - MetricsCollector::Sender(49): _disableSentMetrics 1
[2025-05-13 11:35:39,123] [65   ] [INFO ] [] - MetricsCollector::Initialize(231): Initialized metrics collector
- session id: fa7fa09c-94c0-4d08-ad3d-e603efee1017
- device id: 4ca35884-a93a-48fc-ad16-80b2a90aa32e
- application id: Box Tools Win exe
- application name: BoxTools
- application version: 4.28.1.1163
- metric collection url: https://client-log.box.com/index.php?rm=box_gen204_json_record
- metric data path: C:\Users\pcedillo\AppData\Local\Box\Box Tools\Metrics\BoxTools_Metrics_EFD61745.db
- post callback: 05D42F2E
- log callback: 05D42F56
- context: 00000000
- post interval in seconds: 600
- max records in a post: 100
- max db records: 500
- disable sender: true
[2025-05-13 11:35:39,144] [65   ] [INFO ] [] - Shutting down the metrics collector
[2025-05-13 11:45:39,097] [29   ] [INFO ] [] - Initializing the metrics collector
[2025-05-13 11:45:39,114] [29   ] [INFO ] [] - MetricsCollector::Sender(49): _disableSentMetrics 1
[2025-05-13 11:45:39,114] [29   ] [INFO ] [] - MetricsCollector::Initialize(231): Initialized metrics collector
- session id: fa7fa09c-94c0-4d08-ad3d-e603efee1017
- device id: 4ca35884-a93a-48fc-ad16-80b2a90aa32e
- application id: Box Tools Win exe
- application name: BoxTools
- application version: 4.28.1.1163
- metric collection url: https://client-log.box.com/index.php?rm=box_gen204_json_record
- metric data path: C:\Users\pcedillo\AppData\Local\Box\Box Tools\Metrics\BoxTools_Metrics_EFD61745.db
- post callback: 05D42F2E
- log callback: 05D42F56
- context: 00000000
- post interval in seconds: 600
- max records in a post: 100
- max db records: 500
- disable sender: true
[2025-05-13 11:45:39,125] [29   ] [INFO ] [] - Shutting down the metrics collector
[2025-05-13 11:55:39,365] [48   ] [INFO ] [] - Initializing the metrics collector
[2025-05-13 11:55:42,210] [48   ] [INFO ] [] - MetricsCollector::Sender(49): _disableSentMetrics 1
[2025-05-13 11:55:42,340] [48   ] [INFO ] [] - MetricsCollector::Initialize(231): Initialized metrics collector
- session id: fa7fa09c-94c0-4d08-ad3d-e603efee1017
- device id: 4ca35884-a93a-48fc-ad16-80b2a90aa32e
- application id: Box Tools Win exe
- application name: BoxTools
- application version: 4.28.1.1163
- metric collection url: https://client-log.box.com/index.php?rm=box_gen204_json_record
- metric data path: C:\Users\pcedillo\AppData\Local\Box\Box Tools\Metrics\BoxTools_Metrics_EFD61745.db
- post callback: 05D42F2E
- log callback: 05D42F56
- context: 00000000
- post interval in seconds: 600
- max records in a post: 100
- max db records: 500
- disable sender: true
[2025-05-13 11:55:43,128] [48   ] [INFO ] [] - Shutting down the metrics collector
[2025-05-13 12:05:39,070] [43   ] [INFO ] [] - Initializing the metrics collector
[2025-05-13 12:05:39,083] [43   ] [INFO ] [] - MetricsCollector::Sender(49): _disableSentMetrics 1
[2025-05-13 12:05:39,084] [43   ] [INFO ] [] - MetricsCollector::Initialize(231): Initialized metrics collector
- session id: fa7fa09c-94c0-4d08-ad3d-e603efee1017
- device id: 4ca35884-a93a-48fc-ad16-80b2a90aa32e
- application id: Box Tools Win exe
- application name: BoxTools
- application version: 4.28.1.1163
- metric collection url: https://client-log.box.com/index.php?rm=box_gen204_json_record
- metric data path: C:\Users\pcedillo\AppData\Local\Box\Box Tools\Metrics\BoxTools_Metrics_EFD61745.db
- post callback: 05D42F2E
- log callback: 05D42F56
- context: 00000000
- post interval in seconds: 600
- max records in a post: 100
- max db records: 500
- disable sender: true
[2025-05-13 12:05:39,096] [43   ] [INFO ] [] - Shutting down the metrics collector
[2025-05-13 12:15:39,077] [64   ] [INFO ] [] - Initializing the metrics collector
[2025-05-13 12:15:39,096] [64   ] [INFO ] [] - MetricsCollector::Sender(49): _disableSentMetrics 1
[2025-05-13 12:15:39,101] [64   ] [INFO ] [] - MetricsCollector::Initialize(231): Initialized metrics collector
- session id: fa7fa09c-94c0-4d08-ad3d-e603efee1017
- device id: 4ca35884-a93a-48fc-ad16-80b2a90aa32e
- application id: Box Tools Win exe
- application name: BoxTools
- application version: 4.28.1.1163
- metric collection url: https://client-log.box.com/index.php?rm=box_gen204_json_record
- metric data path: C:\Users\pcedillo\AppData\Local\Box\Box Tools\Metrics\BoxTools_Metrics_EFD61745.db
- post callback: 05D42F2E
- log callback: 05D42F56
- context: 00000000
- post interval in seconds: 600
- max records in a post: 100
- max db records: 500
- disable sender: true
[2025-05-13 12:15:39,118] [64   ] [INFO ] [] - Shutting down the metrics collector
[2025-05-13 12:25:39,095] [27   ] [INFO ] [] - Initializing the metrics collector
[2025-05-13 12:25:39,189] [27   ] [INFO ] [] - MetricsCollector::Sender(49): _disableSentMetrics 1
[2025-05-13 12:25:39,190] [27   ] [INFO ] [] - MetricsCollector::Initialize(231): Initialized metrics collector
- session id: fa7fa09c-94c0-4d08-ad3d-e603efee1017
- device id: 4ca35884-a93a-48fc-ad16-80b2a90aa32e
- application id: Box Tools Win exe
- application name: BoxTools
- application version: 4.28.1.1163
- metric collection url: https://client-log.box.com/index.php?rm=box_gen204_json_record
- metric data path: C:\Users\pcedillo\AppData\Local\Box\Box Tools\Metrics\BoxTools_Metrics_EFD61745.db
- post callback: 05D42F2E
- log callback: 05D42F56
- context: 00000000
- post interval in seconds: 600
- max records in a post: 100
- max db records: 500
- disable sender: true
[2025-05-13 12:25:39,279] [27   ] [INFO ] [] - Shutting down the metrics collector
[2025-05-13 12:35:39,096] [28   ] [INFO ] [] - Initializing the metrics collector
[2025-05-13 12:35:39,128] [28   ] [INFO ] [] - MetricsCollector::Sender(49): _disableSentMetrics 1
[2025-05-13 12:35:39,130] [28   ] [INFO ] [] - MetricsCollector::Initialize(231): Initialized metrics collector
- session id: fa7fa09c-94c0-4d08-ad3d-e603efee1017
- device id: 4ca35884-a93a-48fc-ad16-80b2a90aa32e
- application id: Box Tools Win exe
- application name: BoxTools
- application version: 4.28.1.1163
- metric collection url: https://client-log.box.com/index.php?rm=box_gen204_json_record
- metric data path: C:\Users\pcedillo\AppData\Local\Box\Box Tools\Metrics\BoxTools_Metrics_EFD61745.db
- post callback: 05D42F2E
- log callback: 05D42F56
- context: 00000000
- post interval in seconds: 600
- max records in a post: 100
- max db records: 500
- disable sender: true
[2025-05-13 12:35:39,180] [28   ] [INFO ] [] - Shutting down the metrics collector
[2025-05-13 12:45:39,096] [67   ] [INFO ] [] - Initializing the metrics collector
[2025-05-13 12:45:39,265] [67   ] [INFO ] [] - MetricsCollector::Sender(49): _disableSentMetrics 1
[2025-05-13 12:45:39,271] [67   ] [INFO ] [] - MetricsCollector::Initialize(231): Initialized metrics collector
- session id: fa7fa09c-94c0-4d08-ad3d-e603efee1017
- device id: 4ca35884-a93a-48fc-ad16-80b2a90aa32e
- application id: Box Tools Win exe
- application name: BoxTools
- application version: 4.28.1.1163
- metric collection url: https://client-log.box.com/index.php?rm=box_gen204_json_record
- metric data path: C:\Users\pcedillo\AppData\Local\Box\Box Tools\Metrics\BoxTools_Metrics_EFD61745.db
- post callback: 05D42F2E
- log callback: 05D42F56
- context: 00000000
- post interval in seconds: 600
- max records in a post: 100
- max db records: 500
- disable sender: true
[2025-05-13 12:45:39,641] [67   ] [INFO ] [] - Shutting down the metrics collector
[2025-05-13 12:55:39,029] [45   ] [INFO ] [] - Initializing the metrics collector
[2025-05-13 12:55:39,042] [45   ] [INFO ] [] - MetricsCollector::Sender(49): _disableSentMetrics 1
[2025-05-13 12:55:39,042] [45   ] [INFO ] [] - MetricsCollector::Initialize(231): Initialized metrics collector
- session id: fa7fa09c-94c0-4d08-ad3d-e603efee1017
- device id: 4ca35884-a93a-48fc-ad16-80b2a90aa32e
- application id: Box Tools Win exe
- application name: BoxTools
- application version: 4.28.1.1163
- metric collection url: https://client-log.box.com/index.php?rm=box_gen204_json_record
- metric data path: C:\Users\pcedillo\AppData\Local\Box\Box Tools\Metrics\BoxTools_Metrics_EFD61745.db
- post callback: 05D42F2E
- log callback: 05D42F56
- context: 00000000
- post interval in seconds: 600
- max records in a post: 100
- max db records: 500
- disable sender: true
[2025-05-13 12:55:39,060] [45   ] [INFO ] [] - Shutting down the metrics collector
[2025-05-13 13:05:39,029] [29   ] [INFO ] [] - Initializing the metrics collector
[2025-05-13 13:05:39,029] [29   ] [INFO ] [] - MetricsCollector::Sender(49): _disableSentMetrics 1
[2025-05-13 13:05:39,040] [29   ] [INFO ] [] - MetricsCollector::Initialize(231): Initialized metrics collector
- session id: fa7fa09c-94c0-4d08-ad3d-e603efee1017
- device id: 4ca35884-a93a-48fc-ad16-80b2a90aa32e
- application id: Box Tools Win exe
- application name: BoxTools
- application version: 4.28.1.1163
- metric collection url: https://client-log.box.com/index.php?rm=box_gen204_json_record
- metric data path: C:\Users\pcedillo\AppData\Local\Box\Box Tools\Metrics\BoxTools_Metrics_EFD61745.db
- post callback: 05D42F2E
- log callback: 05D42F56
- context: 00000000
- post interval in seconds: 600
- max records in a post: 100
- max db records: 500
- disable sender: true
[2025-05-13 13:05:39,056] [29   ] [INFO ] [] - Shutting down the metrics collector
[2025-05-13 13:15:39,016] [65   ] [INFO ] [] - Initializing the metrics collector
[2025-05-13 13:15:39,021] [65   ] [INFO ] [] - MetricsCollector::Sender(49): _disableSentMetrics 1
[2025-05-13 13:15:39,021] [65   ] [INFO ] [] - MetricsCollector::Initialize(231): Initialized metrics collector
- session id: fa7fa09c-94c0-4d08-ad3d-e603efee1017
- device id: 4ca35884-a93a-48fc-ad16-80b2a90aa32e
- application id: Box Tools Win exe
- application name: BoxTools
- application version: 4.28.1.1163
- metric collection url: https://client-log.box.com/index.php?rm=box_gen204_json_record
- metric data path: C:\Users\pcedillo\AppData\Local\Box\Box Tools\Metrics\BoxTools_Metrics_EFD61745.db
- post callback: 05D42F2E
- log callback: 05D42F56
- context: 00000000
- post interval in seconds: 600
- max records in a post: 100
- max db records: 500
- disable sender: true
[2025-05-13 13:15:39,032] [65   ] [INFO ] [] - Shutting down the metrics collector
[2025-05-13 13:25:38,982] [70   ] [INFO ] [] - Initializing the metrics collector
[2025-05-13 13:25:38,982] [70   ] [INFO ] [] - MetricsCollector::Sender(49): _disableSentMetrics 1
[2025-05-13 13:25:38,982] [70   ] [INFO ] [] - MetricsCollector::Initialize(231): Initialized metrics collector
- session id: fa7fa09c-94c0-4d08-ad3d-e603efee1017
- device id: 4ca35884-a93a-48fc-ad16-80b2a90aa32e
- application id: Box Tools Win exe
- application name: BoxTools
- application version: 4.28.1.1163
- metric collection url: https://client-log.box.com/index.php?rm=box_gen204_json_record
- metric data path: C:\Users\pcedillo\AppData\Local\Box\Box Tools\Metrics\BoxTools_Metrics_EFD61745.db
- post callback: 05D42F2E
- log callback: 05D42F56
- context: 00000000
- post interval in seconds: 600
- max records in a post: 100
- max db records: 500
- disable sender: true
[2025-05-13 13:25:39,011] [70   ] [INFO ] [] - Shutting down the metrics collector
[2025-05-13 13:35:38,971] [52   ] [INFO ] [] - Initializing the metrics collector
[2025-05-13 13:35:38,971] [52   ] [INFO ] [] - MetricsCollector::Sender(49): _disableSentMetrics 1
[2025-05-13 13:35:38,986] [52   ] [INFO ] [] - MetricsCollector::Initialize(231): Initialized metrics collector
- session id: fa7fa09c-94c0-4d08-ad3d-e603efee1017
- device id: 4ca35884-a93a-48fc-ad16-80b2a90aa32e
- application id: Box Tools Win exe
- application name: BoxTools
- application version: 4.28.1.1163
- metric collection url: https://client-log.box.com/index.php?rm=box_gen204_json_record
- metric data path: C:\Users\pcedillo\AppData\Local\Box\Box Tools\Metrics\BoxTools_Metrics_EFD61745.db
- post callback: 05D42F2E
- log callback: 05D42F56
- context: 00000000
- post interval in seconds: 600
- max records in a post: 100
- max db records: 500
- disable sender: true
[2025-05-13 13:35:38,986] [52   ] [INFO ] [] - Shutting down the metrics collector
[2025-05-13 13:45:38,958] [14   ] [INFO ] [] - Initializing the metrics collector
[2025-05-13 13:45:38,958] [14   ] [INFO ] [] - MetricsCollector::Sender(49): _disableSentMetrics 1
[2025-05-13 13:45:38,958] [14   ] [INFO ] [] - MetricsCollector::Initialize(231): Initialized metrics collector
- session id: fa7fa09c-94c0-4d08-ad3d-e603efee1017
- device id: 4ca35884-a93a-48fc-ad16-80b2a90aa32e
- application id: Box Tools Win exe
- application name: BoxTools
- application version: 4.28.1.1163
- metric collection url: https://client-log.box.com/index.php?rm=box_gen204_json_record
- metric data path: C:\Users\pcedillo\AppData\Local\Box\Box Tools\Metrics\BoxTools_Metrics_EFD61745.db
- post callback: 05D42F2E
- log callback: 05D42F56
- context: 00000000
- post interval in seconds: 600
- max records in a post: 100
- max db records: 500
- disable sender: true
[2025-05-13 13:45:38,978] [14   ] [INFO ] [] - Shutting down the metrics collector
[2025-05-13 13:55:38,939] [79   ] [INFO ] [] - Initializing the metrics collector
[2025-05-13 13:55:38,939] [79   ] [INFO ] [] - MetricsCollector::Sender(49): _disableSentMetrics 1
[2025-05-13 13:55:38,939] [79   ] [INFO ] [] - MetricsCollector::Initialize(231): Initialized metrics collector
- session id: fa7fa09c-94c0-4d08-ad3d-e603efee1017
- device id: 4ca35884-a93a-48fc-ad16-80b2a90aa32e
- application id: Box Tools Win exe
- application name: BoxTools
- application version: 4.28.1.1163
- metric collection url: https://client-log.box.com/index.php?rm=box_gen204_json_record
- metric data path: C:\Users\pcedillo\AppData\Local\Box\Box Tools\Metrics\BoxTools_Metrics_EFD61745.db
- post callback: 05D42F2E
- log callback: 05D42F56
- context: 00000000
- post interval in seconds: 600
- max records in a post: 100
- max db records: 500
- disable sender: true
[2025-05-13 13:55:38,955] [79   ] [INFO ] [] - Shutting down the metrics collector
[2025-05-13 14:05:38,899] [23   ] [INFO ] [] - Initializing the metrics collector
[2025-05-13 14:05:38,901] [23   ] [INFO ] [] - MetricsCollector::Sender(49): _disableSentMetrics 1
[2025-05-13 14:05:38,901] [23   ] [INFO ] [] - MetricsCollector::Initialize(231): Initialized metrics collector
- session id: fa7fa09c-94c0-4d08-ad3d-e603efee1017
- device id: 4ca35884-a93a-48fc-ad16-80b2a90aa32e
- application id: Box Tools Win exe
- application name: BoxTools
- application version: 4.28.1.1163
- metric collection url: https://client-log.box.com/index.php?rm=box_gen204_json_record
- metric data path: C:\Users\pcedillo\AppData\Local\Box\Box Tools\Metrics\BoxTools_Metrics_EFD61745.db
- post callback: 05D42F2E
- log callback: 05D42F56
- context: 00000000
- post interval in seconds: 600
- max records in a post: 100
- max db records: 500
- disable sender: true
[2025-05-13 14:05:38,915] [23   ] [INFO ] [] - Shutting down the metrics collector
[2025-05-13 14:15:38,906] [12   ] [INFO ] [] - Initializing the metrics collector
[2025-05-13 14:15:38,912] [12   ] [INFO ] [] - MetricsCollector::Sender(49): _disableSentMetrics 1
[2025-05-13 14:15:38,912] [12   ] [INFO ] [] - MetricsCollector::Initialize(231): Initialized metrics collector
- session id: fa7fa09c-94c0-4d08-ad3d-e603efee1017
- device id: 4ca35884-a93a-48fc-ad16-80b2a90aa32e
- application id: Box Tools Win exe
- application name: BoxTools
- application version: 4.28.1.1163
- metric collection url: https://client-log.box.com/index.php?rm=box_gen204_json_record
- metric data path: C:\Users\pcedillo\AppData\Local\Box\Box Tools\Metrics\BoxTools_Metrics_EFD61745.db
- post callback: 05D42F2E
- log callback: 05D42F56
- context: 00000000
- post interval in seconds: 600
- max records in a post: 100
- max db records: 500
- disable sender: true
[2025-05-13 14:15:38,922] [12   ] [INFO ] [] - Shutting down the metrics collector
[2025-05-13 14:25:38,905] [20   ] [INFO ] [] - Initializing the metrics collector
[2025-05-13 14:25:38,905] [20   ] [INFO ] [] - MetricsCollector::Sender(49): _disableSentMetrics 1
[2025-05-13 14:25:38,905] [20   ] [INFO ] [] - MetricsCollector::Initialize(231): Initialized metrics collector
- session id: fa7fa09c-94c0-4d08-ad3d-e603efee1017
- device id: 4ca35884-a93a-48fc-ad16-80b2a90aa32e
- application id: Box Tools Win exe
- application name: BoxTools
- application version: 4.28.1.1163
- metric collection url: https://client-log.box.com/index.php?rm=box_gen204_json_record
- metric data path: C:\Users\pcedillo\AppData\Local\Box\Box Tools\Metrics\BoxTools_Metrics_EFD61745.db
- post callback: 05D42F2E
- log callback: 05D42F56
- context: 00000000
- post interval in seconds: 600
- max records in a post: 100
- max db records: 500
- disable sender: true
[2025-05-13 14:25:38,921] [20   ] [INFO ] [] - Shutting down the metrics collector
[2025-05-13 14:35:38,929] [21   ] [INFO ] [] - Initializing the metrics collector
[2025-05-13 14:35:38,969] [21   ] [INFO ] [] - MetricsCollector::Sender(49): _disableSentMetrics 1
[2025-05-13 14:35:38,970] [21   ] [INFO ] [] - MetricsCollector::Initialize(231): Initialized metrics collector
- session id: fa7fa09c-94c0-4d08-ad3d-e603efee1017
- device id: 4ca35884-a93a-48fc-ad16-80b2a90aa32e
- application id: Box Tools Win exe
- application name: BoxTools
- application version: 4.28.1.1163
- metric collection url: https://client-log.box.com/index.php?rm=box_gen204_json_record
- metric data path: C:\Users\pcedillo\AppData\Local\Box\Box Tools\Metrics\BoxTools_Metrics_EFD61745.db
- post callback: 05D42F2E
- log callback: 05D42F56
- context: 00000000
- post interval in seconds: 600
- max records in a post: 100
- max db records: 500
- disable sender: true
[2025-05-13 14:35:39,022] [21   ] [INFO ] [] - Shutting down the metrics collector
[2025-05-13 14:45:38,945] [60   ] [INFO ] [] - Initializing the metrics collector
[2025-05-13 14:45:38,945] [60   ] [INFO ] [] - MetricsCollector::Sender(49): _disableSentMetrics 1
[2025-05-13 14:45:38,945] [60   ] [INFO ] [] - MetricsCollector::Initialize(231): Initialized metrics collector
- session id: fa7fa09c-94c0-4d08-ad3d-e603efee1017
- device id: 4ca35884-a93a-48fc-ad16-80b2a90aa32e
- application id: Box Tools Win exe
- application name: BoxTools
- application version: 4.28.1.1163
- metric collection url: https://client-log.box.com/index.php?rm=box_gen204_json_record
- metric data path: C:\Users\pcedillo\AppData\Local\Box\Box Tools\Metrics\BoxTools_Metrics_EFD61745.db
- post callback: 05D42F2E
- log callback: 05D42F56
- context: 00000000
- post interval in seconds: 600
- max records in a post: 100
- max db records: 500
- disable sender: true
[2025-05-13 14:45:38,960] [60   ] [INFO ] [] - Shutting down the metrics collector
[2025-05-13 14:55:38,970] [5    ] [INFO ] [] - Initializing the metrics collector
[2025-05-13 14:55:39,125] [5    ] [INFO ] [] - MetricsCollector::Sender(49): _disableSentMetrics 1
[2025-05-13 14:55:39,127] [5    ] [INFO ] [] - MetricsCollector::Initialize(231): Initialized metrics collector
- session id: fa7fa09c-94c0-4d08-ad3d-e603efee1017
- device id: 4ca35884-a93a-48fc-ad16-80b2a90aa32e
- application id: Box Tools Win exe
- application name: BoxTools
- application version: 4.28.1.1163
- metric collection url: https://client-log.box.com/index.php?rm=box_gen204_json_record
- metric data path: C:\Users\pcedillo\AppData\Local\Box\Box Tools\Metrics\BoxTools_Metrics_EFD61745.db
- post callback: 05D42F2E
- log callback: 05D42F56
- context: 00000000
- post interval in seconds: 600
- max records in a post: 100
- max db records: 500
- disable sender: true
[2025-05-13 14:55:39,211] [5    ] [INFO ] [] - Shutting down the metrics collector
[2025-05-13 15:05:38,955] [11   ] [INFO ] [] - Initializing the metrics collector
[2025-05-13 15:05:39,001] [11   ] [INFO ] [] - MetricsCollector::Sender(49): _disableSentMetrics 1
[2025-05-13 15:05:39,005] [11   ] [INFO ] [] - MetricsCollector::Initialize(231): Initialized metrics collector
- session id: fa7fa09c-94c0-4d08-ad3d-e603efee1017
- device id: 4ca35884-a93a-48fc-ad16-80b2a90aa32e
- application id: Box Tools Win exe
- application name: BoxTools
- application version: 4.28.1.1163
- metric collection url: https://client-log.box.com/index.php?rm=box_gen204_json_record
- metric data path: C:\Users\pcedillo\AppData\Local\Box\Box Tools\Metrics\BoxTools_Metrics_EFD61745.db
- post callback: 05D42F2E
- log callback: 05D42F56
- context: 00000000
- post interval in seconds: 600
- max records in a post: 100
- max db records: 500
- disable sender: true
[2025-05-13 15:05:39,051] [11   ] [INFO ] [] - Shutting down the metrics collector
[2025-05-13 15:15:38,870] [11   ] [INFO ] [] - Initializing the metrics collector
[2025-05-13 15:15:38,887] [11   ] [INFO ] [] - MetricsCollector::Sender(49): _disableSentMetrics 1
[2025-05-13 15:15:38,887] [11   ] [INFO ] [] - MetricsCollector::Initialize(231): Initialized metrics collector
- session id: fa7fa09c-94c0-4d08-ad3d-e603efee1017
- device id: 4ca35884-a93a-48fc-ad16-80b2a90aa32e
- application id: Box Tools Win exe
- application name: BoxTools
- application version: 4.28.1.1163
- metric collection url: https://client-log.box.com/index.php?rm=box_gen204_json_record
- metric data path: C:\Users\pcedillo\AppData\Local\Box\Box Tools\Metrics\BoxTools_Metrics_EFD61745.db
- post callback: 05D42F2E
- log callback: 05D42F56
- context: 00000000
- post interval in seconds: 600
- max records in a post: 100
- max db records: 500
- disable sender: true
[2025-05-13 15:15:38,911] [11   ] [INFO ] [] - Shutting down the metrics collector
[2025-05-13 15:25:38,845] [58   ] [INFO ] [] - Initializing the metrics collector
[2025-05-13 15:25:38,873] [58   ] [INFO ] [] - MetricsCollector::Sender(49): _disableSentMetrics 1
[2025-05-13 15:25:38,876] [58   ] [INFO ] [] - MetricsCollector::Initialize(231): Initialized metrics collector
- session id: fa7fa09c-94c0-4d08-ad3d-e603efee1017
- device id: 4ca35884-a93a-48fc-ad16-80b2a90aa32e
- application id: Box Tools Win exe
- application name: BoxTools
- application version: 4.28.1.1163
- metric collection url: https://client-log.box.com/index.php?rm=box_gen204_json_record
- metric data path: C:\Users\pcedillo\AppData\Local\Box\Box Tools\Metrics\BoxTools_Metrics_EFD61745.db
- post callback: 05D42F2E
- log callback: 05D42F56
- context: 00000000
- post interval in seconds: 600
- max records in a post: 100
- max db records: 500
- disable sender: true
[2025-05-13 15:25:38,907] [58   ] [INFO ] [] - Shutting down the metrics collector
[2025-05-13 15:35:38,835] [72   ] [INFO ] [] - Initializing the metrics collector
[2025-05-13 15:35:38,851] [72   ] [INFO ] [] - MetricsCollector::Sender(49): _disableSentMetrics 1
[2025-05-13 15:35:38,852] [72   ] [INFO ] [] - MetricsCollector::Initialize(231): Initialized metrics collector
- session id: fa7fa09c-94c0-4d08-ad3d-e603efee1017
- device id: 4ca35884-a93a-48fc-ad16-80b2a90aa32e
- application id: Box Tools Win exe
- application name: BoxTools
- application version: 4.28.1.1163
- metric collection url: https://client-log.box.com/index.php?rm=box_gen204_json_record
- metric data path: C:\Users\pcedillo\AppData\Local\Box\Box Tools\Metrics\BoxTools_Metrics_EFD61745.db
- post callback: 05D42F2E
- log callback: 05D42F56
- context: 00000000
- post interval in seconds: 600
- max records in a post: 100
- max db records: 500
- disable sender: true
[2025-05-13 15:35:38,869] [72   ] [INFO ] [] - Shutting down the metrics collector
[2025-05-13 15:45:38,833] [72   ] [INFO ] [] - Initializing the metrics collector
[2025-05-13 15:45:38,837] [72   ] [INFO ] [] - MetricsCollector::Sender(49): _disableSentMetrics 1
[2025-05-13 15:45:38,837] [72   ] [INFO ] [] - MetricsCollector::Initialize(231): Initialized metrics collector
- session id: fa7fa09c-94c0-4d08-ad3d-e603efee1017
- device id: 4ca35884-a93a-48fc-ad16-80b2a90aa32e
- application id: Box Tools Win exe
- application name: BoxTools
- application version: 4.28.1.1163
- metric collection url: https://client-log.box.com/index.php?rm=box_gen204_json_record
- metric data path: C:\Users\pcedillo\AppData\Local\Box\Box Tools\Metrics\BoxTools_Metrics_EFD61745.db
- post callback: 05D42F2E
- log callback: 05D42F56
- context: 00000000
- post interval in seconds: 600
- max records in a post: 100
- max db records: 500
- disable sender: true
[2025-05-13 15:45:38,849] [72   ] [INFO ] [] - Shutting down the metrics collector
[2025-05-13 15:55:38,830] [6    ] [INFO ] [] - Initializing the metrics collector
[2025-05-13 15:55:38,836] [6    ] [INFO ] [] - MetricsCollector::Sender(49): _disableSentMetrics 1
[2025-05-13 15:55:38,836] [6    ] [INFO ] [] - MetricsCollector::Initialize(231): Initialized metrics collector
- session id: fa7fa09c-94c0-4d08-ad3d-e603efee1017
- device id: 4ca35884-a93a-48fc-ad16-80b2a90aa32e
- application id: Box Tools Win exe
- application name: BoxTools
- application version: 4.28.1.1163
- metric collection url: https://client-log.box.com/index.php?rm=box_gen204_json_record
- metric data path: C:\Users\pcedillo\AppData\Local\Box\Box Tools\Metrics\BoxTools_Metrics_EFD61745.db
- post callback: 05D42F2E
- log callback: 05D42F56
- context: 00000000
- post interval in seconds: 600
- max records in a post: 100
- max db records: 500
- disable sender: true
[2025-05-13 15:55:38,845] [6    ] [INFO ] [] - Shutting down the metrics collector
[2025-05-13 16:05:38,835] [5    ] [INFO ] [] - Initializing the metrics collector
[2025-05-13 16:05:38,838] [5    ] [INFO ] [] - MetricsCollector::Sender(49): _disableSentMetrics 1
[2025-05-13 16:05:38,838] [5    ] [INFO ] [] - MetricsCollector::Initialize(231): Initialized metrics collector
- session id: fa7fa09c-94c0-4d08-ad3d-e603efee1017
- device id: 4ca35884-a93a-48fc-ad16-80b2a90aa32e
- application id: Box Tools Win exe
- application name: BoxTools
- application version: 4.28.1.1163
- metric collection url: https://client-log.box.com/index.php?rm=box_gen204_json_record
- metric data path: C:\Users\pcedillo\AppData\Local\Box\Box Tools\Metrics\BoxTools_Metrics_EFD61745.db
- post callback: 05D42F2E
- log callback: 05D42F56
- context: 00000000
- post interval in seconds: 600
- max records in a post: 100
- max db records: 500
- disable sender: true
[2025-05-13 16:05:38,838] [5    ] [INFO ] [] - Shutting down the metrics collector
[2025-05-13 16:15:38,778] [17   ] [INFO ] [] - Initializing the metrics collector
[2025-05-13 16:15:38,778] [17   ] [INFO ] [] - MetricsCollector::Sender(49): _disableSentMetrics 1
[2025-05-13 16:15:38,778] [17   ] [INFO ] [] - MetricsCollector::Initialize(231): Initialized metrics collector
- session id: fa7fa09c-94c0-4d08-ad3d-e603efee1017
- device id: 4ca35884-a93a-48fc-ad16-80b2a90aa32e
- application id: Box Tools Win exe
- application name: BoxTools
- application version: 4.28.1.1163
- metric collection url: https://client-log.box.com/index.php?rm=box_gen204_json_record
- metric data path: C:\Users\pcedillo\AppData\Local\Box\Box Tools\Metrics\BoxTools_Metrics_EFD61745.db
- post callback: 05D42F2E
- log callback: 05D42F56
- context: 00000000
- post interval in seconds: 600
- max records in a post: 100
- max db records: 500
- disable sender: true
[2025-05-13 16:15:38,794] [17   ] [INFO ] [] - Shutting down the metrics collector
[2025-05-13 16:25:38,740] [26   ] [INFO ] [] - Initializing the metrics collector
[2025-05-13 16:25:38,765] [26   ] [INFO ] [] - MetricsCollector::Sender(49): _disableSentMetrics 1
[2025-05-13 16:25:38,765] [26   ] [INFO ] [] - MetricsCollector::Initialize(231): Initialized metrics collector
- session id: fa7fa09c-94c0-4d08-ad3d-e603efee1017
- device id: 4ca35884-a93a-48fc-ad16-80b2a90aa32e
- application id: Box Tools Win exe
- application name: BoxTools
- application version: 4.28.1.1163
- metric collection url: https://client-log.box.com/index.php?rm=box_gen204_json_record
- metric data path: C:\Users\pcedillo\AppData\Local\Box\Box Tools\Metrics\BoxTools_Metrics_EFD61745.db
- post callback: 05D42F2E
- log callback: 05D42F56
- context: 00000000
- post interval in seconds: 600
- max records in a post: 100
- max db records: 500
- disable sender: true
[2025-05-13 16:25:38,795] [26   ] [INFO ] [] - Shutting down the metrics collector
[2025-05-13 16:35:38,728] [25   ] [INFO ] [] - Initializing the metrics collector
[2025-05-13 16:35:38,738] [25   ] [INFO ] [] - MetricsCollector::Sender(49): _disableSentMetrics 1
[2025-05-13 16:35:38,738] [25   ] [INFO ] [] - MetricsCollector::Initialize(231): Initialized metrics collector
- session id: fa7fa09c-94c0-4d08-ad3d-e603efee1017
- device id: 4ca35884-a93a-48fc-ad16-80b2a90aa32e
- application id: Box Tools Win exe
- application name: BoxTools
- application version: 4.28.1.1163
- metric collection url: https://client-log.box.com/index.php?rm=box_gen204_json_record
- metric data path: C:\Users\pcedillo\AppData\Local\Box\Box Tools\Metrics\BoxTools_Metrics_EFD61745.db
- post callback: 05D42F2E
- log callback: 05D42F56
- context: 00000000
- post interval in seconds: 600
- max records in a post: 100
- max db records: 500
- disable sender: true
[2025-05-13 16:35:38,746] [25   ] [INFO ] [] - Shutting down the metrics collector
[2025-05-13 16:45:38,717] [25   ] [INFO ] [] - Initializing the metrics collector
[2025-05-13 16:45:38,726] [25   ] [INFO ] [] - MetricsCollector::Sender(49): _disableSentMetrics 1
[2025-05-13 16:45:38,726] [25   ] [INFO ] [] - MetricsCollector::Initialize(231): Initialized metrics collector
- session id: fa7fa09c-94c0-4d08-ad3d-e603efee1017
- device id: 4ca35884-a93a-48fc-ad16-80b2a90aa32e
- application id: Box Tools Win exe
- application name: BoxTools
- application version: 4.28.1.1163
- metric collection url: https://client-log.box.com/index.php?rm=box_gen204_json_record
- metric data path: C:\Users\pcedillo\AppData\Local\Box\Box Tools\Metrics\BoxTools_Metrics_EFD61745.db
- post callback: 05D42F2E
- log callback: 05D42F56
- context: 00000000
- post interval in seconds: 600
- max records in a post: 100
- max db records: 500
- disable sender: true
[2025-05-13 16:45:38,733] [25   ] [INFO ] [] - Shutting down the metrics collector
[2025-05-13 16:55:38,714] [25   ] [INFO ] [] - Initializing the metrics collector
[2025-05-13 16:55:38,723] [25   ] [INFO ] [] - MetricsCollector::Sender(49): _disableSentMetrics 1
[2025-05-13 16:55:38,723] [25   ] [INFO ] [] - MetricsCollector::Initialize(231): Initialized metrics collector
- session id: fa7fa09c-94c0-4d08-ad3d-e603efee1017
- device id: 4ca35884-a93a-48fc-ad16-80b2a90aa32e
- application id: Box Tools Win exe
- application name: BoxTools
- application version: 4.28.1.1163
- metric collection url: https://client-log.box.com/index.php?rm=box_gen204_json_record
- metric data path: C:\Users\pcedillo\AppData\Local\Box\Box Tools\Metrics\BoxTools_Metrics_EFD61745.db
- post callback: 05D42F2E
- log callback: 05D42F56
- context: 00000000
- post interval in seconds: 600
- max records in a post: 100
- max db records: 500
- disable sender: true
[2025-05-13 16:55:38,735] [25   ] [INFO ] [] - Shutting down the metrics collector
[2025-05-13 17:05:38,706] [19   ] [INFO ] [] - Initializing the metrics collector
[2025-05-13 17:05:38,706] [19   ] [INFO ] [] - MetricsCollector::Sender(49): _disableSentMetrics 1
[2025-05-13 17:05:38,706] [19   ] [INFO ] [] - MetricsCollector::Initialize(231): Initialized metrics collector
- session id: fa7fa09c-94c0-4d08-ad3d-e603efee1017
- device id: 4ca35884-a93a-48fc-ad16-80b2a90aa32e
- application id: Box Tools Win exe
- application name: BoxTools
- application version: 4.28.1.1163
- metric collection url: https://client-log.box.com/index.php?rm=box_gen204_json_record
- metric data path: C:\Users\pcedillo\AppData\Local\Box\Box Tools\Metrics\BoxTools_Metrics_EFD61745.db
- post callback: 05D42F2E
- log callback: 05D42F56
- context: 00000000
- post interval in seconds: 600
- max records in a post: 100
- max db records: 500
- disable sender: true
[2025-05-13 17:05:38,722] [19   ] [INFO ] [] - Shutting down the metrics collector
[2025-05-13 17:15:38,725] [24   ] [INFO ] [] - Initializing the metrics collector
[2025-05-13 17:15:38,729] [24   ] [INFO ] [] - MetricsCollector::Sender(49): _disableSentMetrics 1
[2025-05-13 17:15:38,729] [24   ] [INFO ] [] - MetricsCollector::Initialize(231): Initialized metrics collector
- session id: fa7fa09c-94c0-4d08-ad3d-e603efee1017
- device id: 4ca35884-a93a-48fc-ad16-80b2a90aa32e
- application id: Box Tools Win exe
- application name: BoxTools
- application version: 4.28.1.1163
- metric collection url: https://client-log.box.com/index.php?rm=box_gen204_json_record
- metric data path: C:\Users\pcedillo\AppData\Local\Box\Box Tools\Metrics\BoxTools_Metrics_EFD61745.db
- post callback: 05D42F2E
- log callback: 05D42F56
- context: 00000000
- post interval in seconds: 600
- max records in a post: 100
- max db records: 500
- disable sender: true
[2025-05-13 17:15:38,741] [24   ] [INFO ] [] - Shutting down the metrics collector
[2025-05-13 17:25:38,670] [47   ] [INFO ] [] - Initializing the metrics collector
[2025-05-13 17:25:38,682] [47   ] [INFO ] [] - MetricsCollector::Sender(49): _disableSentMetrics 1
[2025-05-13 17:25:38,684] [47   ] [INFO ] [] - MetricsCollector::Initialize(231): Initialized metrics collector
- session id: fa7fa09c-94c0-4d08-ad3d-e603efee1017
- device id: 4ca35884-a93a-48fc-ad16-80b2a90aa32e
- application id: Box Tools Win exe
- application name: BoxTools
- application version: 4.28.1.1163
- metric collection url: https://client-log.box.com/index.php?rm=box_gen204_json_record
- metric data path: C:\Users\pcedillo\AppData\Local\Box\Box Tools\Metrics\BoxTools_Metrics_EFD61745.db
- post callback: 05D42F2E
- log callback: 05D42F56
- context: 00000000
- post interval in seconds: 600
- max records in a post: 100
- max db records: 500
- disable sender: true
[2025-05-13 17:25:38,704] [47   ] [INFO ] [] - Shutting down the metrics collector
[2025-05-13 20:30:09,345] [47   ] [INFO ] [] - Initializing the metrics collector
[2025-05-13 20:30:09,366] [47   ] [INFO ] [] - MetricsCollector::Sender(49): _disableSentMetrics 1
[2025-05-13 20:30:09,366] [47   ] [INFO ] [] - MetricsCollector::Initialize(231): Initialized metrics collector
- session id: fa7fa09c-94c0-4d08-ad3d-e603efee1017
- device id: 4ca35884-a93a-48fc-ad16-80b2a90aa32e
- application id: Box Tools Win exe
- application name: BoxTools
- application version: 4.28.1.1163
- metric collection url: https://client-log.box.com/index.php?rm=box_gen204_json_record
- metric data path: C:\Users\pcedillo\AppData\Local\Box\Box Tools\Metrics\BoxTools_Metrics_EFD61745.db
- post callback: 05D42F2E
- log callback: 05D42F56
- context: 00000000
- post interval in seconds: 600
- max records in a post: 100
- max db records: 500
- disable sender: true
[2025-05-13 20:30:09,384] [47   ] [INFO ] [] - Shutting down the metrics collector
[2025-05-13 20:40:09,350] [47   ] [INFO ] [] - Initializing the metrics collector
[2025-05-13 20:40:09,373] [47   ] [INFO ] [] - MetricsCollector::Sender(49): _disableSentMetrics 1
[2025-05-13 20:40:09,373] [47   ] [INFO ] [] - MetricsCollector::Initialize(231): Initialized metrics collector
- session id: fa7fa09c-94c0-4d08-ad3d-e603efee1017
- device id: 4ca35884-a93a-48fc-ad16-80b2a90aa32e
- application id: Box Tools Win exe
- application name: BoxTools
- application version: 4.28.1.1163
- metric collection url: https://client-log.box.com/index.php?rm=box_gen204_json_record
- metric data path: C:\Users\pcedillo\AppData\Local\Box\Box Tools\Metrics\BoxTools_Metrics_EFD61745.db
- post callback: 05D42F2E
- log callback: 05D42F56
- context: 00000000
- post interval in seconds: 600
- max records in a post: 100
- max db records: 500
- disable sender: true
[2025-05-13 20:40:09,388] [47   ] [INFO ] [] - Shutting down the metrics collector
[2025-05-13 20:50:09,353] [47   ] [INFO ] [] - Initializing the metrics collector
[2025-05-13 20:50:09,370] [47   ] [INFO ] [] - MetricsCollector::Sender(49): _disableSentMetrics 1
[2025-05-13 20:50:09,377] [47   ] [INFO ] [] - MetricsCollector::Initialize(231): Initialized metrics collector
- session id: fa7fa09c-94c0-4d08-ad3d-e603efee1017
- device id: 4ca35884-a93a-48fc-ad16-80b2a90aa32e
- application id: Box Tools Win exe
- application name: BoxTools
- application version: 4.28.1.1163
- metric collection url: https://client-log.box.com/index.php?rm=box_gen204_json_record
- metric data path: C:\Users\pcedillo\AppData\Local\Box\Box Tools\Metrics\BoxTools_Metrics_EFD61745.db
- post callback: 05D42F2E
- log callback: 05D42F56
- context: 00000000
- post interval in seconds: 600
- max records in a post: 100
- max db records: 500
- disable sender: true
[2025-05-13 20:50:09,387] [47   ] [INFO ] [] - Shutting down the metrics collector
[2025-05-13 21:00:09,372] [47   ] [INFO ] [] - Initializing the metrics collector
[2025-05-13 21:00:09,389] [47   ] [INFO ] [] - MetricsCollector::Sender(49): _disableSentMetrics 1
[2025-05-13 21:00:09,392] [47   ] [INFO ] [] - MetricsCollector::Initialize(231): Initialized metrics collector
- session id: fa7fa09c-94c0-4d08-ad3d-e603efee1017
- device id: 4ca35884-a93a-48fc-ad16-80b2a90aa32e
- application id: Box Tools Win exe
- application name: BoxTools
- application version: 4.28.1.1163
- metric collection url: https://client-log.box.com/index.php?rm=box_gen204_json_record
- metric data path: C:\Users\pcedillo\AppData\Local\Box\Box Tools\Metrics\BoxTools_Metrics_EFD61745.db
- post callback: 05D42F2E
- log callback: 05D42F56
- context: 00000000
- post interval in seconds: 600
- max records in a post: 100
- max db records: 500
- disable sender: true
[2025-05-13 21:00:09,407] [47   ] [INFO ] [] - Shutting down the metrics collector
[2025-05-13 21:10:09,384] [65   ] [INFO ] [] - Initializing the metrics collector
[2025-05-13 21:10:09,400] [65   ] [INFO ] [] - MetricsCollector::Sender(49): _disableSentMetrics 1
[2025-05-13 21:10:09,401] [65   ] [INFO ] [] - MetricsCollector::Initialize(231): Initialized metrics collector
- session id: fa7fa09c-94c0-4d08-ad3d-e603efee1017
- device id: 4ca35884-a93a-48fc-ad16-80b2a90aa32e
- application id: Box Tools Win exe
- application name: BoxTools
- application version: 4.28.1.1163
- metric collection url: https://client-log.box.com/index.php?rm=box_gen204_json_record
- metric data path: C:\Users\pcedillo\AppData\Local\Box\Box Tools\Metrics\BoxTools_Metrics_EFD61745.db
- post callback: 05D42F2E
- log callback: 05D42F56
- context: 00000000
- post interval in seconds: 600
- max records in a post: 100
- max db records: 500
- disable sender: true
[2025-05-13 21:10:09,423] [65   ] [INFO ] [] - Shutting down the metrics collector
[2025-05-13 21:20:09,394] [65   ] [INFO ] [] - Initializing the metrics collector
[2025-05-13 21:20:09,412] [65   ] [INFO ] [] - MetricsCollector::Sender(49): _disableSentMetrics 1
[2025-05-13 21:20:09,412] [65   ] [INFO ] [] - MetricsCollector::Initialize(231): Initialized metrics collector
- session id: fa7fa09c-94c0-4d08-ad3d-e603efee1017
- device id: 4ca35884-a93a-48fc-ad16-80b2a90aa32e
- application id: Box Tools Win exe
- application name: BoxTools
- application version: 4.28.1.1163
- metric collection url: https://client-log.box.com/index.php?rm=box_gen204_json_record
- metric data path: C:\Users\pcedillo\AppData\Local\Box\Box Tools\Metrics\BoxTools_Metrics_EFD61745.db
- post callback: 05D42F2E
- log callback: 05D42F56
- context: 00000000
- post interval in seconds: 600
- max records in a post: 100
- max db records: 500
- disable sender: true
[2025-05-13 21:20:09,436] [65   ] [INFO ] [] - Shutting down the metrics collector
[2025-05-13 21:30:09,395] [65   ] [INFO ] [] - Initializing the metrics collector
[2025-05-13 21:30:09,414] [65   ] [INFO ] [] - MetricsCollector::Sender(49): _disableSentMetrics 1
[2025-05-13 21:30:09,419] [65   ] [INFO ] [] - MetricsCollector::Initialize(231): Initialized metrics collector
- session id: fa7fa09c-94c0-4d08-ad3d-e603efee1017
- device id: 4ca35884-a93a-48fc-ad16-80b2a90aa32e
- application id: Box Tools Win exe
- application name: BoxTools
- application version: 4.28.1.1163
- metric collection url: https://client-log.box.com/index.php?rm=box_gen204_json_record
- metric data path: C:\Users\pcedillo\AppData\Local\Box\Box Tools\Metrics\BoxTools_Metrics_EFD61745.db
- post callback: 05D42F2E
- log callback: 05D42F56
- context: 00000000
- post interval in seconds: 600
- max records in a post: 100
- max db records: 500
- disable sender: true
[2025-05-13 21:30:09,435] [65   ] [INFO ] [] - Shutting down the metrics collector
[2025-05-13 21:40:09,412] [65   ] [INFO ] [] - Initializing the metrics collector
[2025-05-13 21:40:09,467] [65   ] [INFO ] [] - MetricsCollector::Sender(49): _disableSentMetrics 1
[2025-05-13 21:40:09,467] [65   ] [INFO ] [] - MetricsCollector::Initialize(231): Initialized metrics collector
- session id: fa7fa09c-94c0-4d08-ad3d-e603efee1017
- device id: 4ca35884-a93a-48fc-ad16-80b2a90aa32e
- application id: Box Tools Win exe
- application name: BoxTools
- application version: 4.28.1.1163
- metric collection url: https://client-log.box.com/index.php?rm=box_gen204_json_record
- metric data path: C:\Users\pcedillo\AppData\Local\Box\Box Tools\Metrics\BoxTools_Metrics_EFD61745.db
- post callback: 05D42F2E
- log callback: 05D42F56
- context: 00000000
- post interval in seconds: 600
- max records in a post: 100
- max db records: 500
- disable sender: true
[2025-05-13 21:40:09,529] [65   ] [INFO ] [] - Shutting down the metrics collector
[2025-05-13 21:52:37,470] [65   ] [INFO ] [] - Initializing the metrics collector
[2025-05-13 21:52:37,479] [65   ] [INFO ] [] - MetricsCollector::Sender(49): _disableSentMetrics 1
[2025-05-13 21:52:37,479] [65   ] [INFO ] [] - MetricsCollector::Initialize(231): Initialized metrics collector
- session id: fa7fa09c-94c0-4d08-ad3d-e603efee1017
- device id: 4ca35884-a93a-48fc-ad16-80b2a90aa32e
- application id: Box Tools Win exe
- application name: BoxTools
- application version: 4.28.1.1163
- metric collection url: https://client-log.box.com/index.php?rm=box_gen204_json_record
- metric data path: C:\Users\pcedillo\AppData\Local\Box\Box Tools\Metrics\BoxTools_Metrics_EFD61745.db
- post callback: 05D42F2E
- log callback: 05D42F56
- context: 00000000
- post interval in seconds: 600
- max records in a post: 100
- max db records: 500
- disable sender: true
[2025-05-13 21:52:37,486] [65   ] [INFO ] [] - Shutting down the metrics collector
[2025-05-13 22:02:37,479] [65   ] [INFO ] [] - Initializing the metrics collector
[2025-05-13 22:02:37,492] [65   ] [INFO ] [] - MetricsCollector::Sender(49): _disableSentMetrics 1
[2025-05-13 22:02:37,492] [65   ] [INFO ] [] - MetricsCollector::Initialize(231): Initialized metrics collector
- session id: fa7fa09c-94c0-4d08-ad3d-e603efee1017
- device id: 4ca35884-a93a-48fc-ad16-80b2a90aa32e
- application id: Box Tools Win exe
- application name: BoxTools
- application version: 4.28.1.1163
- metric collection url: https://client-log.box.com/index.php?rm=box_gen204_json_record
- metric data path: C:\Users\pcedillo\AppData\Local\Box\Box Tools\Metrics\BoxTools_Metrics_EFD61745.db
- post callback: 05D42F2E
- log callback: 05D42F56
- context: 00000000
- post interval in seconds: 600
- max records in a post: 100
- max db records: 500
- disable sender: true
[2025-05-13 22:02:37,504] [65   ] [INFO ] [] - Shutting down the metrics collector
[2025-05-13 22:12:37,494] [65   ] [INFO ] [] - Initializing the metrics collector
[2025-05-13 22:12:37,533] [65   ] [INFO ] [] - MetricsCollector::Sender(49): _disableSentMetrics 1
[2025-05-13 22:12:37,533] [65   ] [INFO ] [] - MetricsCollector::Initialize(231): Initialized metrics collector
- session id: fa7fa09c-94c0-4d08-ad3d-e603efee1017
- device id: 4ca35884-a93a-48fc-ad16-80b2a90aa32e
- application id: Box Tools Win exe
- application name: BoxTools
- application version: 4.28.1.1163
- metric collection url: https://client-log.box.com/index.php?rm=box_gen204_json_record
- metric data path: C:\Users\pcedillo\AppData\Local\Box\Box Tools\Metrics\BoxTools_Metrics_EFD61745.db
- post callback: 05D42F2E
- log callback: 05D42F56
- context: 00000000
- post interval in seconds: 600
- max records in a post: 100
- max db records: 500
- disable sender: true
[2025-05-13 22:12:37,566] [65   ] [INFO ] [] - Shutting down the metrics collector
[2025-05-13 22:22:37,590] [15   ] [INFO ] [] - Initializing the metrics collector
[2025-05-13 22:22:37,630] [15   ] [INFO ] [] - MetricsCollector::Sender(49): _disableSentMetrics 1
[2025-05-13 22:22:37,633] [15   ] [INFO ] [] - MetricsCollector::Initialize(231): Initialized metrics collector
- session id: fa7fa09c-94c0-4d08-ad3d-e603efee1017
- device id: 4ca35884-a93a-48fc-ad16-80b2a90aa32e
- application id: Box Tools Win exe
- application name: BoxTools
- application version: 4.28.1.1163
- metric collection url: https://client-log.box.com/index.php?rm=box_gen204_json_record
- metric data path: C:\Users\pcedillo\AppData\Local\Box\Box Tools\Metrics\BoxTools_Metrics_EFD61745.db
- post callback: 05D42F2E
- log callback: 05D42F56
- context: 00000000
- post interval in seconds: 600
- max records in a post: 100
- max db records: 500
- disable sender: true
[2025-05-13 22:22:37,680] [15   ] [INFO ] [] - Shutting down the metrics collector
[2025-05-13 22:32:37,580] [61   ] [INFO ] [] - Initializing the metrics collector
[2025-05-13 22:32:37,606] [61   ] [INFO ] [] - MetricsCollector::Sender(49): _disableSentMetrics 1
[2025-05-13 22:32:37,608] [61   ] [INFO ] [] - MetricsCollector::Initialize(231): Initialized metrics collector
- session id: fa7fa09c-94c0-4d08-ad3d-e603efee1017
- device id: 4ca35884-a93a-48fc-ad16-80b2a90aa32e
- application id: Box Tools Win exe
- application name: BoxTools
- application version: 4.28.1.1163
- metric collection url: https://client-log.box.com/index.php?rm=box_gen204_json_record
- metric data path: C:\Users\pcedillo\AppData\Local\Box\Box Tools\Metrics\BoxTools_Metrics_EFD61745.db
- post callback: 05D42F2E
- log callback: 05D42F56
- context: 00000000
- post interval in seconds: 600
- max records in a post: 100
- max db records: 500
- disable sender: true
[2025-05-13 22:32:37,646] [61   ] [INFO ] [] - Shutting down the metrics collector
[2025-05-13 22:42:37,601] [27   ] [INFO ] [] - Initializing the metrics collector
[2025-05-13 22:42:37,633] [27   ] [INFO ] [] - MetricsCollector::Sender(49): _disableSentMetrics 1
[2025-05-13 22:42:37,636] [27   ] [INFO ] [] - MetricsCollector::Initialize(231): Initialized metrics collector
- session id: fa7fa09c-94c0-4d08-ad3d-e603efee1017
- device id: 4ca35884-a93a-48fc-ad16-80b2a90aa32e
- application id: Box Tools Win exe
- application name: BoxTools
- application version: 4.28.1.1163
- metric collection url: https://client-log.box.com/index.php?rm=box_gen204_json_record
- metric data path: C:\Users\pcedillo\AppData\Local\Box\Box Tools\Metrics\BoxTools_Metrics_EFD61745.db
- post callback: 05D42F2E
- log callback: 05D42F56
- context: 00000000
- post interval in seconds: 600
- max records in a post: 100
- max db records: 500
- disable sender: true
[2025-05-13 22:42:37,670] [27   ] [INFO ] [] - Shutting down the metrics collector
[2025-05-13 22:52:37,613] [28   ] [INFO ] [] - Initializing the metrics collector
[2025-05-13 22:52:37,637] [28   ] [INFO ] [] - MetricsCollector::Sender(49): _disableSentMetrics 1
[2025-05-13 22:52:37,641] [28   ] [INFO ] [] - MetricsCollector::Initialize(231): Initialized metrics collector
- session id: fa7fa09c-94c0-4d08-ad3d-e603efee1017
- device id: 4ca35884-a93a-48fc-ad16-80b2a90aa32e
- application id: Box Tools Win exe
- application name: BoxTools
- application version: 4.28.1.1163
- metric collection url: https://client-log.box.com/index.php?rm=box_gen204_json_record
- metric data path: C:\Users\pcedillo\AppData\Local\Box\Box Tools\Metrics\BoxTools_Metrics_EFD61745.db
- post callback: 05D42F2E
- log callback: 05D42F56
- context: 00000000
- post interval in seconds: 600
- max records in a post: 100
- max db records: 500
- disable sender: true
[2025-05-13 22:52:37,681] [28   ] [INFO ] [] - Shutting down the metrics collector
[2025-05-13 23:02:37,609] [28   ] [INFO ] [] - Initializing the metrics collector
[2025-05-13 23:02:37,642] [28   ] [INFO ] [] - MetricsCollector::Sender(49): _disableSentMetrics 1
[2025-05-13 23:02:37,644] [28   ] [INFO ] [] - MetricsCollector::Initialize(231): Initialized metrics collector
- session id: fa7fa09c-94c0-4d08-ad3d-e603efee1017
- device id: 4ca35884-a93a-48fc-ad16-80b2a90aa32e
- application id: Box Tools Win exe
- application name: BoxTools
- application version: 4.28.1.1163
- metric collection url: https://client-log.box.com/index.php?rm=box_gen204_json_record
- metric data path: C:\Users\pcedillo\AppData\Local\Box\Box Tools\Metrics\BoxTools_Metrics_EFD61745.db
- post callback: 05D42F2E
- log callback: 05D42F56
- context: 00000000
- post interval in seconds: 600
- max records in a post: 100
- max db records: 500
- disable sender: true
[2025-05-13 23:02:37,683] [28   ] [INFO ] [] - Shutting down the metrics collector
