[2024-10-31 08:21:07,751] [74   ] [INFO ] [] - Initializing the metrics collector
[2024-10-31 08:21:07,767] [74   ] [INFO ] [] - MetricsCollector::Sender(49): _disableSentMetrics 1
[2024-10-31 08:21:07,767] [74   ] [INFO ] [] - MetricsCollector::Initialize(231): Initialized metrics collector
- session id: f57f0e04-9929-40bd-aeb2-d7b6c1daf30d
- device id: 4ca35884-a93a-48fc-ad16-80b2a90aa32e
- application id: Box Tools Win exe
- application name: BoxTools
- application version: 4.26.1.1109
- metric collection url: https://client-log.box.com/index.php?rm=box_gen204_json_record
- metric data path: C:\Users\pcedillo\AppData\Local\Box\Box Tools\Metrics\BoxTools_Metrics.db
- post callback: 05A80DD6
- log callback: 05A80DFE
- context: 00000000
- post interval in seconds: 600
- max records in a post: 100
- max db records: 500
- disable sender: true
[2024-10-31 08:21:07,784] [74   ] [INFO ] [] - Shutting down the metrics collector
[2024-10-31 08:31:11,086] [9    ] [INFO ] [] - Initializing the metrics collector
[2024-10-31 08:31:11,102] [9    ] [INFO ] [] - MetricsCollector::Sender(49): _disableSentMetrics 1
[2024-10-31 08:31:11,102] [9    ] [INFO ] [] - MetricsCollector::Initialize(231): Initialized metrics collector
- session id: f57f0e04-9929-40bd-aeb2-d7b6c1daf30d
- device id: 4ca35884-a93a-48fc-ad16-80b2a90aa32e
- application id: Box Tools Win exe
- application name: BoxTools
- application version: 4.26.1.1109
- metric collection url: https://client-log.box.com/index.php?rm=box_gen204_json_record
- metric data path: C:\Users\pcedillo\AppData\Local\Box\Box Tools\Metrics\BoxTools_Metrics.db
- post callback: 05A80DD6
- log callback: 05A80DFE
- context: 00000000
- post interval in seconds: 600
- max records in a post: 100
- max db records: 500
- disable sender: true
[2024-10-31 08:31:11,118] [9    ] [INFO ] [] - Shutting down the metrics collector
[2024-10-31 08:41:10,964] [6    ] [INFO ] [] - Initializing the metrics collector
[2024-10-31 08:41:10,980] [6    ] [INFO ] [] - MetricsCollector::Sender(49): _disableSentMetrics 1
[2024-10-31 08:41:10,980] [6    ] [INFO ] [] - MetricsCollector::Initialize(231): Initialized metrics collector
- session id: f57f0e04-9929-40bd-aeb2-d7b6c1daf30d
- device id: 4ca35884-a93a-48fc-ad16-80b2a90aa32e
- application id: Box Tools Win exe
- application name: BoxTools
- application version: 4.26.1.1109
- metric collection url: https://client-log.box.com/index.php?rm=box_gen204_json_record
- metric data path: C:\Users\pcedillo\AppData\Local\Box\Box Tools\Metrics\BoxTools_Metrics.db
- post callback: 05A80DD6
- log callback: 05A80DFE
- context: 00000000
- post interval in seconds: 600
- max records in a post: 100
- max db records: 500
- disable sender: true
[2024-10-31 08:41:10,997] [6    ] [INFO ] [] - Shutting down the metrics collector
[2024-10-31 08:51:10,976] [80   ] [INFO ] [] - Initializing the metrics collector
[2024-10-31 08:51:10,982] [80   ] [INFO ] [] - MetricsCollector::Sender(49): _disableSentMetrics 1
[2024-10-31 08:51:10,982] [80   ] [INFO ] [] - MetricsCollector::Initialize(231): Initialized metrics collector
- session id: f57f0e04-9929-40bd-aeb2-d7b6c1daf30d
- device id: 4ca35884-a93a-48fc-ad16-80b2a90aa32e
- application id: Box Tools Win exe
- application name: BoxTools
- application version: 4.26.1.1109
- metric collection url: https://client-log.box.com/index.php?rm=box_gen204_json_record
- metric data path: C:\Users\pcedillo\AppData\Local\Box\Box Tools\Metrics\BoxTools_Metrics.db
- post callback: 05A80DD6
- log callback: 05A80DFE
- context: 00000000
- post interval in seconds: 600
- max records in a post: 100
- max db records: 500
- disable sender: true
[2024-10-31 08:51:11,001] [80   ] [INFO ] [] - Shutting down the metrics collector
[2024-10-31 09:01:10,912] [82   ] [INFO ] [] - Initializing the metrics collector
[2024-10-31 09:01:10,913] [82   ] [INFO ] [] - MetricsCollector::Sender(49): _disableSentMetrics 1
[2024-10-31 09:01:10,928] [82   ] [INFO ] [] - MetricsCollector::Initialize(231): Initialized metrics collector
- session id: f57f0e04-9929-40bd-aeb2-d7b6c1daf30d
- device id: 4ca35884-a93a-48fc-ad16-80b2a90aa32e
- application id: Box Tools Win exe
- application name: BoxTools
- application version: 4.26.1.1109
- metric collection url: https://client-log.box.com/index.php?rm=box_gen204_json_record
- metric data path: C:\Users\pcedillo\AppData\Local\Box\Box Tools\Metrics\BoxTools_Metrics.db
- post callback: 05A80DD6
- log callback: 05A80DFE
- context: 00000000
- post interval in seconds: 600
- max records in a post: 100
- max db records: 500
- disable sender: true
[2024-10-31 09:01:10,945] [82   ] [INFO ] [] - Shutting down the metrics collector
[2024-10-31 09:11:10,857] [16   ] [INFO ] [] - Initializing the metrics collector
[2024-10-31 09:11:10,872] [16   ] [INFO ] [] - MetricsCollector::Sender(49): _disableSentMetrics 1
[2024-10-31 09:11:10,873] [16   ] [INFO ] [] - MetricsCollector::Initialize(231): Initialized metrics collector
- session id: f57f0e04-9929-40bd-aeb2-d7b6c1daf30d
- device id: 4ca35884-a93a-48fc-ad16-80b2a90aa32e
- application id: Box Tools Win exe
- application name: BoxTools
- application version: 4.26.1.1109
- metric collection url: https://client-log.box.com/index.php?rm=box_gen204_json_record
- metric data path: C:\Users\pcedillo\AppData\Local\Box\Box Tools\Metrics\BoxTools_Metrics.db
- post callback: 05A80DD6
- log callback: 05A80DFE
- context: 00000000
- post interval in seconds: 600
- max records in a post: 100
- max db records: 500
- disable sender: true
[2024-10-31 09:11:10,888] [16   ] [INFO ] [] - Shutting down the metrics collector
[2024-10-31 09:21:10,838] [17   ] [INFO ] [] - Initializing the metrics collector
[2024-10-31 09:21:10,854] [17   ] [INFO ] [] - MetricsCollector::Sender(49): _disableSentMetrics 1
[2024-10-31 09:21:10,854] [17   ] [INFO ] [] - MetricsCollector::Initialize(231): Initialized metrics collector
- session id: f57f0e04-9929-40bd-aeb2-d7b6c1daf30d
- device id: 4ca35884-a93a-48fc-ad16-80b2a90aa32e
- application id: Box Tools Win exe
- application name: BoxTools
- application version: 4.26.1.1109
- metric collection url: https://client-log.box.com/index.php?rm=box_gen204_json_record
- metric data path: C:\Users\pcedillo\AppData\Local\Box\Box Tools\Metrics\BoxTools_Metrics.db
- post callback: 05A80DD6
- log callback: 05A80DFE
- context: 00000000
- post interval in seconds: 600
- max records in a post: 100
- max db records: 500
- disable sender: true
[2024-10-31 09:21:10,871] [17   ] [INFO ] [] - Shutting down the metrics collector
[2024-10-31 09:31:10,777] [20   ] [INFO ] [] - Initializing the metrics collector
[2024-10-31 09:31:10,793] [20   ] [INFO ] [] - MetricsCollector::Sender(49): _disableSentMetrics 1
[2024-10-31 09:31:10,793] [20   ] [INFO ] [] - MetricsCollector::Initialize(231): Initialized metrics collector
- session id: f57f0e04-9929-40bd-aeb2-d7b6c1daf30d
- device id: 4ca35884-a93a-48fc-ad16-80b2a90aa32e
- application id: Box Tools Win exe
- application name: BoxTools
- application version: 4.26.1.1109
- metric collection url: https://client-log.box.com/index.php?rm=box_gen204_json_record
- metric data path: C:\Users\pcedillo\AppData\Local\Box\Box Tools\Metrics\BoxTools_Metrics.db
- post callback: 05A80DD6
- log callback: 05A80DFE
- context: 00000000
- post interval in seconds: 600
- max records in a post: 100
- max db records: 500
- disable sender: true
[2024-10-31 09:31:10,808] [20   ] [INFO ] [] - Shutting down the metrics collector
[2024-10-31 09:41:10,769] [80   ] [INFO ] [] - Initializing the metrics collector
[2024-10-31 09:41:10,787] [80   ] [INFO ] [] - MetricsCollector::Sender(49): _disableSentMetrics 1
[2024-10-31 09:41:10,787] [80   ] [INFO ] [] - MetricsCollector::Initialize(231): Initialized metrics collector
- session id: f57f0e04-9929-40bd-aeb2-d7b6c1daf30d
- device id: 4ca35884-a93a-48fc-ad16-80b2a90aa32e
- application id: Box Tools Win exe
- application name: BoxTools
- application version: 4.26.1.1109
- metric collection url: https://client-log.box.com/index.php?rm=box_gen204_json_record
- metric data path: C:\Users\pcedillo\AppData\Local\Box\Box Tools\Metrics\BoxTools_Metrics.db
- post callback: 05A80DD6
- log callback: 05A80DFE
- context: 00000000
- post interval in seconds: 600
- max records in a post: 100
- max db records: 500
- disable sender: true
[2024-10-31 09:41:10,804] [80   ] [INFO ] [] - Shutting down the metrics collector
[2024-10-31 09:51:10,717] [9    ] [INFO ] [] - Initializing the metrics collector
[2024-10-31 09:51:10,735] [9    ] [INFO ] [] - MetricsCollector::Sender(49): _disableSentMetrics 1
[2024-10-31 09:51:10,735] [9    ] [INFO ] [] - MetricsCollector::Initialize(231): Initialized metrics collector
- session id: f57f0e04-9929-40bd-aeb2-d7b6c1daf30d
- device id: 4ca35884-a93a-48fc-ad16-80b2a90aa32e
- application id: Box Tools Win exe
- application name: BoxTools
- application version: 4.26.1.1109
- metric collection url: https://client-log.box.com/index.php?rm=box_gen204_json_record
- metric data path: C:\Users\pcedillo\AppData\Local\Box\Box Tools\Metrics\BoxTools_Metrics.db
- post callback: 05A80DD6
- log callback: 05A80DFE
- context: 00000000
- post interval in seconds: 600
- max records in a post: 100
- max db records: 500
- disable sender: true
[2024-10-31 09:51:10,749] [9    ] [INFO ] [] - Shutting down the metrics collector
[2024-10-31 10:01:10,692] [6    ] [INFO ] [] - Initializing the metrics collector
[2024-10-31 10:01:10,710] [6    ] [INFO ] [] - MetricsCollector::Sender(49): _disableSentMetrics 1
[2024-10-31 10:01:10,710] [6    ] [INFO ] [] - MetricsCollector::Initialize(231): Initialized metrics collector
- session id: f57f0e04-9929-40bd-aeb2-d7b6c1daf30d
- device id: 4ca35884-a93a-48fc-ad16-80b2a90aa32e
- application id: Box Tools Win exe
- application name: BoxTools
- application version: 4.26.1.1109
- metric collection url: https://client-log.box.com/index.php?rm=box_gen204_json_record
- metric data path: C:\Users\pcedillo\AppData\Local\Box\Box Tools\Metrics\BoxTools_Metrics.db
- post callback: 05A80DD6
- log callback: 05A80DFE
- context: 00000000
- post interval in seconds: 600
- max records in a post: 100
- max db records: 500
- disable sender: true
[2024-10-31 10:01:10,724] [6    ] [INFO ] [] - Shutting down the metrics collector
[2024-10-31 10:11:10,650] [21   ] [INFO ] [] - Initializing the metrics collector
[2024-10-31 10:11:10,667] [21   ] [INFO ] [] - MetricsCollector::Sender(49): _disableSentMetrics 1
[2024-10-31 10:11:10,667] [21   ] [INFO ] [] - MetricsCollector::Initialize(231): Initialized metrics collector
- session id: f57f0e04-9929-40bd-aeb2-d7b6c1daf30d
- device id: 4ca35884-a93a-48fc-ad16-80b2a90aa32e
- application id: Box Tools Win exe
- application name: BoxTools
- application version: 4.26.1.1109
- metric collection url: https://client-log.box.com/index.php?rm=box_gen204_json_record
- metric data path: C:\Users\pcedillo\AppData\Local\Box\Box Tools\Metrics\BoxTools_Metrics.db
- post callback: 05A80DD6
- log callback: 05A80DFE
- context: 00000000
- post interval in seconds: 600
- max records in a post: 100
- max db records: 500
- disable sender: true
[2024-10-31 10:11:10,682] [21   ] [INFO ] [] - Shutting down the metrics collector
[2024-10-31 10:21:10,645] [14   ] [INFO ] [] - Initializing the metrics collector
[2024-10-31 10:21:10,662] [14   ] [INFO ] [] - MetricsCollector::Sender(49): _disableSentMetrics 1
[2024-10-31 10:21:10,662] [14   ] [INFO ] [] - MetricsCollector::Initialize(231): Initialized metrics collector
- session id: f57f0e04-9929-40bd-aeb2-d7b6c1daf30d
- device id: 4ca35884-a93a-48fc-ad16-80b2a90aa32e
- application id: Box Tools Win exe
- application name: BoxTools
- application version: 4.26.1.1109
- metric collection url: https://client-log.box.com/index.php?rm=box_gen204_json_record
- metric data path: C:\Users\pcedillo\AppData\Local\Box\Box Tools\Metrics\BoxTools_Metrics.db
- post callback: 05A80DD6
- log callback: 05A80DFE
- context: 00000000
- post interval in seconds: 600
- max records in a post: 100
- max db records: 500
- disable sender: true
[2024-10-31 10:21:10,677] [14   ] [INFO ] [] - Shutting down the metrics collector
[2024-10-31 10:31:10,664] [13   ] [INFO ] [] - Initializing the metrics collector
[2024-10-31 10:31:10,682] [13   ] [INFO ] [] - MetricsCollector::Sender(49): _disableSentMetrics 1
[2024-10-31 10:31:10,682] [13   ] [INFO ] [] - MetricsCollector::Initialize(231): Initialized metrics collector
- session id: f57f0e04-9929-40bd-aeb2-d7b6c1daf30d
- device id: 4ca35884-a93a-48fc-ad16-80b2a90aa32e
- application id: Box Tools Win exe
- application name: BoxTools
- application version: 4.26.1.1109
- metric collection url: https://client-log.box.com/index.php?rm=box_gen204_json_record
- metric data path: C:\Users\pcedillo\AppData\Local\Box\Box Tools\Metrics\BoxTools_Metrics.db
- post callback: 05A80DD6
- log callback: 05A80DFE
- context: 00000000
- post interval in seconds: 600
- max records in a post: 100
- max db records: 500
- disable sender: true
[2024-10-31 10:31:10,696] [13   ] [INFO ] [] - Shutting down the metrics collector
[2024-10-31 10:41:10,541] [23   ] [INFO ] [] - Initializing the metrics collector
[2024-10-31 10:41:10,557] [23   ] [INFO ] [] - MetricsCollector::Sender(49): _disableSentMetrics 1
[2024-10-31 10:41:10,557] [23   ] [INFO ] [] - MetricsCollector::Initialize(231): Initialized metrics collector
- session id: f57f0e04-9929-40bd-aeb2-d7b6c1daf30d
- device id: 4ca35884-a93a-48fc-ad16-80b2a90aa32e
- application id: Box Tools Win exe
- application name: BoxTools
- application version: 4.26.1.1109
- metric collection url: https://client-log.box.com/index.php?rm=box_gen204_json_record
- metric data path: C:\Users\pcedillo\AppData\Local\Box\Box Tools\Metrics\BoxTools_Metrics.db
- post callback: 05A80DD6
- log callback: 05A80DFE
- context: 00000000
- post interval in seconds: 600
- max records in a post: 100
- max db records: 500
- disable sender: true
[2024-10-31 10:41:10,573] [23   ] [INFO ] [] - Shutting down the metrics collector
[2024-10-31 10:51:10,503] [38   ] [INFO ] [] - Initializing the metrics collector
[2024-10-31 10:51:10,519] [38   ] [INFO ] [] - MetricsCollector::Sender(49): _disableSentMetrics 1
[2024-10-31 10:51:10,519] [38   ] [INFO ] [] - MetricsCollector::Initialize(231): Initialized metrics collector
- session id: f57f0e04-9929-40bd-aeb2-d7b6c1daf30d
- device id: 4ca35884-a93a-48fc-ad16-80b2a90aa32e
- application id: Box Tools Win exe
- application name: BoxTools
- application version: 4.26.1.1109
- metric collection url: https://client-log.box.com/index.php?rm=box_gen204_json_record
- metric data path: C:\Users\pcedillo\AppData\Local\Box\Box Tools\Metrics\BoxTools_Metrics.db
- post callback: 05A80DD6
- log callback: 05A80DFE
- context: 00000000
- post interval in seconds: 600
- max records in a post: 100
- max db records: 500
- disable sender: true
[2024-10-31 10:51:10,536] [38   ] [INFO ] [] - Shutting down the metrics collector
[2024-10-31 11:01:10,442] [22   ] [INFO ] [] - Initializing the metrics collector
[2024-10-31 11:01:10,451] [22   ] [INFO ] [] - MetricsCollector::Sender(49): _disableSentMetrics 1
[2024-10-31 11:01:10,451] [22   ] [INFO ] [] - MetricsCollector::Initialize(231): Initialized metrics collector
- session id: f57f0e04-9929-40bd-aeb2-d7b6c1daf30d
- device id: 4ca35884-a93a-48fc-ad16-80b2a90aa32e
- application id: Box Tools Win exe
- application name: BoxTools
- application version: 4.26.1.1109
- metric collection url: https://client-log.box.com/index.php?rm=box_gen204_json_record
- metric data path: C:\Users\pcedillo\AppData\Local\Box\Box Tools\Metrics\BoxTools_Metrics.db
- post callback: 05A80DD6
- log callback: 05A80DFE
- context: 00000000
- post interval in seconds: 600
- max records in a post: 100
- max db records: 500
- disable sender: true
[2024-10-31 11:01:10,465] [22   ] [INFO ] [] - Shutting down the metrics collector
[2024-10-31 11:11:10,423] [64   ] [INFO ] [] - Initializing the metrics collector
[2024-10-31 11:11:10,435] [64   ] [INFO ] [] - MetricsCollector::Sender(49): _disableSentMetrics 1
[2024-10-31 11:11:10,435] [64   ] [INFO ] [] - MetricsCollector::Initialize(231): Initialized metrics collector
- session id: f57f0e04-9929-40bd-aeb2-d7b6c1daf30d
- device id: 4ca35884-a93a-48fc-ad16-80b2a90aa32e
- application id: Box Tools Win exe
- application name: BoxTools
- application version: 4.26.1.1109
- metric collection url: https://client-log.box.com/index.php?rm=box_gen204_json_record
- metric data path: C:\Users\pcedillo\AppData\Local\Box\Box Tools\Metrics\BoxTools_Metrics.db
- post callback: 05A80DD6
- log callback: 05A80DFE
- context: 00000000
- post interval in seconds: 600
- max records in a post: 100
- max db records: 500
- disable sender: true
[2024-10-31 11:11:10,448] [64   ] [INFO ] [] - Shutting down the metrics collector
[2024-10-31 11:21:10,401] [36   ] [INFO ] [] - Initializing the metrics collector
[2024-10-31 11:21:10,421] [36   ] [INFO ] [] - MetricsCollector::Sender(49): _disableSentMetrics 1
[2024-10-31 11:21:10,421] [36   ] [INFO ] [] - MetricsCollector::Initialize(231): Initialized metrics collector
- session id: f57f0e04-9929-40bd-aeb2-d7b6c1daf30d
- device id: 4ca35884-a93a-48fc-ad16-80b2a90aa32e
- application id: Box Tools Win exe
- application name: BoxTools
- application version: 4.26.1.1109
- metric collection url: https://client-log.box.com/index.php?rm=box_gen204_json_record
- metric data path: C:\Users\pcedillo\AppData\Local\Box\Box Tools\Metrics\BoxTools_Metrics.db
- post callback: 05A80DD6
- log callback: 05A80DFE
- context: 00000000
- post interval in seconds: 600
- max records in a post: 100
- max db records: 500
- disable sender: true
[2024-10-31 11:21:10,433] [36   ] [INFO ] [] - Shutting down the metrics collector
[2024-10-31 11:31:10,394] [15   ] [INFO ] [] - Initializing the metrics collector
[2024-10-31 11:31:10,411] [15   ] [INFO ] [] - MetricsCollector::Sender(49): _disableSentMetrics 1
[2024-10-31 11:31:10,412] [15   ] [INFO ] [] - MetricsCollector::Initialize(231): Initialized metrics collector
- session id: f57f0e04-9929-40bd-aeb2-d7b6c1daf30d
- device id: 4ca35884-a93a-48fc-ad16-80b2a90aa32e
- application id: Box Tools Win exe
- application name: BoxTools
- application version: 4.26.1.1109
- metric collection url: https://client-log.box.com/index.php?rm=box_gen204_json_record
- metric data path: C:\Users\pcedillo\AppData\Local\Box\Box Tools\Metrics\BoxTools_Metrics.db
- post callback: 05A80DD6
- log callback: 05A80DFE
- context: 00000000
- post interval in seconds: 600
- max records in a post: 100
- max db records: 500
- disable sender: true
[2024-10-31 11:31:10,427] [15   ] [INFO ] [] - Shutting down the metrics collector
