[2024-10-29 08:25:13,695] [20   ] [INFO ] [] - Initializing the metrics collector
[2024-10-29 08:25:13,840] [20   ] [INFO ] [] - MetricsCollector::Sender(49): _disableSentMetrics 1
[2024-10-29 08:25:13,842] [20   ] [INFO ] [] - MetricsCollector::Initialize(231): Initialized metrics collector
- session id: f57f0e04-9929-40bd-aeb2-d7b6c1daf30d
- device id: 4ca35884-a93a-48fc-ad16-80b2a90aa32e
- application id: Box Tools Win exe
- application name: BoxTools
- application version: 4.26.1.1109
- metric collection url: https://client-log.box.com/index.php?rm=box_gen204_json_record
- metric data path: C:\Users\pcedillo\AppData\Local\Box\Box Tools\Metrics\BoxTools_Metrics.db
- post callback: 05A80DD6
- log callback: 05A80DFE
- context: 00000000
- post interval in seconds: 600
- max records in a post: 100
- max db records: 500
- disable sender: true
[2024-10-29 08:25:13,930] [20   ] [INFO ] [] - Shutting down the metrics collector
[2024-10-29 08:35:11,311] [36   ] [INFO ] [] - Initializing the metrics collector
[2024-10-29 08:35:11,324] [36   ] [INFO ] [] - MetricsCollector::Sender(49): _disableSentMetrics 1
[2024-10-29 08:35:11,327] [36   ] [INFO ] [] - MetricsCollector::Initialize(231): Initialized metrics collector
- session id: f57f0e04-9929-40bd-aeb2-d7b6c1daf30d
- device id: 4ca35884-a93a-48fc-ad16-80b2a90aa32e
- application id: Box Tools Win exe
- application name: BoxTools
- application version: 4.26.1.1109
- metric collection url: https://client-log.box.com/index.php?rm=box_gen204_json_record
- metric data path: C:\Users\pcedillo\AppData\Local\Box\Box Tools\Metrics\BoxTools_Metrics.db
- post callback: 05A80DD6
- log callback: 05A80DFE
- context: 00000000
- post interval in seconds: 600
- max records in a post: 100
- max db records: 500
- disable sender: true
[2024-10-29 08:35:11,343] [36   ] [INFO ] [] - Shutting down the metrics collector
[2024-10-29 08:45:11,317] [20   ] [INFO ] [] - Initializing the metrics collector
[2024-10-29 08:45:11,317] [20   ] [INFO ] [] - MetricsCollector::Sender(49): _disableSentMetrics 1
[2024-10-29 08:45:11,317] [20   ] [INFO ] [] - MetricsCollector::Initialize(231): Initialized metrics collector
- session id: f57f0e04-9929-40bd-aeb2-d7b6c1daf30d
- device id: 4ca35884-a93a-48fc-ad16-80b2a90aa32e
- application id: Box Tools Win exe
- application name: BoxTools
- application version: 4.26.1.1109
- metric collection url: https://client-log.box.com/index.php?rm=box_gen204_json_record
- metric data path: C:\Users\pcedillo\AppData\Local\Box\Box Tools\Metrics\BoxTools_Metrics.db
- post callback: 05A80DD6
- log callback: 05A80DFE
- context: 00000000
- post interval in seconds: 600
- max records in a post: 100
- max db records: 500
- disable sender: true
[2024-10-29 08:45:11,333] [20   ] [INFO ] [] - Shutting down the metrics collector
[2024-10-29 08:55:11,347] [36   ] [INFO ] [] - Initializing the metrics collector
[2024-10-29 08:55:11,348] [36   ] [INFO ] [] - MetricsCollector::Sender(49): _disableSentMetrics 1
[2024-10-29 08:55:11,348] [36   ] [INFO ] [] - MetricsCollector::Initialize(231): Initialized metrics collector
- session id: f57f0e04-9929-40bd-aeb2-d7b6c1daf30d
- device id: 4ca35884-a93a-48fc-ad16-80b2a90aa32e
- application id: Box Tools Win exe
- application name: BoxTools
- application version: 4.26.1.1109
- metric collection url: https://client-log.box.com/index.php?rm=box_gen204_json_record
- metric data path: C:\Users\pcedillo\AppData\Local\Box\Box Tools\Metrics\BoxTools_Metrics.db
- post callback: 05A80DD6
- log callback: 05A80DFE
- context: 00000000
- post interval in seconds: 600
- max records in a post: 100
- max db records: 500
- disable sender: true
[2024-10-29 08:55:11,379] [36   ] [INFO ] [] - Shutting down the metrics collector
[2024-10-29 09:05:11,156] [66   ] [INFO ] [] - Initializing the metrics collector
[2024-10-29 09:05:11,172] [66   ] [INFO ] [] - MetricsCollector::Sender(49): _disableSentMetrics 1
[2024-10-29 09:05:11,172] [66   ] [INFO ] [] - MetricsCollector::Initialize(231): Initialized metrics collector
- session id: f57f0e04-9929-40bd-aeb2-d7b6c1daf30d
- device id: 4ca35884-a93a-48fc-ad16-80b2a90aa32e
- application id: Box Tools Win exe
- application name: BoxTools
- application version: 4.26.1.1109
- metric collection url: https://client-log.box.com/index.php?rm=box_gen204_json_record
- metric data path: C:\Users\pcedillo\AppData\Local\Box\Box Tools\Metrics\BoxTools_Metrics.db
- post callback: 05A80DD6
- log callback: 05A80DFE
- context: 00000000
- post interval in seconds: 600
- max records in a post: 100
- max db records: 500
- disable sender: true
[2024-10-29 09:05:11,172] [66   ] [INFO ] [] - Shutting down the metrics collector
[2024-10-29 09:15:11,129] [20   ] [INFO ] [] - Initializing the metrics collector
[2024-10-29 09:15:11,138] [20   ] [INFO ] [] - MetricsCollector::Sender(49): _disableSentMetrics 1
[2024-10-29 09:15:11,138] [20   ] [INFO ] [] - MetricsCollector::Initialize(231): Initialized metrics collector
- session id: f57f0e04-9929-40bd-aeb2-d7b6c1daf30d
- device id: 4ca35884-a93a-48fc-ad16-80b2a90aa32e
- application id: Box Tools Win exe
- application name: BoxTools
- application version: 4.26.1.1109
- metric collection url: https://client-log.box.com/index.php?rm=box_gen204_json_record
- metric data path: C:\Users\pcedillo\AppData\Local\Box\Box Tools\Metrics\BoxTools_Metrics.db
- post callback: 05A80DD6
- log callback: 05A80DFE
- context: 00000000
- post interval in seconds: 600
- max records in a post: 100
- max db records: 500
- disable sender: true
[2024-10-29 09:15:11,145] [20   ] [INFO ] [] - Shutting down the metrics collector
[2024-10-29 09:25:11,093] [36   ] [INFO ] [] - Initializing the metrics collector
[2024-10-29 09:25:11,093] [36   ] [INFO ] [] - MetricsCollector::Sender(49): _disableSentMetrics 1
[2024-10-29 09:25:11,093] [36   ] [INFO ] [] - MetricsCollector::Initialize(231): Initialized metrics collector
- session id: f57f0e04-9929-40bd-aeb2-d7b6c1daf30d
- device id: 4ca35884-a93a-48fc-ad16-80b2a90aa32e
- application id: Box Tools Win exe
- application name: BoxTools
- application version: 4.26.1.1109
- metric collection url: https://client-log.box.com/index.php?rm=box_gen204_json_record
- metric data path: C:\Users\pcedillo\AppData\Local\Box\Box Tools\Metrics\BoxTools_Metrics.db
- post callback: 05A80DD6
- log callback: 05A80DFE
- context: 00000000
- post interval in seconds: 600
- max records in a post: 100
- max db records: 500
- disable sender: true
[2024-10-29 09:25:11,111] [36   ] [INFO ] [] - Shutting down the metrics collector
[2024-10-29 09:35:11,043] [66   ] [INFO ] [] - Initializing the metrics collector
[2024-10-29 09:35:11,060] [66   ] [INFO ] [] - MetricsCollector::Sender(49): _disableSentMetrics 1
[2024-10-29 09:35:11,060] [66   ] [INFO ] [] - MetricsCollector::Initialize(231): Initialized metrics collector
- session id: f57f0e04-9929-40bd-aeb2-d7b6c1daf30d
- device id: 4ca35884-a93a-48fc-ad16-80b2a90aa32e
- application id: Box Tools Win exe
- application name: BoxTools
- application version: 4.26.1.1109
- metric collection url: https://client-log.box.com/index.php?rm=box_gen204_json_record
- metric data path: C:\Users\pcedillo\AppData\Local\Box\Box Tools\Metrics\BoxTools_Metrics.db
- post callback: 05A80DD6
- log callback: 05A80DFE
- context: 00000000
- post interval in seconds: 600
- max records in a post: 100
- max db records: 500
- disable sender: true
[2024-10-29 09:35:11,085] [66   ] [INFO ] [] - Shutting down the metrics collector
[2024-10-29 09:45:11,020] [9    ] [INFO ] [] - Initializing the metrics collector
[2024-10-29 09:45:11,020] [9    ] [INFO ] [] - MetricsCollector::Sender(49): _disableSentMetrics 1
[2024-10-29 09:45:11,036] [9    ] [INFO ] [] - MetricsCollector::Initialize(231): Initialized metrics collector
- session id: f57f0e04-9929-40bd-aeb2-d7b6c1daf30d
- device id: 4ca35884-a93a-48fc-ad16-80b2a90aa32e
- application id: Box Tools Win exe
- application name: BoxTools
- application version: 4.26.1.1109
- metric collection url: https://client-log.box.com/index.php?rm=box_gen204_json_record
- metric data path: C:\Users\pcedillo\AppData\Local\Box\Box Tools\Metrics\BoxTools_Metrics.db
- post callback: 05A80DD6
- log callback: 05A80DFE
- context: 00000000
- post interval in seconds: 600
- max records in a post: 100
- max db records: 500
- disable sender: true
[2024-10-29 09:45:11,052] [9    ] [INFO ] [] - Shutting down the metrics collector
[2024-10-29 09:55:10,963] [74   ] [INFO ] [] - Initializing the metrics collector
[2024-10-29 09:55:10,981] [74   ] [INFO ] [] - MetricsCollector::Sender(49): _disableSentMetrics 1
[2024-10-29 09:55:10,981] [74   ] [INFO ] [] - MetricsCollector::Initialize(231): Initialized metrics collector
- session id: f57f0e04-9929-40bd-aeb2-d7b6c1daf30d
- device id: 4ca35884-a93a-48fc-ad16-80b2a90aa32e
- application id: Box Tools Win exe
- application name: BoxTools
- application version: 4.26.1.1109
- metric collection url: https://client-log.box.com/index.php?rm=box_gen204_json_record
- metric data path: C:\Users\pcedillo\AppData\Local\Box\Box Tools\Metrics\BoxTools_Metrics.db
- post callback: 05A80DD6
- log callback: 05A80DFE
- context: 00000000
- post interval in seconds: 600
- max records in a post: 100
- max db records: 500
- disable sender: true
[2024-10-29 09:55:10,995] [74   ] [INFO ] [] - Shutting down the metrics collector
[2024-10-29 10:05:10,932] [82   ] [INFO ] [] - Initializing the metrics collector
[2024-10-29 10:05:10,950] [82   ] [INFO ] [] - MetricsCollector::Sender(49): _disableSentMetrics 1
[2024-10-29 10:05:10,950] [82   ] [INFO ] [] - MetricsCollector::Initialize(231): Initialized metrics collector
- session id: f57f0e04-9929-40bd-aeb2-d7b6c1daf30d
- device id: 4ca35884-a93a-48fc-ad16-80b2a90aa32e
- application id: Box Tools Win exe
- application name: BoxTools
- application version: 4.26.1.1109
- metric collection url: https://client-log.box.com/index.php?rm=box_gen204_json_record
- metric data path: C:\Users\pcedillo\AppData\Local\Box\Box Tools\Metrics\BoxTools_Metrics.db
- post callback: 05A80DD6
- log callback: 05A80DFE
- context: 00000000
- post interval in seconds: 600
- max records in a post: 100
- max db records: 500
- disable sender: true
[2024-10-29 10:05:10,964] [82   ] [INFO ] [] - Shutting down the metrics collector
[2024-10-29 10:15:10,882] [14   ] [INFO ] [] - Initializing the metrics collector
[2024-10-29 10:15:10,900] [14   ] [INFO ] [] - MetricsCollector::Sender(49): _disableSentMetrics 1
[2024-10-29 10:15:10,900] [14   ] [INFO ] [] - MetricsCollector::Initialize(231): Initialized metrics collector
- session id: f57f0e04-9929-40bd-aeb2-d7b6c1daf30d
- device id: 4ca35884-a93a-48fc-ad16-80b2a90aa32e
- application id: Box Tools Win exe
- application name: BoxTools
- application version: 4.26.1.1109
- metric collection url: https://client-log.box.com/index.php?rm=box_gen204_json_record
- metric data path: C:\Users\pcedillo\AppData\Local\Box\Box Tools\Metrics\BoxTools_Metrics.db
- post callback: 05A80DD6
- log callback: 05A80DFE
- context: 00000000
- post interval in seconds: 600
- max records in a post: 100
- max db records: 500
- disable sender: true
[2024-10-29 10:15:10,913] [14   ] [INFO ] [] - Shutting down the metrics collector
[2024-10-29 10:25:10,827] [37   ] [INFO ] [] - Initializing the metrics collector
[2024-10-29 10:25:10,843] [37   ] [INFO ] [] - MetricsCollector::Sender(49): _disableSentMetrics 1
[2024-10-29 10:25:10,843] [37   ] [INFO ] [] - MetricsCollector::Initialize(231): Initialized metrics collector
- session id: f57f0e04-9929-40bd-aeb2-d7b6c1daf30d
- device id: 4ca35884-a93a-48fc-ad16-80b2a90aa32e
- application id: Box Tools Win exe
- application name: BoxTools
- application version: 4.26.1.1109
- metric collection url: https://client-log.box.com/index.php?rm=box_gen204_json_record
- metric data path: C:\Users\pcedillo\AppData\Local\Box\Box Tools\Metrics\BoxTools_Metrics.db
- post callback: 05A80DD6
- log callback: 05A80DFE
- context: 00000000
- post interval in seconds: 600
- max records in a post: 100
- max db records: 500
- disable sender: true
[2024-10-29 10:25:10,859] [37   ] [INFO ] [] - Shutting down the metrics collector
[2024-10-29 10:35:10,802] [13   ] [INFO ] [] - Initializing the metrics collector
[2024-10-29 10:35:10,818] [13   ] [INFO ] [] - MetricsCollector::Sender(49): _disableSentMetrics 1
[2024-10-29 10:35:10,818] [13   ] [INFO ] [] - MetricsCollector::Initialize(231): Initialized metrics collector
- session id: f57f0e04-9929-40bd-aeb2-d7b6c1daf30d
- device id: 4ca35884-a93a-48fc-ad16-80b2a90aa32e
- application id: Box Tools Win exe
- application name: BoxTools
- application version: 4.26.1.1109
- metric collection url: https://client-log.box.com/index.php?rm=box_gen204_json_record
- metric data path: C:\Users\pcedillo\AppData\Local\Box\Box Tools\Metrics\BoxTools_Metrics.db
- post callback: 05A80DD6
- log callback: 05A80DFE
- context: 00000000
- post interval in seconds: 600
- max records in a post: 100
- max db records: 500
- disable sender: true
[2024-10-29 10:35:10,834] [13   ] [INFO ] [] - Shutting down the metrics collector
[2024-10-29 10:45:10,818] [11   ] [INFO ] [] - Initializing the metrics collector
[2024-10-29 10:45:10,837] [11   ] [INFO ] [] - MetricsCollector::Sender(49): _disableSentMetrics 1
[2024-10-29 10:45:10,837] [11   ] [INFO ] [] - MetricsCollector::Initialize(231): Initialized metrics collector
- session id: f57f0e04-9929-40bd-aeb2-d7b6c1daf30d
- device id: 4ca35884-a93a-48fc-ad16-80b2a90aa32e
- application id: Box Tools Win exe
- application name: BoxTools
- application version: 4.26.1.1109
- metric collection url: https://client-log.box.com/index.php?rm=box_gen204_json_record
- metric data path: C:\Users\pcedillo\AppData\Local\Box\Box Tools\Metrics\BoxTools_Metrics.db
- post callback: 05A80DD6
- log callback: 05A80DFE
- context: 00000000
- post interval in seconds: 600
- max records in a post: 100
- max db records: 500
- disable sender: true
[2024-10-29 10:45:10,850] [11   ] [INFO ] [] - Shutting down the metrics collector
[2024-10-29 10:55:10,813] [24   ] [INFO ] [] - Initializing the metrics collector
[2024-10-29 10:55:10,829] [24   ] [INFO ] [] - MetricsCollector::Sender(49): _disableSentMetrics 1
[2024-10-29 10:55:10,829] [24   ] [INFO ] [] - MetricsCollector::Initialize(231): Initialized metrics collector
- session id: f57f0e04-9929-40bd-aeb2-d7b6c1daf30d
- device id: 4ca35884-a93a-48fc-ad16-80b2a90aa32e
- application id: Box Tools Win exe
- application name: BoxTools
- application version: 4.26.1.1109
- metric collection url: https://client-log.box.com/index.php?rm=box_gen204_json_record
- metric data path: C:\Users\pcedillo\AppData\Local\Box\Box Tools\Metrics\BoxTools_Metrics.db
- post callback: 05A80DD6
- log callback: 05A80DFE
- context: 00000000
- post interval in seconds: 600
- max records in a post: 100
- max db records: 500
- disable sender: true
[2024-10-29 10:55:10,846] [24   ] [INFO ] [] - Shutting down the metrics collector
[2024-10-29 11:05:10,698] [22   ] [INFO ] [] - Initializing the metrics collector
[2024-10-29 11:05:10,717] [22   ] [INFO ] [] - MetricsCollector::Sender(49): _disableSentMetrics 1
[2024-10-29 11:05:10,721] [22   ] [INFO ] [] - MetricsCollector::Initialize(231): Initialized metrics collector
- session id: f57f0e04-9929-40bd-aeb2-d7b6c1daf30d
- device id: 4ca35884-a93a-48fc-ad16-80b2a90aa32e
- application id: Box Tools Win exe
- application name: BoxTools
- application version: 4.26.1.1109
- metric collection url: https://client-log.box.com/index.php?rm=box_gen204_json_record
- metric data path: C:\Users\pcedillo\AppData\Local\Box\Box Tools\Metrics\BoxTools_Metrics.db
- post callback: 05A80DD6
- log callback: 05A80DFE
- context: 00000000
- post interval in seconds: 600
- max records in a post: 100
- max db records: 500
- disable sender: true
[2024-10-29 11:05:10,731] [22   ] [INFO ] [] - Shutting down the metrics collector
[2024-10-29 11:15:10,673] [38   ] [INFO ] [] - Initializing the metrics collector
[2024-10-29 11:15:10,691] [38   ] [INFO ] [] - MetricsCollector::Sender(49): _disableSentMetrics 1
[2024-10-29 11:15:10,691] [38   ] [INFO ] [] - MetricsCollector::Initialize(231): Initialized metrics collector
- session id: f57f0e04-9929-40bd-aeb2-d7b6c1daf30d
- device id: 4ca35884-a93a-48fc-ad16-80b2a90aa32e
- application id: Box Tools Win exe
- application name: BoxTools
- application version: 4.26.1.1109
- metric collection url: https://client-log.box.com/index.php?rm=box_gen204_json_record
- metric data path: C:\Users\pcedillo\AppData\Local\Box\Box Tools\Metrics\BoxTools_Metrics.db
- post callback: 05A80DD6
- log callback: 05A80DFE
- context: 00000000
- post interval in seconds: 600
- max records in a post: 100
- max db records: 500
- disable sender: true
[2024-10-29 11:15:10,706] [38   ] [INFO ] [] - Shutting down the metrics collector
[2024-10-29 11:25:10,678] [64   ] [INFO ] [] - Initializing the metrics collector
[2024-10-29 11:25:10,695] [64   ] [INFO ] [] - MetricsCollector::Sender(49): _disableSentMetrics 1
[2024-10-29 11:25:10,695] [64   ] [INFO ] [] - MetricsCollector::Initialize(231): Initialized metrics collector
- session id: f57f0e04-9929-40bd-aeb2-d7b6c1daf30d
- device id: 4ca35884-a93a-48fc-ad16-80b2a90aa32e
- application id: Box Tools Win exe
- application name: BoxTools
- application version: 4.26.1.1109
- metric collection url: https://client-log.box.com/index.php?rm=box_gen204_json_record
- metric data path: C:\Users\pcedillo\AppData\Local\Box\Box Tools\Metrics\BoxTools_Metrics.db
- post callback: 05A80DD6
- log callback: 05A80DFE
- context: 00000000
- post interval in seconds: 600
- max records in a post: 100
- max db records: 500
- disable sender: true
[2024-10-29 11:25:10,710] [64   ] [INFO ] [] - Shutting down the metrics collector
[2024-10-29 11:35:10,681] [73   ] [INFO ] [] - Initializing the metrics collector
[2024-10-29 11:35:10,699] [73   ] [INFO ] [] - MetricsCollector::Sender(49): _disableSentMetrics 1
[2024-10-29 11:35:10,699] [73   ] [INFO ] [] - MetricsCollector::Initialize(231): Initialized metrics collector
- session id: f57f0e04-9929-40bd-aeb2-d7b6c1daf30d
- device id: 4ca35884-a93a-48fc-ad16-80b2a90aa32e
- application id: Box Tools Win exe
- application name: BoxTools
- application version: 4.26.1.1109
- metric collection url: https://client-log.box.com/index.php?rm=box_gen204_json_record
- metric data path: C:\Users\pcedillo\AppData\Local\Box\Box Tools\Metrics\BoxTools_Metrics.db
- post callback: 05A80DD6
- log callback: 05A80DFE
- context: 00000000
- post interval in seconds: 600
- max records in a post: 100
- max db records: 500
- disable sender: true
[2024-10-29 11:35:10,714] [73   ] [INFO ] [] - Shutting down the metrics collector
[2024-10-29 13:46:35,163] [23   ] [INFO ] [] - Initializing the metrics collector
[2024-10-29 13:46:35,174] [23   ] [INFO ] [] - MetricsCollector::Sender(49): _disableSentMetrics 1
[2024-10-29 13:46:35,174] [23   ] [INFO ] [] - MetricsCollector::Initialize(231): Initialized metrics collector
- session id: f57f0e04-9929-40bd-aeb2-d7b6c1daf30d
- device id: 4ca35884-a93a-48fc-ad16-80b2a90aa32e
- application id: Box Tools Win exe
- application name: BoxTools
- application version: 4.26.1.1109
- metric collection url: https://client-log.box.com/index.php?rm=box_gen204_json_record
- metric data path: C:\Users\pcedillo\AppData\Local\Box\Box Tools\Metrics\BoxTools_Metrics.db
- post callback: 05A80DD6
- log callback: 05A80DFE
- context: 00000000
- post interval in seconds: 600
- max records in a post: 100
- max db records: 500
- disable sender: true
[2024-10-29 13:46:35,183] [23   ] [INFO ] [] - Shutting down the metrics collector
[2024-10-29 13:56:33,648] [73   ] [INFO ] [] - Initializing the metrics collector
[2024-10-29 13:56:33,659] [73   ] [INFO ] [] - MetricsCollector::Sender(49): _disableSentMetrics 1
[2024-10-29 13:56:33,661] [73   ] [INFO ] [] - MetricsCollector::Initialize(231): Initialized metrics collector
- session id: f57f0e04-9929-40bd-aeb2-d7b6c1daf30d
- device id: 4ca35884-a93a-48fc-ad16-80b2a90aa32e
- application id: Box Tools Win exe
- application name: BoxTools
- application version: 4.26.1.1109
- metric collection url: https://client-log.box.com/index.php?rm=box_gen204_json_record
- metric data path: C:\Users\pcedillo\AppData\Local\Box\Box Tools\Metrics\BoxTools_Metrics.db
- post callback: 05A80DD6
- log callback: 05A80DFE
- context: 00000000
- post interval in seconds: 600
- max records in a post: 100
- max db records: 500
- disable sender: true
[2024-10-29 13:56:33,671] [73   ] [INFO ] [] - Shutting down the metrics collector
[2024-10-29 14:06:33,581] [64   ] [INFO ] [] - Initializing the metrics collector
[2024-10-29 14:06:33,587] [64   ] [INFO ] [] - MetricsCollector::Sender(49): _disableSentMetrics 1
[2024-10-29 14:06:33,587] [64   ] [INFO ] [] - MetricsCollector::Initialize(231): Initialized metrics collector
- session id: f57f0e04-9929-40bd-aeb2-d7b6c1daf30d
- device id: 4ca35884-a93a-48fc-ad16-80b2a90aa32e
- application id: Box Tools Win exe
- application name: BoxTools
- application version: 4.26.1.1109
- metric collection url: https://client-log.box.com/index.php?rm=box_gen204_json_record
- metric data path: C:\Users\pcedillo\AppData\Local\Box\Box Tools\Metrics\BoxTools_Metrics.db
- post callback: 05A80DD6
- log callback: 05A80DFE
- context: 00000000
- post interval in seconds: 600
- max records in a post: 100
- max db records: 500
- disable sender: true
[2024-10-29 14:06:33,593] [64   ] [INFO ] [] - Shutting down the metrics collector
[2024-10-29 14:16:33,602] [64   ] [INFO ] [] - Initializing the metrics collector
[2024-10-29 14:16:33,611] [64   ] [INFO ] [] - MetricsCollector::Sender(49): _disableSentMetrics 1
[2024-10-29 14:16:33,611] [64   ] [INFO ] [] - MetricsCollector::Initialize(231): Initialized metrics collector
- session id: f57f0e04-9929-40bd-aeb2-d7b6c1daf30d
- device id: 4ca35884-a93a-48fc-ad16-80b2a90aa32e
- application id: Box Tools Win exe
- application name: BoxTools
- application version: 4.26.1.1109
- metric collection url: https://client-log.box.com/index.php?rm=box_gen204_json_record
- metric data path: C:\Users\pcedillo\AppData\Local\Box\Box Tools\Metrics\BoxTools_Metrics.db
- post callback: 05A80DD6
- log callback: 05A80DFE
- context: 00000000
- post interval in seconds: 600
- max records in a post: 100
- max db records: 500
- disable sender: true
[2024-10-29 14:16:33,620] [64   ] [INFO ] [] - Shutting down the metrics collector
[2024-10-29 14:26:33,502] [22   ] [INFO ] [] - Initializing the metrics collector
[2024-10-29 14:26:33,502] [22   ] [INFO ] [] - MetricsCollector::Sender(49): _disableSentMetrics 1
[2024-10-29 14:26:33,502] [22   ] [INFO ] [] - MetricsCollector::Initialize(231): Initialized metrics collector
- session id: f57f0e04-9929-40bd-aeb2-d7b6c1daf30d
- device id: 4ca35884-a93a-48fc-ad16-80b2a90aa32e
- application id: Box Tools Win exe
- application name: BoxTools
- application version: 4.26.1.1109
- metric collection url: https://client-log.box.com/index.php?rm=box_gen204_json_record
- metric data path: C:\Users\pcedillo\AppData\Local\Box\Box Tools\Metrics\BoxTools_Metrics.db
- post callback: 05A80DD6
- log callback: 05A80DFE
- context: 00000000
- post interval in seconds: 600
- max records in a post: 100
- max db records: 500
- disable sender: true
[2024-10-29 14:26:33,518] [22   ] [INFO ] [] - Shutting down the metrics collector
[2024-10-29 14:36:33,454] [24   ] [INFO ] [] - Initializing the metrics collector
[2024-10-29 14:36:33,459] [24   ] [INFO ] [] - MetricsCollector::Sender(49): _disableSentMetrics 1
[2024-10-29 14:36:33,461] [24   ] [INFO ] [] - MetricsCollector::Initialize(231): Initialized metrics collector
- session id: f57f0e04-9929-40bd-aeb2-d7b6c1daf30d
- device id: 4ca35884-a93a-48fc-ad16-80b2a90aa32e
- application id: Box Tools Win exe
- application name: BoxTools
- application version: 4.26.1.1109
- metric collection url: https://client-log.box.com/index.php?rm=box_gen204_json_record
- metric data path: C:\Users\pcedillo\AppData\Local\Box\Box Tools\Metrics\BoxTools_Metrics.db
- post callback: 05A80DD6
- log callback: 05A80DFE
- context: 00000000
- post interval in seconds: 600
- max records in a post: 100
- max db records: 500
- disable sender: true
[2024-10-29 14:36:33,461] [24   ] [INFO ] [] - Shutting down the metrics collector
[2024-10-29 14:46:33,424] [38   ] [INFO ] [] - Initializing the metrics collector
[2024-10-29 14:46:33,424] [38   ] [INFO ] [] - MetricsCollector::Sender(49): _disableSentMetrics 1
[2024-10-29 14:46:33,424] [38   ] [INFO ] [] - MetricsCollector::Initialize(231): Initialized metrics collector
- session id: f57f0e04-9929-40bd-aeb2-d7b6c1daf30d
- device id: 4ca35884-a93a-48fc-ad16-80b2a90aa32e
- application id: Box Tools Win exe
- application name: BoxTools
- application version: 4.26.1.1109
- metric collection url: https://client-log.box.com/index.php?rm=box_gen204_json_record
- metric data path: C:\Users\pcedillo\AppData\Local\Box\Box Tools\Metrics\BoxTools_Metrics.db
- post callback: 05A80DD6
- log callback: 05A80DFE
- context: 00000000
- post interval in seconds: 600
- max records in a post: 100
- max db records: 500
- disable sender: true
[2024-10-29 14:46:33,441] [38   ] [INFO ] [] - Shutting down the metrics collector
[2024-10-29 14:56:33,425] [73   ] [INFO ] [] - Initializing the metrics collector
[2024-10-29 14:56:33,425] [73   ] [INFO ] [] - MetricsCollector::Sender(49): _disableSentMetrics 1
[2024-10-29 14:56:33,425] [73   ] [INFO ] [] - MetricsCollector::Initialize(231): Initialized metrics collector
- session id: f57f0e04-9929-40bd-aeb2-d7b6c1daf30d
- device id: 4ca35884-a93a-48fc-ad16-80b2a90aa32e
- application id: Box Tools Win exe
- application name: BoxTools
- application version: 4.26.1.1109
- metric collection url: https://client-log.box.com/index.php?rm=box_gen204_json_record
- metric data path: C:\Users\pcedillo\AppData\Local\Box\Box Tools\Metrics\BoxTools_Metrics.db
- post callback: 05A80DD6
- log callback: 05A80DFE
- context: 00000000
- post interval in seconds: 600
- max records in a post: 100
- max db records: 500
- disable sender: true
[2024-10-29 14:56:33,444] [73   ] [INFO ] [] - Shutting down the metrics collector
[2024-10-29 15:06:33,436] [13   ] [INFO ] [] - Initializing the metrics collector
[2024-10-29 15:06:33,436] [13   ] [INFO ] [] - MetricsCollector::Sender(49): _disableSentMetrics 1
[2024-10-29 15:06:33,436] [13   ] [INFO ] [] - MetricsCollector::Initialize(231): Initialized metrics collector
- session id: f57f0e04-9929-40bd-aeb2-d7b6c1daf30d
- device id: 4ca35884-a93a-48fc-ad16-80b2a90aa32e
- application id: Box Tools Win exe
- application name: BoxTools
- application version: 4.26.1.1109
- metric collection url: https://client-log.box.com/index.php?rm=box_gen204_json_record
- metric data path: C:\Users\pcedillo\AppData\Local\Box\Box Tools\Metrics\BoxTools_Metrics.db
- post callback: 05A80DD6
- log callback: 05A80DFE
- context: 00000000
- post interval in seconds: 600
- max records in a post: 100
- max db records: 500
- disable sender: true
[2024-10-29 15:06:33,454] [13   ] [INFO ] [] - Shutting down the metrics collector
[2024-10-29 15:16:33,325] [14   ] [INFO ] [] - Initializing the metrics collector
[2024-10-29 15:16:33,327] [14   ] [INFO ] [] - MetricsCollector::Sender(49): _disableSentMetrics 1
[2024-10-29 15:16:33,327] [14   ] [INFO ] [] - MetricsCollector::Initialize(231): Initialized metrics collector
- session id: f57f0e04-9929-40bd-aeb2-d7b6c1daf30d
- device id: 4ca35884-a93a-48fc-ad16-80b2a90aa32e
- application id: Box Tools Win exe
- application name: BoxTools
- application version: 4.26.1.1109
- metric collection url: https://client-log.box.com/index.php?rm=box_gen204_json_record
- metric data path: C:\Users\pcedillo\AppData\Local\Box\Box Tools\Metrics\BoxTools_Metrics.db
- post callback: 05A80DD6
- log callback: 05A80DFE
- context: 00000000
- post interval in seconds: 600
- max records in a post: 100
- max db records: 500
- disable sender: true
[2024-10-29 15:16:33,345] [14   ] [INFO ] [] - Shutting down the metrics collector
[2024-10-29 15:26:33,290] [74   ] [INFO ] [] - Initializing the metrics collector
[2024-10-29 15:26:33,300] [74   ] [INFO ] [] - MetricsCollector::Sender(49): _disableSentMetrics 1
[2024-10-29 15:26:33,301] [74   ] [INFO ] [] - MetricsCollector::Initialize(231): Initialized metrics collector
- session id: f57f0e04-9929-40bd-aeb2-d7b6c1daf30d
- device id: 4ca35884-a93a-48fc-ad16-80b2a90aa32e
- application id: Box Tools Win exe
- application name: BoxTools
- application version: 4.26.1.1109
- metric collection url: https://client-log.box.com/index.php?rm=box_gen204_json_record
- metric data path: C:\Users\pcedillo\AppData\Local\Box\Box Tools\Metrics\BoxTools_Metrics.db
- post callback: 05A80DD6
- log callback: 05A80DFE
- context: 00000000
- post interval in seconds: 600
- max records in a post: 100
- max db records: 500
- disable sender: true
[2024-10-29 15:26:33,307] [74   ] [INFO ] [] - Shutting down the metrics collector
[2024-10-29 15:36:33,294] [9    ] [INFO ] [] - Initializing the metrics collector
[2024-10-29 15:36:33,294] [9    ] [INFO ] [] - MetricsCollector::Sender(49): _disableSentMetrics 1
[2024-10-29 15:36:33,294] [9    ] [INFO ] [] - MetricsCollector::Initialize(231): Initialized metrics collector
- session id: f57f0e04-9929-40bd-aeb2-d7b6c1daf30d
- device id: 4ca35884-a93a-48fc-ad16-80b2a90aa32e
- application id: Box Tools Win exe
- application name: BoxTools
- application version: 4.26.1.1109
- metric collection url: https://client-log.box.com/index.php?rm=box_gen204_json_record
- metric data path: C:\Users\pcedillo\AppData\Local\Box\Box Tools\Metrics\BoxTools_Metrics.db
- post callback: 05A80DD6
- log callback: 05A80DFE
- context: 00000000
- post interval in seconds: 600
- max records in a post: 100
- max db records: 500
- disable sender: true
[2024-10-29 15:36:33,294] [9    ] [INFO ] [] - Shutting down the metrics collector
[2024-10-29 15:46:33,304] [66   ] [INFO ] [] - Initializing the metrics collector
[2024-10-29 15:46:33,309] [66   ] [INFO ] [] - MetricsCollector::Sender(49): _disableSentMetrics 1
[2024-10-29 15:46:33,309] [66   ] [INFO ] [] - MetricsCollector::Initialize(231): Initialized metrics collector
- session id: f57f0e04-9929-40bd-aeb2-d7b6c1daf30d
- device id: 4ca35884-a93a-48fc-ad16-80b2a90aa32e
- application id: Box Tools Win exe
- application name: BoxTools
- application version: 4.26.1.1109
- metric collection url: https://client-log.box.com/index.php?rm=box_gen204_json_record
- metric data path: C:\Users\pcedillo\AppData\Local\Box\Box Tools\Metrics\BoxTools_Metrics.db
- post callback: 05A80DD6
- log callback: 05A80DFE
- context: 00000000
- post interval in seconds: 600
- max records in a post: 100
- max db records: 500
- disable sender: true
[2024-10-29 15:46:33,311] [66   ] [INFO ] [] - Shutting down the metrics collector
[2024-10-29 15:56:33,312] [74   ] [INFO ] [] - Initializing the metrics collector
[2024-10-29 15:56:33,319] [74   ] [INFO ] [] - MetricsCollector::Sender(49): _disableSentMetrics 1
[2024-10-29 15:56:33,319] [74   ] [INFO ] [] - MetricsCollector::Initialize(231): Initialized metrics collector
- session id: f57f0e04-9929-40bd-aeb2-d7b6c1daf30d
- device id: 4ca35884-a93a-48fc-ad16-80b2a90aa32e
- application id: Box Tools Win exe
- application name: BoxTools
- application version: 4.26.1.1109
- metric collection url: https://client-log.box.com/index.php?rm=box_gen204_json_record
- metric data path: C:\Users\pcedillo\AppData\Local\Box\Box Tools\Metrics\BoxTools_Metrics.db
- post callback: 05A80DD6
- log callback: 05A80DFE
- context: 00000000
- post interval in seconds: 600
- max records in a post: 100
- max db records: 500
- disable sender: true
[2024-10-29 15:56:33,330] [74   ] [INFO ] [] - Shutting down the metrics collector
[2024-10-29 16:06:33,171] [14   ] [INFO ] [] - Initializing the metrics collector
[2024-10-29 16:06:33,171] [14   ] [INFO ] [] - MetricsCollector::Sender(49): _disableSentMetrics 1
[2024-10-29 16:06:33,171] [14   ] [INFO ] [] - MetricsCollector::Initialize(231): Initialized metrics collector
- session id: f57f0e04-9929-40bd-aeb2-d7b6c1daf30d
- device id: 4ca35884-a93a-48fc-ad16-80b2a90aa32e
- application id: Box Tools Win exe
- application name: BoxTools
- application version: 4.26.1.1109
- metric collection url: https://client-log.box.com/index.php?rm=box_gen204_json_record
- metric data path: C:\Users\pcedillo\AppData\Local\Box\Box Tools\Metrics\BoxTools_Metrics.db
- post callback: 05A80DD6
- log callback: 05A80DFE
- context: 00000000
- post interval in seconds: 600
- max records in a post: 100
- max db records: 500
- disable sender: true
[2024-10-29 16:06:33,188] [14   ] [INFO ] [] - Shutting down the metrics collector
[2024-10-29 16:16:33,115] [13   ] [INFO ] [] - Initializing the metrics collector
[2024-10-29 16:16:33,115] [13   ] [INFO ] [] - MetricsCollector::Sender(49): _disableSentMetrics 1
[2024-10-29 16:16:33,115] [13   ] [INFO ] [] - MetricsCollector::Initialize(231): Initialized metrics collector
- session id: f57f0e04-9929-40bd-aeb2-d7b6c1daf30d
- device id: 4ca35884-a93a-48fc-ad16-80b2a90aa32e
- application id: Box Tools Win exe
- application name: BoxTools
- application version: 4.26.1.1109
- metric collection url: https://client-log.box.com/index.php?rm=box_gen204_json_record
- metric data path: C:\Users\pcedillo\AppData\Local\Box\Box Tools\Metrics\BoxTools_Metrics.db
- post callback: 05A80DD6
- log callback: 05A80DFE
- context: 00000000
- post interval in seconds: 600
- max records in a post: 100
- max db records: 500
- disable sender: true
[2024-10-29 16:16:33,131] [13   ] [INFO ] [] - Shutting down the metrics collector
[2024-10-29 16:26:33,123] [73   ] [INFO ] [] - Initializing the metrics collector
[2024-10-29 16:26:33,124] [73   ] [INFO ] [] - MetricsCollector::Sender(49): _disableSentMetrics 1
[2024-10-29 16:26:33,124] [73   ] [INFO ] [] - MetricsCollector::Initialize(231): Initialized metrics collector
- session id: f57f0e04-9929-40bd-aeb2-d7b6c1daf30d
- device id: 4ca35884-a93a-48fc-ad16-80b2a90aa32e
- application id: Box Tools Win exe
- application name: BoxTools
- application version: 4.26.1.1109
- metric collection url: https://client-log.box.com/index.php?rm=box_gen204_json_record
- metric data path: C:\Users\pcedillo\AppData\Local\Box\Box Tools\Metrics\BoxTools_Metrics.db
- post callback: 05A80DD6
- log callback: 05A80DFE
- context: 00000000
- post interval in seconds: 600
- max records in a post: 100
- max db records: 500
- disable sender: true
[2024-10-29 16:26:33,140] [73   ] [INFO ] [] - Shutting down the metrics collector
[2024-10-29 16:36:33,065] [64   ] [INFO ] [] - Initializing the metrics collector
[2024-10-29 16:36:33,067] [64   ] [INFO ] [] - MetricsCollector::Sender(49): _disableSentMetrics 1
[2024-10-29 16:36:33,067] [64   ] [INFO ] [] - MetricsCollector::Initialize(231): Initialized metrics collector
- session id: f57f0e04-9929-40bd-aeb2-d7b6c1daf30d
- device id: 4ca35884-a93a-48fc-ad16-80b2a90aa32e
- application id: Box Tools Win exe
- application name: BoxTools
- application version: 4.26.1.1109
- metric collection url: https://client-log.box.com/index.php?rm=box_gen204_json_record
- metric data path: C:\Users\pcedillo\AppData\Local\Box\Box Tools\Metrics\BoxTools_Metrics.db
- post callback: 05A80DD6
- log callback: 05A80DFE
- context: 00000000
- post interval in seconds: 600
- max records in a post: 100
- max db records: 500
- disable sender: true
[2024-10-29 16:36:33,080] [64   ] [INFO ] [] - Shutting down the metrics collector
[2024-10-29 16:46:32,994] [24   ] [INFO ] [] - Initializing the metrics collector
[2024-10-29 16:46:32,996] [24   ] [INFO ] [] - MetricsCollector::Sender(49): _disableSentMetrics 1
[2024-10-29 16:46:32,996] [24   ] [INFO ] [] - MetricsCollector::Initialize(231): Initialized metrics collector
- session id: f57f0e04-9929-40bd-aeb2-d7b6c1daf30d
- device id: 4ca35884-a93a-48fc-ad16-80b2a90aa32e
- application id: Box Tools Win exe
- application name: BoxTools
- application version: 4.26.1.1109
- metric collection url: https://client-log.box.com/index.php?rm=box_gen204_json_record
- metric data path: C:\Users\pcedillo\AppData\Local\Box\Box Tools\Metrics\BoxTools_Metrics.db
- post callback: 05A80DD6
- log callback: 05A80DFE
- context: 00000000
- post interval in seconds: 600
- max records in a post: 100
- max db records: 500
- disable sender: true
[2024-10-29 16:46:33,005] [24   ] [INFO ] [] - Shutting down the metrics collector
[2024-10-29 16:56:32,929] [22   ] [INFO ] [] - Initializing the metrics collector
[2024-10-29 16:56:32,929] [22   ] [INFO ] [] - MetricsCollector::Sender(49): _disableSentMetrics 1
[2024-10-29 16:56:32,929] [22   ] [INFO ] [] - MetricsCollector::Initialize(231): Initialized metrics collector
- session id: f57f0e04-9929-40bd-aeb2-d7b6c1daf30d
- device id: 4ca35884-a93a-48fc-ad16-80b2a90aa32e
- application id: Box Tools Win exe
- application name: BoxTools
- application version: 4.26.1.1109
- metric collection url: https://client-log.box.com/index.php?rm=box_gen204_json_record
- metric data path: C:\Users\pcedillo\AppData\Local\Box\Box Tools\Metrics\BoxTools_Metrics.db
- post callback: 05A80DD6
- log callback: 05A80DFE
- context: 00000000
- post interval in seconds: 600
- max records in a post: 100
- max db records: 500
- disable sender: true
[2024-10-29 16:56:32,944] [22   ] [INFO ] [] - Shutting down the metrics collector
[2024-10-29 17:06:32,907] [36   ] [INFO ] [] - Initializing the metrics collector
[2024-10-29 17:06:32,917] [36   ] [INFO ] [] - MetricsCollector::Sender(49): _disableSentMetrics 1
[2024-10-29 17:06:32,917] [36   ] [INFO ] [] - MetricsCollector::Initialize(231): Initialized metrics collector
- session id: f57f0e04-9929-40bd-aeb2-d7b6c1daf30d
- device id: 4ca35884-a93a-48fc-ad16-80b2a90aa32e
- application id: Box Tools Win exe
- application name: BoxTools
- application version: 4.26.1.1109
- metric collection url: https://client-log.box.com/index.php?rm=box_gen204_json_record
- metric data path: C:\Users\pcedillo\AppData\Local\Box\Box Tools\Metrics\BoxTools_Metrics.db
- post callback: 05A80DD6
- log callback: 05A80DFE
- context: 00000000
- post interval in seconds: 600
- max records in a post: 100
- max db records: 500
- disable sender: true
[2024-10-29 17:06:32,926] [36   ] [INFO ] [] - Shutting down the metrics collector
[2024-10-29 17:16:32,903] [11   ] [INFO ] [] - Initializing the metrics collector
[2024-10-29 17:16:32,903] [11   ] [INFO ] [] - MetricsCollector::Sender(49): _disableSentMetrics 1
[2024-10-29 17:16:32,903] [11   ] [INFO ] [] - MetricsCollector::Initialize(231): Initialized metrics collector
- session id: f57f0e04-9929-40bd-aeb2-d7b6c1daf30d
- device id: 4ca35884-a93a-48fc-ad16-80b2a90aa32e
- application id: Box Tools Win exe
- application name: BoxTools
- application version: 4.26.1.1109
- metric collection url: https://client-log.box.com/index.php?rm=box_gen204_json_record
- metric data path: C:\Users\pcedillo\AppData\Local\Box\Box Tools\Metrics\BoxTools_Metrics.db
- post callback: 05A80DD6
- log callback: 05A80DFE
- context: 00000000
- post interval in seconds: 600
- max records in a post: 100
- max db records: 500
- disable sender: true
[2024-10-29 17:16:32,919] [11   ] [INFO ] [] - Shutting down the metrics collector
[2024-10-29 17:29:00,341] [24   ] [INFO ] [] - Initializing the metrics collector
[2024-10-29 17:29:00,357] [24   ] [INFO ] [] - MetricsCollector::Sender(49): _disableSentMetrics 1
[2024-10-29 17:29:00,357] [24   ] [INFO ] [] - MetricsCollector::Initialize(231): Initialized metrics collector
- session id: f57f0e04-9929-40bd-aeb2-d7b6c1daf30d
- device id: 4ca35884-a93a-48fc-ad16-80b2a90aa32e
- application id: Box Tools Win exe
- application name: BoxTools
- application version: 4.26.1.1109
- metric collection url: https://client-log.box.com/index.php?rm=box_gen204_json_record
- metric data path: C:\Users\pcedillo\AppData\Local\Box\Box Tools\Metrics\BoxTools_Metrics.db
- post callback: 05A80DD6
- log callback: 05A80DFE
- context: 00000000
- post interval in seconds: 600
- max records in a post: 100
- max db records: 500
- disable sender: true
[2024-10-29 17:29:00,373] [24   ] [INFO ] [] - Shutting down the metrics collector
