[2025-01-08 08:15:19,500] [1    ] [INFO ] [] - Attempt to acquire Single Instance Mutex
[2025-01-08 08:15:19,567] [1    ] [INFO ] [] - ========== Box Local Com Server v4.27.1.1145 ==========
[2025-01-08 08:15:19,568] [1    ] [INFO ] [] - Running as a per-user installation
[2025-01-08 08:15:19,628] [1    ] [INFO ] [] - LocalMachine RegistryKey not set
[2025-01-08 08:15:19,631] [1    ] [INFO ] [] - Starting server...
[2025-01-08 08:15:19,640] [1    ] [INFO ] [] - Server running. Listening to port 17223
[2025-01-08 08:15:19,642] [1    ] [INFO ] [] - Working with debug logging OFF
[2025-01-08 08:15:19,654] [7    ] [INFO ] [] - Initializing the metrics collector
[2025-01-08 08:15:19,669] [7    ] [INFO ] [] - MetricsCollector::Sender(49): _disableSentMetrics 1
[2025-01-08 08:15:19,670] [7    ] [INFO ] [] - MetricsCollector::Initialize(231): Initialized metrics collector
- session id: 8ac807df-9364-4968-b1dc-4c00f68b9b8d
- device id: 4ca35884-a93a-48fc-ad16-80b2a90aa32e
- application id: Box Tools Win exe
- application name: BoxTools
- application version: 4.27.1.1145
- metric collection url: https://client-log.box.com/index.php?rm=box_gen204_json_record
- metric data path: C:\Users\pcedillo\AppData\Local\Box\Box Tools\Metrics\BoxTools_Metrics.db
- post callback: 055904C6
- log callback: 05596186
- context: 00000000
- post interval in seconds: 600
- max records in a post: 100
- max db records: 500
- disable sender: true
[2025-01-08 08:15:19,678] [7    ] [INFO ] [] - Recording metric - name: ComServerStart
[2025-01-08 08:15:19,687] [7    ] [INFO ] [] - Shutting down the metrics collector
[2025-01-08 08:15:24,631] [5    ] [INFO ] [] - Initializing the metrics collector
[2025-01-08 08:15:24,641] [5    ] [INFO ] [] - MetricsCollector::Sender(49): _disableSentMetrics 1
[2025-01-08 08:15:24,642] [5    ] [INFO ] [] - MetricsCollector::Initialize(231): Initialized metrics collector
- session id: 8ac807df-9364-4968-b1dc-4c00f68b9b8d
- device id: 4ca35884-a93a-48fc-ad16-80b2a90aa32e
- application id: Box Tools Win exe
- application name: BoxTools
- application version: 4.27.1.1145
- metric collection url: https://client-log.box.com/index.php?rm=box_gen204_json_record
- metric data path: C:\Users\pcedillo\AppData\Local\Box\Box Tools\Metrics\BoxTools_Metrics.db
- post callback: 055904C6
- log callback: 05596186
- context: 00000000
- post interval in seconds: 600
- max records in a post: 100
- max db records: 500
- disable sender: true
[2025-01-08 08:15:24,670] [5    ] [INFO ] [] - Posting metric to endpoint
[2025-01-08 08:15:25,222] [5    ] [INFO ] [] - Metrics sent to the endpoint
[2025-01-08 08:15:25,228] [5    ] [INFO ] [] - Shutting down the metrics collector
[2025-01-08 08:15:55,119] [14   ] [INFO ] [] - Accepted Origin
[2025-01-08 08:15:55,129] [14   ] [INFO ] [] - Handling status request
[2025-01-08 08:25:03,221] [10   ] [INFO ] [] - Initializing the metrics collector
[2025-01-08 08:25:03,229] [10   ] [INFO ] [] - MetricsCollector::Sender(49): _disableSentMetrics 1
[2025-01-08 08:25:03,230] [10   ] [INFO ] [] - MetricsCollector::Initialize(231): Initialized metrics collector
- session id: 8ac807df-9364-4968-b1dc-4c00f68b9b8d
- device id: 4ca35884-a93a-48fc-ad16-80b2a90aa32e
- application id: Box Tools Win exe
- application name: BoxTools
- application version: 4.27.1.1145
- metric collection url: https://client-log.box.com/index.php?rm=box_gen204_json_record
- metric data path: C:\Users\pcedillo\AppData\Local\Box\Box Tools\Metrics\BoxTools_Metrics.db
- post callback: 055904C6
- log callback: 05596186
- context: 00000000
- post interval in seconds: 600
- max records in a post: 100
- max db records: 500
- disable sender: true
[2025-01-08 08:25:03,238] [10   ] [INFO ] [] - Shutting down the metrics collector
[2025-01-08 08:35:01,503] [3    ] [INFO ] [] - Initializing the metrics collector
[2025-01-08 08:35:01,511] [3    ] [INFO ] [] - MetricsCollector::Sender(49): _disableSentMetrics 1
[2025-01-08 08:35:01,511] [3    ] [INFO ] [] - MetricsCollector::Initialize(231): Initialized metrics collector
- session id: 8ac807df-9364-4968-b1dc-4c00f68b9b8d
- device id: 4ca35884-a93a-48fc-ad16-80b2a90aa32e
- application id: Box Tools Win exe
- application name: BoxTools
- application version: 4.27.1.1145
- metric collection url: https://client-log.box.com/index.php?rm=box_gen204_json_record
- metric data path: C:\Users\pcedillo\AppData\Local\Box\Box Tools\Metrics\BoxTools_Metrics.db
- post callback: 055904C6
- log callback: 05596186
- context: 00000000
- post interval in seconds: 600
- max records in a post: 100
- max db records: 500
- disable sender: true
[2025-01-08 08:35:01,523] [3    ] [INFO ] [] - Shutting down the metrics collector
[2025-01-08 08:45:01,485] [13   ] [INFO ] [] - Initializing the metrics collector
[2025-01-08 08:45:01,499] [13   ] [INFO ] [] - MetricsCollector::Sender(49): _disableSentMetrics 1
[2025-01-08 08:45:01,500] [13   ] [INFO ] [] - MetricsCollector::Initialize(231): Initialized metrics collector
- session id: 8ac807df-9364-4968-b1dc-4c00f68b9b8d
- device id: 4ca35884-a93a-48fc-ad16-80b2a90aa32e
- application id: Box Tools Win exe
- application name: BoxTools
- application version: 4.27.1.1145
- metric collection url: https://client-log.box.com/index.php?rm=box_gen204_json_record
- metric data path: C:\Users\pcedillo\AppData\Local\Box\Box Tools\Metrics\BoxTools_Metrics.db
- post callback: 055904C6
- log callback: 05596186
- context: 00000000
- post interval in seconds: 600
- max records in a post: 100
- max db records: 500
- disable sender: true
[2025-01-08 08:45:01,512] [13   ] [INFO ] [] - Shutting down the metrics collector
[2025-01-08 08:55:01,407] [11   ] [INFO ] [] - Initializing the metrics collector
[2025-01-08 08:55:01,420] [11   ] [INFO ] [] - MetricsCollector::Sender(49): _disableSentMetrics 1
[2025-01-08 08:55:01,421] [11   ] [INFO ] [] - MetricsCollector::Initialize(231): Initialized metrics collector
- session id: 8ac807df-9364-4968-b1dc-4c00f68b9b8d
- device id: 4ca35884-a93a-48fc-ad16-80b2a90aa32e
- application id: Box Tools Win exe
- application name: BoxTools
- application version: 4.27.1.1145
- metric collection url: https://client-log.box.com/index.php?rm=box_gen204_json_record
- metric data path: C:\Users\pcedillo\AppData\Local\Box\Box Tools\Metrics\BoxTools_Metrics.db
- post callback: 055904C6
- log callback: 05596186
- context: 00000000
- post interval in seconds: 600
- max records in a post: 100
- max db records: 500
- disable sender: true
[2025-01-08 08:55:01,434] [11   ] [INFO ] [] - Shutting down the metrics collector
[2025-01-08 09:05:01,399] [6    ] [INFO ] [] - Initializing the metrics collector
[2025-01-08 09:05:01,412] [6    ] [INFO ] [] - MetricsCollector::Sender(49): _disableSentMetrics 1
[2025-01-08 09:05:01,413] [6    ] [INFO ] [] - MetricsCollector::Initialize(231): Initialized metrics collector
- session id: 8ac807df-9364-4968-b1dc-4c00f68b9b8d
- device id: 4ca35884-a93a-48fc-ad16-80b2a90aa32e
- application id: Box Tools Win exe
- application name: BoxTools
- application version: 4.27.1.1145
- metric collection url: https://client-log.box.com/index.php?rm=box_gen204_json_record
- metric data path: C:\Users\pcedillo\AppData\Local\Box\Box Tools\Metrics\BoxTools_Metrics.db
- post callback: 055904C6
- log callback: 05596186
- context: 00000000
- post interval in seconds: 600
- max records in a post: 100
- max db records: 500
- disable sender: true
[2025-01-08 09:05:01,426] [6    ] [INFO ] [] - Shutting down the metrics collector
[2025-01-08 09:15:01,345] [5    ] [INFO ] [] - Initializing the metrics collector
[2025-01-08 09:15:01,355] [5    ] [INFO ] [] - MetricsCollector::Sender(49): _disableSentMetrics 1
[2025-01-08 09:15:01,356] [5    ] [INFO ] [] - MetricsCollector::Initialize(231): Initialized metrics collector
- session id: 8ac807df-9364-4968-b1dc-4c00f68b9b8d
- device id: 4ca35884-a93a-48fc-ad16-80b2a90aa32e
- application id: Box Tools Win exe
- application name: BoxTools
- application version: 4.27.1.1145
- metric collection url: https://client-log.box.com/index.php?rm=box_gen204_json_record
- metric data path: C:\Users\pcedillo\AppData\Local\Box\Box Tools\Metrics\BoxTools_Metrics.db
- post callback: 055904C6
- log callback: 05596186
- context: 00000000
- post interval in seconds: 600
- max records in a post: 100
- max db records: 500
- disable sender: true
[2025-01-08 09:15:01,362] [5    ] [INFO ] [] - Shutting down the metrics collector
[2025-01-08 09:25:01,352] [19   ] [INFO ] [] - Initializing the metrics collector
[2025-01-08 09:25:01,359] [19   ] [INFO ] [] - MetricsCollector::Sender(49): _disableSentMetrics 1
[2025-01-08 09:25:01,360] [19   ] [INFO ] [] - MetricsCollector::Initialize(231): Initialized metrics collector
- session id: 8ac807df-9364-4968-b1dc-4c00f68b9b8d
- device id: 4ca35884-a93a-48fc-ad16-80b2a90aa32e
- application id: Box Tools Win exe
- application name: BoxTools
- application version: 4.27.1.1145
- metric collection url: https://client-log.box.com/index.php?rm=box_gen204_json_record
- metric data path: C:\Users\pcedillo\AppData\Local\Box\Box Tools\Metrics\BoxTools_Metrics.db
- post callback: 055904C6
- log callback: 05596186
- context: 00000000
- post interval in seconds: 600
- max records in a post: 100
- max db records: 500
- disable sender: true
[2025-01-08 09:25:01,369] [19   ] [INFO ] [] - Shutting down the metrics collector
[2025-01-08 09:35:01,332] [21   ] [INFO ] [] - Initializing the metrics collector
[2025-01-08 09:35:01,344] [21   ] [INFO ] [] - MetricsCollector::Sender(49): _disableSentMetrics 1
[2025-01-08 09:35:01,346] [21   ] [INFO ] [] - MetricsCollector::Initialize(231): Initialized metrics collector
- session id: 8ac807df-9364-4968-b1dc-4c00f68b9b8d
- device id: 4ca35884-a93a-48fc-ad16-80b2a90aa32e
- application id: Box Tools Win exe
- application name: BoxTools
- application version: 4.27.1.1145
- metric collection url: https://client-log.box.com/index.php?rm=box_gen204_json_record
- metric data path: C:\Users\pcedillo\AppData\Local\Box\Box Tools\Metrics\BoxTools_Metrics.db
- post callback: 055904C6
- log callback: 05596186
- context: 00000000
- post interval in seconds: 600
- max records in a post: 100
- max db records: 500
- disable sender: true
[2025-01-08 09:35:01,358] [21   ] [INFO ] [] - Shutting down the metrics collector
[2025-01-08 09:45:01,260] [23   ] [INFO ] [] - Initializing the metrics collector
[2025-01-08 09:45:01,275] [23   ] [INFO ] [] - MetricsCollector::Sender(49): _disableSentMetrics 1
[2025-01-08 09:45:01,276] [23   ] [INFO ] [] - MetricsCollector::Initialize(231): Initialized metrics collector
- session id: 8ac807df-9364-4968-b1dc-4c00f68b9b8d
- device id: 4ca35884-a93a-48fc-ad16-80b2a90aa32e
- application id: Box Tools Win exe
- application name: BoxTools
- application version: 4.27.1.1145
- metric collection url: https://client-log.box.com/index.php?rm=box_gen204_json_record
- metric data path: C:\Users\pcedillo\AppData\Local\Box\Box Tools\Metrics\BoxTools_Metrics.db
- post callback: 055904C6
- log callback: 05596186
- context: 00000000
- post interval in seconds: 600
- max records in a post: 100
- max db records: 500
- disable sender: true
[2025-01-08 09:45:01,289] [23   ] [INFO ] [] - Shutting down the metrics collector
[2025-01-08 09:55:01,221] [24   ] [INFO ] [] - Initializing the metrics collector
[2025-01-08 09:55:01,231] [24   ] [INFO ] [] - MetricsCollector::Sender(49): _disableSentMetrics 1
[2025-01-08 09:55:01,231] [24   ] [INFO ] [] - MetricsCollector::Initialize(231): Initialized metrics collector
- session id: 8ac807df-9364-4968-b1dc-4c00f68b9b8d
- device id: 4ca35884-a93a-48fc-ad16-80b2a90aa32e
- application id: Box Tools Win exe
- application name: BoxTools
- application version: 4.27.1.1145
- metric collection url: https://client-log.box.com/index.php?rm=box_gen204_json_record
- metric data path: C:\Users\pcedillo\AppData\Local\Box\Box Tools\Metrics\BoxTools_Metrics.db
- post callback: 055904C6
- log callback: 05596186
- context: 00000000
- post interval in seconds: 600
- max records in a post: 100
- max db records: 500
- disable sender: true
[2025-01-08 09:55:01,238] [24   ] [INFO ] [] - Shutting down the metrics collector
[2025-01-08 10:05:01,222] [27   ] [INFO ] [] - Initializing the metrics collector
[2025-01-08 10:05:01,235] [27   ] [INFO ] [] - MetricsCollector::Sender(49): _disableSentMetrics 1
[2025-01-08 10:05:01,236] [27   ] [INFO ] [] - MetricsCollector::Initialize(231): Initialized metrics collector
- session id: 8ac807df-9364-4968-b1dc-4c00f68b9b8d
- device id: 4ca35884-a93a-48fc-ad16-80b2a90aa32e
- application id: Box Tools Win exe
- application name: BoxTools
- application version: 4.27.1.1145
- metric collection url: https://client-log.box.com/index.php?rm=box_gen204_json_record
- metric data path: C:\Users\pcedillo\AppData\Local\Box\Box Tools\Metrics\BoxTools_Metrics.db
- post callback: 055904C6
- log callback: 05596186
- context: 00000000
- post interval in seconds: 600
- max records in a post: 100
- max db records: 500
- disable sender: true
[2025-01-08 10:05:01,246] [27   ] [INFO ] [] - Shutting down the metrics collector
[2025-01-08 10:15:01,172] [30   ] [INFO ] [] - Initializing the metrics collector
[2025-01-08 10:15:01,179] [30   ] [INFO ] [] - MetricsCollector::Sender(49): _disableSentMetrics 1
[2025-01-08 10:15:01,180] [30   ] [INFO ] [] - MetricsCollector::Initialize(231): Initialized metrics collector
- session id: 8ac807df-9364-4968-b1dc-4c00f68b9b8d
- device id: 4ca35884-a93a-48fc-ad16-80b2a90aa32e
- application id: Box Tools Win exe
- application name: BoxTools
- application version: 4.27.1.1145
- metric collection url: https://client-log.box.com/index.php?rm=box_gen204_json_record
- metric data path: C:\Users\pcedillo\AppData\Local\Box\Box Tools\Metrics\BoxTools_Metrics.db
- post callback: 055904C6
- log callback: 05596186
- context: 00000000
- post interval in seconds: 600
- max records in a post: 100
- max db records: 500
- disable sender: true
[2025-01-08 10:15:01,188] [30   ] [INFO ] [] - Shutting down the metrics collector
[2025-01-08 10:25:01,099] [33   ] [INFO ] [] - Initializing the metrics collector
[2025-01-08 10:25:01,113] [33   ] [INFO ] [] - MetricsCollector::Sender(49): _disableSentMetrics 1
[2025-01-08 10:25:01,114] [33   ] [INFO ] [] - MetricsCollector::Initialize(231): Initialized metrics collector
- session id: 8ac807df-9364-4968-b1dc-4c00f68b9b8d
- device id: 4ca35884-a93a-48fc-ad16-80b2a90aa32e
- application id: Box Tools Win exe
- application name: BoxTools
- application version: 4.27.1.1145
- metric collection url: https://client-log.box.com/index.php?rm=box_gen204_json_record
- metric data path: C:\Users\pcedillo\AppData\Local\Box\Box Tools\Metrics\BoxTools_Metrics.db
- post callback: 055904C6
- log callback: 05596186
- context: 00000000
- post interval in seconds: 600
- max records in a post: 100
- max db records: 500
- disable sender: true
[2025-01-08 10:25:01,126] [33   ] [INFO ] [] - Shutting down the metrics collector
[2025-01-08 10:35:01,082] [35   ] [INFO ] [] - Initializing the metrics collector
[2025-01-08 10:35:01,103] [35   ] [INFO ] [] - MetricsCollector::Sender(49): _disableSentMetrics 1
[2025-01-08 10:35:01,104] [35   ] [INFO ] [] - MetricsCollector::Initialize(231): Initialized metrics collector
- session id: 8ac807df-9364-4968-b1dc-4c00f68b9b8d
- device id: 4ca35884-a93a-48fc-ad16-80b2a90aa32e
- application id: Box Tools Win exe
- application name: BoxTools
- application version: 4.27.1.1145
- metric collection url: https://client-log.box.com/index.php?rm=box_gen204_json_record
- metric data path: C:\Users\pcedillo\AppData\Local\Box\Box Tools\Metrics\BoxTools_Metrics.db
- post callback: 055904C6
- log callback: 05596186
- context: 00000000
- post interval in seconds: 600
- max records in a post: 100
- max db records: 500
- disable sender: true
[2025-01-08 10:35:01,121] [35   ] [INFO ] [] - Shutting down the metrics collector
[2025-01-08 10:45:01,074] [36   ] [INFO ] [] - Initializing the metrics collector
[2025-01-08 10:45:01,096] [36   ] [INFO ] [] - MetricsCollector::Sender(49): _disableSentMetrics 1
[2025-01-08 10:45:01,097] [36   ] [INFO ] [] - MetricsCollector::Initialize(231): Initialized metrics collector
- session id: 8ac807df-9364-4968-b1dc-4c00f68b9b8d
- device id: 4ca35884-a93a-48fc-ad16-80b2a90aa32e
- application id: Box Tools Win exe
- application name: BoxTools
- application version: 4.27.1.1145
- metric collection url: https://client-log.box.com/index.php?rm=box_gen204_json_record
- metric data path: C:\Users\pcedillo\AppData\Local\Box\Box Tools\Metrics\BoxTools_Metrics.db
- post callback: 055904C6
- log callback: 05596186
- context: 00000000
- post interval in seconds: 600
- max records in a post: 100
- max db records: 500
- disable sender: true
[2025-01-08 10:45:01,115] [36   ] [INFO ] [] - Shutting down the metrics collector
[2025-01-08 10:55:01,068] [38   ] [INFO ] [] - Initializing the metrics collector
[2025-01-08 10:55:01,088] [38   ] [INFO ] [] - MetricsCollector::Sender(49): _disableSentMetrics 1
[2025-01-08 10:55:01,090] [38   ] [INFO ] [] - MetricsCollector::Initialize(231): Initialized metrics collector
- session id: 8ac807df-9364-4968-b1dc-4c00f68b9b8d
- device id: 4ca35884-a93a-48fc-ad16-80b2a90aa32e
- application id: Box Tools Win exe
- application name: BoxTools
- application version: 4.27.1.1145
- metric collection url: https://client-log.box.com/index.php?rm=box_gen204_json_record
- metric data path: C:\Users\pcedillo\AppData\Local\Box\Box Tools\Metrics\BoxTools_Metrics.db
- post callback: 055904C6
- log callback: 05596186
- context: 00000000
- post interval in seconds: 600
- max records in a post: 100
- max db records: 500
- disable sender: true
[2025-01-08 10:55:01,109] [38   ] [INFO ] [] - Shutting down the metrics collector
[2025-01-08 11:05:01,030] [40   ] [INFO ] [] - Initializing the metrics collector
[2025-01-08 11:05:01,053] [40   ] [INFO ] [] - MetricsCollector::Sender(49): _disableSentMetrics 1
[2025-01-08 11:05:01,054] [40   ] [INFO ] [] - MetricsCollector::Initialize(231): Initialized metrics collector
- session id: 8ac807df-9364-4968-b1dc-4c00f68b9b8d
- device id: 4ca35884-a93a-48fc-ad16-80b2a90aa32e
- application id: Box Tools Win exe
- application name: BoxTools
- application version: 4.27.1.1145
- metric collection url: https://client-log.box.com/index.php?rm=box_gen204_json_record
- metric data path: C:\Users\pcedillo\AppData\Local\Box\Box Tools\Metrics\BoxTools_Metrics.db
- post callback: 055904C6
- log callback: 05596186
- context: 00000000
- post interval in seconds: 600
- max records in a post: 100
- max db records: 500
- disable sender: true
[2025-01-08 11:05:01,071] [40   ] [INFO ] [] - Shutting down the metrics collector
[2025-01-08 11:15:00,897] [41   ] [INFO ] [] - Initializing the metrics collector
[2025-01-08 11:15:00,912] [41   ] [INFO ] [] - MetricsCollector::Sender(49): _disableSentMetrics 1
[2025-01-08 11:15:00,913] [41   ] [INFO ] [] - MetricsCollector::Initialize(231): Initialized metrics collector
- session id: 8ac807df-9364-4968-b1dc-4c00f68b9b8d
- device id: 4ca35884-a93a-48fc-ad16-80b2a90aa32e
- application id: Box Tools Win exe
- application name: BoxTools
- application version: 4.27.1.1145
- metric collection url: https://client-log.box.com/index.php?rm=box_gen204_json_record
- metric data path: C:\Users\pcedillo\AppData\Local\Box\Box Tools\Metrics\BoxTools_Metrics.db
- post callback: 055904C6
- log callback: 05596186
- context: 00000000
- post interval in seconds: 600
- max records in a post: 100
- max db records: 500
- disable sender: true
[2025-01-08 11:15:00,936] [41   ] [INFO ] [] - Shutting down the metrics collector
[2025-01-08 11:25:00,842] [42   ] [INFO ] [] - Initializing the metrics collector
[2025-01-08 11:25:00,864] [42   ] [INFO ] [] - MetricsCollector::Sender(49): _disableSentMetrics 1
[2025-01-08 11:25:00,865] [42   ] [INFO ] [] - MetricsCollector::Initialize(231): Initialized metrics collector
- session id: 8ac807df-9364-4968-b1dc-4c00f68b9b8d
- device id: 4ca35884-a93a-48fc-ad16-80b2a90aa32e
- application id: Box Tools Win exe
- application name: BoxTools
- application version: 4.27.1.1145
- metric collection url: https://client-log.box.com/index.php?rm=box_gen204_json_record
- metric data path: C:\Users\pcedillo\AppData\Local\Box\Box Tools\Metrics\BoxTools_Metrics.db
- post callback: 055904C6
- log callback: 05596186
- context: 00000000
- post interval in seconds: 600
- max records in a post: 100
- max db records: 500
- disable sender: true
[2025-01-08 11:25:00,886] [42   ] [INFO ] [] - Shutting down the metrics collector
[2025-01-08 11:35:00,826] [44   ] [INFO ] [] - Initializing the metrics collector
[2025-01-08 11:35:00,848] [44   ] [INFO ] [] - MetricsCollector::Sender(49): _disableSentMetrics 1
[2025-01-08 11:35:00,849] [44   ] [INFO ] [] - MetricsCollector::Initialize(231): Initialized metrics collector
- session id: 8ac807df-9364-4968-b1dc-4c00f68b9b8d
- device id: 4ca35884-a93a-48fc-ad16-80b2a90aa32e
- application id: Box Tools Win exe
- application name: BoxTools
- application version: 4.27.1.1145
- metric collection url: https://client-log.box.com/index.php?rm=box_gen204_json_record
- metric data path: C:\Users\pcedillo\AppData\Local\Box\Box Tools\Metrics\BoxTools_Metrics.db
- post callback: 055904C6
- log callback: 05596186
- context: 00000000
- post interval in seconds: 600
- max records in a post: 100
- max db records: 500
- disable sender: true
[2025-01-08 11:35:00,867] [44   ] [INFO ] [] - Shutting down the metrics collector
[2025-01-08 11:45:00,824] [43   ] [INFO ] [] - Initializing the metrics collector
[2025-01-08 11:45:00,844] [43   ] [INFO ] [] - MetricsCollector::Sender(49): _disableSentMetrics 1
[2025-01-08 11:45:00,844] [43   ] [INFO ] [] - MetricsCollector::Initialize(231): Initialized metrics collector
- session id: 8ac807df-9364-4968-b1dc-4c00f68b9b8d
- device id: 4ca35884-a93a-48fc-ad16-80b2a90aa32e
- application id: Box Tools Win exe
- application name: BoxTools
- application version: 4.27.1.1145
- metric collection url: https://client-log.box.com/index.php?rm=box_gen204_json_record
- metric data path: C:\Users\pcedillo\AppData\Local\Box\Box Tools\Metrics\BoxTools_Metrics.db
- post callback: 055904C6
- log callback: 05596186
- context: 00000000
- post interval in seconds: 600
- max records in a post: 100
- max db records: 500
- disable sender: true
[2025-01-08 11:45:00,864] [43   ] [INFO ] [] - Shutting down the metrics collector
[2025-01-08 11:55:00,772] [42   ] [INFO ] [] - Initializing the metrics collector
[2025-01-08 11:55:00,794] [42   ] [INFO ] [] - MetricsCollector::Sender(49): _disableSentMetrics 1
[2025-01-08 11:55:00,795] [42   ] [INFO ] [] - MetricsCollector::Initialize(231): Initialized metrics collector
- session id: 8ac807df-9364-4968-b1dc-4c00f68b9b8d
- device id: 4ca35884-a93a-48fc-ad16-80b2a90aa32e
- application id: Box Tools Win exe
- application name: BoxTools
- application version: 4.27.1.1145
- metric collection url: https://client-log.box.com/index.php?rm=box_gen204_json_record
- metric data path: C:\Users\pcedillo\AppData\Local\Box\Box Tools\Metrics\BoxTools_Metrics.db
- post callback: 055904C6
- log callback: 05596186
- context: 00000000
- post interval in seconds: 600
- max records in a post: 100
- max db records: 500
- disable sender: true
[2025-01-08 11:55:00,818] [42   ] [INFO ] [] - Shutting down the metrics collector
[2025-01-08 12:05:00,740] [41   ] [INFO ] [] - Initializing the metrics collector
[2025-01-08 12:05:00,761] [41   ] [INFO ] [] - MetricsCollector::Sender(49): _disableSentMetrics 1
[2025-01-08 12:05:00,762] [41   ] [INFO ] [] - MetricsCollector::Initialize(231): Initialized metrics collector
- session id: 8ac807df-9364-4968-b1dc-4c00f68b9b8d
- device id: 4ca35884-a93a-48fc-ad16-80b2a90aa32e
- application id: Box Tools Win exe
- application name: BoxTools
- application version: 4.27.1.1145
- metric collection url: https://client-log.box.com/index.php?rm=box_gen204_json_record
- metric data path: C:\Users\pcedillo\AppData\Local\Box\Box Tools\Metrics\BoxTools_Metrics.db
- post callback: 055904C6
- log callback: 05596186
- context: 00000000
- post interval in seconds: 600
- max records in a post: 100
- max db records: 500
- disable sender: true
[2025-01-08 12:05:00,782] [41   ] [INFO ] [] - Shutting down the metrics collector
[2025-01-08 12:30:51,249] [40   ] [INFO ] [] - Initializing the metrics collector
[2025-01-08 12:30:51,270] [40   ] [INFO ] [] - MetricsCollector::Sender(49): _disableSentMetrics 1
[2025-01-08 12:30:51,271] [40   ] [INFO ] [] - MetricsCollector::Initialize(231): Initialized metrics collector
- session id: 8ac807df-9364-4968-b1dc-4c00f68b9b8d
- device id: 4ca35884-a93a-48fc-ad16-80b2a90aa32e
- application id: Box Tools Win exe
- application name: BoxTools
- application version: 4.27.1.1145
- metric collection url: https://client-log.box.com/index.php?rm=box_gen204_json_record
- metric data path: C:\Users\pcedillo\AppData\Local\Box\Box Tools\Metrics\BoxTools_Metrics.db
- post callback: 055904C6
- log callback: 05596186
- context: 00000000
- post interval in seconds: 600
- max records in a post: 100
- max db records: 500
- disable sender: true
[2025-01-08 12:30:51,289] [40   ] [INFO ] [] - Shutting down the metrics collector
[2025-01-08 12:47:06,311] [39   ] [INFO ] [] - Initializing the metrics collector
[2025-01-08 12:47:06,329] [39   ] [INFO ] [] - MetricsCollector::Sender(49): _disableSentMetrics 1
[2025-01-08 12:47:06,330] [39   ] [INFO ] [] - MetricsCollector::Initialize(231): Initialized metrics collector
- session id: 8ac807df-9364-4968-b1dc-4c00f68b9b8d
- device id: 4ca35884-a93a-48fc-ad16-80b2a90aa32e
- application id: Box Tools Win exe
- application name: BoxTools
- application version: 4.27.1.1145
- metric collection url: https://client-log.box.com/index.php?rm=box_gen204_json_record
- metric data path: C:\Users\pcedillo\AppData\Local\Box\Box Tools\Metrics\BoxTools_Metrics.db
- post callback: 055904C6
- log callback: 05596186
- context: 00000000
- post interval in seconds: 600
- max records in a post: 100
- max db records: 500
- disable sender: true
[2025-01-08 12:47:06,350] [39   ] [INFO ] [] - Shutting down the metrics collector
[2025-01-08 12:57:06,245] [38   ] [INFO ] [] - Initializing the metrics collector
[2025-01-08 12:57:06,267] [38   ] [INFO ] [] - MetricsCollector::Sender(49): _disableSentMetrics 1
[2025-01-08 12:57:06,267] [38   ] [INFO ] [] - MetricsCollector::Initialize(231): Initialized metrics collector
- session id: 8ac807df-9364-4968-b1dc-4c00f68b9b8d
- device id: 4ca35884-a93a-48fc-ad16-80b2a90aa32e
- application id: Box Tools Win exe
- application name: BoxTools
- application version: 4.27.1.1145
- metric collection url: https://client-log.box.com/index.php?rm=box_gen204_json_record
- metric data path: C:\Users\pcedillo\AppData\Local\Box\Box Tools\Metrics\BoxTools_Metrics.db
- post callback: 055904C6
- log callback: 05596186
- context: 00000000
- post interval in seconds: 600
- max records in a post: 100
- max db records: 500
- disable sender: true
[2025-01-08 12:57:06,284] [38   ] [INFO ] [] - Shutting down the metrics collector
[2025-01-08 13:07:24,065] [37   ] [INFO ] [] - Initializing the metrics collector
[2025-01-08 13:07:24,086] [37   ] [INFO ] [] - MetricsCollector::Sender(49): _disableSentMetrics 1
[2025-01-08 13:07:24,087] [37   ] [INFO ] [] - MetricsCollector::Initialize(231): Initialized metrics collector
- session id: 8ac807df-9364-4968-b1dc-4c00f68b9b8d
- device id: 4ca35884-a93a-48fc-ad16-80b2a90aa32e
- application id: Box Tools Win exe
- application name: BoxTools
- application version: 4.27.1.1145
- metric collection url: https://client-log.box.com/index.php?rm=box_gen204_json_record
- metric data path: C:\Users\pcedillo\AppData\Local\Box\Box Tools\Metrics\BoxTools_Metrics.db
- post callback: 055904C6
- log callback: 05596186
- context: 00000000
- post interval in seconds: 600
- max records in a post: 100
- max db records: 500
- disable sender: true
[2025-01-08 13:07:24,105] [37   ] [INFO ] [] - Shutting down the metrics collector
[2025-01-08 13:17:24,071] [36   ] [INFO ] [] - Initializing the metrics collector
[2025-01-08 13:17:24,091] [36   ] [INFO ] [] - MetricsCollector::Sender(49): _disableSentMetrics 1
[2025-01-08 13:17:24,093] [36   ] [INFO ] [] - MetricsCollector::Initialize(231): Initialized metrics collector
- session id: 8ac807df-9364-4968-b1dc-4c00f68b9b8d
- device id: 4ca35884-a93a-48fc-ad16-80b2a90aa32e
- application id: Box Tools Win exe
- application name: BoxTools
- application version: 4.27.1.1145
- metric collection url: https://client-log.box.com/index.php?rm=box_gen204_json_record
- metric data path: C:\Users\pcedillo\AppData\Local\Box\Box Tools\Metrics\BoxTools_Metrics.db
- post callback: 055904C6
- log callback: 05596186
- context: 00000000
- post interval in seconds: 600
- max records in a post: 100
- max db records: 500
- disable sender: true
[2025-01-08 13:17:24,109] [36   ] [INFO ] [] - Shutting down the metrics collector
[2025-01-08 13:27:24,011] [33   ] [INFO ] [] - Initializing the metrics collector
[2025-01-08 13:27:24,033] [33   ] [INFO ] [] - MetricsCollector::Sender(49): _disableSentMetrics 1
[2025-01-08 13:27:24,034] [33   ] [INFO ] [] - MetricsCollector::Initialize(231): Initialized metrics collector
- session id: 8ac807df-9364-4968-b1dc-4c00f68b9b8d
- device id: 4ca35884-a93a-48fc-ad16-80b2a90aa32e
- application id: Box Tools Win exe
- application name: BoxTools
- application version: 4.27.1.1145
- metric collection url: https://client-log.box.com/index.php?rm=box_gen204_json_record
- metric data path: C:\Users\pcedillo\AppData\Local\Box\Box Tools\Metrics\BoxTools_Metrics.db
- post callback: 055904C6
- log callback: 05596186
- context: 00000000
- post interval in seconds: 600
- max records in a post: 100
- max db records: 500
- disable sender: true
[2025-01-08 13:27:24,055] [33   ] [INFO ] [] - Shutting down the metrics collector
[2025-01-08 13:37:23,984] [31   ] [INFO ] [] - Initializing the metrics collector
[2025-01-08 13:37:23,999] [31   ] [INFO ] [] - MetricsCollector::Sender(49): _disableSentMetrics 1
[2025-01-08 13:37:24,000] [31   ] [INFO ] [] - MetricsCollector::Initialize(231): Initialized metrics collector
- session id: 8ac807df-9364-4968-b1dc-4c00f68b9b8d
- device id: 4ca35884-a93a-48fc-ad16-80b2a90aa32e
- application id: Box Tools Win exe
- application name: BoxTools
- application version: 4.27.1.1145
- metric collection url: https://client-log.box.com/index.php?rm=box_gen204_json_record
- metric data path: C:\Users\pcedillo\AppData\Local\Box\Box Tools\Metrics\BoxTools_Metrics.db
- post callback: 055904C6
- log callback: 05596186
- context: 00000000
- post interval in seconds: 600
- max records in a post: 100
- max db records: 500
- disable sender: true
[2025-01-08 13:37:24,017] [31   ] [INFO ] [] - Shutting down the metrics collector
[2025-01-08 13:47:23,982] [29   ] [INFO ] [] - Initializing the metrics collector
[2025-01-08 13:47:23,997] [29   ] [INFO ] [] - MetricsCollector::Sender(49): _disableSentMetrics 1
[2025-01-08 13:47:23,998] [29   ] [INFO ] [] - MetricsCollector::Initialize(231): Initialized metrics collector
- session id: 8ac807df-9364-4968-b1dc-4c00f68b9b8d
- device id: 4ca35884-a93a-48fc-ad16-80b2a90aa32e
- application id: Box Tools Win exe
- application name: BoxTools
- application version: 4.27.1.1145
- metric collection url: https://client-log.box.com/index.php?rm=box_gen204_json_record
- metric data path: C:\Users\pcedillo\AppData\Local\Box\Box Tools\Metrics\BoxTools_Metrics.db
- post callback: 055904C6
- log callback: 05596186
- context: 00000000
- post interval in seconds: 600
- max records in a post: 100
- max db records: 500
- disable sender: true
[2025-01-08 13:47:24,014] [29   ] [INFO ] [] - Shutting down the metrics collector
[2025-01-08 13:57:23,865] [27   ] [INFO ] [] - Initializing the metrics collector
[2025-01-08 13:57:23,885] [27   ] [INFO ] [] - MetricsCollector::Sender(49): _disableSentMetrics 1
[2025-01-08 13:57:23,885] [27   ] [INFO ] [] - MetricsCollector::Initialize(231): Initialized metrics collector
- session id: 8ac807df-9364-4968-b1dc-4c00f68b9b8d
- device id: 4ca35884-a93a-48fc-ad16-80b2a90aa32e
- application id: Box Tools Win exe
- application name: BoxTools
- application version: 4.27.1.1145
- metric collection url: https://client-log.box.com/index.php?rm=box_gen204_json_record
- metric data path: C:\Users\pcedillo\AppData\Local\Box\Box Tools\Metrics\BoxTools_Metrics.db
- post callback: 055904C6
- log callback: 05596186
- context: 00000000
- post interval in seconds: 600
- max records in a post: 100
- max db records: 500
- disable sender: true
[2025-01-08 13:57:23,903] [27   ] [INFO ] [] - Shutting down the metrics collector
[2025-01-08 14:07:23,820] [25   ] [INFO ] [] - Initializing the metrics collector
[2025-01-08 14:07:23,838] [25   ] [INFO ] [] - MetricsCollector::Sender(49): _disableSentMetrics 1
[2025-01-08 14:07:23,839] [25   ] [INFO ] [] - MetricsCollector::Initialize(231): Initialized metrics collector
- session id: 8ac807df-9364-4968-b1dc-4c00f68b9b8d
- device id: 4ca35884-a93a-48fc-ad16-80b2a90aa32e
- application id: Box Tools Win exe
- application name: BoxTools
- application version: 4.27.1.1145
- metric collection url: https://client-log.box.com/index.php?rm=box_gen204_json_record
- metric data path: C:\Users\pcedillo\AppData\Local\Box\Box Tools\Metrics\BoxTools_Metrics.db
- post callback: 055904C6
- log callback: 05596186
- context: 00000000
- post interval in seconds: 600
- max records in a post: 100
- max db records: 500
- disable sender: true
[2025-01-08 14:07:23,857] [25   ] [INFO ] [] - Shutting down the metrics collector
[2025-01-08 14:17:23,832] [23   ] [INFO ] [] - Initializing the metrics collector
[2025-01-08 14:17:23,852] [23   ] [INFO ] [] - MetricsCollector::Sender(49): _disableSentMetrics 1
[2025-01-08 14:17:23,853] [23   ] [INFO ] [] - MetricsCollector::Initialize(231): Initialized metrics collector
- session id: 8ac807df-9364-4968-b1dc-4c00f68b9b8d
- device id: 4ca35884-a93a-48fc-ad16-80b2a90aa32e
- application id: Box Tools Win exe
- application name: BoxTools
- application version: 4.27.1.1145
- metric collection url: https://client-log.box.com/index.php?rm=box_gen204_json_record
- metric data path: C:\Users\pcedillo\AppData\Local\Box\Box Tools\Metrics\BoxTools_Metrics.db
- post callback: 055904C6
- log callback: 05596186
- context: 00000000
- post interval in seconds: 600
- max records in a post: 100
- max db records: 500
- disable sender: true
[2025-01-08 14:17:23,873] [23   ] [INFO ] [] - Shutting down the metrics collector
[2025-01-08 14:27:23,852] [22   ] [INFO ] [] - Initializing the metrics collector
[2025-01-08 14:27:23,874] [22   ] [INFO ] [] - MetricsCollector::Sender(49): _disableSentMetrics 1
[2025-01-08 14:27:23,875] [22   ] [INFO ] [] - MetricsCollector::Initialize(231): Initialized metrics collector
- session id: 8ac807df-9364-4968-b1dc-4c00f68b9b8d
- device id: 4ca35884-a93a-48fc-ad16-80b2a90aa32e
- application id: Box Tools Win exe
- application name: BoxTools
- application version: 4.27.1.1145
- metric collection url: https://client-log.box.com/index.php?rm=box_gen204_json_record
- metric data path: C:\Users\pcedillo\AppData\Local\Box\Box Tools\Metrics\BoxTools_Metrics.db
- post callback: 055904C6
- log callback: 05596186
- context: 00000000
- post interval in seconds: 600
- max records in a post: 100
- max db records: 500
- disable sender: true
[2025-01-08 14:27:23,896] [22   ] [INFO ] [] - Shutting down the metrics collector
[2025-01-08 14:37:23,724] [19   ] [INFO ] [] - Initializing the metrics collector
[2025-01-08 14:37:23,739] [19   ] [INFO ] [] - MetricsCollector::Sender(49): _disableSentMetrics 1
[2025-01-08 14:37:23,740] [19   ] [INFO ] [] - MetricsCollector::Initialize(231): Initialized metrics collector
- session id: 8ac807df-9364-4968-b1dc-4c00f68b9b8d
- device id: 4ca35884-a93a-48fc-ad16-80b2a90aa32e
- application id: Box Tools Win exe
- application name: BoxTools
- application version: 4.27.1.1145
- metric collection url: https://client-log.box.com/index.php?rm=box_gen204_json_record
- metric data path: C:\Users\pcedillo\AppData\Local\Box\Box Tools\Metrics\BoxTools_Metrics.db
- post callback: 055904C6
- log callback: 05596186
- context: 00000000
- post interval in seconds: 600
- max records in a post: 100
- max db records: 500
- disable sender: true
[2025-01-08 14:37:23,758] [19   ] [INFO ] [] - Shutting down the metrics collector
[2025-01-08 14:47:23,694] [17   ] [INFO ] [] - Initializing the metrics collector
[2025-01-08 14:47:23,714] [17   ] [INFO ] [] - MetricsCollector::Sender(49): _disableSentMetrics 1
[2025-01-08 14:47:23,716] [17   ] [INFO ] [] - MetricsCollector::Initialize(231): Initialized metrics collector
- session id: 8ac807df-9364-4968-b1dc-4c00f68b9b8d
- device id: 4ca35884-a93a-48fc-ad16-80b2a90aa32e
- application id: Box Tools Win exe
- application name: BoxTools
- application version: 4.27.1.1145
- metric collection url: https://client-log.box.com/index.php?rm=box_gen204_json_record
- metric data path: C:\Users\pcedillo\AppData\Local\Box\Box Tools\Metrics\BoxTools_Metrics.db
- post callback: 055904C6
- log callback: 05596186
- context: 00000000
- post interval in seconds: 600
- max records in a post: 100
- max db records: 500
- disable sender: true
[2025-01-08 14:47:23,735] [17   ] [INFO ] [] - Shutting down the metrics collector
[2025-01-08 14:57:23,705] [11   ] [INFO ] [] - Initializing the metrics collector
[2025-01-08 14:57:23,720] [11   ] [INFO ] [] - MetricsCollector::Sender(49): _disableSentMetrics 1
[2025-01-08 14:57:23,720] [11   ] [INFO ] [] - MetricsCollector::Initialize(231): Initialized metrics collector
- session id: 8ac807df-9364-4968-b1dc-4c00f68b9b8d
- device id: 4ca35884-a93a-48fc-ad16-80b2a90aa32e
- application id: Box Tools Win exe
- application name: BoxTools
- application version: 4.27.1.1145
- metric collection url: https://client-log.box.com/index.php?rm=box_gen204_json_record
- metric data path: C:\Users\pcedillo\AppData\Local\Box\Box Tools\Metrics\BoxTools_Metrics.db
- post callback: 055904C6
- log callback: 05596186
- context: 00000000
- post interval in seconds: 600
- max records in a post: 100
- max db records: 500
- disable sender: true
[2025-01-08 14:57:23,737] [11   ] [INFO ] [] - Shutting down the metrics collector
[2025-01-08 16:02:47,221] [12   ] [INFO ] [] - Initializing the metrics collector
[2025-01-08 16:02:47,236] [12   ] [INFO ] [] - MetricsCollector::Sender(49): _disableSentMetrics 1
[2025-01-08 16:02:47,237] [12   ] [INFO ] [] - MetricsCollector::Initialize(231): Initialized metrics collector
- session id: 8ac807df-9364-4968-b1dc-4c00f68b9b8d
- device id: 4ca35884-a93a-48fc-ad16-80b2a90aa32e
- application id: Box Tools Win exe
- application name: BoxTools
- application version: 4.27.1.1145
- metric collection url: https://client-log.box.com/index.php?rm=box_gen204_json_record
- metric data path: C:\Users\pcedillo\AppData\Local\Box\Box Tools\Metrics\BoxTools_Metrics.db
- post callback: 055904C6
- log callback: 05596186
- context: 00000000
- post interval in seconds: 600
- max records in a post: 100
- max db records: 500
- disable sender: true
[2025-01-08 16:02:47,250] [12   ] [INFO ] [] - Shutting down the metrics collector
[2025-01-08 16:12:46,500] [11   ] [INFO ] [] - Initializing the metrics collector
[2025-01-08 16:12:46,513] [11   ] [INFO ] [] - MetricsCollector::Sender(49): _disableSentMetrics 1
[2025-01-08 16:12:46,513] [11   ] [INFO ] [] - MetricsCollector::Initialize(231): Initialized metrics collector
- session id: 8ac807df-9364-4968-b1dc-4c00f68b9b8d
- device id: 4ca35884-a93a-48fc-ad16-80b2a90aa32e
- application id: Box Tools Win exe
- application name: BoxTools
- application version: 4.27.1.1145
- metric collection url: https://client-log.box.com/index.php?rm=box_gen204_json_record
- metric data path: C:\Users\pcedillo\AppData\Local\Box\Box Tools\Metrics\BoxTools_Metrics.db
- post callback: 055904C6
- log callback: 05596186
- context: 00000000
- post interval in seconds: 600
- max records in a post: 100
- max db records: 500
- disable sender: true
[2025-01-08 16:12:46,527] [11   ] [INFO ] [] - Shutting down the metrics collector
[2025-01-08 16:18:31,693] [1    ] [INFO ] [] - Attempt to acquire Single Instance Mutex
[2025-01-08 16:18:31,769] [1    ] [INFO ] [] - ========== Box Local Com Server v4.27.1.1145 ==========
[2025-01-08 16:18:31,769] [1    ] [INFO ] [] - Running as a per-user installation
[2025-01-08 16:18:31,834] [1    ] [INFO ] [] - LocalMachine RegistryKey not set
[2025-01-08 16:18:31,837] [1    ] [INFO ] [] - Starting server...
[2025-01-08 16:18:31,848] [1    ] [INFO ] [] - Server running. Listening to port 17223
[2025-01-08 16:18:31,851] [1    ] [INFO ] [] - Working with debug logging OFF
[2025-01-08 16:18:31,863] [7    ] [INFO ] [] - Initializing the metrics collector
[2025-01-08 16:18:31,879] [7    ] [INFO ] [] - MetricsCollector::Sender(49): _disableSentMetrics 1
[2025-01-08 16:18:31,879] [7    ] [INFO ] [] - MetricsCollector::Initialize(231): Initialized metrics collector
- session id: 4c30067f-ca99-4153-b7e7-89c211a34109
- device id: 4ca35884-a93a-48fc-ad16-80b2a90aa32e
- application id: Box Tools Win exe
- application name: BoxTools
- application version: 4.27.1.1145
- metric collection url: https://client-log.box.com/index.php?rm=box_gen204_json_record
- metric data path: C:\Users\pcedillo\AppData\Local\Box\Box Tools\Metrics\BoxTools_Metrics.db
- post callback: 059104C6
- log callback: 059161FE
- context: 00000000
- post interval in seconds: 600
- max records in a post: 100
- max db records: 500
- disable sender: true
[2025-01-08 16:18:31,888] [7    ] [INFO ] [] - Recording metric - name: ComServerStart
[2025-01-08 16:18:31,900] [7    ] [INFO ] [] - Shutting down the metrics collector
[2025-01-08 16:18:36,838] [5    ] [INFO ] [] - Initializing the metrics collector
[2025-01-08 16:18:36,851] [5    ] [INFO ] [] - MetricsCollector::Sender(49): _disableSentMetrics 1
[2025-01-08 16:18:36,852] [5    ] [INFO ] [] - MetricsCollector::Initialize(231): Initialized metrics collector
- session id: 4c30067f-ca99-4153-b7e7-89c211a34109
- device id: 4ca35884-a93a-48fc-ad16-80b2a90aa32e
- application id: Box Tools Win exe
- application name: BoxTools
- application version: 4.27.1.1145
- metric collection url: https://client-log.box.com/index.php?rm=box_gen204_json_record
- metric data path: C:\Users\pcedillo\AppData\Local\Box\Box Tools\Metrics\BoxTools_Metrics.db
- post callback: 059104C6
- log callback: 059161FE
- context: 00000000
- post interval in seconds: 600
- max records in a post: 100
- max db records: 500
- disable sender: true
[2025-01-08 16:18:36,894] [5    ] [INFO ] [] - Posting metric to endpoint
[2025-01-08 16:18:37,675] [5    ] [INFO ] [] - Metrics sent to the endpoint
[2025-01-08 16:18:37,688] [5    ] [INFO ] [] - Shutting down the metrics collector
[2025-01-08 16:19:12,967] [14   ] [INFO ] [] - Accepted Origin
[2025-01-08 16:19:12,977] [14   ] [INFO ] [] - Handling status request
[2025-01-08 16:28:36,139] [17   ] [INFO ] [] - Initializing the metrics collector
[2025-01-08 16:28:36,152] [17   ] [INFO ] [] - MetricsCollector::Sender(49): _disableSentMetrics 1
[2025-01-08 16:28:36,153] [17   ] [INFO ] [] - MetricsCollector::Initialize(231): Initialized metrics collector
- session id: 4c30067f-ca99-4153-b7e7-89c211a34109
- device id: 4ca35884-a93a-48fc-ad16-80b2a90aa32e
- application id: Box Tools Win exe
- application name: BoxTools
- application version: 4.27.1.1145
- metric collection url: https://client-log.box.com/index.php?rm=box_gen204_json_record
- metric data path: C:\Users\pcedillo\AppData\Local\Box\Box Tools\Metrics\BoxTools_Metrics.db
- post callback: 059104C6
- log callback: 059161FE
- context: 00000000
- post interval in seconds: 600
- max records in a post: 100
- max db records: 500
- disable sender: true
[2025-01-08 16:28:36,165] [17   ] [INFO ] [] - Shutting down the metrics collector
[2025-01-08 16:38:36,046] [18   ] [INFO ] [] - Initializing the metrics collector
[2025-01-08 16:38:36,054] [18   ] [INFO ] [] - MetricsCollector::Sender(49): _disableSentMetrics 1
[2025-01-08 16:38:36,054] [18   ] [INFO ] [] - MetricsCollector::Initialize(231): Initialized metrics collector
- session id: 4c30067f-ca99-4153-b7e7-89c211a34109
- device id: 4ca35884-a93a-48fc-ad16-80b2a90aa32e
- application id: Box Tools Win exe
- application name: BoxTools
- application version: 4.27.1.1145
- metric collection url: https://client-log.box.com/index.php?rm=box_gen204_json_record
- metric data path: C:\Users\pcedillo\AppData\Local\Box\Box Tools\Metrics\BoxTools_Metrics.db
- post callback: 059104C6
- log callback: 059161FE
- context: 00000000
- post interval in seconds: 600
- max records in a post: 100
- max db records: 500
- disable sender: true
[2025-01-08 16:38:36,062] [18   ] [INFO ] [] - Shutting down the metrics collector
[2025-01-08 16:48:36,043] [20   ] [INFO ] [] - Initializing the metrics collector
[2025-01-08 16:48:36,051] [20   ] [INFO ] [] - MetricsCollector::Sender(49): _disableSentMetrics 1
[2025-01-08 16:48:36,052] [20   ] [INFO ] [] - MetricsCollector::Initialize(231): Initialized metrics collector
- session id: 4c30067f-ca99-4153-b7e7-89c211a34109
- device id: 4ca35884-a93a-48fc-ad16-80b2a90aa32e
- application id: Box Tools Win exe
- application name: BoxTools
- application version: 4.27.1.1145
- metric collection url: https://client-log.box.com/index.php?rm=box_gen204_json_record
- metric data path: C:\Users\pcedillo\AppData\Local\Box\Box Tools\Metrics\BoxTools_Metrics.db
- post callback: 059104C6
- log callback: 059161FE
- context: 00000000
- post interval in seconds: 600
- max records in a post: 100
- max db records: 500
- disable sender: true
[2025-01-08 16:48:36,061] [20   ] [INFO ] [] - Shutting down the metrics collector
[2025-01-08 16:58:36,054] [21   ] [INFO ] [] - Initializing the metrics collector
[2025-01-08 16:58:36,062] [21   ] [INFO ] [] - MetricsCollector::Sender(49): _disableSentMetrics 1
[2025-01-08 16:58:36,062] [21   ] [INFO ] [] - MetricsCollector::Initialize(231): Initialized metrics collector
- session id: 4c30067f-ca99-4153-b7e7-89c211a34109
- device id: 4ca35884-a93a-48fc-ad16-80b2a90aa32e
- application id: Box Tools Win exe
- application name: BoxTools
- application version: 4.27.1.1145
- metric collection url: https://client-log.box.com/index.php?rm=box_gen204_json_record
- metric data path: C:\Users\pcedillo\AppData\Local\Box\Box Tools\Metrics\BoxTools_Metrics.db
- post callback: 059104C6
- log callback: 059161FE
- context: 00000000
- post interval in seconds: 600
- max records in a post: 100
- max db records: 500
- disable sender: true
[2025-01-08 16:58:36,068] [21   ] [INFO ] [] - Shutting down the metrics collector
[2025-01-08 17:08:36,013] [19   ] [INFO ] [] - Initializing the metrics collector
[2025-01-08 17:08:36,024] [19   ] [INFO ] [] - MetricsCollector::Sender(49): _disableSentMetrics 1
[2025-01-08 17:08:36,024] [19   ] [INFO ] [] - MetricsCollector::Initialize(231): Initialized metrics collector
- session id: 4c30067f-ca99-4153-b7e7-89c211a34109
- device id: 4ca35884-a93a-48fc-ad16-80b2a90aa32e
- application id: Box Tools Win exe
- application name: BoxTools
- application version: 4.27.1.1145
- metric collection url: https://client-log.box.com/index.php?rm=box_gen204_json_record
- metric data path: C:\Users\pcedillo\AppData\Local\Box\Box Tools\Metrics\BoxTools_Metrics.db
- post callback: 059104C6
- log callback: 059161FE
- context: 00000000
- post interval in seconds: 600
- max records in a post: 100
- max db records: 500
- disable sender: true
[2025-01-08 17:08:36,035] [19   ] [INFO ] [] - Shutting down the metrics collector
[2025-01-08 17:18:35,901] [23   ] [INFO ] [] - Initializing the metrics collector
[2025-01-08 17:18:35,911] [23   ] [INFO ] [] - MetricsCollector::Sender(49): _disableSentMetrics 1
[2025-01-08 17:18:35,912] [23   ] [INFO ] [] - MetricsCollector::Initialize(231): Initialized metrics collector
- session id: 4c30067f-ca99-4153-b7e7-89c211a34109
- device id: 4ca35884-a93a-48fc-ad16-80b2a90aa32e
- application id: Box Tools Win exe
- application name: BoxTools
- application version: 4.27.1.1145
- metric collection url: https://client-log.box.com/index.php?rm=box_gen204_json_record
- metric data path: C:\Users\pcedillo\AppData\Local\Box\Box Tools\Metrics\BoxTools_Metrics.db
- post callback: 059104C6
- log callback: 059161FE
- context: 00000000
- post interval in seconds: 600
- max records in a post: 100
- max db records: 500
- disable sender: true
[2025-01-08 17:18:35,923] [23   ] [INFO ] [] - Shutting down the metrics collector
[2025-01-08 17:28:35,870] [24   ] [INFO ] [] - Initializing the metrics collector
[2025-01-08 17:28:35,878] [24   ] [INFO ] [] - MetricsCollector::Sender(49): _disableSentMetrics 1
[2025-01-08 17:28:35,878] [24   ] [INFO ] [] - MetricsCollector::Initialize(231): Initialized metrics collector
- session id: 4c30067f-ca99-4153-b7e7-89c211a34109
- device id: 4ca35884-a93a-48fc-ad16-80b2a90aa32e
- application id: Box Tools Win exe
- application name: BoxTools
- application version: 4.27.1.1145
- metric collection url: https://client-log.box.com/index.php?rm=box_gen204_json_record
- metric data path: C:\Users\pcedillo\AppData\Local\Box\Box Tools\Metrics\BoxTools_Metrics.db
- post callback: 059104C6
- log callback: 059161FE
- context: 00000000
- post interval in seconds: 600
- max records in a post: 100
- max db records: 500
- disable sender: true
[2025-01-08 17:28:35,885] [24   ] [INFO ] [] - Shutting down the metrics collector
