[2025-03-06 00:05:53,317] [61   ] [INFO ] [] - Initializing the metrics collector
[2025-03-06 00:05:53,356] [61   ] [INFO ] [] - MetricsCollector::Sender(49): _disableSentMetrics 1
[2025-03-06 00:05:53,357] [61   ] [INFO ] [] - MetricsCollector::Initialize(231): Initialized metrics collector
- session id: b3306519-161c-47ac-b2ea-c18c02660e92
- device id: 4ca35884-a93a-48fc-ad16-80b2a90aa32e
- application id: Box Tools Win exe
- application name: BoxTools
- application version: 4.28.0.1161
- metric collection url: https://client-log.box.com/index.php?rm=box_gen204_json_record
- metric data path: C:\Users\pcedillo\AppData\Local\Box\Box Tools\Metrics\BoxTools_Metrics.db
- post callback: 054C2F0E
- log callback: 054C2F36
- context: 00000000
- post interval in seconds: 600
- max records in a post: 100
- max db records: 500
- disable sender: true
[2025-03-06 00:05:53,369] [61   ] [INFO ] [] - Shutting down the metrics collector
[2025-03-06 00:15:53,307] [43   ] [INFO ] [] - Initializing the metrics collector
[2025-03-06 00:15:53,317] [43   ] [INFO ] [] - MetricsCollector::Sender(49): _disableSentMetrics 1
[2025-03-06 00:15:53,318] [43   ] [INFO ] [] - MetricsCollector::Initialize(231): Initialized metrics collector
- session id: b3306519-161c-47ac-b2ea-c18c02660e92
- device id: 4ca35884-a93a-48fc-ad16-80b2a90aa32e
- application id: Box Tools Win exe
- application name: BoxTools
- application version: 4.28.0.1161
- metric collection url: https://client-log.box.com/index.php?rm=box_gen204_json_record
- metric data path: C:\Users\pcedillo\AppData\Local\Box\Box Tools\Metrics\BoxTools_Metrics.db
- post callback: 054C2F0E
- log callback: 054C2F36
- context: 00000000
- post interval in seconds: 600
- max records in a post: 100
- max db records: 500
- disable sender: true
[2025-03-06 00:15:53,328] [43   ] [INFO ] [] - Shutting down the metrics collector
[2025-03-06 00:25:53,310] [60   ] [INFO ] [] - Initializing the metrics collector
[2025-03-06 00:25:53,323] [60   ] [INFO ] [] - MetricsCollector::Sender(49): _disableSentMetrics 1
[2025-03-06 00:25:53,324] [60   ] [INFO ] [] - MetricsCollector::Initialize(231): Initialized metrics collector
- session id: b3306519-161c-47ac-b2ea-c18c02660e92
- device id: 4ca35884-a93a-48fc-ad16-80b2a90aa32e
- application id: Box Tools Win exe
- application name: BoxTools
- application version: 4.28.0.1161
- metric collection url: https://client-log.box.com/index.php?rm=box_gen204_json_record
- metric data path: C:\Users\pcedillo\AppData\Local\Box\Box Tools\Metrics\BoxTools_Metrics.db
- post callback: 054C2F0E
- log callback: 054C2F36
- context: 00000000
- post interval in seconds: 600
- max records in a post: 100
- max db records: 500
- disable sender: true
[2025-03-06 00:25:53,339] [60   ] [INFO ] [] - Shutting down the metrics collector
[2025-03-06 00:35:53,319] [54   ] [INFO ] [] - Initializing the metrics collector
[2025-03-06 00:35:53,326] [54   ] [INFO ] [] - MetricsCollector::Sender(49): _disableSentMetrics 1
[2025-03-06 00:35:53,327] [54   ] [INFO ] [] - MetricsCollector::Initialize(231): Initialized metrics collector
- session id: b3306519-161c-47ac-b2ea-c18c02660e92
- device id: 4ca35884-a93a-48fc-ad16-80b2a90aa32e
- application id: Box Tools Win exe
- application name: BoxTools
- application version: 4.28.0.1161
- metric collection url: https://client-log.box.com/index.php?rm=box_gen204_json_record
- metric data path: C:\Users\pcedillo\AppData\Local\Box\Box Tools\Metrics\BoxTools_Metrics.db
- post callback: 054C2F0E
- log callback: 054C2F36
- context: 00000000
- post interval in seconds: 600
- max records in a post: 100
- max db records: 500
- disable sender: true
[2025-03-06 00:35:53,335] [54   ] [INFO ] [] - Shutting down the metrics collector
[2025-03-06 00:45:53,332] [51   ] [INFO ] [] - Initializing the metrics collector
[2025-03-06 00:45:53,346] [51   ] [INFO ] [] - MetricsCollector::Sender(49): _disableSentMetrics 1
[2025-03-06 00:45:53,347] [51   ] [INFO ] [] - MetricsCollector::Initialize(231): Initialized metrics collector
- session id: b3306519-161c-47ac-b2ea-c18c02660e92
- device id: 4ca35884-a93a-48fc-ad16-80b2a90aa32e
- application id: Box Tools Win exe
- application name: BoxTools
- application version: 4.28.0.1161
- metric collection url: https://client-log.box.com/index.php?rm=box_gen204_json_record
- metric data path: C:\Users\pcedillo\AppData\Local\Box\Box Tools\Metrics\BoxTools_Metrics.db
- post callback: 054C2F0E
- log callback: 054C2F36
- context: 00000000
- post interval in seconds: 600
- max records in a post: 100
- max db records: 500
- disable sender: true
[2025-03-06 00:45:53,360] [51   ] [INFO ] [] - Shutting down the metrics collector
[2025-03-06 00:55:53,372] [49   ] [INFO ] [] - Initializing the metrics collector
[2025-03-06 00:55:53,381] [49   ] [INFO ] [] - MetricsCollector::Sender(49): _disableSentMetrics 1
[2025-03-06 00:55:53,382] [49   ] [INFO ] [] - MetricsCollector::Initialize(231): Initialized metrics collector
- session id: b3306519-161c-47ac-b2ea-c18c02660e92
- device id: 4ca35884-a93a-48fc-ad16-80b2a90aa32e
- application id: Box Tools Win exe
- application name: BoxTools
- application version: 4.28.0.1161
- metric collection url: https://client-log.box.com/index.php?rm=box_gen204_json_record
- metric data path: C:\Users\pcedillo\AppData\Local\Box\Box Tools\Metrics\BoxTools_Metrics.db
- post callback: 054C2F0E
- log callback: 054C2F36
- context: 00000000
- post interval in seconds: 600
- max records in a post: 100
- max db records: 500
- disable sender: true
[2025-03-06 00:55:53,394] [49   ] [INFO ] [] - Shutting down the metrics collector
[2025-03-06 01:05:53,415] [47   ] [INFO ] [] - Initializing the metrics collector
[2025-03-06 01:05:53,427] [47   ] [INFO ] [] - MetricsCollector::Sender(49): _disableSentMetrics 1
[2025-03-06 01:05:53,428] [47   ] [INFO ] [] - MetricsCollector::Initialize(231): Initialized metrics collector
- session id: b3306519-161c-47ac-b2ea-c18c02660e92
- device id: 4ca35884-a93a-48fc-ad16-80b2a90aa32e
- application id: Box Tools Win exe
- application name: BoxTools
- application version: 4.28.0.1161
- metric collection url: https://client-log.box.com/index.php?rm=box_gen204_json_record
- metric data path: C:\Users\pcedillo\AppData\Local\Box\Box Tools\Metrics\BoxTools_Metrics.db
- post callback: 054C2F0E
- log callback: 054C2F36
- context: 00000000
- post interval in seconds: 600
- max records in a post: 100
- max db records: 500
- disable sender: true
[2025-03-06 01:05:53,439] [47   ] [INFO ] [] - Shutting down the metrics collector
[2025-03-06 01:15:53,336] [45   ] [INFO ] [] - Initializing the metrics collector
[2025-03-06 01:15:53,348] [45   ] [INFO ] [] - MetricsCollector::Sender(49): _disableSentMetrics 1
[2025-03-06 01:15:53,349] [45   ] [INFO ] [] - MetricsCollector::Initialize(231): Initialized metrics collector
- session id: b3306519-161c-47ac-b2ea-c18c02660e92
- device id: 4ca35884-a93a-48fc-ad16-80b2a90aa32e
- application id: Box Tools Win exe
- application name: BoxTools
- application version: 4.28.0.1161
- metric collection url: https://client-log.box.com/index.php?rm=box_gen204_json_record
- metric data path: C:\Users\pcedillo\AppData\Local\Box\Box Tools\Metrics\BoxTools_Metrics.db
- post callback: 054C2F0E
- log callback: 054C2F36
- context: 00000000
- post interval in seconds: 600
- max records in a post: 100
- max db records: 500
- disable sender: true
[2025-03-06 01:15:53,362] [45   ] [INFO ] [] - Shutting down the metrics collector
[2025-03-06 01:25:53,194] [49   ] [INFO ] [] - Initializing the metrics collector
[2025-03-06 01:25:53,202] [49   ] [INFO ] [] - MetricsCollector::Sender(49): _disableSentMetrics 1
[2025-03-06 01:25:53,202] [49   ] [INFO ] [] - MetricsCollector::Initialize(231): Initialized metrics collector
- session id: b3306519-161c-47ac-b2ea-c18c02660e92
- device id: 4ca35884-a93a-48fc-ad16-80b2a90aa32e
- application id: Box Tools Win exe
- application name: BoxTools
- application version: 4.28.0.1161
- metric collection url: https://client-log.box.com/index.php?rm=box_gen204_json_record
- metric data path: C:\Users\pcedillo\AppData\Local\Box\Box Tools\Metrics\BoxTools_Metrics.db
- post callback: 054C2F0E
- log callback: 054C2F36
- context: 00000000
- post interval in seconds: 600
- max records in a post: 100
- max db records: 500
- disable sender: true
[2025-03-06 01:25:53,210] [49   ] [INFO ] [] - Shutting down the metrics collector
[2025-03-06 01:35:53,082] [51   ] [INFO ] [] - Initializing the metrics collector
[2025-03-06 01:35:53,092] [51   ] [INFO ] [] - MetricsCollector::Sender(49): _disableSentMetrics 1
[2025-03-06 01:35:53,093] [51   ] [INFO ] [] - MetricsCollector::Initialize(231): Initialized metrics collector
- session id: b3306519-161c-47ac-b2ea-c18c02660e92
- device id: 4ca35884-a93a-48fc-ad16-80b2a90aa32e
- application id: Box Tools Win exe
- application name: BoxTools
- application version: 4.28.0.1161
- metric collection url: https://client-log.box.com/index.php?rm=box_gen204_json_record
- metric data path: C:\Users\pcedillo\AppData\Local\Box\Box Tools\Metrics\BoxTools_Metrics.db
- post callback: 054C2F0E
- log callback: 054C2F36
- context: 00000000
- post interval in seconds: 600
- max records in a post: 100
- max db records: 500
- disable sender: true
[2025-03-06 01:35:53,102] [51   ] [INFO ] [] - Shutting down the metrics collector
[2025-03-06 01:45:52,989] [50   ] [INFO ] [] - Initializing the metrics collector
[2025-03-06 01:45:53,003] [50   ] [INFO ] [] - MetricsCollector::Sender(49): _disableSentMetrics 1
[2025-03-06 01:45:53,003] [50   ] [INFO ] [] - MetricsCollector::Initialize(231): Initialized metrics collector
- session id: b3306519-161c-47ac-b2ea-c18c02660e92
- device id: 4ca35884-a93a-48fc-ad16-80b2a90aa32e
- application id: Box Tools Win exe
- application name: BoxTools
- application version: 4.28.0.1161
- metric collection url: https://client-log.box.com/index.php?rm=box_gen204_json_record
- metric data path: C:\Users\pcedillo\AppData\Local\Box\Box Tools\Metrics\BoxTools_Metrics.db
- post callback: 054C2F0E
- log callback: 054C2F36
- context: 00000000
- post interval in seconds: 600
- max records in a post: 100
- max db records: 500
- disable sender: true
[2025-03-06 01:45:53,017] [50   ] [INFO ] [] - Shutting down the metrics collector
[2025-03-06 01:55:52,917] [52   ] [INFO ] [] - Initializing the metrics collector
[2025-03-06 01:55:52,925] [52   ] [INFO ] [] - MetricsCollector::Sender(49): _disableSentMetrics 1
[2025-03-06 01:55:52,926] [52   ] [INFO ] [] - MetricsCollector::Initialize(231): Initialized metrics collector
- session id: b3306519-161c-47ac-b2ea-c18c02660e92
- device id: 4ca35884-a93a-48fc-ad16-80b2a90aa32e
- application id: Box Tools Win exe
- application name: BoxTools
- application version: 4.28.0.1161
- metric collection url: https://client-log.box.com/index.php?rm=box_gen204_json_record
- metric data path: C:\Users\pcedillo\AppData\Local\Box\Box Tools\Metrics\BoxTools_Metrics.db
- post callback: 054C2F0E
- log callback: 054C2F36
- context: 00000000
- post interval in seconds: 600
- max records in a post: 100
- max db records: 500
- disable sender: true
[2025-03-06 01:55:52,939] [52   ] [INFO ] [] - Shutting down the metrics collector
[2025-03-06 02:05:52,871] [57   ] [INFO ] [] - Initializing the metrics collector
[2025-03-06 02:05:52,884] [57   ] [INFO ] [] - MetricsCollector::Sender(49): _disableSentMetrics 1
[2025-03-06 02:05:52,885] [57   ] [INFO ] [] - MetricsCollector::Initialize(231): Initialized metrics collector
- session id: b3306519-161c-47ac-b2ea-c18c02660e92
- device id: 4ca35884-a93a-48fc-ad16-80b2a90aa32e
- application id: Box Tools Win exe
- application name: BoxTools
- application version: 4.28.0.1161
- metric collection url: https://client-log.box.com/index.php?rm=box_gen204_json_record
- metric data path: C:\Users\pcedillo\AppData\Local\Box\Box Tools\Metrics\BoxTools_Metrics.db
- post callback: 054C2F0E
- log callback: 054C2F36
- context: 00000000
- post interval in seconds: 600
- max records in a post: 100
- max db records: 500
- disable sender: true
[2025-03-06 02:05:52,897] [57   ] [INFO ] [] - Shutting down the metrics collector
[2025-03-06 02:15:52,839] [57   ] [INFO ] [] - Initializing the metrics collector
[2025-03-06 02:15:52,850] [57   ] [INFO ] [] - MetricsCollector::Sender(49): _disableSentMetrics 1
[2025-03-06 02:15:52,851] [57   ] [INFO ] [] - MetricsCollector::Initialize(231): Initialized metrics collector
- session id: b3306519-161c-47ac-b2ea-c18c02660e92
- device id: 4ca35884-a93a-48fc-ad16-80b2a90aa32e
- application id: Box Tools Win exe
- application name: BoxTools
- application version: 4.28.0.1161
- metric collection url: https://client-log.box.com/index.php?rm=box_gen204_json_record
- metric data path: C:\Users\pcedillo\AppData\Local\Box\Box Tools\Metrics\BoxTools_Metrics.db
- post callback: 054C2F0E
- log callback: 054C2F36
- context: 00000000
- post interval in seconds: 600
- max records in a post: 100
- max db records: 500
- disable sender: true
[2025-03-06 02:15:52,862] [57   ] [INFO ] [] - Shutting down the metrics collector
[2025-03-06 02:25:52,814] [57   ] [INFO ] [] - Initializing the metrics collector
[2025-03-06 02:25:52,823] [57   ] [INFO ] [] - MetricsCollector::Sender(49): _disableSentMetrics 1
[2025-03-06 02:25:52,823] [57   ] [INFO ] [] - MetricsCollector::Initialize(231): Initialized metrics collector
- session id: b3306519-161c-47ac-b2ea-c18c02660e92
- device id: 4ca35884-a93a-48fc-ad16-80b2a90aa32e
- application id: Box Tools Win exe
- application name: BoxTools
- application version: 4.28.0.1161
- metric collection url: https://client-log.box.com/index.php?rm=box_gen204_json_record
- metric data path: C:\Users\pcedillo\AppData\Local\Box\Box Tools\Metrics\BoxTools_Metrics.db
- post callback: 054C2F0E
- log callback: 054C2F36
- context: 00000000
- post interval in seconds: 600
- max records in a post: 100
- max db records: 500
- disable sender: true
[2025-03-06 02:25:52,832] [57   ] [INFO ] [] - Shutting down the metrics collector
[2025-03-06 02:35:52,809] [57   ] [INFO ] [] - Initializing the metrics collector
[2025-03-06 02:35:52,818] [57   ] [INFO ] [] - MetricsCollector::Sender(49): _disableSentMetrics 1
[2025-03-06 02:35:52,818] [57   ] [INFO ] [] - MetricsCollector::Initialize(231): Initialized metrics collector
- session id: b3306519-161c-47ac-b2ea-c18c02660e92
- device id: 4ca35884-a93a-48fc-ad16-80b2a90aa32e
- application id: Box Tools Win exe
- application name: BoxTools
- application version: 4.28.0.1161
- metric collection url: https://client-log.box.com/index.php?rm=box_gen204_json_record
- metric data path: C:\Users\pcedillo\AppData\Local\Box\Box Tools\Metrics\BoxTools_Metrics.db
- post callback: 054C2F0E
- log callback: 054C2F36
- context: 00000000
- post interval in seconds: 600
- max records in a post: 100
- max db records: 500
- disable sender: true
[2025-03-06 02:35:52,827] [57   ] [INFO ] [] - Shutting down the metrics collector
[2025-03-06 02:45:52,799] [62   ] [INFO ] [] - Initializing the metrics collector
[2025-03-06 02:45:52,807] [62   ] [INFO ] [] - MetricsCollector::Sender(49): _disableSentMetrics 1
[2025-03-06 02:45:52,808] [62   ] [INFO ] [] - MetricsCollector::Initialize(231): Initialized metrics collector
- session id: b3306519-161c-47ac-b2ea-c18c02660e92
- device id: 4ca35884-a93a-48fc-ad16-80b2a90aa32e
- application id: Box Tools Win exe
- application name: BoxTools
- application version: 4.28.0.1161
- metric collection url: https://client-log.box.com/index.php?rm=box_gen204_json_record
- metric data path: C:\Users\pcedillo\AppData\Local\Box\Box Tools\Metrics\BoxTools_Metrics.db
- post callback: 054C2F0E
- log callback: 054C2F36
- context: 00000000
- post interval in seconds: 600
- max records in a post: 100
- max db records: 500
- disable sender: true
[2025-03-06 02:45:52,815] [62   ] [INFO ] [] - Shutting down the metrics collector
[2025-03-06 02:55:52,810] [64   ] [INFO ] [] - Initializing the metrics collector
[2025-03-06 02:55:52,821] [64   ] [INFO ] [] - MetricsCollector::Sender(49): _disableSentMetrics 1
[2025-03-06 02:55:52,822] [64   ] [INFO ] [] - MetricsCollector::Initialize(231): Initialized metrics collector
- session id: b3306519-161c-47ac-b2ea-c18c02660e92
- device id: 4ca35884-a93a-48fc-ad16-80b2a90aa32e
- application id: Box Tools Win exe
- application name: BoxTools
- application version: 4.28.0.1161
- metric collection url: https://client-log.box.com/index.php?rm=box_gen204_json_record
- metric data path: C:\Users\pcedillo\AppData\Local\Box\Box Tools\Metrics\BoxTools_Metrics.db
- post callback: 054C2F0E
- log callback: 054C2F36
- context: 00000000
- post interval in seconds: 600
- max records in a post: 100
- max db records: 500
- disable sender: true
[2025-03-06 02:55:52,834] [64   ] [INFO ] [] - Shutting down the metrics collector
[2025-03-06 03:05:52,835] [64   ] [INFO ] [] - Initializing the metrics collector
[2025-03-06 03:05:52,844] [64   ] [INFO ] [] - MetricsCollector::Sender(49): _disableSentMetrics 1
[2025-03-06 03:05:52,844] [64   ] [INFO ] [] - MetricsCollector::Initialize(231): Initialized metrics collector
- session id: b3306519-161c-47ac-b2ea-c18c02660e92
- device id: 4ca35884-a93a-48fc-ad16-80b2a90aa32e
- application id: Box Tools Win exe
- application name: BoxTools
- application version: 4.28.0.1161
- metric collection url: https://client-log.box.com/index.php?rm=box_gen204_json_record
- metric data path: C:\Users\pcedillo\AppData\Local\Box\Box Tools\Metrics\BoxTools_Metrics.db
- post callback: 054C2F0E
- log callback: 054C2F36
- context: 00000000
- post interval in seconds: 600
- max records in a post: 100
- max db records: 500
- disable sender: true
[2025-03-06 03:05:52,856] [64   ] [INFO ] [] - Shutting down the metrics collector
[2025-03-06 03:15:52,850] [64   ] [INFO ] [] - Initializing the metrics collector
[2025-03-06 03:15:52,862] [64   ] [INFO ] [] - MetricsCollector::Sender(49): _disableSentMetrics 1
[2025-03-06 03:15:52,863] [64   ] [INFO ] [] - MetricsCollector::Initialize(231): Initialized metrics collector
- session id: b3306519-161c-47ac-b2ea-c18c02660e92
- device id: 4ca35884-a93a-48fc-ad16-80b2a90aa32e
- application id: Box Tools Win exe
- application name: BoxTools
- application version: 4.28.0.1161
- metric collection url: https://client-log.box.com/index.php?rm=box_gen204_json_record
- metric data path: C:\Users\pcedillo\AppData\Local\Box\Box Tools\Metrics\BoxTools_Metrics.db
- post callback: 054C2F0E
- log callback: 054C2F36
- context: 00000000
- post interval in seconds: 600
- max records in a post: 100
- max db records: 500
- disable sender: true
[2025-03-06 03:15:52,872] [64   ] [INFO ] [] - Shutting down the metrics collector
[2025-03-06 03:25:52,885] [64   ] [INFO ] [] - Initializing the metrics collector
[2025-03-06 03:25:52,895] [64   ] [INFO ] [] - MetricsCollector::Sender(49): _disableSentMetrics 1
[2025-03-06 03:25:52,896] [64   ] [INFO ] [] - MetricsCollector::Initialize(231): Initialized metrics collector
- session id: b3306519-161c-47ac-b2ea-c18c02660e92
- device id: 4ca35884-a93a-48fc-ad16-80b2a90aa32e
- application id: Box Tools Win exe
- application name: BoxTools
- application version: 4.28.0.1161
- metric collection url: https://client-log.box.com/index.php?rm=box_gen204_json_record
- metric data path: C:\Users\pcedillo\AppData\Local\Box\Box Tools\Metrics\BoxTools_Metrics.db
- post callback: 054C2F0E
- log callback: 054C2F36
- context: 00000000
- post interval in seconds: 600
- max records in a post: 100
- max db records: 500
- disable sender: true
[2025-03-06 03:25:52,908] [64   ] [INFO ] [] - Shutting down the metrics collector
[2025-03-06 03:35:52,757] [64   ] [INFO ] [] - Initializing the metrics collector
[2025-03-06 03:35:52,770] [64   ] [INFO ] [] - MetricsCollector::Sender(49): _disableSentMetrics 1
[2025-03-06 03:35:52,771] [64   ] [INFO ] [] - MetricsCollector::Initialize(231): Initialized metrics collector
- session id: b3306519-161c-47ac-b2ea-c18c02660e92
- device id: 4ca35884-a93a-48fc-ad16-80b2a90aa32e
- application id: Box Tools Win exe
- application name: BoxTools
- application version: 4.28.0.1161
- metric collection url: https://client-log.box.com/index.php?rm=box_gen204_json_record
- metric data path: C:\Users\pcedillo\AppData\Local\Box\Box Tools\Metrics\BoxTools_Metrics.db
- post callback: 054C2F0E
- log callback: 054C2F36
- context: 00000000
- post interval in seconds: 600
- max records in a post: 100
- max db records: 500
- disable sender: true
[2025-03-06 03:35:52,782] [64   ] [INFO ] [] - Shutting down the metrics collector
[2025-03-06 03:45:52,825] [64   ] [INFO ] [] - Initializing the metrics collector
[2025-03-06 03:45:52,836] [64   ] [INFO ] [] - MetricsCollector::Sender(49): _disableSentMetrics 1
[2025-03-06 03:45:52,837] [64   ] [INFO ] [] - MetricsCollector::Initialize(231): Initialized metrics collector
- session id: b3306519-161c-47ac-b2ea-c18c02660e92
- device id: 4ca35884-a93a-48fc-ad16-80b2a90aa32e
- application id: Box Tools Win exe
- application name: BoxTools
- application version: 4.28.0.1161
- metric collection url: https://client-log.box.com/index.php?rm=box_gen204_json_record
- metric data path: C:\Users\pcedillo\AppData\Local\Box\Box Tools\Metrics\BoxTools_Metrics.db
- post callback: 054C2F0E
- log callback: 054C2F36
- context: 00000000
- post interval in seconds: 600
- max records in a post: 100
- max db records: 500
- disable sender: true
[2025-03-06 03:45:52,851] [64   ] [INFO ] [] - Shutting down the metrics collector
[2025-03-06 03:55:52,897] [64   ] [INFO ] [] - Initializing the metrics collector
[2025-03-06 03:55:52,906] [64   ] [INFO ] [] - MetricsCollector::Sender(49): _disableSentMetrics 1
[2025-03-06 03:55:52,906] [64   ] [INFO ] [] - MetricsCollector::Initialize(231): Initialized metrics collector
- session id: b3306519-161c-47ac-b2ea-c18c02660e92
- device id: 4ca35884-a93a-48fc-ad16-80b2a90aa32e
- application id: Box Tools Win exe
- application name: BoxTools
- application version: 4.28.0.1161
- metric collection url: https://client-log.box.com/index.php?rm=box_gen204_json_record
- metric data path: C:\Users\pcedillo\AppData\Local\Box\Box Tools\Metrics\BoxTools_Metrics.db
- post callback: 054C2F0E
- log callback: 054C2F36
- context: 00000000
- post interval in seconds: 600
- max records in a post: 100
- max db records: 500
- disable sender: true
[2025-03-06 03:55:52,917] [64   ] [INFO ] [] - Shutting down the metrics collector
[2025-03-06 04:05:55,699] [53   ] [INFO ] [] - Initializing the metrics collector
[2025-03-06 04:05:55,712] [53   ] [INFO ] [] - MetricsCollector::Sender(49): _disableSentMetrics 1
[2025-03-06 04:05:55,713] [53   ] [INFO ] [] - MetricsCollector::Initialize(231): Initialized metrics collector
- session id: b3306519-161c-47ac-b2ea-c18c02660e92
- device id: 4ca35884-a93a-48fc-ad16-80b2a90aa32e
- application id: Box Tools Win exe
- application name: BoxTools
- application version: 4.28.0.1161
- metric collection url: https://client-log.box.com/index.php?rm=box_gen204_json_record
- metric data path: C:\Users\pcedillo\AppData\Local\Box\Box Tools\Metrics\BoxTools_Metrics.db
- post callback: 054C2F0E
- log callback: 054C2F36
- context: 00000000
- post interval in seconds: 600
- max records in a post: 100
- max db records: 500
- disable sender: true
[2025-03-06 04:05:55,722] [53   ] [INFO ] [] - Shutting down the metrics collector
[2025-03-06 04:15:58,800] [53   ] [INFO ] [] - Initializing the metrics collector
[2025-03-06 04:15:58,812] [53   ] [INFO ] [] - MetricsCollector::Sender(49): _disableSentMetrics 1
[2025-03-06 04:15:58,814] [53   ] [INFO ] [] - MetricsCollector::Initialize(231): Initialized metrics collector
- session id: b3306519-161c-47ac-b2ea-c18c02660e92
- device id: 4ca35884-a93a-48fc-ad16-80b2a90aa32e
- application id: Box Tools Win exe
- application name: BoxTools
- application version: 4.28.0.1161
- metric collection url: https://client-log.box.com/index.php?rm=box_gen204_json_record
- metric data path: C:\Users\pcedillo\AppData\Local\Box\Box Tools\Metrics\BoxTools_Metrics.db
- post callback: 054C2F0E
- log callback: 054C2F36
- context: 00000000
- post interval in seconds: 600
- max records in a post: 100
- max db records: 500
- disable sender: true
[2025-03-06 04:15:58,826] [53   ] [INFO ] [] - Shutting down the metrics collector
[2025-03-06 04:25:58,542] [53   ] [INFO ] [] - Initializing the metrics collector
[2025-03-06 04:25:58,555] [53   ] [INFO ] [] - MetricsCollector::Sender(49): _disableSentMetrics 1
[2025-03-06 04:25:58,556] [53   ] [INFO ] [] - MetricsCollector::Initialize(231): Initialized metrics collector
- session id: b3306519-161c-47ac-b2ea-c18c02660e92
- device id: 4ca35884-a93a-48fc-ad16-80b2a90aa32e
- application id: Box Tools Win exe
- application name: BoxTools
- application version: 4.28.0.1161
- metric collection url: https://client-log.box.com/index.php?rm=box_gen204_json_record
- metric data path: C:\Users\pcedillo\AppData\Local\Box\Box Tools\Metrics\BoxTools_Metrics.db
- post callback: 054C2F0E
- log callback: 054C2F36
- context: 00000000
- post interval in seconds: 600
- max records in a post: 100
- max db records: 500
- disable sender: true
[2025-03-06 04:25:58,567] [53   ] [INFO ] [] - Shutting down the metrics collector
[2025-03-06 04:35:58,664] [53   ] [INFO ] [] - Initializing the metrics collector
[2025-03-06 04:35:58,677] [53   ] [INFO ] [] - MetricsCollector::Sender(49): _disableSentMetrics 1
[2025-03-06 04:35:58,677] [53   ] [INFO ] [] - MetricsCollector::Initialize(231): Initialized metrics collector
- session id: b3306519-161c-47ac-b2ea-c18c02660e92
- device id: 4ca35884-a93a-48fc-ad16-80b2a90aa32e
- application id: Box Tools Win exe
- application name: BoxTools
- application version: 4.28.0.1161
- metric collection url: https://client-log.box.com/index.php?rm=box_gen204_json_record
- metric data path: C:\Users\pcedillo\AppData\Local\Box\Box Tools\Metrics\BoxTools_Metrics.db
- post callback: 054C2F0E
- log callback: 054C2F36
- context: 00000000
- post interval in seconds: 600
- max records in a post: 100
- max db records: 500
- disable sender: true
[2025-03-06 04:35:58,688] [53   ] [INFO ] [] - Shutting down the metrics collector
[2025-03-06 04:45:58,508] [53   ] [INFO ] [] - Initializing the metrics collector
[2025-03-06 04:45:58,520] [53   ] [INFO ] [] - MetricsCollector::Sender(49): _disableSentMetrics 1
[2025-03-06 04:45:58,521] [53   ] [INFO ] [] - MetricsCollector::Initialize(231): Initialized metrics collector
- session id: b3306519-161c-47ac-b2ea-c18c02660e92
- device id: 4ca35884-a93a-48fc-ad16-80b2a90aa32e
- application id: Box Tools Win exe
- application name: BoxTools
- application version: 4.28.0.1161
- metric collection url: https://client-log.box.com/index.php?rm=box_gen204_json_record
- metric data path: C:\Users\pcedillo\AppData\Local\Box\Box Tools\Metrics\BoxTools_Metrics.db
- post callback: 054C2F0E
- log callback: 054C2F36
- context: 00000000
- post interval in seconds: 600
- max records in a post: 100
- max db records: 500
- disable sender: true
[2025-03-06 04:45:58,534] [53   ] [INFO ] [] - Shutting down the metrics collector
[2025-03-06 04:55:58,571] [53   ] [INFO ] [] - Initializing the metrics collector
[2025-03-06 04:55:58,582] [53   ] [INFO ] [] - MetricsCollector::Sender(49): _disableSentMetrics 1
[2025-03-06 04:55:58,582] [53   ] [INFO ] [] - MetricsCollector::Initialize(231): Initialized metrics collector
- session id: b3306519-161c-47ac-b2ea-c18c02660e92
- device id: 4ca35884-a93a-48fc-ad16-80b2a90aa32e
- application id: Box Tools Win exe
- application name: BoxTools
- application version: 4.28.0.1161
- metric collection url: https://client-log.box.com/index.php?rm=box_gen204_json_record
- metric data path: C:\Users\pcedillo\AppData\Local\Box\Box Tools\Metrics\BoxTools_Metrics.db
- post callback: 054C2F0E
- log callback: 054C2F36
- context: 00000000
- post interval in seconds: 600
- max records in a post: 100
- max db records: 500
- disable sender: true
[2025-03-06 04:55:58,596] [53   ] [INFO ] [] - Shutting down the metrics collector
[2025-03-06 05:05:58,507] [53   ] [INFO ] [] - Initializing the metrics collector
[2025-03-06 05:05:58,512] [53   ] [INFO ] [] - MetricsCollector::Sender(49): _disableSentMetrics 1
[2025-03-06 05:05:58,513] [53   ] [INFO ] [] - MetricsCollector::Initialize(231): Initialized metrics collector
- session id: b3306519-161c-47ac-b2ea-c18c02660e92
- device id: 4ca35884-a93a-48fc-ad16-80b2a90aa32e
- application id: Box Tools Win exe
- application name: BoxTools
- application version: 4.28.0.1161
- metric collection url: https://client-log.box.com/index.php?rm=box_gen204_json_record
- metric data path: C:\Users\pcedillo\AppData\Local\Box\Box Tools\Metrics\BoxTools_Metrics.db
- post callback: 054C2F0E
- log callback: 054C2F36
- context: 00000000
- post interval in seconds: 600
- max records in a post: 100
- max db records: 500
- disable sender: true
[2025-03-06 05:05:58,518] [53   ] [INFO ] [] - Shutting down the metrics collector
[2025-03-06 05:15:58,457] [5    ] [INFO ] [] - Initializing the metrics collector
[2025-03-06 05:15:58,470] [5    ] [INFO ] [] - MetricsCollector::Sender(49): _disableSentMetrics 1
[2025-03-06 05:15:58,471] [5    ] [INFO ] [] - MetricsCollector::Initialize(231): Initialized metrics collector
- session id: b3306519-161c-47ac-b2ea-c18c02660e92
- device id: 4ca35884-a93a-48fc-ad16-80b2a90aa32e
- application id: Box Tools Win exe
- application name: BoxTools
- application version: 4.28.0.1161
- metric collection url: https://client-log.box.com/index.php?rm=box_gen204_json_record
- metric data path: C:\Users\pcedillo\AppData\Local\Box\Box Tools\Metrics\BoxTools_Metrics.db
- post callback: 054C2F0E
- log callback: 054C2F36
- context: 00000000
- post interval in seconds: 600
- max records in a post: 100
- max db records: 500
- disable sender: true
[2025-03-06 05:15:58,483] [5    ] [INFO ] [] - Shutting down the metrics collector
[2025-03-06 05:25:58,460] [11   ] [INFO ] [] - Initializing the metrics collector
[2025-03-06 05:25:58,468] [11   ] [INFO ] [] - MetricsCollector::Sender(49): _disableSentMetrics 1
[2025-03-06 05:25:58,468] [11   ] [INFO ] [] - MetricsCollector::Initialize(231): Initialized metrics collector
- session id: b3306519-161c-47ac-b2ea-c18c02660e92
- device id: 4ca35884-a93a-48fc-ad16-80b2a90aa32e
- application id: Box Tools Win exe
- application name: BoxTools
- application version: 4.28.0.1161
- metric collection url: https://client-log.box.com/index.php?rm=box_gen204_json_record
- metric data path: C:\Users\pcedillo\AppData\Local\Box\Box Tools\Metrics\BoxTools_Metrics.db
- post callback: 054C2F0E
- log callback: 054C2F36
- context: 00000000
- post interval in seconds: 600
- max records in a post: 100
- max db records: 500
- disable sender: true
[2025-03-06 05:25:58,474] [11   ] [INFO ] [] - Shutting down the metrics collector
[2025-03-06 05:35:58,364] [12   ] [INFO ] [] - Initializing the metrics collector
[2025-03-06 05:35:58,371] [12   ] [INFO ] [] - MetricsCollector::Sender(49): _disableSentMetrics 1
[2025-03-06 05:35:58,372] [12   ] [INFO ] [] - MetricsCollector::Initialize(231): Initialized metrics collector
- session id: b3306519-161c-47ac-b2ea-c18c02660e92
- device id: 4ca35884-a93a-48fc-ad16-80b2a90aa32e
- application id: Box Tools Win exe
- application name: BoxTools
- application version: 4.28.0.1161
- metric collection url: https://client-log.box.com/index.php?rm=box_gen204_json_record
- metric data path: C:\Users\pcedillo\AppData\Local\Box\Box Tools\Metrics\BoxTools_Metrics.db
- post callback: 054C2F0E
- log callback: 054C2F36
- context: 00000000
- post interval in seconds: 600
- max records in a post: 100
- max db records: 500
- disable sender: true
[2025-03-06 05:35:58,377] [12   ] [INFO ] [] - Shutting down the metrics collector
[2025-03-06 05:45:58,413] [41   ] [INFO ] [] - Initializing the metrics collector
[2025-03-06 05:45:58,420] [41   ] [INFO ] [] - MetricsCollector::Sender(49): _disableSentMetrics 1
[2025-03-06 05:45:58,420] [41   ] [INFO ] [] - MetricsCollector::Initialize(231): Initialized metrics collector
- session id: b3306519-161c-47ac-b2ea-c18c02660e92
- device id: 4ca35884-a93a-48fc-ad16-80b2a90aa32e
- application id: Box Tools Win exe
- application name: BoxTools
- application version: 4.28.0.1161
- metric collection url: https://client-log.box.com/index.php?rm=box_gen204_json_record
- metric data path: C:\Users\pcedillo\AppData\Local\Box\Box Tools\Metrics\BoxTools_Metrics.db
- post callback: 054C2F0E
- log callback: 054C2F36
- context: 00000000
- post interval in seconds: 600
- max records in a post: 100
- max db records: 500
- disable sender: true
[2025-03-06 05:45:58,428] [41   ] [INFO ] [] - Shutting down the metrics collector
[2025-03-06 05:55:58,514] [7    ] [INFO ] [] - Initializing the metrics collector
[2025-03-06 05:55:58,527] [7    ] [INFO ] [] - MetricsCollector::Sender(49): _disableSentMetrics 1
[2025-03-06 05:55:58,529] [7    ] [INFO ] [] - MetricsCollector::Initialize(231): Initialized metrics collector
- session id: b3306519-161c-47ac-b2ea-c18c02660e92
- device id: 4ca35884-a93a-48fc-ad16-80b2a90aa32e
- application id: Box Tools Win exe
- application name: BoxTools
- application version: 4.28.0.1161
- metric collection url: https://client-log.box.com/index.php?rm=box_gen204_json_record
- metric data path: C:\Users\pcedillo\AppData\Local\Box\Box Tools\Metrics\BoxTools_Metrics.db
- post callback: 054C2F0E
- log callback: 054C2F36
- context: 00000000
- post interval in seconds: 600
- max records in a post: 100
- max db records: 500
- disable sender: true
[2025-03-06 05:55:58,541] [7    ] [INFO ] [] - Shutting down the metrics collector
[2025-03-06 06:05:58,431] [58   ] [INFO ] [] - Initializing the metrics collector
[2025-03-06 06:05:58,444] [58   ] [INFO ] [] - MetricsCollector::Sender(49): _disableSentMetrics 1
[2025-03-06 06:05:58,446] [58   ] [INFO ] [] - MetricsCollector::Initialize(231): Initialized metrics collector
- session id: b3306519-161c-47ac-b2ea-c18c02660e92
- device id: 4ca35884-a93a-48fc-ad16-80b2a90aa32e
- application id: Box Tools Win exe
- application name: BoxTools
- application version: 4.28.0.1161
- metric collection url: https://client-log.box.com/index.php?rm=box_gen204_json_record
- metric data path: C:\Users\pcedillo\AppData\Local\Box\Box Tools\Metrics\BoxTools_Metrics.db
- post callback: 054C2F0E
- log callback: 054C2F36
- context: 00000000
- post interval in seconds: 600
- max records in a post: 100
- max db records: 500
- disable sender: true
[2025-03-06 06:05:58,459] [58   ] [INFO ] [] - Shutting down the metrics collector
