[2025-02-12 10:23:33,560] [13   ] [INFO ] [] - Scheduling next upgrade check: Delay
[2025-02-12 10:23:33,566] [13   ] [INFO ] [] - Next autoupgrade timer will fire after: 1.00:00:00
[2025-02-12 10:23:33,567] [13   ] [INFO ] [] - Checking for upgrade
[2025-02-12 10:23:33,568] [13   ] [INFO ] [] - .NET Version - installed 533320, expected: 528040
[2025-02-12 10:23:33,568] [13   ] [INFO ] [] - result: True
[2025-02-12 10:23:33,572] [13   ] [INFO ] [] - Checking for upgrades
[2025-02-12 10:23:33,572] [13   ] [INFO ] [] - Url used to upgrade: https://cdn07.boxcdn.net/BoxEditAutoupdate2.json
[2025-02-12 10:23:34,067] [13   ] [INFO ] [] - ### current version track name: 4.28.0
[2025-02-12 10:23:34,068] [13   ] [INFO ] [] - No custom track name in registry
[2025-02-12 10:23:34,068] [13   ] [WARN ] [] - Track 4.28.0 not found
[2025-02-12 10:23:34,068] [13   ] [INFO ] [] - Track default for upgrade found
[2025-02-12 10:23:34,070] [13   ] [INFO ] [] - RolloutID set to 23
[2025-02-12 10:23:34,070] [13   ] [INFO ] [] - No upgrade available
[2025-02-12 10:23:34,071] [13   ] [INFO ] [] - Check for updates returned None
[2025-02-12 10:23:34,071] [13   ] [INFO ] [] - Scheduling next upgrade check: Reset
[2025-02-12 10:23:34,072] [13   ] [INFO ] [] - Next autoupgrade timer will fire after: 05:11:00
[2025-02-12 15:52:14,247] [22   ] [INFO ] [] - Scheduling next upgrade check: Delay
[2025-02-12 15:52:14,248] [22   ] [INFO ] [] - Next autoupgrade timer will fire after: 1.00:00:00
[2025-02-12 15:52:14,248] [22   ] [INFO ] [] - Checking for upgrade
[2025-02-12 15:52:14,253] [22   ] [INFO ] [] - .NET Version - installed 533320, expected: 528040
[2025-02-12 15:52:14,253] [22   ] [INFO ] [] - result: True
[2025-02-12 15:52:14,258] [22   ] [INFO ] [] - Checking for upgrades
[2025-02-12 15:52:14,259] [22   ] [INFO ] [] - Url used to upgrade: https://cdn07.boxcdn.net/BoxEditAutoupdate2.json
[2025-02-12 15:52:14,538] [22   ] [INFO ] [] - ### current version track name: 4.28.0
[2025-02-12 15:52:14,539] [22   ] [INFO ] [] - No custom track name in registry
[2025-02-12 15:52:14,539] [22   ] [WARN ] [] - Track 4.28.0 not found
[2025-02-12 15:52:14,540] [22   ] [INFO ] [] - Track default for upgrade found
[2025-02-12 15:52:14,541] [22   ] [INFO ] [] - RolloutID set to 23
[2025-02-12 15:52:14,541] [22   ] [INFO ] [] - No upgrade available
[2025-02-12 15:52:14,541] [22   ] [INFO ] [] - Check for updates returned None
[2025-02-12 15:52:14,541] [22   ] [INFO ] [] - Scheduling next upgrade check: Reset
[2025-02-12 15:52:14,541] [22   ] [INFO ] [] - Next autoupgrade timer will fire after: 05:41:00
