[2025-03-20 13:44:17,364] [12   ] [INFO ] [] - Scheduling next upgrade check: Delay
[2025-03-20 13:44:17,374] [12   ] [INFO ] [] - Next autoupgrade timer will fire after: 1.00:00:00
[2025-03-20 13:44:17,374] [12   ] [INFO ] [] - Checking for upgrade
[2025-03-20 13:44:17,377] [12   ] [INFO ] [] - .NET Version - installed 533320, expected: 528040
[2025-03-20 13:44:17,378] [12   ] [INFO ] [] - result: True
[2025-03-20 13:44:17,385] [12   ] [INFO ] [] - Checking for upgrades
[2025-03-20 13:44:17,385] [12   ] [INFO ] [] - Url used to upgrade: https://cdn07.boxcdn.net/BoxEditAutoupdate2.json
[2025-03-20 13:44:17,966] [12   ] [INFO ] [] - ### current version track name: 4.28.1
[2025-03-20 13:44:17,967] [12   ] [INFO ] [] - No custom track name in registry
[2025-03-20 13:44:17,968] [12   ] [WARN ] [] - Track 4.28.1 not found
[2025-03-20 13:44:17,968] [12   ] [INFO ] [] - Track default for upgrade found
[2025-03-20 13:44:17,969] [12   ] [INFO ] [] - RolloutID set to 61
[2025-03-20 13:44:17,971] [12   ] [INFO ] [] - No upgrade available
[2025-03-20 13:44:17,972] [12   ] [INFO ] [] - Check for updates returned None
[2025-03-20 13:44:17,973] [12   ] [INFO ] [] - Scheduling next upgrade check: Reset
[2025-03-20 13:44:17,974] [12   ] [INFO ] [] - Next autoupgrade timer will fire after: 05:34:00
[2025-03-20 19:49:47,160] [11   ] [INFO ] [] - Scheduling next upgrade check: Delay
[2025-03-20 19:49:47,163] [11   ] [INFO ] [] - Next autoupgrade timer will fire after: 1.00:00:00
[2025-03-20 19:49:47,163] [11   ] [INFO ] [] - Checking for upgrade
[2025-03-20 19:49:47,167] [11   ] [INFO ] [] - .NET Version - installed 533320, expected: 528040
[2025-03-20 19:49:47,168] [11   ] [INFO ] [] - result: True
[2025-03-20 19:49:47,176] [11   ] [INFO ] [] - Checking for upgrades
[2025-03-20 19:49:47,176] [11   ] [INFO ] [] - Url used to upgrade: https://cdn07.boxcdn.net/BoxEditAutoupdate2.json
[2025-03-20 19:50:29,675] [11   ] [INFO ] [] - ### current version track name: 4.28.1
[2025-03-20 19:50:29,677] [11   ] [INFO ] [] - No custom track name in registry
[2025-03-20 19:50:29,678] [11   ] [WARN ] [] - Track 4.28.1 not found
[2025-03-20 19:50:29,679] [11   ] [INFO ] [] - Track default for upgrade found
[2025-03-20 19:50:29,680] [11   ] [INFO ] [] - RolloutID set to 61
[2025-03-20 19:50:29,681] [11   ] [INFO ] [] - No upgrade available
[2025-03-20 19:50:29,682] [11   ] [INFO ] [] - Check for updates returned None
[2025-03-20 19:50:29,683] [11   ] [INFO ] [] - Scheduling next upgrade check: Reset
[2025-03-20 19:50:29,683] [11   ] [INFO ] [] - Next autoupgrade timer will fire after: 05:54:00
