[2025-05-07 07:34:11,715] [10   ] [INFO ] [] - Pipe connected
[2025-05-07 07:34:13,023] [10   ] [INFO ] [] - Closed Pipe
[2025-05-07 07:34:13,028] [10   ] [INFO ] [] - Pipe connected
[2025-05-07 07:34:13,093] [10   ] [INFO ] [] - Closed Pipe
[2025-05-07 07:44:44,090] [10   ] [INFO ] [] - Pipe connected
[2025-05-07 07:44:44,360] [10   ] [INFO ] [] - Closed Pipe
[2025-05-07 07:44:49,113] [10   ] [INFO ] [] - Pipe connected
[2025-05-07 07:44:49,189] [10   ] [INFO ] [] - Closed Pipe
[2025-05-07 09:38:43,085] [40   ] [INFO ] [] - Scheduling next upgrade check: Delay
[2025-05-07 09:38:43,085] [40   ] [INFO ] [] - Next autoupgrade timer will fire after: 1.00:00:00
[2025-05-07 09:38:43,085] [40   ] [INFO ] [] - Checking for upgrade
[2025-05-07 09:38:43,091] [40   ] [INFO ] [] - .NET Version - installed 533320, expected: 528040
[2025-05-07 09:38:43,091] [40   ] [INFO ] [] - result: True
[2025-05-07 09:38:43,091] [40   ] [INFO ] [] - Checking for upgrades
[2025-05-07 09:38:43,091] [40   ] [INFO ] [] - Url used to upgrade: https://cdn07.boxcdn.net/BoxEditAutoupdate2.json
[2025-05-07 09:38:43,363] [40   ] [INFO ] [] - ### current version track name: 4.28.1
[2025-05-07 09:38:43,363] [40   ] [INFO ] [] - No custom track name in registry
[2025-05-07 09:38:43,363] [40   ] [WARN ] [] - Track 4.28.1 not found
[2025-05-07 09:38:43,365] [40   ] [INFO ] [] - Track default for upgrade found
[2025-05-07 09:38:43,365] [40   ] [INFO ] [] - RolloutID set to 61
[2025-05-07 09:38:43,367] [40   ] [INFO ] [] - Not upgrading because RolloutID is not in range
[2025-05-07 09:38:43,367] [40   ] [INFO ] [] - Check for updates returned None
[2025-05-07 09:38:43,367] [40   ] [INFO ] [] - Scheduling next upgrade check: Reset
[2025-05-07 09:38:43,369] [40   ] [INFO ] [] - Next autoupgrade timer will fire after: 05:14:00
