[2024-10-09 14:51:38,786] [1    ] [INFO ] [] - ========== Box Edit v4.26.1.1109 ==========
[2024-10-09 14:51:38,849] [1    ] [INFO ] [] - Command Line: "C:\Users\pcedillo\AppData\Local\Box\Box Edit\Box Edit.exe" 
[2024-10-09 14:51:41,683] [1    ] [INFO ] [] - Getting DebugLogging value from CurrentUser
[2024-10-09 14:51:41,683] [1    ] [INFO ] [] - Working with debug logging OFF
[2024-10-09 14:51:41,905] [1    ] [INFO ] [] - Days to keep files in cache set to 7
[2024-10-09 14:51:42,978] [1    ] [INFO ] [] - LocalMachine RegistryKey not set
[2024-10-09 14:51:43,073] [1    ] [INFO ] [] - DeviceId::CheckDeviceId(488): Starting DeviceId generator.
[2024-10-09 14:51:43,073] [1    ] [INFO ] [] - DeviceId::CheckDeviceId(515): Global mutex obtained. Start checking.
[2024-10-09 14:51:44,317] [1    ] [INFO ] [] - DeviceId::RestoreAndValidateGlobalProperites(331): Restored global DeviceId
[2024-10-09 14:51:44,317] [1    ] [INFO ] [] - DeviceId::RestoreAndValidateGlobalProperites(341): Restored global DeviceData
[2024-10-09 14:51:44,317] [1    ] [INFO ] [] - DeviceId::PerformChecking(452): Checking DeviceData.
[2024-10-09 14:51:44,468] [1    ] [INFO ] [] - DeviceId::PerformChecking(453): DeviceData read from registry: {"ComputerSystemProductUUID":"700230CC-1E9B-11B2-A85C-9D1389205BDA","Version":1}
[2024-10-09 14:51:44,468] [1    ] [INFO ] [] - DeviceId::PerformChecking(454): Generated DeviceData: {"ComputerSystemProductUUID":"700230CC-1E9B-11B2-A85C-9D1389205BDA","Version":1}
[2024-10-09 14:51:44,468] [1    ] [INFO ] [] - DeviceId::ClearLocalProperites(431): Clearing local properties
[2024-10-09 14:51:44,651] [8    ] [INFO ] [] - .NET Version - installed 533320, expected: 528040
[2024-10-09 14:51:44,651] [8    ] [INFO ] [] - result: True
[2024-10-09 14:51:44,651] [8    ] [INFO ] [] - Checking for upgrades
[2024-10-09 14:51:44,708] [8    ] [INFO ] [] - ### File path for UpgradeState: C:\Users\pcedillo\AppData\Local\Box\upgrade_state.json
[2024-10-09 14:51:45,990] [8    ] [INFO ] [] - Url used to upgrade: https://cdn07.boxcdn.net/BoxEditAutoupdate2.json
[2024-10-09 14:51:46,069] [1    ] [INFO ] [] - Running pipe server using box_edit_pipe1 as pipe name
[2024-10-09 14:51:46,107] [1    ] [INFO ] [] - .NET Version: unknown (533320) - 4.0.30319.42000
[2024-10-09 14:51:47,671] [8    ] [INFO ] [] - ### current version track name: 4.26.1
[2024-10-09 14:51:47,675] [8    ] [WARN ] [] - Track 4.26.1 not found
[2024-10-09 14:51:47,675] [8    ] [INFO ] [] - Track default for upgrade found
[2024-10-09 14:51:47,679] [8    ] [INFO ] [] - RolloutID set to 47
[2024-10-09 14:51:47,680] [8    ] [INFO ] [] - No upgrade available
