[2024-09-26 07:57:27,734] [72   ] [INFO ] [] - Initializing the metrics collector
[2024-09-26 07:57:27,755] [72   ] [INFO ] [] - MetricsCollector::Sender(49): _disableSentMetrics 1
[2024-09-26 07:57:27,755] [72   ] [INFO ] [] - MetricsCollector::Initialize(231): Initialized metrics collector
- session id: 26c2f0af-4efb-4cf1-ad3b-3f975fdba9c4
- device id: 4ca35884-a93a-48fc-ad16-80b2a90aa32e
- application id: Box Tools Win exe
- application name: BoxTools
- application version: 4.26.1.1109
- metric collection url: https://client-log.box.com/index.php?rm=box_gen204_json_record
- metric data path: C:\Users\pcedillo\AppData\Local\Box\Box Tools\Metrics\BoxTools_Metrics.db
- post callback: 057C5CF6
- log callback: 057C5D1E
- context: 00000000
- post interval in seconds: 600
- max records in a post: 100
- max db records: 500
- disable sender: true
[2024-09-26 07:57:27,760] [72   ] [INFO ] [] - Shutting down the metrics collector
[2024-09-26 08:07:26,811] [71   ] [INFO ] [] - Initializing the metrics collector
[2024-09-26 08:07:26,811] [71   ] [INFO ] [] - MetricsCollector::Sender(49): _disableSentMetrics 1
[2024-09-26 08:07:26,811] [71   ] [INFO ] [] - MetricsCollector::Initialize(231): Initialized metrics collector
- session id: 26c2f0af-4efb-4cf1-ad3b-3f975fdba9c4
- device id: 4ca35884-a93a-48fc-ad16-80b2a90aa32e
- application id: Box Tools Win exe
- application name: BoxTools
- application version: 4.26.1.1109
- metric collection url: https://client-log.box.com/index.php?rm=box_gen204_json_record
- metric data path: C:\Users\pcedillo\AppData\Local\Box\Box Tools\Metrics\BoxTools_Metrics.db
- post callback: 057C5CF6
- log callback: 057C5D1E
- context: 00000000
- post interval in seconds: 600
- max records in a post: 100
- max db records: 500
- disable sender: true
[2024-09-26 08:07:26,826] [71   ] [INFO ] [] - Shutting down the metrics collector
[2024-09-26 08:17:26,775] [70   ] [INFO ] [] - Initializing the metrics collector
[2024-09-26 08:17:26,775] [70   ] [INFO ] [] - MetricsCollector::Sender(49): _disableSentMetrics 1
[2024-09-26 08:17:26,775] [70   ] [INFO ] [] - MetricsCollector::Initialize(231): Initialized metrics collector
- session id: 26c2f0af-4efb-4cf1-ad3b-3f975fdba9c4
- device id: 4ca35884-a93a-48fc-ad16-80b2a90aa32e
- application id: Box Tools Win exe
- application name: BoxTools
- application version: 4.26.1.1109
- metric collection url: https://client-log.box.com/index.php?rm=box_gen204_json_record
- metric data path: C:\Users\pcedillo\AppData\Local\Box\Box Tools\Metrics\BoxTools_Metrics.db
- post callback: 057C5CF6
- log callback: 057C5D1E
- context: 00000000
- post interval in seconds: 600
- max records in a post: 100
- max db records: 500
- disable sender: true
[2024-09-26 08:17:26,791] [70   ] [INFO ] [] - Shutting down the metrics collector
[2024-09-26 08:27:26,779] [69   ] [INFO ] [] - Initializing the metrics collector
[2024-09-26 08:27:26,779] [69   ] [INFO ] [] - MetricsCollector::Sender(49): _disableSentMetrics 1
[2024-09-26 08:27:26,779] [69   ] [INFO ] [] - MetricsCollector::Initialize(231): Initialized metrics collector
- session id: 26c2f0af-4efb-4cf1-ad3b-3f975fdba9c4
- device id: 4ca35884-a93a-48fc-ad16-80b2a90aa32e
- application id: Box Tools Win exe
- application name: BoxTools
- application version: 4.26.1.1109
- metric collection url: https://client-log.box.com/index.php?rm=box_gen204_json_record
- metric data path: C:\Users\pcedillo\AppData\Local\Box\Box Tools\Metrics\BoxTools_Metrics.db
- post callback: 057C5CF6
- log callback: 057C5D1E
- context: 00000000
- post interval in seconds: 600
- max records in a post: 100
- max db records: 500
- disable sender: true
[2024-09-26 08:27:26,794] [69   ] [INFO ] [] - Shutting down the metrics collector
[2024-09-26 08:37:26,746] [68   ] [INFO ] [] - Initializing the metrics collector
[2024-09-26 08:37:26,746] [68   ] [INFO ] [] - MetricsCollector::Sender(49): _disableSentMetrics 1
[2024-09-26 08:37:26,746] [68   ] [INFO ] [] - MetricsCollector::Initialize(231): Initialized metrics collector
- session id: 26c2f0af-4efb-4cf1-ad3b-3f975fdba9c4
- device id: 4ca35884-a93a-48fc-ad16-80b2a90aa32e
- application id: Box Tools Win exe
- application name: BoxTools
- application version: 4.26.1.1109
- metric collection url: https://client-log.box.com/index.php?rm=box_gen204_json_record
- metric data path: C:\Users\pcedillo\AppData\Local\Box\Box Tools\Metrics\BoxTools_Metrics.db
- post callback: 057C5CF6
- log callback: 057C5D1E
- context: 00000000
- post interval in seconds: 600
- max records in a post: 100
- max db records: 500
- disable sender: true
[2024-09-26 08:37:26,763] [68   ] [INFO ] [] - Shutting down the metrics collector
[2024-09-26 08:47:26,751] [67   ] [INFO ] [] - Initializing the metrics collector
[2024-09-26 08:47:26,751] [67   ] [INFO ] [] - MetricsCollector::Sender(49): _disableSentMetrics 1
[2024-09-26 08:47:26,751] [67   ] [INFO ] [] - MetricsCollector::Initialize(231): Initialized metrics collector
- session id: 26c2f0af-4efb-4cf1-ad3b-3f975fdba9c4
- device id: 4ca35884-a93a-48fc-ad16-80b2a90aa32e
- application id: Box Tools Win exe
- application name: BoxTools
- application version: 4.26.1.1109
- metric collection url: https://client-log.box.com/index.php?rm=box_gen204_json_record
- metric data path: C:\Users\pcedillo\AppData\Local\Box\Box Tools\Metrics\BoxTools_Metrics.db
- post callback: 057C5CF6
- log callback: 057C5D1E
- context: 00000000
- post interval in seconds: 600
- max records in a post: 100
- max db records: 500
- disable sender: true
[2024-09-26 08:47:26,767] [67   ] [INFO ] [] - Shutting down the metrics collector
[2024-09-26 08:57:26,725] [66   ] [INFO ] [] - Initializing the metrics collector
[2024-09-26 08:57:26,725] [66   ] [INFO ] [] - MetricsCollector::Sender(49): _disableSentMetrics 1
[2024-09-26 08:57:26,725] [66   ] [INFO ] [] - MetricsCollector::Initialize(231): Initialized metrics collector
- session id: 26c2f0af-4efb-4cf1-ad3b-3f975fdba9c4
- device id: 4ca35884-a93a-48fc-ad16-80b2a90aa32e
- application id: Box Tools Win exe
- application name: BoxTools
- application version: 4.26.1.1109
- metric collection url: https://client-log.box.com/index.php?rm=box_gen204_json_record
- metric data path: C:\Users\pcedillo\AppData\Local\Box\Box Tools\Metrics\BoxTools_Metrics.db
- post callback: 057C5CF6
- log callback: 057C5D1E
- context: 00000000
- post interval in seconds: 600
- max records in a post: 100
- max db records: 500
- disable sender: true
[2024-09-26 08:57:26,741] [66   ] [INFO ] [] - Shutting down the metrics collector
