[2025-02-18 08:57:56,966] [15   ] [INFO ] [] - Initializing the metrics collector
[2025-02-18 08:57:56,982] [15   ] [INFO ] [] - MetricsCollector::Sender(49): _disableSentMetrics 1
[2025-02-18 08:57:56,983] [15   ] [INFO ] [] - MetricsCollector::Initialize(231): Initialized metrics collector
- session id: 6b5931f1-ea3d-48ca-b31e-cbdb266bcb86
- device id: 4ca35884-a93a-48fc-ad16-80b2a90aa32e
- application id: Box Tools Win exe
- application name: BoxTools
- application version: 4.28.0.1161
- metric collection url: https://client-log.box.com/index.php?rm=box_gen204_json_record
- metric data path: C:\Users\pcedillo\AppData\Local\Box\Box Tools\Metrics\BoxTools_Metrics.db
- post callback: 05995D6E
- log callback: 05995A26
- context: 00000000
- post interval in seconds: 600
- max records in a post: 100
- max db records: 500
- disable sender: true
[2025-02-18 08:57:56,992] [15   ] [INFO ] [] - Shutting down the metrics collector
[2025-02-18 09:07:58,373] [14   ] [INFO ] [] - Initializing the metrics collector
[2025-02-18 09:07:58,382] [14   ] [INFO ] [] - MetricsCollector::Sender(49): _disableSentMetrics 1
[2025-02-18 09:07:58,383] [14   ] [INFO ] [] - MetricsCollector::Initialize(231): Initialized metrics collector
- session id: 6b5931f1-ea3d-48ca-b31e-cbdb266bcb86
- device id: 4ca35884-a93a-48fc-ad16-80b2a90aa32e
- application id: Box Tools Win exe
- application name: BoxTools
- application version: 4.28.0.1161
- metric collection url: https://client-log.box.com/index.php?rm=box_gen204_json_record
- metric data path: C:\Users\pcedillo\AppData\Local\Box\Box Tools\Metrics\BoxTools_Metrics.db
- post callback: 05995D6E
- log callback: 05995A26
- context: 00000000
- post interval in seconds: 600
- max records in a post: 100
- max db records: 500
- disable sender: true
[2025-02-18 09:07:58,390] [14   ] [INFO ] [] - Shutting down the metrics collector
[2025-02-18 09:17:58,294] [3    ] [INFO ] [] - Initializing the metrics collector
[2025-02-18 09:17:58,302] [3    ] [INFO ] [] - MetricsCollector::Sender(49): _disableSentMetrics 1
[2025-02-18 09:17:58,304] [3    ] [INFO ] [] - MetricsCollector::Initialize(231): Initialized metrics collector
- session id: 6b5931f1-ea3d-48ca-b31e-cbdb266bcb86
- device id: 4ca35884-a93a-48fc-ad16-80b2a90aa32e
- application id: Box Tools Win exe
- application name: BoxTools
- application version: 4.28.0.1161
- metric collection url: https://client-log.box.com/index.php?rm=box_gen204_json_record
- metric data path: C:\Users\pcedillo\AppData\Local\Box\Box Tools\Metrics\BoxTools_Metrics.db
- post callback: 05995D6E
- log callback: 05995A26
- context: 00000000
- post interval in seconds: 600
- max records in a post: 100
- max db records: 500
- disable sender: true
[2025-02-18 09:17:58,311] [3    ] [INFO ] [] - Shutting down the metrics collector
[2025-02-18 09:27:58,273] [7    ] [INFO ] [] - Initializing the metrics collector
[2025-02-18 09:27:58,294] [7    ] [INFO ] [] - MetricsCollector::Sender(49): _disableSentMetrics 1
[2025-02-18 09:27:58,295] [7    ] [INFO ] [] - MetricsCollector::Initialize(231): Initialized metrics collector
- session id: 6b5931f1-ea3d-48ca-b31e-cbdb266bcb86
- device id: 4ca35884-a93a-48fc-ad16-80b2a90aa32e
- application id: Box Tools Win exe
- application name: BoxTools
- application version: 4.28.0.1161
- metric collection url: https://client-log.box.com/index.php?rm=box_gen204_json_record
- metric data path: C:\Users\pcedillo\AppData\Local\Box\Box Tools\Metrics\BoxTools_Metrics.db
- post callback: 05995D6E
- log callback: 05995A26
- context: 00000000
- post interval in seconds: 600
- max records in a post: 100
- max db records: 500
- disable sender: true
[2025-02-18 09:27:58,316] [7    ] [INFO ] [] - Shutting down the metrics collector
[2025-02-18 09:37:58,238] [16   ] [INFO ] [] - Initializing the metrics collector
[2025-02-18 09:37:58,264] [16   ] [INFO ] [] - MetricsCollector::Sender(49): _disableSentMetrics 1
[2025-02-18 09:37:58,265] [16   ] [INFO ] [] - MetricsCollector::Initialize(231): Initialized metrics collector
- session id: 6b5931f1-ea3d-48ca-b31e-cbdb266bcb86
- device id: 4ca35884-a93a-48fc-ad16-80b2a90aa32e
- application id: Box Tools Win exe
- application name: BoxTools
- application version: 4.28.0.1161
- metric collection url: https://client-log.box.com/index.php?rm=box_gen204_json_record
- metric data path: C:\Users\pcedillo\AppData\Local\Box\Box Tools\Metrics\BoxTools_Metrics.db
- post callback: 05995D6E
- log callback: 05995A26
- context: 00000000
- post interval in seconds: 600
- max records in a post: 100
- max db records: 500
- disable sender: true
[2025-02-18 09:37:58,284] [16   ] [INFO ] [] - Shutting down the metrics collector
[2025-02-18 09:47:58,169] [15   ] [INFO ] [] - Initializing the metrics collector
[2025-02-18 09:47:58,192] [15   ] [INFO ] [] - MetricsCollector::Sender(49): _disableSentMetrics 1
[2025-02-18 09:47:58,193] [15   ] [INFO ] [] - MetricsCollector::Initialize(231): Initialized metrics collector
- session id: 6b5931f1-ea3d-48ca-b31e-cbdb266bcb86
- device id: 4ca35884-a93a-48fc-ad16-80b2a90aa32e
- application id: Box Tools Win exe
- application name: BoxTools
- application version: 4.28.0.1161
- metric collection url: https://client-log.box.com/index.php?rm=box_gen204_json_record
- metric data path: C:\Users\pcedillo\AppData\Local\Box\Box Tools\Metrics\BoxTools_Metrics.db
- post callback: 05995D6E
- log callback: 05995A26
- context: 00000000
- post interval in seconds: 600
- max records in a post: 100
- max db records: 500
- disable sender: true
[2025-02-18 09:47:58,213] [15   ] [INFO ] [] - Shutting down the metrics collector
[2025-02-18 09:57:58,178] [7    ] [INFO ] [] - Initializing the metrics collector
[2025-02-18 09:57:58,201] [7    ] [INFO ] [] - MetricsCollector::Sender(49): _disableSentMetrics 1
[2025-02-18 09:57:58,201] [7    ] [INFO ] [] - MetricsCollector::Initialize(231): Initialized metrics collector
- session id: 6b5931f1-ea3d-48ca-b31e-cbdb266bcb86
- device id: 4ca35884-a93a-48fc-ad16-80b2a90aa32e
- application id: Box Tools Win exe
- application name: BoxTools
- application version: 4.28.0.1161
- metric collection url: https://client-log.box.com/index.php?rm=box_gen204_json_record
- metric data path: C:\Users\pcedillo\AppData\Local\Box\Box Tools\Metrics\BoxTools_Metrics.db
- post callback: 05995D6E
- log callback: 05995A26
- context: 00000000
- post interval in seconds: 600
- max records in a post: 100
- max db records: 500
- disable sender: true
[2025-02-18 09:57:58,222] [7    ] [INFO ] [] - Shutting down the metrics collector
[2025-02-18 10:07:58,134] [15   ] [INFO ] [] - Initializing the metrics collector
[2025-02-18 10:07:58,156] [15   ] [INFO ] [] - MetricsCollector::Sender(49): _disableSentMetrics 1
[2025-02-18 10:07:58,157] [15   ] [INFO ] [] - MetricsCollector::Initialize(231): Initialized metrics collector
- session id: 6b5931f1-ea3d-48ca-b31e-cbdb266bcb86
- device id: 4ca35884-a93a-48fc-ad16-80b2a90aa32e
- application id: Box Tools Win exe
- application name: BoxTools
- application version: 4.28.0.1161
- metric collection url: https://client-log.box.com/index.php?rm=box_gen204_json_record
- metric data path: C:\Users\pcedillo\AppData\Local\Box\Box Tools\Metrics\BoxTools_Metrics.db
- post callback: 05995D6E
- log callback: 05995A26
- context: 00000000
- post interval in seconds: 600
- max records in a post: 100
- max db records: 500
- disable sender: true
[2025-02-18 10:07:58,179] [15   ] [INFO ] [] - Shutting down the metrics collector
[2025-02-18 10:17:58,120] [14   ] [INFO ] [] - Initializing the metrics collector
[2025-02-18 10:17:58,139] [14   ] [INFO ] [] - MetricsCollector::Sender(49): _disableSentMetrics 1
[2025-02-18 10:17:58,140] [14   ] [INFO ] [] - MetricsCollector::Initialize(231): Initialized metrics collector
- session id: 6b5931f1-ea3d-48ca-b31e-cbdb266bcb86
- device id: 4ca35884-a93a-48fc-ad16-80b2a90aa32e
- application id: Box Tools Win exe
- application name: BoxTools
- application version: 4.28.0.1161
- metric collection url: https://client-log.box.com/index.php?rm=box_gen204_json_record
- metric data path: C:\Users\pcedillo\AppData\Local\Box\Box Tools\Metrics\BoxTools_Metrics.db
- post callback: 05995D6E
- log callback: 05995A26
- context: 00000000
- post interval in seconds: 600
- max records in a post: 100
- max db records: 500
- disable sender: true
[2025-02-18 10:17:58,162] [14   ] [INFO ] [] - Shutting down the metrics collector
[2025-02-18 10:27:58,056] [3    ] [INFO ] [] - Initializing the metrics collector
[2025-02-18 10:27:58,079] [3    ] [INFO ] [] - MetricsCollector::Sender(49): _disableSentMetrics 1
[2025-02-18 10:27:58,080] [3    ] [INFO ] [] - MetricsCollector::Initialize(231): Initialized metrics collector
- session id: 6b5931f1-ea3d-48ca-b31e-cbdb266bcb86
- device id: 4ca35884-a93a-48fc-ad16-80b2a90aa32e
- application id: Box Tools Win exe
- application name: BoxTools
- application version: 4.28.0.1161
- metric collection url: https://client-log.box.com/index.php?rm=box_gen204_json_record
- metric data path: C:\Users\pcedillo\AppData\Local\Box\Box Tools\Metrics\BoxTools_Metrics.db
- post callback: 05995D6E
- log callback: 05995A26
- context: 00000000
- post interval in seconds: 600
- max records in a post: 100
- max db records: 500
- disable sender: true
[2025-02-18 10:27:58,097] [3    ] [INFO ] [] - Shutting down the metrics collector
[2025-02-18 10:37:58,021] [12   ] [INFO ] [] - Initializing the metrics collector
[2025-02-18 10:37:58,045] [12   ] [INFO ] [] - MetricsCollector::Sender(49): _disableSentMetrics 1
[2025-02-18 10:37:58,046] [12   ] [INFO ] [] - MetricsCollector::Initialize(231): Initialized metrics collector
- session id: 6b5931f1-ea3d-48ca-b31e-cbdb266bcb86
- device id: 4ca35884-a93a-48fc-ad16-80b2a90aa32e
- application id: Box Tools Win exe
- application name: BoxTools
- application version: 4.28.0.1161
- metric collection url: https://client-log.box.com/index.php?rm=box_gen204_json_record
- metric data path: C:\Users\pcedillo\AppData\Local\Box\Box Tools\Metrics\BoxTools_Metrics.db
- post callback: 05995D6E
- log callback: 05995A26
- context: 00000000
- post interval in seconds: 600
- max records in a post: 100
- max db records: 500
- disable sender: true
[2025-02-18 10:37:58,068] [12   ] [INFO ] [] - Shutting down the metrics collector
[2025-02-18 10:47:57,975] [8    ] [INFO ] [] - Initializing the metrics collector
[2025-02-18 10:47:57,982] [8    ] [INFO ] [] - MetricsCollector::Sender(49): _disableSentMetrics 1
[2025-02-18 10:47:57,982] [8    ] [INFO ] [] - MetricsCollector::Initialize(231): Initialized metrics collector
- session id: 6b5931f1-ea3d-48ca-b31e-cbdb266bcb86
- device id: 4ca35884-a93a-48fc-ad16-80b2a90aa32e
- application id: Box Tools Win exe
- application name: BoxTools
- application version: 4.28.0.1161
- metric collection url: https://client-log.box.com/index.php?rm=box_gen204_json_record
- metric data path: C:\Users\pcedillo\AppData\Local\Box\Box Tools\Metrics\BoxTools_Metrics.db
- post callback: 05995D6E
- log callback: 05995A26
- context: 00000000
- post interval in seconds: 600
- max records in a post: 100
- max db records: 500
- disable sender: true
[2025-02-18 10:47:57,987] [8    ] [INFO ] [] - Shutting down the metrics collector
[2025-02-18 10:57:57,921] [17   ] [INFO ] [] - Initializing the metrics collector
[2025-02-18 10:57:57,933] [17   ] [INFO ] [] - MetricsCollector::Sender(49): _disableSentMetrics 1
[2025-02-18 10:57:57,934] [17   ] [INFO ] [] - MetricsCollector::Initialize(231): Initialized metrics collector
- session id: 6b5931f1-ea3d-48ca-b31e-cbdb266bcb86
- device id: 4ca35884-a93a-48fc-ad16-80b2a90aa32e
- application id: Box Tools Win exe
- application name: BoxTools
- application version: 4.28.0.1161
- metric collection url: https://client-log.box.com/index.php?rm=box_gen204_json_record
- metric data path: C:\Users\pcedillo\AppData\Local\Box\Box Tools\Metrics\BoxTools_Metrics.db
- post callback: 05995D6E
- log callback: 05995A26
- context: 00000000
- post interval in seconds: 600
- max records in a post: 100
- max db records: 500
- disable sender: true
[2025-02-18 10:57:57,945] [17   ] [INFO ] [] - Shutting down the metrics collector
[2025-02-18 11:07:57,912] [8    ] [INFO ] [] - Initializing the metrics collector
[2025-02-18 11:07:57,926] [8    ] [INFO ] [] - MetricsCollector::Sender(49): _disableSentMetrics 1
[2025-02-18 11:07:57,926] [8    ] [INFO ] [] - MetricsCollector::Initialize(231): Initialized metrics collector
- session id: 6b5931f1-ea3d-48ca-b31e-cbdb266bcb86
- device id: 4ca35884-a93a-48fc-ad16-80b2a90aa32e
- application id: Box Tools Win exe
- application name: BoxTools
- application version: 4.28.0.1161
- metric collection url: https://client-log.box.com/index.php?rm=box_gen204_json_record
- metric data path: C:\Users\pcedillo\AppData\Local\Box\Box Tools\Metrics\BoxTools_Metrics.db
- post callback: 05995D6E
- log callback: 05995A26
- context: 00000000
- post interval in seconds: 600
- max records in a post: 100
- max db records: 500
- disable sender: true
[2025-02-18 11:07:57,940] [8    ] [INFO ] [] - Shutting down the metrics collector
[2025-02-18 11:17:57,846] [12   ] [INFO ] [] - Initializing the metrics collector
[2025-02-18 11:17:57,860] [12   ] [INFO ] [] - MetricsCollector::Sender(49): _disableSentMetrics 1
[2025-02-18 11:17:57,860] [12   ] [INFO ] [] - MetricsCollector::Initialize(231): Initialized metrics collector
- session id: 6b5931f1-ea3d-48ca-b31e-cbdb266bcb86
- device id: 4ca35884-a93a-48fc-ad16-80b2a90aa32e
- application id: Box Tools Win exe
- application name: BoxTools
- application version: 4.28.0.1161
- metric collection url: https://client-log.box.com/index.php?rm=box_gen204_json_record
- metric data path: C:\Users\pcedillo\AppData\Local\Box\Box Tools\Metrics\BoxTools_Metrics.db
- post callback: 05995D6E
- log callback: 05995A26
- context: 00000000
- post interval in seconds: 600
- max records in a post: 100
- max db records: 500
- disable sender: true
[2025-02-18 11:17:57,872] [12   ] [INFO ] [] - Shutting down the metrics collector
[2025-02-18 11:27:57,821] [8    ] [INFO ] [] - Initializing the metrics collector
[2025-02-18 11:27:57,840] [8    ] [INFO ] [] - MetricsCollector::Sender(49): _disableSentMetrics 1
[2025-02-18 11:27:57,841] [8    ] [INFO ] [] - MetricsCollector::Initialize(231): Initialized metrics collector
- session id: 6b5931f1-ea3d-48ca-b31e-cbdb266bcb86
- device id: 4ca35884-a93a-48fc-ad16-80b2a90aa32e
- application id: Box Tools Win exe
- application name: BoxTools
- application version: 4.28.0.1161
- metric collection url: https://client-log.box.com/index.php?rm=box_gen204_json_record
- metric data path: C:\Users\pcedillo\AppData\Local\Box\Box Tools\Metrics\BoxTools_Metrics.db
- post callback: 05995D6E
- log callback: 05995A26
- context: 00000000
- post interval in seconds: 600
- max records in a post: 100
- max db records: 500
- disable sender: true
[2025-02-18 11:27:57,867] [8    ] [INFO ] [] - Shutting down the metrics collector
[2025-02-18 11:37:57,794] [17   ] [INFO ] [] - Initializing the metrics collector
[2025-02-18 11:37:57,808] [17   ] [INFO ] [] - MetricsCollector::Sender(49): _disableSentMetrics 1
[2025-02-18 11:37:57,808] [17   ] [INFO ] [] - MetricsCollector::Initialize(231): Initialized metrics collector
- session id: 6b5931f1-ea3d-48ca-b31e-cbdb266bcb86
- device id: 4ca35884-a93a-48fc-ad16-80b2a90aa32e
- application id: Box Tools Win exe
- application name: BoxTools
- application version: 4.28.0.1161
- metric collection url: https://client-log.box.com/index.php?rm=box_gen204_json_record
- metric data path: C:\Users\pcedillo\AppData\Local\Box\Box Tools\Metrics\BoxTools_Metrics.db
- post callback: 05995D6E
- log callback: 05995A26
- context: 00000000
- post interval in seconds: 600
- max records in a post: 100
- max db records: 500
- disable sender: true
[2025-02-18 11:37:57,822] [17   ] [INFO ] [] - Shutting down the metrics collector
[2025-02-18 11:47:57,743] [9    ] [INFO ] [] - Initializing the metrics collector
[2025-02-18 11:47:57,756] [9    ] [INFO ] [] - MetricsCollector::Sender(49): _disableSentMetrics 1
[2025-02-18 11:47:57,758] [9    ] [INFO ] [] - MetricsCollector::Initialize(231): Initialized metrics collector
- session id: 6b5931f1-ea3d-48ca-b31e-cbdb266bcb86
- device id: 4ca35884-a93a-48fc-ad16-80b2a90aa32e
- application id: Box Tools Win exe
- application name: BoxTools
- application version: 4.28.0.1161
- metric collection url: https://client-log.box.com/index.php?rm=box_gen204_json_record
- metric data path: C:\Users\pcedillo\AppData\Local\Box\Box Tools\Metrics\BoxTools_Metrics.db
- post callback: 05995D6E
- log callback: 05995A26
- context: 00000000
- post interval in seconds: 600
- max records in a post: 100
- max db records: 500
- disable sender: true
[2025-02-18 11:47:57,767] [9    ] [INFO ] [] - Shutting down the metrics collector
[2025-02-18 11:57:57,726] [3    ] [INFO ] [] - Initializing the metrics collector
[2025-02-18 11:57:57,739] [3    ] [INFO ] [] - MetricsCollector::Sender(49): _disableSentMetrics 1
[2025-02-18 11:57:57,740] [3    ] [INFO ] [] - MetricsCollector::Initialize(231): Initialized metrics collector
- session id: 6b5931f1-ea3d-48ca-b31e-cbdb266bcb86
- device id: 4ca35884-a93a-48fc-ad16-80b2a90aa32e
- application id: Box Tools Win exe
- application name: BoxTools
- application version: 4.28.0.1161
- metric collection url: https://client-log.box.com/index.php?rm=box_gen204_json_record
- metric data path: C:\Users\pcedillo\AppData\Local\Box\Box Tools\Metrics\BoxTools_Metrics.db
- post callback: 05995D6E
- log callback: 05995A26
- context: 00000000
- post interval in seconds: 600
- max records in a post: 100
- max db records: 500
- disable sender: true
[2025-02-18 11:57:57,755] [3    ] [INFO ] [] - Shutting down the metrics collector
[2025-02-18 12:07:57,738] [16   ] [INFO ] [] - Initializing the metrics collector
[2025-02-18 12:07:57,745] [16   ] [INFO ] [] - MetricsCollector::Sender(49): _disableSentMetrics 1
[2025-02-18 12:07:57,746] [16   ] [INFO ] [] - MetricsCollector::Initialize(231): Initialized metrics collector
- session id: 6b5931f1-ea3d-48ca-b31e-cbdb266bcb86
- device id: 4ca35884-a93a-48fc-ad16-80b2a90aa32e
- application id: Box Tools Win exe
- application name: BoxTools
- application version: 4.28.0.1161
- metric collection url: https://client-log.box.com/index.php?rm=box_gen204_json_record
- metric data path: C:\Users\pcedillo\AppData\Local\Box\Box Tools\Metrics\BoxTools_Metrics.db
- post callback: 05995D6E
- log callback: 05995A26
- context: 00000000
- post interval in seconds: 600
- max records in a post: 100
- max db records: 500
- disable sender: true
[2025-02-18 12:07:57,757] [16   ] [INFO ] [] - Shutting down the metrics collector
[2025-02-18 12:17:57,724] [15   ] [INFO ] [] - Initializing the metrics collector
[2025-02-18 12:17:57,739] [15   ] [INFO ] [] - MetricsCollector::Sender(49): _disableSentMetrics 1
[2025-02-18 12:17:57,739] [15   ] [INFO ] [] - MetricsCollector::Initialize(231): Initialized metrics collector
- session id: 6b5931f1-ea3d-48ca-b31e-cbdb266bcb86
- device id: 4ca35884-a93a-48fc-ad16-80b2a90aa32e
- application id: Box Tools Win exe
- application name: BoxTools
- application version: 4.28.0.1161
- metric collection url: https://client-log.box.com/index.php?rm=box_gen204_json_record
- metric data path: C:\Users\pcedillo\AppData\Local\Box\Box Tools\Metrics\BoxTools_Metrics.db
- post callback: 05995D6E
- log callback: 05995A26
- context: 00000000
- post interval in seconds: 600
- max records in a post: 100
- max db records: 500
- disable sender: true
[2025-02-18 12:17:57,753] [15   ] [INFO ] [] - Shutting down the metrics collector
[2025-02-18 12:27:57,641] [9    ] [INFO ] [] - Initializing the metrics collector
[2025-02-18 12:27:57,654] [9    ] [INFO ] [] - MetricsCollector::Sender(49): _disableSentMetrics 1
[2025-02-18 12:27:57,655] [9    ] [INFO ] [] - MetricsCollector::Initialize(231): Initialized metrics collector
- session id: 6b5931f1-ea3d-48ca-b31e-cbdb266bcb86
- device id: 4ca35884-a93a-48fc-ad16-80b2a90aa32e
- application id: Box Tools Win exe
- application name: BoxTools
- application version: 4.28.0.1161
- metric collection url: https://client-log.box.com/index.php?rm=box_gen204_json_record
- metric data path: C:\Users\pcedillo\AppData\Local\Box\Box Tools\Metrics\BoxTools_Metrics.db
- post callback: 05995D6E
- log callback: 05995A26
- context: 00000000
- post interval in seconds: 600
- max records in a post: 100
- max db records: 500
- disable sender: true
[2025-02-18 12:27:57,669] [9    ] [INFO ] [] - Shutting down the metrics collector
[2025-02-18 12:37:57,626] [17   ] [INFO ] [] - Initializing the metrics collector
[2025-02-18 12:37:57,638] [17   ] [INFO ] [] - MetricsCollector::Sender(49): _disableSentMetrics 1
[2025-02-18 12:37:57,639] [17   ] [INFO ] [] - MetricsCollector::Initialize(231): Initialized metrics collector
- session id: 6b5931f1-ea3d-48ca-b31e-cbdb266bcb86
- device id: 4ca35884-a93a-48fc-ad16-80b2a90aa32e
- application id: Box Tools Win exe
- application name: BoxTools
- application version: 4.28.0.1161
- metric collection url: https://client-log.box.com/index.php?rm=box_gen204_json_record
- metric data path: C:\Users\pcedillo\AppData\Local\Box\Box Tools\Metrics\BoxTools_Metrics.db
- post callback: 05995D6E
- log callback: 05995A26
- context: 00000000
- post interval in seconds: 600
- max records in a post: 100
- max db records: 500
- disable sender: true
[2025-02-18 12:37:57,649] [17   ] [INFO ] [] - Shutting down the metrics collector
[2025-02-18 12:47:57,628] [14   ] [INFO ] [] - Initializing the metrics collector
[2025-02-18 12:47:57,641] [14   ] [INFO ] [] - MetricsCollector::Sender(49): _disableSentMetrics 1
[2025-02-18 12:47:57,642] [14   ] [INFO ] [] - MetricsCollector::Initialize(231): Initialized metrics collector
- session id: 6b5931f1-ea3d-48ca-b31e-cbdb266bcb86
- device id: 4ca35884-a93a-48fc-ad16-80b2a90aa32e
- application id: Box Tools Win exe
- application name: BoxTools
- application version: 4.28.0.1161
- metric collection url: https://client-log.box.com/index.php?rm=box_gen204_json_record
- metric data path: C:\Users\pcedillo\AppData\Local\Box\Box Tools\Metrics\BoxTools_Metrics.db
- post callback: 05995D6E
- log callback: 05995A26
- context: 00000000
- post interval in seconds: 600
- max records in a post: 100
- max db records: 500
- disable sender: true
[2025-02-18 12:47:57,656] [14   ] [INFO ] [] - Shutting down the metrics collector
[2025-02-18 12:57:57,564] [8    ] [INFO ] [] - Initializing the metrics collector
[2025-02-18 12:57:57,577] [8    ] [INFO ] [] - MetricsCollector::Sender(49): _disableSentMetrics 1
[2025-02-18 12:57:57,577] [8    ] [INFO ] [] - MetricsCollector::Initialize(231): Initialized metrics collector
- session id: 6b5931f1-ea3d-48ca-b31e-cbdb266bcb86
- device id: 4ca35884-a93a-48fc-ad16-80b2a90aa32e
- application id: Box Tools Win exe
- application name: BoxTools
- application version: 4.28.0.1161
- metric collection url: https://client-log.box.com/index.php?rm=box_gen204_json_record
- metric data path: C:\Users\pcedillo\AppData\Local\Box\Box Tools\Metrics\BoxTools_Metrics.db
- post callback: 05995D6E
- log callback: 05995A26
- context: 00000000
- post interval in seconds: 600
- max records in a post: 100
- max db records: 500
- disable sender: true
[2025-02-18 12:57:57,586] [8    ] [INFO ] [] - Shutting down the metrics collector
[2025-02-18 13:07:57,513] [12   ] [INFO ] [] - Initializing the metrics collector
[2025-02-18 13:07:57,529] [12   ] [INFO ] [] - MetricsCollector::Sender(49): _disableSentMetrics 1
[2025-02-18 13:07:57,530] [12   ] [INFO ] [] - MetricsCollector::Initialize(231): Initialized metrics collector
- session id: 6b5931f1-ea3d-48ca-b31e-cbdb266bcb86
- device id: 4ca35884-a93a-48fc-ad16-80b2a90aa32e
- application id: Box Tools Win exe
- application name: BoxTools
- application version: 4.28.0.1161
- metric collection url: https://client-log.box.com/index.php?rm=box_gen204_json_record
- metric data path: C:\Users\pcedillo\AppData\Local\Box\Box Tools\Metrics\BoxTools_Metrics.db
- post callback: 05995D6E
- log callback: 05995A26
- context: 00000000
- post interval in seconds: 600
- max records in a post: 100
- max db records: 500
- disable sender: true
[2025-02-18 13:07:57,544] [12   ] [INFO ] [] - Shutting down the metrics collector
[2025-02-18 13:17:57,486] [13   ] [INFO ] [] - Initializing the metrics collector
[2025-02-18 13:17:57,495] [13   ] [INFO ] [] - MetricsCollector::Sender(49): _disableSentMetrics 1
[2025-02-18 13:17:57,496] [13   ] [INFO ] [] - MetricsCollector::Initialize(231): Initialized metrics collector
- session id: 6b5931f1-ea3d-48ca-b31e-cbdb266bcb86
- device id: 4ca35884-a93a-48fc-ad16-80b2a90aa32e
- application id: Box Tools Win exe
- application name: BoxTools
- application version: 4.28.0.1161
- metric collection url: https://client-log.box.com/index.php?rm=box_gen204_json_record
- metric data path: C:\Users\pcedillo\AppData\Local\Box\Box Tools\Metrics\BoxTools_Metrics.db
- post callback: 05995D6E
- log callback: 05995A26
- context: 00000000
- post interval in seconds: 600
- max records in a post: 100
- max db records: 500
- disable sender: true
[2025-02-18 13:17:57,511] [13   ] [INFO ] [] - Shutting down the metrics collector
[2025-02-18 13:27:57,446] [7    ] [INFO ] [] - Initializing the metrics collector
[2025-02-18 13:27:57,460] [7    ] [INFO ] [] - MetricsCollector::Sender(49): _disableSentMetrics 1
[2025-02-18 13:27:57,460] [7    ] [INFO ] [] - MetricsCollector::Initialize(231): Initialized metrics collector
- session id: 6b5931f1-ea3d-48ca-b31e-cbdb266bcb86
- device id: 4ca35884-a93a-48fc-ad16-80b2a90aa32e
- application id: Box Tools Win exe
- application name: BoxTools
- application version: 4.28.0.1161
- metric collection url: https://client-log.box.com/index.php?rm=box_gen204_json_record
- metric data path: C:\Users\pcedillo\AppData\Local\Box\Box Tools\Metrics\BoxTools_Metrics.db
- post callback: 05995D6E
- log callback: 05995A26
- context: 00000000
- post interval in seconds: 600
- max records in a post: 100
- max db records: 500
- disable sender: true
[2025-02-18 13:27:57,472] [7    ] [INFO ] [] - Shutting down the metrics collector
[2025-02-18 13:37:57,377] [19   ] [INFO ] [] - Initializing the metrics collector
[2025-02-18 13:37:57,389] [19   ] [INFO ] [] - MetricsCollector::Sender(49): _disableSentMetrics 1
[2025-02-18 13:37:57,391] [19   ] [INFO ] [] - MetricsCollector::Initialize(231): Initialized metrics collector
- session id: 6b5931f1-ea3d-48ca-b31e-cbdb266bcb86
- device id: 4ca35884-a93a-48fc-ad16-80b2a90aa32e
- application id: Box Tools Win exe
- application name: BoxTools
- application version: 4.28.0.1161
- metric collection url: https://client-log.box.com/index.php?rm=box_gen204_json_record
- metric data path: C:\Users\pcedillo\AppData\Local\Box\Box Tools\Metrics\BoxTools_Metrics.db
- post callback: 05995D6E
- log callback: 05995A26
- context: 00000000
- post interval in seconds: 600
- max records in a post: 100
- max db records: 500
- disable sender: true
[2025-02-18 13:37:57,399] [19   ] [INFO ] [] - Shutting down the metrics collector
[2025-02-18 13:44:58,337] [20   ] [INFO ] [] - Scheduling next upgrade check: Delay
[2025-02-18 13:44:58,346] [20   ] [INFO ] [] - Next autoupgrade timer will fire after: 1.00:00:00
[2025-02-18 13:44:58,347] [20   ] [INFO ] [] - Checking for upgrade
[2025-02-18 13:44:58,348] [20   ] [INFO ] [] - .NET Version - installed 533320, expected: 528040
[2025-02-18 13:44:58,348] [20   ] [INFO ] [] - result: True
[2025-02-18 13:44:58,351] [20   ] [INFO ] [] - Checking for upgrades
[2025-02-18 13:44:58,352] [20   ] [INFO ] [] - Url used to upgrade: https://cdn07.boxcdn.net/BoxEditAutoupdate2.json
[2025-02-18 13:44:58,769] [20   ] [INFO ] [] - ### current version track name: 4.28.0
[2025-02-18 13:44:58,771] [20   ] [INFO ] [] - No custom track name in registry
[2025-02-18 13:44:58,771] [20   ] [WARN ] [] - Track 4.28.0 not found
[2025-02-18 13:44:58,771] [20   ] [INFO ] [] - Track default for upgrade found
[2025-02-18 13:44:58,772] [20   ] [INFO ] [] - RolloutID set to 23
[2025-02-18 13:44:58,773] [20   ] [INFO ] [] - No upgrade available
[2025-02-18 13:44:58,773] [20   ] [INFO ] [] - Check for updates returned None
[2025-02-18 13:44:58,774] [20   ] [INFO ] [] - Scheduling next upgrade check: Reset
[2025-02-18 13:44:58,774] [20   ] [INFO ] [] - Next autoupgrade timer will fire after: 05:09:00
[2025-02-18 13:47:57,341] [11   ] [INFO ] [] - Initializing the metrics collector
[2025-02-18 13:47:57,356] [11   ] [INFO ] [] - MetricsCollector::Sender(49): _disableSentMetrics 1
[2025-02-18 13:47:57,357] [11   ] [INFO ] [] - MetricsCollector::Initialize(231): Initialized metrics collector
- session id: 6b5931f1-ea3d-48ca-b31e-cbdb266bcb86
- device id: 4ca35884-a93a-48fc-ad16-80b2a90aa32e
- application id: Box Tools Win exe
- application name: BoxTools
- application version: 4.28.0.1161
- metric collection url: https://client-log.box.com/index.php?rm=box_gen204_json_record
- metric data path: C:\Users\pcedillo\AppData\Local\Box\Box Tools\Metrics\BoxTools_Metrics.db
- post callback: 05995D6E
- log callback: 05995A26
- context: 00000000
- post interval in seconds: 600
- max records in a post: 100
- max db records: 500
- disable sender: true
[2025-02-18 13:47:57,369] [11   ] [INFO ] [] - Shutting down the metrics collector
[2025-02-18 13:57:57,314] [23   ] [INFO ] [] - Initializing the metrics collector
[2025-02-18 13:57:57,331] [23   ] [INFO ] [] - MetricsCollector::Sender(49): _disableSentMetrics 1
[2025-02-18 13:57:57,331] [23   ] [INFO ] [] - MetricsCollector::Initialize(231): Initialized metrics collector
- session id: 6b5931f1-ea3d-48ca-b31e-cbdb266bcb86
- device id: 4ca35884-a93a-48fc-ad16-80b2a90aa32e
- application id: Box Tools Win exe
- application name: BoxTools
- application version: 4.28.0.1161
- metric collection url: https://client-log.box.com/index.php?rm=box_gen204_json_record
- metric data path: C:\Users\pcedillo\AppData\Local\Box\Box Tools\Metrics\BoxTools_Metrics.db
- post callback: 05995D6E
- log callback: 05995A26
- context: 00000000
- post interval in seconds: 600
- max records in a post: 100
- max db records: 500
- disable sender: true
[2025-02-18 13:57:57,344] [23   ] [INFO ] [] - Shutting down the metrics collector
[2025-02-18 14:07:57,245] [24   ] [INFO ] [] - Initializing the metrics collector
[2025-02-18 14:07:57,257] [24   ] [INFO ] [] - MetricsCollector::Sender(49): _disableSentMetrics 1
[2025-02-18 14:07:57,258] [24   ] [INFO ] [] - MetricsCollector::Initialize(231): Initialized metrics collector
- session id: 6b5931f1-ea3d-48ca-b31e-cbdb266bcb86
- device id: 4ca35884-a93a-48fc-ad16-80b2a90aa32e
- application id: Box Tools Win exe
- application name: BoxTools
- application version: 4.28.0.1161
- metric collection url: https://client-log.box.com/index.php?rm=box_gen204_json_record
- metric data path: C:\Users\pcedillo\AppData\Local\Box\Box Tools\Metrics\BoxTools_Metrics.db
- post callback: 05995D6E
- log callback: 05995A26
- context: 00000000
- post interval in seconds: 600
- max records in a post: 100
- max db records: 500
- disable sender: true
[2025-02-18 14:07:57,271] [24   ] [INFO ] [] - Shutting down the metrics collector
[2025-02-18 14:17:57,212] [25   ] [INFO ] [] - Initializing the metrics collector
[2025-02-18 14:17:57,224] [25   ] [INFO ] [] - MetricsCollector::Sender(49): _disableSentMetrics 1
[2025-02-18 14:17:57,224] [25   ] [INFO ] [] - MetricsCollector::Initialize(231): Initialized metrics collector
- session id: 6b5931f1-ea3d-48ca-b31e-cbdb266bcb86
- device id: 4ca35884-a93a-48fc-ad16-80b2a90aa32e
- application id: Box Tools Win exe
- application name: BoxTools
- application version: 4.28.0.1161
- metric collection url: https://client-log.box.com/index.php?rm=box_gen204_json_record
- metric data path: C:\Users\pcedillo\AppData\Local\Box\Box Tools\Metrics\BoxTools_Metrics.db
- post callback: 05995D6E
- log callback: 05995A26
- context: 00000000
- post interval in seconds: 600
- max records in a post: 100
- max db records: 500
- disable sender: true
[2025-02-18 14:17:57,238] [25   ] [INFO ] [] - Shutting down the metrics collector
[2025-02-18 14:27:57,189] [26   ] [INFO ] [] - Initializing the metrics collector
[2025-02-18 14:27:57,199] [26   ] [INFO ] [] - MetricsCollector::Sender(49): _disableSentMetrics 1
[2025-02-18 14:27:57,199] [26   ] [INFO ] [] - MetricsCollector::Initialize(231): Initialized metrics collector
- session id: 6b5931f1-ea3d-48ca-b31e-cbdb266bcb86
- device id: 4ca35884-a93a-48fc-ad16-80b2a90aa32e
- application id: Box Tools Win exe
- application name: BoxTools
- application version: 4.28.0.1161
- metric collection url: https://client-log.box.com/index.php?rm=box_gen204_json_record
- metric data path: C:\Users\pcedillo\AppData\Local\Box\Box Tools\Metrics\BoxTools_Metrics.db
- post callback: 05995D6E
- log callback: 05995A26
- context: 00000000
- post interval in seconds: 600
- max records in a post: 100
- max db records: 500
- disable sender: true
[2025-02-18 14:27:57,207] [26   ] [INFO ] [] - Shutting down the metrics collector
[2025-02-18 14:37:57,187] [22   ] [INFO ] [] - Initializing the metrics collector
[2025-02-18 14:37:57,199] [22   ] [INFO ] [] - MetricsCollector::Sender(49): _disableSentMetrics 1
[2025-02-18 14:37:57,200] [22   ] [INFO ] [] - MetricsCollector::Initialize(231): Initialized metrics collector
- session id: 6b5931f1-ea3d-48ca-b31e-cbdb266bcb86
- device id: 4ca35884-a93a-48fc-ad16-80b2a90aa32e
- application id: Box Tools Win exe
- application name: BoxTools
- application version: 4.28.0.1161
- metric collection url: https://client-log.box.com/index.php?rm=box_gen204_json_record
- metric data path: C:\Users\pcedillo\AppData\Local\Box\Box Tools\Metrics\BoxTools_Metrics.db
- post callback: 05995D6E
- log callback: 05995A26
- context: 00000000
- post interval in seconds: 600
- max records in a post: 100
- max db records: 500
- disable sender: true
[2025-02-18 14:37:57,213] [22   ] [INFO ] [] - Shutting down the metrics collector
[2025-02-18 14:47:57,172] [28   ] [INFO ] [] - Initializing the metrics collector
[2025-02-18 14:47:57,186] [28   ] [INFO ] [] - MetricsCollector::Sender(49): _disableSentMetrics 1
[2025-02-18 14:47:57,187] [28   ] [INFO ] [] - MetricsCollector::Initialize(231): Initialized metrics collector
- session id: 6b5931f1-ea3d-48ca-b31e-cbdb266bcb86
- device id: 4ca35884-a93a-48fc-ad16-80b2a90aa32e
- application id: Box Tools Win exe
- application name: BoxTools
- application version: 4.28.0.1161
- metric collection url: https://client-log.box.com/index.php?rm=box_gen204_json_record
- metric data path: C:\Users\pcedillo\AppData\Local\Box\Box Tools\Metrics\BoxTools_Metrics.db
- post callback: 05995D6E
- log callback: 05995A26
- context: 00000000
- post interval in seconds: 600
- max records in a post: 100
- max db records: 500
- disable sender: true
[2025-02-18 14:47:57,201] [28   ] [INFO ] [] - Shutting down the metrics collector
[2025-02-18 14:57:57,182] [30   ] [INFO ] [] - Initializing the metrics collector
[2025-02-18 14:57:57,192] [30   ] [INFO ] [] - MetricsCollector::Sender(49): _disableSentMetrics 1
[2025-02-18 14:57:57,193] [30   ] [INFO ] [] - MetricsCollector::Initialize(231): Initialized metrics collector
- session id: 6b5931f1-ea3d-48ca-b31e-cbdb266bcb86
- device id: 4ca35884-a93a-48fc-ad16-80b2a90aa32e
- application id: Box Tools Win exe
- application name: BoxTools
- application version: 4.28.0.1161
- metric collection url: https://client-log.box.com/index.php?rm=box_gen204_json_record
- metric data path: C:\Users\pcedillo\AppData\Local\Box\Box Tools\Metrics\BoxTools_Metrics.db
- post callback: 05995D6E
- log callback: 05995A26
- context: 00000000
- post interval in seconds: 600
- max records in a post: 100
- max db records: 500
- disable sender: true
[2025-02-18 14:57:57,201] [30   ] [INFO ] [] - Shutting down the metrics collector
[2025-02-18 15:07:57,164] [28   ] [INFO ] [] - Initializing the metrics collector
[2025-02-18 15:07:57,178] [28   ] [INFO ] [] - MetricsCollector::Sender(49): _disableSentMetrics 1
[2025-02-18 15:07:57,178] [28   ] [INFO ] [] - MetricsCollector::Initialize(231): Initialized metrics collector
- session id: 6b5931f1-ea3d-48ca-b31e-cbdb266bcb86
- device id: 4ca35884-a93a-48fc-ad16-80b2a90aa32e
- application id: Box Tools Win exe
- application name: BoxTools
- application version: 4.28.0.1161
- metric collection url: https://client-log.box.com/index.php?rm=box_gen204_json_record
- metric data path: C:\Users\pcedillo\AppData\Local\Box\Box Tools\Metrics\BoxTools_Metrics.db
- post callback: 05995D6E
- log callback: 05995A26
- context: 00000000
- post interval in seconds: 600
- max records in a post: 100
- max db records: 500
- disable sender: true
[2025-02-18 15:07:57,193] [28   ] [INFO ] [] - Shutting down the metrics collector
[2025-02-18 15:17:57,014] [27   ] [INFO ] [] - Initializing the metrics collector
[2025-02-18 15:17:57,026] [27   ] [INFO ] [] - MetricsCollector::Sender(49): _disableSentMetrics 1
[2025-02-18 15:17:57,027] [27   ] [INFO ] [] - MetricsCollector::Initialize(231): Initialized metrics collector
- session id: 6b5931f1-ea3d-48ca-b31e-cbdb266bcb86
- device id: 4ca35884-a93a-48fc-ad16-80b2a90aa32e
- application id: Box Tools Win exe
- application name: BoxTools
- application version: 4.28.0.1161
- metric collection url: https://client-log.box.com/index.php?rm=box_gen204_json_record
- metric data path: C:\Users\pcedillo\AppData\Local\Box\Box Tools\Metrics\BoxTools_Metrics.db
- post callback: 05995D6E
- log callback: 05995A26
- context: 00000000
- post interval in seconds: 600
- max records in a post: 100
- max db records: 500
- disable sender: true
[2025-02-18 15:17:57,039] [27   ] [INFO ] [] - Shutting down the metrics collector
[2025-02-18 15:27:56,947] [22   ] [INFO ] [] - Initializing the metrics collector
[2025-02-18 15:27:56,956] [22   ] [INFO ] [] - MetricsCollector::Sender(49): _disableSentMetrics 1
[2025-02-18 15:27:56,956] [22   ] [INFO ] [] - MetricsCollector::Initialize(231): Initialized metrics collector
- session id: 6b5931f1-ea3d-48ca-b31e-cbdb266bcb86
- device id: 4ca35884-a93a-48fc-ad16-80b2a90aa32e
- application id: Box Tools Win exe
- application name: BoxTools
- application version: 4.28.0.1161
- metric collection url: https://client-log.box.com/index.php?rm=box_gen204_json_record
- metric data path: C:\Users\pcedillo\AppData\Local\Box\Box Tools\Metrics\BoxTools_Metrics.db
- post callback: 05995D6E
- log callback: 05995A26
- context: 00000000
- post interval in seconds: 600
- max records in a post: 100
- max db records: 500
- disable sender: true
[2025-02-18 15:27:56,964] [22   ] [INFO ] [] - Shutting down the metrics collector
[2025-02-18 15:37:56,917] [25   ] [INFO ] [] - Initializing the metrics collector
[2025-02-18 15:37:56,925] [25   ] [INFO ] [] - MetricsCollector::Sender(49): _disableSentMetrics 1
[2025-02-18 15:37:56,925] [25   ] [INFO ] [] - MetricsCollector::Initialize(231): Initialized metrics collector
- session id: 6b5931f1-ea3d-48ca-b31e-cbdb266bcb86
- device id: 4ca35884-a93a-48fc-ad16-80b2a90aa32e
- application id: Box Tools Win exe
- application name: BoxTools
- application version: 4.28.0.1161
- metric collection url: https://client-log.box.com/index.php?rm=box_gen204_json_record
- metric data path: C:\Users\pcedillo\AppData\Local\Box\Box Tools\Metrics\BoxTools_Metrics.db
- post callback: 05995D6E
- log callback: 05995A26
- context: 00000000
- post interval in seconds: 600
- max records in a post: 100
- max db records: 500
- disable sender: true
[2025-02-18 15:37:56,934] [25   ] [INFO ] [] - Shutting down the metrics collector
[2025-02-18 15:47:56,910] [24   ] [INFO ] [] - Initializing the metrics collector
[2025-02-18 15:47:56,922] [24   ] [INFO ] [] - MetricsCollector::Sender(49): _disableSentMetrics 1
[2025-02-18 15:47:56,923] [24   ] [INFO ] [] - MetricsCollector::Initialize(231): Initialized metrics collector
- session id: 6b5931f1-ea3d-48ca-b31e-cbdb266bcb86
- device id: 4ca35884-a93a-48fc-ad16-80b2a90aa32e
- application id: Box Tools Win exe
- application name: BoxTools
- application version: 4.28.0.1161
- metric collection url: https://client-log.box.com/index.php?rm=box_gen204_json_record
- metric data path: C:\Users\pcedillo\AppData\Local\Box\Box Tools\Metrics\BoxTools_Metrics.db
- post callback: 05995D6E
- log callback: 05995A26
- context: 00000000
- post interval in seconds: 600
- max records in a post: 100
- max db records: 500
- disable sender: true
[2025-02-18 15:47:56,934] [24   ] [INFO ] [] - Shutting down the metrics collector
[2025-02-18 15:57:56,912] [23   ] [INFO ] [] - Initializing the metrics collector
[2025-02-18 15:57:56,925] [23   ] [INFO ] [] - MetricsCollector::Sender(49): _disableSentMetrics 1
[2025-02-18 15:57:56,926] [23   ] [INFO ] [] - MetricsCollector::Initialize(231): Initialized metrics collector
- session id: 6b5931f1-ea3d-48ca-b31e-cbdb266bcb86
- device id: 4ca35884-a93a-48fc-ad16-80b2a90aa32e
- application id: Box Tools Win exe
- application name: BoxTools
- application version: 4.28.0.1161
- metric collection url: https://client-log.box.com/index.php?rm=box_gen204_json_record
- metric data path: C:\Users\pcedillo\AppData\Local\Box\Box Tools\Metrics\BoxTools_Metrics.db
- post callback: 05995D6E
- log callback: 05995A26
- context: 00000000
- post interval in seconds: 600
- max records in a post: 100
- max db records: 500
- disable sender: true
[2025-02-18 15:57:56,938] [23   ] [INFO ] [] - Shutting down the metrics collector
[2025-02-18 16:07:56,896] [24   ] [INFO ] [] - Initializing the metrics collector
[2025-02-18 16:07:56,911] [24   ] [INFO ] [] - MetricsCollector::Sender(49): _disableSentMetrics 1
[2025-02-18 16:07:56,911] [24   ] [INFO ] [] - MetricsCollector::Initialize(231): Initialized metrics collector
- session id: 6b5931f1-ea3d-48ca-b31e-cbdb266bcb86
- device id: 4ca35884-a93a-48fc-ad16-80b2a90aa32e
- application id: Box Tools Win exe
- application name: BoxTools
- application version: 4.28.0.1161
- metric collection url: https://client-log.box.com/index.php?rm=box_gen204_json_record
- metric data path: C:\Users\pcedillo\AppData\Local\Box\Box Tools\Metrics\BoxTools_Metrics.db
- post callback: 05995D6E
- log callback: 05995A26
- context: 00000000
- post interval in seconds: 600
- max records in a post: 100
- max db records: 500
- disable sender: true
[2025-02-18 16:07:56,925] [24   ] [INFO ] [] - Shutting down the metrics collector
[2025-02-18 16:17:56,851] [26   ] [INFO ] [] - Initializing the metrics collector
[2025-02-18 16:17:56,865] [26   ] [INFO ] [] - MetricsCollector::Sender(49): _disableSentMetrics 1
[2025-02-18 16:17:56,865] [26   ] [INFO ] [] - MetricsCollector::Initialize(231): Initialized metrics collector
- session id: 6b5931f1-ea3d-48ca-b31e-cbdb266bcb86
- device id: 4ca35884-a93a-48fc-ad16-80b2a90aa32e
- application id: Box Tools Win exe
- application name: BoxTools
- application version: 4.28.0.1161
- metric collection url: https://client-log.box.com/index.php?rm=box_gen204_json_record
- metric data path: C:\Users\pcedillo\AppData\Local\Box\Box Tools\Metrics\BoxTools_Metrics.db
- post callback: 05995D6E
- log callback: 05995A26
- context: 00000000
- post interval in seconds: 600
- max records in a post: 100
- max db records: 500
- disable sender: true
[2025-02-18 16:17:56,879] [26   ] [INFO ] [] - Shutting down the metrics collector
[2025-02-18 16:27:56,708] [22   ] [INFO ] [] - Initializing the metrics collector
[2025-02-18 16:27:56,721] [22   ] [INFO ] [] - MetricsCollector::Sender(49): _disableSentMetrics 1
[2025-02-18 16:27:56,721] [22   ] [INFO ] [] - MetricsCollector::Initialize(231): Initialized metrics collector
- session id: 6b5931f1-ea3d-48ca-b31e-cbdb266bcb86
- device id: 4ca35884-a93a-48fc-ad16-80b2a90aa32e
- application id: Box Tools Win exe
- application name: BoxTools
- application version: 4.28.0.1161
- metric collection url: https://client-log.box.com/index.php?rm=box_gen204_json_record
- metric data path: C:\Users\pcedillo\AppData\Local\Box\Box Tools\Metrics\BoxTools_Metrics.db
- post callback: 05995D6E
- log callback: 05995A26
- context: 00000000
- post interval in seconds: 600
- max records in a post: 100
- max db records: 500
- disable sender: true
[2025-02-18 16:27:56,733] [22   ] [INFO ] [] - Shutting down the metrics collector
[2025-02-18 16:37:56,651] [27   ] [INFO ] [] - Initializing the metrics collector
[2025-02-18 16:37:56,662] [27   ] [INFO ] [] - MetricsCollector::Sender(49): _disableSentMetrics 1
[2025-02-18 16:37:56,664] [27   ] [INFO ] [] - MetricsCollector::Initialize(231): Initialized metrics collector
- session id: 6b5931f1-ea3d-48ca-b31e-cbdb266bcb86
- device id: 4ca35884-a93a-48fc-ad16-80b2a90aa32e
- application id: Box Tools Win exe
- application name: BoxTools
- application version: 4.28.0.1161
- metric collection url: https://client-log.box.com/index.php?rm=box_gen204_json_record
- metric data path: C:\Users\pcedillo\AppData\Local\Box\Box Tools\Metrics\BoxTools_Metrics.db
- post callback: 05995D6E
- log callback: 05995A26
- context: 00000000
- post interval in seconds: 600
- max records in a post: 100
- max db records: 500
- disable sender: true
[2025-02-18 16:37:56,678] [27   ] [INFO ] [] - Shutting down the metrics collector
