[2024-11-20 16:07:23,065] [3    ] [INFO ] [] - Initializing the metrics collector
[2024-11-20 16:07:23,088] [3    ] [INFO ] [] - MetricsCollector::Sender(49): _disableSentMetrics 1
[2024-11-20 16:07:23,088] [3    ] [INFO ] [] - MetricsCollector::Initialize(231): Initialized metrics collector
- session id: 12ee15d7-d155-4aee-9da5-b3c385d33078
- device id: 4ca35884-a93a-48fc-ad16-80b2a90aa32e
- application id: Box Tools Win exe
- application name: BoxTools
- application version: 4.26.1.1109
- metric collection url: https://client-log.box.com/index.php?rm=box_gen204_json_record
- metric data path: C:\Users\pcedillo\AppData\Local\Box\Box Tools\Metrics\BoxTools_Metrics.db
- post callback: 05705A9E
- log callback: 05705AEE
- context: 00000000
- post interval in seconds: 600
- max records in a post: 100
- max db records: 500
- disable sender: true
[2024-11-20 16:07:23,097] [3    ] [INFO ] [] - Shutting down the metrics collector
[2024-11-20 16:17:23,635] [3    ] [INFO ] [] - Initializing the metrics collector
[2024-11-20 16:17:23,645] [3    ] [INFO ] [] - MetricsCollector::Sender(49): _disableSentMetrics 1
[2024-11-20 16:17:23,645] [3    ] [INFO ] [] - MetricsCollector::Initialize(231): Initialized metrics collector
- session id: 12ee15d7-d155-4aee-9da5-b3c385d33078
- device id: 4ca35884-a93a-48fc-ad16-80b2a90aa32e
- application id: Box Tools Win exe
- application name: BoxTools
- application version: 4.26.1.1109
- metric collection url: https://client-log.box.com/index.php?rm=box_gen204_json_record
- metric data path: C:\Users\pcedillo\AppData\Local\Box\Box Tools\Metrics\BoxTools_Metrics.db
- post callback: 05705A9E
- log callback: 05705AEE
- context: 00000000
- post interval in seconds: 600
- max records in a post: 100
- max db records: 500
- disable sender: true
[2024-11-20 16:17:23,656] [3    ] [INFO ] [] - Shutting down the metrics collector
[2024-11-20 16:28:43,086] [7    ] [INFO ] [] - Initializing the metrics collector
[2024-11-20 16:28:43,092] [7    ] [INFO ] [] - MetricsCollector::Sender(49): _disableSentMetrics 1
[2024-11-20 16:28:43,092] [7    ] [INFO ] [] - MetricsCollector::Initialize(231): Initialized metrics collector
- session id: 12ee15d7-d155-4aee-9da5-b3c385d33078
- device id: 4ca35884-a93a-48fc-ad16-80b2a90aa32e
- application id: Box Tools Win exe
- application name: BoxTools
- application version: 4.26.1.1109
- metric collection url: https://client-log.box.com/index.php?rm=box_gen204_json_record
- metric data path: C:\Users\pcedillo\AppData\Local\Box\Box Tools\Metrics\BoxTools_Metrics.db
- post callback: 05705A9E
- log callback: 05705AEE
- context: 00000000
- post interval in seconds: 600
- max records in a post: 100
- max db records: 500
- disable sender: true
[2024-11-20 16:28:43,112] [7    ] [INFO ] [] - Shutting down the metrics collector
[2024-11-20 16:38:43,097] [11   ] [INFO ] [] - Initializing the metrics collector
[2024-11-20 16:38:43,114] [11   ] [INFO ] [] - MetricsCollector::Sender(49): _disableSentMetrics 1
[2024-11-20 16:38:43,114] [11   ] [INFO ] [] - MetricsCollector::Initialize(231): Initialized metrics collector
- session id: 12ee15d7-d155-4aee-9da5-b3c385d33078
- device id: 4ca35884-a93a-48fc-ad16-80b2a90aa32e
- application id: Box Tools Win exe
- application name: BoxTools
- application version: 4.26.1.1109
- metric collection url: https://client-log.box.com/index.php?rm=box_gen204_json_record
- metric data path: C:\Users\pcedillo\AppData\Local\Box\Box Tools\Metrics\BoxTools_Metrics.db
- post callback: 05705A9E
- log callback: 05705AEE
- context: 00000000
- post interval in seconds: 600
- max records in a post: 100
- max db records: 500
- disable sender: true
[2024-11-20 16:38:43,129] [11   ] [INFO ] [] - Shutting down the metrics collector
