[2024-10-08 07:43:11,281] [14   ] [INFO ] [] - Initializing the metrics collector
[2024-10-08 07:43:11,286] [14   ] [INFO ] [] - MetricsCollector::Sender(49): _disableSentMetrics 1
[2024-10-08 07:43:11,286] [14   ] [INFO ] [] - MetricsCollector::Initialize(231): Initialized metrics collector
- session id: a0eb739b-1965-48d8-9af8-5f65453db158
- device id: 4ca35884-a93a-48fc-ad16-80b2a90aa32e
- application id: Box Tools Win exe
- application name: BoxTools
- application version: 4.26.1.1109
- metric collection url: https://client-log.box.com/index.php?rm=box_gen204_json_record
- metric data path: C:\Users\pcedillo\AppData\Local\Box\Box Tools\Metrics\BoxTools_Metrics.db
- post callback: 035D5CF6
- log callback: 035D5AC6
- context: 00000000
- post interval in seconds: 600
- max records in a post: 100
- max db records: 500
- disable sender: true
[2024-10-08 07:43:11,299] [14   ] [INFO ] [] - Shutting down the metrics collector
[2024-10-08 07:53:11,762] [16   ] [INFO ] [] - Initializing the metrics collector
[2024-10-08 07:53:11,762] [16   ] [INFO ] [] - MetricsCollector::Sender(49): _disableSentMetrics 1
[2024-10-08 07:53:11,762] [16   ] [INFO ] [] - MetricsCollector::Initialize(231): Initialized metrics collector
- session id: a0eb739b-1965-48d8-9af8-5f65453db158
- device id: 4ca35884-a93a-48fc-ad16-80b2a90aa32e
- application id: Box Tools Win exe
- application name: BoxTools
- application version: 4.26.1.1109
- metric collection url: https://client-log.box.com/index.php?rm=box_gen204_json_record
- metric data path: C:\Users\pcedillo\AppData\Local\Box\Box Tools\Metrics\BoxTools_Metrics.db
- post callback: 035D5CF6
- log callback: 035D5AC6
- context: 00000000
- post interval in seconds: 600
- max records in a post: 100
- max db records: 500
- disable sender: true
[2024-10-08 07:53:11,778] [16   ] [INFO ] [] - Shutting down the metrics collector
[2024-10-08 08:03:11,735] [8    ] [INFO ] [] - Initializing the metrics collector
[2024-10-08 08:03:11,735] [8    ] [INFO ] [] - MetricsCollector::Sender(49): _disableSentMetrics 1
[2024-10-08 08:03:11,735] [8    ] [INFO ] [] - MetricsCollector::Initialize(231): Initialized metrics collector
- session id: a0eb739b-1965-48d8-9af8-5f65453db158
- device id: 4ca35884-a93a-48fc-ad16-80b2a90aa32e
- application id: Box Tools Win exe
- application name: BoxTools
- application version: 4.26.1.1109
- metric collection url: https://client-log.box.com/index.php?rm=box_gen204_json_record
- metric data path: C:\Users\pcedillo\AppData\Local\Box\Box Tools\Metrics\BoxTools_Metrics.db
- post callback: 035D5CF6
- log callback: 035D5AC6
- context: 00000000
- post interval in seconds: 600
- max records in a post: 100
- max db records: 500
- disable sender: true
[2024-10-08 08:03:11,750] [8    ] [INFO ] [] - Shutting down the metrics collector
[2024-10-08 08:13:11,720] [15   ] [INFO ] [] - Initializing the metrics collector
[2024-10-08 08:13:11,720] [15   ] [INFO ] [] - MetricsCollector::Sender(49): _disableSentMetrics 1
[2024-10-08 08:13:11,720] [15   ] [INFO ] [] - MetricsCollector::Initialize(231): Initialized metrics collector
- session id: a0eb739b-1965-48d8-9af8-5f65453db158
- device id: 4ca35884-a93a-48fc-ad16-80b2a90aa32e
- application id: Box Tools Win exe
- application name: BoxTools
- application version: 4.26.1.1109
- metric collection url: https://client-log.box.com/index.php?rm=box_gen204_json_record
- metric data path: C:\Users\pcedillo\AppData\Local\Box\Box Tools\Metrics\BoxTools_Metrics.db
- post callback: 035D5CF6
- log callback: 035D5AC6
- context: 00000000
- post interval in seconds: 600
- max records in a post: 100
- max db records: 500
- disable sender: true
[2024-10-08 08:13:11,720] [15   ] [INFO ] [] - Shutting down the metrics collector
[2024-10-08 08:23:11,714] [13   ] [INFO ] [] - Initializing the metrics collector
[2024-10-08 08:23:11,727] [13   ] [INFO ] [] - MetricsCollector::Sender(49): _disableSentMetrics 1
[2024-10-08 08:23:11,727] [13   ] [INFO ] [] - MetricsCollector::Initialize(231): Initialized metrics collector
- session id: a0eb739b-1965-48d8-9af8-5f65453db158
- device id: 4ca35884-a93a-48fc-ad16-80b2a90aa32e
- application id: Box Tools Win exe
- application name: BoxTools
- application version: 4.26.1.1109
- metric collection url: https://client-log.box.com/index.php?rm=box_gen204_json_record
- metric data path: C:\Users\pcedillo\AppData\Local\Box\Box Tools\Metrics\BoxTools_Metrics.db
- post callback: 035D5CF6
- log callback: 035D5AC6
- context: 00000000
- post interval in seconds: 600
- max records in a post: 100
- max db records: 500
- disable sender: true
[2024-10-08 08:23:11,737] [13   ] [INFO ] [] - Shutting down the metrics collector
[2024-10-08 08:33:11,668] [17   ] [INFO ] [] - Initializing the metrics collector
[2024-10-08 08:33:11,668] [17   ] [INFO ] [] - MetricsCollector::Sender(49): _disableSentMetrics 1
[2024-10-08 08:33:11,668] [17   ] [INFO ] [] - MetricsCollector::Initialize(231): Initialized metrics collector
- session id: a0eb739b-1965-48d8-9af8-5f65453db158
- device id: 4ca35884-a93a-48fc-ad16-80b2a90aa32e
- application id: Box Tools Win exe
- application name: BoxTools
- application version: 4.26.1.1109
- metric collection url: https://client-log.box.com/index.php?rm=box_gen204_json_record
- metric data path: C:\Users\pcedillo\AppData\Local\Box\Box Tools\Metrics\BoxTools_Metrics.db
- post callback: 035D5CF6
- log callback: 035D5AC6
- context: 00000000
- post interval in seconds: 600
- max records in a post: 100
- max db records: 500
- disable sender: true
[2024-10-08 08:33:11,684] [17   ] [INFO ] [] - Shutting down the metrics collector
[2024-10-08 08:43:11,660] [18   ] [INFO ] [] - Initializing the metrics collector
[2024-10-08 08:43:11,671] [18   ] [INFO ] [] - MetricsCollector::Sender(49): _disableSentMetrics 1
[2024-10-08 08:43:11,671] [18   ] [INFO ] [] - MetricsCollector::Initialize(231): Initialized metrics collector
- session id: a0eb739b-1965-48d8-9af8-5f65453db158
- device id: 4ca35884-a93a-48fc-ad16-80b2a90aa32e
- application id: Box Tools Win exe
- application name: BoxTools
- application version: 4.26.1.1109
- metric collection url: https://client-log.box.com/index.php?rm=box_gen204_json_record
- metric data path: C:\Users\pcedillo\AppData\Local\Box\Box Tools\Metrics\BoxTools_Metrics.db
- post callback: 035D5CF6
- log callback: 035D5AC6
- context: 00000000
- post interval in seconds: 600
- max records in a post: 100
- max db records: 500
- disable sender: true
[2024-10-08 08:43:11,680] [18   ] [INFO ] [] - Shutting down the metrics collector
[2024-10-08 08:53:11,671] [20   ] [INFO ] [] - Initializing the metrics collector
[2024-10-08 08:53:11,684] [20   ] [INFO ] [] - MetricsCollector::Sender(49): _disableSentMetrics 1
[2024-10-08 08:53:11,684] [20   ] [INFO ] [] - MetricsCollector::Initialize(231): Initialized metrics collector
- session id: a0eb739b-1965-48d8-9af8-5f65453db158
- device id: 4ca35884-a93a-48fc-ad16-80b2a90aa32e
- application id: Box Tools Win exe
- application name: BoxTools
- application version: 4.26.1.1109
- metric collection url: https://client-log.box.com/index.php?rm=box_gen204_json_record
- metric data path: C:\Users\pcedillo\AppData\Local\Box\Box Tools\Metrics\BoxTools_Metrics.db
- post callback: 035D5CF6
- log callback: 035D5AC6
- context: 00000000
- post interval in seconds: 600
- max records in a post: 100
- max db records: 500
- disable sender: true
[2024-10-08 08:53:11,695] [20   ] [INFO ] [] - Shutting down the metrics collector
[2024-10-08 09:03:11,670] [19   ] [INFO ] [] - Initializing the metrics collector
[2024-10-08 09:03:11,683] [19   ] [INFO ] [] - MetricsCollector::Sender(49): _disableSentMetrics 1
[2024-10-08 09:03:11,684] [19   ] [INFO ] [] - MetricsCollector::Initialize(231): Initialized metrics collector
- session id: a0eb739b-1965-48d8-9af8-5f65453db158
- device id: 4ca35884-a93a-48fc-ad16-80b2a90aa32e
- application id: Box Tools Win exe
- application name: BoxTools
- application version: 4.26.1.1109
- metric collection url: https://client-log.box.com/index.php?rm=box_gen204_json_record
- metric data path: C:\Users\pcedillo\AppData\Local\Box\Box Tools\Metrics\BoxTools_Metrics.db
- post callback: 035D5CF6
- log callback: 035D5AC6
- context: 00000000
- post interval in seconds: 600
- max records in a post: 100
- max db records: 500
- disable sender: true
[2024-10-08 09:03:11,696] [19   ] [INFO ] [] - Shutting down the metrics collector
[2024-10-08 09:13:11,614] [21   ] [INFO ] [] - Initializing the metrics collector
[2024-10-08 09:13:11,614] [21   ] [INFO ] [] - MetricsCollector::Sender(49): _disableSentMetrics 1
[2024-10-08 09:13:11,614] [21   ] [INFO ] [] - MetricsCollector::Initialize(231): Initialized metrics collector
- session id: a0eb739b-1965-48d8-9af8-5f65453db158
- device id: 4ca35884-a93a-48fc-ad16-80b2a90aa32e
- application id: Box Tools Win exe
- application name: BoxTools
- application version: 4.26.1.1109
- metric collection url: https://client-log.box.com/index.php?rm=box_gen204_json_record
- metric data path: C:\Users\pcedillo\AppData\Local\Box\Box Tools\Metrics\BoxTools_Metrics.db
- post callback: 035D5CF6
- log callback: 035D5AC6
- context: 00000000
- post interval in seconds: 600
- max records in a post: 100
- max db records: 500
- disable sender: true
[2024-10-08 09:13:11,629] [21   ] [INFO ] [] - Shutting down the metrics collector
[2024-10-08 09:23:11,589] [22   ] [INFO ] [] - Initializing the metrics collector
[2024-10-08 09:23:11,589] [22   ] [INFO ] [] - MetricsCollector::Sender(49): _disableSentMetrics 1
[2024-10-08 09:23:11,589] [22   ] [INFO ] [] - MetricsCollector::Initialize(231): Initialized metrics collector
- session id: a0eb739b-1965-48d8-9af8-5f65453db158
- device id: 4ca35884-a93a-48fc-ad16-80b2a90aa32e
- application id: Box Tools Win exe
- application name: BoxTools
- application version: 4.26.1.1109
- metric collection url: https://client-log.box.com/index.php?rm=box_gen204_json_record
- metric data path: C:\Users\pcedillo\AppData\Local\Box\Box Tools\Metrics\BoxTools_Metrics.db
- post callback: 035D5CF6
- log callback: 035D5AC6
- context: 00000000
- post interval in seconds: 600
- max records in a post: 100
- max db records: 500
- disable sender: true
[2024-10-08 09:23:11,608] [22   ] [INFO ] [] - Shutting down the metrics collector
[2024-10-08 09:33:11,564] [23   ] [INFO ] [] - Initializing the metrics collector
[2024-10-08 09:33:11,564] [23   ] [INFO ] [] - MetricsCollector::Sender(49): _disableSentMetrics 1
[2024-10-08 09:33:11,564] [23   ] [INFO ] [] - MetricsCollector::Initialize(231): Initialized metrics collector
- session id: a0eb739b-1965-48d8-9af8-5f65453db158
- device id: 4ca35884-a93a-48fc-ad16-80b2a90aa32e
- application id: Box Tools Win exe
- application name: BoxTools
- application version: 4.26.1.1109
- metric collection url: https://client-log.box.com/index.php?rm=box_gen204_json_record
- metric data path: C:\Users\pcedillo\AppData\Local\Box\Box Tools\Metrics\BoxTools_Metrics.db
- post callback: 035D5CF6
- log callback: 035D5AC6
- context: 00000000
- post interval in seconds: 600
- max records in a post: 100
- max db records: 500
- disable sender: true
[2024-10-08 09:33:11,582] [23   ] [INFO ] [] - Shutting down the metrics collector
[2024-10-08 09:43:11,550] [24   ] [INFO ] [] - Initializing the metrics collector
[2024-10-08 09:43:11,550] [24   ] [INFO ] [] - MetricsCollector::Sender(49): _disableSentMetrics 1
[2024-10-08 09:43:11,550] [24   ] [INFO ] [] - MetricsCollector::Initialize(231): Initialized metrics collector
- session id: a0eb739b-1965-48d8-9af8-5f65453db158
- device id: 4ca35884-a93a-48fc-ad16-80b2a90aa32e
- application id: Box Tools Win exe
- application name: BoxTools
- application version: 4.26.1.1109
- metric collection url: https://client-log.box.com/index.php?rm=box_gen204_json_record
- metric data path: C:\Users\pcedillo\AppData\Local\Box\Box Tools\Metrics\BoxTools_Metrics.db
- post callback: 035D5CF6
- log callback: 035D5AC6
- context: 00000000
- post interval in seconds: 600
- max records in a post: 100
- max db records: 500
- disable sender: true
[2024-10-08 09:43:11,565] [24   ] [INFO ] [] - Shutting down the metrics collector
[2024-10-08 09:53:11,536] [25   ] [INFO ] [] - Initializing the metrics collector
[2024-10-08 09:53:11,536] [25   ] [INFO ] [] - MetricsCollector::Sender(49): _disableSentMetrics 1
[2024-10-08 09:53:11,536] [25   ] [INFO ] [] - MetricsCollector::Initialize(231): Initialized metrics collector
- session id: a0eb739b-1965-48d8-9af8-5f65453db158
- device id: 4ca35884-a93a-48fc-ad16-80b2a90aa32e
- application id: Box Tools Win exe
- application name: BoxTools
- application version: 4.26.1.1109
- metric collection url: https://client-log.box.com/index.php?rm=box_gen204_json_record
- metric data path: C:\Users\pcedillo\AppData\Local\Box\Box Tools\Metrics\BoxTools_Metrics.db
- post callback: 035D5CF6
- log callback: 035D5AC6
- context: 00000000
- post interval in seconds: 600
- max records in a post: 100
- max db records: 500
- disable sender: true
[2024-10-08 09:53:11,556] [25   ] [INFO ] [] - Shutting down the metrics collector
[2024-10-08 10:03:11,507] [27   ] [INFO ] [] - Initializing the metrics collector
[2024-10-08 10:03:11,507] [27   ] [INFO ] [] - MetricsCollector::Sender(49): _disableSentMetrics 1
[2024-10-08 10:03:11,507] [27   ] [INFO ] [] - MetricsCollector::Initialize(231): Initialized metrics collector
- session id: a0eb739b-1965-48d8-9af8-5f65453db158
- device id: 4ca35884-a93a-48fc-ad16-80b2a90aa32e
- application id: Box Tools Win exe
- application name: BoxTools
- application version: 4.26.1.1109
- metric collection url: https://client-log.box.com/index.php?rm=box_gen204_json_record
- metric data path: C:\Users\pcedillo\AppData\Local\Box\Box Tools\Metrics\BoxTools_Metrics.db
- post callback: 035D5CF6
- log callback: 035D5AC6
- context: 00000000
- post interval in seconds: 600
- max records in a post: 100
- max db records: 500
- disable sender: true
[2024-10-08 10:03:11,523] [27   ] [INFO ] [] - Shutting down the metrics collector
[2024-10-08 10:13:11,479] [26   ] [INFO ] [] - Initializing the metrics collector
[2024-10-08 10:13:11,479] [26   ] [INFO ] [] - MetricsCollector::Sender(49): _disableSentMetrics 1
[2024-10-08 10:13:11,479] [26   ] [INFO ] [] - MetricsCollector::Initialize(231): Initialized metrics collector
- session id: a0eb739b-1965-48d8-9af8-5f65453db158
- device id: 4ca35884-a93a-48fc-ad16-80b2a90aa32e
- application id: Box Tools Win exe
- application name: BoxTools
- application version: 4.26.1.1109
- metric collection url: https://client-log.box.com/index.php?rm=box_gen204_json_record
- metric data path: C:\Users\pcedillo\AppData\Local\Box\Box Tools\Metrics\BoxTools_Metrics.db
- post callback: 035D5CF6
- log callback: 035D5AC6
- context: 00000000
- post interval in seconds: 600
- max records in a post: 100
- max db records: 500
- disable sender: true
[2024-10-08 10:13:11,504] [26   ] [INFO ] [] - Shutting down the metrics collector
[2024-10-08 10:23:11,473] [29   ] [INFO ] [] - Initializing the metrics collector
[2024-10-08 10:23:11,473] [29   ] [INFO ] [] - MetricsCollector::Sender(49): _disableSentMetrics 1
[2024-10-08 10:23:11,473] [29   ] [INFO ] [] - MetricsCollector::Initialize(231): Initialized metrics collector
- session id: a0eb739b-1965-48d8-9af8-5f65453db158
- device id: 4ca35884-a93a-48fc-ad16-80b2a90aa32e
- application id: Box Tools Win exe
- application name: BoxTools
- application version: 4.26.1.1109
- metric collection url: https://client-log.box.com/index.php?rm=box_gen204_json_record
- metric data path: C:\Users\pcedillo\AppData\Local\Box\Box Tools\Metrics\BoxTools_Metrics.db
- post callback: 035D5CF6
- log callback: 035D5AC6
- context: 00000000
- post interval in seconds: 600
- max records in a post: 100
- max db records: 500
- disable sender: true
[2024-10-08 10:23:11,488] [29   ] [INFO ] [] - Shutting down the metrics collector
[2024-10-08 10:33:11,452] [30   ] [INFO ] [] - Initializing the metrics collector
[2024-10-08 10:33:11,452] [30   ] [INFO ] [] - MetricsCollector::Sender(49): _disableSentMetrics 1
[2024-10-08 10:33:11,452] [30   ] [INFO ] [] - MetricsCollector::Initialize(231): Initialized metrics collector
- session id: a0eb739b-1965-48d8-9af8-5f65453db158
- device id: 4ca35884-a93a-48fc-ad16-80b2a90aa32e
- application id: Box Tools Win exe
- application name: BoxTools
- application version: 4.26.1.1109
- metric collection url: https://client-log.box.com/index.php?rm=box_gen204_json_record
- metric data path: C:\Users\pcedillo\AppData\Local\Box\Box Tools\Metrics\BoxTools_Metrics.db
- post callback: 035D5CF6
- log callback: 035D5AC6
- context: 00000000
- post interval in seconds: 600
- max records in a post: 100
- max db records: 500
- disable sender: true
[2024-10-08 10:33:11,468] [30   ] [INFO ] [] - Shutting down the metrics collector
[2024-10-08 10:43:11,451] [28   ] [INFO ] [] - Initializing the metrics collector
[2024-10-08 10:43:11,462] [28   ] [INFO ] [] - MetricsCollector::Sender(49): _disableSentMetrics 1
[2024-10-08 10:43:11,462] [28   ] [INFO ] [] - MetricsCollector::Initialize(231): Initialized metrics collector
- session id: a0eb739b-1965-48d8-9af8-5f65453db158
- device id: 4ca35884-a93a-48fc-ad16-80b2a90aa32e
- application id: Box Tools Win exe
- application name: BoxTools
- application version: 4.26.1.1109
- metric collection url: https://client-log.box.com/index.php?rm=box_gen204_json_record
- metric data path: C:\Users\pcedillo\AppData\Local\Box\Box Tools\Metrics\BoxTools_Metrics.db
- post callback: 035D5CF6
- log callback: 035D5AC6
- context: 00000000
- post interval in seconds: 600
- max records in a post: 100
- max db records: 500
- disable sender: true
[2024-10-08 10:43:11,468] [28   ] [INFO ] [] - Shutting down the metrics collector
[2024-10-08 10:53:11,457] [39   ] [INFO ] [] - Initializing the metrics collector
[2024-10-08 10:53:11,457] [39   ] [INFO ] [] - MetricsCollector::Sender(49): _disableSentMetrics 1
[2024-10-08 10:53:11,457] [39   ] [INFO ] [] - MetricsCollector::Initialize(231): Initialized metrics collector
- session id: a0eb739b-1965-48d8-9af8-5f65453db158
- device id: 4ca35884-a93a-48fc-ad16-80b2a90aa32e
- application id: Box Tools Win exe
- application name: BoxTools
- application version: 4.26.1.1109
- metric collection url: https://client-log.box.com/index.php?rm=box_gen204_json_record
- metric data path: C:\Users\pcedillo\AppData\Local\Box\Box Tools\Metrics\BoxTools_Metrics.db
- post callback: 035D5CF6
- log callback: 035D5AC6
- context: 00000000
- post interval in seconds: 600
- max records in a post: 100
- max db records: 500
- disable sender: true
[2024-10-08 10:53:11,473] [39   ] [INFO ] [] - Shutting down the metrics collector
[2024-10-08 11:03:11,443] [40   ] [INFO ] [] - Initializing the metrics collector
[2024-10-08 11:03:11,444] [40   ] [INFO ] [] - MetricsCollector::Sender(49): _disableSentMetrics 1
[2024-10-08 11:03:11,444] [40   ] [INFO ] [] - MetricsCollector::Initialize(231): Initialized metrics collector
- session id: a0eb739b-1965-48d8-9af8-5f65453db158
- device id: 4ca35884-a93a-48fc-ad16-80b2a90aa32e
- application id: Box Tools Win exe
- application name: BoxTools
- application version: 4.26.1.1109
- metric collection url: https://client-log.box.com/index.php?rm=box_gen204_json_record
- metric data path: C:\Users\pcedillo\AppData\Local\Box\Box Tools\Metrics\BoxTools_Metrics.db
- post callback: 035D5CF6
- log callback: 035D5AC6
- context: 00000000
- post interval in seconds: 600
- max records in a post: 100
- max db records: 500
- disable sender: true
[2024-10-08 11:03:11,459] [40   ] [INFO ] [] - Shutting down the metrics collector
[2024-10-08 11:13:11,423] [41   ] [INFO ] [] - Initializing the metrics collector
[2024-10-08 11:13:11,423] [41   ] [INFO ] [] - MetricsCollector::Sender(49): _disableSentMetrics 1
[2024-10-08 11:13:11,423] [41   ] [INFO ] [] - MetricsCollector::Initialize(231): Initialized metrics collector
- session id: a0eb739b-1965-48d8-9af8-5f65453db158
- device id: 4ca35884-a93a-48fc-ad16-80b2a90aa32e
- application id: Box Tools Win exe
- application name: BoxTools
- application version: 4.26.1.1109
- metric collection url: https://client-log.box.com/index.php?rm=box_gen204_json_record
- metric data path: C:\Users\pcedillo\AppData\Local\Box\Box Tools\Metrics\BoxTools_Metrics.db
- post callback: 035D5CF6
- log callback: 035D5AC6
- context: 00000000
- post interval in seconds: 600
- max records in a post: 100
- max db records: 500
- disable sender: true
[2024-10-08 11:13:11,439] [41   ] [INFO ] [] - Shutting down the metrics collector
[2024-10-08 11:23:11,413] [42   ] [INFO ] [] - Initializing the metrics collector
[2024-10-08 11:23:11,422] [42   ] [INFO ] [] - MetricsCollector::Sender(49): _disableSentMetrics 1
[2024-10-08 11:23:11,422] [42   ] [INFO ] [] - MetricsCollector::Initialize(231): Initialized metrics collector
- session id: a0eb739b-1965-48d8-9af8-5f65453db158
- device id: 4ca35884-a93a-48fc-ad16-80b2a90aa32e
- application id: Box Tools Win exe
- application name: BoxTools
- application version: 4.26.1.1109
- metric collection url: https://client-log.box.com/index.php?rm=box_gen204_json_record
- metric data path: C:\Users\pcedillo\AppData\Local\Box\Box Tools\Metrics\BoxTools_Metrics.db
- post callback: 035D5CF6
- log callback: 035D5AC6
- context: 00000000
- post interval in seconds: 600
- max records in a post: 100
- max db records: 500
- disable sender: true
[2024-10-08 11:23:11,432] [42   ] [INFO ] [] - Shutting down the metrics collector
[2024-10-08 11:33:11,414] [43   ] [INFO ] [] - Initializing the metrics collector
[2024-10-08 11:33:11,431] [43   ] [INFO ] [] - MetricsCollector::Sender(49): _disableSentMetrics 1
[2024-10-08 11:33:11,431] [43   ] [INFO ] [] - MetricsCollector::Initialize(231): Initialized metrics collector
- session id: a0eb739b-1965-48d8-9af8-5f65453db158
- device id: 4ca35884-a93a-48fc-ad16-80b2a90aa32e
- application id: Box Tools Win exe
- application name: BoxTools
- application version: 4.26.1.1109
- metric collection url: https://client-log.box.com/index.php?rm=box_gen204_json_record
- metric data path: C:\Users\pcedillo\AppData\Local\Box\Box Tools\Metrics\BoxTools_Metrics.db
- post callback: 035D5CF6
- log callback: 035D5AC6
- context: 00000000
- post interval in seconds: 600
- max records in a post: 100
- max db records: 500
- disable sender: true
[2024-10-08 11:33:11,446] [43   ] [INFO ] [] - Shutting down the metrics collector
[2024-10-08 11:43:11,382] [44   ] [INFO ] [] - Initializing the metrics collector
[2024-10-08 11:43:11,401] [44   ] [INFO ] [] - MetricsCollector::Sender(49): _disableSentMetrics 1
[2024-10-08 11:43:11,401] [44   ] [INFO ] [] - MetricsCollector::Initialize(231): Initialized metrics collector
- session id: a0eb739b-1965-48d8-9af8-5f65453db158
- device id: 4ca35884-a93a-48fc-ad16-80b2a90aa32e
- application id: Box Tools Win exe
- application name: BoxTools
- application version: 4.26.1.1109
- metric collection url: https://client-log.box.com/index.php?rm=box_gen204_json_record
- metric data path: C:\Users\pcedillo\AppData\Local\Box\Box Tools\Metrics\BoxTools_Metrics.db
- post callback: 035D5CF6
- log callback: 035D5AC6
- context: 00000000
- post interval in seconds: 600
- max records in a post: 100
- max db records: 500
- disable sender: true
[2024-10-08 11:43:11,414] [44   ] [INFO ] [] - Shutting down the metrics collector
[2024-10-08 11:53:11,362] [45   ] [INFO ] [] - Initializing the metrics collector
[2024-10-08 11:53:11,378] [45   ] [INFO ] [] - MetricsCollector::Sender(49): _disableSentMetrics 1
[2024-10-08 11:53:11,378] [45   ] [INFO ] [] - MetricsCollector::Initialize(231): Initialized metrics collector
- session id: a0eb739b-1965-48d8-9af8-5f65453db158
- device id: 4ca35884-a93a-48fc-ad16-80b2a90aa32e
- application id: Box Tools Win exe
- application name: BoxTools
- application version: 4.26.1.1109
- metric collection url: https://client-log.box.com/index.php?rm=box_gen204_json_record
- metric data path: C:\Users\pcedillo\AppData\Local\Box\Box Tools\Metrics\BoxTools_Metrics.db
- post callback: 035D5CF6
- log callback: 035D5AC6
- context: 00000000
- post interval in seconds: 600
- max records in a post: 100
- max db records: 500
- disable sender: true
[2024-10-08 11:53:11,396] [45   ] [INFO ] [] - Shutting down the metrics collector
[2024-10-08 12:03:11,346] [46   ] [INFO ] [] - Initializing the metrics collector
[2024-10-08 12:03:11,362] [46   ] [INFO ] [] - MetricsCollector::Sender(49): _disableSentMetrics 1
[2024-10-08 12:03:11,362] [46   ] [INFO ] [] - MetricsCollector::Initialize(231): Initialized metrics collector
- session id: a0eb739b-1965-48d8-9af8-5f65453db158
- device id: 4ca35884-a93a-48fc-ad16-80b2a90aa32e
- application id: Box Tools Win exe
- application name: BoxTools
- application version: 4.26.1.1109
- metric collection url: https://client-log.box.com/index.php?rm=box_gen204_json_record
- metric data path: C:\Users\pcedillo\AppData\Local\Box\Box Tools\Metrics\BoxTools_Metrics.db
- post callback: 035D5CF6
- log callback: 035D5AC6
- context: 00000000
- post interval in seconds: 600
- max records in a post: 100
- max db records: 500
- disable sender: true
[2024-10-08 12:03:11,377] [46   ] [INFO ] [] - Shutting down the metrics collector
[2024-10-08 12:13:11,327] [47   ] [INFO ] [] - Initializing the metrics collector
[2024-10-08 12:13:11,343] [47   ] [INFO ] [] - MetricsCollector::Sender(49): _disableSentMetrics 1
[2024-10-08 12:13:11,343] [47   ] [INFO ] [] - MetricsCollector::Initialize(231): Initialized metrics collector
- session id: a0eb739b-1965-48d8-9af8-5f65453db158
- device id: 4ca35884-a93a-48fc-ad16-80b2a90aa32e
- application id: Box Tools Win exe
- application name: BoxTools
- application version: 4.26.1.1109
- metric collection url: https://client-log.box.com/index.php?rm=box_gen204_json_record
- metric data path: C:\Users\pcedillo\AppData\Local\Box\Box Tools\Metrics\BoxTools_Metrics.db
- post callback: 035D5CF6
- log callback: 035D5AC6
- context: 00000000
- post interval in seconds: 600
- max records in a post: 100
- max db records: 500
- disable sender: true
[2024-10-08 12:13:11,359] [47   ] [INFO ] [] - Shutting down the metrics collector
[2024-10-08 12:23:11,295] [48   ] [INFO ] [] - Initializing the metrics collector
[2024-10-08 12:23:11,315] [48   ] [INFO ] [] - MetricsCollector::Sender(49): _disableSentMetrics 1
[2024-10-08 12:23:11,315] [48   ] [INFO ] [] - MetricsCollector::Initialize(231): Initialized metrics collector
- session id: a0eb739b-1965-48d8-9af8-5f65453db158
- device id: 4ca35884-a93a-48fc-ad16-80b2a90aa32e
- application id: Box Tools Win exe
- application name: BoxTools
- application version: 4.26.1.1109
- metric collection url: https://client-log.box.com/index.php?rm=box_gen204_json_record
- metric data path: C:\Users\pcedillo\AppData\Local\Box\Box Tools\Metrics\BoxTools_Metrics.db
- post callback: 035D5CF6
- log callback: 035D5AC6
- context: 00000000
- post interval in seconds: 600
- max records in a post: 100
- max db records: 500
- disable sender: true
[2024-10-08 12:23:11,327] [48   ] [INFO ] [] - Shutting down the metrics collector
[2024-10-08 12:33:11,281] [49   ] [INFO ] [] - Initializing the metrics collector
[2024-10-08 12:33:11,293] [49   ] [INFO ] [] - MetricsCollector::Sender(49): _disableSentMetrics 1
[2024-10-08 12:33:11,293] [49   ] [INFO ] [] - MetricsCollector::Initialize(231): Initialized metrics collector
- session id: a0eb739b-1965-48d8-9af8-5f65453db158
- device id: 4ca35884-a93a-48fc-ad16-80b2a90aa32e
- application id: Box Tools Win exe
- application name: BoxTools
- application version: 4.26.1.1109
- metric collection url: https://client-log.box.com/index.php?rm=box_gen204_json_record
- metric data path: C:\Users\pcedillo\AppData\Local\Box\Box Tools\Metrics\BoxTools_Metrics.db
- post callback: 035D5CF6
- log callback: 035D5AC6
- context: 00000000
- post interval in seconds: 600
- max records in a post: 100
- max db records: 500
- disable sender: true
[2024-10-08 12:33:11,304] [49   ] [INFO ] [] - Shutting down the metrics collector
[2024-10-08 12:43:11,277] [50   ] [INFO ] [] - Initializing the metrics collector
[2024-10-08 12:43:11,293] [50   ] [INFO ] [] - MetricsCollector::Sender(49): _disableSentMetrics 1
[2024-10-08 12:43:11,293] [50   ] [INFO ] [] - MetricsCollector::Initialize(231): Initialized metrics collector
- session id: a0eb739b-1965-48d8-9af8-5f65453db158
- device id: 4ca35884-a93a-48fc-ad16-80b2a90aa32e
- application id: Box Tools Win exe
- application name: BoxTools
- application version: 4.26.1.1109
- metric collection url: https://client-log.box.com/index.php?rm=box_gen204_json_record
- metric data path: C:\Users\pcedillo\AppData\Local\Box\Box Tools\Metrics\BoxTools_Metrics.db
- post callback: 035D5CF6
- log callback: 035D5AC6
- context: 00000000
- post interval in seconds: 600
- max records in a post: 100
- max db records: 500
- disable sender: true
[2024-10-08 12:43:11,309] [50   ] [INFO ] [] - Shutting down the metrics collector
[2024-10-08 12:53:11,232] [51   ] [INFO ] [] - Initializing the metrics collector
[2024-10-08 12:53:11,234] [51   ] [INFO ] [] - MetricsCollector::Sender(49): _disableSentMetrics 1
[2024-10-08 12:53:11,234] [51   ] [INFO ] [] - MetricsCollector::Initialize(231): Initialized metrics collector
- session id: a0eb739b-1965-48d8-9af8-5f65453db158
- device id: 4ca35884-a93a-48fc-ad16-80b2a90aa32e
- application id: Box Tools Win exe
- application name: BoxTools
- application version: 4.26.1.1109
- metric collection url: https://client-log.box.com/index.php?rm=box_gen204_json_record
- metric data path: C:\Users\pcedillo\AppData\Local\Box\Box Tools\Metrics\BoxTools_Metrics.db
- post callback: 035D5CF6
- log callback: 035D5AC6
- context: 00000000
- post interval in seconds: 600
- max records in a post: 100
- max db records: 500
- disable sender: true
[2024-10-08 12:53:11,249] [51   ] [INFO ] [] - Shutting down the metrics collector
[2024-10-08 13:03:11,211] [52   ] [INFO ] [] - Initializing the metrics collector
[2024-10-08 13:03:11,228] [52   ] [INFO ] [] - MetricsCollector::Sender(49): _disableSentMetrics 1
[2024-10-08 13:03:11,228] [52   ] [INFO ] [] - MetricsCollector::Initialize(231): Initialized metrics collector
- session id: a0eb739b-1965-48d8-9af8-5f65453db158
- device id: 4ca35884-a93a-48fc-ad16-80b2a90aa32e
- application id: Box Tools Win exe
- application name: BoxTools
- application version: 4.26.1.1109
- metric collection url: https://client-log.box.com/index.php?rm=box_gen204_json_record
- metric data path: C:\Users\pcedillo\AppData\Local\Box\Box Tools\Metrics\BoxTools_Metrics.db
- post callback: 035D5CF6
- log callback: 035D5AC6
- context: 00000000
- post interval in seconds: 600
- max records in a post: 100
- max db records: 500
- disable sender: true
[2024-10-08 13:03:11,243] [52   ] [INFO ] [] - Shutting down the metrics collector
[2024-10-08 13:13:11,224] [53   ] [INFO ] [] - Initializing the metrics collector
[2024-10-08 13:13:11,240] [53   ] [INFO ] [] - MetricsCollector::Sender(49): _disableSentMetrics 1
[2024-10-08 13:13:11,240] [53   ] [INFO ] [] - MetricsCollector::Initialize(231): Initialized metrics collector
- session id: a0eb739b-1965-48d8-9af8-5f65453db158
- device id: 4ca35884-a93a-48fc-ad16-80b2a90aa32e
- application id: Box Tools Win exe
- application name: BoxTools
- application version: 4.26.1.1109
- metric collection url: https://client-log.box.com/index.php?rm=box_gen204_json_record
- metric data path: C:\Users\pcedillo\AppData\Local\Box\Box Tools\Metrics\BoxTools_Metrics.db
- post callback: 035D5CF6
- log callback: 035D5AC6
- context: 00000000
- post interval in seconds: 600
- max records in a post: 100
- max db records: 500
- disable sender: true
[2024-10-08 13:13:11,255] [53   ] [INFO ] [] - Shutting down the metrics collector
[2024-10-08 13:23:11,217] [54   ] [INFO ] [] - Initializing the metrics collector
[2024-10-08 13:23:11,234] [54   ] [INFO ] [] - MetricsCollector::Sender(49): _disableSentMetrics 1
[2024-10-08 13:23:11,234] [54   ] [INFO ] [] - MetricsCollector::Initialize(231): Initialized metrics collector
- session id: a0eb739b-1965-48d8-9af8-5f65453db158
- device id: 4ca35884-a93a-48fc-ad16-80b2a90aa32e
- application id: Box Tools Win exe
- application name: BoxTools
- application version: 4.26.1.1109
- metric collection url: https://client-log.box.com/index.php?rm=box_gen204_json_record
- metric data path: C:\Users\pcedillo\AppData\Local\Box\Box Tools\Metrics\BoxTools_Metrics.db
- post callback: 035D5CF6
- log callback: 035D5AC6
- context: 00000000
- post interval in seconds: 600
- max records in a post: 100
- max db records: 500
- disable sender: true
[2024-10-08 13:23:11,249] [54   ] [INFO ] [] - Shutting down the metrics collector
[2024-10-08 13:33:11,223] [55   ] [INFO ] [] - Initializing the metrics collector
[2024-10-08 13:33:11,241] [55   ] [INFO ] [] - MetricsCollector::Sender(49): _disableSentMetrics 1
[2024-10-08 13:33:11,241] [55   ] [INFO ] [] - MetricsCollector::Initialize(231): Initialized metrics collector
- session id: a0eb739b-1965-48d8-9af8-5f65453db158
- device id: 4ca35884-a93a-48fc-ad16-80b2a90aa32e
- application id: Box Tools Win exe
- application name: BoxTools
- application version: 4.26.1.1109
- metric collection url: https://client-log.box.com/index.php?rm=box_gen204_json_record
- metric data path: C:\Users\pcedillo\AppData\Local\Box\Box Tools\Metrics\BoxTools_Metrics.db
- post callback: 035D5CF6
- log callback: 035D5AC6
- context: 00000000
- post interval in seconds: 600
- max records in a post: 100
- max db records: 500
- disable sender: true
[2024-10-08 13:33:11,256] [55   ] [INFO ] [] - Shutting down the metrics collector
[2024-10-08 13:43:11,228] [56   ] [INFO ] [] - Initializing the metrics collector
[2024-10-08 13:43:11,244] [56   ] [INFO ] [] - MetricsCollector::Sender(49): _disableSentMetrics 1
[2024-10-08 13:43:11,244] [56   ] [INFO ] [] - MetricsCollector::Initialize(231): Initialized metrics collector
- session id: a0eb739b-1965-48d8-9af8-5f65453db158
- device id: 4ca35884-a93a-48fc-ad16-80b2a90aa32e
- application id: Box Tools Win exe
- application name: BoxTools
- application version: 4.26.1.1109
- metric collection url: https://client-log.box.com/index.php?rm=box_gen204_json_record
- metric data path: C:\Users\pcedillo\AppData\Local\Box\Box Tools\Metrics\BoxTools_Metrics.db
- post callback: 035D5CF6
- log callback: 035D5AC6
- context: 00000000
- post interval in seconds: 600
- max records in a post: 100
- max db records: 500
- disable sender: true
[2024-10-08 13:43:11,259] [56   ] [INFO ] [] - Shutting down the metrics collector
[2024-10-08 13:53:11,217] [57   ] [INFO ] [] - Initializing the metrics collector
[2024-10-08 13:53:11,229] [57   ] [INFO ] [] - MetricsCollector::Sender(49): _disableSentMetrics 1
[2024-10-08 13:53:11,229] [57   ] [INFO ] [] - MetricsCollector::Initialize(231): Initialized metrics collector
- session id: a0eb739b-1965-48d8-9af8-5f65453db158
- device id: 4ca35884-a93a-48fc-ad16-80b2a90aa32e
- application id: Box Tools Win exe
- application name: BoxTools
- application version: 4.26.1.1109
- metric collection url: https://client-log.box.com/index.php?rm=box_gen204_json_record
- metric data path: C:\Users\pcedillo\AppData\Local\Box\Box Tools\Metrics\BoxTools_Metrics.db
- post callback: 035D5CF6
- log callback: 035D5AC6
- context: 00000000
- post interval in seconds: 600
- max records in a post: 100
- max db records: 500
- disable sender: true
[2024-10-08 13:53:11,240] [57   ] [INFO ] [] - Shutting down the metrics collector
[2024-10-08 14:03:11,147] [58   ] [INFO ] [] - Initializing the metrics collector
[2024-10-08 14:03:11,162] [58   ] [INFO ] [] - MetricsCollector::Sender(49): _disableSentMetrics 1
[2024-10-08 14:03:11,162] [58   ] [INFO ] [] - MetricsCollector::Initialize(231): Initialized metrics collector
- session id: a0eb739b-1965-48d8-9af8-5f65453db158
- device id: 4ca35884-a93a-48fc-ad16-80b2a90aa32e
- application id: Box Tools Win exe
- application name: BoxTools
- application version: 4.26.1.1109
- metric collection url: https://client-log.box.com/index.php?rm=box_gen204_json_record
- metric data path: C:\Users\pcedillo\AppData\Local\Box\Box Tools\Metrics\BoxTools_Metrics.db
- post callback: 035D5CF6
- log callback: 035D5AC6
- context: 00000000
- post interval in seconds: 600
- max records in a post: 100
- max db records: 500
- disable sender: true
[2024-10-08 14:03:11,178] [58   ] [INFO ] [] - Shutting down the metrics collector
[2024-10-08 17:00:47,753] [38   ] [INFO ] [] - Initializing the metrics collector
[2024-10-08 17:00:47,763] [38   ] [INFO ] [] - MetricsCollector::Sender(49): _disableSentMetrics 1
[2024-10-08 17:00:47,763] [38   ] [INFO ] [] - MetricsCollector::Initialize(231): Initialized metrics collector
- session id: a0eb739b-1965-48d8-9af8-5f65453db158
- device id: 4ca35884-a93a-48fc-ad16-80b2a90aa32e
- application id: Box Tools Win exe
- application name: BoxTools
- application version: 4.26.1.1109
- metric collection url: https://client-log.box.com/index.php?rm=box_gen204_json_record
- metric data path: C:\Users\pcedillo\AppData\Local\Box\Box Tools\Metrics\BoxTools_Metrics.db
- post callback: 035D5CF6
- log callback: 035D5AC6
- context: 00000000
- post interval in seconds: 600
- max records in a post: 100
- max db records: 500
- disable sender: true
[2024-10-08 17:00:47,774] [38   ] [INFO ] [] - Shutting down the metrics collector
