[2025-02-13 08:12:26,815] [23   ] [INFO ] [] - Initializing the metrics collector
[2025-02-13 08:12:26,836] [23   ] [INFO ] [] - MetricsCollector::Sender(49): _disableSentMetrics 1
[2025-02-13 08:12:26,837] [23   ] [INFO ] [] - MetricsCollector::Initialize(231): Initialized metrics collector
- session id: 6b5931f1-ea3d-48ca-b31e-cbdb266bcb86
- device id: 4ca35884-a93a-48fc-ad16-80b2a90aa32e
- application id: Box Tools Win exe
- application name: BoxTools
- application version: 4.28.0.1161
- metric collection url: https://client-log.box.com/index.php?rm=box_gen204_json_record
- metric data path: C:\Users\pcedillo\AppData\Local\Box\Box Tools\Metrics\BoxTools_Metrics.db
- post callback: 05995D6E
- log callback: 05995A26
- context: 00000000
- post interval in seconds: 600
- max records in a post: 100
- max db records: 500
- disable sender: true
[2025-02-13 08:12:26,851] [23   ] [INFO ] [] - Shutting down the metrics collector
[2025-02-13 08:22:27,587] [23   ] [INFO ] [] - Initializing the metrics collector
[2025-02-13 08:22:27,610] [23   ] [INFO ] [] - MetricsCollector::Sender(49): _disableSentMetrics 1
[2025-02-13 08:22:27,611] [23   ] [INFO ] [] - MetricsCollector::Initialize(231): Initialized metrics collector
- session id: 6b5931f1-ea3d-48ca-b31e-cbdb266bcb86
- device id: 4ca35884-a93a-48fc-ad16-80b2a90aa32e
- application id: Box Tools Win exe
- application name: BoxTools
- application version: 4.28.0.1161
- metric collection url: https://client-log.box.com/index.php?rm=box_gen204_json_record
- metric data path: C:\Users\pcedillo\AppData\Local\Box\Box Tools\Metrics\BoxTools_Metrics.db
- post callback: 05995D6E
- log callback: 05995A26
- context: 00000000
- post interval in seconds: 600
- max records in a post: 100
- max db records: 500
- disable sender: true
[2025-02-13 08:22:27,629] [23   ] [INFO ] [] - Shutting down the metrics collector
[2025-02-13 08:32:27,513] [21   ] [INFO ] [] - Initializing the metrics collector
[2025-02-13 08:32:27,528] [21   ] [INFO ] [] - MetricsCollector::Sender(49): _disableSentMetrics 1
[2025-02-13 08:32:27,529] [21   ] [INFO ] [] - MetricsCollector::Initialize(231): Initialized metrics collector
- session id: 6b5931f1-ea3d-48ca-b31e-cbdb266bcb86
- device id: 4ca35884-a93a-48fc-ad16-80b2a90aa32e
- application id: Box Tools Win exe
- application name: BoxTools
- application version: 4.28.0.1161
- metric collection url: https://client-log.box.com/index.php?rm=box_gen204_json_record
- metric data path: C:\Users\pcedillo\AppData\Local\Box\Box Tools\Metrics\BoxTools_Metrics.db
- post callback: 05995D6E
- log callback: 05995A26
- context: 00000000
- post interval in seconds: 600
- max records in a post: 100
- max db records: 500
- disable sender: true
[2025-02-13 08:32:27,544] [21   ] [INFO ] [] - Shutting down the metrics collector
[2025-02-13 08:42:27,512] [12   ] [INFO ] [] - Initializing the metrics collector
[2025-02-13 08:42:27,532] [12   ] [INFO ] [] - MetricsCollector::Sender(49): _disableSentMetrics 1
[2025-02-13 08:42:27,533] [12   ] [INFO ] [] - MetricsCollector::Initialize(231): Initialized metrics collector
- session id: 6b5931f1-ea3d-48ca-b31e-cbdb266bcb86
- device id: 4ca35884-a93a-48fc-ad16-80b2a90aa32e
- application id: Box Tools Win exe
- application name: BoxTools
- application version: 4.28.0.1161
- metric collection url: https://client-log.box.com/index.php?rm=box_gen204_json_record
- metric data path: C:\Users\pcedillo\AppData\Local\Box\Box Tools\Metrics\BoxTools_Metrics.db
- post callback: 05995D6E
- log callback: 05995A26
- context: 00000000
- post interval in seconds: 600
- max records in a post: 100
- max db records: 500
- disable sender: true
[2025-02-13 08:42:27,551] [12   ] [INFO ] [] - Shutting down the metrics collector
[2025-02-13 08:52:27,508] [7    ] [INFO ] [] - Initializing the metrics collector
[2025-02-13 08:52:27,528] [7    ] [INFO ] [] - MetricsCollector::Sender(49): _disableSentMetrics 1
[2025-02-13 08:52:27,530] [7    ] [INFO ] [] - MetricsCollector::Initialize(231): Initialized metrics collector
- session id: 6b5931f1-ea3d-48ca-b31e-cbdb266bcb86
- device id: 4ca35884-a93a-48fc-ad16-80b2a90aa32e
- application id: Box Tools Win exe
- application name: BoxTools
- application version: 4.28.0.1161
- metric collection url: https://client-log.box.com/index.php?rm=box_gen204_json_record
- metric data path: C:\Users\pcedillo\AppData\Local\Box\Box Tools\Metrics\BoxTools_Metrics.db
- post callback: 05995D6E
- log callback: 05995A26
- context: 00000000
- post interval in seconds: 600
- max records in a post: 100
- max db records: 500
- disable sender: true
[2025-02-13 08:52:27,546] [7    ] [INFO ] [] - Shutting down the metrics collector
[2025-02-13 09:02:27,515] [7    ] [INFO ] [] - Initializing the metrics collector
[2025-02-13 09:02:27,535] [7    ] [INFO ] [] - MetricsCollector::Sender(49): _disableSentMetrics 1
[2025-02-13 09:02:27,537] [7    ] [INFO ] [] - MetricsCollector::Initialize(231): Initialized metrics collector
- session id: 6b5931f1-ea3d-48ca-b31e-cbdb266bcb86
- device id: 4ca35884-a93a-48fc-ad16-80b2a90aa32e
- application id: Box Tools Win exe
- application name: BoxTools
- application version: 4.28.0.1161
- metric collection url: https://client-log.box.com/index.php?rm=box_gen204_json_record
- metric data path: C:\Users\pcedillo\AppData\Local\Box\Box Tools\Metrics\BoxTools_Metrics.db
- post callback: 05995D6E
- log callback: 05995A26
- context: 00000000
- post interval in seconds: 600
- max records in a post: 100
- max db records: 500
- disable sender: true
[2025-02-13 09:02:27,555] [7    ] [INFO ] [] - Shutting down the metrics collector
[2025-02-13 09:12:27,521] [22   ] [INFO ] [] - Initializing the metrics collector
[2025-02-13 09:12:27,537] [22   ] [INFO ] [] - MetricsCollector::Sender(49): _disableSentMetrics 1
[2025-02-13 09:12:27,539] [22   ] [INFO ] [] - MetricsCollector::Initialize(231): Initialized metrics collector
- session id: 6b5931f1-ea3d-48ca-b31e-cbdb266bcb86
- device id: 4ca35884-a93a-48fc-ad16-80b2a90aa32e
- application id: Box Tools Win exe
- application name: BoxTools
- application version: 4.28.0.1161
- metric collection url: https://client-log.box.com/index.php?rm=box_gen204_json_record
- metric data path: C:\Users\pcedillo\AppData\Local\Box\Box Tools\Metrics\BoxTools_Metrics.db
- post callback: 05995D6E
- log callback: 05995A26
- context: 00000000
- post interval in seconds: 600
- max records in a post: 100
- max db records: 500
- disable sender: true
[2025-02-13 09:12:27,558] [22   ] [INFO ] [] - Shutting down the metrics collector
[2025-02-13 09:22:27,467] [21   ] [INFO ] [] - Initializing the metrics collector
[2025-02-13 09:22:27,489] [21   ] [INFO ] [] - MetricsCollector::Sender(49): _disableSentMetrics 1
[2025-02-13 09:22:27,490] [21   ] [INFO ] [] - MetricsCollector::Initialize(231): Initialized metrics collector
- session id: 6b5931f1-ea3d-48ca-b31e-cbdb266bcb86
- device id: 4ca35884-a93a-48fc-ad16-80b2a90aa32e
- application id: Box Tools Win exe
- application name: BoxTools
- application version: 4.28.0.1161
- metric collection url: https://client-log.box.com/index.php?rm=box_gen204_json_record
- metric data path: C:\Users\pcedillo\AppData\Local\Box\Box Tools\Metrics\BoxTools_Metrics.db
- post callback: 05995D6E
- log callback: 05995A26
- context: 00000000
- post interval in seconds: 600
- max records in a post: 100
- max db records: 500
- disable sender: true
[2025-02-13 09:22:27,511] [21   ] [INFO ] [] - Shutting down the metrics collector
[2025-02-13 09:32:27,344] [12   ] [INFO ] [] - Initializing the metrics collector
[2025-02-13 09:32:27,360] [12   ] [INFO ] [] - MetricsCollector::Sender(49): _disableSentMetrics 1
[2025-02-13 09:32:27,361] [12   ] [INFO ] [] - MetricsCollector::Initialize(231): Initialized metrics collector
- session id: 6b5931f1-ea3d-48ca-b31e-cbdb266bcb86
- device id: 4ca35884-a93a-48fc-ad16-80b2a90aa32e
- application id: Box Tools Win exe
- application name: BoxTools
- application version: 4.28.0.1161
- metric collection url: https://client-log.box.com/index.php?rm=box_gen204_json_record
- metric data path: C:\Users\pcedillo\AppData\Local\Box\Box Tools\Metrics\BoxTools_Metrics.db
- post callback: 05995D6E
- log callback: 05995A26
- context: 00000000
- post interval in seconds: 600
- max records in a post: 100
- max db records: 500
- disable sender: true
[2025-02-13 09:32:27,381] [12   ] [INFO ] [] - Shutting down the metrics collector
[2025-02-13 09:42:27,367] [12   ] [INFO ] [] - Initializing the metrics collector
[2025-02-13 09:42:27,475] [12   ] [INFO ] [] - MetricsCollector::Sender(49): _disableSentMetrics 1
[2025-02-13 09:42:27,477] [12   ] [INFO ] [] - MetricsCollector::Initialize(231): Initialized metrics collector
- session id: 6b5931f1-ea3d-48ca-b31e-cbdb266bcb86
- device id: 4ca35884-a93a-48fc-ad16-80b2a90aa32e
- application id: Box Tools Win exe
- application name: BoxTools
- application version: 4.28.0.1161
- metric collection url: https://client-log.box.com/index.php?rm=box_gen204_json_record
- metric data path: C:\Users\pcedillo\AppData\Local\Box\Box Tools\Metrics\BoxTools_Metrics.db
- post callback: 05995D6E
- log callback: 05995A26
- context: 00000000
- post interval in seconds: 600
- max records in a post: 100
- max db records: 500
- disable sender: true
[2025-02-13 09:42:27,527] [12   ] [INFO ] [] - Shutting down the metrics collector
[2025-02-13 09:52:27,367] [12   ] [INFO ] [] - Initializing the metrics collector
[2025-02-13 09:52:27,374] [12   ] [INFO ] [] - MetricsCollector::Sender(49): _disableSentMetrics 1
[2025-02-13 09:52:27,374] [12   ] [INFO ] [] - MetricsCollector::Initialize(231): Initialized metrics collector
- session id: 6b5931f1-ea3d-48ca-b31e-cbdb266bcb86
- device id: 4ca35884-a93a-48fc-ad16-80b2a90aa32e
- application id: Box Tools Win exe
- application name: BoxTools
- application version: 4.28.0.1161
- metric collection url: https://client-log.box.com/index.php?rm=box_gen204_json_record
- metric data path: C:\Users\pcedillo\AppData\Local\Box\Box Tools\Metrics\BoxTools_Metrics.db
- post callback: 05995D6E
- log callback: 05995A26
- context: 00000000
- post interval in seconds: 600
- max records in a post: 100
- max db records: 500
- disable sender: true
[2025-02-13 09:52:27,381] [12   ] [INFO ] [] - Shutting down the metrics collector
[2025-02-13 10:02:27,245] [22   ] [INFO ] [] - Initializing the metrics collector
[2025-02-13 10:02:27,259] [22   ] [INFO ] [] - MetricsCollector::Sender(49): _disableSentMetrics 1
[2025-02-13 10:02:27,259] [22   ] [INFO ] [] - MetricsCollector::Initialize(231): Initialized metrics collector
- session id: 6b5931f1-ea3d-48ca-b31e-cbdb266bcb86
- device id: 4ca35884-a93a-48fc-ad16-80b2a90aa32e
- application id: Box Tools Win exe
- application name: BoxTools
- application version: 4.28.0.1161
- metric collection url: https://client-log.box.com/index.php?rm=box_gen204_json_record
- metric data path: C:\Users\pcedillo\AppData\Local\Box\Box Tools\Metrics\BoxTools_Metrics.db
- post callback: 05995D6E
- log callback: 05995A26
- context: 00000000
- post interval in seconds: 600
- max records in a post: 100
- max db records: 500
- disable sender: true
[2025-02-13 10:02:27,270] [22   ] [INFO ] [] - Shutting down the metrics collector
[2025-02-13 10:12:27,222] [21   ] [INFO ] [] - Initializing the metrics collector
[2025-02-13 10:12:27,234] [21   ] [INFO ] [] - MetricsCollector::Sender(49): _disableSentMetrics 1
[2025-02-13 10:12:27,235] [21   ] [INFO ] [] - MetricsCollector::Initialize(231): Initialized metrics collector
- session id: 6b5931f1-ea3d-48ca-b31e-cbdb266bcb86
- device id: 4ca35884-a93a-48fc-ad16-80b2a90aa32e
- application id: Box Tools Win exe
- application name: BoxTools
- application version: 4.28.0.1161
- metric collection url: https://client-log.box.com/index.php?rm=box_gen204_json_record
- metric data path: C:\Users\pcedillo\AppData\Local\Box\Box Tools\Metrics\BoxTools_Metrics.db
- post callback: 05995D6E
- log callback: 05995A26
- context: 00000000
- post interval in seconds: 600
- max records in a post: 100
- max db records: 500
- disable sender: true
[2025-02-13 10:12:27,245] [21   ] [INFO ] [] - Shutting down the metrics collector
[2025-02-13 10:22:27,228] [23   ] [INFO ] [] - Initializing the metrics collector
[2025-02-13 10:22:27,245] [23   ] [INFO ] [] - MetricsCollector::Sender(49): _disableSentMetrics 1
[2025-02-13 10:22:27,245] [23   ] [INFO ] [] - MetricsCollector::Initialize(231): Initialized metrics collector
- session id: 6b5931f1-ea3d-48ca-b31e-cbdb266bcb86
- device id: 4ca35884-a93a-48fc-ad16-80b2a90aa32e
- application id: Box Tools Win exe
- application name: BoxTools
- application version: 4.28.0.1161
- metric collection url: https://client-log.box.com/index.php?rm=box_gen204_json_record
- metric data path: C:\Users\pcedillo\AppData\Local\Box\Box Tools\Metrics\BoxTools_Metrics.db
- post callback: 05995D6E
- log callback: 05995A26
- context: 00000000
- post interval in seconds: 600
- max records in a post: 100
- max db records: 500
- disable sender: true
[2025-02-13 10:22:27,261] [23   ] [INFO ] [] - Shutting down the metrics collector
[2025-02-13 10:32:27,231] [20   ] [INFO ] [] - Initializing the metrics collector
[2025-02-13 10:32:27,244] [20   ] [INFO ] [] - MetricsCollector::Sender(49): _disableSentMetrics 1
[2025-02-13 10:32:27,244] [20   ] [INFO ] [] - MetricsCollector::Initialize(231): Initialized metrics collector
- session id: 6b5931f1-ea3d-48ca-b31e-cbdb266bcb86
- device id: 4ca35884-a93a-48fc-ad16-80b2a90aa32e
- application id: Box Tools Win exe
- application name: BoxTools
- application version: 4.28.0.1161
- metric collection url: https://client-log.box.com/index.php?rm=box_gen204_json_record
- metric data path: C:\Users\pcedillo\AppData\Local\Box\Box Tools\Metrics\BoxTools_Metrics.db
- post callback: 05995D6E
- log callback: 05995A26
- context: 00000000
- post interval in seconds: 600
- max records in a post: 100
- max db records: 500
- disable sender: true
[2025-02-13 10:32:27,255] [20   ] [INFO ] [] - Shutting down the metrics collector
[2025-02-13 10:42:27,238] [19   ] [INFO ] [] - Initializing the metrics collector
[2025-02-13 10:42:27,245] [19   ] [INFO ] [] - MetricsCollector::Sender(49): _disableSentMetrics 1
[2025-02-13 10:42:27,245] [19   ] [INFO ] [] - MetricsCollector::Initialize(231): Initialized metrics collector
- session id: 6b5931f1-ea3d-48ca-b31e-cbdb266bcb86
- device id: 4ca35884-a93a-48fc-ad16-80b2a90aa32e
- application id: Box Tools Win exe
- application name: BoxTools
- application version: 4.28.0.1161
- metric collection url: https://client-log.box.com/index.php?rm=box_gen204_json_record
- metric data path: C:\Users\pcedillo\AppData\Local\Box\Box Tools\Metrics\BoxTools_Metrics.db
- post callback: 05995D6E
- log callback: 05995A26
- context: 00000000
- post interval in seconds: 600
- max records in a post: 100
- max db records: 500
- disable sender: true
[2025-02-13 10:42:27,249] [19   ] [INFO ] [] - Shutting down the metrics collector
[2025-02-13 10:52:27,083] [16   ] [INFO ] [] - Initializing the metrics collector
[2025-02-13 10:52:27,089] [16   ] [INFO ] [] - MetricsCollector::Sender(49): _disableSentMetrics 1
[2025-02-13 10:52:27,089] [16   ] [INFO ] [] - MetricsCollector::Initialize(231): Initialized metrics collector
- session id: 6b5931f1-ea3d-48ca-b31e-cbdb266bcb86
- device id: 4ca35884-a93a-48fc-ad16-80b2a90aa32e
- application id: Box Tools Win exe
- application name: BoxTools
- application version: 4.28.0.1161
- metric collection url: https://client-log.box.com/index.php?rm=box_gen204_json_record
- metric data path: C:\Users\pcedillo\AppData\Local\Box\Box Tools\Metrics\BoxTools_Metrics.db
- post callback: 05995D6E
- log callback: 05995A26
- context: 00000000
- post interval in seconds: 600
- max records in a post: 100
- max db records: 500
- disable sender: true
[2025-02-13 10:52:27,097] [16   ] [INFO ] [] - Shutting down the metrics collector
[2025-02-13 11:02:27,028] [14   ] [INFO ] [] - Initializing the metrics collector
[2025-02-13 11:02:27,039] [14   ] [INFO ] [] - MetricsCollector::Sender(49): _disableSentMetrics 1
[2025-02-13 11:02:27,040] [14   ] [INFO ] [] - MetricsCollector::Initialize(231): Initialized metrics collector
- session id: 6b5931f1-ea3d-48ca-b31e-cbdb266bcb86
- device id: 4ca35884-a93a-48fc-ad16-80b2a90aa32e
- application id: Box Tools Win exe
- application name: BoxTools
- application version: 4.28.0.1161
- metric collection url: https://client-log.box.com/index.php?rm=box_gen204_json_record
- metric data path: C:\Users\pcedillo\AppData\Local\Box\Box Tools\Metrics\BoxTools_Metrics.db
- post callback: 05995D6E
- log callback: 05995A26
- context: 00000000
- post interval in seconds: 600
- max records in a post: 100
- max db records: 500
- disable sender: true
[2025-02-13 11:02:27,053] [14   ] [INFO ] [] - Shutting down the metrics collector
[2025-02-13 11:12:26,959] [8    ] [INFO ] [] - Initializing the metrics collector
[2025-02-13 11:12:26,974] [8    ] [INFO ] [] - MetricsCollector::Sender(49): _disableSentMetrics 1
[2025-02-13 11:12:26,974] [8    ] [INFO ] [] - MetricsCollector::Initialize(231): Initialized metrics collector
- session id: 6b5931f1-ea3d-48ca-b31e-cbdb266bcb86
- device id: 4ca35884-a93a-48fc-ad16-80b2a90aa32e
- application id: Box Tools Win exe
- application name: BoxTools
- application version: 4.28.0.1161
- metric collection url: https://client-log.box.com/index.php?rm=box_gen204_json_record
- metric data path: C:\Users\pcedillo\AppData\Local\Box\Box Tools\Metrics\BoxTools_Metrics.db
- post callback: 05995D6E
- log callback: 05995A26
- context: 00000000
- post interval in seconds: 600
- max records in a post: 100
- max db records: 500
- disable sender: true
[2025-02-13 11:12:26,986] [8    ] [INFO ] [] - Shutting down the metrics collector
[2025-02-13 11:22:26,957] [13   ] [INFO ] [] - Initializing the metrics collector
[2025-02-13 11:22:26,968] [13   ] [INFO ] [] - MetricsCollector::Sender(49): _disableSentMetrics 1
[2025-02-13 11:22:26,970] [13   ] [INFO ] [] - MetricsCollector::Initialize(231): Initialized metrics collector
- session id: 6b5931f1-ea3d-48ca-b31e-cbdb266bcb86
- device id: 4ca35884-a93a-48fc-ad16-80b2a90aa32e
- application id: Box Tools Win exe
- application name: BoxTools
- application version: 4.28.0.1161
- metric collection url: https://client-log.box.com/index.php?rm=box_gen204_json_record
- metric data path: C:\Users\pcedillo\AppData\Local\Box\Box Tools\Metrics\BoxTools_Metrics.db
- post callback: 05995D6E
- log callback: 05995A26
- context: 00000000
- post interval in seconds: 600
- max records in a post: 100
- max db records: 500
- disable sender: true
[2025-02-13 11:22:26,983] [13   ] [INFO ] [] - Shutting down the metrics collector
[2025-02-13 11:32:26,952] [3    ] [INFO ] [] - Initializing the metrics collector
[2025-02-13 11:32:26,962] [3    ] [INFO ] [] - MetricsCollector::Sender(49): _disableSentMetrics 1
[2025-02-13 11:32:26,963] [3    ] [INFO ] [] - MetricsCollector::Initialize(231): Initialized metrics collector
- session id: 6b5931f1-ea3d-48ca-b31e-cbdb266bcb86
- device id: 4ca35884-a93a-48fc-ad16-80b2a90aa32e
- application id: Box Tools Win exe
- application name: BoxTools
- application version: 4.28.0.1161
- metric collection url: https://client-log.box.com/index.php?rm=box_gen204_json_record
- metric data path: C:\Users\pcedillo\AppData\Local\Box\Box Tools\Metrics\BoxTools_Metrics.db
- post callback: 05995D6E
- log callback: 05995A26
- context: 00000000
- post interval in seconds: 600
- max records in a post: 100
- max db records: 500
- disable sender: true
[2025-02-13 11:32:26,972] [3    ] [INFO ] [] - Shutting down the metrics collector
[2025-02-13 11:42:26,871] [17   ] [INFO ] [] - Initializing the metrics collector
[2025-02-13 11:42:26,883] [17   ] [INFO ] [] - MetricsCollector::Sender(49): _disableSentMetrics 1
[2025-02-13 11:42:26,884] [17   ] [INFO ] [] - MetricsCollector::Initialize(231): Initialized metrics collector
- session id: 6b5931f1-ea3d-48ca-b31e-cbdb266bcb86
- device id: 4ca35884-a93a-48fc-ad16-80b2a90aa32e
- application id: Box Tools Win exe
- application name: BoxTools
- application version: 4.28.0.1161
- metric collection url: https://client-log.box.com/index.php?rm=box_gen204_json_record
- metric data path: C:\Users\pcedillo\AppData\Local\Box\Box Tools\Metrics\BoxTools_Metrics.db
- post callback: 05995D6E
- log callback: 05995A26
- context: 00000000
- post interval in seconds: 600
- max records in a post: 100
- max db records: 500
- disable sender: true
[2025-02-13 11:42:26,898] [17   ] [INFO ] [] - Shutting down the metrics collector
[2025-02-13 11:52:26,837] [17   ] [INFO ] [] - Initializing the metrics collector
[2025-02-13 11:52:26,850] [17   ] [INFO ] [] - MetricsCollector::Sender(49): _disableSentMetrics 1
[2025-02-13 11:52:26,852] [17   ] [INFO ] [] - MetricsCollector::Initialize(231): Initialized metrics collector
- session id: 6b5931f1-ea3d-48ca-b31e-cbdb266bcb86
- device id: 4ca35884-a93a-48fc-ad16-80b2a90aa32e
- application id: Box Tools Win exe
- application name: BoxTools
- application version: 4.28.0.1161
- metric collection url: https://client-log.box.com/index.php?rm=box_gen204_json_record
- metric data path: C:\Users\pcedillo\AppData\Local\Box\Box Tools\Metrics\BoxTools_Metrics.db
- post callback: 05995D6E
- log callback: 05995A26
- context: 00000000
- post interval in seconds: 600
- max records in a post: 100
- max db records: 500
- disable sender: true
[2025-02-13 11:52:26,864] [17   ] [INFO ] [] - Shutting down the metrics collector
[2025-02-13 12:02:26,831] [7    ] [INFO ] [] - Initializing the metrics collector
[2025-02-13 12:02:26,843] [7    ] [INFO ] [] - MetricsCollector::Sender(49): _disableSentMetrics 1
[2025-02-13 12:02:26,844] [7    ] [INFO ] [] - MetricsCollector::Initialize(231): Initialized metrics collector
- session id: 6b5931f1-ea3d-48ca-b31e-cbdb266bcb86
- device id: 4ca35884-a93a-48fc-ad16-80b2a90aa32e
- application id: Box Tools Win exe
- application name: BoxTools
- application version: 4.28.0.1161
- metric collection url: https://client-log.box.com/index.php?rm=box_gen204_json_record
- metric data path: C:\Users\pcedillo\AppData\Local\Box\Box Tools\Metrics\BoxTools_Metrics.db
- post callback: 05995D6E
- log callback: 05995A26
- context: 00000000
- post interval in seconds: 600
- max records in a post: 100
- max db records: 500
- disable sender: true
[2025-02-13 12:02:26,857] [7    ] [INFO ] [] - Shutting down the metrics collector
[2025-02-13 12:12:26,810] [17   ] [INFO ] [] - Initializing the metrics collector
[2025-02-13 12:12:26,821] [17   ] [INFO ] [] - MetricsCollector::Sender(49): _disableSentMetrics 1
[2025-02-13 12:12:26,822] [17   ] [INFO ] [] - MetricsCollector::Initialize(231): Initialized metrics collector
- session id: 6b5931f1-ea3d-48ca-b31e-cbdb266bcb86
- device id: 4ca35884-a93a-48fc-ad16-80b2a90aa32e
- application id: Box Tools Win exe
- application name: BoxTools
- application version: 4.28.0.1161
- metric collection url: https://client-log.box.com/index.php?rm=box_gen204_json_record
- metric data path: C:\Users\pcedillo\AppData\Local\Box\Box Tools\Metrics\BoxTools_Metrics.db
- post callback: 05995D6E
- log callback: 05995A26
- context: 00000000
- post interval in seconds: 600
- max records in a post: 100
- max db records: 500
- disable sender: true
[2025-02-13 12:12:26,833] [17   ] [INFO ] [] - Shutting down the metrics collector
[2025-02-13 12:22:26,738] [13   ] [INFO ] [] - Initializing the metrics collector
[2025-02-13 12:22:26,749] [13   ] [INFO ] [] - MetricsCollector::Sender(49): _disableSentMetrics 1
[2025-02-13 12:22:26,750] [13   ] [INFO ] [] - MetricsCollector::Initialize(231): Initialized metrics collector
- session id: 6b5931f1-ea3d-48ca-b31e-cbdb266bcb86
- device id: 4ca35884-a93a-48fc-ad16-80b2a90aa32e
- application id: Box Tools Win exe
- application name: BoxTools
- application version: 4.28.0.1161
- metric collection url: https://client-log.box.com/index.php?rm=box_gen204_json_record
- metric data path: C:\Users\pcedillo\AppData\Local\Box\Box Tools\Metrics\BoxTools_Metrics.db
- post callback: 05995D6E
- log callback: 05995A26
- context: 00000000
- post interval in seconds: 600
- max records in a post: 100
- max db records: 500
- disable sender: true
[2025-02-13 12:22:26,760] [13   ] [INFO ] [] - Shutting down the metrics collector
[2025-02-13 12:32:26,706] [8    ] [INFO ] [] - Initializing the metrics collector
[2025-02-13 12:32:26,718] [8    ] [INFO ] [] - MetricsCollector::Sender(49): _disableSentMetrics 1
[2025-02-13 12:32:26,719] [8    ] [INFO ] [] - MetricsCollector::Initialize(231): Initialized metrics collector
- session id: 6b5931f1-ea3d-48ca-b31e-cbdb266bcb86
- device id: 4ca35884-a93a-48fc-ad16-80b2a90aa32e
- application id: Box Tools Win exe
- application name: BoxTools
- application version: 4.28.0.1161
- metric collection url: https://client-log.box.com/index.php?rm=box_gen204_json_record
- metric data path: C:\Users\pcedillo\AppData\Local\Box\Box Tools\Metrics\BoxTools_Metrics.db
- post callback: 05995D6E
- log callback: 05995A26
- context: 00000000
- post interval in seconds: 600
- max records in a post: 100
- max db records: 500
- disable sender: true
[2025-02-13 12:32:26,733] [8    ] [INFO ] [] - Shutting down the metrics collector
[2025-02-13 12:38:27,628] [14   ] [INFO ] [] - Scheduling next upgrade check: Delay
[2025-02-13 12:38:27,639] [14   ] [INFO ] [] - Next autoupgrade timer will fire after: 1.00:00:00
[2025-02-13 12:38:27,640] [14   ] [INFO ] [] - Checking for upgrade
[2025-02-13 12:38:27,642] [14   ] [INFO ] [] - .NET Version - installed 533320, expected: 528040
[2025-02-13 12:38:27,643] [14   ] [INFO ] [] - result: True
[2025-02-13 12:38:27,649] [14   ] [INFO ] [] - Checking for upgrades
[2025-02-13 12:38:27,649] [14   ] [INFO ] [] - Url used to upgrade: https://cdn07.boxcdn.net/BoxEditAutoupdate2.json
[2025-02-13 12:38:28,011] [14   ] [INFO ] [] - ### current version track name: 4.28.0
[2025-02-13 12:38:28,012] [14   ] [INFO ] [] - No custom track name in registry
[2025-02-13 12:38:28,013] [14   ] [WARN ] [] - Track 4.28.0 not found
[2025-02-13 12:38:28,013] [14   ] [INFO ] [] - Track default for upgrade found
[2025-02-13 12:38:28,015] [14   ] [INFO ] [] - RolloutID set to 23
[2025-02-13 12:38:28,015] [14   ] [INFO ] [] - No upgrade available
[2025-02-13 12:38:28,016] [14   ] [INFO ] [] - Check for updates returned None
[2025-02-13 12:38:28,016] [14   ] [INFO ] [] - Scheduling next upgrade check: Reset
[2025-02-13 12:38:28,016] [14   ] [INFO ] [] - Next autoupgrade timer will fire after: 05:20:00
[2025-02-13 12:42:26,695] [3    ] [INFO ] [] - Initializing the metrics collector
[2025-02-13 12:42:26,701] [3    ] [INFO ] [] - MetricsCollector::Sender(49): _disableSentMetrics 1
[2025-02-13 12:42:26,701] [3    ] [INFO ] [] - MetricsCollector::Initialize(231): Initialized metrics collector
- session id: 6b5931f1-ea3d-48ca-b31e-cbdb266bcb86
- device id: 4ca35884-a93a-48fc-ad16-80b2a90aa32e
- application id: Box Tools Win exe
- application name: BoxTools
- application version: 4.28.0.1161
- metric collection url: https://client-log.box.com/index.php?rm=box_gen204_json_record
- metric data path: C:\Users\pcedillo\AppData\Local\Box\Box Tools\Metrics\BoxTools_Metrics.db
- post callback: 05995D6E
- log callback: 05995A26
- context: 00000000
- post interval in seconds: 600
- max records in a post: 100
- max db records: 500
- disable sender: true
[2025-02-13 12:42:26,706] [3    ] [INFO ] [] - Shutting down the metrics collector
[2025-02-13 12:52:26,623] [20   ] [INFO ] [] - Initializing the metrics collector
[2025-02-13 12:52:26,634] [20   ] [INFO ] [] - MetricsCollector::Sender(49): _disableSentMetrics 1
[2025-02-13 12:52:26,634] [20   ] [INFO ] [] - MetricsCollector::Initialize(231): Initialized metrics collector
- session id: 6b5931f1-ea3d-48ca-b31e-cbdb266bcb86
- device id: 4ca35884-a93a-48fc-ad16-80b2a90aa32e
- application id: Box Tools Win exe
- application name: BoxTools
- application version: 4.28.0.1161
- metric collection url: https://client-log.box.com/index.php?rm=box_gen204_json_record
- metric data path: C:\Users\pcedillo\AppData\Local\Box\Box Tools\Metrics\BoxTools_Metrics.db
- post callback: 05995D6E
- log callback: 05995A26
- context: 00000000
- post interval in seconds: 600
- max records in a post: 100
- max db records: 500
- disable sender: true
[2025-02-13 12:52:26,643] [20   ] [INFO ] [] - Shutting down the metrics collector
[2025-02-13 13:02:26,573] [12   ] [INFO ] [] - Initializing the metrics collector
[2025-02-13 13:02:26,585] [12   ] [INFO ] [] - MetricsCollector::Sender(49): _disableSentMetrics 1
[2025-02-13 13:02:26,586] [12   ] [INFO ] [] - MetricsCollector::Initialize(231): Initialized metrics collector
- session id: 6b5931f1-ea3d-48ca-b31e-cbdb266bcb86
- device id: 4ca35884-a93a-48fc-ad16-80b2a90aa32e
- application id: Box Tools Win exe
- application name: BoxTools
- application version: 4.28.0.1161
- metric collection url: https://client-log.box.com/index.php?rm=box_gen204_json_record
- metric data path: C:\Users\pcedillo\AppData\Local\Box\Box Tools\Metrics\BoxTools_Metrics.db
- post callback: 05995D6E
- log callback: 05995A26
- context: 00000000
- post interval in seconds: 600
- max records in a post: 100
- max db records: 500
- disable sender: true
[2025-02-13 13:02:26,598] [12   ] [INFO ] [] - Shutting down the metrics collector
[2025-02-13 13:12:26,559] [15   ] [INFO ] [] - Initializing the metrics collector
[2025-02-13 13:12:26,573] [15   ] [INFO ] [] - MetricsCollector::Sender(49): _disableSentMetrics 1
[2025-02-13 13:12:26,573] [15   ] [INFO ] [] - MetricsCollector::Initialize(231): Initialized metrics collector
- session id: 6b5931f1-ea3d-48ca-b31e-cbdb266bcb86
- device id: 4ca35884-a93a-48fc-ad16-80b2a90aa32e
- application id: Box Tools Win exe
- application name: BoxTools
- application version: 4.28.0.1161
- metric collection url: https://client-log.box.com/index.php?rm=box_gen204_json_record
- metric data path: C:\Users\pcedillo\AppData\Local\Box\Box Tools\Metrics\BoxTools_Metrics.db
- post callback: 05995D6E
- log callback: 05995A26
- context: 00000000
- post interval in seconds: 600
- max records in a post: 100
- max db records: 500
- disable sender: true
[2025-02-13 13:12:26,587] [15   ] [INFO ] [] - Shutting down the metrics collector
[2025-02-13 13:22:26,522] [9    ] [INFO ] [] - Initializing the metrics collector
[2025-02-13 13:22:26,535] [9    ] [INFO ] [] - MetricsCollector::Sender(49): _disableSentMetrics 1
[2025-02-13 13:22:26,537] [9    ] [INFO ] [] - MetricsCollector::Initialize(231): Initialized metrics collector
- session id: 6b5931f1-ea3d-48ca-b31e-cbdb266bcb86
- device id: 4ca35884-a93a-48fc-ad16-80b2a90aa32e
- application id: Box Tools Win exe
- application name: BoxTools
- application version: 4.28.0.1161
- metric collection url: https://client-log.box.com/index.php?rm=box_gen204_json_record
- metric data path: C:\Users\pcedillo\AppData\Local\Box\Box Tools\Metrics\BoxTools_Metrics.db
- post callback: 05995D6E
- log callback: 05995A26
- context: 00000000
- post interval in seconds: 600
- max records in a post: 100
- max db records: 500
- disable sender: true
[2025-02-13 13:22:26,549] [9    ] [INFO ] [] - Shutting down the metrics collector
[2025-02-13 13:32:26,449] [12   ] [INFO ] [] - Initializing the metrics collector
[2025-02-13 13:32:26,459] [12   ] [INFO ] [] - MetricsCollector::Sender(49): _disableSentMetrics 1
[2025-02-13 13:32:26,459] [12   ] [INFO ] [] - MetricsCollector::Initialize(231): Initialized metrics collector
- session id: 6b5931f1-ea3d-48ca-b31e-cbdb266bcb86
- device id: 4ca35884-a93a-48fc-ad16-80b2a90aa32e
- application id: Box Tools Win exe
- application name: BoxTools
- application version: 4.28.0.1161
- metric collection url: https://client-log.box.com/index.php?rm=box_gen204_json_record
- metric data path: C:\Users\pcedillo\AppData\Local\Box\Box Tools\Metrics\BoxTools_Metrics.db
- post callback: 05995D6E
- log callback: 05995A26
- context: 00000000
- post interval in seconds: 600
- max records in a post: 100
- max db records: 500
- disable sender: true
[2025-02-13 13:32:26,468] [12   ] [INFO ] [] - Shutting down the metrics collector
[2025-02-13 13:42:26,432] [3    ] [INFO ] [] - Initializing the metrics collector
[2025-02-13 13:42:26,446] [3    ] [INFO ] [] - MetricsCollector::Sender(49): _disableSentMetrics 1
[2025-02-13 13:42:26,446] [3    ] [INFO ] [] - MetricsCollector::Initialize(231): Initialized metrics collector
- session id: 6b5931f1-ea3d-48ca-b31e-cbdb266bcb86
- device id: 4ca35884-a93a-48fc-ad16-80b2a90aa32e
- application id: Box Tools Win exe
- application name: BoxTools
- application version: 4.28.0.1161
- metric collection url: https://client-log.box.com/index.php?rm=box_gen204_json_record
- metric data path: C:\Users\pcedillo\AppData\Local\Box\Box Tools\Metrics\BoxTools_Metrics.db
- post callback: 05995D6E
- log callback: 05995A26
- context: 00000000
- post interval in seconds: 600
- max records in a post: 100
- max db records: 500
- disable sender: true
[2025-02-13 13:42:26,459] [3    ] [INFO ] [] - Shutting down the metrics collector
[2025-02-13 13:52:26,417] [14   ] [INFO ] [] - Initializing the metrics collector
[2025-02-13 13:52:26,431] [14   ] [INFO ] [] - MetricsCollector::Sender(49): _disableSentMetrics 1
[2025-02-13 13:52:26,432] [14   ] [INFO ] [] - MetricsCollector::Initialize(231): Initialized metrics collector
- session id: 6b5931f1-ea3d-48ca-b31e-cbdb266bcb86
- device id: 4ca35884-a93a-48fc-ad16-80b2a90aa32e
- application id: Box Tools Win exe
- application name: BoxTools
- application version: 4.28.0.1161
- metric collection url: https://client-log.box.com/index.php?rm=box_gen204_json_record
- metric data path: C:\Users\pcedillo\AppData\Local\Box\Box Tools\Metrics\BoxTools_Metrics.db
- post callback: 05995D6E
- log callback: 05995A26
- context: 00000000
- post interval in seconds: 600
- max records in a post: 100
- max db records: 500
- disable sender: true
[2025-02-13 13:52:26,445] [14   ] [INFO ] [] - Shutting down the metrics collector
[2025-02-13 14:02:26,420] [16   ] [INFO ] [] - Initializing the metrics collector
[2025-02-13 14:02:26,425] [16   ] [INFO ] [] - MetricsCollector::Sender(49): _disableSentMetrics 1
[2025-02-13 14:02:26,425] [16   ] [INFO ] [] - MetricsCollector::Initialize(231): Initialized metrics collector
- session id: 6b5931f1-ea3d-48ca-b31e-cbdb266bcb86
- device id: 4ca35884-a93a-48fc-ad16-80b2a90aa32e
- application id: Box Tools Win exe
- application name: BoxTools
- application version: 4.28.0.1161
- metric collection url: https://client-log.box.com/index.php?rm=box_gen204_json_record
- metric data path: C:\Users\pcedillo\AppData\Local\Box\Box Tools\Metrics\BoxTools_Metrics.db
- post callback: 05995D6E
- log callback: 05995A26
- context: 00000000
- post interval in seconds: 600
- max records in a post: 100
- max db records: 500
- disable sender: true
[2025-02-13 14:02:26,431] [16   ] [INFO ] [] - Shutting down the metrics collector
[2025-02-13 14:12:26,407] [8    ] [INFO ] [] - Initializing the metrics collector
[2025-02-13 14:12:26,415] [8    ] [INFO ] [] - MetricsCollector::Sender(49): _disableSentMetrics 1
[2025-02-13 14:12:26,416] [8    ] [INFO ] [] - MetricsCollector::Initialize(231): Initialized metrics collector
- session id: 6b5931f1-ea3d-48ca-b31e-cbdb266bcb86
- device id: 4ca35884-a93a-48fc-ad16-80b2a90aa32e
- application id: Box Tools Win exe
- application name: BoxTools
- application version: 4.28.0.1161
- metric collection url: https://client-log.box.com/index.php?rm=box_gen204_json_record
- metric data path: C:\Users\pcedillo\AppData\Local\Box\Box Tools\Metrics\BoxTools_Metrics.db
- post callback: 05995D6E
- log callback: 05995A26
- context: 00000000
- post interval in seconds: 600
- max records in a post: 100
- max db records: 500
- disable sender: true
[2025-02-13 14:12:26,427] [8    ] [INFO ] [] - Shutting down the metrics collector
[2025-02-13 14:22:26,412] [15   ] [INFO ] [] - Initializing the metrics collector
[2025-02-13 14:22:26,421] [15   ] [INFO ] [] - MetricsCollector::Sender(49): _disableSentMetrics 1
[2025-02-13 14:22:26,421] [15   ] [INFO ] [] - MetricsCollector::Initialize(231): Initialized metrics collector
- session id: 6b5931f1-ea3d-48ca-b31e-cbdb266bcb86
- device id: 4ca35884-a93a-48fc-ad16-80b2a90aa32e
- application id: Box Tools Win exe
- application name: BoxTools
- application version: 4.28.0.1161
- metric collection url: https://client-log.box.com/index.php?rm=box_gen204_json_record
- metric data path: C:\Users\pcedillo\AppData\Local\Box\Box Tools\Metrics\BoxTools_Metrics.db
- post callback: 05995D6E
- log callback: 05995A26
- context: 00000000
- post interval in seconds: 600
- max records in a post: 100
- max db records: 500
- disable sender: true
[2025-02-13 14:22:26,433] [15   ] [INFO ] [] - Shutting down the metrics collector
[2025-02-13 14:32:26,317] [16   ] [INFO ] [] - Initializing the metrics collector
[2025-02-13 14:32:26,323] [16   ] [INFO ] [] - MetricsCollector::Sender(49): _disableSentMetrics 1
[2025-02-13 14:32:26,324] [16   ] [INFO ] [] - MetricsCollector::Initialize(231): Initialized metrics collector
- session id: 6b5931f1-ea3d-48ca-b31e-cbdb266bcb86
- device id: 4ca35884-a93a-48fc-ad16-80b2a90aa32e
- application id: Box Tools Win exe
- application name: BoxTools
- application version: 4.28.0.1161
- metric collection url: https://client-log.box.com/index.php?rm=box_gen204_json_record
- metric data path: C:\Users\pcedillo\AppData\Local\Box\Box Tools\Metrics\BoxTools_Metrics.db
- post callback: 05995D6E
- log callback: 05995A26
- context: 00000000
- post interval in seconds: 600
- max records in a post: 100
- max db records: 500
- disable sender: true
[2025-02-13 14:32:26,329] [16   ] [INFO ] [] - Shutting down the metrics collector
[2025-02-13 14:42:26,207] [14   ] [INFO ] [] - Initializing the metrics collector
[2025-02-13 14:42:26,220] [14   ] [INFO ] [] - MetricsCollector::Sender(49): _disableSentMetrics 1
[2025-02-13 14:42:26,221] [14   ] [INFO ] [] - MetricsCollector::Initialize(231): Initialized metrics collector
- session id: 6b5931f1-ea3d-48ca-b31e-cbdb266bcb86
- device id: 4ca35884-a93a-48fc-ad16-80b2a90aa32e
- application id: Box Tools Win exe
- application name: BoxTools
- application version: 4.28.0.1161
- metric collection url: https://client-log.box.com/index.php?rm=box_gen204_json_record
- metric data path: C:\Users\pcedillo\AppData\Local\Box\Box Tools\Metrics\BoxTools_Metrics.db
- post callback: 05995D6E
- log callback: 05995A26
- context: 00000000
- post interval in seconds: 600
- max records in a post: 100
- max db records: 500
- disable sender: true
[2025-02-13 14:42:26,233] [14   ] [INFO ] [] - Shutting down the metrics collector
[2025-02-13 14:52:26,157] [3    ] [INFO ] [] - Initializing the metrics collector
[2025-02-13 14:52:26,170] [3    ] [INFO ] [] - MetricsCollector::Sender(49): _disableSentMetrics 1
[2025-02-13 14:52:26,171] [3    ] [INFO ] [] - MetricsCollector::Initialize(231): Initialized metrics collector
- session id: 6b5931f1-ea3d-48ca-b31e-cbdb266bcb86
- device id: 4ca35884-a93a-48fc-ad16-80b2a90aa32e
- application id: Box Tools Win exe
- application name: BoxTools
- application version: 4.28.0.1161
- metric collection url: https://client-log.box.com/index.php?rm=box_gen204_json_record
- metric data path: C:\Users\pcedillo\AppData\Local\Box\Box Tools\Metrics\BoxTools_Metrics.db
- post callback: 05995D6E
- log callback: 05995A26
- context: 00000000
- post interval in seconds: 600
- max records in a post: 100
- max db records: 500
- disable sender: true
[2025-02-13 14:52:26,184] [3    ] [INFO ] [] - Shutting down the metrics collector
[2025-02-13 15:02:26,134] [12   ] [INFO ] [] - Initializing the metrics collector
[2025-02-13 15:02:26,142] [12   ] [INFO ] [] - MetricsCollector::Sender(49): _disableSentMetrics 1
[2025-02-13 15:02:26,143] [12   ] [INFO ] [] - MetricsCollector::Initialize(231): Initialized metrics collector
- session id: 6b5931f1-ea3d-48ca-b31e-cbdb266bcb86
- device id: 4ca35884-a93a-48fc-ad16-80b2a90aa32e
- application id: Box Tools Win exe
- application name: BoxTools
- application version: 4.28.0.1161
- metric collection url: https://client-log.box.com/index.php?rm=box_gen204_json_record
- metric data path: C:\Users\pcedillo\AppData\Local\Box\Box Tools\Metrics\BoxTools_Metrics.db
- post callback: 05995D6E
- log callback: 05995A26
- context: 00000000
- post interval in seconds: 600
- max records in a post: 100
- max db records: 500
- disable sender: true
[2025-02-13 15:02:26,153] [12   ] [INFO ] [] - Shutting down the metrics collector
[2025-02-13 15:12:26,133] [9    ] [INFO ] [] - Initializing the metrics collector
[2025-02-13 15:12:26,146] [9    ] [INFO ] [] - MetricsCollector::Sender(49): _disableSentMetrics 1
[2025-02-13 15:12:26,147] [9    ] [INFO ] [] - MetricsCollector::Initialize(231): Initialized metrics collector
- session id: 6b5931f1-ea3d-48ca-b31e-cbdb266bcb86
- device id: 4ca35884-a93a-48fc-ad16-80b2a90aa32e
- application id: Box Tools Win exe
- application name: BoxTools
- application version: 4.28.0.1161
- metric collection url: https://client-log.box.com/index.php?rm=box_gen204_json_record
- metric data path: C:\Users\pcedillo\AppData\Local\Box\Box Tools\Metrics\BoxTools_Metrics.db
- post callback: 05995D6E
- log callback: 05995A26
- context: 00000000
- post interval in seconds: 600
- max records in a post: 100
- max db records: 500
- disable sender: true
[2025-02-13 15:12:26,160] [9    ] [INFO ] [] - Shutting down the metrics collector
[2025-02-13 15:22:26,137] [12   ] [INFO ] [] - Initializing the metrics collector
[2025-02-13 15:22:26,151] [12   ] [INFO ] [] - MetricsCollector::Sender(49): _disableSentMetrics 1
[2025-02-13 15:22:26,151] [12   ] [INFO ] [] - MetricsCollector::Initialize(231): Initialized metrics collector
- session id: 6b5931f1-ea3d-48ca-b31e-cbdb266bcb86
- device id: 4ca35884-a93a-48fc-ad16-80b2a90aa32e
- application id: Box Tools Win exe
- application name: BoxTools
- application version: 4.28.0.1161
- metric collection url: https://client-log.box.com/index.php?rm=box_gen204_json_record
- metric data path: C:\Users\pcedillo\AppData\Local\Box\Box Tools\Metrics\BoxTools_Metrics.db
- post callback: 05995D6E
- log callback: 05995A26
- context: 00000000
- post interval in seconds: 600
- max records in a post: 100
- max db records: 500
- disable sender: true
[2025-02-13 15:22:26,164] [12   ] [INFO ] [] - Shutting down the metrics collector
[2025-02-13 15:32:26,141] [3    ] [INFO ] [] - Initializing the metrics collector
[2025-02-13 15:32:26,155] [3    ] [INFO ] [] - MetricsCollector::Sender(49): _disableSentMetrics 1
[2025-02-13 15:32:26,156] [3    ] [INFO ] [] - MetricsCollector::Initialize(231): Initialized metrics collector
- session id: 6b5931f1-ea3d-48ca-b31e-cbdb266bcb86
- device id: 4ca35884-a93a-48fc-ad16-80b2a90aa32e
- application id: Box Tools Win exe
- application name: BoxTools
- application version: 4.28.0.1161
- metric collection url: https://client-log.box.com/index.php?rm=box_gen204_json_record
- metric data path: C:\Users\pcedillo\AppData\Local\Box\Box Tools\Metrics\BoxTools_Metrics.db
- post callback: 05995D6E
- log callback: 05995A26
- context: 00000000
- post interval in seconds: 600
- max records in a post: 100
- max db records: 500
- disable sender: true
[2025-02-13 15:32:26,168] [3    ] [INFO ] [] - Shutting down the metrics collector
[2025-02-13 15:42:26,030] [14   ] [INFO ] [] - Initializing the metrics collector
[2025-02-13 15:42:26,040] [14   ] [INFO ] [] - MetricsCollector::Sender(49): _disableSentMetrics 1
[2025-02-13 15:42:26,040] [14   ] [INFO ] [] - MetricsCollector::Initialize(231): Initialized metrics collector
- session id: 6b5931f1-ea3d-48ca-b31e-cbdb266bcb86
- device id: 4ca35884-a93a-48fc-ad16-80b2a90aa32e
- application id: Box Tools Win exe
- application name: BoxTools
- application version: 4.28.0.1161
- metric collection url: https://client-log.box.com/index.php?rm=box_gen204_json_record
- metric data path: C:\Users\pcedillo\AppData\Local\Box\Box Tools\Metrics\BoxTools_Metrics.db
- post callback: 05995D6E
- log callback: 05995A26
- context: 00000000
- post interval in seconds: 600
- max records in a post: 100
- max db records: 500
- disable sender: true
[2025-02-13 15:42:26,050] [14   ] [INFO ] [] - Shutting down the metrics collector
[2025-02-13 15:52:25,951] [8    ] [INFO ] [] - Initializing the metrics collector
[2025-02-13 15:52:25,957] [8    ] [INFO ] [] - MetricsCollector::Sender(49): _disableSentMetrics 1
[2025-02-13 15:52:25,958] [8    ] [INFO ] [] - MetricsCollector::Initialize(231): Initialized metrics collector
- session id: 6b5931f1-ea3d-48ca-b31e-cbdb266bcb86
- device id: 4ca35884-a93a-48fc-ad16-80b2a90aa32e
- application id: Box Tools Win exe
- application name: BoxTools
- application version: 4.28.0.1161
- metric collection url: https://client-log.box.com/index.php?rm=box_gen204_json_record
- metric data path: C:\Users\pcedillo\AppData\Local\Box\Box Tools\Metrics\BoxTools_Metrics.db
- post callback: 05995D6E
- log callback: 05995A26
- context: 00000000
- post interval in seconds: 600
- max records in a post: 100
- max db records: 500
- disable sender: true
[2025-02-13 15:52:25,963] [8    ] [INFO ] [] - Shutting down the metrics collector
[2025-02-13 16:02:25,893] [14   ] [INFO ] [] - Initializing the metrics collector
[2025-02-13 16:02:25,907] [14   ] [INFO ] [] - MetricsCollector::Sender(49): _disableSentMetrics 1
[2025-02-13 16:02:25,907] [14   ] [INFO ] [] - MetricsCollector::Initialize(231): Initialized metrics collector
- session id: 6b5931f1-ea3d-48ca-b31e-cbdb266bcb86
- device id: 4ca35884-a93a-48fc-ad16-80b2a90aa32e
- application id: Box Tools Win exe
- application name: BoxTools
- application version: 4.28.0.1161
- metric collection url: https://client-log.box.com/index.php?rm=box_gen204_json_record
- metric data path: C:\Users\pcedillo\AppData\Local\Box\Box Tools\Metrics\BoxTools_Metrics.db
- post callback: 05995D6E
- log callback: 05995A26
- context: 00000000
- post interval in seconds: 600
- max records in a post: 100
- max db records: 500
- disable sender: true
[2025-02-13 16:02:25,921] [14   ] [INFO ] [] - Shutting down the metrics collector
[2025-02-13 16:12:25,871] [9    ] [INFO ] [] - Initializing the metrics collector
[2025-02-13 16:12:25,879] [9    ] [INFO ] [] - MetricsCollector::Sender(49): _disableSentMetrics 1
[2025-02-13 16:12:25,879] [9    ] [INFO ] [] - MetricsCollector::Initialize(231): Initialized metrics collector
- session id: 6b5931f1-ea3d-48ca-b31e-cbdb266bcb86
- device id: 4ca35884-a93a-48fc-ad16-80b2a90aa32e
- application id: Box Tools Win exe
- application name: BoxTools
- application version: 4.28.0.1161
- metric collection url: https://client-log.box.com/index.php?rm=box_gen204_json_record
- metric data path: C:\Users\pcedillo\AppData\Local\Box\Box Tools\Metrics\BoxTools_Metrics.db
- post callback: 05995D6E
- log callback: 05995A26
- context: 00000000
- post interval in seconds: 600
- max records in a post: 100
- max db records: 500
- disable sender: true
[2025-02-13 16:12:25,893] [9    ] [INFO ] [] - Shutting down the metrics collector
[2025-02-13 16:22:25,875] [12   ] [INFO ] [] - Initializing the metrics collector
[2025-02-13 16:22:25,888] [12   ] [INFO ] [] - MetricsCollector::Sender(49): _disableSentMetrics 1
[2025-02-13 16:22:25,888] [12   ] [INFO ] [] - MetricsCollector::Initialize(231): Initialized metrics collector
- session id: 6b5931f1-ea3d-48ca-b31e-cbdb266bcb86
- device id: 4ca35884-a93a-48fc-ad16-80b2a90aa32e
- application id: Box Tools Win exe
- application name: BoxTools
- application version: 4.28.0.1161
- metric collection url: https://client-log.box.com/index.php?rm=box_gen204_json_record
- metric data path: C:\Users\pcedillo\AppData\Local\Box\Box Tools\Metrics\BoxTools_Metrics.db
- post callback: 05995D6E
- log callback: 05995A26
- context: 00000000
- post interval in seconds: 600
- max records in a post: 100
- max db records: 500
- disable sender: true
[2025-02-13 16:22:25,899] [12   ] [INFO ] [] - Shutting down the metrics collector
[2025-02-13 16:32:25,878] [15   ] [INFO ] [] - Initializing the metrics collector
[2025-02-13 16:32:25,892] [15   ] [INFO ] [] - MetricsCollector::Sender(49): _disableSentMetrics 1
[2025-02-13 16:32:25,892] [15   ] [INFO ] [] - MetricsCollector::Initialize(231): Initialized metrics collector
- session id: 6b5931f1-ea3d-48ca-b31e-cbdb266bcb86
- device id: 4ca35884-a93a-48fc-ad16-80b2a90aa32e
- application id: Box Tools Win exe
- application name: BoxTools
- application version: 4.28.0.1161
- metric collection url: https://client-log.box.com/index.php?rm=box_gen204_json_record
- metric data path: C:\Users\pcedillo\AppData\Local\Box\Box Tools\Metrics\BoxTools_Metrics.db
- post callback: 05995D6E
- log callback: 05995A26
- context: 00000000
- post interval in seconds: 600
- max records in a post: 100
- max db records: 500
- disable sender: true
[2025-02-13 16:32:25,907] [15   ] [INFO ] [] - Shutting down the metrics collector
[2025-02-13 16:42:25,883] [16   ] [INFO ] [] - Initializing the metrics collector
[2025-02-13 16:42:25,896] [16   ] [INFO ] [] - MetricsCollector::Sender(49): _disableSentMetrics 1
[2025-02-13 16:42:25,897] [16   ] [INFO ] [] - MetricsCollector::Initialize(231): Initialized metrics collector
- session id: 6b5931f1-ea3d-48ca-b31e-cbdb266bcb86
- device id: 4ca35884-a93a-48fc-ad16-80b2a90aa32e
- application id: Box Tools Win exe
- application name: BoxTools
- application version: 4.28.0.1161
- metric collection url: https://client-log.box.com/index.php?rm=box_gen204_json_record
- metric data path: C:\Users\pcedillo\AppData\Local\Box\Box Tools\Metrics\BoxTools_Metrics.db
- post callback: 05995D6E
- log callback: 05995A26
- context: 00000000
- post interval in seconds: 600
- max records in a post: 100
- max db records: 500
- disable sender: true
[2025-02-13 16:42:25,909] [16   ] [INFO ] [] - Shutting down the metrics collector
[2025-02-13 16:52:25,785] [17   ] [INFO ] [] - Initializing the metrics collector
[2025-02-13 16:52:25,798] [17   ] [INFO ] [] - MetricsCollector::Sender(49): _disableSentMetrics 1
[2025-02-13 16:52:25,799] [17   ] [INFO ] [] - MetricsCollector::Initialize(231): Initialized metrics collector
- session id: 6b5931f1-ea3d-48ca-b31e-cbdb266bcb86
- device id: 4ca35884-a93a-48fc-ad16-80b2a90aa32e
- application id: Box Tools Win exe
- application name: BoxTools
- application version: 4.28.0.1161
- metric collection url: https://client-log.box.com/index.php?rm=box_gen204_json_record
- metric data path: C:\Users\pcedillo\AppData\Local\Box\Box Tools\Metrics\BoxTools_Metrics.db
- post callback: 05995D6E
- log callback: 05995A26
- context: 00000000
- post interval in seconds: 600
- max records in a post: 100
- max db records: 500
- disable sender: true
[2025-02-13 16:52:25,809] [17   ] [INFO ] [] - Shutting down the metrics collector
[2025-02-13 17:02:25,733] [16   ] [INFO ] [] - Initializing the metrics collector
[2025-02-13 17:02:25,746] [16   ] [INFO ] [] - MetricsCollector::Sender(49): _disableSentMetrics 1
[2025-02-13 17:02:25,747] [16   ] [INFO ] [] - MetricsCollector::Initialize(231): Initialized metrics collector
- session id: 6b5931f1-ea3d-48ca-b31e-cbdb266bcb86
- device id: 4ca35884-a93a-48fc-ad16-80b2a90aa32e
- application id: Box Tools Win exe
- application name: BoxTools
- application version: 4.28.0.1161
- metric collection url: https://client-log.box.com/index.php?rm=box_gen204_json_record
- metric data path: C:\Users\pcedillo\AppData\Local\Box\Box Tools\Metrics\BoxTools_Metrics.db
- post callback: 05995D6E
- log callback: 05995A26
- context: 00000000
- post interval in seconds: 600
- max records in a post: 100
- max db records: 500
- disable sender: true
[2025-02-13 17:02:25,759] [16   ] [INFO ] [] - Shutting down the metrics collector
[2025-02-13 17:12:25,684] [15   ] [INFO ] [] - Initializing the metrics collector
[2025-02-13 17:12:25,692] [15   ] [INFO ] [] - MetricsCollector::Sender(49): _disableSentMetrics 1
[2025-02-13 17:12:25,693] [15   ] [INFO ] [] - MetricsCollector::Initialize(231): Initialized metrics collector
- session id: 6b5931f1-ea3d-48ca-b31e-cbdb266bcb86
- device id: 4ca35884-a93a-48fc-ad16-80b2a90aa32e
- application id: Box Tools Win exe
- application name: BoxTools
- application version: 4.28.0.1161
- metric collection url: https://client-log.box.com/index.php?rm=box_gen204_json_record
- metric data path: C:\Users\pcedillo\AppData\Local\Box\Box Tools\Metrics\BoxTools_Metrics.db
- post callback: 05995D6E
- log callback: 05995A26
- context: 00000000
- post interval in seconds: 600
- max records in a post: 100
- max db records: 500
- disable sender: true
[2025-02-13 17:12:25,701] [15   ] [INFO ] [] - Shutting down the metrics collector
