[2025-04-03 00:00:14,231] [58   ] [INFO ] [] - Initializing the metrics collector
[2025-04-03 00:00:14,247] [58   ] [INFO ] [] - MetricsCollector::Sender(49): _disableSentMetrics 1
[2025-04-03 00:00:14,247] [58   ] [INFO ] [] - MetricsCollector::Initialize(231): Initialized metrics collector
- session id: 426d37be-7d2a-41c5-a25f-ee005d355ba8
- device id: 4ca35884-a93a-48fc-ad16-80b2a90aa32e
- application id: Box Tools Win exe
- application name: BoxTools
- application version: 4.28.1.1163
- metric collection url: https://client-log.box.com/index.php?rm=box_gen204_json_record
- metric data path: C:\Users\pcedillo\AppData\Local\Box\Box Tools\Metrics\BoxTools_Metrics_EFD61745.db
- post callback: 05E15B8E
- log callback: 05E15BB6
- context: 00000000
- post interval in seconds: 600
- max records in a post: 100
- max db records: 500
- disable sender: true
[2025-04-03 00:00:14,263] [58   ] [INFO ] [] - Shutting down the metrics collector
[2025-04-03 00:10:14,330] [59   ] [INFO ] [] - Initializing the metrics collector
[2025-04-03 00:10:14,330] [59   ] [INFO ] [] - MetricsCollector::Sender(49): _disableSentMetrics 1
[2025-04-03 00:10:14,330] [59   ] [INFO ] [] - MetricsCollector::Initialize(231): Initialized metrics collector
- session id: 426d37be-7d2a-41c5-a25f-ee005d355ba8
- device id: 4ca35884-a93a-48fc-ad16-80b2a90aa32e
- application id: Box Tools Win exe
- application name: BoxTools
- application version: 4.28.1.1163
- metric collection url: https://client-log.box.com/index.php?rm=box_gen204_json_record
- metric data path: C:\Users\pcedillo\AppData\Local\Box\Box Tools\Metrics\BoxTools_Metrics_EFD61745.db
- post callback: 05E15B8E
- log callback: 05E15BB6
- context: 00000000
- post interval in seconds: 600
- max records in a post: 100
- max db records: 500
- disable sender: true
[2025-04-03 00:10:14,346] [59   ] [INFO ] [] - Shutting down the metrics collector
[2025-04-03 00:20:14,393] [60   ] [INFO ] [] - Initializing the metrics collector
[2025-04-03 00:20:14,393] [60   ] [INFO ] [] - MetricsCollector::Sender(49): _disableSentMetrics 1
[2025-04-03 00:20:14,393] [60   ] [INFO ] [] - MetricsCollector::Initialize(231): Initialized metrics collector
- session id: 426d37be-7d2a-41c5-a25f-ee005d355ba8
- device id: 4ca35884-a93a-48fc-ad16-80b2a90aa32e
- application id: Box Tools Win exe
- application name: BoxTools
- application version: 4.28.1.1163
- metric collection url: https://client-log.box.com/index.php?rm=box_gen204_json_record
- metric data path: C:\Users\pcedillo\AppData\Local\Box\Box Tools\Metrics\BoxTools_Metrics_EFD61745.db
- post callback: 05E15B8E
- log callback: 05E15BB6
- context: 00000000
- post interval in seconds: 600
- max records in a post: 100
- max db records: 500
- disable sender: true
[2025-04-03 00:20:14,409] [60   ] [INFO ] [] - Shutting down the metrics collector
[2025-04-03 00:30:14,370] [61   ] [INFO ] [] - Initializing the metrics collector
[2025-04-03 00:30:14,375] [61   ] [INFO ] [] - MetricsCollector::Sender(49): _disableSentMetrics 1
[2025-04-03 00:30:14,375] [61   ] [INFO ] [] - MetricsCollector::Initialize(231): Initialized metrics collector
- session id: 426d37be-7d2a-41c5-a25f-ee005d355ba8
- device id: 4ca35884-a93a-48fc-ad16-80b2a90aa32e
- application id: Box Tools Win exe
- application name: BoxTools
- application version: 4.28.1.1163
- metric collection url: https://client-log.box.com/index.php?rm=box_gen204_json_record
- metric data path: C:\Users\pcedillo\AppData\Local\Box\Box Tools\Metrics\BoxTools_Metrics_EFD61745.db
- post callback: 05E15B8E
- log callback: 05E15BB6
- context: 00000000
- post interval in seconds: 600
- max records in a post: 100
- max db records: 500
- disable sender: true
[2025-04-03 00:30:14,386] [61   ] [INFO ] [] - Shutting down the metrics collector
[2025-04-03 00:40:14,344] [62   ] [INFO ] [] - Initializing the metrics collector
[2025-04-03 00:40:14,344] [62   ] [INFO ] [] - MetricsCollector::Sender(49): _disableSentMetrics 1
[2025-04-03 00:40:14,344] [62   ] [INFO ] [] - MetricsCollector::Initialize(231): Initialized metrics collector
- session id: 426d37be-7d2a-41c5-a25f-ee005d355ba8
- device id: 4ca35884-a93a-48fc-ad16-80b2a90aa32e
- application id: Box Tools Win exe
- application name: BoxTools
- application version: 4.28.1.1163
- metric collection url: https://client-log.box.com/index.php?rm=box_gen204_json_record
- metric data path: C:\Users\pcedillo\AppData\Local\Box\Box Tools\Metrics\BoxTools_Metrics_EFD61745.db
- post callback: 05E15B8E
- log callback: 05E15BB6
- context: 00000000
- post interval in seconds: 600
- max records in a post: 100
- max db records: 500
- disable sender: true
[2025-04-03 00:40:14,360] [62   ] [INFO ] [] - Shutting down the metrics collector
[2025-04-03 00:50:14,322] [63   ] [INFO ] [] - Initializing the metrics collector
[2025-04-03 00:50:14,329] [63   ] [INFO ] [] - MetricsCollector::Sender(49): _disableSentMetrics 1
[2025-04-03 00:50:14,329] [63   ] [INFO ] [] - MetricsCollector::Initialize(231): Initialized metrics collector
- session id: 426d37be-7d2a-41c5-a25f-ee005d355ba8
- device id: 4ca35884-a93a-48fc-ad16-80b2a90aa32e
- application id: Box Tools Win exe
- application name: BoxTools
- application version: 4.28.1.1163
- metric collection url: https://client-log.box.com/index.php?rm=box_gen204_json_record
- metric data path: C:\Users\pcedillo\AppData\Local\Box\Box Tools\Metrics\BoxTools_Metrics_EFD61745.db
- post callback: 05E15B8E
- log callback: 05E15BB6
- context: 00000000
- post interval in seconds: 600
- max records in a post: 100
- max db records: 500
- disable sender: true
[2025-04-03 00:50:14,338] [63   ] [INFO ] [] - Shutting down the metrics collector
[2025-04-03 01:00:14,315] [64   ] [INFO ] [] - Initializing the metrics collector
[2025-04-03 01:00:14,315] [64   ] [INFO ] [] - MetricsCollector::Sender(49): _disableSentMetrics 1
[2025-04-03 01:00:14,315] [64   ] [INFO ] [] - MetricsCollector::Initialize(231): Initialized metrics collector
- session id: 426d37be-7d2a-41c5-a25f-ee005d355ba8
- device id: 4ca35884-a93a-48fc-ad16-80b2a90aa32e
- application id: Box Tools Win exe
- application name: BoxTools
- application version: 4.28.1.1163
- metric collection url: https://client-log.box.com/index.php?rm=box_gen204_json_record
- metric data path: C:\Users\pcedillo\AppData\Local\Box\Box Tools\Metrics\BoxTools_Metrics_EFD61745.db
- post callback: 05E15B8E
- log callback: 05E15BB6
- context: 00000000
- post interval in seconds: 600
- max records in a post: 100
- max db records: 500
- disable sender: true
[2025-04-03 01:00:14,315] [64   ] [INFO ] [] - Shutting down the metrics collector
[2025-04-03 01:10:14,319] [65   ] [INFO ] [] - Initializing the metrics collector
[2025-04-03 01:10:14,319] [65   ] [INFO ] [] - MetricsCollector::Sender(49): _disableSentMetrics 1
[2025-04-03 01:10:14,319] [65   ] [INFO ] [] - MetricsCollector::Initialize(231): Initialized metrics collector
- session id: 426d37be-7d2a-41c5-a25f-ee005d355ba8
- device id: 4ca35884-a93a-48fc-ad16-80b2a90aa32e
- application id: Box Tools Win exe
- application name: BoxTools
- application version: 4.28.1.1163
- metric collection url: https://client-log.box.com/index.php?rm=box_gen204_json_record
- metric data path: C:\Users\pcedillo\AppData\Local\Box\Box Tools\Metrics\BoxTools_Metrics_EFD61745.db
- post callback: 05E15B8E
- log callback: 05E15BB6
- context: 00000000
- post interval in seconds: 600
- max records in a post: 100
- max db records: 500
- disable sender: true
[2025-04-03 01:10:14,335] [65   ] [INFO ] [] - Shutting down the metrics collector
[2025-04-03 01:20:14,330] [66   ] [INFO ] [] - Initializing the metrics collector
[2025-04-03 01:20:14,330] [66   ] [INFO ] [] - MetricsCollector::Sender(49): _disableSentMetrics 1
[2025-04-03 01:20:14,330] [66   ] [INFO ] [] - MetricsCollector::Initialize(231): Initialized metrics collector
- session id: 426d37be-7d2a-41c5-a25f-ee005d355ba8
- device id: 4ca35884-a93a-48fc-ad16-80b2a90aa32e
- application id: Box Tools Win exe
- application name: BoxTools
- application version: 4.28.1.1163
- metric collection url: https://client-log.box.com/index.php?rm=box_gen204_json_record
- metric data path: C:\Users\pcedillo\AppData\Local\Box\Box Tools\Metrics\BoxTools_Metrics_EFD61745.db
- post callback: 05E15B8E
- log callback: 05E15BB6
- context: 00000000
- post interval in seconds: 600
- max records in a post: 100
- max db records: 500
- disable sender: true
[2025-04-03 01:20:14,346] [66   ] [INFO ] [] - Shutting down the metrics collector
[2025-04-03 01:30:14,340] [67   ] [INFO ] [] - Initializing the metrics collector
[2025-04-03 01:30:14,340] [67   ] [INFO ] [] - MetricsCollector::Sender(49): _disableSentMetrics 1
[2025-04-03 01:30:14,340] [67   ] [INFO ] [] - MetricsCollector::Initialize(231): Initialized metrics collector
- session id: 426d37be-7d2a-41c5-a25f-ee005d355ba8
- device id: 4ca35884-a93a-48fc-ad16-80b2a90aa32e
- application id: Box Tools Win exe
- application name: BoxTools
- application version: 4.28.1.1163
- metric collection url: https://client-log.box.com/index.php?rm=box_gen204_json_record
- metric data path: C:\Users\pcedillo\AppData\Local\Box\Box Tools\Metrics\BoxTools_Metrics_EFD61745.db
- post callback: 05E15B8E
- log callback: 05E15BB6
- context: 00000000
- post interval in seconds: 600
- max records in a post: 100
- max db records: 500
- disable sender: true
[2025-04-03 01:30:14,365] [67   ] [INFO ] [] - Shutting down the metrics collector
[2025-04-03 01:40:14,313] [68   ] [INFO ] [] - Initializing the metrics collector
[2025-04-03 01:40:14,313] [68   ] [INFO ] [] - MetricsCollector::Sender(49): _disableSentMetrics 1
[2025-04-03 01:40:14,326] [68   ] [INFO ] [] - MetricsCollector::Initialize(231): Initialized metrics collector
- session id: 426d37be-7d2a-41c5-a25f-ee005d355ba8
- device id: 4ca35884-a93a-48fc-ad16-80b2a90aa32e
- application id: Box Tools Win exe
- application name: BoxTools
- application version: 4.28.1.1163
- metric collection url: https://client-log.box.com/index.php?rm=box_gen204_json_record
- metric data path: C:\Users\pcedillo\AppData\Local\Box\Box Tools\Metrics\BoxTools_Metrics_EFD61745.db
- post callback: 05E15B8E
- log callback: 05E15BB6
- context: 00000000
- post interval in seconds: 600
- max records in a post: 100
- max db records: 500
- disable sender: true
[2025-04-03 01:40:14,329] [68   ] [INFO ] [] - Shutting down the metrics collector
[2025-04-03 01:50:14,280] [69   ] [INFO ] [] - Initializing the metrics collector
[2025-04-03 01:50:14,289] [69   ] [INFO ] [] - MetricsCollector::Sender(49): _disableSentMetrics 1
[2025-04-03 01:50:14,289] [69   ] [INFO ] [] - MetricsCollector::Initialize(231): Initialized metrics collector
- session id: 426d37be-7d2a-41c5-a25f-ee005d355ba8
- device id: 4ca35884-a93a-48fc-ad16-80b2a90aa32e
- application id: Box Tools Win exe
- application name: BoxTools
- application version: 4.28.1.1163
- metric collection url: https://client-log.box.com/index.php?rm=box_gen204_json_record
- metric data path: C:\Users\pcedillo\AppData\Local\Box\Box Tools\Metrics\BoxTools_Metrics_EFD61745.db
- post callback: 05E15B8E
- log callback: 05E15BB6
- context: 00000000
- post interval in seconds: 600
- max records in a post: 100
- max db records: 500
- disable sender: true
[2025-04-03 01:50:14,301] [69   ] [INFO ] [] - Shutting down the metrics collector
[2025-04-03 02:00:14,261] [70   ] [INFO ] [] - Initializing the metrics collector
[2025-04-03 02:00:14,261] [70   ] [INFO ] [] - MetricsCollector::Sender(49): _disableSentMetrics 1
[2025-04-03 02:00:14,261] [70   ] [INFO ] [] - MetricsCollector::Initialize(231): Initialized metrics collector
- session id: 426d37be-7d2a-41c5-a25f-ee005d355ba8
- device id: 4ca35884-a93a-48fc-ad16-80b2a90aa32e
- application id: Box Tools Win exe
- application name: BoxTools
- application version: 4.28.1.1163
- metric collection url: https://client-log.box.com/index.php?rm=box_gen204_json_record
- metric data path: C:\Users\pcedillo\AppData\Local\Box\Box Tools\Metrics\BoxTools_Metrics_EFD61745.db
- post callback: 05E15B8E
- log callback: 05E15BB6
- context: 00000000
- post interval in seconds: 600
- max records in a post: 100
- max db records: 500
- disable sender: true
[2025-04-03 02:00:14,277] [70   ] [INFO ] [] - Shutting down the metrics collector
[2025-04-03 02:10:14,242] [71   ] [INFO ] [] - Initializing the metrics collector
[2025-04-03 02:10:14,242] [71   ] [INFO ] [] - MetricsCollector::Sender(49): _disableSentMetrics 1
[2025-04-03 02:10:14,242] [71   ] [INFO ] [] - MetricsCollector::Initialize(231): Initialized metrics collector
- session id: 426d37be-7d2a-41c5-a25f-ee005d355ba8
- device id: 4ca35884-a93a-48fc-ad16-80b2a90aa32e
- application id: Box Tools Win exe
- application name: BoxTools
- application version: 4.28.1.1163
- metric collection url: https://client-log.box.com/index.php?rm=box_gen204_json_record
- metric data path: C:\Users\pcedillo\AppData\Local\Box\Box Tools\Metrics\BoxTools_Metrics_EFD61745.db
- post callback: 05E15B8E
- log callback: 05E15BB6
- context: 00000000
- post interval in seconds: 600
- max records in a post: 100
- max db records: 500
- disable sender: true
[2025-04-03 02:10:14,258] [71   ] [INFO ] [] - Shutting down the metrics collector
[2025-04-03 02:20:14,245] [72   ] [INFO ] [] - Initializing the metrics collector
[2025-04-03 02:20:14,254] [72   ] [INFO ] [] - MetricsCollector::Sender(49): _disableSentMetrics 1
[2025-04-03 02:20:14,254] [72   ] [INFO ] [] - MetricsCollector::Initialize(231): Initialized metrics collector
- session id: 426d37be-7d2a-41c5-a25f-ee005d355ba8
- device id: 4ca35884-a93a-48fc-ad16-80b2a90aa32e
- application id: Box Tools Win exe
- application name: BoxTools
- application version: 4.28.1.1163
- metric collection url: https://client-log.box.com/index.php?rm=box_gen204_json_record
- metric data path: C:\Users\pcedillo\AppData\Local\Box\Box Tools\Metrics\BoxTools_Metrics_EFD61745.db
- post callback: 05E15B8E
- log callback: 05E15BB6
- context: 00000000
- post interval in seconds: 600
- max records in a post: 100
- max db records: 500
- disable sender: true
[2025-04-03 02:20:14,260] [72   ] [INFO ] [] - Shutting down the metrics collector
[2025-04-03 02:30:14,245] [73   ] [INFO ] [] - Initializing the metrics collector
[2025-04-03 02:30:14,250] [73   ] [INFO ] [] - MetricsCollector::Sender(49): _disableSentMetrics 1
[2025-04-03 02:30:14,250] [73   ] [INFO ] [] - MetricsCollector::Initialize(231): Initialized metrics collector
- session id: 426d37be-7d2a-41c5-a25f-ee005d355ba8
- device id: 4ca35884-a93a-48fc-ad16-80b2a90aa32e
- application id: Box Tools Win exe
- application name: BoxTools
- application version: 4.28.1.1163
- metric collection url: https://client-log.box.com/index.php?rm=box_gen204_json_record
- metric data path: C:\Users\pcedillo\AppData\Local\Box\Box Tools\Metrics\BoxTools_Metrics_EFD61745.db
- post callback: 05E15B8E
- log callback: 05E15BB6
- context: 00000000
- post interval in seconds: 600
- max records in a post: 100
- max db records: 500
- disable sender: true
[2025-04-03 02:30:14,261] [73   ] [INFO ] [] - Shutting down the metrics collector
[2025-04-03 02:40:14,250] [74   ] [INFO ] [] - Initializing the metrics collector
[2025-04-03 02:40:14,250] [74   ] [INFO ] [] - MetricsCollector::Sender(49): _disableSentMetrics 1
[2025-04-03 02:40:14,250] [74   ] [INFO ] [] - MetricsCollector::Initialize(231): Initialized metrics collector
- session id: 426d37be-7d2a-41c5-a25f-ee005d355ba8
- device id: 4ca35884-a93a-48fc-ad16-80b2a90aa32e
- application id: Box Tools Win exe
- application name: BoxTools
- application version: 4.28.1.1163
- metric collection url: https://client-log.box.com/index.php?rm=box_gen204_json_record
- metric data path: C:\Users\pcedillo\AppData\Local\Box\Box Tools\Metrics\BoxTools_Metrics_EFD61745.db
- post callback: 05E15B8E
- log callback: 05E15BB6
- context: 00000000
- post interval in seconds: 600
- max records in a post: 100
- max db records: 500
- disable sender: true
[2025-04-03 02:40:14,272] [74   ] [INFO ] [] - Shutting down the metrics collector
[2025-04-03 02:50:14,220] [75   ] [INFO ] [] - Initializing the metrics collector
[2025-04-03 02:50:14,220] [75   ] [INFO ] [] - MetricsCollector::Sender(49): _disableSentMetrics 1
[2025-04-03 02:50:14,220] [75   ] [INFO ] [] - MetricsCollector::Initialize(231): Initialized metrics collector
- session id: 426d37be-7d2a-41c5-a25f-ee005d355ba8
- device id: 4ca35884-a93a-48fc-ad16-80b2a90aa32e
- application id: Box Tools Win exe
- application name: BoxTools
- application version: 4.28.1.1163
- metric collection url: https://client-log.box.com/index.php?rm=box_gen204_json_record
- metric data path: C:\Users\pcedillo\AppData\Local\Box\Box Tools\Metrics\BoxTools_Metrics_EFD61745.db
- post callback: 05E15B8E
- log callback: 05E15BB6
- context: 00000000
- post interval in seconds: 600
- max records in a post: 100
- max db records: 500
- disable sender: true
[2025-04-03 02:50:14,245] [75   ] [INFO ] [] - Shutting down the metrics collector
[2025-04-03 02:54:14,998] [76   ] [INFO ] [] - Scheduling next upgrade check: Delay
[2025-04-03 02:54:14,998] [76   ] [INFO ] [] - Next autoupgrade timer will fire after: 1.00:00:00
[2025-04-03 02:54:14,998] [76   ] [INFO ] [] - Checking for upgrade
[2025-04-03 02:54:14,998] [76   ] [INFO ] [] - .NET Version - installed 533320, expected: 528040
[2025-04-03 02:54:14,998] [76   ] [INFO ] [] - result: True
[2025-04-03 02:54:14,998] [76   ] [INFO ] [] - Checking for upgrades
[2025-04-03 02:54:14,998] [76   ] [INFO ] [] - Url used to upgrade: https://cdn07.boxcdn.net/BoxEditAutoupdate2.json
[2025-04-03 02:54:15,366] [76   ] [INFO ] [] - ### current version track name: 4.28.1
[2025-04-03 02:54:15,366] [76   ] [INFO ] [] - No custom track name in registry
[2025-04-03 02:54:15,366] [76   ] [WARN ] [] - Track 4.28.1 not found
[2025-04-03 02:54:15,366] [76   ] [INFO ] [] - Track default for upgrade found
[2025-04-03 02:54:15,366] [76   ] [INFO ] [] - RolloutID set to 61
[2025-04-03 02:54:15,366] [76   ] [INFO ] [] - No upgrade available
[2025-04-03 02:54:15,366] [76   ] [INFO ] [] - Check for updates returned None
[2025-04-03 02:54:15,366] [76   ] [INFO ] [] - Scheduling next upgrade check: Reset
[2025-04-03 02:54:15,366] [76   ] [INFO ] [] - Next autoupgrade timer will fire after: 05:38:00
[2025-04-03 03:00:14,184] [78   ] [INFO ] [] - Initializing the metrics collector
[2025-04-03 03:00:14,198] [78   ] [INFO ] [] - MetricsCollector::Sender(49): _disableSentMetrics 1
[2025-04-03 03:00:14,198] [78   ] [INFO ] [] - MetricsCollector::Initialize(231): Initialized metrics collector
- session id: 426d37be-7d2a-41c5-a25f-ee005d355ba8
- device id: 4ca35884-a93a-48fc-ad16-80b2a90aa32e
- application id: Box Tools Win exe
- application name: BoxTools
- application version: 4.28.1.1163
- metric collection url: https://client-log.box.com/index.php?rm=box_gen204_json_record
- metric data path: C:\Users\pcedillo\AppData\Local\Box\Box Tools\Metrics\BoxTools_Metrics_EFD61745.db
- post callback: 05E15B8E
- log callback: 05E15BB6
- context: 00000000
- post interval in seconds: 600
- max records in a post: 100
- max db records: 500
- disable sender: true
[2025-04-03 03:00:14,210] [78   ] [INFO ] [] - Shutting down the metrics collector
[2025-04-03 03:10:14,172] [79   ] [INFO ] [] - Initializing the metrics collector
[2025-04-03 03:10:14,185] [79   ] [INFO ] [] - MetricsCollector::Sender(49): _disableSentMetrics 1
[2025-04-03 03:10:14,185] [79   ] [INFO ] [] - MetricsCollector::Initialize(231): Initialized metrics collector
- session id: 426d37be-7d2a-41c5-a25f-ee005d355ba8
- device id: 4ca35884-a93a-48fc-ad16-80b2a90aa32e
- application id: Box Tools Win exe
- application name: BoxTools
- application version: 4.28.1.1163
- metric collection url: https://client-log.box.com/index.php?rm=box_gen204_json_record
- metric data path: C:\Users\pcedillo\AppData\Local\Box\Box Tools\Metrics\BoxTools_Metrics_EFD61745.db
- post callback: 05E15B8E
- log callback: 05E15BB6
- context: 00000000
- post interval in seconds: 600
- max records in a post: 100
- max db records: 500
- disable sender: true
[2025-04-03 03:10:14,196] [79   ] [INFO ] [] - Shutting down the metrics collector
[2025-04-03 03:20:14,171] [80   ] [INFO ] [] - Initializing the metrics collector
[2025-04-03 03:20:14,176] [80   ] [INFO ] [] - MetricsCollector::Sender(49): _disableSentMetrics 1
[2025-04-03 03:20:14,176] [80   ] [INFO ] [] - MetricsCollector::Initialize(231): Initialized metrics collector
- session id: 426d37be-7d2a-41c5-a25f-ee005d355ba8
- device id: 4ca35884-a93a-48fc-ad16-80b2a90aa32e
- application id: Box Tools Win exe
- application name: BoxTools
- application version: 4.28.1.1163
- metric collection url: https://client-log.box.com/index.php?rm=box_gen204_json_record
- metric data path: C:\Users\pcedillo\AppData\Local\Box\Box Tools\Metrics\BoxTools_Metrics_EFD61745.db
- post callback: 05E15B8E
- log callback: 05E15BB6
- context: 00000000
- post interval in seconds: 600
- max records in a post: 100
- max db records: 500
- disable sender: true
[2025-04-03 03:20:14,187] [80   ] [INFO ] [] - Shutting down the metrics collector
[2025-04-03 03:30:14,170] [81   ] [INFO ] [] - Initializing the metrics collector
[2025-04-03 03:30:14,170] [81   ] [INFO ] [] - MetricsCollector::Sender(49): _disableSentMetrics 1
[2025-04-03 03:30:14,170] [81   ] [INFO ] [] - MetricsCollector::Initialize(231): Initialized metrics collector
- session id: 426d37be-7d2a-41c5-a25f-ee005d355ba8
- device id: 4ca35884-a93a-48fc-ad16-80b2a90aa32e
- application id: Box Tools Win exe
- application name: BoxTools
- application version: 4.28.1.1163
- metric collection url: https://client-log.box.com/index.php?rm=box_gen204_json_record
- metric data path: C:\Users\pcedillo\AppData\Local\Box\Box Tools\Metrics\BoxTools_Metrics_EFD61745.db
- post callback: 05E15B8E
- log callback: 05E15BB6
- context: 00000000
- post interval in seconds: 600
- max records in a post: 100
- max db records: 500
- disable sender: true
[2025-04-03 03:30:14,186] [81   ] [INFO ] [] - Shutting down the metrics collector
[2025-04-03 03:40:14,160] [82   ] [INFO ] [] - Initializing the metrics collector
[2025-04-03 03:40:14,170] [82   ] [INFO ] [] - MetricsCollector::Sender(49): _disableSentMetrics 1
[2025-04-03 03:40:14,172] [82   ] [INFO ] [] - MetricsCollector::Initialize(231): Initialized metrics collector
- session id: 426d37be-7d2a-41c5-a25f-ee005d355ba8
- device id: 4ca35884-a93a-48fc-ad16-80b2a90aa32e
- application id: Box Tools Win exe
- application name: BoxTools
- application version: 4.28.1.1163
- metric collection url: https://client-log.box.com/index.php?rm=box_gen204_json_record
- metric data path: C:\Users\pcedillo\AppData\Local\Box\Box Tools\Metrics\BoxTools_Metrics_EFD61745.db
- post callback: 05E15B8E
- log callback: 05E15BB6
- context: 00000000
- post interval in seconds: 600
- max records in a post: 100
- max db records: 500
- disable sender: true
[2025-04-03 03:40:14,175] [82   ] [INFO ] [] - Shutting down the metrics collector
[2025-04-03 03:50:14,169] [81   ] [INFO ] [] - Initializing the metrics collector
[2025-04-03 03:50:14,169] [81   ] [INFO ] [] - MetricsCollector::Sender(49): _disableSentMetrics 1
[2025-04-03 03:50:14,169] [81   ] [INFO ] [] - MetricsCollector::Initialize(231): Initialized metrics collector
- session id: 426d37be-7d2a-41c5-a25f-ee005d355ba8
- device id: 4ca35884-a93a-48fc-ad16-80b2a90aa32e
- application id: Box Tools Win exe
- application name: BoxTools
- application version: 4.28.1.1163
- metric collection url: https://client-log.box.com/index.php?rm=box_gen204_json_record
- metric data path: C:\Users\pcedillo\AppData\Local\Box\Box Tools\Metrics\BoxTools_Metrics_EFD61745.db
- post callback: 05E15B8E
- log callback: 05E15BB6
- context: 00000000
- post interval in seconds: 600
- max records in a post: 100
- max db records: 500
- disable sender: true
[2025-04-03 03:50:14,185] [81   ] [INFO ] [] - Shutting down the metrics collector
[2025-04-03 04:00:14,104] [80   ] [INFO ] [] - Initializing the metrics collector
[2025-04-03 04:00:14,106] [80   ] [INFO ] [] - MetricsCollector::Sender(49): _disableSentMetrics 1
[2025-04-03 04:00:14,106] [80   ] [INFO ] [] - MetricsCollector::Initialize(231): Initialized metrics collector
- session id: 426d37be-7d2a-41c5-a25f-ee005d355ba8
- device id: 4ca35884-a93a-48fc-ad16-80b2a90aa32e
- application id: Box Tools Win exe
- application name: BoxTools
- application version: 4.28.1.1163
- metric collection url: https://client-log.box.com/index.php?rm=box_gen204_json_record
- metric data path: C:\Users\pcedillo\AppData\Local\Box\Box Tools\Metrics\BoxTools_Metrics_EFD61745.db
- post callback: 05E15B8E
- log callback: 05E15BB6
- context: 00000000
- post interval in seconds: 600
- max records in a post: 100
- max db records: 500
- disable sender: true
[2025-04-03 04:00:14,120] [80   ] [INFO ] [] - Shutting down the metrics collector
[2025-04-03 04:10:14,074] [79   ] [INFO ] [] - Initializing the metrics collector
[2025-04-03 04:10:14,079] [79   ] [INFO ] [] - MetricsCollector::Sender(49): _disableSentMetrics 1
[2025-04-03 04:10:14,079] [79   ] [INFO ] [] - MetricsCollector::Initialize(231): Initialized metrics collector
- session id: 426d37be-7d2a-41c5-a25f-ee005d355ba8
- device id: 4ca35884-a93a-48fc-ad16-80b2a90aa32e
- application id: Box Tools Win exe
- application name: BoxTools
- application version: 4.28.1.1163
- metric collection url: https://client-log.box.com/index.php?rm=box_gen204_json_record
- metric data path: C:\Users\pcedillo\AppData\Local\Box\Box Tools\Metrics\BoxTools_Metrics_EFD61745.db
- post callback: 05E15B8E
- log callback: 05E15BB6
- context: 00000000
- post interval in seconds: 600
- max records in a post: 100
- max db records: 500
- disable sender: true
[2025-04-03 04:10:14,096] [79   ] [INFO ] [] - Shutting down the metrics collector
[2025-04-03 04:20:14,051] [78   ] [INFO ] [] - Initializing the metrics collector
[2025-04-03 04:20:14,051] [78   ] [INFO ] [] - MetricsCollector::Sender(49): _disableSentMetrics 1
[2025-04-03 04:20:14,051] [78   ] [INFO ] [] - MetricsCollector::Initialize(231): Initialized metrics collector
- session id: 426d37be-7d2a-41c5-a25f-ee005d355ba8
- device id: 4ca35884-a93a-48fc-ad16-80b2a90aa32e
- application id: Box Tools Win exe
- application name: BoxTools
- application version: 4.28.1.1163
- metric collection url: https://client-log.box.com/index.php?rm=box_gen204_json_record
- metric data path: C:\Users\pcedillo\AppData\Local\Box\Box Tools\Metrics\BoxTools_Metrics_EFD61745.db
- post callback: 05E15B8E
- log callback: 05E15BB6
- context: 00000000
- post interval in seconds: 600
- max records in a post: 100
- max db records: 500
- disable sender: true
[2025-04-03 04:20:14,067] [78   ] [INFO ] [] - Shutting down the metrics collector
[2025-04-03 04:30:14,046] [77   ] [INFO ] [] - Initializing the metrics collector
[2025-04-03 04:30:14,052] [77   ] [INFO ] [] - MetricsCollector::Sender(49): _disableSentMetrics 1
[2025-04-03 04:30:14,052] [77   ] [INFO ] [] - MetricsCollector::Initialize(231): Initialized metrics collector
- session id: 426d37be-7d2a-41c5-a25f-ee005d355ba8
- device id: 4ca35884-a93a-48fc-ad16-80b2a90aa32e
- application id: Box Tools Win exe
- application name: BoxTools
- application version: 4.28.1.1163
- metric collection url: https://client-log.box.com/index.php?rm=box_gen204_json_record
- metric data path: C:\Users\pcedillo\AppData\Local\Box\Box Tools\Metrics\BoxTools_Metrics_EFD61745.db
- post callback: 05E15B8E
- log callback: 05E15BB6
- context: 00000000
- post interval in seconds: 600
- max records in a post: 100
- max db records: 500
- disable sender: true
[2025-04-03 04:30:14,064] [77   ] [INFO ] [] - Shutting down the metrics collector
[2025-04-03 04:40:14,036] [76   ] [INFO ] [] - Initializing the metrics collector
[2025-04-03 04:40:14,036] [76   ] [INFO ] [] - MetricsCollector::Sender(49): _disableSentMetrics 1
[2025-04-03 04:40:14,036] [76   ] [INFO ] [] - MetricsCollector::Initialize(231): Initialized metrics collector
- session id: 426d37be-7d2a-41c5-a25f-ee005d355ba8
- device id: 4ca35884-a93a-48fc-ad16-80b2a90aa32e
- application id: Box Tools Win exe
- application name: BoxTools
- application version: 4.28.1.1163
- metric collection url: https://client-log.box.com/index.php?rm=box_gen204_json_record
- metric data path: C:\Users\pcedillo\AppData\Local\Box\Box Tools\Metrics\BoxTools_Metrics_EFD61745.db
- post callback: 05E15B8E
- log callback: 05E15BB6
- context: 00000000
- post interval in seconds: 600
- max records in a post: 100
- max db records: 500
- disable sender: true
[2025-04-03 04:40:14,052] [76   ] [INFO ] [] - Shutting down the metrics collector
[2025-04-03 04:50:14,039] [75   ] [INFO ] [] - Initializing the metrics collector
[2025-04-03 04:50:14,041] [75   ] [INFO ] [] - MetricsCollector::Sender(49): _disableSentMetrics 1
[2025-04-03 04:50:14,041] [75   ] [INFO ] [] - MetricsCollector::Initialize(231): Initialized metrics collector
- session id: 426d37be-7d2a-41c5-a25f-ee005d355ba8
- device id: 4ca35884-a93a-48fc-ad16-80b2a90aa32e
- application id: Box Tools Win exe
- application name: BoxTools
- application version: 4.28.1.1163
- metric collection url: https://client-log.box.com/index.php?rm=box_gen204_json_record
- metric data path: C:\Users\pcedillo\AppData\Local\Box\Box Tools\Metrics\BoxTools_Metrics_EFD61745.db
- post callback: 05E15B8E
- log callback: 05E15BB6
- context: 00000000
- post interval in seconds: 600
- max records in a post: 100
- max db records: 500
- disable sender: true
[2025-04-03 04:50:14,055] [75   ] [INFO ] [] - Shutting down the metrics collector
[2025-04-03 05:00:14,041] [74   ] [INFO ] [] - Initializing the metrics collector
[2025-04-03 05:00:14,047] [74   ] [INFO ] [] - MetricsCollector::Sender(49): _disableSentMetrics 1
[2025-04-03 05:00:14,047] [74   ] [INFO ] [] - MetricsCollector::Initialize(231): Initialized metrics collector
- session id: 426d37be-7d2a-41c5-a25f-ee005d355ba8
- device id: 4ca35884-a93a-48fc-ad16-80b2a90aa32e
- application id: Box Tools Win exe
- application name: BoxTools
- application version: 4.28.1.1163
- metric collection url: https://client-log.box.com/index.php?rm=box_gen204_json_record
- metric data path: C:\Users\pcedillo\AppData\Local\Box\Box Tools\Metrics\BoxTools_Metrics_EFD61745.db
- post callback: 05E15B8E
- log callback: 05E15BB6
- context: 00000000
- post interval in seconds: 600
- max records in a post: 100
- max db records: 500
- disable sender: true
[2025-04-03 05:00:14,057] [74   ] [INFO ] [] - Shutting down the metrics collector
[2025-04-03 05:10:14,058] [73   ] [INFO ] [] - Initializing the metrics collector
[2025-04-03 05:10:14,074] [73   ] [INFO ] [] - MetricsCollector::Sender(49): _disableSentMetrics 1
[2025-04-03 05:10:14,074] [73   ] [INFO ] [] - MetricsCollector::Initialize(231): Initialized metrics collector
- session id: 426d37be-7d2a-41c5-a25f-ee005d355ba8
- device id: 4ca35884-a93a-48fc-ad16-80b2a90aa32e
- application id: Box Tools Win exe
- application name: BoxTools
- application version: 4.28.1.1163
- metric collection url: https://client-log.box.com/index.php?rm=box_gen204_json_record
- metric data path: C:\Users\pcedillo\AppData\Local\Box\Box Tools\Metrics\BoxTools_Metrics_EFD61745.db
- post callback: 05E15B8E
- log callback: 05E15BB6
- context: 00000000
- post interval in seconds: 600
- max records in a post: 100
- max db records: 500
- disable sender: true
[2025-04-03 05:10:14,090] [73   ] [INFO ] [] - Shutting down the metrics collector
[2025-04-03 05:20:14,071] [72   ] [INFO ] [] - Initializing the metrics collector
[2025-04-03 05:20:14,071] [72   ] [INFO ] [] - MetricsCollector::Sender(49): _disableSentMetrics 1
[2025-04-03 05:20:14,071] [72   ] [INFO ] [] - MetricsCollector::Initialize(231): Initialized metrics collector
- session id: 426d37be-7d2a-41c5-a25f-ee005d355ba8
- device id: 4ca35884-a93a-48fc-ad16-80b2a90aa32e
- application id: Box Tools Win exe
- application name: BoxTools
- application version: 4.28.1.1163
- metric collection url: https://client-log.box.com/index.php?rm=box_gen204_json_record
- metric data path: C:\Users\pcedillo\AppData\Local\Box\Box Tools\Metrics\BoxTools_Metrics_EFD61745.db
- post callback: 05E15B8E
- log callback: 05E15BB6
- context: 00000000
- post interval in seconds: 600
- max records in a post: 100
- max db records: 500
- disable sender: true
[2025-04-03 05:20:14,087] [72   ] [INFO ] [] - Shutting down the metrics collector
[2025-04-03 05:30:14,088] [71   ] [INFO ] [] - Initializing the metrics collector
[2025-04-03 05:30:14,095] [71   ] [INFO ] [] - MetricsCollector::Sender(49): _disableSentMetrics 1
[2025-04-03 05:30:14,095] [71   ] [INFO ] [] - MetricsCollector::Initialize(231): Initialized metrics collector
- session id: 426d37be-7d2a-41c5-a25f-ee005d355ba8
- device id: 4ca35884-a93a-48fc-ad16-80b2a90aa32e
- application id: Box Tools Win exe
- application name: BoxTools
- application version: 4.28.1.1163
- metric collection url: https://client-log.box.com/index.php?rm=box_gen204_json_record
- metric data path: C:\Users\pcedillo\AppData\Local\Box\Box Tools\Metrics\BoxTools_Metrics_EFD61745.db
- post callback: 05E15B8E
- log callback: 05E15BB6
- context: 00000000
- post interval in seconds: 600
- max records in a post: 100
- max db records: 500
- disable sender: true
[2025-04-03 05:30:14,104] [71   ] [INFO ] [] - Shutting down the metrics collector
[2025-04-03 05:40:14,090] [70   ] [INFO ] [] - Initializing the metrics collector
[2025-04-03 05:40:14,090] [70   ] [INFO ] [] - MetricsCollector::Sender(49): _disableSentMetrics 1
[2025-04-03 05:40:14,090] [70   ] [INFO ] [] - MetricsCollector::Initialize(231): Initialized metrics collector
- session id: 426d37be-7d2a-41c5-a25f-ee005d355ba8
- device id: 4ca35884-a93a-48fc-ad16-80b2a90aa32e
- application id: Box Tools Win exe
- application name: BoxTools
- application version: 4.28.1.1163
- metric collection url: https://client-log.box.com/index.php?rm=box_gen204_json_record
- metric data path: C:\Users\pcedillo\AppData\Local\Box\Box Tools\Metrics\BoxTools_Metrics_EFD61745.db
- post callback: 05E15B8E
- log callback: 05E15BB6
- context: 00000000
- post interval in seconds: 600
- max records in a post: 100
- max db records: 500
- disable sender: true
[2025-04-03 05:40:14,118] [70   ] [INFO ] [] - Shutting down the metrics collector
[2025-04-03 05:50:14,101] [69   ] [INFO ] [] - Initializing the metrics collector
[2025-04-03 05:50:14,101] [69   ] [INFO ] [] - MetricsCollector::Sender(49): _disableSentMetrics 1
[2025-04-03 05:50:14,101] [69   ] [INFO ] [] - MetricsCollector::Initialize(231): Initialized metrics collector
- session id: 426d37be-7d2a-41c5-a25f-ee005d355ba8
- device id: 4ca35884-a93a-48fc-ad16-80b2a90aa32e
- application id: Box Tools Win exe
- application name: BoxTools
- application version: 4.28.1.1163
- metric collection url: https://client-log.box.com/index.php?rm=box_gen204_json_record
- metric data path: C:\Users\pcedillo\AppData\Local\Box\Box Tools\Metrics\BoxTools_Metrics_EFD61745.db
- post callback: 05E15B8E
- log callback: 05E15BB6
- context: 00000000
- post interval in seconds: 600
- max records in a post: 100
- max db records: 500
- disable sender: true
[2025-04-03 05:50:14,117] [69   ] [INFO ] [] - Shutting down the metrics collector
[2025-04-03 06:00:14,116] [68   ] [INFO ] [] - Initializing the metrics collector
[2025-04-03 06:00:14,116] [68   ] [INFO ] [] - MetricsCollector::Sender(49): _disableSentMetrics 1
[2025-04-03 06:00:14,116] [68   ] [INFO ] [] - MetricsCollector::Initialize(231): Initialized metrics collector
- session id: 426d37be-7d2a-41c5-a25f-ee005d355ba8
- device id: 4ca35884-a93a-48fc-ad16-80b2a90aa32e
- application id: Box Tools Win exe
- application name: BoxTools
- application version: 4.28.1.1163
- metric collection url: https://client-log.box.com/index.php?rm=box_gen204_json_record
- metric data path: C:\Users\pcedillo\AppData\Local\Box\Box Tools\Metrics\BoxTools_Metrics_EFD61745.db
- post callback: 05E15B8E
- log callback: 05E15BB6
- context: 00000000
- post interval in seconds: 600
- max records in a post: 100
- max db records: 500
- disable sender: true
[2025-04-03 06:00:14,132] [68   ] [INFO ] [] - Shutting down the metrics collector
[2025-04-03 06:10:14,080] [67   ] [INFO ] [] - Initializing the metrics collector
[2025-04-03 06:10:14,085] [67   ] [INFO ] [] - MetricsCollector::Sender(49): _disableSentMetrics 1
[2025-04-03 06:10:14,085] [67   ] [INFO ] [] - MetricsCollector::Initialize(231): Initialized metrics collector
- session id: 426d37be-7d2a-41c5-a25f-ee005d355ba8
- device id: 4ca35884-a93a-48fc-ad16-80b2a90aa32e
- application id: Box Tools Win exe
- application name: BoxTools
- application version: 4.28.1.1163
- metric collection url: https://client-log.box.com/index.php?rm=box_gen204_json_record
- metric data path: C:\Users\pcedillo\AppData\Local\Box\Box Tools\Metrics\BoxTools_Metrics_EFD61745.db
- post callback: 05E15B8E
- log callback: 05E15BB6
- context: 00000000
- post interval in seconds: 600
- max records in a post: 100
- max db records: 500
- disable sender: true
[2025-04-03 06:10:14,098] [67   ] [INFO ] [] - Shutting down the metrics collector
[2025-04-03 06:20:13,986] [66   ] [INFO ] [] - Initializing the metrics collector
[2025-04-03 06:20:13,999] [66   ] [INFO ] [] - MetricsCollector::Sender(49): _disableSentMetrics 1
[2025-04-03 06:20:13,999] [66   ] [INFO ] [] - MetricsCollector::Initialize(231): Initialized metrics collector
- session id: 426d37be-7d2a-41c5-a25f-ee005d355ba8
- device id: 4ca35884-a93a-48fc-ad16-80b2a90aa32e
- application id: Box Tools Win exe
- application name: BoxTools
- application version: 4.28.1.1163
- metric collection url: https://client-log.box.com/index.php?rm=box_gen204_json_record
- metric data path: C:\Users\pcedillo\AppData\Local\Box\Box Tools\Metrics\BoxTools_Metrics_EFD61745.db
- post callback: 05E15B8E
- log callback: 05E15BB6
- context: 00000000
- post interval in seconds: 600
- max records in a post: 100
- max db records: 500
- disable sender: true
[2025-04-03 06:20:14,009] [66   ] [INFO ] [] - Shutting down the metrics collector
[2025-04-03 06:30:13,934] [65   ] [INFO ] [] - Initializing the metrics collector
[2025-04-03 06:30:13,934] [65   ] [INFO ] [] - MetricsCollector::Sender(49): _disableSentMetrics 1
[2025-04-03 06:30:13,934] [65   ] [INFO ] [] - MetricsCollector::Initialize(231): Initialized metrics collector
- session id: 426d37be-7d2a-41c5-a25f-ee005d355ba8
- device id: 4ca35884-a93a-48fc-ad16-80b2a90aa32e
- application id: Box Tools Win exe
- application name: BoxTools
- application version: 4.28.1.1163
- metric collection url: https://client-log.box.com/index.php?rm=box_gen204_json_record
- metric data path: C:\Users\pcedillo\AppData\Local\Box\Box Tools\Metrics\BoxTools_Metrics_EFD61745.db
- post callback: 05E15B8E
- log callback: 05E15BB6
- context: 00000000
- post interval in seconds: 600
- max records in a post: 100
- max db records: 500
- disable sender: true
[2025-04-03 06:30:13,950] [65   ] [INFO ] [] - Shutting down the metrics collector
[2025-04-03 06:40:13,883] [64   ] [INFO ] [] - Initializing the metrics collector
[2025-04-03 06:40:13,888] [64   ] [INFO ] [] - MetricsCollector::Sender(49): _disableSentMetrics 1
[2025-04-03 06:40:13,895] [64   ] [INFO ] [] - MetricsCollector::Initialize(231): Initialized metrics collector
- session id: 426d37be-7d2a-41c5-a25f-ee005d355ba8
- device id: 4ca35884-a93a-48fc-ad16-80b2a90aa32e
- application id: Box Tools Win exe
- application name: BoxTools
- application version: 4.28.1.1163
- metric collection url: https://client-log.box.com/index.php?rm=box_gen204_json_record
- metric data path: C:\Users\pcedillo\AppData\Local\Box\Box Tools\Metrics\BoxTools_Metrics_EFD61745.db
- post callback: 05E15B8E
- log callback: 05E15BB6
- context: 00000000
- post interval in seconds: 600
- max records in a post: 100
- max db records: 500
- disable sender: true
[2025-04-03 06:40:13,905] [64   ] [INFO ] [] - Shutting down the metrics collector
[2025-04-03 06:50:13,868] [63   ] [INFO ] [] - Initializing the metrics collector
[2025-04-03 06:50:13,868] [63   ] [INFO ] [] - MetricsCollector::Sender(49): _disableSentMetrics 1
[2025-04-03 06:50:13,868] [63   ] [INFO ] [] - MetricsCollector::Initialize(231): Initialized metrics collector
- session id: 426d37be-7d2a-41c5-a25f-ee005d355ba8
- device id: 4ca35884-a93a-48fc-ad16-80b2a90aa32e
- application id: Box Tools Win exe
- application name: BoxTools
- application version: 4.28.1.1163
- metric collection url: https://client-log.box.com/index.php?rm=box_gen204_json_record
- metric data path: C:\Users\pcedillo\AppData\Local\Box\Box Tools\Metrics\BoxTools_Metrics_EFD61745.db
- post callback: 05E15B8E
- log callback: 05E15BB6
- context: 00000000
- post interval in seconds: 600
- max records in a post: 100
- max db records: 500
- disable sender: true
[2025-04-03 06:50:13,884] [63   ] [INFO ] [] - Shutting down the metrics collector
[2025-04-03 07:00:13,852] [62   ] [INFO ] [] - Initializing the metrics collector
[2025-04-03 07:00:13,852] [62   ] [INFO ] [] - MetricsCollector::Sender(49): _disableSentMetrics 1
[2025-04-03 07:00:13,852] [62   ] [INFO ] [] - MetricsCollector::Initialize(231): Initialized metrics collector
- session id: 426d37be-7d2a-41c5-a25f-ee005d355ba8
- device id: 4ca35884-a93a-48fc-ad16-80b2a90aa32e
- application id: Box Tools Win exe
- application name: BoxTools
- application version: 4.28.1.1163
- metric collection url: https://client-log.box.com/index.php?rm=box_gen204_json_record
- metric data path: C:\Users\pcedillo\AppData\Local\Box\Box Tools\Metrics\BoxTools_Metrics_EFD61745.db
- post callback: 05E15B8E
- log callback: 05E15BB6
- context: 00000000
- post interval in seconds: 600
- max records in a post: 100
- max db records: 500
- disable sender: true
[2025-04-03 07:00:13,868] [62   ] [INFO ] [] - Shutting down the metrics collector
[2025-04-03 07:10:13,843] [61   ] [INFO ] [] - Initializing the metrics collector
[2025-04-03 07:10:13,843] [61   ] [INFO ] [] - MetricsCollector::Sender(49): _disableSentMetrics 1
[2025-04-03 07:10:13,855] [61   ] [INFO ] [] - MetricsCollector::Initialize(231): Initialized metrics collector
- session id: 426d37be-7d2a-41c5-a25f-ee005d355ba8
- device id: 4ca35884-a93a-48fc-ad16-80b2a90aa32e
- application id: Box Tools Win exe
- application name: BoxTools
- application version: 4.28.1.1163
- metric collection url: https://client-log.box.com/index.php?rm=box_gen204_json_record
- metric data path: C:\Users\pcedillo\AppData\Local\Box\Box Tools\Metrics\BoxTools_Metrics_EFD61745.db
- post callback: 05E15B8E
- log callback: 05E15BB6
- context: 00000000
- post interval in seconds: 600
- max records in a post: 100
- max db records: 500
- disable sender: true
[2025-04-03 07:10:13,860] [61   ] [INFO ] [] - Shutting down the metrics collector
[2025-04-03 07:20:13,838] [60   ] [INFO ] [] - Initializing the metrics collector
[2025-04-03 07:20:13,838] [60   ] [INFO ] [] - MetricsCollector::Sender(49): _disableSentMetrics 1
[2025-04-03 07:20:13,838] [60   ] [INFO ] [] - MetricsCollector::Initialize(231): Initialized metrics collector
- session id: 426d37be-7d2a-41c5-a25f-ee005d355ba8
- device id: 4ca35884-a93a-48fc-ad16-80b2a90aa32e
- application id: Box Tools Win exe
- application name: BoxTools
- application version: 4.28.1.1163
- metric collection url: https://client-log.box.com/index.php?rm=box_gen204_json_record
- metric data path: C:\Users\pcedillo\AppData\Local\Box\Box Tools\Metrics\BoxTools_Metrics_EFD61745.db
- post callback: 05E15B8E
- log callback: 05E15BB6
- context: 00000000
- post interval in seconds: 600
- max records in a post: 100
- max db records: 500
- disable sender: true
[2025-04-03 07:20:13,854] [60   ] [INFO ] [] - Shutting down the metrics collector
[2025-04-03 07:30:13,860] [59   ] [INFO ] [] - Initializing the metrics collector
[2025-04-03 07:30:13,875] [59   ] [INFO ] [] - MetricsCollector::Sender(49): _disableSentMetrics 1
[2025-04-03 07:30:13,875] [59   ] [INFO ] [] - MetricsCollector::Initialize(231): Initialized metrics collector
- session id: 426d37be-7d2a-41c5-a25f-ee005d355ba8
- device id: 4ca35884-a93a-48fc-ad16-80b2a90aa32e
- application id: Box Tools Win exe
- application name: BoxTools
- application version: 4.28.1.1163
- metric collection url: https://client-log.box.com/index.php?rm=box_gen204_json_record
- metric data path: C:\Users\pcedillo\AppData\Local\Box\Box Tools\Metrics\BoxTools_Metrics_EFD61745.db
- post callback: 05E15B8E
- log callback: 05E15BB6
- context: 00000000
- post interval in seconds: 600
- max records in a post: 100
- max db records: 500
- disable sender: true
[2025-04-03 07:30:13,875] [59   ] [INFO ] [] - Shutting down the metrics collector
[2025-04-03 07:40:13,871] [58   ] [INFO ] [] - Initializing the metrics collector
[2025-04-03 07:40:13,871] [58   ] [INFO ] [] - MetricsCollector::Sender(49): _disableSentMetrics 1
[2025-04-03 07:40:13,871] [58   ] [INFO ] [] - MetricsCollector::Initialize(231): Initialized metrics collector
- session id: 426d37be-7d2a-41c5-a25f-ee005d355ba8
- device id: 4ca35884-a93a-48fc-ad16-80b2a90aa32e
- application id: Box Tools Win exe
- application name: BoxTools
- application version: 4.28.1.1163
- metric collection url: https://client-log.box.com/index.php?rm=box_gen204_json_record
- metric data path: C:\Users\pcedillo\AppData\Local\Box\Box Tools\Metrics\BoxTools_Metrics_EFD61745.db
- post callback: 05E15B8E
- log callback: 05E15BB6
- context: 00000000
- post interval in seconds: 600
- max records in a post: 100
- max db records: 500
- disable sender: true
[2025-04-03 07:40:13,893] [58   ] [INFO ] [] - Shutting down the metrics collector
[2025-04-03 07:50:13,869] [57   ] [INFO ] [] - Initializing the metrics collector
[2025-04-03 07:50:13,869] [57   ] [INFO ] [] - MetricsCollector::Sender(49): _disableSentMetrics 1
[2025-04-03 07:50:13,869] [57   ] [INFO ] [] - MetricsCollector::Initialize(231): Initialized metrics collector
- session id: 426d37be-7d2a-41c5-a25f-ee005d355ba8
- device id: 4ca35884-a93a-48fc-ad16-80b2a90aa32e
- application id: Box Tools Win exe
- application name: BoxTools
- application version: 4.28.1.1163
- metric collection url: https://client-log.box.com/index.php?rm=box_gen204_json_record
- metric data path: C:\Users\pcedillo\AppData\Local\Box\Box Tools\Metrics\BoxTools_Metrics_EFD61745.db
- post callback: 05E15B8E
- log callback: 05E15BB6
- context: 00000000
- post interval in seconds: 600
- max records in a post: 100
- max db records: 500
- disable sender: true
[2025-04-03 07:50:13,885] [57   ] [INFO ] [] - Shutting down the metrics collector
[2025-04-03 08:00:13,875] [56   ] [INFO ] [] - Initializing the metrics collector
[2025-04-03 08:00:13,892] [56   ] [INFO ] [] - MetricsCollector::Sender(49): _disableSentMetrics 1
[2025-04-03 08:00:13,892] [56   ] [INFO ] [] - MetricsCollector::Initialize(231): Initialized metrics collector
- session id: 426d37be-7d2a-41c5-a25f-ee005d355ba8
- device id: 4ca35884-a93a-48fc-ad16-80b2a90aa32e
- application id: Box Tools Win exe
- application name: BoxTools
- application version: 4.28.1.1163
- metric collection url: https://client-log.box.com/index.php?rm=box_gen204_json_record
- metric data path: C:\Users\pcedillo\AppData\Local\Box\Box Tools\Metrics\BoxTools_Metrics_EFD61745.db
- post callback: 05E15B8E
- log callback: 05E15BB6
- context: 00000000
- post interval in seconds: 600
- max records in a post: 100
- max db records: 500
- disable sender: true
[2025-04-03 08:00:13,907] [56   ] [INFO ] [] - Shutting down the metrics collector
[2025-04-03 08:10:13,876] [55   ] [INFO ] [] - Initializing the metrics collector
[2025-04-03 08:10:13,876] [55   ] [INFO ] [] - MetricsCollector::Sender(49): _disableSentMetrics 1
[2025-04-03 08:10:13,876] [55   ] [INFO ] [] - MetricsCollector::Initialize(231): Initialized metrics collector
- session id: 426d37be-7d2a-41c5-a25f-ee005d355ba8
- device id: 4ca35884-a93a-48fc-ad16-80b2a90aa32e
- application id: Box Tools Win exe
- application name: BoxTools
- application version: 4.28.1.1163
- metric collection url: https://client-log.box.com/index.php?rm=box_gen204_json_record
- metric data path: C:\Users\pcedillo\AppData\Local\Box\Box Tools\Metrics\BoxTools_Metrics_EFD61745.db
- post callback: 05E15B8E
- log callback: 05E15BB6
- context: 00000000
- post interval in seconds: 600
- max records in a post: 100
- max db records: 500
- disable sender: true
[2025-04-03 08:10:13,892] [55   ] [INFO ] [] - Shutting down the metrics collector
[2025-04-03 08:20:13,901] [54   ] [INFO ] [] - Initializing the metrics collector
[2025-04-03 08:20:13,916] [54   ] [INFO ] [] - MetricsCollector::Sender(49): _disableSentMetrics 1
[2025-04-03 08:20:13,917] [54   ] [INFO ] [] - MetricsCollector::Initialize(231): Initialized metrics collector
- session id: 426d37be-7d2a-41c5-a25f-ee005d355ba8
- device id: 4ca35884-a93a-48fc-ad16-80b2a90aa32e
- application id: Box Tools Win exe
- application name: BoxTools
- application version: 4.28.1.1163
- metric collection url: https://client-log.box.com/index.php?rm=box_gen204_json_record
- metric data path: C:\Users\pcedillo\AppData\Local\Box\Box Tools\Metrics\BoxTools_Metrics_EFD61745.db
- post callback: 05E15B8E
- log callback: 05E15BB6
- context: 00000000
- post interval in seconds: 600
- max records in a post: 100
- max db records: 500
- disable sender: true
[2025-04-03 08:20:13,930] [54   ] [INFO ] [] - Shutting down the metrics collector
[2025-04-03 08:30:13,847] [53   ] [INFO ] [] - Initializing the metrics collector
[2025-04-03 08:30:13,864] [53   ] [INFO ] [] - MetricsCollector::Sender(49): _disableSentMetrics 1
[2025-04-03 08:30:13,868] [53   ] [INFO ] [] - MetricsCollector::Initialize(231): Initialized metrics collector
- session id: 426d37be-7d2a-41c5-a25f-ee005d355ba8
- device id: 4ca35884-a93a-48fc-ad16-80b2a90aa32e
- application id: Box Tools Win exe
- application name: BoxTools
- application version: 4.28.1.1163
- metric collection url: https://client-log.box.com/index.php?rm=box_gen204_json_record
- metric data path: C:\Users\pcedillo\AppData\Local\Box\Box Tools\Metrics\BoxTools_Metrics_EFD61745.db
- post callback: 05E15B8E
- log callback: 05E15BB6
- context: 00000000
- post interval in seconds: 600
- max records in a post: 100
- max db records: 500
- disable sender: true
[2025-04-03 08:30:13,883] [53   ] [INFO ] [] - Shutting down the metrics collector
[2025-04-03 08:32:14,640] [52   ] [INFO ] [] - Scheduling next upgrade check: Delay
[2025-04-03 08:32:14,640] [52   ] [INFO ] [] - Next autoupgrade timer will fire after: 1.00:00:00
[2025-04-03 08:32:14,643] [52   ] [INFO ] [] - Checking for upgrade
[2025-04-03 08:32:14,643] [52   ] [INFO ] [] - .NET Version - installed 533320, expected: 528040
[2025-04-03 08:32:14,645] [52   ] [INFO ] [] - result: True
[2025-04-03 08:32:14,649] [52   ] [INFO ] [] - Checking for upgrades
[2025-04-03 08:32:14,649] [52   ] [INFO ] [] - Url used to upgrade: https://cdn07.boxcdn.net/BoxEditAutoupdate2.json
[2025-04-03 08:32:15,121] [52   ] [INFO ] [] - ### current version track name: 4.28.1
[2025-04-03 08:32:15,125] [52   ] [INFO ] [] - No custom track name in registry
[2025-04-03 08:32:15,127] [52   ] [WARN ] [] - Track 4.28.1 not found
[2025-04-03 08:32:15,127] [52   ] [INFO ] [] - Track default for upgrade found
[2025-04-03 08:32:15,127] [52   ] [INFO ] [] - RolloutID set to 61
[2025-04-03 08:32:15,129] [52   ] [INFO ] [] - No upgrade available
[2025-04-03 08:32:15,130] [52   ] [INFO ] [] - Check for updates returned None
[2025-04-03 08:32:15,130] [52   ] [INFO ] [] - Scheduling next upgrade check: Reset
[2025-04-03 08:32:15,130] [52   ] [INFO ] [] - Next autoupgrade timer will fire after: 05:13:00
[2025-04-03 08:40:13,754] [50   ] [INFO ] [] - Initializing the metrics collector
[2025-04-03 08:40:13,773] [50   ] [INFO ] [] - MetricsCollector::Sender(49): _disableSentMetrics 1
[2025-04-03 08:40:13,777] [50   ] [INFO ] [] - MetricsCollector::Initialize(231): Initialized metrics collector
- session id: 426d37be-7d2a-41c5-a25f-ee005d355ba8
- device id: 4ca35884-a93a-48fc-ad16-80b2a90aa32e
- application id: Box Tools Win exe
- application name: BoxTools
- application version: 4.28.1.1163
- metric collection url: https://client-log.box.com/index.php?rm=box_gen204_json_record
- metric data path: C:\Users\pcedillo\AppData\Local\Box\Box Tools\Metrics\BoxTools_Metrics_EFD61745.db
- post callback: 05E15B8E
- log callback: 05E15BB6
- context: 00000000
- post interval in seconds: 600
- max records in a post: 100
- max db records: 500
- disable sender: true
[2025-04-03 08:40:13,790] [50   ] [INFO ] [] - Shutting down the metrics collector
[2025-04-03 08:50:13,696] [49   ] [INFO ] [] - Initializing the metrics collector
[2025-04-03 08:50:13,712] [49   ] [INFO ] [] - MetricsCollector::Sender(49): _disableSentMetrics 1
[2025-04-03 08:50:13,712] [49   ] [INFO ] [] - MetricsCollector::Initialize(231): Initialized metrics collector
- session id: 426d37be-7d2a-41c5-a25f-ee005d355ba8
- device id: 4ca35884-a93a-48fc-ad16-80b2a90aa32e
- application id: Box Tools Win exe
- application name: BoxTools
- application version: 4.28.1.1163
- metric collection url: https://client-log.box.com/index.php?rm=box_gen204_json_record
- metric data path: C:\Users\pcedillo\AppData\Local\Box\Box Tools\Metrics\BoxTools_Metrics_EFD61745.db
- post callback: 05E15B8E
- log callback: 05E15BB6
- context: 00000000
- post interval in seconds: 600
- max records in a post: 100
- max db records: 500
- disable sender: true
[2025-04-03 08:50:13,731] [49   ] [INFO ] [] - Shutting down the metrics collector
[2025-04-03 09:00:13,664] [48   ] [INFO ] [] - Initializing the metrics collector
[2025-04-03 09:00:13,685] [48   ] [INFO ] [] - MetricsCollector::Sender(49): _disableSentMetrics 1
[2025-04-03 09:00:13,687] [48   ] [INFO ] [] - MetricsCollector::Initialize(231): Initialized metrics collector
- session id: 426d37be-7d2a-41c5-a25f-ee005d355ba8
- device id: 4ca35884-a93a-48fc-ad16-80b2a90aa32e
- application id: Box Tools Win exe
- application name: BoxTools
- application version: 4.28.1.1163
- metric collection url: https://client-log.box.com/index.php?rm=box_gen204_json_record
- metric data path: C:\Users\pcedillo\AppData\Local\Box\Box Tools\Metrics\BoxTools_Metrics_EFD61745.db
- post callback: 05E15B8E
- log callback: 05E15BB6
- context: 00000000
- post interval in seconds: 600
- max records in a post: 100
- max db records: 500
- disable sender: true
[2025-04-03 09:00:13,703] [48   ] [INFO ] [] - Shutting down the metrics collector
[2025-04-03 09:10:13,645] [47   ] [INFO ] [] - Initializing the metrics collector
[2025-04-03 09:10:13,659] [47   ] [INFO ] [] - MetricsCollector::Sender(49): _disableSentMetrics 1
[2025-04-03 09:10:13,659] [47   ] [INFO ] [] - MetricsCollector::Initialize(231): Initialized metrics collector
- session id: 426d37be-7d2a-41c5-a25f-ee005d355ba8
- device id: 4ca35884-a93a-48fc-ad16-80b2a90aa32e
- application id: Box Tools Win exe
- application name: BoxTools
- application version: 4.28.1.1163
- metric collection url: https://client-log.box.com/index.php?rm=box_gen204_json_record
- metric data path: C:\Users\pcedillo\AppData\Local\Box\Box Tools\Metrics\BoxTools_Metrics_EFD61745.db
- post callback: 05E15B8E
- log callback: 05E15BB6
- context: 00000000
- post interval in seconds: 600
- max records in a post: 100
- max db records: 500
- disable sender: true
[2025-04-03 09:10:13,682] [47   ] [INFO ] [] - Shutting down the metrics collector
[2025-04-03 09:20:13,638] [46   ] [INFO ] [] - Initializing the metrics collector
[2025-04-03 09:20:13,659] [46   ] [INFO ] [] - MetricsCollector::Sender(49): _disableSentMetrics 1
[2025-04-03 09:20:13,661] [46   ] [INFO ] [] - MetricsCollector::Initialize(231): Initialized metrics collector
- session id: 426d37be-7d2a-41c5-a25f-ee005d355ba8
- device id: 4ca35884-a93a-48fc-ad16-80b2a90aa32e
- application id: Box Tools Win exe
- application name: BoxTools
- application version: 4.28.1.1163
- metric collection url: https://client-log.box.com/index.php?rm=box_gen204_json_record
- metric data path: C:\Users\pcedillo\AppData\Local\Box\Box Tools\Metrics\BoxTools_Metrics_EFD61745.db
- post callback: 05E15B8E
- log callback: 05E15BB6
- context: 00000000
- post interval in seconds: 600
- max records in a post: 100
- max db records: 500
- disable sender: true
[2025-04-03 09:20:13,670] [46   ] [INFO ] [] - Shutting down the metrics collector
[2025-04-03 09:30:13,625] [45   ] [INFO ] [] - Initializing the metrics collector
[2025-04-03 09:30:13,644] [45   ] [INFO ] [] - MetricsCollector::Sender(49): _disableSentMetrics 1
[2025-04-03 09:30:13,644] [45   ] [INFO ] [] - MetricsCollector::Initialize(231): Initialized metrics collector
- session id: 426d37be-7d2a-41c5-a25f-ee005d355ba8
- device id: 4ca35884-a93a-48fc-ad16-80b2a90aa32e
- application id: Box Tools Win exe
- application name: BoxTools
- application version: 4.28.1.1163
- metric collection url: https://client-log.box.com/index.php?rm=box_gen204_json_record
- metric data path: C:\Users\pcedillo\AppData\Local\Box\Box Tools\Metrics\BoxTools_Metrics_EFD61745.db
- post callback: 05E15B8E
- log callback: 05E15BB6
- context: 00000000
- post interval in seconds: 600
- max records in a post: 100
- max db records: 500
- disable sender: true
[2025-04-03 09:30:13,661] [45   ] [INFO ] [] - Shutting down the metrics collector
[2025-04-03 09:40:13,632] [44   ] [INFO ] [] - Initializing the metrics collector
[2025-04-03 09:40:13,648] [44   ] [INFO ] [] - MetricsCollector::Sender(49): _disableSentMetrics 1
[2025-04-03 09:40:13,648] [44   ] [INFO ] [] - MetricsCollector::Initialize(231): Initialized metrics collector
- session id: 426d37be-7d2a-41c5-a25f-ee005d355ba8
- device id: 4ca35884-a93a-48fc-ad16-80b2a90aa32e
- application id: Box Tools Win exe
- application name: BoxTools
- application version: 4.28.1.1163
- metric collection url: https://client-log.box.com/index.php?rm=box_gen204_json_record
- metric data path: C:\Users\pcedillo\AppData\Local\Box\Box Tools\Metrics\BoxTools_Metrics_EFD61745.db
- post callback: 05E15B8E
- log callback: 05E15BB6
- context: 00000000
- post interval in seconds: 600
- max records in a post: 100
- max db records: 500
- disable sender: true
[2025-04-03 09:40:13,648] [44   ] [INFO ] [] - Shutting down the metrics collector
[2025-04-03 09:50:13,644] [43   ] [INFO ] [] - Initializing the metrics collector
[2025-04-03 09:50:13,659] [43   ] [INFO ] [] - MetricsCollector::Sender(49): _disableSentMetrics 1
[2025-04-03 09:50:13,659] [43   ] [INFO ] [] - MetricsCollector::Initialize(231): Initialized metrics collector
- session id: 426d37be-7d2a-41c5-a25f-ee005d355ba8
- device id: 4ca35884-a93a-48fc-ad16-80b2a90aa32e
- application id: Box Tools Win exe
- application name: BoxTools
- application version: 4.28.1.1163
- metric collection url: https://client-log.box.com/index.php?rm=box_gen204_json_record
- metric data path: C:\Users\pcedillo\AppData\Local\Box\Box Tools\Metrics\BoxTools_Metrics_EFD61745.db
- post callback: 05E15B8E
- log callback: 05E15BB6
- context: 00000000
- post interval in seconds: 600
- max records in a post: 100
- max db records: 500
- disable sender: true
[2025-04-03 09:50:13,677] [43   ] [INFO ] [] - Shutting down the metrics collector
[2025-04-03 10:00:13,660] [42   ] [INFO ] [] - Initializing the metrics collector
[2025-04-03 10:00:13,806] [42   ] [INFO ] [] - MetricsCollector::Sender(49): _disableSentMetrics 1
[2025-04-03 10:00:13,811] [42   ] [INFO ] [] - MetricsCollector::Initialize(231): Initialized metrics collector
- session id: 426d37be-7d2a-41c5-a25f-ee005d355ba8
- device id: 4ca35884-a93a-48fc-ad16-80b2a90aa32e
- application id: Box Tools Win exe
- application name: BoxTools
- application version: 4.28.1.1163
- metric collection url: https://client-log.box.com/index.php?rm=box_gen204_json_record
- metric data path: C:\Users\pcedillo\AppData\Local\Box\Box Tools\Metrics\BoxTools_Metrics_EFD61745.db
- post callback: 05E15B8E
- log callback: 05E15BB6
- context: 00000000
- post interval in seconds: 600
- max records in a post: 100
- max db records: 500
- disable sender: true
[2025-04-03 10:00:13,913] [42   ] [INFO ] [] - Shutting down the metrics collector
[2025-04-03 10:10:13,664] [40   ] [INFO ] [] - Initializing the metrics collector
[2025-04-03 10:10:13,681] [40   ] [INFO ] [] - MetricsCollector::Sender(49): _disableSentMetrics 1
[2025-04-03 10:10:13,682] [40   ] [INFO ] [] - MetricsCollector::Initialize(231): Initialized metrics collector
- session id: 426d37be-7d2a-41c5-a25f-ee005d355ba8
- device id: 4ca35884-a93a-48fc-ad16-80b2a90aa32e
- application id: Box Tools Win exe
- application name: BoxTools
- application version: 4.28.1.1163
- metric collection url: https://client-log.box.com/index.php?rm=box_gen204_json_record
- metric data path: C:\Users\pcedillo\AppData\Local\Box\Box Tools\Metrics\BoxTools_Metrics_EFD61745.db
- post callback: 05E15B8E
- log callback: 05E15BB6
- context: 00000000
- post interval in seconds: 600
- max records in a post: 100
- max db records: 500
- disable sender: true
[2025-04-03 10:10:13,697] [40   ] [INFO ] [] - Shutting down the metrics collector
[2025-04-03 10:20:13,682] [41   ] [INFO ] [] - Initializing the metrics collector
[2025-04-03 10:20:13,702] [41   ] [INFO ] [] - MetricsCollector::Sender(49): _disableSentMetrics 1
[2025-04-03 10:20:13,704] [41   ] [INFO ] [] - MetricsCollector::Initialize(231): Initialized metrics collector
- session id: 426d37be-7d2a-41c5-a25f-ee005d355ba8
- device id: 4ca35884-a93a-48fc-ad16-80b2a90aa32e
- application id: Box Tools Win exe
- application name: BoxTools
- application version: 4.28.1.1163
- metric collection url: https://client-log.box.com/index.php?rm=box_gen204_json_record
- metric data path: C:\Users\pcedillo\AppData\Local\Box\Box Tools\Metrics\BoxTools_Metrics_EFD61745.db
- post callback: 05E15B8E
- log callback: 05E15BB6
- context: 00000000
- post interval in seconds: 600
- max records in a post: 100
- max db records: 500
- disable sender: true
[2025-04-03 10:20:13,720] [41   ] [INFO ] [] - Shutting down the metrics collector
[2025-04-03 10:30:13,703] [39   ] [INFO ] [] - Initializing the metrics collector
[2025-04-03 10:30:13,718] [39   ] [INFO ] [] - MetricsCollector::Sender(49): _disableSentMetrics 1
[2025-04-03 10:30:13,718] [39   ] [INFO ] [] - MetricsCollector::Initialize(231): Initialized metrics collector
- session id: 426d37be-7d2a-41c5-a25f-ee005d355ba8
- device id: 4ca35884-a93a-48fc-ad16-80b2a90aa32e
- application id: Box Tools Win exe
- application name: BoxTools
- application version: 4.28.1.1163
- metric collection url: https://client-log.box.com/index.php?rm=box_gen204_json_record
- metric data path: C:\Users\pcedillo\AppData\Local\Box\Box Tools\Metrics\BoxTools_Metrics_EFD61745.db
- post callback: 05E15B8E
- log callback: 05E15BB6
- context: 00000000
- post interval in seconds: 600
- max records in a post: 100
- max db records: 500
- disable sender: true
[2025-04-03 10:30:13,763] [39   ] [INFO ] [] - Shutting down the metrics collector
[2025-04-03 10:40:13,718] [38   ] [INFO ] [] - Initializing the metrics collector
[2025-04-03 10:40:13,739] [38   ] [INFO ] [] - MetricsCollector::Sender(49): _disableSentMetrics 1
[2025-04-03 10:40:13,742] [38   ] [INFO ] [] - MetricsCollector::Initialize(231): Initialized metrics collector
- session id: 426d37be-7d2a-41c5-a25f-ee005d355ba8
- device id: 4ca35884-a93a-48fc-ad16-80b2a90aa32e
- application id: Box Tools Win exe
- application name: BoxTools
- application version: 4.28.1.1163
- metric collection url: https://client-log.box.com/index.php?rm=box_gen204_json_record
- metric data path: C:\Users\pcedillo\AppData\Local\Box\Box Tools\Metrics\BoxTools_Metrics_EFD61745.db
- post callback: 05E15B8E
- log callback: 05E15BB6
- context: 00000000
- post interval in seconds: 600
- max records in a post: 100
- max db records: 500
- disable sender: true
[2025-04-03 10:40:13,754] [38   ] [INFO ] [] - Shutting down the metrics collector
[2025-04-03 10:50:13,648] [37   ] [INFO ] [] - Initializing the metrics collector
[2025-04-03 10:50:13,670] [37   ] [INFO ] [] - MetricsCollector::Sender(49): _disableSentMetrics 1
[2025-04-03 10:50:13,670] [37   ] [INFO ] [] - MetricsCollector::Initialize(231): Initialized metrics collector
- session id: 426d37be-7d2a-41c5-a25f-ee005d355ba8
- device id: 4ca35884-a93a-48fc-ad16-80b2a90aa32e
- application id: Box Tools Win exe
- application name: BoxTools
- application version: 4.28.1.1163
- metric collection url: https://client-log.box.com/index.php?rm=box_gen204_json_record
- metric data path: C:\Users\pcedillo\AppData\Local\Box\Box Tools\Metrics\BoxTools_Metrics_EFD61745.db
- post callback: 05E15B8E
- log callback: 05E15BB6
- context: 00000000
- post interval in seconds: 600
- max records in a post: 100
- max db records: 500
- disable sender: true
[2025-04-03 10:50:13,689] [37   ] [INFO ] [] - Shutting down the metrics collector
[2025-04-03 11:00:13,604] [36   ] [INFO ] [] - Initializing the metrics collector
[2025-04-03 11:00:13,619] [36   ] [INFO ] [] - MetricsCollector::Sender(49): _disableSentMetrics 1
[2025-04-03 11:00:13,619] [36   ] [INFO ] [] - MetricsCollector::Initialize(231): Initialized metrics collector
- session id: 426d37be-7d2a-41c5-a25f-ee005d355ba8
- device id: 4ca35884-a93a-48fc-ad16-80b2a90aa32e
- application id: Box Tools Win exe
- application name: BoxTools
- application version: 4.28.1.1163
- metric collection url: https://client-log.box.com/index.php?rm=box_gen204_json_record
- metric data path: C:\Users\pcedillo\AppData\Local\Box\Box Tools\Metrics\BoxTools_Metrics_EFD61745.db
- post callback: 05E15B8E
- log callback: 05E15BB6
- context: 00000000
- post interval in seconds: 600
- max records in a post: 100
- max db records: 500
- disable sender: true
[2025-04-03 11:00:13,636] [36   ] [INFO ] [] - Shutting down the metrics collector
[2025-04-03 18:52:11,827] [39   ] [INFO ] [] - Initializing the metrics collector
[2025-04-03 18:52:11,873] [39   ] [INFO ] [] - MetricsCollector::Sender(49): _disableSentMetrics 1
[2025-04-03 18:52:11,873] [39   ] [INFO ] [] - MetricsCollector::Initialize(231): Initialized metrics collector
- session id: 426d37be-7d2a-41c5-a25f-ee005d355ba8
- device id: 4ca35884-a93a-48fc-ad16-80b2a90aa32e
- application id: Box Tools Win exe
- application name: BoxTools
- application version: 4.28.1.1163
- metric collection url: https://client-log.box.com/index.php?rm=box_gen204_json_record
- metric data path: C:\Users\pcedillo\AppData\Local\Box\Box Tools\Metrics\BoxTools_Metrics_EFD61745.db
- post callback: 05E15B8E
- log callback: 05E15BB6
- context: 00000000
- post interval in seconds: 600
- max records in a post: 100
- max db records: 500
- disable sender: true
[2025-04-03 18:52:11,931] [39   ] [INFO ] [] - Shutting down the metrics collector
[2025-04-03 19:02:11,841] [34   ] [INFO ] [] - Initializing the metrics collector
[2025-04-03 19:02:11,861] [34   ] [INFO ] [] - MetricsCollector::Sender(49): _disableSentMetrics 1
[2025-04-03 19:02:11,862] [34   ] [INFO ] [] - MetricsCollector::Initialize(231): Initialized metrics collector
- session id: 426d37be-7d2a-41c5-a25f-ee005d355ba8
- device id: 4ca35884-a93a-48fc-ad16-80b2a90aa32e
- application id: Box Tools Win exe
- application name: BoxTools
- application version: 4.28.1.1163
- metric collection url: https://client-log.box.com/index.php?rm=box_gen204_json_record
- metric data path: C:\Users\pcedillo\AppData\Local\Box\Box Tools\Metrics\BoxTools_Metrics_EFD61745.db
- post callback: 05E15B8E
- log callback: 05E15BB6
- context: 00000000
- post interval in seconds: 600
- max records in a post: 100
- max db records: 500
- disable sender: true
[2025-04-03 19:02:11,889] [34   ] [INFO ] [] - Shutting down the metrics collector
[2025-04-03 19:12:11,864] [32   ] [INFO ] [] - Initializing the metrics collector
[2025-04-03 19:12:11,879] [32   ] [INFO ] [] - MetricsCollector::Sender(49): _disableSentMetrics 1
[2025-04-03 19:12:11,881] [32   ] [INFO ] [] - MetricsCollector::Initialize(231): Initialized metrics collector
- session id: 426d37be-7d2a-41c5-a25f-ee005d355ba8
- device id: 4ca35884-a93a-48fc-ad16-80b2a90aa32e
- application id: Box Tools Win exe
- application name: BoxTools
- application version: 4.28.1.1163
- metric collection url: https://client-log.box.com/index.php?rm=box_gen204_json_record
- metric data path: C:\Users\pcedillo\AppData\Local\Box\Box Tools\Metrics\BoxTools_Metrics_EFD61745.db
- post callback: 05E15B8E
- log callback: 05E15BB6
- context: 00000000
- post interval in seconds: 600
- max records in a post: 100
- max db records: 500
- disable sender: true
[2025-04-03 19:12:11,902] [32   ] [INFO ] [] - Shutting down the metrics collector
[2025-04-03 19:22:11,865] [31   ] [INFO ] [] - Initializing the metrics collector
[2025-04-03 19:22:11,880] [31   ] [INFO ] [] - MetricsCollector::Sender(49): _disableSentMetrics 1
[2025-04-03 19:22:11,882] [31   ] [INFO ] [] - MetricsCollector::Initialize(231): Initialized metrics collector
- session id: 426d37be-7d2a-41c5-a25f-ee005d355ba8
- device id: 4ca35884-a93a-48fc-ad16-80b2a90aa32e
- application id: Box Tools Win exe
- application name: BoxTools
- application version: 4.28.1.1163
- metric collection url: https://client-log.box.com/index.php?rm=box_gen204_json_record
- metric data path: C:\Users\pcedillo\AppData\Local\Box\Box Tools\Metrics\BoxTools_Metrics_EFD61745.db
- post callback: 05E15B8E
- log callback: 05E15BB6
- context: 00000000
- post interval in seconds: 600
- max records in a post: 100
- max db records: 500
- disable sender: true
[2025-04-03 19:22:11,898] [31   ] [INFO ] [] - Shutting down the metrics collector
[2025-04-03 19:32:11,883] [33   ] [INFO ] [] - Initializing the metrics collector
[2025-04-03 19:32:11,937] [33   ] [INFO ] [] - MetricsCollector::Sender(49): _disableSentMetrics 1
[2025-04-03 19:32:11,940] [33   ] [INFO ] [] - MetricsCollector::Initialize(231): Initialized metrics collector
- session id: 426d37be-7d2a-41c5-a25f-ee005d355ba8
- device id: 4ca35884-a93a-48fc-ad16-80b2a90aa32e
- application id: Box Tools Win exe
- application name: BoxTools
- application version: 4.28.1.1163
- metric collection url: https://client-log.box.com/index.php?rm=box_gen204_json_record
- metric data path: C:\Users\pcedillo\AppData\Local\Box\Box Tools\Metrics\BoxTools_Metrics_EFD61745.db
- post callback: 05E15B8E
- log callback: 05E15BB6
- context: 00000000
- post interval in seconds: 600
- max records in a post: 100
- max db records: 500
- disable sender: true
[2025-04-03 19:32:11,996] [33   ] [INFO ] [] - Shutting down the metrics collector
[2025-04-03 19:42:11,898] [30   ] [INFO ] [] - Initializing the metrics collector
[2025-04-03 19:42:11,926] [30   ] [INFO ] [] - MetricsCollector::Sender(49): _disableSentMetrics 1
[2025-04-03 19:42:11,929] [30   ] [INFO ] [] - MetricsCollector::Initialize(231): Initialized metrics collector
- session id: 426d37be-7d2a-41c5-a25f-ee005d355ba8
- device id: 4ca35884-a93a-48fc-ad16-80b2a90aa32e
- application id: Box Tools Win exe
- application name: BoxTools
- application version: 4.28.1.1163
- metric collection url: https://client-log.box.com/index.php?rm=box_gen204_json_record
- metric data path: C:\Users\pcedillo\AppData\Local\Box\Box Tools\Metrics\BoxTools_Metrics_EFD61745.db
- post callback: 05E15B8E
- log callback: 05E15BB6
- context: 00000000
- post interval in seconds: 600
- max records in a post: 100
- max db records: 500
- disable sender: true
[2025-04-03 19:42:11,956] [30   ] [INFO ] [] - Shutting down the metrics collector
[2025-04-03 19:52:11,902] [29   ] [INFO ] [] - Initializing the metrics collector
[2025-04-03 19:52:11,946] [29   ] [INFO ] [] - MetricsCollector::Sender(49): _disableSentMetrics 1
[2025-04-03 19:52:11,949] [29   ] [INFO ] [] - MetricsCollector::Initialize(231): Initialized metrics collector
- session id: 426d37be-7d2a-41c5-a25f-ee005d355ba8
- device id: 4ca35884-a93a-48fc-ad16-80b2a90aa32e
- application id: Box Tools Win exe
- application name: BoxTools
- application version: 4.28.1.1163
- metric collection url: https://client-log.box.com/index.php?rm=box_gen204_json_record
- metric data path: C:\Users\pcedillo\AppData\Local\Box\Box Tools\Metrics\BoxTools_Metrics_EFD61745.db
- post callback: 05E15B8E
- log callback: 05E15BB6
- context: 00000000
- post interval in seconds: 600
- max records in a post: 100
- max db records: 500
- disable sender: true
[2025-04-03 19:52:11,994] [29   ] [INFO ] [] - Shutting down the metrics collector
[2025-04-03 20:02:11,899] [28   ] [INFO ] [] - Initializing the metrics collector
[2025-04-03 20:02:11,911] [28   ] [INFO ] [] - MetricsCollector::Sender(49): _disableSentMetrics 1
[2025-04-03 20:02:11,911] [28   ] [INFO ] [] - MetricsCollector::Initialize(231): Initialized metrics collector
- session id: 426d37be-7d2a-41c5-a25f-ee005d355ba8
- device id: 4ca35884-a93a-48fc-ad16-80b2a90aa32e
- application id: Box Tools Win exe
- application name: BoxTools
- application version: 4.28.1.1163
- metric collection url: https://client-log.box.com/index.php?rm=box_gen204_json_record
- metric data path: C:\Users\pcedillo\AppData\Local\Box\Box Tools\Metrics\BoxTools_Metrics_EFD61745.db
- post callback: 05E15B8E
- log callback: 05E15BB6
- context: 00000000
- post interval in seconds: 600
- max records in a post: 100
- max db records: 500
- disable sender: true
[2025-04-03 20:02:11,923] [28   ] [INFO ] [] - Shutting down the metrics collector
[2025-04-03 20:12:11,911] [27   ] [INFO ] [] - Initializing the metrics collector
[2025-04-03 20:12:11,924] [27   ] [INFO ] [] - MetricsCollector::Sender(49): _disableSentMetrics 1
[2025-04-03 20:12:11,925] [27   ] [INFO ] [] - MetricsCollector::Initialize(231): Initialized metrics collector
- session id: 426d37be-7d2a-41c5-a25f-ee005d355ba8
- device id: 4ca35884-a93a-48fc-ad16-80b2a90aa32e
- application id: Box Tools Win exe
- application name: BoxTools
- application version: 4.28.1.1163
- metric collection url: https://client-log.box.com/index.php?rm=box_gen204_json_record
- metric data path: C:\Users\pcedillo\AppData\Local\Box\Box Tools\Metrics\BoxTools_Metrics_EFD61745.db
- post callback: 05E15B8E
- log callback: 05E15BB6
- context: 00000000
- post interval in seconds: 600
- max records in a post: 100
- max db records: 500
- disable sender: true
[2025-04-03 20:12:11,942] [27   ] [INFO ] [] - Shutting down the metrics collector
[2025-04-03 20:22:11,928] [26   ] [INFO ] [] - Initializing the metrics collector
[2025-04-03 20:22:11,942] [26   ] [INFO ] [] - MetricsCollector::Sender(49): _disableSentMetrics 1
[2025-04-03 20:22:11,944] [26   ] [INFO ] [] - MetricsCollector::Initialize(231): Initialized metrics collector
- session id: 426d37be-7d2a-41c5-a25f-ee005d355ba8
- device id: 4ca35884-a93a-48fc-ad16-80b2a90aa32e
- application id: Box Tools Win exe
- application name: BoxTools
- application version: 4.28.1.1163
- metric collection url: https://client-log.box.com/index.php?rm=box_gen204_json_record
- metric data path: C:\Users\pcedillo\AppData\Local\Box\Box Tools\Metrics\BoxTools_Metrics_EFD61745.db
- post callback: 05E15B8E
- log callback: 05E15BB6
- context: 00000000
- post interval in seconds: 600
- max records in a post: 100
- max db records: 500
- disable sender: true
[2025-04-03 20:22:11,958] [26   ] [INFO ] [] - Shutting down the metrics collector
[2025-04-03 20:32:11,942] [25   ] [INFO ] [] - Initializing the metrics collector
[2025-04-03 20:32:11,958] [25   ] [INFO ] [] - MetricsCollector::Sender(49): _disableSentMetrics 1
[2025-04-03 20:32:11,958] [25   ] [INFO ] [] - MetricsCollector::Initialize(231): Initialized metrics collector
- session id: 426d37be-7d2a-41c5-a25f-ee005d355ba8
- device id: 4ca35884-a93a-48fc-ad16-80b2a90aa32e
- application id: Box Tools Win exe
- application name: BoxTools
- application version: 4.28.1.1163
- metric collection url: https://client-log.box.com/index.php?rm=box_gen204_json_record
- metric data path: C:\Users\pcedillo\AppData\Local\Box\Box Tools\Metrics\BoxTools_Metrics_EFD61745.db
- post callback: 05E15B8E
- log callback: 05E15BB6
- context: 00000000
- post interval in seconds: 600
- max records in a post: 100
- max db records: 500
- disable sender: true
[2025-04-03 20:32:11,984] [25   ] [INFO ] [] - Shutting down the metrics collector
[2025-04-03 20:42:11,958] [23   ] [INFO ] [] - Initializing the metrics collector
[2025-04-03 20:42:11,971] [23   ] [INFO ] [] - MetricsCollector::Sender(49): _disableSentMetrics 1
[2025-04-03 20:42:11,972] [23   ] [INFO ] [] - MetricsCollector::Initialize(231): Initialized metrics collector
- session id: 426d37be-7d2a-41c5-a25f-ee005d355ba8
- device id: 4ca35884-a93a-48fc-ad16-80b2a90aa32e
- application id: Box Tools Win exe
- application name: BoxTools
- application version: 4.28.1.1163
- metric collection url: https://client-log.box.com/index.php?rm=box_gen204_json_record
- metric data path: C:\Users\pcedillo\AppData\Local\Box\Box Tools\Metrics\BoxTools_Metrics_EFD61745.db
- post callback: 05E15B8E
- log callback: 05E15BB6
- context: 00000000
- post interval in seconds: 600
- max records in a post: 100
- max db records: 500
- disable sender: true
[2025-04-03 20:42:11,985] [23   ] [INFO ] [] - Shutting down the metrics collector
[2025-04-03 20:52:11,994] [24   ] [INFO ] [] - Initializing the metrics collector
[2025-04-03 20:52:12,049] [24   ] [INFO ] [] - MetricsCollector::Sender(49): _disableSentMetrics 1
[2025-04-03 20:52:12,052] [24   ] [INFO ] [] - MetricsCollector::Initialize(231): Initialized metrics collector
- session id: 426d37be-7d2a-41c5-a25f-ee005d355ba8
- device id: 4ca35884-a93a-48fc-ad16-80b2a90aa32e
- application id: Box Tools Win exe
- application name: BoxTools
- application version: 4.28.1.1163
- metric collection url: https://client-log.box.com/index.php?rm=box_gen204_json_record
- metric data path: C:\Users\pcedillo\AppData\Local\Box\Box Tools\Metrics\BoxTools_Metrics_EFD61745.db
- post callback: 05E15B8E
- log callback: 05E15BB6
- context: 00000000
- post interval in seconds: 600
- max records in a post: 100
- max db records: 500
- disable sender: true
[2025-04-03 20:52:12,101] [24   ] [INFO ] [] - Shutting down the metrics collector
[2025-04-03 21:02:12,005] [22   ] [INFO ] [] - Initializing the metrics collector
[2025-04-03 21:02:12,015] [22   ] [INFO ] [] - MetricsCollector::Sender(49): _disableSentMetrics 1
[2025-04-03 21:02:12,016] [22   ] [INFO ] [] - MetricsCollector::Initialize(231): Initialized metrics collector
- session id: 426d37be-7d2a-41c5-a25f-ee005d355ba8
- device id: 4ca35884-a93a-48fc-ad16-80b2a90aa32e
- application id: Box Tools Win exe
- application name: BoxTools
- application version: 4.28.1.1163
- metric collection url: https://client-log.box.com/index.php?rm=box_gen204_json_record
- metric data path: C:\Users\pcedillo\AppData\Local\Box\Box Tools\Metrics\BoxTools_Metrics_EFD61745.db
- post callback: 05E15B8E
- log callback: 05E15BB6
- context: 00000000
- post interval in seconds: 600
- max records in a post: 100
- max db records: 500
- disable sender: true
[2025-04-03 21:02:12,031] [22   ] [INFO ] [] - Shutting down the metrics collector
[2025-04-03 21:12:12,004] [21   ] [INFO ] [] - Initializing the metrics collector
[2025-04-03 21:12:12,020] [21   ] [INFO ] [] - MetricsCollector::Sender(49): _disableSentMetrics 1
[2025-04-03 21:12:12,021] [21   ] [INFO ] [] - MetricsCollector::Initialize(231): Initialized metrics collector
- session id: 426d37be-7d2a-41c5-a25f-ee005d355ba8
- device id: 4ca35884-a93a-48fc-ad16-80b2a90aa32e
- application id: Box Tools Win exe
- application name: BoxTools
- application version: 4.28.1.1163
- metric collection url: https://client-log.box.com/index.php?rm=box_gen204_json_record
- metric data path: C:\Users\pcedillo\AppData\Local\Box\Box Tools\Metrics\BoxTools_Metrics_EFD61745.db
- post callback: 05E15B8E
- log callback: 05E15BB6
- context: 00000000
- post interval in seconds: 600
- max records in a post: 100
- max db records: 500
- disable sender: true
[2025-04-03 21:12:12,036] [21   ] [INFO ] [] - Shutting down the metrics collector
[2025-04-03 21:22:12,025] [3    ] [INFO ] [] - Initializing the metrics collector
[2025-04-03 21:22:12,037] [3    ] [INFO ] [] - MetricsCollector::Sender(49): _disableSentMetrics 1
[2025-04-03 21:22:12,038] [3    ] [INFO ] [] - MetricsCollector::Initialize(231): Initialized metrics collector
- session id: 426d37be-7d2a-41c5-a25f-ee005d355ba8
- device id: 4ca35884-a93a-48fc-ad16-80b2a90aa32e
- application id: Box Tools Win exe
- application name: BoxTools
- application version: 4.28.1.1163
- metric collection url: https://client-log.box.com/index.php?rm=box_gen204_json_record
- metric data path: C:\Users\pcedillo\AppData\Local\Box\Box Tools\Metrics\BoxTools_Metrics_EFD61745.db
- post callback: 05E15B8E
- log callback: 05E15BB6
- context: 00000000
- post interval in seconds: 600
- max records in a post: 100
- max db records: 500
- disable sender: true
[2025-04-03 21:22:12,048] [3    ] [INFO ] [] - Shutting down the metrics collector
