[2024-11-09 00:06:10,466] [55   ] [INFO ] [] - Initializing the metrics collector
[2024-11-09 00:06:10,482] [55   ] [INFO ] [] - MetricsCollector::Sender(49): _disableSentMetrics 1
[2024-11-09 00:06:10,482] [55   ] [INFO ] [] - MetricsCollector::Initialize(231): Initialized metrics collector
- session id: b8d4a4bd-e4f9-4079-89d0-1073a56071c9
- device id: 4ca35884-a93a-48fc-ad16-80b2a90aa32e
- application id: Box Tools Win exe
- application name: BoxTools
- application version: 4.26.1.1109
- metric collection url: https://client-log.box.com/index.php?rm=box_gen204_json_record
- metric data path: C:\Users\pcedillo\AppData\Local\Box\Box Tools\Metrics\BoxTools_Metrics.db
- post callback: 04CA391E
- log callback: 04CA3B76
- context: 00000000
- post interval in seconds: 600
- max records in a post: 100
- max db records: 500
- disable sender: true
[2024-11-09 00:06:10,497] [55   ] [INFO ] [] - Shutting down the metrics collector
[2024-11-09 00:16:10,446] [39   ] [INFO ] [] - Initializing the metrics collector
[2024-11-09 00:16:10,446] [39   ] [INFO ] [] - MetricsCollector::Sender(49): _disableSentMetrics 1
[2024-11-09 00:16:10,446] [39   ] [INFO ] [] - MetricsCollector::Initialize(231): Initialized metrics collector
- session id: b8d4a4bd-e4f9-4079-89d0-1073a56071c9
- device id: 4ca35884-a93a-48fc-ad16-80b2a90aa32e
- application id: Box Tools Win exe
- application name: BoxTools
- application version: 4.26.1.1109
- metric collection url: https://client-log.box.com/index.php?rm=box_gen204_json_record
- metric data path: C:\Users\pcedillo\AppData\Local\Box\Box Tools\Metrics\BoxTools_Metrics.db
- post callback: 04CA391E
- log callback: 04CA3B76
- context: 00000000
- post interval in seconds: 600
- max records in a post: 100
- max db records: 500
- disable sender: true
[2024-11-09 00:16:10,462] [39   ] [INFO ] [] - Shutting down the metrics collector
[2024-11-09 00:26:10,443] [84   ] [INFO ] [] - Initializing the metrics collector
[2024-11-09 00:26:10,443] [84   ] [INFO ] [] - MetricsCollector::Sender(49): _disableSentMetrics 1
[2024-11-09 00:26:10,443] [84   ] [INFO ] [] - MetricsCollector::Initialize(231): Initialized metrics collector
- session id: b8d4a4bd-e4f9-4079-89d0-1073a56071c9
- device id: 4ca35884-a93a-48fc-ad16-80b2a90aa32e
- application id: Box Tools Win exe
- application name: BoxTools
- application version: 4.26.1.1109
- metric collection url: https://client-log.box.com/index.php?rm=box_gen204_json_record
- metric data path: C:\Users\pcedillo\AppData\Local\Box\Box Tools\Metrics\BoxTools_Metrics.db
- post callback: 04CA391E
- log callback: 04CA3B76
- context: 00000000
- post interval in seconds: 600
- max records in a post: 100
- max db records: 500
- disable sender: true
[2024-11-09 00:26:10,462] [84   ] [INFO ] [] - Shutting down the metrics collector
[2024-11-09 00:36:10,448] [34   ] [INFO ] [] - Initializing the metrics collector
[2024-11-09 00:36:10,458] [34   ] [INFO ] [] - MetricsCollector::Sender(49): _disableSentMetrics 1
[2024-11-09 00:36:10,458] [34   ] [INFO ] [] - MetricsCollector::Initialize(231): Initialized metrics collector
- session id: b8d4a4bd-e4f9-4079-89d0-1073a56071c9
- device id: 4ca35884-a93a-48fc-ad16-80b2a90aa32e
- application id: Box Tools Win exe
- application name: BoxTools
- application version: 4.26.1.1109
- metric collection url: https://client-log.box.com/index.php?rm=box_gen204_json_record
- metric data path: C:\Users\pcedillo\AppData\Local\Box\Box Tools\Metrics\BoxTools_Metrics.db
- post callback: 04CA391E
- log callback: 04CA3B76
- context: 00000000
- post interval in seconds: 600
- max records in a post: 100
- max db records: 500
- disable sender: true
[2024-11-09 00:36:10,465] [34   ] [INFO ] [] - Shutting down the metrics collector
[2024-11-09 00:46:10,390] [15   ] [INFO ] [] - Initializing the metrics collector
[2024-11-09 00:46:10,392] [15   ] [INFO ] [] - MetricsCollector::Sender(49): _disableSentMetrics 1
[2024-11-09 00:46:10,392] [15   ] [INFO ] [] - MetricsCollector::Initialize(231): Initialized metrics collector
- session id: b8d4a4bd-e4f9-4079-89d0-1073a56071c9
- device id: 4ca35884-a93a-48fc-ad16-80b2a90aa32e
- application id: Box Tools Win exe
- application name: BoxTools
- application version: 4.26.1.1109
- metric collection url: https://client-log.box.com/index.php?rm=box_gen204_json_record
- metric data path: C:\Users\pcedillo\AppData\Local\Box\Box Tools\Metrics\BoxTools_Metrics.db
- post callback: 04CA391E
- log callback: 04CA3B76
- context: 00000000
- post interval in seconds: 600
- max records in a post: 100
- max db records: 500
- disable sender: true
[2024-11-09 00:46:10,409] [15   ] [INFO ] [] - Shutting down the metrics collector
[2024-11-09 00:56:10,245] [43   ] [INFO ] [] - Initializing the metrics collector
[2024-11-09 00:56:10,245] [43   ] [INFO ] [] - MetricsCollector::Sender(49): _disableSentMetrics 1
[2024-11-09 00:56:10,245] [43   ] [INFO ] [] - MetricsCollector::Initialize(231): Initialized metrics collector
- session id: b8d4a4bd-e4f9-4079-89d0-1073a56071c9
- device id: 4ca35884-a93a-48fc-ad16-80b2a90aa32e
- application id: Box Tools Win exe
- application name: BoxTools
- application version: 4.26.1.1109
- metric collection url: https://client-log.box.com/index.php?rm=box_gen204_json_record
- metric data path: C:\Users\pcedillo\AppData\Local\Box\Box Tools\Metrics\BoxTools_Metrics.db
- post callback: 04CA391E
- log callback: 04CA3B76
- context: 00000000
- post interval in seconds: 600
- max records in a post: 100
- max db records: 500
- disable sender: true
[2024-11-09 00:56:10,245] [43   ] [INFO ] [] - Shutting down the metrics collector
[2024-11-09 01:06:10,136] [100  ] [INFO ] [] - Initializing the metrics collector
[2024-11-09 01:06:10,145] [100  ] [INFO ] [] - MetricsCollector::Sender(49): _disableSentMetrics 1
[2024-11-09 01:06:10,145] [100  ] [INFO ] [] - MetricsCollector::Initialize(231): Initialized metrics collector
- session id: b8d4a4bd-e4f9-4079-89d0-1073a56071c9
- device id: 4ca35884-a93a-48fc-ad16-80b2a90aa32e
- application id: Box Tools Win exe
- application name: BoxTools
- application version: 4.26.1.1109
- metric collection url: https://client-log.box.com/index.php?rm=box_gen204_json_record
- metric data path: C:\Users\pcedillo\AppData\Local\Box\Box Tools\Metrics\BoxTools_Metrics.db
- post callback: 04CA391E
- log callback: 04CA3B76
- context: 00000000
- post interval in seconds: 600
- max records in a post: 100
- max db records: 500
- disable sender: true
[2024-11-09 01:06:10,152] [100  ] [INFO ] [] - Shutting down the metrics collector
[2024-11-09 01:16:10,068] [93   ] [INFO ] [] - Initializing the metrics collector
[2024-11-09 01:16:10,068] [93   ] [INFO ] [] - MetricsCollector::Sender(49): _disableSentMetrics 1
[2024-11-09 01:16:10,068] [93   ] [INFO ] [] - MetricsCollector::Initialize(231): Initialized metrics collector
- session id: b8d4a4bd-e4f9-4079-89d0-1073a56071c9
- device id: 4ca35884-a93a-48fc-ad16-80b2a90aa32e
- application id: Box Tools Win exe
- application name: BoxTools
- application version: 4.26.1.1109
- metric collection url: https://client-log.box.com/index.php?rm=box_gen204_json_record
- metric data path: C:\Users\pcedillo\AppData\Local\Box\Box Tools\Metrics\BoxTools_Metrics.db
- post callback: 04CA391E
- log callback: 04CA3B76
- context: 00000000
- post interval in seconds: 600
- max records in a post: 100
- max db records: 500
- disable sender: true
[2024-11-09 01:16:10,084] [93   ] [INFO ] [] - Shutting down the metrics collector
[2024-11-09 01:26:10,010] [99   ] [INFO ] [] - Initializing the metrics collector
[2024-11-09 01:26:10,010] [99   ] [INFO ] [] - MetricsCollector::Sender(49): _disableSentMetrics 1
[2024-11-09 01:26:10,010] [99   ] [INFO ] [] - MetricsCollector::Initialize(231): Initialized metrics collector
- session id: b8d4a4bd-e4f9-4079-89d0-1073a56071c9
- device id: 4ca35884-a93a-48fc-ad16-80b2a90aa32e
- application id: Box Tools Win exe
- application name: BoxTools
- application version: 4.26.1.1109
- metric collection url: https://client-log.box.com/index.php?rm=box_gen204_json_record
- metric data path: C:\Users\pcedillo\AppData\Local\Box\Box Tools\Metrics\BoxTools_Metrics.db
- post callback: 04CA391E
- log callback: 04CA3B76
- context: 00000000
- post interval in seconds: 600
- max records in a post: 100
- max db records: 500
- disable sender: true
[2024-11-09 01:26:10,027] [99   ] [INFO ] [] - Shutting down the metrics collector
[2024-11-09 01:36:09,973] [21   ] [INFO ] [] - Initializing the metrics collector
[2024-11-09 01:36:09,973] [21   ] [INFO ] [] - MetricsCollector::Sender(49): _disableSentMetrics 1
[2024-11-09 01:36:09,973] [21   ] [INFO ] [] - MetricsCollector::Initialize(231): Initialized metrics collector
- session id: b8d4a4bd-e4f9-4079-89d0-1073a56071c9
- device id: 4ca35884-a93a-48fc-ad16-80b2a90aa32e
- application id: Box Tools Win exe
- application name: BoxTools
- application version: 4.26.1.1109
- metric collection url: https://client-log.box.com/index.php?rm=box_gen204_json_record
- metric data path: C:\Users\pcedillo\AppData\Local\Box\Box Tools\Metrics\BoxTools_Metrics.db
- post callback: 04CA391E
- log callback: 04CA3B76
- context: 00000000
- post interval in seconds: 600
- max records in a post: 100
- max db records: 500
- disable sender: true
[2024-11-09 01:36:09,989] [21   ] [INFO ] [] - Shutting down the metrics collector
[2024-11-09 01:46:09,943] [87   ] [INFO ] [] - Initializing the metrics collector
[2024-11-09 01:46:09,943] [87   ] [INFO ] [] - MetricsCollector::Sender(49): _disableSentMetrics 1
[2024-11-09 01:46:09,943] [87   ] [INFO ] [] - MetricsCollector::Initialize(231): Initialized metrics collector
- session id: b8d4a4bd-e4f9-4079-89d0-1073a56071c9
- device id: 4ca35884-a93a-48fc-ad16-80b2a90aa32e
- application id: Box Tools Win exe
- application name: BoxTools
- application version: 4.26.1.1109
- metric collection url: https://client-log.box.com/index.php?rm=box_gen204_json_record
- metric data path: C:\Users\pcedillo\AppData\Local\Box\Box Tools\Metrics\BoxTools_Metrics.db
- post callback: 04CA391E
- log callback: 04CA3B76
- context: 00000000
- post interval in seconds: 600
- max records in a post: 100
- max db records: 500
- disable sender: true
[2024-11-09 01:46:09,960] [87   ] [INFO ] [] - Shutting down the metrics collector
[2024-11-09 01:56:09,917] [94   ] [INFO ] [] - Initializing the metrics collector
[2024-11-09 01:56:09,917] [94   ] [INFO ] [] - MetricsCollector::Sender(49): _disableSentMetrics 1
[2024-11-09 01:56:09,917] [94   ] [INFO ] [] - MetricsCollector::Initialize(231): Initialized metrics collector
- session id: b8d4a4bd-e4f9-4079-89d0-1073a56071c9
- device id: 4ca35884-a93a-48fc-ad16-80b2a90aa32e
- application id: Box Tools Win exe
- application name: BoxTools
- application version: 4.26.1.1109
- metric collection url: https://client-log.box.com/index.php?rm=box_gen204_json_record
- metric data path: C:\Users\pcedillo\AppData\Local\Box\Box Tools\Metrics\BoxTools_Metrics.db
- post callback: 04CA391E
- log callback: 04CA3B76
- context: 00000000
- post interval in seconds: 600
- max records in a post: 100
- max db records: 500
- disable sender: true
[2024-11-09 01:56:09,933] [94   ] [INFO ] [] - Shutting down the metrics collector
[2024-11-09 02:06:09,917] [32   ] [INFO ] [] - Initializing the metrics collector
[2024-11-09 02:06:09,917] [32   ] [INFO ] [] - MetricsCollector::Sender(49): _disableSentMetrics 1
[2024-11-09 02:06:09,917] [32   ] [INFO ] [] - MetricsCollector::Initialize(231): Initialized metrics collector
- session id: b8d4a4bd-e4f9-4079-89d0-1073a56071c9
- device id: 4ca35884-a93a-48fc-ad16-80b2a90aa32e
- application id: Box Tools Win exe
- application name: BoxTools
- application version: 4.26.1.1109
- metric collection url: https://client-log.box.com/index.php?rm=box_gen204_json_record
- metric data path: C:\Users\pcedillo\AppData\Local\Box\Box Tools\Metrics\BoxTools_Metrics.db
- post callback: 04CA391E
- log callback: 04CA3B76
- context: 00000000
- post interval in seconds: 600
- max records in a post: 100
- max db records: 500
- disable sender: true
[2024-11-09 02:06:09,933] [32   ] [INFO ] [] - Shutting down the metrics collector
[2024-11-09 02:16:09,898] [97   ] [INFO ] [] - Initializing the metrics collector
[2024-11-09 02:16:09,901] [97   ] [INFO ] [] - MetricsCollector::Sender(49): _disableSentMetrics 1
[2024-11-09 02:16:09,901] [97   ] [INFO ] [] - MetricsCollector::Initialize(231): Initialized metrics collector
- session id: b8d4a4bd-e4f9-4079-89d0-1073a56071c9
- device id: 4ca35884-a93a-48fc-ad16-80b2a90aa32e
- application id: Box Tools Win exe
- application name: BoxTools
- application version: 4.26.1.1109
- metric collection url: https://client-log.box.com/index.php?rm=box_gen204_json_record
- metric data path: C:\Users\pcedillo\AppData\Local\Box\Box Tools\Metrics\BoxTools_Metrics.db
- post callback: 04CA391E
- log callback: 04CA3B76
- context: 00000000
- post interval in seconds: 600
- max records in a post: 100
- max db records: 500
- disable sender: true
[2024-11-09 02:16:09,916] [97   ] [INFO ] [] - Shutting down the metrics collector
[2024-11-09 02:26:09,879] [105  ] [INFO ] [] - Initializing the metrics collector
[2024-11-09 02:26:09,879] [105  ] [INFO ] [] - MetricsCollector::Sender(49): _disableSentMetrics 1
[2024-11-09 02:26:09,879] [105  ] [INFO ] [] - MetricsCollector::Initialize(231): Initialized metrics collector
- session id: b8d4a4bd-e4f9-4079-89d0-1073a56071c9
- device id: 4ca35884-a93a-48fc-ad16-80b2a90aa32e
- application id: Box Tools Win exe
- application name: BoxTools
- application version: 4.26.1.1109
- metric collection url: https://client-log.box.com/index.php?rm=box_gen204_json_record
- metric data path: C:\Users\pcedillo\AppData\Local\Box\Box Tools\Metrics\BoxTools_Metrics.db
- post callback: 04CA391E
- log callback: 04CA3B76
- context: 00000000
- post interval in seconds: 600
- max records in a post: 100
- max db records: 500
- disable sender: true
[2024-11-09 02:26:09,898] [105  ] [INFO ] [] - Shutting down the metrics collector
[2024-11-09 02:36:09,879] [97   ] [INFO ] [] - Initializing the metrics collector
[2024-11-09 02:36:09,881] [97   ] [INFO ] [] - MetricsCollector::Sender(49): _disableSentMetrics 1
[2024-11-09 02:36:09,881] [97   ] [INFO ] [] - MetricsCollector::Initialize(231): Initialized metrics collector
- session id: b8d4a4bd-e4f9-4079-89d0-1073a56071c9
- device id: 4ca35884-a93a-48fc-ad16-80b2a90aa32e
- application id: Box Tools Win exe
- application name: BoxTools
- application version: 4.26.1.1109
- metric collection url: https://client-log.box.com/index.php?rm=box_gen204_json_record
- metric data path: C:\Users\pcedillo\AppData\Local\Box\Box Tools\Metrics\BoxTools_Metrics.db
- post callback: 04CA391E
- log callback: 04CA3B76
- context: 00000000
- post interval in seconds: 600
- max records in a post: 100
- max db records: 500
- disable sender: true
[2024-11-09 02:36:09,881] [97   ] [INFO ] [] - Shutting down the metrics collector
[2024-11-09 02:46:09,867] [32   ] [INFO ] [] - Initializing the metrics collector
[2024-11-09 02:46:09,873] [32   ] [INFO ] [] - MetricsCollector::Sender(49): _disableSentMetrics 1
[2024-11-09 02:46:09,873] [32   ] [INFO ] [] - MetricsCollector::Initialize(231): Initialized metrics collector
- session id: b8d4a4bd-e4f9-4079-89d0-1073a56071c9
- device id: 4ca35884-a93a-48fc-ad16-80b2a90aa32e
- application id: Box Tools Win exe
- application name: BoxTools
- application version: 4.26.1.1109
- metric collection url: https://client-log.box.com/index.php?rm=box_gen204_json_record
- metric data path: C:\Users\pcedillo\AppData\Local\Box\Box Tools\Metrics\BoxTools_Metrics.db
- post callback: 04CA391E
- log callback: 04CA3B76
- context: 00000000
- post interval in seconds: 600
- max records in a post: 100
- max db records: 500
- disable sender: true
[2024-11-09 02:46:09,883] [32   ] [INFO ] [] - Shutting down the metrics collector
[2024-11-09 02:56:09,875] [94   ] [INFO ] [] - Initializing the metrics collector
[2024-11-09 02:56:09,883] [94   ] [INFO ] [] - MetricsCollector::Sender(49): _disableSentMetrics 1
[2024-11-09 02:56:09,883] [94   ] [INFO ] [] - MetricsCollector::Initialize(231): Initialized metrics collector
- session id: b8d4a4bd-e4f9-4079-89d0-1073a56071c9
- device id: 4ca35884-a93a-48fc-ad16-80b2a90aa32e
- application id: Box Tools Win exe
- application name: BoxTools
- application version: 4.26.1.1109
- metric collection url: https://client-log.box.com/index.php?rm=box_gen204_json_record
- metric data path: C:\Users\pcedillo\AppData\Local\Box\Box Tools\Metrics\BoxTools_Metrics.db
- post callback: 04CA391E
- log callback: 04CA3B76
- context: 00000000
- post interval in seconds: 600
- max records in a post: 100
- max db records: 500
- disable sender: true
[2024-11-09 02:56:09,894] [94   ] [INFO ] [] - Shutting down the metrics collector
