[2025-05-02 09:01:16,529] [48   ] [INFO ] [] - Initializing the metrics collector
[2025-05-02 09:01:16,577] [48   ] [INFO ] [] - MetricsCollector::Sender(49): _disableSentMetrics 1
[2025-05-02 09:01:16,580] [48   ] [INFO ] [] - MetricsCollector::Initialize(231): Initialized metrics collector
- session id: d24a9342-5ca6-49b8-b791-21820418c456
- device id: 4ca35884-a93a-48fc-ad16-80b2a90aa32e
- application id: Box Tools Win exe
- application name: BoxTools
- application version: 4.28.1.1163
- metric collection url: https://client-log.box.com/index.php?rm=box_gen204_json_record
- metric data path: C:\Users\pcedillo\AppData\Local\Box\Box Tools\Metrics\BoxTools_Metrics_EFD61745.db
- post callback: 05945A26
- log callback: 05945A9E
- context: 00000000
- post interval in seconds: 600
- max records in a post: 100
- max db records: 500
- disable sender: true
[2025-05-02 09:01:16,621] [48   ] [INFO ] [] - Shutting down the metrics collector
[2025-05-02 09:11:16,046] [68   ] [INFO ] [] - Initializing the metrics collector
[2025-05-02 09:11:16,060] [68   ] [INFO ] [] - MetricsCollector::Sender(49): _disableSentMetrics 1
[2025-05-02 09:11:16,060] [68   ] [INFO ] [] - MetricsCollector::Initialize(231): Initialized metrics collector
- session id: d24a9342-5ca6-49b8-b791-21820418c456
- device id: 4ca35884-a93a-48fc-ad16-80b2a90aa32e
- application id: Box Tools Win exe
- application name: BoxTools
- application version: 4.28.1.1163
- metric collection url: https://client-log.box.com/index.php?rm=box_gen204_json_record
- metric data path: C:\Users\pcedillo\AppData\Local\Box\Box Tools\Metrics\BoxTools_Metrics_EFD61745.db
- post callback: 05945A26
- log callback: 05945A9E
- context: 00000000
- post interval in seconds: 600
- max records in a post: 100
- max db records: 500
- disable sender: true
[2025-05-02 09:11:16,062] [68   ] [INFO ] [] - Shutting down the metrics collector
[2025-05-02 09:21:16,021] [69   ] [INFO ] [] - Initializing the metrics collector
[2025-05-02 09:21:16,025] [69   ] [INFO ] [] - MetricsCollector::Sender(49): _disableSentMetrics 1
[2025-05-02 09:21:16,025] [69   ] [INFO ] [] - MetricsCollector::Initialize(231): Initialized metrics collector
- session id: d24a9342-5ca6-49b8-b791-21820418c456
- device id: 4ca35884-a93a-48fc-ad16-80b2a90aa32e
- application id: Box Tools Win exe
- application name: BoxTools
- application version: 4.28.1.1163
- metric collection url: https://client-log.box.com/index.php?rm=box_gen204_json_record
- metric data path: C:\Users\pcedillo\AppData\Local\Box\Box Tools\Metrics\BoxTools_Metrics_EFD61745.db
- post callback: 05945A26
- log callback: 05945A9E
- context: 00000000
- post interval in seconds: 600
- max records in a post: 100
- max db records: 500
- disable sender: true
[2025-05-02 09:21:16,025] [69   ] [INFO ] [] - Shutting down the metrics collector
[2025-05-02 09:31:15,988] [70   ] [INFO ] [] - Initializing the metrics collector
[2025-05-02 09:31:16,004] [70   ] [INFO ] [] - MetricsCollector::Sender(49): _disableSentMetrics 1
[2025-05-02 09:31:16,004] [70   ] [INFO ] [] - MetricsCollector::Initialize(231): Initialized metrics collector
- session id: d24a9342-5ca6-49b8-b791-21820418c456
- device id: 4ca35884-a93a-48fc-ad16-80b2a90aa32e
- application id: Box Tools Win exe
- application name: BoxTools
- application version: 4.28.1.1163
- metric collection url: https://client-log.box.com/index.php?rm=box_gen204_json_record
- metric data path: C:\Users\pcedillo\AppData\Local\Box\Box Tools\Metrics\BoxTools_Metrics_EFD61745.db
- post callback: 05945A26
- log callback: 05945A9E
- context: 00000000
- post interval in seconds: 600
- max records in a post: 100
- max db records: 500
- disable sender: true
[2025-05-02 09:31:16,004] [70   ] [INFO ] [] - Shutting down the metrics collector
[2025-05-02 09:41:15,977] [72   ] [INFO ] [] - Initializing the metrics collector
[2025-05-02 09:41:15,977] [72   ] [INFO ] [] - MetricsCollector::Sender(49): _disableSentMetrics 1
[2025-05-02 09:41:15,977] [72   ] [INFO ] [] - MetricsCollector::Initialize(231): Initialized metrics collector
- session id: d24a9342-5ca6-49b8-b791-21820418c456
- device id: 4ca35884-a93a-48fc-ad16-80b2a90aa32e
- application id: Box Tools Win exe
- application name: BoxTools
- application version: 4.28.1.1163
- metric collection url: https://client-log.box.com/index.php?rm=box_gen204_json_record
- metric data path: C:\Users\pcedillo\AppData\Local\Box\Box Tools\Metrics\BoxTools_Metrics_EFD61745.db
- post callback: 05945A26
- log callback: 05945A9E
- context: 00000000
- post interval in seconds: 600
- max records in a post: 100
- max db records: 500
- disable sender: true
[2025-05-02 09:41:15,993] [72   ] [INFO ] [] - Shutting down the metrics collector
[2025-05-02 09:51:15,942] [73   ] [INFO ] [] - Initializing the metrics collector
[2025-05-02 09:51:15,942] [73   ] [INFO ] [] - MetricsCollector::Sender(49): _disableSentMetrics 1
[2025-05-02 09:51:15,942] [73   ] [INFO ] [] - MetricsCollector::Initialize(231): Initialized metrics collector
- session id: d24a9342-5ca6-49b8-b791-21820418c456
- device id: 4ca35884-a93a-48fc-ad16-80b2a90aa32e
- application id: Box Tools Win exe
- application name: BoxTools
- application version: 4.28.1.1163
- metric collection url: https://client-log.box.com/index.php?rm=box_gen204_json_record
- metric data path: C:\Users\pcedillo\AppData\Local\Box\Box Tools\Metrics\BoxTools_Metrics_EFD61745.db
- post callback: 05945A26
- log callback: 05945A9E
- context: 00000000
- post interval in seconds: 600
- max records in a post: 100
- max db records: 500
- disable sender: true
[2025-05-02 09:51:15,942] [73   ] [INFO ] [] - Shutting down the metrics collector
[2025-05-02 10:01:15,941] [74   ] [INFO ] [] - Initializing the metrics collector
[2025-05-02 10:01:15,952] [74   ] [INFO ] [] - MetricsCollector::Sender(49): _disableSentMetrics 1
[2025-05-02 10:01:15,952] [74   ] [INFO ] [] - MetricsCollector::Initialize(231): Initialized metrics collector
- session id: d24a9342-5ca6-49b8-b791-21820418c456
- device id: 4ca35884-a93a-48fc-ad16-80b2a90aa32e
- application id: Box Tools Win exe
- application name: BoxTools
- application version: 4.28.1.1163
- metric collection url: https://client-log.box.com/index.php?rm=box_gen204_json_record
- metric data path: C:\Users\pcedillo\AppData\Local\Box\Box Tools\Metrics\BoxTools_Metrics_EFD61745.db
- post callback: 05945A26
- log callback: 05945A9E
- context: 00000000
- post interval in seconds: 600
- max records in a post: 100
- max db records: 500
- disable sender: true
[2025-05-02 10:01:15,957] [74   ] [INFO ] [] - Shutting down the metrics collector
[2025-05-02 10:11:15,911] [75   ] [INFO ] [] - Initializing the metrics collector
[2025-05-02 10:11:15,911] [75   ] [INFO ] [] - MetricsCollector::Sender(49): _disableSentMetrics 1
[2025-05-02 10:11:15,911] [75   ] [INFO ] [] - MetricsCollector::Initialize(231): Initialized metrics collector
- session id: d24a9342-5ca6-49b8-b791-21820418c456
- device id: 4ca35884-a93a-48fc-ad16-80b2a90aa32e
- application id: Box Tools Win exe
- application name: BoxTools
- application version: 4.28.1.1163
- metric collection url: https://client-log.box.com/index.php?rm=box_gen204_json_record
- metric data path: C:\Users\pcedillo\AppData\Local\Box\Box Tools\Metrics\BoxTools_Metrics_EFD61745.db
- post callback: 05945A26
- log callback: 05945A9E
- context: 00000000
- post interval in seconds: 600
- max records in a post: 100
- max db records: 500
- disable sender: true
[2025-05-02 10:11:15,926] [75   ] [INFO ] [] - Shutting down the metrics collector
[2025-05-02 10:21:15,913] [76   ] [INFO ] [] - Initializing the metrics collector
[2025-05-02 10:21:15,929] [76   ] [INFO ] [] - MetricsCollector::Sender(49): _disableSentMetrics 1
[2025-05-02 10:21:15,929] [76   ] [INFO ] [] - MetricsCollector::Initialize(231): Initialized metrics collector
- session id: d24a9342-5ca6-49b8-b791-21820418c456
- device id: 4ca35884-a93a-48fc-ad16-80b2a90aa32e
- application id: Box Tools Win exe
- application name: BoxTools
- application version: 4.28.1.1163
- metric collection url: https://client-log.box.com/index.php?rm=box_gen204_json_record
- metric data path: C:\Users\pcedillo\AppData\Local\Box\Box Tools\Metrics\BoxTools_Metrics_EFD61745.db
- post callback: 05945A26
- log callback: 05945A9E
- context: 00000000
- post interval in seconds: 600
- max records in a post: 100
- max db records: 500
- disable sender: true
[2025-05-02 10:21:15,929] [76   ] [INFO ] [] - Shutting down the metrics collector
[2025-05-02 10:31:15,887] [77   ] [INFO ] [] - Initializing the metrics collector
[2025-05-02 10:31:15,887] [77   ] [INFO ] [] - MetricsCollector::Sender(49): _disableSentMetrics 1
[2025-05-02 10:31:15,887] [77   ] [INFO ] [] - MetricsCollector::Initialize(231): Initialized metrics collector
- session id: d24a9342-5ca6-49b8-b791-21820418c456
- device id: 4ca35884-a93a-48fc-ad16-80b2a90aa32e
- application id: Box Tools Win exe
- application name: BoxTools
- application version: 4.28.1.1163
- metric collection url: https://client-log.box.com/index.php?rm=box_gen204_json_record
- metric data path: C:\Users\pcedillo\AppData\Local\Box\Box Tools\Metrics\BoxTools_Metrics_EFD61745.db
- post callback: 05945A26
- log callback: 05945A9E
- context: 00000000
- post interval in seconds: 600
- max records in a post: 100
- max db records: 500
- disable sender: true
[2025-05-02 10:31:15,903] [77   ] [INFO ] [] - Shutting down the metrics collector
[2025-05-02 10:35:15,692] [78   ] [INFO ] [] - Scheduling next upgrade check: Delay
[2025-05-02 10:35:15,692] [78   ] [INFO ] [] - Next autoupgrade timer will fire after: 1.00:00:00
[2025-05-02 10:35:15,692] [78   ] [INFO ] [] - Checking for upgrade
[2025-05-02 10:35:15,692] [78   ] [INFO ] [] - .NET Version - installed 533320, expected: 528040
[2025-05-02 10:35:15,692] [78   ] [INFO ] [] - result: True
[2025-05-02 10:35:15,692] [78   ] [INFO ] [] - Checking for upgrades
[2025-05-02 10:35:15,708] [78   ] [INFO ] [] - Url used to upgrade: https://cdn07.boxcdn.net/BoxEditAutoupdate2.json
[2025-05-02 10:35:15,952] [78   ] [INFO ] [] - ### current version track name: 4.28.1
[2025-05-02 10:35:15,952] [78   ] [INFO ] [] - No custom track name in registry
[2025-05-02 10:35:15,952] [78   ] [WARN ] [] - Track 4.28.1 not found
[2025-05-02 10:35:15,952] [78   ] [INFO ] [] - Track default for upgrade found
[2025-05-02 10:35:15,952] [78   ] [INFO ] [] - RolloutID set to 61
[2025-05-02 10:35:15,952] [78   ] [INFO ] [] - Not upgrading because RolloutID is not in range
[2025-05-02 10:35:15,952] [78   ] [INFO ] [] - Check for updates returned None
[2025-05-02 10:35:15,952] [78   ] [INFO ] [] - Scheduling next upgrade check: Reset
[2025-05-02 10:35:15,952] [78   ] [INFO ] [] - Next autoupgrade timer will fire after: 05:07:00
[2025-05-02 10:41:15,864] [80   ] [INFO ] [] - Initializing the metrics collector
[2025-05-02 10:41:15,864] [80   ] [INFO ] [] - MetricsCollector::Sender(49): _disableSentMetrics 1
[2025-05-02 10:41:15,864] [80   ] [INFO ] [] - MetricsCollector::Initialize(231): Initialized metrics collector
- session id: d24a9342-5ca6-49b8-b791-21820418c456
- device id: 4ca35884-a93a-48fc-ad16-80b2a90aa32e
- application id: Box Tools Win exe
- application name: BoxTools
- application version: 4.28.1.1163
- metric collection url: https://client-log.box.com/index.php?rm=box_gen204_json_record
- metric data path: C:\Users\pcedillo\AppData\Local\Box\Box Tools\Metrics\BoxTools_Metrics_EFD61745.db
- post callback: 05945A26
- log callback: 05945A9E
- context: 00000000
- post interval in seconds: 600
- max records in a post: 100
- max db records: 500
- disable sender: true
[2025-05-02 10:41:15,880] [80   ] [INFO ] [] - Shutting down the metrics collector
[2025-05-02 10:51:15,869] [81   ] [INFO ] [] - Initializing the metrics collector
[2025-05-02 10:51:15,871] [81   ] [INFO ] [] - MetricsCollector::Sender(49): _disableSentMetrics 1
[2025-05-02 10:51:15,871] [81   ] [INFO ] [] - MetricsCollector::Initialize(231): Initialized metrics collector
- session id: d24a9342-5ca6-49b8-b791-21820418c456
- device id: 4ca35884-a93a-48fc-ad16-80b2a90aa32e
- application id: Box Tools Win exe
- application name: BoxTools
- application version: 4.28.1.1163
- metric collection url: https://client-log.box.com/index.php?rm=box_gen204_json_record
- metric data path: C:\Users\pcedillo\AppData\Local\Box\Box Tools\Metrics\BoxTools_Metrics_EFD61745.db
- post callback: 05945A26
- log callback: 05945A9E
- context: 00000000
- post interval in seconds: 600
- max records in a post: 100
- max db records: 500
- disable sender: true
[2025-05-02 10:51:15,871] [81   ] [INFO ] [] - Shutting down the metrics collector
[2025-05-02 11:01:15,841] [18   ] [INFO ] [] - Initializing the metrics collector
[2025-05-02 11:01:15,843] [18   ] [INFO ] [] - MetricsCollector::Sender(49): _disableSentMetrics 1
[2025-05-02 11:01:15,843] [18   ] [INFO ] [] - MetricsCollector::Initialize(231): Initialized metrics collector
- session id: d24a9342-5ca6-49b8-b791-21820418c456
- device id: 4ca35884-a93a-48fc-ad16-80b2a90aa32e
- application id: Box Tools Win exe
- application name: BoxTools
- application version: 4.28.1.1163
- metric collection url: https://client-log.box.com/index.php?rm=box_gen204_json_record
- metric data path: C:\Users\pcedillo\AppData\Local\Box\Box Tools\Metrics\BoxTools_Metrics_EFD61745.db
- post callback: 05945A26
- log callback: 05945A9E
- context: 00000000
- post interval in seconds: 600
- max records in a post: 100
- max db records: 500
- disable sender: true
[2025-05-02 11:01:15,853] [18   ] [INFO ] [] - Shutting down the metrics collector
[2025-05-02 11:11:15,821] [8    ] [INFO ] [] - Initializing the metrics collector
[2025-05-02 11:11:15,825] [8    ] [INFO ] [] - MetricsCollector::Sender(49): _disableSentMetrics 1
[2025-05-02 11:11:15,825] [8    ] [INFO ] [] - MetricsCollector::Initialize(231): Initialized metrics collector
- session id: d24a9342-5ca6-49b8-b791-21820418c456
- device id: 4ca35884-a93a-48fc-ad16-80b2a90aa32e
- application id: Box Tools Win exe
- application name: BoxTools
- application version: 4.28.1.1163
- metric collection url: https://client-log.box.com/index.php?rm=box_gen204_json_record
- metric data path: C:\Users\pcedillo\AppData\Local\Box\Box Tools\Metrics\BoxTools_Metrics_EFD61745.db
- post callback: 05945A26
- log callback: 05945A9E
- context: 00000000
- post interval in seconds: 600
- max records in a post: 100
- max db records: 500
- disable sender: true
[2025-05-02 11:11:15,825] [8    ] [INFO ] [] - Shutting down the metrics collector
[2025-05-02 11:21:15,804] [24   ] [INFO ] [] - Initializing the metrics collector
[2025-05-02 11:21:15,804] [24   ] [INFO ] [] - MetricsCollector::Sender(49): _disableSentMetrics 1
[2025-05-02 11:21:15,804] [24   ] [INFO ] [] - MetricsCollector::Initialize(231): Initialized metrics collector
- session id: d24a9342-5ca6-49b8-b791-21820418c456
- device id: 4ca35884-a93a-48fc-ad16-80b2a90aa32e
- application id: Box Tools Win exe
- application name: BoxTools
- application version: 4.28.1.1163
- metric collection url: https://client-log.box.com/index.php?rm=box_gen204_json_record
- metric data path: C:\Users\pcedillo\AppData\Local\Box\Box Tools\Metrics\BoxTools_Metrics_EFD61745.db
- post callback: 05945A26
- log callback: 05945A9E
- context: 00000000
- post interval in seconds: 600
- max records in a post: 100
- max db records: 500
- disable sender: true
[2025-05-02 11:21:15,820] [24   ] [INFO ] [] - Shutting down the metrics collector
[2025-05-02 11:31:15,778] [25   ] [INFO ] [] - Initializing the metrics collector
[2025-05-02 11:31:15,778] [25   ] [INFO ] [] - MetricsCollector::Sender(49): _disableSentMetrics 1
[2025-05-02 11:31:15,778] [25   ] [INFO ] [] - MetricsCollector::Initialize(231): Initialized metrics collector
- session id: d24a9342-5ca6-49b8-b791-21820418c456
- device id: 4ca35884-a93a-48fc-ad16-80b2a90aa32e
- application id: Box Tools Win exe
- application name: BoxTools
- application version: 4.28.1.1163
- metric collection url: https://client-log.box.com/index.php?rm=box_gen204_json_record
- metric data path: C:\Users\pcedillo\AppData\Local\Box\Box Tools\Metrics\BoxTools_Metrics_EFD61745.db
- post callback: 05945A26
- log callback: 05945A9E
- context: 00000000
- post interval in seconds: 600
- max records in a post: 100
- max db records: 500
- disable sender: true
[2025-05-02 11:31:15,794] [25   ] [INFO ] [] - Shutting down the metrics collector
[2025-05-02 11:41:15,772] [26   ] [INFO ] [] - Initializing the metrics collector
[2025-05-02 11:41:15,772] [26   ] [INFO ] [] - MetricsCollector::Sender(49): _disableSentMetrics 1
[2025-05-02 11:41:15,772] [26   ] [INFO ] [] - MetricsCollector::Initialize(231): Initialized metrics collector
- session id: d24a9342-5ca6-49b8-b791-21820418c456
- device id: 4ca35884-a93a-48fc-ad16-80b2a90aa32e
- application id: Box Tools Win exe
- application name: BoxTools
- application version: 4.28.1.1163
- metric collection url: https://client-log.box.com/index.php?rm=box_gen204_json_record
- metric data path: C:\Users\pcedillo\AppData\Local\Box\Box Tools\Metrics\BoxTools_Metrics_EFD61745.db
- post callback: 05945A26
- log callback: 05945A9E
- context: 00000000
- post interval in seconds: 600
- max records in a post: 100
- max db records: 500
- disable sender: true
[2025-05-02 11:41:15,788] [26   ] [INFO ] [] - Shutting down the metrics collector
[2025-05-02 11:51:15,746] [27   ] [INFO ] [] - Initializing the metrics collector
[2025-05-02 11:51:15,746] [27   ] [INFO ] [] - MetricsCollector::Sender(49): _disableSentMetrics 1
[2025-05-02 11:51:15,746] [27   ] [INFO ] [] - MetricsCollector::Initialize(231): Initialized metrics collector
- session id: d24a9342-5ca6-49b8-b791-21820418c456
- device id: 4ca35884-a93a-48fc-ad16-80b2a90aa32e
- application id: Box Tools Win exe
- application name: BoxTools
- application version: 4.28.1.1163
- metric collection url: https://client-log.box.com/index.php?rm=box_gen204_json_record
- metric data path: C:\Users\pcedillo\AppData\Local\Box\Box Tools\Metrics\BoxTools_Metrics_EFD61745.db
- post callback: 05945A26
- log callback: 05945A9E
- context: 00000000
- post interval in seconds: 600
- max records in a post: 100
- max db records: 500
- disable sender: true
[2025-05-02 11:51:15,746] [27   ] [INFO ] [] - Shutting down the metrics collector
[2025-05-02 12:01:15,749] [28   ] [INFO ] [] - Initializing the metrics collector
[2025-05-02 12:01:15,761] [28   ] [INFO ] [] - MetricsCollector::Sender(49): _disableSentMetrics 1
[2025-05-02 12:01:15,761] [28   ] [INFO ] [] - MetricsCollector::Initialize(231): Initialized metrics collector
- session id: d24a9342-5ca6-49b8-b791-21820418c456
- device id: 4ca35884-a93a-48fc-ad16-80b2a90aa32e
- application id: Box Tools Win exe
- application name: BoxTools
- application version: 4.28.1.1163
- metric collection url: https://client-log.box.com/index.php?rm=box_gen204_json_record
- metric data path: C:\Users\pcedillo\AppData\Local\Box\Box Tools\Metrics\BoxTools_Metrics_EFD61745.db
- post callback: 05945A26
- log callback: 05945A9E
- context: 00000000
- post interval in seconds: 600
- max records in a post: 100
- max db records: 500
- disable sender: true
[2025-05-02 12:01:15,774] [28   ] [INFO ] [] - Shutting down the metrics collector
[2025-05-02 12:11:15,754] [29   ] [INFO ] [] - Initializing the metrics collector
[2025-05-02 12:11:15,754] [29   ] [INFO ] [] - MetricsCollector::Sender(49): _disableSentMetrics 1
[2025-05-02 12:11:15,754] [29   ] [INFO ] [] - MetricsCollector::Initialize(231): Initialized metrics collector
- session id: d24a9342-5ca6-49b8-b791-21820418c456
- device id: 4ca35884-a93a-48fc-ad16-80b2a90aa32e
- application id: Box Tools Win exe
- application name: BoxTools
- application version: 4.28.1.1163
- metric collection url: https://client-log.box.com/index.php?rm=box_gen204_json_record
- metric data path: C:\Users\pcedillo\AppData\Local\Box\Box Tools\Metrics\BoxTools_Metrics_EFD61745.db
- post callback: 05945A26
- log callback: 05945A9E
- context: 00000000
- post interval in seconds: 600
- max records in a post: 100
- max db records: 500
- disable sender: true
[2025-05-02 12:11:15,769] [29   ] [INFO ] [] - Shutting down the metrics collector
[2025-05-02 12:21:15,726] [30   ] [INFO ] [] - Initializing the metrics collector
[2025-05-02 12:21:15,731] [30   ] [INFO ] [] - MetricsCollector::Sender(49): _disableSentMetrics 1
[2025-05-02 12:21:15,731] [30   ] [INFO ] [] - MetricsCollector::Initialize(231): Initialized metrics collector
- session id: d24a9342-5ca6-49b8-b791-21820418c456
- device id: 4ca35884-a93a-48fc-ad16-80b2a90aa32e
- application id: Box Tools Win exe
- application name: BoxTools
- application version: 4.28.1.1163
- metric collection url: https://client-log.box.com/index.php?rm=box_gen204_json_record
- metric data path: C:\Users\pcedillo\AppData\Local\Box\Box Tools\Metrics\BoxTools_Metrics_EFD61745.db
- post callback: 05945A26
- log callback: 05945A9E
- context: 00000000
- post interval in seconds: 600
- max records in a post: 100
- max db records: 500
- disable sender: true
[2025-05-02 12:21:15,743] [30   ] [INFO ] [] - Shutting down the metrics collector
[2025-05-02 12:31:15,704] [31   ] [INFO ] [] - Initializing the metrics collector
[2025-05-02 12:31:15,704] [31   ] [INFO ] [] - MetricsCollector::Sender(49): _disableSentMetrics 1
[2025-05-02 12:31:15,704] [31   ] [INFO ] [] - MetricsCollector::Initialize(231): Initialized metrics collector
- session id: d24a9342-5ca6-49b8-b791-21820418c456
- device id: 4ca35884-a93a-48fc-ad16-80b2a90aa32e
- application id: Box Tools Win exe
- application name: BoxTools
- application version: 4.28.1.1163
- metric collection url: https://client-log.box.com/index.php?rm=box_gen204_json_record
- metric data path: C:\Users\pcedillo\AppData\Local\Box\Box Tools\Metrics\BoxTools_Metrics_EFD61745.db
- post callback: 05945A26
- log callback: 05945A9E
- context: 00000000
- post interval in seconds: 600
- max records in a post: 100
- max db records: 500
- disable sender: true
[2025-05-02 12:31:15,720] [31   ] [INFO ] [] - Shutting down the metrics collector
[2025-05-02 12:41:15,700] [32   ] [INFO ] [] - Initializing the metrics collector
[2025-05-02 12:41:15,700] [32   ] [INFO ] [] - MetricsCollector::Sender(49): _disableSentMetrics 1
[2025-05-02 12:41:15,700] [32   ] [INFO ] [] - MetricsCollector::Initialize(231): Initialized metrics collector
- session id: d24a9342-5ca6-49b8-b791-21820418c456
- device id: 4ca35884-a93a-48fc-ad16-80b2a90aa32e
- application id: Box Tools Win exe
- application name: BoxTools
- application version: 4.28.1.1163
- metric collection url: https://client-log.box.com/index.php?rm=box_gen204_json_record
- metric data path: C:\Users\pcedillo\AppData\Local\Box\Box Tools\Metrics\BoxTools_Metrics_EFD61745.db
- post callback: 05945A26
- log callback: 05945A9E
- context: 00000000
- post interval in seconds: 600
- max records in a post: 100
- max db records: 500
- disable sender: true
[2025-05-02 12:41:15,716] [32   ] [INFO ] [] - Shutting down the metrics collector
[2025-05-02 12:51:15,717] [33   ] [INFO ] [] - Initializing the metrics collector
[2025-05-02 12:51:15,751] [33   ] [INFO ] [] - MetricsCollector::Sender(49): _disableSentMetrics 1
[2025-05-02 12:51:15,753] [33   ] [INFO ] [] - MetricsCollector::Initialize(231): Initialized metrics collector
- session id: d24a9342-5ca6-49b8-b791-21820418c456
- device id: 4ca35884-a93a-48fc-ad16-80b2a90aa32e
- application id: Box Tools Win exe
- application name: BoxTools
- application version: 4.28.1.1163
- metric collection url: https://client-log.box.com/index.php?rm=box_gen204_json_record
- metric data path: C:\Users\pcedillo\AppData\Local\Box\Box Tools\Metrics\BoxTools_Metrics_EFD61745.db
- post callback: 05945A26
- log callback: 05945A9E
- context: 00000000
- post interval in seconds: 600
- max records in a post: 100
- max db records: 500
- disable sender: true
[2025-05-02 12:51:15,792] [33   ] [INFO ] [] - Shutting down the metrics collector
[2025-05-02 13:01:15,689] [34   ] [INFO ] [] - Initializing the metrics collector
[2025-05-02 13:01:15,703] [34   ] [INFO ] [] - MetricsCollector::Sender(49): _disableSentMetrics 1
[2025-05-02 13:01:15,705] [34   ] [INFO ] [] - MetricsCollector::Initialize(231): Initialized metrics collector
- session id: d24a9342-5ca6-49b8-b791-21820418c456
- device id: 4ca35884-a93a-48fc-ad16-80b2a90aa32e
- application id: Box Tools Win exe
- application name: BoxTools
- application version: 4.28.1.1163
- metric collection url: https://client-log.box.com/index.php?rm=box_gen204_json_record
- metric data path: C:\Users\pcedillo\AppData\Local\Box\Box Tools\Metrics\BoxTools_Metrics_EFD61745.db
- post callback: 05945A26
- log callback: 05945A9E
- context: 00000000
- post interval in seconds: 600
- max records in a post: 100
- max db records: 500
- disable sender: true
[2025-05-02 13:01:15,723] [34   ] [INFO ] [] - Shutting down the metrics collector
