[2024-10-29 08:25:22,573] [32   ] [INFO ] [] - Initializing the metrics collector
[2024-10-29 08:25:22,715] [32   ] [INFO ] [] - MetricsCollector::Sender(49): _disableSentMetrics 1
[2024-10-29 08:25:22,715] [32   ] [INFO ] [] - MetricsCollector::Initialize(231): Initialized metrics collector
- session id: b8d4a4bd-e4f9-4079-89d0-1073a56071c9
- device id: 4ca35884-a93a-48fc-ad16-80b2a90aa32e
- application id: Box Tools Win exe
- application name: BoxTools
- application version: 4.26.1.1109
- metric collection url: https://client-log.box.com/index.php?rm=box_gen204_json_record
- metric data path: C:\Users\pcedillo\AppData\Local\Box\Box Tools\Metrics\BoxTools_Metrics.db
- post callback: 04CA391E
- log callback: 04CA3B76
- context: 00000000
- post interval in seconds: 600
- max records in a post: 100
- max db records: 500
- disable sender: true
[2024-10-29 08:25:22,748] [32   ] [INFO ] [] - Shutting down the metrics collector
[2024-10-29 08:35:20,182] [22   ] [INFO ] [] - Initializing the metrics collector
[2024-10-29 08:35:20,192] [22   ] [INFO ] [] - MetricsCollector::Sender(49): _disableSentMetrics 1
[2024-10-29 08:35:20,192] [22   ] [INFO ] [] - MetricsCollector::Initialize(231): Initialized metrics collector
- session id: b8d4a4bd-e4f9-4079-89d0-1073a56071c9
- device id: 4ca35884-a93a-48fc-ad16-80b2a90aa32e
- application id: Box Tools Win exe
- application name: BoxTools
- application version: 4.26.1.1109
- metric collection url: https://client-log.box.com/index.php?rm=box_gen204_json_record
- metric data path: C:\Users\pcedillo\AppData\Local\Box\Box Tools\Metrics\BoxTools_Metrics.db
- post callback: 04CA391E
- log callback: 04CA3B76
- context: 00000000
- post interval in seconds: 600
- max records in a post: 100
- max db records: 500
- disable sender: true
[2024-10-29 08:35:20,202] [22   ] [INFO ] [] - Shutting down the metrics collector
[2024-10-29 08:45:20,208] [32   ] [INFO ] [] - Initializing the metrics collector
[2024-10-29 08:45:20,213] [32   ] [INFO ] [] - MetricsCollector::Sender(49): _disableSentMetrics 1
[2024-10-29 08:45:20,213] [32   ] [INFO ] [] - MetricsCollector::Initialize(231): Initialized metrics collector
- session id: b8d4a4bd-e4f9-4079-89d0-1073a56071c9
- device id: 4ca35884-a93a-48fc-ad16-80b2a90aa32e
- application id: Box Tools Win exe
- application name: BoxTools
- application version: 4.26.1.1109
- metric collection url: https://client-log.box.com/index.php?rm=box_gen204_json_record
- metric data path: C:\Users\pcedillo\AppData\Local\Box\Box Tools\Metrics\BoxTools_Metrics.db
- post callback: 04CA391E
- log callback: 04CA3B76
- context: 00000000
- post interval in seconds: 600
- max records in a post: 100
- max db records: 500
- disable sender: true
[2024-10-29 08:45:20,225] [32   ] [INFO ] [] - Shutting down the metrics collector
[2024-10-29 08:55:20,215] [33   ] [INFO ] [] - Initializing the metrics collector
[2024-10-29 08:55:20,230] [33   ] [INFO ] [] - MetricsCollector::Sender(49): _disableSentMetrics 1
[2024-10-29 08:55:20,232] [33   ] [INFO ] [] - MetricsCollector::Initialize(231): Initialized metrics collector
- session id: b8d4a4bd-e4f9-4079-89d0-1073a56071c9
- device id: 4ca35884-a93a-48fc-ad16-80b2a90aa32e
- application id: Box Tools Win exe
- application name: BoxTools
- application version: 4.26.1.1109
- metric collection url: https://client-log.box.com/index.php?rm=box_gen204_json_record
- metric data path: C:\Users\pcedillo\AppData\Local\Box\Box Tools\Metrics\BoxTools_Metrics.db
- post callback: 04CA391E
- log callback: 04CA3B76
- context: 00000000
- post interval in seconds: 600
- max records in a post: 100
- max db records: 500
- disable sender: true
[2024-10-29 08:55:20,244] [33   ] [INFO ] [] - Shutting down the metrics collector
[2024-10-29 09:05:20,041] [96   ] [INFO ] [] - Initializing the metrics collector
[2024-10-29 09:05:20,041] [96   ] [INFO ] [] - MetricsCollector::Sender(49): _disableSentMetrics 1
[2024-10-29 09:05:20,041] [96   ] [INFO ] [] - MetricsCollector::Initialize(231): Initialized metrics collector
- session id: b8d4a4bd-e4f9-4079-89d0-1073a56071c9
- device id: 4ca35884-a93a-48fc-ad16-80b2a90aa32e
- application id: Box Tools Win exe
- application name: BoxTools
- application version: 4.26.1.1109
- metric collection url: https://client-log.box.com/index.php?rm=box_gen204_json_record
- metric data path: C:\Users\pcedillo\AppData\Local\Box\Box Tools\Metrics\BoxTools_Metrics.db
- post callback: 04CA391E
- log callback: 04CA3B76
- context: 00000000
- post interval in seconds: 600
- max records in a post: 100
- max db records: 500
- disable sender: true
[2024-10-29 09:05:20,054] [96   ] [INFO ] [] - Shutting down the metrics collector
[2024-10-29 09:15:20,002] [33   ] [INFO ] [] - Initializing the metrics collector
[2024-10-29 09:15:20,005] [33   ] [INFO ] [] - MetricsCollector::Sender(49): _disableSentMetrics 1
[2024-10-29 09:15:20,005] [33   ] [INFO ] [] - MetricsCollector::Initialize(231): Initialized metrics collector
- session id: b8d4a4bd-e4f9-4079-89d0-1073a56071c9
- device id: 4ca35884-a93a-48fc-ad16-80b2a90aa32e
- application id: Box Tools Win exe
- application name: BoxTools
- application version: 4.26.1.1109
- metric collection url: https://client-log.box.com/index.php?rm=box_gen204_json_record
- metric data path: C:\Users\pcedillo\AppData\Local\Box\Box Tools\Metrics\BoxTools_Metrics.db
- post callback: 04CA391E
- log callback: 04CA3B76
- context: 00000000
- post interval in seconds: 600
- max records in a post: 100
- max db records: 500
- disable sender: true
[2024-10-29 09:15:20,017] [33   ] [INFO ] [] - Shutting down the metrics collector
[2024-10-29 09:25:19,961] [96   ] [INFO ] [] - Initializing the metrics collector
[2024-10-29 09:25:19,972] [96   ] [INFO ] [] - MetricsCollector::Sender(49): _disableSentMetrics 1
[2024-10-29 09:25:19,973] [96   ] [INFO ] [] - MetricsCollector::Initialize(231): Initialized metrics collector
- session id: b8d4a4bd-e4f9-4079-89d0-1073a56071c9
- device id: 4ca35884-a93a-48fc-ad16-80b2a90aa32e
- application id: Box Tools Win exe
- application name: BoxTools
- application version: 4.26.1.1109
- metric collection url: https://client-log.box.com/index.php?rm=box_gen204_json_record
- metric data path: C:\Users\pcedillo\AppData\Local\Box\Box Tools\Metrics\BoxTools_Metrics.db
- post callback: 04CA391E
- log callback: 04CA3B76
- context: 00000000
- post interval in seconds: 600
- max records in a post: 100
- max db records: 500
- disable sender: true
[2024-10-29 09:25:19,982] [96   ] [INFO ] [] - Shutting down the metrics collector
[2024-10-29 09:35:19,930] [22   ] [INFO ] [] - Initializing the metrics collector
[2024-10-29 09:35:19,945] [22   ] [INFO ] [] - MetricsCollector::Sender(49): _disableSentMetrics 1
[2024-10-29 09:35:19,946] [22   ] [INFO ] [] - MetricsCollector::Initialize(231): Initialized metrics collector
- session id: b8d4a4bd-e4f9-4079-89d0-1073a56071c9
- device id: 4ca35884-a93a-48fc-ad16-80b2a90aa32e
- application id: Box Tools Win exe
- application name: BoxTools
- application version: 4.26.1.1109
- metric collection url: https://client-log.box.com/index.php?rm=box_gen204_json_record
- metric data path: C:\Users\pcedillo\AppData\Local\Box\Box Tools\Metrics\BoxTools_Metrics.db
- post callback: 04CA391E
- log callback: 04CA3B76
- context: 00000000
- post interval in seconds: 600
- max records in a post: 100
- max db records: 500
- disable sender: true
[2024-10-29 09:35:19,961] [22   ] [INFO ] [] - Shutting down the metrics collector
[2024-10-29 09:45:19,908] [83   ] [INFO ] [] - Initializing the metrics collector
[2024-10-29 09:45:19,925] [83   ] [INFO ] [] - MetricsCollector::Sender(49): _disableSentMetrics 1
[2024-10-29 09:45:19,925] [83   ] [INFO ] [] - MetricsCollector::Initialize(231): Initialized metrics collector
- session id: b8d4a4bd-e4f9-4079-89d0-1073a56071c9
- device id: 4ca35884-a93a-48fc-ad16-80b2a90aa32e
- application id: Box Tools Win exe
- application name: BoxTools
- application version: 4.26.1.1109
- metric collection url: https://client-log.box.com/index.php?rm=box_gen204_json_record
- metric data path: C:\Users\pcedillo\AppData\Local\Box\Box Tools\Metrics\BoxTools_Metrics.db
- post callback: 04CA391E
- log callback: 04CA3B76
- context: 00000000
- post interval in seconds: 600
- max records in a post: 100
- max db records: 500
- disable sender: true
[2024-10-29 09:45:19,939] [83   ] [INFO ] [] - Shutting down the metrics collector
[2024-10-29 09:55:19,850] [10   ] [INFO ] [] - Initializing the metrics collector
[2024-10-29 09:55:19,869] [10   ] [INFO ] [] - MetricsCollector::Sender(49): _disableSentMetrics 1
[2024-10-29 09:55:19,869] [10   ] [INFO ] [] - MetricsCollector::Initialize(231): Initialized metrics collector
- session id: b8d4a4bd-e4f9-4079-89d0-1073a56071c9
- device id: 4ca35884-a93a-48fc-ad16-80b2a90aa32e
- application id: Box Tools Win exe
- application name: BoxTools
- application version: 4.26.1.1109
- metric collection url: https://client-log.box.com/index.php?rm=box_gen204_json_record
- metric data path: C:\Users\pcedillo\AppData\Local\Box\Box Tools\Metrics\BoxTools_Metrics.db
- post callback: 04CA391E
- log callback: 04CA3B76
- context: 00000000
- post interval in seconds: 600
- max records in a post: 100
- max db records: 500
- disable sender: true
[2024-10-29 09:55:19,882] [10   ] [INFO ] [] - Shutting down the metrics collector
[2024-10-29 10:05:19,819] [94   ] [INFO ] [] - Initializing the metrics collector
[2024-10-29 10:05:19,836] [94   ] [INFO ] [] - MetricsCollector::Sender(49): _disableSentMetrics 1
[2024-10-29 10:05:19,836] [94   ] [INFO ] [] - MetricsCollector::Initialize(231): Initialized metrics collector
- session id: b8d4a4bd-e4f9-4079-89d0-1073a56071c9
- device id: 4ca35884-a93a-48fc-ad16-80b2a90aa32e
- application id: Box Tools Win exe
- application name: BoxTools
- application version: 4.26.1.1109
- metric collection url: https://client-log.box.com/index.php?rm=box_gen204_json_record
- metric data path: C:\Users\pcedillo\AppData\Local\Box\Box Tools\Metrics\BoxTools_Metrics.db
- post callback: 04CA391E
- log callback: 04CA3B76
- context: 00000000
- post interval in seconds: 600
- max records in a post: 100
- max db records: 500
- disable sender: true
[2024-10-29 10:05:19,851] [94   ] [INFO ] [] - Shutting down the metrics collector
[2024-10-29 10:15:19,772] [100  ] [INFO ] [] - Initializing the metrics collector
[2024-10-29 10:15:19,792] [100  ] [INFO ] [] - MetricsCollector::Sender(49): _disableSentMetrics 1
[2024-10-29 10:15:19,792] [100  ] [INFO ] [] - MetricsCollector::Initialize(231): Initialized metrics collector
- session id: b8d4a4bd-e4f9-4079-89d0-1073a56071c9
- device id: 4ca35884-a93a-48fc-ad16-80b2a90aa32e
- application id: Box Tools Win exe
- application name: BoxTools
- application version: 4.26.1.1109
- metric collection url: https://client-log.box.com/index.php?rm=box_gen204_json_record
- metric data path: C:\Users\pcedillo\AppData\Local\Box\Box Tools\Metrics\BoxTools_Metrics.db
- post callback: 04CA391E
- log callback: 04CA3B76
- context: 00000000
- post interval in seconds: 600
- max records in a post: 100
- max db records: 500
- disable sender: true
[2024-10-29 10:15:19,804] [100  ] [INFO ] [] - Shutting down the metrics collector
[2024-10-29 10:25:19,721] [49   ] [INFO ] [] - Initializing the metrics collector
[2024-10-29 10:25:19,737] [49   ] [INFO ] [] - MetricsCollector::Sender(49): _disableSentMetrics 1
[2024-10-29 10:25:19,737] [49   ] [INFO ] [] - MetricsCollector::Initialize(231): Initialized metrics collector
- session id: b8d4a4bd-e4f9-4079-89d0-1073a56071c9
- device id: 4ca35884-a93a-48fc-ad16-80b2a90aa32e
- application id: Box Tools Win exe
- application name: BoxTools
- application version: 4.26.1.1109
- metric collection url: https://client-log.box.com/index.php?rm=box_gen204_json_record
- metric data path: C:\Users\pcedillo\AppData\Local\Box\Box Tools\Metrics\BoxTools_Metrics.db
- post callback: 04CA391E
- log callback: 04CA3B76
- context: 00000000
- post interval in seconds: 600
- max records in a post: 100
- max db records: 500
- disable sender: true
[2024-10-29 10:25:19,752] [49   ] [INFO ] [] - Shutting down the metrics collector
[2024-10-29 10:35:19,690] [18   ] [INFO ] [] - Initializing the metrics collector
[2024-10-29 10:35:19,706] [18   ] [INFO ] [] - MetricsCollector::Sender(49): _disableSentMetrics 1
[2024-10-29 10:35:19,706] [18   ] [INFO ] [] - MetricsCollector::Initialize(231): Initialized metrics collector
- session id: b8d4a4bd-e4f9-4079-89d0-1073a56071c9
- device id: 4ca35884-a93a-48fc-ad16-80b2a90aa32e
- application id: Box Tools Win exe
- application name: BoxTools
- application version: 4.26.1.1109
- metric collection url: https://client-log.box.com/index.php?rm=box_gen204_json_record
- metric data path: C:\Users\pcedillo\AppData\Local\Box\Box Tools\Metrics\BoxTools_Metrics.db
- post callback: 04CA391E
- log callback: 04CA3B76
- context: 00000000
- post interval in seconds: 600
- max records in a post: 100
- max db records: 500
- disable sender: true
[2024-10-29 10:35:19,724] [18   ] [INFO ] [] - Shutting down the metrics collector
[2024-10-29 10:45:19,693] [46   ] [INFO ] [] - Initializing the metrics collector
[2024-10-29 10:45:19,708] [46   ] [INFO ] [] - MetricsCollector::Sender(49): _disableSentMetrics 1
[2024-10-29 10:45:19,708] [46   ] [INFO ] [] - MetricsCollector::Initialize(231): Initialized metrics collector
- session id: b8d4a4bd-e4f9-4079-89d0-1073a56071c9
- device id: 4ca35884-a93a-48fc-ad16-80b2a90aa32e
- application id: Box Tools Win exe
- application name: BoxTools
- application version: 4.26.1.1109
- metric collection url: https://client-log.box.com/index.php?rm=box_gen204_json_record
- metric data path: C:\Users\pcedillo\AppData\Local\Box\Box Tools\Metrics\BoxTools_Metrics.db
- post callback: 04CA391E
- log callback: 04CA3B76
- context: 00000000
- post interval in seconds: 600
- max records in a post: 100
- max db records: 500
- disable sender: true
[2024-10-29 10:45:19,725] [46   ] [INFO ] [] - Shutting down the metrics collector
[2024-10-29 10:55:19,699] [14   ] [INFO ] [] - Initializing the metrics collector
[2024-10-29 10:55:19,715] [14   ] [INFO ] [] - MetricsCollector::Sender(49): _disableSentMetrics 1
[2024-10-29 10:55:19,715] [14   ] [INFO ] [] - MetricsCollector::Initialize(231): Initialized metrics collector
- session id: b8d4a4bd-e4f9-4079-89d0-1073a56071c9
- device id: 4ca35884-a93a-48fc-ad16-80b2a90aa32e
- application id: Box Tools Win exe
- application name: BoxTools
- application version: 4.26.1.1109
- metric collection url: https://client-log.box.com/index.php?rm=box_gen204_json_record
- metric data path: C:\Users\pcedillo\AppData\Local\Box\Box Tools\Metrics\BoxTools_Metrics.db
- post callback: 04CA391E
- log callback: 04CA3B76
- context: 00000000
- post interval in seconds: 600
- max records in a post: 100
- max db records: 500
- disable sender: true
[2024-10-29 10:55:19,730] [14   ] [INFO ] [] - Shutting down the metrics collector
[2024-10-29 11:05:19,577] [34   ] [INFO ] [] - Initializing the metrics collector
[2024-10-29 11:05:19,581] [34   ] [INFO ] [] - MetricsCollector::Sender(49): _disableSentMetrics 1
[2024-10-29 11:05:19,594] [34   ] [INFO ] [] - MetricsCollector::Initialize(231): Initialized metrics collector
- session id: b8d4a4bd-e4f9-4079-89d0-1073a56071c9
- device id: 4ca35884-a93a-48fc-ad16-80b2a90aa32e
- application id: Box Tools Win exe
- application name: BoxTools
- application version: 4.26.1.1109
- metric collection url: https://client-log.box.com/index.php?rm=box_gen204_json_record
- metric data path: C:\Users\pcedillo\AppData\Local\Box\Box Tools\Metrics\BoxTools_Metrics.db
- post callback: 04CA391E
- log callback: 04CA3B76
- context: 00000000
- post interval in seconds: 600
- max records in a post: 100
- max db records: 500
- disable sender: true
[2024-10-29 11:05:19,609] [34   ] [INFO ] [] - Shutting down the metrics collector
[2024-10-29 11:15:19,557] [93   ] [INFO ] [] - Initializing the metrics collector
[2024-10-29 11:15:19,577] [93   ] [INFO ] [] - MetricsCollector::Sender(49): _disableSentMetrics 1
[2024-10-29 11:15:19,577] [93   ] [INFO ] [] - MetricsCollector::Initialize(231): Initialized metrics collector
- session id: b8d4a4bd-e4f9-4079-89d0-1073a56071c9
- device id: 4ca35884-a93a-48fc-ad16-80b2a90aa32e
- application id: Box Tools Win exe
- application name: BoxTools
- application version: 4.26.1.1109
- metric collection url: https://client-log.box.com/index.php?rm=box_gen204_json_record
- metric data path: C:\Users\pcedillo\AppData\Local\Box\Box Tools\Metrics\BoxTools_Metrics.db
- post callback: 04CA391E
- log callback: 04CA3B76
- context: 00000000
- post interval in seconds: 600
- max records in a post: 100
- max db records: 500
- disable sender: true
[2024-10-29 11:15:19,597] [93   ] [INFO ] [] - Shutting down the metrics collector
[2024-10-29 11:25:19,574] [95   ] [INFO ] [] - Initializing the metrics collector
[2024-10-29 11:25:19,592] [95   ] [INFO ] [] - MetricsCollector::Sender(49): _disableSentMetrics 1
[2024-10-29 11:25:19,595] [95   ] [INFO ] [] - MetricsCollector::Initialize(231): Initialized metrics collector
- session id: b8d4a4bd-e4f9-4079-89d0-1073a56071c9
- device id: 4ca35884-a93a-48fc-ad16-80b2a90aa32e
- application id: Box Tools Win exe
- application name: BoxTools
- application version: 4.26.1.1109
- metric collection url: https://client-log.box.com/index.php?rm=box_gen204_json_record
- metric data path: C:\Users\pcedillo\AppData\Local\Box\Box Tools\Metrics\BoxTools_Metrics.db
- post callback: 04CA391E
- log callback: 04CA3B76
- context: 00000000
- post interval in seconds: 600
- max records in a post: 100
- max db records: 500
- disable sender: true
[2024-10-29 11:25:19,606] [95   ] [INFO ] [] - Shutting down the metrics collector
[2024-10-29 11:35:19,569] [45   ] [INFO ] [] - Initializing the metrics collector
[2024-10-29 11:35:19,585] [45   ] [INFO ] [] - MetricsCollector::Sender(49): _disableSentMetrics 1
[2024-10-29 11:35:19,585] [45   ] [INFO ] [] - MetricsCollector::Initialize(231): Initialized metrics collector
- session id: b8d4a4bd-e4f9-4079-89d0-1073a56071c9
- device id: 4ca35884-a93a-48fc-ad16-80b2a90aa32e
- application id: Box Tools Win exe
- application name: BoxTools
- application version: 4.26.1.1109
- metric collection url: https://client-log.box.com/index.php?rm=box_gen204_json_record
- metric data path: C:\Users\pcedillo\AppData\Local\Box\Box Tools\Metrics\BoxTools_Metrics.db
- post callback: 04CA391E
- log callback: 04CA3B76
- context: 00000000
- post interval in seconds: 600
- max records in a post: 100
- max db records: 500
- disable sender: true
[2024-10-29 11:35:19,602] [45   ] [INFO ] [] - Shutting down the metrics collector
[2024-10-29 13:46:44,053] [10   ] [INFO ] [] - Initializing the metrics collector
[2024-10-29 13:46:44,053] [10   ] [INFO ] [] - MetricsCollector::Sender(49): _disableSentMetrics 1
[2024-10-29 13:46:44,053] [10   ] [INFO ] [] - MetricsCollector::Initialize(231): Initialized metrics collector
- session id: b8d4a4bd-e4f9-4079-89d0-1073a56071c9
- device id: 4ca35884-a93a-48fc-ad16-80b2a90aa32e
- application id: Box Tools Win exe
- application name: BoxTools
- application version: 4.26.1.1109
- metric collection url: https://client-log.box.com/index.php?rm=box_gen204_json_record
- metric data path: C:\Users\pcedillo\AppData\Local\Box\Box Tools\Metrics\BoxTools_Metrics.db
- post callback: 04CA391E
- log callback: 04CA3B76
- context: 00000000
- post interval in seconds: 600
- max records in a post: 100
- max db records: 500
- disable sender: true
[2024-10-29 13:46:44,069] [10   ] [INFO ] [] - Shutting down the metrics collector
[2024-10-29 13:56:42,546] [45   ] [INFO ] [] - Initializing the metrics collector
[2024-10-29 13:56:42,550] [45   ] [INFO ] [] - MetricsCollector::Sender(49): _disableSentMetrics 1
[2024-10-29 13:56:42,550] [45   ] [INFO ] [] - MetricsCollector::Initialize(231): Initialized metrics collector
- session id: b8d4a4bd-e4f9-4079-89d0-1073a56071c9
- device id: 4ca35884-a93a-48fc-ad16-80b2a90aa32e
- application id: Box Tools Win exe
- application name: BoxTools
- application version: 4.26.1.1109
- metric collection url: https://client-log.box.com/index.php?rm=box_gen204_json_record
- metric data path: C:\Users\pcedillo\AppData\Local\Box\Box Tools\Metrics\BoxTools_Metrics.db
- post callback: 04CA391E
- log callback: 04CA3B76
- context: 00000000
- post interval in seconds: 600
- max records in a post: 100
- max db records: 500
- disable sender: true
[2024-10-29 13:56:42,556] [45   ] [INFO ] [] - Shutting down the metrics collector
[2024-10-29 14:06:42,488] [95   ] [INFO ] [] - Initializing the metrics collector
[2024-10-29 14:06:42,488] [95   ] [INFO ] [] - MetricsCollector::Sender(49): _disableSentMetrics 1
[2024-10-29 14:06:42,488] [95   ] [INFO ] [] - MetricsCollector::Initialize(231): Initialized metrics collector
- session id: b8d4a4bd-e4f9-4079-89d0-1073a56071c9
- device id: 4ca35884-a93a-48fc-ad16-80b2a90aa32e
- application id: Box Tools Win exe
- application name: BoxTools
- application version: 4.26.1.1109
- metric collection url: https://client-log.box.com/index.php?rm=box_gen204_json_record
- metric data path: C:\Users\pcedillo\AppData\Local\Box\Box Tools\Metrics\BoxTools_Metrics.db
- post callback: 04CA391E
- log callback: 04CA3B76
- context: 00000000
- post interval in seconds: 600
- max records in a post: 100
- max db records: 500
- disable sender: true
[2024-10-29 14:06:42,503] [95   ] [INFO ] [] - Shutting down the metrics collector
[2024-10-29 14:16:42,497] [93   ] [INFO ] [] - Initializing the metrics collector
[2024-10-29 14:16:42,505] [93   ] [INFO ] [] - MetricsCollector::Sender(49): _disableSentMetrics 1
[2024-10-29 14:16:42,505] [93   ] [INFO ] [] - MetricsCollector::Initialize(231): Initialized metrics collector
- session id: b8d4a4bd-e4f9-4079-89d0-1073a56071c9
- device id: 4ca35884-a93a-48fc-ad16-80b2a90aa32e
- application id: Box Tools Win exe
- application name: BoxTools
- application version: 4.26.1.1109
- metric collection url: https://client-log.box.com/index.php?rm=box_gen204_json_record
- metric data path: C:\Users\pcedillo\AppData\Local\Box\Box Tools\Metrics\BoxTools_Metrics.db
- post callback: 04CA391E
- log callback: 04CA3B76
- context: 00000000
- post interval in seconds: 600
- max records in a post: 100
- max db records: 500
- disable sender: true
[2024-10-29 14:16:42,514] [93   ] [INFO ] [] - Shutting down the metrics collector
[2024-10-29 14:26:42,403] [95   ] [INFO ] [] - Initializing the metrics collector
[2024-10-29 14:26:42,412] [95   ] [INFO ] [] - MetricsCollector::Sender(49): _disableSentMetrics 1
[2024-10-29 14:26:42,412] [95   ] [INFO ] [] - MetricsCollector::Initialize(231): Initialized metrics collector
- session id: b8d4a4bd-e4f9-4079-89d0-1073a56071c9
- device id: 4ca35884-a93a-48fc-ad16-80b2a90aa32e
- application id: Box Tools Win exe
- application name: BoxTools
- application version: 4.26.1.1109
- metric collection url: https://client-log.box.com/index.php?rm=box_gen204_json_record
- metric data path: C:\Users\pcedillo\AppData\Local\Box\Box Tools\Metrics\BoxTools_Metrics.db
- post callback: 04CA391E
- log callback: 04CA3B76
- context: 00000000
- post interval in seconds: 600
- max records in a post: 100
- max db records: 500
- disable sender: true
[2024-10-29 14:26:42,418] [95   ] [INFO ] [] - Shutting down the metrics collector
[2024-10-29 14:36:42,367] [45   ] [INFO ] [] - Initializing the metrics collector
[2024-10-29 14:36:42,367] [45   ] [INFO ] [] - MetricsCollector::Sender(49): _disableSentMetrics 1
[2024-10-29 14:36:42,367] [45   ] [INFO ] [] - MetricsCollector::Initialize(231): Initialized metrics collector
- session id: b8d4a4bd-e4f9-4079-89d0-1073a56071c9
- device id: 4ca35884-a93a-48fc-ad16-80b2a90aa32e
- application id: Box Tools Win exe
- application name: BoxTools
- application version: 4.26.1.1109
- metric collection url: https://client-log.box.com/index.php?rm=box_gen204_json_record
- metric data path: C:\Users\pcedillo\AppData\Local\Box\Box Tools\Metrics\BoxTools_Metrics.db
- post callback: 04CA391E
- log callback: 04CA3B76
- context: 00000000
- post interval in seconds: 600
- max records in a post: 100
- max db records: 500
- disable sender: true
[2024-10-29 14:36:42,382] [45   ] [INFO ] [] - Shutting down the metrics collector
[2024-10-29 14:46:42,335] [94   ] [INFO ] [] - Initializing the metrics collector
[2024-10-29 14:46:42,341] [94   ] [INFO ] [] - MetricsCollector::Sender(49): _disableSentMetrics 1
[2024-10-29 14:46:42,347] [94   ] [INFO ] [] - MetricsCollector::Initialize(231): Initialized metrics collector
- session id: b8d4a4bd-e4f9-4079-89d0-1073a56071c9
- device id: 4ca35884-a93a-48fc-ad16-80b2a90aa32e
- application id: Box Tools Win exe
- application name: BoxTools
- application version: 4.26.1.1109
- metric collection url: https://client-log.box.com/index.php?rm=box_gen204_json_record
- metric data path: C:\Users\pcedillo\AppData\Local\Box\Box Tools\Metrics\BoxTools_Metrics.db
- post callback: 04CA391E
- log callback: 04CA3B76
- context: 00000000
- post interval in seconds: 600
- max records in a post: 100
- max db records: 500
- disable sender: true
[2024-10-29 14:46:42,353] [94   ] [INFO ] [] - Shutting down the metrics collector
[2024-10-29 14:56:42,335] [14   ] [INFO ] [] - Initializing the metrics collector
[2024-10-29 14:56:42,335] [14   ] [INFO ] [] - MetricsCollector::Sender(49): _disableSentMetrics 1
[2024-10-29 14:56:42,335] [14   ] [INFO ] [] - MetricsCollector::Initialize(231): Initialized metrics collector
- session id: b8d4a4bd-e4f9-4079-89d0-1073a56071c9
- device id: 4ca35884-a93a-48fc-ad16-80b2a90aa32e
- application id: Box Tools Win exe
- application name: BoxTools
- application version: 4.26.1.1109
- metric collection url: https://client-log.box.com/index.php?rm=box_gen204_json_record
- metric data path: C:\Users\pcedillo\AppData\Local\Box\Box Tools\Metrics\BoxTools_Metrics.db
- post callback: 04CA391E
- log callback: 04CA3B76
- context: 00000000
- post interval in seconds: 600
- max records in a post: 100
- max db records: 500
- disable sender: true
[2024-10-29 14:56:42,352] [14   ] [INFO ] [] - Shutting down the metrics collector
[2024-10-29 15:06:42,340] [46   ] [INFO ] [] - Initializing the metrics collector
[2024-10-29 15:06:42,340] [46   ] [INFO ] [] - MetricsCollector::Sender(49): _disableSentMetrics 1
[2024-10-29 15:06:42,340] [46   ] [INFO ] [] - MetricsCollector::Initialize(231): Initialized metrics collector
- session id: b8d4a4bd-e4f9-4079-89d0-1073a56071c9
- device id: 4ca35884-a93a-48fc-ad16-80b2a90aa32e
- application id: Box Tools Win exe
- application name: BoxTools
- application version: 4.26.1.1109
- metric collection url: https://client-log.box.com/index.php?rm=box_gen204_json_record
- metric data path: C:\Users\pcedillo\AppData\Local\Box\Box Tools\Metrics\BoxTools_Metrics.db
- post callback: 04CA391E
- log callback: 04CA3B76
- context: 00000000
- post interval in seconds: 600
- max records in a post: 100
- max db records: 500
- disable sender: true
[2024-10-29 15:06:42,362] [46   ] [INFO ] [] - Shutting down the metrics collector
[2024-10-29 15:16:42,213] [18   ] [INFO ] [] - Initializing the metrics collector
[2024-10-29 15:16:42,225] [18   ] [INFO ] [] - MetricsCollector::Sender(49): _disableSentMetrics 1
[2024-10-29 15:16:42,225] [18   ] [INFO ] [] - MetricsCollector::Initialize(231): Initialized metrics collector
- session id: b8d4a4bd-e4f9-4079-89d0-1073a56071c9
- device id: 4ca35884-a93a-48fc-ad16-80b2a90aa32e
- application id: Box Tools Win exe
- application name: BoxTools
- application version: 4.26.1.1109
- metric collection url: https://client-log.box.com/index.php?rm=box_gen204_json_record
- metric data path: C:\Users\pcedillo\AppData\Local\Box\Box Tools\Metrics\BoxTools_Metrics.db
- post callback: 04CA391E
- log callback: 04CA3B76
- context: 00000000
- post interval in seconds: 600
- max records in a post: 100
- max db records: 500
- disable sender: true
[2024-10-29 15:16:42,229] [18   ] [INFO ] [] - Shutting down the metrics collector
[2024-10-29 15:26:42,192] [49   ] [INFO ] [] - Initializing the metrics collector
[2024-10-29 15:26:42,193] [49   ] [INFO ] [] - MetricsCollector::Sender(49): _disableSentMetrics 1
[2024-10-29 15:26:42,193] [49   ] [INFO ] [] - MetricsCollector::Initialize(231): Initialized metrics collector
- session id: b8d4a4bd-e4f9-4079-89d0-1073a56071c9
- device id: 4ca35884-a93a-48fc-ad16-80b2a90aa32e
- application id: Box Tools Win exe
- application name: BoxTools
- application version: 4.26.1.1109
- metric collection url: https://client-log.box.com/index.php?rm=box_gen204_json_record
- metric data path: C:\Users\pcedillo\AppData\Local\Box\Box Tools\Metrics\BoxTools_Metrics.db
- post callback: 04CA391E
- log callback: 04CA3B76
- context: 00000000
- post interval in seconds: 600
- max records in a post: 100
- max db records: 500
- disable sender: true
[2024-10-29 15:26:42,193] [49   ] [INFO ] [] - Shutting down the metrics collector
[2024-10-29 15:36:42,201] [95   ] [INFO ] [] - Initializing the metrics collector
[2024-10-29 15:36:42,201] [95   ] [INFO ] [] - MetricsCollector::Sender(49): _disableSentMetrics 1
[2024-10-29 15:36:42,210] [95   ] [INFO ] [] - MetricsCollector::Initialize(231): Initialized metrics collector
- session id: b8d4a4bd-e4f9-4079-89d0-1073a56071c9
- device id: 4ca35884-a93a-48fc-ad16-80b2a90aa32e
- application id: Box Tools Win exe
- application name: BoxTools
- application version: 4.26.1.1109
- metric collection url: https://client-log.box.com/index.php?rm=box_gen204_json_record
- metric data path: C:\Users\pcedillo\AppData\Local\Box\Box Tools\Metrics\BoxTools_Metrics.db
- post callback: 04CA391E
- log callback: 04CA3B76
- context: 00000000
- post interval in seconds: 600
- max records in a post: 100
- max db records: 500
- disable sender: true
[2024-10-29 15:36:42,217] [95   ] [INFO ] [] - Shutting down the metrics collector
[2024-10-29 15:46:42,207] [49   ] [INFO ] [] - Initializing the metrics collector
[2024-10-29 15:46:42,213] [49   ] [INFO ] [] - MetricsCollector::Sender(49): _disableSentMetrics 1
[2024-10-29 15:46:42,213] [49   ] [INFO ] [] - MetricsCollector::Initialize(231): Initialized metrics collector
- session id: b8d4a4bd-e4f9-4079-89d0-1073a56071c9
- device id: 4ca35884-a93a-48fc-ad16-80b2a90aa32e
- application id: Box Tools Win exe
- application name: BoxTools
- application version: 4.26.1.1109
- metric collection url: https://client-log.box.com/index.php?rm=box_gen204_json_record
- metric data path: C:\Users\pcedillo\AppData\Local\Box\Box Tools\Metrics\BoxTools_Metrics.db
- post callback: 04CA391E
- log callback: 04CA3B76
- context: 00000000
- post interval in seconds: 600
- max records in a post: 100
- max db records: 500
- disable sender: true
[2024-10-29 15:46:42,221] [49   ] [INFO ] [] - Shutting down the metrics collector
[2024-10-29 15:56:42,201] [46   ] [INFO ] [] - Initializing the metrics collector
[2024-10-29 15:56:42,204] [46   ] [INFO ] [] - MetricsCollector::Sender(49): _disableSentMetrics 1
[2024-10-29 15:56:42,204] [46   ] [INFO ] [] - MetricsCollector::Initialize(231): Initialized metrics collector
- session id: b8d4a4bd-e4f9-4079-89d0-1073a56071c9
- device id: 4ca35884-a93a-48fc-ad16-80b2a90aa32e
- application id: Box Tools Win exe
- application name: BoxTools
- application version: 4.26.1.1109
- metric collection url: https://client-log.box.com/index.php?rm=box_gen204_json_record
- metric data path: C:\Users\pcedillo\AppData\Local\Box\Box Tools\Metrics\BoxTools_Metrics.db
- post callback: 04CA391E
- log callback: 04CA3B76
- context: 00000000
- post interval in seconds: 600
- max records in a post: 100
- max db records: 500
- disable sender: true
[2024-10-29 15:56:42,218] [46   ] [INFO ] [] - Shutting down the metrics collector
[2024-10-29 16:06:42,031] [18   ] [INFO ] [] - Initializing the metrics collector
[2024-10-29 16:06:42,039] [18   ] [INFO ] [] - MetricsCollector::Sender(49): _disableSentMetrics 1
[2024-10-29 16:06:42,039] [18   ] [INFO ] [] - MetricsCollector::Initialize(231): Initialized metrics collector
- session id: b8d4a4bd-e4f9-4079-89d0-1073a56071c9
- device id: 4ca35884-a93a-48fc-ad16-80b2a90aa32e
- application id: Box Tools Win exe
- application name: BoxTools
- application version: 4.26.1.1109
- metric collection url: https://client-log.box.com/index.php?rm=box_gen204_json_record
- metric data path: C:\Users\pcedillo\AppData\Local\Box\Box Tools\Metrics\BoxTools_Metrics.db
- post callback: 04CA391E
- log callback: 04CA3B76
- context: 00000000
- post interval in seconds: 600
- max records in a post: 100
- max db records: 500
- disable sender: true
[2024-10-29 16:06:42,047] [18   ] [INFO ] [] - Shutting down the metrics collector
[2024-10-29 16:16:41,990] [14   ] [INFO ] [] - Initializing the metrics collector
[2024-10-29 16:16:41,993] [14   ] [INFO ] [] - MetricsCollector::Sender(49): _disableSentMetrics 1
[2024-10-29 16:16:41,993] [14   ] [INFO ] [] - MetricsCollector::Initialize(231): Initialized metrics collector
- session id: b8d4a4bd-e4f9-4079-89d0-1073a56071c9
- device id: 4ca35884-a93a-48fc-ad16-80b2a90aa32e
- application id: Box Tools Win exe
- application name: BoxTools
- application version: 4.26.1.1109
- metric collection url: https://client-log.box.com/index.php?rm=box_gen204_json_record
- metric data path: C:\Users\pcedillo\AppData\Local\Box\Box Tools\Metrics\BoxTools_Metrics.db
- post callback: 04CA391E
- log callback: 04CA3B76
- context: 00000000
- post interval in seconds: 600
- max records in a post: 100
- max db records: 500
- disable sender: true
[2024-10-29 16:16:41,993] [14   ] [INFO ] [] - Shutting down the metrics collector
[2024-10-29 16:26:41,972] [10   ] [INFO ] [] - Initializing the metrics collector
[2024-10-29 16:26:41,972] [10   ] [INFO ] [] - MetricsCollector::Sender(49): _disableSentMetrics 1
[2024-10-29 16:26:41,972] [10   ] [INFO ] [] - MetricsCollector::Initialize(231): Initialized metrics collector
- session id: b8d4a4bd-e4f9-4079-89d0-1073a56071c9
- device id: 4ca35884-a93a-48fc-ad16-80b2a90aa32e
- application id: Box Tools Win exe
- application name: BoxTools
- application version: 4.26.1.1109
- metric collection url: https://client-log.box.com/index.php?rm=box_gen204_json_record
- metric data path: C:\Users\pcedillo\AppData\Local\Box\Box Tools\Metrics\BoxTools_Metrics.db
- post callback: 04CA391E
- log callback: 04CA3B76
- context: 00000000
- post interval in seconds: 600
- max records in a post: 100
- max db records: 500
- disable sender: true
[2024-10-29 16:26:41,988] [10   ] [INFO ] [] - Shutting down the metrics collector
[2024-10-29 16:36:41,917] [94   ] [INFO ] [] - Initializing the metrics collector
[2024-10-29 16:36:41,918] [94   ] [INFO ] [] - MetricsCollector::Sender(49): _disableSentMetrics 1
[2024-10-29 16:36:41,918] [94   ] [INFO ] [] - MetricsCollector::Initialize(231): Initialized metrics collector
- session id: b8d4a4bd-e4f9-4079-89d0-1073a56071c9
- device id: 4ca35884-a93a-48fc-ad16-80b2a90aa32e
- application id: Box Tools Win exe
- application name: BoxTools
- application version: 4.26.1.1109
- metric collection url: https://client-log.box.com/index.php?rm=box_gen204_json_record
- metric data path: C:\Users\pcedillo\AppData\Local\Box\Box Tools\Metrics\BoxTools_Metrics.db
- post callback: 04CA391E
- log callback: 04CA3B76
- context: 00000000
- post interval in seconds: 600
- max records in a post: 100
- max db records: 500
- disable sender: true
[2024-10-29 16:36:41,934] [94   ] [INFO ] [] - Shutting down the metrics collector
[2024-10-29 16:46:41,854] [93   ] [INFO ] [] - Initializing the metrics collector
[2024-10-29 16:46:41,859] [93   ] [INFO ] [] - MetricsCollector::Sender(49): _disableSentMetrics 1
[2024-10-29 16:46:41,859] [93   ] [INFO ] [] - MetricsCollector::Initialize(231): Initialized metrics collector
- session id: b8d4a4bd-e4f9-4079-89d0-1073a56071c9
- device id: 4ca35884-a93a-48fc-ad16-80b2a90aa32e
- application id: Box Tools Win exe
- application name: BoxTools
- application version: 4.26.1.1109
- metric collection url: https://client-log.box.com/index.php?rm=box_gen204_json_record
- metric data path: C:\Users\pcedillo\AppData\Local\Box\Box Tools\Metrics\BoxTools_Metrics.db
- post callback: 04CA391E
- log callback: 04CA3B76
- context: 00000000
- post interval in seconds: 600
- max records in a post: 100
- max db records: 500
- disable sender: true
[2024-10-29 16:46:41,870] [93   ] [INFO ] [] - Shutting down the metrics collector
[2024-10-29 16:56:41,806] [34   ] [INFO ] [] - Initializing the metrics collector
[2024-10-29 16:56:41,807] [34   ] [INFO ] [] - MetricsCollector::Sender(49): _disableSentMetrics 1
[2024-10-29 16:56:41,807] [34   ] [INFO ] [] - MetricsCollector::Initialize(231): Initialized metrics collector
- session id: b8d4a4bd-e4f9-4079-89d0-1073a56071c9
- device id: 4ca35884-a93a-48fc-ad16-80b2a90aa32e
- application id: Box Tools Win exe
- application name: BoxTools
- application version: 4.26.1.1109
- metric collection url: https://client-log.box.com/index.php?rm=box_gen204_json_record
- metric data path: C:\Users\pcedillo\AppData\Local\Box\Box Tools\Metrics\BoxTools_Metrics.db
- post callback: 04CA391E
- log callback: 04CA3B76
- context: 00000000
- post interval in seconds: 600
- max records in a post: 100
- max db records: 500
- disable sender: true
[2024-10-29 16:56:41,807] [34   ] [INFO ] [] - Shutting down the metrics collector
[2024-10-29 17:06:41,781] [100  ] [INFO ] [] - Initializing the metrics collector
[2024-10-29 17:06:41,781] [100  ] [INFO ] [] - MetricsCollector::Sender(49): _disableSentMetrics 1
[2024-10-29 17:06:41,795] [100  ] [INFO ] [] - MetricsCollector::Initialize(231): Initialized metrics collector
- session id: b8d4a4bd-e4f9-4079-89d0-1073a56071c9
- device id: 4ca35884-a93a-48fc-ad16-80b2a90aa32e
- application id: Box Tools Win exe
- application name: BoxTools
- application version: 4.26.1.1109
- metric collection url: https://client-log.box.com/index.php?rm=box_gen204_json_record
- metric data path: C:\Users\pcedillo\AppData\Local\Box\Box Tools\Metrics\BoxTools_Metrics.db
- post callback: 04CA391E
- log callback: 04CA3B76
- context: 00000000
- post interval in seconds: 600
- max records in a post: 100
- max db records: 500
- disable sender: true
[2024-10-29 17:06:41,797] [100  ] [INFO ] [] - Shutting down the metrics collector
[2024-10-29 17:16:41,782] [93   ] [INFO ] [] - Initializing the metrics collector
[2024-10-29 17:16:41,782] [93   ] [INFO ] [] - MetricsCollector::Sender(49): _disableSentMetrics 1
[2024-10-29 17:16:41,782] [93   ] [INFO ] [] - MetricsCollector::Initialize(231): Initialized metrics collector
- session id: b8d4a4bd-e4f9-4079-89d0-1073a56071c9
- device id: 4ca35884-a93a-48fc-ad16-80b2a90aa32e
- application id: Box Tools Win exe
- application name: BoxTools
- application version: 4.26.1.1109
- metric collection url: https://client-log.box.com/index.php?rm=box_gen204_json_record
- metric data path: C:\Users\pcedillo\AppData\Local\Box\Box Tools\Metrics\BoxTools_Metrics.db
- post callback: 04CA391E
- log callback: 04CA3B76
- context: 00000000
- post interval in seconds: 600
- max records in a post: 100
- max db records: 500
- disable sender: true
[2024-10-29 17:16:41,782] [93   ] [INFO ] [] - Shutting down the metrics collector
[2024-10-29 17:29:09,212] [32   ] [INFO ] [] - Initializing the metrics collector
[2024-10-29 17:29:09,229] [32   ] [INFO ] [] - MetricsCollector::Sender(49): _disableSentMetrics 1
[2024-10-29 17:29:09,229] [32   ] [INFO ] [] - MetricsCollector::Initialize(231): Initialized metrics collector
- session id: b8d4a4bd-e4f9-4079-89d0-1073a56071c9
- device id: 4ca35884-a93a-48fc-ad16-80b2a90aa32e
- application id: Box Tools Win exe
- application name: BoxTools
- application version: 4.26.1.1109
- metric collection url: https://client-log.box.com/index.php?rm=box_gen204_json_record
- metric data path: C:\Users\pcedillo\AppData\Local\Box\Box Tools\Metrics\BoxTools_Metrics.db
- post callback: 04CA391E
- log callback: 04CA3B76
- context: 00000000
- post interval in seconds: 600
- max records in a post: 100
- max db records: 500
- disable sender: true
[2024-10-29 17:29:09,244] [32   ] [INFO ] [] - Shutting down the metrics collector
