[2025-05-06 08:00:58,235] [57   ] [INFO ] [] - Initializing the metrics collector
[2025-05-06 08:00:58,300] [57   ] [INFO ] [] - MetricsCollector::Sender(49): _disableSentMetrics 1
[2025-05-06 08:00:58,302] [57   ] [INFO ] [] - MetricsCollector::Initialize(231): Initialized metrics collector
- session id: d24a9342-5ca6-49b8-b791-21820418c456
- device id: 4ca35884-a93a-48fc-ad16-80b2a90aa32e
- application id: Box Tools Win exe
- application name: BoxTools
- application version: 4.28.1.1163
- metric collection url: https://client-log.box.com/index.php?rm=box_gen204_json_record
- metric data path: C:\Users\pcedillo\AppData\Local\Box\Box Tools\Metrics\BoxTools_Metrics_EFD61745.db
- post callback: 05945A26
- log callback: 05945A9E
- context: 00000000
- post interval in seconds: 600
- max records in a post: 100
- max db records: 500
- disable sender: true
[2025-05-06 08:00:58,348] [57   ] [INFO ] [] - Shutting down the metrics collector
[2025-05-06 08:10:59,565] [58   ] [INFO ] [] - Initializing the metrics collector
[2025-05-06 08:10:59,592] [58   ] [INFO ] [] - MetricsCollector::Sender(49): _disableSentMetrics 1
[2025-05-06 08:10:59,594] [58   ] [INFO ] [] - MetricsCollector::Initialize(231): Initialized metrics collector
- session id: d24a9342-5ca6-49b8-b791-21820418c456
- device id: 4ca35884-a93a-48fc-ad16-80b2a90aa32e
- application id: Box Tools Win exe
- application name: BoxTools
- application version: 4.28.1.1163
- metric collection url: https://client-log.box.com/index.php?rm=box_gen204_json_record
- metric data path: C:\Users\pcedillo\AppData\Local\Box\Box Tools\Metrics\BoxTools_Metrics_EFD61745.db
- post callback: 05945A26
- log callback: 05945A9E
- context: 00000000
- post interval in seconds: 600
- max records in a post: 100
- max db records: 500
- disable sender: true
[2025-05-06 08:10:59,626] [58   ] [INFO ] [] - Shutting down the metrics collector
[2025-05-06 08:20:59,535] [59   ] [INFO ] [] - Initializing the metrics collector
[2025-05-06 08:20:59,551] [59   ] [INFO ] [] - MetricsCollector::Sender(49): _disableSentMetrics 1
[2025-05-06 08:20:59,551] [59   ] [INFO ] [] - MetricsCollector::Initialize(231): Initialized metrics collector
- session id: d24a9342-5ca6-49b8-b791-21820418c456
- device id: 4ca35884-a93a-48fc-ad16-80b2a90aa32e
- application id: Box Tools Win exe
- application name: BoxTools
- application version: 4.28.1.1163
- metric collection url: https://client-log.box.com/index.php?rm=box_gen204_json_record
- metric data path: C:\Users\pcedillo\AppData\Local\Box\Box Tools\Metrics\BoxTools_Metrics_EFD61745.db
- post callback: 05945A26
- log callback: 05945A9E
- context: 00000000
- post interval in seconds: 600
- max records in a post: 100
- max db records: 500
- disable sender: true
[2025-05-06 08:20:59,578] [59   ] [INFO ] [] - Shutting down the metrics collector
[2025-05-06 08:30:59,535] [60   ] [INFO ] [] - Initializing the metrics collector
[2025-05-06 08:30:59,551] [60   ] [INFO ] [] - MetricsCollector::Sender(49): _disableSentMetrics 1
[2025-05-06 08:30:59,551] [60   ] [INFO ] [] - MetricsCollector::Initialize(231): Initialized metrics collector
- session id: d24a9342-5ca6-49b8-b791-21820418c456
- device id: 4ca35884-a93a-48fc-ad16-80b2a90aa32e
- application id: Box Tools Win exe
- application name: BoxTools
- application version: 4.28.1.1163
- metric collection url: https://client-log.box.com/index.php?rm=box_gen204_json_record
- metric data path: C:\Users\pcedillo\AppData\Local\Box\Box Tools\Metrics\BoxTools_Metrics_EFD61745.db
- post callback: 05945A26
- log callback: 05945A9E
- context: 00000000
- post interval in seconds: 600
- max records in a post: 100
- max db records: 500
- disable sender: true
[2025-05-06 08:30:59,568] [60   ] [INFO ] [] - Shutting down the metrics collector
[2025-05-06 08:40:59,486] [61   ] [INFO ] [] - Initializing the metrics collector
[2025-05-06 08:40:59,502] [61   ] [INFO ] [] - MetricsCollector::Sender(49): _disableSentMetrics 1
[2025-05-06 08:40:59,502] [61   ] [INFO ] [] - MetricsCollector::Initialize(231): Initialized metrics collector
- session id: d24a9342-5ca6-49b8-b791-21820418c456
- device id: 4ca35884-a93a-48fc-ad16-80b2a90aa32e
- application id: Box Tools Win exe
- application name: BoxTools
- application version: 4.28.1.1163
- metric collection url: https://client-log.box.com/index.php?rm=box_gen204_json_record
- metric data path: C:\Users\pcedillo\AppData\Local\Box\Box Tools\Metrics\BoxTools_Metrics_EFD61745.db
- post callback: 05945A26
- log callback: 05945A9E
- context: 00000000
- post interval in seconds: 600
- max records in a post: 100
- max db records: 500
- disable sender: true
[2025-05-06 08:40:59,518] [61   ] [INFO ] [] - Shutting down the metrics collector
[2025-05-06 08:50:59,491] [63   ] [INFO ] [] - Initializing the metrics collector
[2025-05-06 08:50:59,506] [63   ] [INFO ] [] - MetricsCollector::Sender(49): _disableSentMetrics 1
[2025-05-06 08:50:59,506] [63   ] [INFO ] [] - MetricsCollector::Initialize(231): Initialized metrics collector
- session id: d24a9342-5ca6-49b8-b791-21820418c456
- device id: 4ca35884-a93a-48fc-ad16-80b2a90aa32e
- application id: Box Tools Win exe
- application name: BoxTools
- application version: 4.28.1.1163
- metric collection url: https://client-log.box.com/index.php?rm=box_gen204_json_record
- metric data path: C:\Users\pcedillo\AppData\Local\Box\Box Tools\Metrics\BoxTools_Metrics_EFD61745.db
- post callback: 05945A26
- log callback: 05945A9E
- context: 00000000
- post interval in seconds: 600
- max records in a post: 100
- max db records: 500
- disable sender: true
[2025-05-06 08:50:59,527] [63   ] [INFO ] [] - Shutting down the metrics collector
[2025-05-06 09:00:59,464] [62   ] [INFO ] [] - Initializing the metrics collector
[2025-05-06 09:00:59,481] [62   ] [INFO ] [] - MetricsCollector::Sender(49): _disableSentMetrics 1
[2025-05-06 09:00:59,481] [62   ] [INFO ] [] - MetricsCollector::Initialize(231): Initialized metrics collector
- session id: d24a9342-5ca6-49b8-b791-21820418c456
- device id: 4ca35884-a93a-48fc-ad16-80b2a90aa32e
- application id: Box Tools Win exe
- application name: BoxTools
- application version: 4.28.1.1163
- metric collection url: https://client-log.box.com/index.php?rm=box_gen204_json_record
- metric data path: C:\Users\pcedillo\AppData\Local\Box\Box Tools\Metrics\BoxTools_Metrics_EFD61745.db
- post callback: 05945A26
- log callback: 05945A9E
- context: 00000000
- post interval in seconds: 600
- max records in a post: 100
- max db records: 500
- disable sender: true
[2025-05-06 09:00:59,502] [62   ] [INFO ] [] - Shutting down the metrics collector
[2025-05-06 09:10:59,456] [65   ] [INFO ] [] - Initializing the metrics collector
[2025-05-06 09:10:59,472] [65   ] [INFO ] [] - MetricsCollector::Sender(49): _disableSentMetrics 1
[2025-05-06 09:10:59,472] [65   ] [INFO ] [] - MetricsCollector::Initialize(231): Initialized metrics collector
- session id: d24a9342-5ca6-49b8-b791-21820418c456
- device id: 4ca35884-a93a-48fc-ad16-80b2a90aa32e
- application id: Box Tools Win exe
- application name: BoxTools
- application version: 4.28.1.1163
- metric collection url: https://client-log.box.com/index.php?rm=box_gen204_json_record
- metric data path: C:\Users\pcedillo\AppData\Local\Box\Box Tools\Metrics\BoxTools_Metrics_EFD61745.db
- post callback: 05945A26
- log callback: 05945A9E
- context: 00000000
- post interval in seconds: 600
- max records in a post: 100
- max db records: 500
- disable sender: true
[2025-05-06 09:10:59,488] [65   ] [INFO ] [] - Shutting down the metrics collector
[2025-05-06 09:20:59,425] [64   ] [INFO ] [] - Initializing the metrics collector
[2025-05-06 09:20:59,441] [64   ] [INFO ] [] - MetricsCollector::Sender(49): _disableSentMetrics 1
[2025-05-06 09:20:59,441] [64   ] [INFO ] [] - MetricsCollector::Initialize(231): Initialized metrics collector
- session id: d24a9342-5ca6-49b8-b791-21820418c456
- device id: 4ca35884-a93a-48fc-ad16-80b2a90aa32e
- application id: Box Tools Win exe
- application name: BoxTools
- application version: 4.28.1.1163
- metric collection url: https://client-log.box.com/index.php?rm=box_gen204_json_record
- metric data path: C:\Users\pcedillo\AppData\Local\Box\Box Tools\Metrics\BoxTools_Metrics_EFD61745.db
- post callback: 05945A26
- log callback: 05945A9E
- context: 00000000
- post interval in seconds: 600
- max records in a post: 100
- max db records: 500
- disable sender: true
[2025-05-06 09:20:59,463] [64   ] [INFO ] [] - Shutting down the metrics collector
[2025-05-06 09:30:59,409] [66   ] [INFO ] [] - Initializing the metrics collector
[2025-05-06 09:30:59,429] [66   ] [INFO ] [] - MetricsCollector::Sender(49): _disableSentMetrics 1
[2025-05-06 09:30:59,431] [66   ] [INFO ] [] - MetricsCollector::Initialize(231): Initialized metrics collector
- session id: d24a9342-5ca6-49b8-b791-21820418c456
- device id: 4ca35884-a93a-48fc-ad16-80b2a90aa32e
- application id: Box Tools Win exe
- application name: BoxTools
- application version: 4.28.1.1163
- metric collection url: https://client-log.box.com/index.php?rm=box_gen204_json_record
- metric data path: C:\Users\pcedillo\AppData\Local\Box\Box Tools\Metrics\BoxTools_Metrics_EFD61745.db
- post callback: 05945A26
- log callback: 05945A9E
- context: 00000000
- post interval in seconds: 600
- max records in a post: 100
- max db records: 500
- disable sender: true
[2025-05-06 09:30:59,441] [66   ] [INFO ] [] - Shutting down the metrics collector
[2025-05-06 09:40:59,418] [67   ] [INFO ] [] - Initializing the metrics collector
[2025-05-06 09:40:59,438] [67   ] [INFO ] [] - MetricsCollector::Sender(49): _disableSentMetrics 1
[2025-05-06 09:40:59,438] [67   ] [INFO ] [] - MetricsCollector::Initialize(231): Initialized metrics collector
- session id: d24a9342-5ca6-49b8-b791-21820418c456
- device id: 4ca35884-a93a-48fc-ad16-80b2a90aa32e
- application id: Box Tools Win exe
- application name: BoxTools
- application version: 4.28.1.1163
- metric collection url: https://client-log.box.com/index.php?rm=box_gen204_json_record
- metric data path: C:\Users\pcedillo\AppData\Local\Box\Box Tools\Metrics\BoxTools_Metrics_EFD61745.db
- post callback: 05945A26
- log callback: 05945A9E
- context: 00000000
- post interval in seconds: 600
- max records in a post: 100
- max db records: 500
- disable sender: true
[2025-05-06 09:40:59,452] [67   ] [INFO ] [] - Shutting down the metrics collector
[2025-05-06 09:56:46,181] [78   ] [INFO ] [] - Initializing the metrics collector
[2025-05-06 09:56:46,196] [78   ] [INFO ] [] - MetricsCollector::Sender(49): _disableSentMetrics 1
[2025-05-06 09:56:46,196] [78   ] [INFO ] [] - MetricsCollector::Initialize(231): Initialized metrics collector
- session id: d24a9342-5ca6-49b8-b791-21820418c456
- device id: 4ca35884-a93a-48fc-ad16-80b2a90aa32e
- application id: Box Tools Win exe
- application name: BoxTools
- application version: 4.28.1.1163
- metric collection url: https://client-log.box.com/index.php?rm=box_gen204_json_record
- metric data path: C:\Users\pcedillo\AppData\Local\Box\Box Tools\Metrics\BoxTools_Metrics_EFD61745.db
- post callback: 05945A26
- log callback: 05945A9E
- context: 00000000
- post interval in seconds: 600
- max records in a post: 100
- max db records: 500
- disable sender: true
[2025-05-06 09:56:46,220] [78   ] [INFO ] [] - Shutting down the metrics collector
[2025-05-06 10:08:25,684] [79   ] [INFO ] [] - Initializing the metrics collector
[2025-05-06 10:08:25,684] [79   ] [INFO ] [] - MetricsCollector::Sender(49): _disableSentMetrics 1
[2025-05-06 10:08:25,700] [79   ] [INFO ] [] - MetricsCollector::Initialize(231): Initialized metrics collector
- session id: d24a9342-5ca6-49b8-b791-21820418c456
- device id: 4ca35884-a93a-48fc-ad16-80b2a90aa32e
- application id: Box Tools Win exe
- application name: BoxTools
- application version: 4.28.1.1163
- metric collection url: https://client-log.box.com/index.php?rm=box_gen204_json_record
- metric data path: C:\Users\pcedillo\AppData\Local\Box\Box Tools\Metrics\BoxTools_Metrics_EFD61745.db
- post callback: 05945A26
- log callback: 05945A9E
- context: 00000000
- post interval in seconds: 600
- max records in a post: 100
- max db records: 500
- disable sender: true
[2025-05-06 10:08:25,716] [79   ] [INFO ] [] - Shutting down the metrics collector
[2025-05-06 10:18:25,699] [80   ] [INFO ] [] - Initializing the metrics collector
[2025-05-06 10:18:25,718] [80   ] [INFO ] [] - MetricsCollector::Sender(49): _disableSentMetrics 1
[2025-05-06 10:18:25,718] [80   ] [INFO ] [] - MetricsCollector::Initialize(231): Initialized metrics collector
- session id: d24a9342-5ca6-49b8-b791-21820418c456
- device id: 4ca35884-a93a-48fc-ad16-80b2a90aa32e
- application id: Box Tools Win exe
- application name: BoxTools
- application version: 4.28.1.1163
- metric collection url: https://client-log.box.com/index.php?rm=box_gen204_json_record
- metric data path: C:\Users\pcedillo\AppData\Local\Box\Box Tools\Metrics\BoxTools_Metrics_EFD61745.db
- post callback: 05945A26
- log callback: 05945A9E
- context: 00000000
- post interval in seconds: 600
- max records in a post: 100
- max db records: 500
- disable sender: true
[2025-05-06 10:18:25,730] [80   ] [INFO ] [] - Shutting down the metrics collector
[2025-05-06 10:37:30,337] [81   ] [INFO ] [] - Initializing the metrics collector
[2025-05-06 10:37:30,360] [81   ] [INFO ] [] - MetricsCollector::Sender(49): _disableSentMetrics 1
[2025-05-06 10:37:30,360] [81   ] [INFO ] [] - MetricsCollector::Initialize(231): Initialized metrics collector
- session id: d24a9342-5ca6-49b8-b791-21820418c456
- device id: 4ca35884-a93a-48fc-ad16-80b2a90aa32e
- application id: Box Tools Win exe
- application name: BoxTools
- application version: 4.28.1.1163
- metric collection url: https://client-log.box.com/index.php?rm=box_gen204_json_record
- metric data path: C:\Users\pcedillo\AppData\Local\Box\Box Tools\Metrics\BoxTools_Metrics_EFD61745.db
- post callback: 05945A26
- log callback: 05945A9E
- context: 00000000
- post interval in seconds: 600
- max records in a post: 100
- max db records: 500
- disable sender: true
[2025-05-06 10:37:30,381] [81   ] [INFO ] [] - Shutting down the metrics collector
[2025-05-06 10:54:03,141] [82   ] [INFO ] [] - Initializing the metrics collector
[2025-05-06 10:54:03,163] [82   ] [INFO ] [] - MetricsCollector::Sender(49): _disableSentMetrics 1
[2025-05-06 10:54:03,163] [82   ] [INFO ] [] - MetricsCollector::Initialize(231): Initialized metrics collector
- session id: d24a9342-5ca6-49b8-b791-21820418c456
- device id: 4ca35884-a93a-48fc-ad16-80b2a90aa32e
- application id: Box Tools Win exe
- application name: BoxTools
- application version: 4.28.1.1163
- metric collection url: https://client-log.box.com/index.php?rm=box_gen204_json_record
- metric data path: C:\Users\pcedillo\AppData\Local\Box\Box Tools\Metrics\BoxTools_Metrics_EFD61745.db
- post callback: 05945A26
- log callback: 05945A9E
- context: 00000000
- post interval in seconds: 600
- max records in a post: 100
- max db records: 500
- disable sender: true
[2025-05-06 10:54:03,180] [82   ] [INFO ] [] - Shutting down the metrics collector
[2025-05-06 11:04:03,001] [81   ] [INFO ] [] - Initializing the metrics collector
[2025-05-06 11:04:03,017] [81   ] [INFO ] [] - MetricsCollector::Sender(49): _disableSentMetrics 1
[2025-05-06 11:04:03,017] [81   ] [INFO ] [] - MetricsCollector::Initialize(231): Initialized metrics collector
- session id: d24a9342-5ca6-49b8-b791-21820418c456
- device id: 4ca35884-a93a-48fc-ad16-80b2a90aa32e
- application id: Box Tools Win exe
- application name: BoxTools
- application version: 4.28.1.1163
- metric collection url: https://client-log.box.com/index.php?rm=box_gen204_json_record
- metric data path: C:\Users\pcedillo\AppData\Local\Box\Box Tools\Metrics\BoxTools_Metrics_EFD61745.db
- post callback: 05945A26
- log callback: 05945A9E
- context: 00000000
- post interval in seconds: 600
- max records in a post: 100
- max db records: 500
- disable sender: true
[2025-05-06 11:04:03,049] [81   ] [INFO ] [] - Shutting down the metrics collector
[2025-05-06 11:05:02,654] [79   ] [INFO ] [] - Scheduling next upgrade check: Delay
[2025-05-06 11:05:02,663] [79   ] [INFO ] [] - Next autoupgrade timer will fire after: 1.00:00:00
[2025-05-06 11:05:02,663] [79   ] [INFO ] [] - Checking for upgrade
[2025-05-06 11:05:02,667] [79   ] [INFO ] [] - .NET Version - installed 533320, expected: 528040
[2025-05-06 11:05:02,668] [79   ] [INFO ] [] - result: True
[2025-05-06 11:05:02,668] [79   ] [INFO ] [] - Checking for upgrades
[2025-05-06 11:05:02,668] [79   ] [INFO ] [] - Url used to upgrade: https://cdn07.boxcdn.net/BoxEditAutoupdate2.json
[2025-05-06 11:05:03,206] [79   ] [INFO ] [] - ### current version track name: 4.28.1
[2025-05-06 11:05:03,206] [79   ] [INFO ] [] - No custom track name in registry
[2025-05-06 11:05:03,207] [79   ] [WARN ] [] - Track 4.28.1 not found
[2025-05-06 11:05:03,207] [79   ] [INFO ] [] - Track default for upgrade found
[2025-05-06 11:05:03,209] [79   ] [INFO ] [] - RolloutID set to 61
[2025-05-06 11:05:03,209] [79   ] [INFO ] [] - Not upgrading because RolloutID is not in range
[2025-05-06 11:05:03,210] [79   ] [INFO ] [] - Check for updates returned None
[2025-05-06 11:05:03,211] [79   ] [INFO ] [] - Scheduling next upgrade check: Reset
[2025-05-06 11:05:03,212] [79   ] [INFO ] [] - Next autoupgrade timer will fire after: 05:07:00
[2025-05-06 11:14:02,968] [78   ] [INFO ] [] - Initializing the metrics collector
[2025-05-06 11:14:02,985] [78   ] [INFO ] [] - MetricsCollector::Sender(49): _disableSentMetrics 1
[2025-05-06 11:14:02,985] [78   ] [INFO ] [] - MetricsCollector::Initialize(231): Initialized metrics collector
- session id: d24a9342-5ca6-49b8-b791-21820418c456
- device id: 4ca35884-a93a-48fc-ad16-80b2a90aa32e
- application id: Box Tools Win exe
- application name: BoxTools
- application version: 4.28.1.1163
- metric collection url: https://client-log.box.com/index.php?rm=box_gen204_json_record
- metric data path: C:\Users\pcedillo\AppData\Local\Box\Box Tools\Metrics\BoxTools_Metrics_EFD61745.db
- post callback: 05945A26
- log callback: 05945A9E
- context: 00000000
- post interval in seconds: 600
- max records in a post: 100
- max db records: 500
- disable sender: true
[2025-05-06 11:14:03,000] [78   ] [INFO ] [] - Shutting down the metrics collector
[2025-05-06 11:24:02,965] [67   ] [INFO ] [] - Initializing the metrics collector
[2025-05-06 11:24:02,983] [67   ] [INFO ] [] - MetricsCollector::Sender(49): _disableSentMetrics 1
[2025-05-06 11:24:02,983] [67   ] [INFO ] [] - MetricsCollector::Initialize(231): Initialized metrics collector
- session id: d24a9342-5ca6-49b8-b791-21820418c456
- device id: 4ca35884-a93a-48fc-ad16-80b2a90aa32e
- application id: Box Tools Win exe
- application name: BoxTools
- application version: 4.28.1.1163
- metric collection url: https://client-log.box.com/index.php?rm=box_gen204_json_record
- metric data path: C:\Users\pcedillo\AppData\Local\Box\Box Tools\Metrics\BoxTools_Metrics_EFD61745.db
- post callback: 05945A26
- log callback: 05945A9E
- context: 00000000
- post interval in seconds: 600
- max records in a post: 100
- max db records: 500
- disable sender: true
[2025-05-06 11:24:03,023] [67   ] [INFO ] [] - Shutting down the metrics collector
[2025-05-06 11:34:02,951] [64   ] [INFO ] [] - Initializing the metrics collector
[2025-05-06 11:34:02,965] [64   ] [INFO ] [] - MetricsCollector::Sender(49): _disableSentMetrics 1
[2025-05-06 11:34:02,965] [64   ] [INFO ] [] - MetricsCollector::Initialize(231): Initialized metrics collector
- session id: d24a9342-5ca6-49b8-b791-21820418c456
- device id: 4ca35884-a93a-48fc-ad16-80b2a90aa32e
- application id: Box Tools Win exe
- application name: BoxTools
- application version: 4.28.1.1163
- metric collection url: https://client-log.box.com/index.php?rm=box_gen204_json_record
- metric data path: C:\Users\pcedillo\AppData\Local\Box\Box Tools\Metrics\BoxTools_Metrics_EFD61745.db
- post callback: 05945A26
- log callback: 05945A9E
- context: 00000000
- post interval in seconds: 600
- max records in a post: 100
- max db records: 500
- disable sender: true
[2025-05-06 11:34:02,969] [64   ] [INFO ] [] - Shutting down the metrics collector
[2025-05-06 11:44:02,922] [66   ] [INFO ] [] - Initializing the metrics collector
[2025-05-06 11:44:02,944] [66   ] [INFO ] [] - MetricsCollector::Sender(49): _disableSentMetrics 1
[2025-05-06 11:44:02,946] [66   ] [INFO ] [] - MetricsCollector::Initialize(231): Initialized metrics collector
- session id: d24a9342-5ca6-49b8-b791-21820418c456
- device id: 4ca35884-a93a-48fc-ad16-80b2a90aa32e
- application id: Box Tools Win exe
- application name: BoxTools
- application version: 4.28.1.1163
- metric collection url: https://client-log.box.com/index.php?rm=box_gen204_json_record
- metric data path: C:\Users\pcedillo\AppData\Local\Box\Box Tools\Metrics\BoxTools_Metrics_EFD61745.db
- post callback: 05945A26
- log callback: 05945A9E
- context: 00000000
- post interval in seconds: 600
- max records in a post: 100
- max db records: 500
- disable sender: true
[2025-05-06 11:44:02,973] [66   ] [INFO ] [] - Shutting down the metrics collector
[2025-05-06 11:54:02,929] [65   ] [INFO ] [] - Initializing the metrics collector
[2025-05-06 11:54:02,937] [65   ] [INFO ] [] - MetricsCollector::Sender(49): _disableSentMetrics 1
[2025-05-06 11:54:02,937] [65   ] [INFO ] [] - MetricsCollector::Initialize(231): Initialized metrics collector
- session id: d24a9342-5ca6-49b8-b791-21820418c456
- device id: 4ca35884-a93a-48fc-ad16-80b2a90aa32e
- application id: Box Tools Win exe
- application name: BoxTools
- application version: 4.28.1.1163
- metric collection url: https://client-log.box.com/index.php?rm=box_gen204_json_record
- metric data path: C:\Users\pcedillo\AppData\Local\Box\Box Tools\Metrics\BoxTools_Metrics_EFD61745.db
- post callback: 05945A26
- log callback: 05945A9E
- context: 00000000
- post interval in seconds: 600
- max records in a post: 100
- max db records: 500
- disable sender: true
[2025-05-06 11:54:02,946] [65   ] [INFO ] [] - Shutting down the metrics collector
[2025-05-06 12:04:02,910] [62   ] [INFO ] [] - Initializing the metrics collector
[2025-05-06 12:04:02,919] [62   ] [INFO ] [] - MetricsCollector::Sender(49): _disableSentMetrics 1
[2025-05-06 12:04:02,920] [62   ] [INFO ] [] - MetricsCollector::Initialize(231): Initialized metrics collector
- session id: d24a9342-5ca6-49b8-b791-21820418c456
- device id: 4ca35884-a93a-48fc-ad16-80b2a90aa32e
- application id: Box Tools Win exe
- application name: BoxTools
- application version: 4.28.1.1163
- metric collection url: https://client-log.box.com/index.php?rm=box_gen204_json_record
- metric data path: C:\Users\pcedillo\AppData\Local\Box\Box Tools\Metrics\BoxTools_Metrics_EFD61745.db
- post callback: 05945A26
- log callback: 05945A9E
- context: 00000000
- post interval in seconds: 600
- max records in a post: 100
- max db records: 500
- disable sender: true
[2025-05-06 12:04:02,932] [62   ] [INFO ] [] - Shutting down the metrics collector
[2025-05-06 12:14:02,908] [61   ] [INFO ] [] - Initializing the metrics collector
[2025-05-06 12:14:02,908] [61   ] [INFO ] [] - MetricsCollector::Sender(49): _disableSentMetrics 1
[2025-05-06 12:14:02,908] [61   ] [INFO ] [] - MetricsCollector::Initialize(231): Initialized metrics collector
- session id: d24a9342-5ca6-49b8-b791-21820418c456
- device id: 4ca35884-a93a-48fc-ad16-80b2a90aa32e
- application id: Box Tools Win exe
- application name: BoxTools
- application version: 4.28.1.1163
- metric collection url: https://client-log.box.com/index.php?rm=box_gen204_json_record
- metric data path: C:\Users\pcedillo\AppData\Local\Box\Box Tools\Metrics\BoxTools_Metrics_EFD61745.db
- post callback: 05945A26
- log callback: 05945A9E
- context: 00000000
- post interval in seconds: 600
- max records in a post: 100
- max db records: 500
- disable sender: true
[2025-05-06 12:14:02,920] [61   ] [INFO ] [] - Shutting down the metrics collector
[2025-05-06 12:24:02,873] [62   ] [INFO ] [] - Initializing the metrics collector
[2025-05-06 12:24:02,874] [62   ] [INFO ] [] - MetricsCollector::Sender(49): _disableSentMetrics 1
[2025-05-06 12:24:02,889] [62   ] [INFO ] [] - MetricsCollector::Initialize(231): Initialized metrics collector
- session id: d24a9342-5ca6-49b8-b791-21820418c456
- device id: 4ca35884-a93a-48fc-ad16-80b2a90aa32e
- application id: Box Tools Win exe
- application name: BoxTools
- application version: 4.28.1.1163
- metric collection url: https://client-log.box.com/index.php?rm=box_gen204_json_record
- metric data path: C:\Users\pcedillo\AppData\Local\Box\Box Tools\Metrics\BoxTools_Metrics_EFD61745.db
- post callback: 05945A26
- log callback: 05945A9E
- context: 00000000
- post interval in seconds: 600
- max records in a post: 100
- max db records: 500
- disable sender: true
[2025-05-06 12:24:02,889] [62   ] [INFO ] [] - Shutting down the metrics collector
[2025-05-06 12:55:10,495] [65   ] [INFO ] [] - Initializing the metrics collector
[2025-05-06 12:55:10,511] [65   ] [INFO ] [] - MetricsCollector::Sender(49): _disableSentMetrics 1
[2025-05-06 12:55:10,511] [65   ] [INFO ] [] - MetricsCollector::Initialize(231): Initialized metrics collector
- session id: d24a9342-5ca6-49b8-b791-21820418c456
- device id: 4ca35884-a93a-48fc-ad16-80b2a90aa32e
- application id: Box Tools Win exe
- application name: BoxTools
- application version: 4.28.1.1163
- metric collection url: https://client-log.box.com/index.php?rm=box_gen204_json_record
- metric data path: C:\Users\pcedillo\AppData\Local\Box\Box Tools\Metrics\BoxTools_Metrics_EFD61745.db
- post callback: 05945A26
- log callback: 05945A9E
- context: 00000000
- post interval in seconds: 600
- max records in a post: 100
- max db records: 500
- disable sender: true
[2025-05-06 12:55:10,526] [65   ] [INFO ] [] - Shutting down the metrics collector
[2025-05-06 13:05:10,399] [66   ] [INFO ] [] - Initializing the metrics collector
[2025-05-06 13:05:10,423] [66   ] [INFO ] [] - MetricsCollector::Sender(49): _disableSentMetrics 1
[2025-05-06 13:05:10,424] [66   ] [INFO ] [] - MetricsCollector::Initialize(231): Initialized metrics collector
- session id: d24a9342-5ca6-49b8-b791-21820418c456
- device id: 4ca35884-a93a-48fc-ad16-80b2a90aa32e
- application id: Box Tools Win exe
- application name: BoxTools
- application version: 4.28.1.1163
- metric collection url: https://client-log.box.com/index.php?rm=box_gen204_json_record
- metric data path: C:\Users\pcedillo\AppData\Local\Box\Box Tools\Metrics\BoxTools_Metrics_EFD61745.db
- post callback: 05945A26
- log callback: 05945A9E
- context: 00000000
- post interval in seconds: 600
- max records in a post: 100
- max db records: 500
- disable sender: true
[2025-05-06 13:05:10,441] [66   ] [INFO ] [] - Shutting down the metrics collector
[2025-05-06 13:15:10,366] [64   ] [INFO ] [] - Initializing the metrics collector
[2025-05-06 13:15:10,382] [64   ] [INFO ] [] - MetricsCollector::Sender(49): _disableSentMetrics 1
[2025-05-06 13:15:10,382] [64   ] [INFO ] [] - MetricsCollector::Initialize(231): Initialized metrics collector
- session id: d24a9342-5ca6-49b8-b791-21820418c456
- device id: 4ca35884-a93a-48fc-ad16-80b2a90aa32e
- application id: Box Tools Win exe
- application name: BoxTools
- application version: 4.28.1.1163
- metric collection url: https://client-log.box.com/index.php?rm=box_gen204_json_record
- metric data path: C:\Users\pcedillo\AppData\Local\Box\Box Tools\Metrics\BoxTools_Metrics_EFD61745.db
- post callback: 05945A26
- log callback: 05945A9E
- context: 00000000
- post interval in seconds: 600
- max records in a post: 100
- max db records: 500
- disable sender: true
[2025-05-06 13:15:10,397] [64   ] [INFO ] [] - Shutting down the metrics collector
[2025-05-06 13:25:10,376] [67   ] [INFO ] [] - Initializing the metrics collector
[2025-05-06 13:25:10,393] [67   ] [INFO ] [] - MetricsCollector::Sender(49): _disableSentMetrics 1
[2025-05-06 13:25:10,393] [67   ] [INFO ] [] - MetricsCollector::Initialize(231): Initialized metrics collector
- session id: d24a9342-5ca6-49b8-b791-21820418c456
- device id: 4ca35884-a93a-48fc-ad16-80b2a90aa32e
- application id: Box Tools Win exe
- application name: BoxTools
- application version: 4.28.1.1163
- metric collection url: https://client-log.box.com/index.php?rm=box_gen204_json_record
- metric data path: C:\Users\pcedillo\AppData\Local\Box\Box Tools\Metrics\BoxTools_Metrics_EFD61745.db
- post callback: 05945A26
- log callback: 05945A9E
- context: 00000000
- post interval in seconds: 600
- max records in a post: 100
- max db records: 500
- disable sender: true
[2025-05-06 13:25:10,407] [67   ] [INFO ] [] - Shutting down the metrics collector
[2025-05-06 13:35:10,332] [63   ] [INFO ] [] - Initializing the metrics collector
[2025-05-06 13:35:10,352] [63   ] [INFO ] [] - MetricsCollector::Sender(49): _disableSentMetrics 1
[2025-05-06 13:35:10,352] [63   ] [INFO ] [] - MetricsCollector::Initialize(231): Initialized metrics collector
- session id: d24a9342-5ca6-49b8-b791-21820418c456
- device id: 4ca35884-a93a-48fc-ad16-80b2a90aa32e
- application id: Box Tools Win exe
- application name: BoxTools
- application version: 4.28.1.1163
- metric collection url: https://client-log.box.com/index.php?rm=box_gen204_json_record
- metric data path: C:\Users\pcedillo\AppData\Local\Box\Box Tools\Metrics\BoxTools_Metrics_EFD61745.db
- post callback: 05945A26
- log callback: 05945A9E
- context: 00000000
- post interval in seconds: 600
- max records in a post: 100
- max db records: 500
- disable sender: true
[2025-05-06 13:35:10,364] [63   ] [INFO ] [] - Shutting down the metrics collector
[2025-05-06 13:45:10,323] [59   ] [INFO ] [] - Initializing the metrics collector
[2025-05-06 13:45:10,332] [59   ] [INFO ] [] - MetricsCollector::Sender(49): _disableSentMetrics 1
[2025-05-06 13:45:10,332] [59   ] [INFO ] [] - MetricsCollector::Initialize(231): Initialized metrics collector
- session id: d24a9342-5ca6-49b8-b791-21820418c456
- device id: 4ca35884-a93a-48fc-ad16-80b2a90aa32e
- application id: Box Tools Win exe
- application name: BoxTools
- application version: 4.28.1.1163
- metric collection url: https://client-log.box.com/index.php?rm=box_gen204_json_record
- metric data path: C:\Users\pcedillo\AppData\Local\Box\Box Tools\Metrics\BoxTools_Metrics_EFD61745.db
- post callback: 05945A26
- log callback: 05945A9E
- context: 00000000
- post interval in seconds: 600
- max records in a post: 100
- max db records: 500
- disable sender: true
[2025-05-06 13:45:10,349] [59   ] [INFO ] [] - Shutting down the metrics collector
[2025-05-06 13:55:10,304] [60   ] [INFO ] [] - Initializing the metrics collector
[2025-05-06 13:55:10,320] [60   ] [INFO ] [] - MetricsCollector::Sender(49): _disableSentMetrics 1
[2025-05-06 13:55:10,320] [60   ] [INFO ] [] - MetricsCollector::Initialize(231): Initialized metrics collector
- session id: d24a9342-5ca6-49b8-b791-21820418c456
- device id: 4ca35884-a93a-48fc-ad16-80b2a90aa32e
- application id: Box Tools Win exe
- application name: BoxTools
- application version: 4.28.1.1163
- metric collection url: https://client-log.box.com/index.php?rm=box_gen204_json_record
- metric data path: C:\Users\pcedillo\AppData\Local\Box\Box Tools\Metrics\BoxTools_Metrics_EFD61745.db
- post callback: 05945A26
- log callback: 05945A9E
- context: 00000000
- post interval in seconds: 600
- max records in a post: 100
- max db records: 500
- disable sender: true
[2025-05-06 13:55:10,342] [60   ] [INFO ] [] - Shutting down the metrics collector
[2025-05-06 14:05:10,278] [58   ] [INFO ] [] - Initializing the metrics collector
[2025-05-06 14:05:10,295] [58   ] [INFO ] [] - MetricsCollector::Sender(49): _disableSentMetrics 1
[2025-05-06 14:05:10,297] [58   ] [INFO ] [] - MetricsCollector::Initialize(231): Initialized metrics collector
- session id: d24a9342-5ca6-49b8-b791-21820418c456
- device id: 4ca35884-a93a-48fc-ad16-80b2a90aa32e
- application id: Box Tools Win exe
- application name: BoxTools
- application version: 4.28.1.1163
- metric collection url: https://client-log.box.com/index.php?rm=box_gen204_json_record
- metric data path: C:\Users\pcedillo\AppData\Local\Box\Box Tools\Metrics\BoxTools_Metrics_EFD61745.db
- post callback: 05945A26
- log callback: 05945A9E
- context: 00000000
- post interval in seconds: 600
- max records in a post: 100
- max db records: 500
- disable sender: true
[2025-05-06 14:05:10,314] [58   ] [INFO ] [] - Shutting down the metrics collector
[2025-05-06 14:15:10,277] [58   ] [INFO ] [] - Initializing the metrics collector
[2025-05-06 14:15:10,289] [58   ] [INFO ] [] - MetricsCollector::Sender(49): _disableSentMetrics 1
[2025-05-06 14:15:10,291] [58   ] [INFO ] [] - MetricsCollector::Initialize(231): Initialized metrics collector
- session id: d24a9342-5ca6-49b8-b791-21820418c456
- device id: 4ca35884-a93a-48fc-ad16-80b2a90aa32e
- application id: Box Tools Win exe
- application name: BoxTools
- application version: 4.28.1.1163
- metric collection url: https://client-log.box.com/index.php?rm=box_gen204_json_record
- metric data path: C:\Users\pcedillo\AppData\Local\Box\Box Tools\Metrics\BoxTools_Metrics_EFD61745.db
- post callback: 05945A26
- log callback: 05945A9E
- context: 00000000
- post interval in seconds: 600
- max records in a post: 100
- max db records: 500
- disable sender: true
[2025-05-06 14:15:10,309] [58   ] [INFO ] [] - Shutting down the metrics collector
[2025-05-06 14:25:10,247] [60   ] [INFO ] [] - Initializing the metrics collector
[2025-05-06 14:25:10,262] [60   ] [INFO ] [] - MetricsCollector::Sender(49): _disableSentMetrics 1
[2025-05-06 14:25:10,262] [60   ] [INFO ] [] - MetricsCollector::Initialize(231): Initialized metrics collector
- session id: d24a9342-5ca6-49b8-b791-21820418c456
- device id: 4ca35884-a93a-48fc-ad16-80b2a90aa32e
- application id: Box Tools Win exe
- application name: BoxTools
- application version: 4.28.1.1163
- metric collection url: https://client-log.box.com/index.php?rm=box_gen204_json_record
- metric data path: C:\Users\pcedillo\AppData\Local\Box\Box Tools\Metrics\BoxTools_Metrics_EFD61745.db
- post callback: 05945A26
- log callback: 05945A9E
- context: 00000000
- post interval in seconds: 600
- max records in a post: 100
- max db records: 500
- disable sender: true
[2025-05-06 14:25:10,279] [60   ] [INFO ] [] - Shutting down the metrics collector
[2025-05-06 14:35:10,247] [59   ] [INFO ] [] - Initializing the metrics collector
[2025-05-06 14:35:10,263] [59   ] [INFO ] [] - MetricsCollector::Sender(49): _disableSentMetrics 1
[2025-05-06 14:35:10,263] [59   ] [INFO ] [] - MetricsCollector::Initialize(231): Initialized metrics collector
- session id: d24a9342-5ca6-49b8-b791-21820418c456
- device id: 4ca35884-a93a-48fc-ad16-80b2a90aa32e
- application id: Box Tools Win exe
- application name: BoxTools
- application version: 4.28.1.1163
- metric collection url: https://client-log.box.com/index.php?rm=box_gen204_json_record
- metric data path: C:\Users\pcedillo\AppData\Local\Box\Box Tools\Metrics\BoxTools_Metrics_EFD61745.db
- post callback: 05945A26
- log callback: 05945A9E
- context: 00000000
- post interval in seconds: 600
- max records in a post: 100
- max db records: 500
- disable sender: true
[2025-05-06 14:35:10,283] [59   ] [INFO ] [] - Shutting down the metrics collector
[2025-05-06 14:45:10,256] [63   ] [INFO ] [] - Initializing the metrics collector
[2025-05-06 14:45:10,267] [63   ] [INFO ] [] - MetricsCollector::Sender(49): _disableSentMetrics 1
[2025-05-06 14:45:10,267] [63   ] [INFO ] [] - MetricsCollector::Initialize(231): Initialized metrics collector
- session id: d24a9342-5ca6-49b8-b791-21820418c456
- device id: 4ca35884-a93a-48fc-ad16-80b2a90aa32e
- application id: Box Tools Win exe
- application name: BoxTools
- application version: 4.28.1.1163
- metric collection url: https://client-log.box.com/index.php?rm=box_gen204_json_record
- metric data path: C:\Users\pcedillo\AppData\Local\Box\Box Tools\Metrics\BoxTools_Metrics_EFD61745.db
- post callback: 05945A26
- log callback: 05945A9E
- context: 00000000
- post interval in seconds: 600
- max records in a post: 100
- max db records: 500
- disable sender: true
[2025-05-06 14:45:10,274] [63   ] [INFO ] [] - Shutting down the metrics collector
[2025-05-06 14:55:10,219] [67   ] [INFO ] [] - Initializing the metrics collector
[2025-05-06 14:55:10,237] [67   ] [INFO ] [] - MetricsCollector::Sender(49): _disableSentMetrics 1
[2025-05-06 14:55:10,242] [67   ] [INFO ] [] - MetricsCollector::Initialize(231): Initialized metrics collector
- session id: d24a9342-5ca6-49b8-b791-21820418c456
- device id: 4ca35884-a93a-48fc-ad16-80b2a90aa32e
- application id: Box Tools Win exe
- application name: BoxTools
- application version: 4.28.1.1163
- metric collection url: https://client-log.box.com/index.php?rm=box_gen204_json_record
- metric data path: C:\Users\pcedillo\AppData\Local\Box\Box Tools\Metrics\BoxTools_Metrics_EFD61745.db
- post callback: 05945A26
- log callback: 05945A9E
- context: 00000000
- post interval in seconds: 600
- max records in a post: 100
- max db records: 500
- disable sender: true
[2025-05-06 14:55:10,260] [67   ] [INFO ] [] - Shutting down the metrics collector
[2025-05-06 15:05:10,203] [64   ] [INFO ] [] - Initializing the metrics collector
[2025-05-06 15:05:10,223] [64   ] [INFO ] [] - MetricsCollector::Sender(49): _disableSentMetrics 1
[2025-05-06 15:05:10,223] [64   ] [INFO ] [] - MetricsCollector::Initialize(231): Initialized metrics collector
- session id: d24a9342-5ca6-49b8-b791-21820418c456
- device id: 4ca35884-a93a-48fc-ad16-80b2a90aa32e
- application id: Box Tools Win exe
- application name: BoxTools
- application version: 4.28.1.1163
- metric collection url: https://client-log.box.com/index.php?rm=box_gen204_json_record
- metric data path: C:\Users\pcedillo\AppData\Local\Box\Box Tools\Metrics\BoxTools_Metrics_EFD61745.db
- post callback: 05945A26
- log callback: 05945A9E
- context: 00000000
- post interval in seconds: 600
- max records in a post: 100
- max db records: 500
- disable sender: true
[2025-05-06 15:05:10,241] [64   ] [INFO ] [] - Shutting down the metrics collector
[2025-05-06 15:15:10,165] [66   ] [INFO ] [] - Initializing the metrics collector
[2025-05-06 15:15:10,185] [66   ] [INFO ] [] - MetricsCollector::Sender(49): _disableSentMetrics 1
[2025-05-06 15:15:10,187] [66   ] [INFO ] [] - MetricsCollector::Initialize(231): Initialized metrics collector
- session id: d24a9342-5ca6-49b8-b791-21820418c456
- device id: 4ca35884-a93a-48fc-ad16-80b2a90aa32e
- application id: Box Tools Win exe
- application name: BoxTools
- application version: 4.28.1.1163
- metric collection url: https://client-log.box.com/index.php?rm=box_gen204_json_record
- metric data path: C:\Users\pcedillo\AppData\Local\Box\Box Tools\Metrics\BoxTools_Metrics_EFD61745.db
- post callback: 05945A26
- log callback: 05945A9E
- context: 00000000
- post interval in seconds: 600
- max records in a post: 100
- max db records: 500
- disable sender: true
[2025-05-06 15:15:10,196] [66   ] [INFO ] [] - Shutting down the metrics collector
[2025-05-06 15:25:10,160] [65   ] [INFO ] [] - Initializing the metrics collector
[2025-05-06 15:25:10,181] [65   ] [INFO ] [] - MetricsCollector::Sender(49): _disableSentMetrics 1
[2025-05-06 15:25:10,183] [65   ] [INFO ] [] - MetricsCollector::Initialize(231): Initialized metrics collector
- session id: d24a9342-5ca6-49b8-b791-21820418c456
- device id: 4ca35884-a93a-48fc-ad16-80b2a90aa32e
- application id: Box Tools Win exe
- application name: BoxTools
- application version: 4.28.1.1163
- metric collection url: https://client-log.box.com/index.php?rm=box_gen204_json_record
- metric data path: C:\Users\pcedillo\AppData\Local\Box\Box Tools\Metrics\BoxTools_Metrics_EFD61745.db
- post callback: 05945A26
- log callback: 05945A9E
- context: 00000000
- post interval in seconds: 600
- max records in a post: 100
- max db records: 500
- disable sender: true
[2025-05-06 15:25:10,192] [65   ] [INFO ] [] - Shutting down the metrics collector
[2025-05-06 15:35:10,126] [62   ] [INFO ] [] - Initializing the metrics collector
[2025-05-06 15:35:10,141] [62   ] [INFO ] [] - MetricsCollector::Sender(49): _disableSentMetrics 1
[2025-05-06 15:35:10,141] [62   ] [INFO ] [] - MetricsCollector::Initialize(231): Initialized metrics collector
- session id: d24a9342-5ca6-49b8-b791-21820418c456
- device id: 4ca35884-a93a-48fc-ad16-80b2a90aa32e
- application id: Box Tools Win exe
- application name: BoxTools
- application version: 4.28.1.1163
- metric collection url: https://client-log.box.com/index.php?rm=box_gen204_json_record
- metric data path: C:\Users\pcedillo\AppData\Local\Box\Box Tools\Metrics\BoxTools_Metrics_EFD61745.db
- post callback: 05945A26
- log callback: 05945A9E
- context: 00000000
- post interval in seconds: 600
- max records in a post: 100
- max db records: 500
- disable sender: true
[2025-05-06 15:35:10,157] [62   ] [INFO ] [] - Shutting down the metrics collector
[2025-05-06 15:45:10,119] [61   ] [INFO ] [] - Initializing the metrics collector
[2025-05-06 15:45:10,124] [61   ] [INFO ] [] - MetricsCollector::Sender(49): _disableSentMetrics 1
[2025-05-06 15:45:10,124] [61   ] [INFO ] [] - MetricsCollector::Initialize(231): Initialized metrics collector
- session id: d24a9342-5ca6-49b8-b791-21820418c456
- device id: 4ca35884-a93a-48fc-ad16-80b2a90aa32e
- application id: Box Tools Win exe
- application name: BoxTools
- application version: 4.28.1.1163
- metric collection url: https://client-log.box.com/index.php?rm=box_gen204_json_record
- metric data path: C:\Users\pcedillo\AppData\Local\Box\Box Tools\Metrics\BoxTools_Metrics_EFD61745.db
- post callback: 05945A26
- log callback: 05945A9E
- context: 00000000
- post interval in seconds: 600
- max records in a post: 100
- max db records: 500
- disable sender: true
[2025-05-06 15:45:10,149] [61   ] [INFO ] [] - Shutting down the metrics collector
[2025-05-06 16:26:07,468] [57   ] [INFO ] [] - Initializing the metrics collector
[2025-05-06 16:26:07,468] [57   ] [INFO ] [] - MetricsCollector::Sender(49): _disableSentMetrics 1
[2025-05-06 16:26:07,484] [57   ] [INFO ] [] - MetricsCollector::Initialize(231): Initialized metrics collector
- session id: d24a9342-5ca6-49b8-b791-21820418c456
- device id: 4ca35884-a93a-48fc-ad16-80b2a90aa32e
- application id: Box Tools Win exe
- application name: BoxTools
- application version: 4.28.1.1163
- metric collection url: https://client-log.box.com/index.php?rm=box_gen204_json_record
- metric data path: C:\Users\pcedillo\AppData\Local\Box\Box Tools\Metrics\BoxTools_Metrics_EFD61745.db
- post callback: 05945A26
- log callback: 05945A9E
- context: 00000000
- post interval in seconds: 600
- max records in a post: 100
- max db records: 500
- disable sender: true
[2025-05-06 16:26:07,502] [57   ] [INFO ] [] - Shutting down the metrics collector
[2025-05-06 16:36:07,343] [46   ] [INFO ] [] - Initializing the metrics collector
[2025-05-06 16:36:07,360] [46   ] [INFO ] [] - MetricsCollector::Sender(49): _disableSentMetrics 1
[2025-05-06 16:36:07,360] [46   ] [INFO ] [] - MetricsCollector::Initialize(231): Initialized metrics collector
- session id: d24a9342-5ca6-49b8-b791-21820418c456
- device id: 4ca35884-a93a-48fc-ad16-80b2a90aa32e
- application id: Box Tools Win exe
- application name: BoxTools
- application version: 4.28.1.1163
- metric collection url: https://client-log.box.com/index.php?rm=box_gen204_json_record
- metric data path: C:\Users\pcedillo\AppData\Local\Box\Box Tools\Metrics\BoxTools_Metrics_EFD61745.db
- post callback: 05945A26
- log callback: 05945A9E
- context: 00000000
- post interval in seconds: 600
- max records in a post: 100
- max db records: 500
- disable sender: true
[2025-05-06 16:36:07,375] [46   ] [INFO ] [] - Shutting down the metrics collector
[2025-05-06 16:46:07,306] [44   ] [INFO ] [] - Initializing the metrics collector
[2025-05-06 16:46:07,326] [44   ] [INFO ] [] - MetricsCollector::Sender(49): _disableSentMetrics 1
[2025-05-06 16:46:07,326] [44   ] [INFO ] [] - MetricsCollector::Initialize(231): Initialized metrics collector
- session id: d24a9342-5ca6-49b8-b791-21820418c456
- device id: 4ca35884-a93a-48fc-ad16-80b2a90aa32e
- application id: Box Tools Win exe
- application name: BoxTools
- application version: 4.28.1.1163
- metric collection url: https://client-log.box.com/index.php?rm=box_gen204_json_record
- metric data path: C:\Users\pcedillo\AppData\Local\Box\Box Tools\Metrics\BoxTools_Metrics_EFD61745.db
- post callback: 05945A26
- log callback: 05945A9E
- context: 00000000
- post interval in seconds: 600
- max records in a post: 100
- max db records: 500
- disable sender: true
[2025-05-06 16:46:07,338] [44   ] [INFO ] [] - Shutting down the metrics collector
[2025-05-06 16:56:07,317] [45   ] [INFO ] [] - Initializing the metrics collector
[2025-05-06 16:56:07,333] [45   ] [INFO ] [] - MetricsCollector::Sender(49): _disableSentMetrics 1
[2025-05-06 16:56:07,333] [45   ] [INFO ] [] - MetricsCollector::Initialize(231): Initialized metrics collector
- session id: d24a9342-5ca6-49b8-b791-21820418c456
- device id: 4ca35884-a93a-48fc-ad16-80b2a90aa32e
- application id: Box Tools Win exe
- application name: BoxTools
- application version: 4.28.1.1163
- metric collection url: https://client-log.box.com/index.php?rm=box_gen204_json_record
- metric data path: C:\Users\pcedillo\AppData\Local\Box\Box Tools\Metrics\BoxTools_Metrics_EFD61745.db
- post callback: 05945A26
- log callback: 05945A9E
- context: 00000000
- post interval in seconds: 600
- max records in a post: 100
- max db records: 500
- disable sender: true
[2025-05-06 16:56:07,351] [45   ] [INFO ] [] - Shutting down the metrics collector
[2025-05-06 19:05:03,272] [45   ] [INFO ] [] - Scheduling next upgrade check: Delay
[2025-05-06 19:05:03,307] [45   ] [INFO ] [] - Next autoupgrade timer will fire after: 1.00:00:00
[2025-05-06 19:05:03,335] [45   ] [INFO ] [] - Checking for upgrade
[2025-05-06 19:05:03,549] [45   ] [INFO ] [] - .NET Version - installed 533320, expected: 528040
[2025-05-06 19:05:03,600] [45   ] [INFO ] [] - result: True
[2025-05-06 19:05:03,732] [45   ] [INFO ] [] - Checking for upgrades
[2025-05-06 19:05:03,793] [45   ] [INFO ] [] - Url used to upgrade: https://cdn07.boxcdn.net/BoxEditAutoupdate2.json
[2025-05-06 19:05:48,167] [45   ] [INFO ] [] - ### current version track name: 4.28.1
[2025-05-06 19:05:48,170] [45   ] [INFO ] [] - No custom track name in registry
[2025-05-06 19:05:48,173] [45   ] [WARN ] [] - Track 4.28.1 not found
[2025-05-06 19:05:48,178] [45   ] [INFO ] [] - Track default for upgrade found
[2025-05-06 19:05:48,181] [45   ] [INFO ] [] - RolloutID set to 61
[2025-05-06 19:05:48,183] [45   ] [INFO ] [] - Not upgrading because RolloutID is not in range
[2025-05-06 19:05:48,186] [45   ] [INFO ] [] - Check for updates returned None
[2025-05-06 19:05:48,188] [45   ] [INFO ] [] - Scheduling next upgrade check: Reset
[2025-05-06 19:05:48,190] [45   ] [INFO ] [] - Next autoupgrade timer will fire after: 05:21:00
[2025-05-06 19:07:03,388] [46   ] [INFO ] [] - Initializing the metrics collector
[2025-05-06 19:07:03,442] [46   ] [INFO ] [] - MetricsCollector::Sender(49): _disableSentMetrics 1
[2025-05-06 19:07:03,449] [46   ] [INFO ] [] - MetricsCollector::Initialize(231): Initialized metrics collector
- session id: d24a9342-5ca6-49b8-b791-21820418c456
- device id: 4ca35884-a93a-48fc-ad16-80b2a90aa32e
- application id: Box Tools Win exe
- application name: BoxTools
- application version: 4.28.1.1163
- metric collection url: https://client-log.box.com/index.php?rm=box_gen204_json_record
- metric data path: C:\Users\pcedillo\AppData\Local\Box\Box Tools\Metrics\BoxTools_Metrics_EFD61745.db
- post callback: 05945A26
- log callback: 05945A9E
- context: 00000000
- post interval in seconds: 600
- max records in a post: 100
- max db records: 500
- disable sender: true
[2025-05-06 19:07:03,546] [46   ] [INFO ] [] - Shutting down the metrics collector
[2025-05-06 19:17:03,431] [61   ] [INFO ] [] - Initializing the metrics collector
[2025-05-06 19:17:03,448] [61   ] [INFO ] [] - MetricsCollector::Sender(49): _disableSentMetrics 1
[2025-05-06 19:17:03,450] [61   ] [INFO ] [] - MetricsCollector::Initialize(231): Initialized metrics collector
- session id: d24a9342-5ca6-49b8-b791-21820418c456
- device id: 4ca35884-a93a-48fc-ad16-80b2a90aa32e
- application id: Box Tools Win exe
- application name: BoxTools
- application version: 4.28.1.1163
- metric collection url: https://client-log.box.com/index.php?rm=box_gen204_json_record
- metric data path: C:\Users\pcedillo\AppData\Local\Box\Box Tools\Metrics\BoxTools_Metrics_EFD61745.db
- post callback: 05945A26
- log callback: 05945A9E
- context: 00000000
- post interval in seconds: 600
- max records in a post: 100
- max db records: 500
- disable sender: true
[2025-05-06 19:17:03,479] [61   ] [INFO ] [] - Shutting down the metrics collector
[2025-05-06 19:27:03,446] [57   ] [INFO ] [] - Initializing the metrics collector
[2025-05-06 19:27:03,462] [57   ] [INFO ] [] - MetricsCollector::Sender(49): _disableSentMetrics 1
[2025-05-06 19:27:03,463] [57   ] [INFO ] [] - MetricsCollector::Initialize(231): Initialized metrics collector
- session id: d24a9342-5ca6-49b8-b791-21820418c456
- device id: 4ca35884-a93a-48fc-ad16-80b2a90aa32e
- application id: Box Tools Win exe
- application name: BoxTools
- application version: 4.28.1.1163
- metric collection url: https://client-log.box.com/index.php?rm=box_gen204_json_record
- metric data path: C:\Users\pcedillo\AppData\Local\Box\Box Tools\Metrics\BoxTools_Metrics_EFD61745.db
- post callback: 05945A26
- log callback: 05945A9E
- context: 00000000
- post interval in seconds: 600
- max records in a post: 100
- max db records: 500
- disable sender: true
[2025-05-06 19:27:03,483] [57   ] [INFO ] [] - Shutting down the metrics collector
[2025-05-06 19:37:03,470] [62   ] [INFO ] [] - Initializing the metrics collector
[2025-05-06 19:37:03,503] [62   ] [INFO ] [] - MetricsCollector::Sender(49): _disableSentMetrics 1
[2025-05-06 19:37:03,504] [62   ] [INFO ] [] - MetricsCollector::Initialize(231): Initialized metrics collector
- session id: d24a9342-5ca6-49b8-b791-21820418c456
- device id: 4ca35884-a93a-48fc-ad16-80b2a90aa32e
- application id: Box Tools Win exe
- application name: BoxTools
- application version: 4.28.1.1163
- metric collection url: https://client-log.box.com/index.php?rm=box_gen204_json_record
- metric data path: C:\Users\pcedillo\AppData\Local\Box\Box Tools\Metrics\BoxTools_Metrics_EFD61745.db
- post callback: 05945A26
- log callback: 05945A9E
- context: 00000000
- post interval in seconds: 600
- max records in a post: 100
- max db records: 500
- disable sender: true
[2025-05-06 19:37:03,537] [62   ] [INFO ] [] - Shutting down the metrics collector
[2025-05-06 19:47:03,473] [65   ] [INFO ] [] - Initializing the metrics collector
[2025-05-06 19:47:03,484] [65   ] [INFO ] [] - MetricsCollector::Sender(49): _disableSentMetrics 1
[2025-05-06 19:47:03,485] [65   ] [INFO ] [] - MetricsCollector::Initialize(231): Initialized metrics collector
- session id: d24a9342-5ca6-49b8-b791-21820418c456
- device id: 4ca35884-a93a-48fc-ad16-80b2a90aa32e
- application id: Box Tools Win exe
- application name: BoxTools
- application version: 4.28.1.1163
- metric collection url: https://client-log.box.com/index.php?rm=box_gen204_json_record
- metric data path: C:\Users\pcedillo\AppData\Local\Box\Box Tools\Metrics\BoxTools_Metrics_EFD61745.db
- post callback: 05945A26
- log callback: 05945A9E
- context: 00000000
- post interval in seconds: 600
- max records in a post: 100
- max db records: 500
- disable sender: true
[2025-05-06 19:47:03,495] [65   ] [INFO ] [] - Shutting down the metrics collector
[2025-05-06 19:57:03,481] [66   ] [INFO ] [] - Initializing the metrics collector
[2025-05-06 19:57:03,497] [66   ] [INFO ] [] - MetricsCollector::Sender(49): _disableSentMetrics 1
[2025-05-06 19:57:03,498] [66   ] [INFO ] [] - MetricsCollector::Initialize(231): Initialized metrics collector
- session id: d24a9342-5ca6-49b8-b791-21820418c456
- device id: 4ca35884-a93a-48fc-ad16-80b2a90aa32e
- application id: Box Tools Win exe
- application name: BoxTools
- application version: 4.28.1.1163
- metric collection url: https://client-log.box.com/index.php?rm=box_gen204_json_record
- metric data path: C:\Users\pcedillo\AppData\Local\Box\Box Tools\Metrics\BoxTools_Metrics_EFD61745.db
- post callback: 05945A26
- log callback: 05945A9E
- context: 00000000
- post interval in seconds: 600
- max records in a post: 100
- max db records: 500
- disable sender: true
[2025-05-06 19:57:03,516] [66   ] [INFO ] [] - Shutting down the metrics collector
[2025-05-06 20:07:03,529] [64   ] [INFO ] [] - Initializing the metrics collector
[2025-05-06 20:07:03,744] [64   ] [INFO ] [] - MetricsCollector::Sender(49): _disableSentMetrics 1
[2025-05-06 20:07:03,775] [64   ] [INFO ] [] - MetricsCollector::Initialize(231): Initialized metrics collector
- session id: d24a9342-5ca6-49b8-b791-21820418c456
- device id: 4ca35884-a93a-48fc-ad16-80b2a90aa32e
- application id: Box Tools Win exe
- application name: BoxTools
- application version: 4.28.1.1163
- metric collection url: https://client-log.box.com/index.php?rm=box_gen204_json_record
- metric data path: C:\Users\pcedillo\AppData\Local\Box\Box Tools\Metrics\BoxTools_Metrics_EFD61745.db
- post callback: 05945A26
- log callback: 05945A9E
- context: 00000000
- post interval in seconds: 600
- max records in a post: 100
- max db records: 500
- disable sender: true
[2025-05-06 20:07:03,924] [64   ] [INFO ] [] - Shutting down the metrics collector
[2025-05-06 20:17:03,526] [63   ] [INFO ] [] - Initializing the metrics collector
[2025-05-06 20:17:03,547] [63   ] [INFO ] [] - MetricsCollector::Sender(49): _disableSentMetrics 1
[2025-05-06 20:17:03,548] [63   ] [INFO ] [] - MetricsCollector::Initialize(231): Initialized metrics collector
- session id: d24a9342-5ca6-49b8-b791-21820418c456
- device id: 4ca35884-a93a-48fc-ad16-80b2a90aa32e
- application id: Box Tools Win exe
- application name: BoxTools
- application version: 4.28.1.1163
- metric collection url: https://client-log.box.com/index.php?rm=box_gen204_json_record
- metric data path: C:\Users\pcedillo\AppData\Local\Box\Box Tools\Metrics\BoxTools_Metrics_EFD61745.db
- post callback: 05945A26
- log callback: 05945A9E
- context: 00000000
- post interval in seconds: 600
- max records in a post: 100
- max db records: 500
- disable sender: true
[2025-05-06 20:17:03,568] [63   ] [INFO ] [] - Shutting down the metrics collector
[2025-05-06 20:27:03,536] [67   ] [INFO ] [] - Initializing the metrics collector
[2025-05-06 20:27:03,558] [67   ] [INFO ] [] - MetricsCollector::Sender(49): _disableSentMetrics 1
[2025-05-06 20:27:03,559] [67   ] [INFO ] [] - MetricsCollector::Initialize(231): Initialized metrics collector
- session id: d24a9342-5ca6-49b8-b791-21820418c456
- device id: 4ca35884-a93a-48fc-ad16-80b2a90aa32e
- application id: Box Tools Win exe
- application name: BoxTools
- application version: 4.28.1.1163
- metric collection url: https://client-log.box.com/index.php?rm=box_gen204_json_record
- metric data path: C:\Users\pcedillo\AppData\Local\Box\Box Tools\Metrics\BoxTools_Metrics_EFD61745.db
- post callback: 05945A26
- log callback: 05945A9E
- context: 00000000
- post interval in seconds: 600
- max records in a post: 100
- max db records: 500
- disable sender: true
[2025-05-06 20:27:03,576] [67   ] [INFO ] [] - Shutting down the metrics collector
[2025-05-06 20:37:03,543] [59   ] [INFO ] [] - Initializing the metrics collector
[2025-05-06 20:37:03,561] [59   ] [INFO ] [] - MetricsCollector::Sender(49): _disableSentMetrics 1
[2025-05-06 20:37:03,562] [59   ] [INFO ] [] - MetricsCollector::Initialize(231): Initialized metrics collector
- session id: d24a9342-5ca6-49b8-b791-21820418c456
- device id: 4ca35884-a93a-48fc-ad16-80b2a90aa32e
- application id: Box Tools Win exe
- application name: BoxTools
- application version: 4.28.1.1163
- metric collection url: https://client-log.box.com/index.php?rm=box_gen204_json_record
- metric data path: C:\Users\pcedillo\AppData\Local\Box\Box Tools\Metrics\BoxTools_Metrics_EFD61745.db
- post callback: 05945A26
- log callback: 05945A9E
- context: 00000000
- post interval in seconds: 600
- max records in a post: 100
- max db records: 500
- disable sender: true
[2025-05-06 20:37:03,571] [59   ] [INFO ] [] - Shutting down the metrics collector
[2025-05-06 20:47:03,560] [60   ] [INFO ] [] - Initializing the metrics collector
[2025-05-06 20:47:03,576] [60   ] [INFO ] [] - MetricsCollector::Sender(49): _disableSentMetrics 1
[2025-05-06 20:47:03,577] [60   ] [INFO ] [] - MetricsCollector::Initialize(231): Initialized metrics collector
- session id: d24a9342-5ca6-49b8-b791-21820418c456
- device id: 4ca35884-a93a-48fc-ad16-80b2a90aa32e
- application id: Box Tools Win exe
- application name: BoxTools
- application version: 4.28.1.1163
- metric collection url: https://client-log.box.com/index.php?rm=box_gen204_json_record
- metric data path: C:\Users\pcedillo\AppData\Local\Box\Box Tools\Metrics\BoxTools_Metrics_EFD61745.db
- post callback: 05945A26
- log callback: 05945A9E
- context: 00000000
- post interval in seconds: 600
- max records in a post: 100
- max db records: 500
- disable sender: true
[2025-05-06 20:47:03,592] [60   ] [INFO ] [] - Shutting down the metrics collector
[2025-05-06 20:57:03,568] [43   ] [INFO ] [] - Initializing the metrics collector
[2025-05-06 20:57:03,605] [43   ] [INFO ] [] - MetricsCollector::Sender(49): _disableSentMetrics 1
[2025-05-06 20:57:03,608] [43   ] [INFO ] [] - MetricsCollector::Initialize(231): Initialized metrics collector
- session id: d24a9342-5ca6-49b8-b791-21820418c456
- device id: 4ca35884-a93a-48fc-ad16-80b2a90aa32e
- application id: Box Tools Win exe
- application name: BoxTools
- application version: 4.28.1.1163
- metric collection url: https://client-log.box.com/index.php?rm=box_gen204_json_record
- metric data path: C:\Users\pcedillo\AppData\Local\Box\Box Tools\Metrics\BoxTools_Metrics_EFD61745.db
- post callback: 05945A26
- log callback: 05945A9E
- context: 00000000
- post interval in seconds: 600
- max records in a post: 100
- max db records: 500
- disable sender: true
[2025-05-06 20:57:03,662] [43   ] [INFO ] [] - Shutting down the metrics collector
[2025-05-06 21:07:03,579] [42   ] [INFO ] [] - Initializing the metrics collector
[2025-05-06 21:07:03,602] [42   ] [INFO ] [] - MetricsCollector::Sender(49): _disableSentMetrics 1
[2025-05-06 21:07:03,603] [42   ] [INFO ] [] - MetricsCollector::Initialize(231): Initialized metrics collector
- session id: d24a9342-5ca6-49b8-b791-21820418c456
- device id: 4ca35884-a93a-48fc-ad16-80b2a90aa32e
- application id: Box Tools Win exe
- application name: BoxTools
- application version: 4.28.1.1163
- metric collection url: https://client-log.box.com/index.php?rm=box_gen204_json_record
- metric data path: C:\Users\pcedillo\AppData\Local\Box\Box Tools\Metrics\BoxTools_Metrics_EFD61745.db
- post callback: 05945A26
- log callback: 05945A9E
- context: 00000000
- post interval in seconds: 600
- max records in a post: 100
- max db records: 500
- disable sender: true
[2025-05-06 21:07:03,622] [42   ] [INFO ] [] - Shutting down the metrics collector
[2025-05-06 21:17:03,591] [40   ] [INFO ] [] - Initializing the metrics collector
[2025-05-06 21:17:03,647] [40   ] [INFO ] [] - MetricsCollector::Sender(49): _disableSentMetrics 1
[2025-05-06 21:17:03,651] [40   ] [INFO ] [] - MetricsCollector::Initialize(231): Initialized metrics collector
- session id: d24a9342-5ca6-49b8-b791-21820418c456
- device id: 4ca35884-a93a-48fc-ad16-80b2a90aa32e
- application id: Box Tools Win exe
- application name: BoxTools
- application version: 4.28.1.1163
- metric collection url: https://client-log.box.com/index.php?rm=box_gen204_json_record
- metric data path: C:\Users\pcedillo\AppData\Local\Box\Box Tools\Metrics\BoxTools_Metrics_EFD61745.db
- post callback: 05945A26
- log callback: 05945A9E
- context: 00000000
- post interval in seconds: 600
- max records in a post: 100
- max db records: 500
- disable sender: true
[2025-05-06 21:17:03,722] [40   ] [INFO ] [] - Shutting down the metrics collector
[2025-05-06 21:27:03,604] [41   ] [INFO ] [] - Initializing the metrics collector
[2025-05-06 21:27:03,625] [41   ] [INFO ] [] - MetricsCollector::Sender(49): _disableSentMetrics 1
[2025-05-06 21:27:03,626] [41   ] [INFO ] [] - MetricsCollector::Initialize(231): Initialized metrics collector
- session id: d24a9342-5ca6-49b8-b791-21820418c456
- device id: 4ca35884-a93a-48fc-ad16-80b2a90aa32e
- application id: Box Tools Win exe
- application name: BoxTools
- application version: 4.28.1.1163
- metric collection url: https://client-log.box.com/index.php?rm=box_gen204_json_record
- metric data path: C:\Users\pcedillo\AppData\Local\Box\Box Tools\Metrics\BoxTools_Metrics_EFD61745.db
- post callback: 05945A26
- log callback: 05945A9E
- context: 00000000
- post interval in seconds: 600
- max records in a post: 100
- max db records: 500
- disable sender: true
[2025-05-06 21:27:03,641] [41   ] [INFO ] [] - Shutting down the metrics collector
[2025-05-06 21:37:03,614] [39   ] [INFO ] [] - Initializing the metrics collector
[2025-05-06 21:37:03,641] [39   ] [INFO ] [] - MetricsCollector::Sender(49): _disableSentMetrics 1
[2025-05-06 21:37:03,641] [39   ] [INFO ] [] - MetricsCollector::Initialize(231): Initialized metrics collector
- session id: d24a9342-5ca6-49b8-b791-21820418c456
- device id: 4ca35884-a93a-48fc-ad16-80b2a90aa32e
- application id: Box Tools Win exe
- application name: BoxTools
- application version: 4.28.1.1163
- metric collection url: https://client-log.box.com/index.php?rm=box_gen204_json_record
- metric data path: C:\Users\pcedillo\AppData\Local\Box\Box Tools\Metrics\BoxTools_Metrics_EFD61745.db
- post callback: 05945A26
- log callback: 05945A9E
- context: 00000000
- post interval in seconds: 600
- max records in a post: 100
- max db records: 500
- disable sender: true
[2025-05-06 21:37:03,660] [39   ] [INFO ] [] - Shutting down the metrics collector
[2025-05-06 21:47:03,634] [38   ] [INFO ] [] - Initializing the metrics collector
[2025-05-06 21:47:03,652] [38   ] [INFO ] [] - MetricsCollector::Sender(49): _disableSentMetrics 1
[2025-05-06 21:47:03,653] [38   ] [INFO ] [] - MetricsCollector::Initialize(231): Initialized metrics collector
- session id: d24a9342-5ca6-49b8-b791-21820418c456
- device id: 4ca35884-a93a-48fc-ad16-80b2a90aa32e
- application id: Box Tools Win exe
- application name: BoxTools
- application version: 4.28.1.1163
- metric collection url: https://client-log.box.com/index.php?rm=box_gen204_json_record
- metric data path: C:\Users\pcedillo\AppData\Local\Box\Box Tools\Metrics\BoxTools_Metrics_EFD61745.db
- post callback: 05945A26
- log callback: 05945A9E
- context: 00000000
- post interval in seconds: 600
- max records in a post: 100
- max db records: 500
- disable sender: true
[2025-05-06 21:47:03,672] [38   ] [INFO ] [] - Shutting down the metrics collector
[2025-05-06 21:57:03,632] [37   ] [INFO ] [] - Initializing the metrics collector
[2025-05-06 21:57:03,663] [37   ] [INFO ] [] - MetricsCollector::Sender(49): _disableSentMetrics 1
[2025-05-06 21:57:03,664] [37   ] [INFO ] [] - MetricsCollector::Initialize(231): Initialized metrics collector
- session id: d24a9342-5ca6-49b8-b791-21820418c456
- device id: 4ca35884-a93a-48fc-ad16-80b2a90aa32e
- application id: Box Tools Win exe
- application name: BoxTools
- application version: 4.28.1.1163
- metric collection url: https://client-log.box.com/index.php?rm=box_gen204_json_record
- metric data path: C:\Users\pcedillo\AppData\Local\Box\Box Tools\Metrics\BoxTools_Metrics_EFD61745.db
- post callback: 05945A26
- log callback: 05945A9E
- context: 00000000
- post interval in seconds: 600
- max records in a post: 100
- max db records: 500
- disable sender: true
[2025-05-06 21:57:03,680] [37   ] [INFO ] [] - Shutting down the metrics collector
[2025-05-06 22:07:03,649] [36   ] [INFO ] [] - Initializing the metrics collector
[2025-05-06 22:07:03,667] [36   ] [INFO ] [] - MetricsCollector::Sender(49): _disableSentMetrics 1
[2025-05-06 22:07:03,667] [36   ] [INFO ] [] - MetricsCollector::Initialize(231): Initialized metrics collector
- session id: d24a9342-5ca6-49b8-b791-21820418c456
- device id: 4ca35884-a93a-48fc-ad16-80b2a90aa32e
- application id: Box Tools Win exe
- application name: BoxTools
- application version: 4.28.1.1163
- metric collection url: https://client-log.box.com/index.php?rm=box_gen204_json_record
- metric data path: C:\Users\pcedillo\AppData\Local\Box\Box Tools\Metrics\BoxTools_Metrics_EFD61745.db
- post callback: 05945A26
- log callback: 05945A9E
- context: 00000000
- post interval in seconds: 600
- max records in a post: 100
- max db records: 500
- disable sender: true
[2025-05-06 22:07:03,686] [36   ] [INFO ] [] - Shutting down the metrics collector
[2025-05-06 22:17:03,660] [35   ] [INFO ] [] - Initializing the metrics collector
[2025-05-06 22:17:03,680] [35   ] [INFO ] [] - MetricsCollector::Sender(49): _disableSentMetrics 1
[2025-05-06 22:17:03,680] [35   ] [INFO ] [] - MetricsCollector::Initialize(231): Initialized metrics collector
- session id: d24a9342-5ca6-49b8-b791-21820418c456
- device id: 4ca35884-a93a-48fc-ad16-80b2a90aa32e
- application id: Box Tools Win exe
- application name: BoxTools
- application version: 4.28.1.1163
- metric collection url: https://client-log.box.com/index.php?rm=box_gen204_json_record
- metric data path: C:\Users\pcedillo\AppData\Local\Box\Box Tools\Metrics\BoxTools_Metrics_EFD61745.db
- post callback: 05945A26
- log callback: 05945A9E
- context: 00000000
- post interval in seconds: 600
- max records in a post: 100
- max db records: 500
- disable sender: true
[2025-05-06 22:17:03,692] [35   ] [INFO ] [] - Shutting down the metrics collector
