[2024-09-24 00:09:58,995] [80   ] [INFO ] [] - Initializing the metrics collector
[2024-09-24 00:09:59,011] [80   ] [INFO ] [] - MetricsCollector::Sender(49): _disableSentMetrics 1
[2024-09-24 00:09:59,011] [80   ] [INFO ] [] - MetricsCollector::Initialize(231): Initialized metrics collector
- session id: 199f978b-2e0c-481b-94aa-90ca1deba1a6
- device id: 4ca35884-a93a-48fc-ad16-80b2a90aa32e
- application id: Box Tools Win exe
- application name: BoxTools
- application version: 4.26.1.1109
- metric collection url: https://client-log.box.com/index.php?rm=box_gen204_json_record
- metric data path: C:\Users\pcedillo\AppData\Local\Box\Box Tools\Metrics\BoxTools_Metrics.db
- post callback: 05D85D1E
- log callback: 05D85D96
- context: 00000000
- post interval in seconds: 600
- max records in a post: 100
- max db records: 500
- disable sender: true
[2024-09-24 00:09:59,027] [80   ] [INFO ] [] - Shutting down the metrics collector
[2024-09-24 00:19:59,006] [81   ] [INFO ] [] - Initializing the metrics collector
[2024-09-24 00:19:59,006] [81   ] [INFO ] [] - MetricsCollector::Sender(49): _disableSentMetrics 1
[2024-09-24 00:19:59,006] [81   ] [INFO ] [] - MetricsCollector::Initialize(231): Initialized metrics collector
- session id: 199f978b-2e0c-481b-94aa-90ca1deba1a6
- device id: 4ca35884-a93a-48fc-ad16-80b2a90aa32e
- application id: Box Tools Win exe
- application name: BoxTools
- application version: 4.26.1.1109
- metric collection url: https://client-log.box.com/index.php?rm=box_gen204_json_record
- metric data path: C:\Users\pcedillo\AppData\Local\Box\Box Tools\Metrics\BoxTools_Metrics.db
- post callback: 05D85D1E
- log callback: 05D85D96
- context: 00000000
- post interval in seconds: 600
- max records in a post: 100
- max db records: 500
- disable sender: true
[2024-09-24 00:19:59,022] [81   ] [INFO ] [] - Shutting down the metrics collector
[2024-09-24 00:29:59,010] [83   ] [INFO ] [] - Initializing the metrics collector
[2024-09-24 00:29:59,010] [83   ] [INFO ] [] - MetricsCollector::Sender(49): _disableSentMetrics 1
[2024-09-24 00:29:59,010] [83   ] [INFO ] [] - MetricsCollector::Initialize(231): Initialized metrics collector
- session id: 199f978b-2e0c-481b-94aa-90ca1deba1a6
- device id: 4ca35884-a93a-48fc-ad16-80b2a90aa32e
- application id: Box Tools Win exe
- application name: BoxTools
- application version: 4.26.1.1109
- metric collection url: https://client-log.box.com/index.php?rm=box_gen204_json_record
- metric data path: C:\Users\pcedillo\AppData\Local\Box\Box Tools\Metrics\BoxTools_Metrics.db
- post callback: 05D85D1E
- log callback: 05D85D96
- context: 00000000
- post interval in seconds: 600
- max records in a post: 100
- max db records: 500
- disable sender: true
[2024-09-24 00:29:59,026] [83   ] [INFO ] [] - Shutting down the metrics collector
[2024-09-24 00:39:59,013] [81   ] [INFO ] [] - Initializing the metrics collector
[2024-09-24 00:39:59,013] [81   ] [INFO ] [] - MetricsCollector::Sender(49): _disableSentMetrics 1
[2024-09-24 00:39:59,013] [81   ] [INFO ] [] - MetricsCollector::Initialize(231): Initialized metrics collector
- session id: 199f978b-2e0c-481b-94aa-90ca1deba1a6
- device id: 4ca35884-a93a-48fc-ad16-80b2a90aa32e
- application id: Box Tools Win exe
- application name: BoxTools
- application version: 4.26.1.1109
- metric collection url: https://client-log.box.com/index.php?rm=box_gen204_json_record
- metric data path: C:\Users\pcedillo\AppData\Local\Box\Box Tools\Metrics\BoxTools_Metrics.db
- post callback: 05D85D1E
- log callback: 05D85D96
- context: 00000000
- post interval in seconds: 600
- max records in a post: 100
- max db records: 500
- disable sender: true
[2024-09-24 00:39:59,013] [81   ] [INFO ] [] - Shutting down the metrics collector
[2024-09-24 00:49:59,008] [80   ] [INFO ] [] - Initializing the metrics collector
[2024-09-24 00:49:59,008] [80   ] [INFO ] [] - MetricsCollector::Sender(49): _disableSentMetrics 1
[2024-09-24 00:49:59,008] [80   ] [INFO ] [] - MetricsCollector::Initialize(231): Initialized metrics collector
- session id: 199f978b-2e0c-481b-94aa-90ca1deba1a6
- device id: 4ca35884-a93a-48fc-ad16-80b2a90aa32e
- application id: Box Tools Win exe
- application name: BoxTools
- application version: 4.26.1.1109
- metric collection url: https://client-log.box.com/index.php?rm=box_gen204_json_record
- metric data path: C:\Users\pcedillo\AppData\Local\Box\Box Tools\Metrics\BoxTools_Metrics.db
- post callback: 05D85D1E
- log callback: 05D85D96
- context: 00000000
- post interval in seconds: 600
- max records in a post: 100
- max db records: 500
- disable sender: true
[2024-09-24 00:49:59,027] [80   ] [INFO ] [] - Shutting down the metrics collector
[2024-09-24 00:59:59,012] [79   ] [INFO ] [] - Initializing the metrics collector
[2024-09-24 00:59:59,012] [79   ] [INFO ] [] - MetricsCollector::Sender(49): _disableSentMetrics 1
[2024-09-24 00:59:59,012] [79   ] [INFO ] [] - MetricsCollector::Initialize(231): Initialized metrics collector
- session id: 199f978b-2e0c-481b-94aa-90ca1deba1a6
- device id: 4ca35884-a93a-48fc-ad16-80b2a90aa32e
- application id: Box Tools Win exe
- application name: BoxTools
- application version: 4.26.1.1109
- metric collection url: https://client-log.box.com/index.php?rm=box_gen204_json_record
- metric data path: C:\Users\pcedillo\AppData\Local\Box\Box Tools\Metrics\BoxTools_Metrics.db
- post callback: 05D85D1E
- log callback: 05D85D96
- context: 00000000
- post interval in seconds: 600
- max records in a post: 100
- max db records: 500
- disable sender: true
[2024-09-24 00:59:59,028] [79   ] [INFO ] [] - Shutting down the metrics collector
[2024-09-24 01:09:59,025] [78   ] [INFO ] [] - Initializing the metrics collector
[2024-09-24 01:09:59,025] [78   ] [INFO ] [] - MetricsCollector::Sender(49): _disableSentMetrics 1
[2024-09-24 01:09:59,025] [78   ] [INFO ] [] - MetricsCollector::Initialize(231): Initialized metrics collector
- session id: 199f978b-2e0c-481b-94aa-90ca1deba1a6
- device id: 4ca35884-a93a-48fc-ad16-80b2a90aa32e
- application id: Box Tools Win exe
- application name: BoxTools
- application version: 4.26.1.1109
- metric collection url: https://client-log.box.com/index.php?rm=box_gen204_json_record
- metric data path: C:\Users\pcedillo\AppData\Local\Box\Box Tools\Metrics\BoxTools_Metrics.db
- post callback: 05D85D1E
- log callback: 05D85D96
- context: 00000000
- post interval in seconds: 600
- max records in a post: 100
- max db records: 500
- disable sender: true
[2024-09-24 01:09:59,040] [78   ] [INFO ] [] - Shutting down the metrics collector
[2024-09-24 01:19:59,025] [77   ] [INFO ] [] - Initializing the metrics collector
[2024-09-24 01:19:59,025] [77   ] [INFO ] [] - MetricsCollector::Sender(49): _disableSentMetrics 1
[2024-09-24 01:19:59,025] [77   ] [INFO ] [] - MetricsCollector::Initialize(231): Initialized metrics collector
- session id: 199f978b-2e0c-481b-94aa-90ca1deba1a6
- device id: 4ca35884-a93a-48fc-ad16-80b2a90aa32e
- application id: Box Tools Win exe
- application name: BoxTools
- application version: 4.26.1.1109
- metric collection url: https://client-log.box.com/index.php?rm=box_gen204_json_record
- metric data path: C:\Users\pcedillo\AppData\Local\Box\Box Tools\Metrics\BoxTools_Metrics.db
- post callback: 05D85D1E
- log callback: 05D85D96
- context: 00000000
- post interval in seconds: 600
- max records in a post: 100
- max db records: 500
- disable sender: true
[2024-09-24 01:19:59,041] [77   ] [INFO ] [] - Shutting down the metrics collector
[2024-09-24 01:29:59,036] [75   ] [INFO ] [] - Initializing the metrics collector
[2024-09-24 01:29:59,036] [75   ] [INFO ] [] - MetricsCollector::Sender(49): _disableSentMetrics 1
[2024-09-24 01:29:59,036] [75   ] [INFO ] [] - MetricsCollector::Initialize(231): Initialized metrics collector
- session id: 199f978b-2e0c-481b-94aa-90ca1deba1a6
- device id: 4ca35884-a93a-48fc-ad16-80b2a90aa32e
- application id: Box Tools Win exe
- application name: BoxTools
- application version: 4.26.1.1109
- metric collection url: https://client-log.box.com/index.php?rm=box_gen204_json_record
- metric data path: C:\Users\pcedillo\AppData\Local\Box\Box Tools\Metrics\BoxTools_Metrics.db
- post callback: 05D85D1E
- log callback: 05D85D96
- context: 00000000
- post interval in seconds: 600
- max records in a post: 100
- max db records: 500
- disable sender: true
[2024-09-24 01:29:59,052] [75   ] [INFO ] [] - Shutting down the metrics collector
[2024-09-24 01:39:59,031] [76   ] [INFO ] [] - Initializing the metrics collector
[2024-09-24 01:39:59,031] [76   ] [INFO ] [] - MetricsCollector::Sender(49): _disableSentMetrics 1
[2024-09-24 01:39:59,031] [76   ] [INFO ] [] - MetricsCollector::Initialize(231): Initialized metrics collector
- session id: 199f978b-2e0c-481b-94aa-90ca1deba1a6
- device id: 4ca35884-a93a-48fc-ad16-80b2a90aa32e
- application id: Box Tools Win exe
- application name: BoxTools
- application version: 4.26.1.1109
- metric collection url: https://client-log.box.com/index.php?rm=box_gen204_json_record
- metric data path: C:\Users\pcedillo\AppData\Local\Box\Box Tools\Metrics\BoxTools_Metrics.db
- post callback: 05D85D1E
- log callback: 05D85D96
- context: 00000000
- post interval in seconds: 600
- max records in a post: 100
- max db records: 500
- disable sender: true
[2024-09-24 01:39:59,046] [76   ] [INFO ] [] - Shutting down the metrics collector
[2024-09-24 01:49:59,039] [74   ] [INFO ] [] - Initializing the metrics collector
[2024-09-24 01:49:59,039] [74   ] [INFO ] [] - MetricsCollector::Sender(49): _disableSentMetrics 1
[2024-09-24 01:49:59,039] [74   ] [INFO ] [] - MetricsCollector::Initialize(231): Initialized metrics collector
- session id: 199f978b-2e0c-481b-94aa-90ca1deba1a6
- device id: 4ca35884-a93a-48fc-ad16-80b2a90aa32e
- application id: Box Tools Win exe
- application name: BoxTools
- application version: 4.26.1.1109
- metric collection url: https://client-log.box.com/index.php?rm=box_gen204_json_record
- metric data path: C:\Users\pcedillo\AppData\Local\Box\Box Tools\Metrics\BoxTools_Metrics.db
- post callback: 05D85D1E
- log callback: 05D85D96
- context: 00000000
- post interval in seconds: 600
- max records in a post: 100
- max db records: 500
- disable sender: true
[2024-09-24 01:49:59,055] [74   ] [INFO ] [] - Shutting down the metrics collector
[2024-09-24 01:59:59,038] [73   ] [INFO ] [] - Initializing the metrics collector
[2024-09-24 01:59:59,038] [73   ] [INFO ] [] - MetricsCollector::Sender(49): _disableSentMetrics 1
[2024-09-24 01:59:59,038] [73   ] [INFO ] [] - MetricsCollector::Initialize(231): Initialized metrics collector
- session id: 199f978b-2e0c-481b-94aa-90ca1deba1a6
- device id: 4ca35884-a93a-48fc-ad16-80b2a90aa32e
- application id: Box Tools Win exe
- application name: BoxTools
- application version: 4.26.1.1109
- metric collection url: https://client-log.box.com/index.php?rm=box_gen204_json_record
- metric data path: C:\Users\pcedillo\AppData\Local\Box\Box Tools\Metrics\BoxTools_Metrics.db
- post callback: 05D85D1E
- log callback: 05D85D96
- context: 00000000
- post interval in seconds: 600
- max records in a post: 100
- max db records: 500
- disable sender: true
[2024-09-24 01:59:59,054] [73   ] [INFO ] [] - Shutting down the metrics collector
[2024-09-24 02:09:59,050] [72   ] [INFO ] [] - Initializing the metrics collector
[2024-09-24 02:09:59,050] [72   ] [INFO ] [] - MetricsCollector::Sender(49): _disableSentMetrics 1
[2024-09-24 02:09:59,050] [72   ] [INFO ] [] - MetricsCollector::Initialize(231): Initialized metrics collector
- session id: 199f978b-2e0c-481b-94aa-90ca1deba1a6
- device id: 4ca35884-a93a-48fc-ad16-80b2a90aa32e
- application id: Box Tools Win exe
- application name: BoxTools
- application version: 4.26.1.1109
- metric collection url: https://client-log.box.com/index.php?rm=box_gen204_json_record
- metric data path: C:\Users\pcedillo\AppData\Local\Box\Box Tools\Metrics\BoxTools_Metrics.db
- post callback: 05D85D1E
- log callback: 05D85D96
- context: 00000000
- post interval in seconds: 600
- max records in a post: 100
- max db records: 500
- disable sender: true
[2024-09-24 02:09:59,065] [72   ] [INFO ] [] - Shutting down the metrics collector
[2024-09-24 02:19:59,035] [71   ] [INFO ] [] - Initializing the metrics collector
[2024-09-24 02:19:59,035] [71   ] [INFO ] [] - MetricsCollector::Sender(49): _disableSentMetrics 1
[2024-09-24 02:19:59,035] [71   ] [INFO ] [] - MetricsCollector::Initialize(231): Initialized metrics collector
- session id: 199f978b-2e0c-481b-94aa-90ca1deba1a6
- device id: 4ca35884-a93a-48fc-ad16-80b2a90aa32e
- application id: Box Tools Win exe
- application name: BoxTools
- application version: 4.26.1.1109
- metric collection url: https://client-log.box.com/index.php?rm=box_gen204_json_record
- metric data path: C:\Users\pcedillo\AppData\Local\Box\Box Tools\Metrics\BoxTools_Metrics.db
- post callback: 05D85D1E
- log callback: 05D85D96
- context: 00000000
- post interval in seconds: 600
- max records in a post: 100
- max db records: 500
- disable sender: true
[2024-09-24 02:19:59,051] [71   ] [INFO ] [] - Shutting down the metrics collector
[2024-09-24 02:29:59,056] [70   ] [INFO ] [] - Initializing the metrics collector
[2024-09-24 02:29:59,056] [70   ] [INFO ] [] - MetricsCollector::Sender(49): _disableSentMetrics 1
[2024-09-24 02:29:59,056] [70   ] [INFO ] [] - MetricsCollector::Initialize(231): Initialized metrics collector
- session id: 199f978b-2e0c-481b-94aa-90ca1deba1a6
- device id: 4ca35884-a93a-48fc-ad16-80b2a90aa32e
- application id: Box Tools Win exe
- application name: BoxTools
- application version: 4.26.1.1109
- metric collection url: https://client-log.box.com/index.php?rm=box_gen204_json_record
- metric data path: C:\Users\pcedillo\AppData\Local\Box\Box Tools\Metrics\BoxTools_Metrics.db
- post callback: 05D85D1E
- log callback: 05D85D96
- context: 00000000
- post interval in seconds: 600
- max records in a post: 100
- max db records: 500
- disable sender: true
[2024-09-24 02:29:59,072] [70   ] [INFO ] [] - Shutting down the metrics collector
[2024-09-24 02:39:59,053] [69   ] [INFO ] [] - Initializing the metrics collector
[2024-09-24 02:39:59,067] [69   ] [INFO ] [] - MetricsCollector::Sender(49): _disableSentMetrics 1
[2024-09-24 02:39:59,067] [69   ] [INFO ] [] - MetricsCollector::Initialize(231): Initialized metrics collector
- session id: 199f978b-2e0c-481b-94aa-90ca1deba1a6
- device id: 4ca35884-a93a-48fc-ad16-80b2a90aa32e
- application id: Box Tools Win exe
- application name: BoxTools
- application version: 4.26.1.1109
- metric collection url: https://client-log.box.com/index.php?rm=box_gen204_json_record
- metric data path: C:\Users\pcedillo\AppData\Local\Box\Box Tools\Metrics\BoxTools_Metrics.db
- post callback: 05D85D1E
- log callback: 05D85D96
- context: 00000000
- post interval in seconds: 600
- max records in a post: 100
- max db records: 500
- disable sender: true
[2024-09-24 02:39:59,069] [69   ] [INFO ] [] - Shutting down the metrics collector
[2024-09-24 02:49:59,045] [68   ] [INFO ] [] - Initializing the metrics collector
[2024-09-24 02:49:59,045] [68   ] [INFO ] [] - MetricsCollector::Sender(49): _disableSentMetrics 1
[2024-09-24 02:49:59,045] [68   ] [INFO ] [] - MetricsCollector::Initialize(231): Initialized metrics collector
- session id: 199f978b-2e0c-481b-94aa-90ca1deba1a6
- device id: 4ca35884-a93a-48fc-ad16-80b2a90aa32e
- application id: Box Tools Win exe
- application name: BoxTools
- application version: 4.26.1.1109
- metric collection url: https://client-log.box.com/index.php?rm=box_gen204_json_record
- metric data path: C:\Users\pcedillo\AppData\Local\Box\Box Tools\Metrics\BoxTools_Metrics.db
- post callback: 05D85D1E
- log callback: 05D85D96
- context: 00000000
- post interval in seconds: 600
- max records in a post: 100
- max db records: 500
- disable sender: true
[2024-09-24 02:49:59,060] [68   ] [INFO ] [] - Shutting down the metrics collector
[2024-09-24 02:59:59,053] [67   ] [INFO ] [] - Initializing the metrics collector
[2024-09-24 02:59:59,053] [67   ] [INFO ] [] - MetricsCollector::Sender(49): _disableSentMetrics 1
[2024-09-24 02:59:59,053] [67   ] [INFO ] [] - MetricsCollector::Initialize(231): Initialized metrics collector
- session id: 199f978b-2e0c-481b-94aa-90ca1deba1a6
- device id: 4ca35884-a93a-48fc-ad16-80b2a90aa32e
- application id: Box Tools Win exe
- application name: BoxTools
- application version: 4.26.1.1109
- metric collection url: https://client-log.box.com/index.php?rm=box_gen204_json_record
- metric data path: C:\Users\pcedillo\AppData\Local\Box\Box Tools\Metrics\BoxTools_Metrics.db
- post callback: 05D85D1E
- log callback: 05D85D96
- context: 00000000
- post interval in seconds: 600
- max records in a post: 100
- max db records: 500
- disable sender: true
[2024-09-24 02:59:59,068] [67   ] [INFO ] [] - Shutting down the metrics collector
[2024-09-24 03:09:59,057] [66   ] [INFO ] [] - Initializing the metrics collector
[2024-09-24 03:09:59,057] [66   ] [INFO ] [] - MetricsCollector::Sender(49): _disableSentMetrics 1
[2024-09-24 03:09:59,057] [66   ] [INFO ] [] - MetricsCollector::Initialize(231): Initialized metrics collector
- session id: 199f978b-2e0c-481b-94aa-90ca1deba1a6
- device id: 4ca35884-a93a-48fc-ad16-80b2a90aa32e
- application id: Box Tools Win exe
- application name: BoxTools
- application version: 4.26.1.1109
- metric collection url: https://client-log.box.com/index.php?rm=box_gen204_json_record
- metric data path: C:\Users\pcedillo\AppData\Local\Box\Box Tools\Metrics\BoxTools_Metrics.db
- post callback: 05D85D1E
- log callback: 05D85D96
- context: 00000000
- post interval in seconds: 600
- max records in a post: 100
- max db records: 500
- disable sender: true
[2024-09-24 03:09:59,075] [66   ] [INFO ] [] - Shutting down the metrics collector
[2024-09-24 03:19:59,064] [65   ] [INFO ] [] - Initializing the metrics collector
[2024-09-24 03:19:59,064] [65   ] [INFO ] [] - MetricsCollector::Sender(49): _disableSentMetrics 1
[2024-09-24 03:19:59,064] [65   ] [INFO ] [] - MetricsCollector::Initialize(231): Initialized metrics collector
- session id: 199f978b-2e0c-481b-94aa-90ca1deba1a6
- device id: 4ca35884-a93a-48fc-ad16-80b2a90aa32e
- application id: Box Tools Win exe
- application name: BoxTools
- application version: 4.26.1.1109
- metric collection url: https://client-log.box.com/index.php?rm=box_gen204_json_record
- metric data path: C:\Users\pcedillo\AppData\Local\Box\Box Tools\Metrics\BoxTools_Metrics.db
- post callback: 05D85D1E
- log callback: 05D85D96
- context: 00000000
- post interval in seconds: 600
- max records in a post: 100
- max db records: 500
- disable sender: true
[2024-09-24 03:19:59,080] [65   ] [INFO ] [] - Shutting down the metrics collector
[2024-09-24 03:29:59,087] [64   ] [INFO ] [] - Initializing the metrics collector
[2024-09-24 03:29:59,087] [64   ] [INFO ] [] - MetricsCollector::Sender(49): _disableSentMetrics 1
[2024-09-24 03:29:59,087] [64   ] [INFO ] [] - MetricsCollector::Initialize(231): Initialized metrics collector
- session id: 199f978b-2e0c-481b-94aa-90ca1deba1a6
- device id: 4ca35884-a93a-48fc-ad16-80b2a90aa32e
- application id: Box Tools Win exe
- application name: BoxTools
- application version: 4.26.1.1109
- metric collection url: https://client-log.box.com/index.php?rm=box_gen204_json_record
- metric data path: C:\Users\pcedillo\AppData\Local\Box\Box Tools\Metrics\BoxTools_Metrics.db
- post callback: 05D85D1E
- log callback: 05D85D96
- context: 00000000
- post interval in seconds: 600
- max records in a post: 100
- max db records: 500
- disable sender: true
[2024-09-24 03:29:59,103] [64   ] [INFO ] [] - Shutting down the metrics collector
[2024-09-24 03:39:59,139] [63   ] [INFO ] [] - Initializing the metrics collector
[2024-09-24 03:39:59,139] [63   ] [INFO ] [] - MetricsCollector::Sender(49): _disableSentMetrics 1
[2024-09-24 03:39:59,139] [63   ] [INFO ] [] - MetricsCollector::Initialize(231): Initialized metrics collector
- session id: 199f978b-2e0c-481b-94aa-90ca1deba1a6
- device id: 4ca35884-a93a-48fc-ad16-80b2a90aa32e
- application id: Box Tools Win exe
- application name: BoxTools
- application version: 4.26.1.1109
- metric collection url: https://client-log.box.com/index.php?rm=box_gen204_json_record
- metric data path: C:\Users\pcedillo\AppData\Local\Box\Box Tools\Metrics\BoxTools_Metrics.db
- post callback: 05D85D1E
- log callback: 05D85D96
- context: 00000000
- post interval in seconds: 600
- max records in a post: 100
- max db records: 500
- disable sender: true
[2024-09-24 03:39:59,155] [63   ] [INFO ] [] - Shutting down the metrics collector
[2024-09-24 03:49:59,364] [62   ] [INFO ] [] - Initializing the metrics collector
[2024-09-24 03:49:59,364] [62   ] [INFO ] [] - MetricsCollector::Sender(49): _disableSentMetrics 1
[2024-09-24 03:49:59,364] [62   ] [INFO ] [] - MetricsCollector::Initialize(231): Initialized metrics collector
- session id: 199f978b-2e0c-481b-94aa-90ca1deba1a6
- device id: 4ca35884-a93a-48fc-ad16-80b2a90aa32e
- application id: Box Tools Win exe
- application name: BoxTools
- application version: 4.26.1.1109
- metric collection url: https://client-log.box.com/index.php?rm=box_gen204_json_record
- metric data path: C:\Users\pcedillo\AppData\Local\Box\Box Tools\Metrics\BoxTools_Metrics.db
- post callback: 05D85D1E
- log callback: 05D85D96
- context: 00000000
- post interval in seconds: 600
- max records in a post: 100
- max db records: 500
- disable sender: true
[2024-09-24 03:49:59,380] [62   ] [INFO ] [] - Shutting down the metrics collector
[2024-09-24 03:59:59,589] [61   ] [INFO ] [] - Initializing the metrics collector
[2024-09-24 03:59:59,589] [61   ] [INFO ] [] - MetricsCollector::Sender(49): _disableSentMetrics 1
[2024-09-24 03:59:59,589] [61   ] [INFO ] [] - MetricsCollector::Initialize(231): Initialized metrics collector
- session id: 199f978b-2e0c-481b-94aa-90ca1deba1a6
- device id: 4ca35884-a93a-48fc-ad16-80b2a90aa32e
- application id: Box Tools Win exe
- application name: BoxTools
- application version: 4.26.1.1109
- metric collection url: https://client-log.box.com/index.php?rm=box_gen204_json_record
- metric data path: C:\Users\pcedillo\AppData\Local\Box\Box Tools\Metrics\BoxTools_Metrics.db
- post callback: 05D85D1E
- log callback: 05D85D96
- context: 00000000
- post interval in seconds: 600
- max records in a post: 100
- max db records: 500
- disable sender: true
[2024-09-24 03:59:59,605] [61   ] [INFO ] [] - Shutting down the metrics collector
[2024-09-24 04:09:59,794] [60   ] [INFO ] [] - Initializing the metrics collector
[2024-09-24 04:09:59,794] [60   ] [INFO ] [] - MetricsCollector::Sender(49): _disableSentMetrics 1
[2024-09-24 04:09:59,794] [60   ] [INFO ] [] - MetricsCollector::Initialize(231): Initialized metrics collector
- session id: 199f978b-2e0c-481b-94aa-90ca1deba1a6
- device id: 4ca35884-a93a-48fc-ad16-80b2a90aa32e
- application id: Box Tools Win exe
- application name: BoxTools
- application version: 4.26.1.1109
- metric collection url: https://client-log.box.com/index.php?rm=box_gen204_json_record
- metric data path: C:\Users\pcedillo\AppData\Local\Box\Box Tools\Metrics\BoxTools_Metrics.db
- post callback: 05D85D1E
- log callback: 05D85D96
- context: 00000000
- post interval in seconds: 600
- max records in a post: 100
- max db records: 500
- disable sender: true
[2024-09-24 04:09:59,794] [60   ] [INFO ] [] - Shutting down the metrics collector
[2024-09-24 04:19:59,988] [58   ] [INFO ] [] - Initializing the metrics collector
[2024-09-24 04:19:59,988] [58   ] [INFO ] [] - MetricsCollector::Sender(49): _disableSentMetrics 1
[2024-09-24 04:19:59,988] [58   ] [INFO ] [] - MetricsCollector::Initialize(231): Initialized metrics collector
- session id: 199f978b-2e0c-481b-94aa-90ca1deba1a6
- device id: 4ca35884-a93a-48fc-ad16-80b2a90aa32e
- application id: Box Tools Win exe
- application name: BoxTools
- application version: 4.26.1.1109
- metric collection url: https://client-log.box.com/index.php?rm=box_gen204_json_record
- metric data path: C:\Users\pcedillo\AppData\Local\Box\Box Tools\Metrics\BoxTools_Metrics.db
- post callback: 05D85D1E
- log callback: 05D85D96
- context: 00000000
- post interval in seconds: 600
- max records in a post: 100
- max db records: 500
- disable sender: true
[2024-09-24 04:20:00,004] [58   ] [INFO ] [] - Shutting down the metrics collector
[2024-09-24 04:30:00,144] [59   ] [INFO ] [] - Initializing the metrics collector
[2024-09-24 04:30:00,144] [59   ] [INFO ] [] - MetricsCollector::Sender(49): _disableSentMetrics 1
[2024-09-24 04:30:00,144] [59   ] [INFO ] [] - MetricsCollector::Initialize(231): Initialized metrics collector
- session id: 199f978b-2e0c-481b-94aa-90ca1deba1a6
- device id: 4ca35884-a93a-48fc-ad16-80b2a90aa32e
- application id: Box Tools Win exe
- application name: BoxTools
- application version: 4.26.1.1109
- metric collection url: https://client-log.box.com/index.php?rm=box_gen204_json_record
- metric data path: C:\Users\pcedillo\AppData\Local\Box\Box Tools\Metrics\BoxTools_Metrics.db
- post callback: 05D85D1E
- log callback: 05D85D96
- context: 00000000
- post interval in seconds: 600
- max records in a post: 100
- max db records: 500
- disable sender: true
[2024-09-24 04:30:00,160] [59   ] [INFO ] [] - Shutting down the metrics collector
[2024-09-24 04:40:00,328] [57   ] [INFO ] [] - Initializing the metrics collector
[2024-09-24 04:40:00,328] [57   ] [INFO ] [] - MetricsCollector::Sender(49): _disableSentMetrics 1
[2024-09-24 04:40:00,328] [57   ] [INFO ] [] - MetricsCollector::Initialize(231): Initialized metrics collector
- session id: 199f978b-2e0c-481b-94aa-90ca1deba1a6
- device id: 4ca35884-a93a-48fc-ad16-80b2a90aa32e
- application id: Box Tools Win exe
- application name: BoxTools
- application version: 4.26.1.1109
- metric collection url: https://client-log.box.com/index.php?rm=box_gen204_json_record
- metric data path: C:\Users\pcedillo\AppData\Local\Box\Box Tools\Metrics\BoxTools_Metrics.db
- post callback: 05D85D1E
- log callback: 05D85D96
- context: 00000000
- post interval in seconds: 600
- max records in a post: 100
- max db records: 500
- disable sender: true
[2024-09-24 04:40:00,343] [57   ] [INFO ] [] - Shutting down the metrics collector
[2024-09-24 04:50:00,465] [56   ] [INFO ] [] - Initializing the metrics collector
[2024-09-24 04:50:00,465] [56   ] [INFO ] [] - MetricsCollector::Sender(49): _disableSentMetrics 1
[2024-09-24 04:50:00,465] [56   ] [INFO ] [] - MetricsCollector::Initialize(231): Initialized metrics collector
- session id: 199f978b-2e0c-481b-94aa-90ca1deba1a6
- device id: 4ca35884-a93a-48fc-ad16-80b2a90aa32e
- application id: Box Tools Win exe
- application name: BoxTools
- application version: 4.26.1.1109
- metric collection url: https://client-log.box.com/index.php?rm=box_gen204_json_record
- metric data path: C:\Users\pcedillo\AppData\Local\Box\Box Tools\Metrics\BoxTools_Metrics.db
- post callback: 05D85D1E
- log callback: 05D85D96
- context: 00000000
- post interval in seconds: 600
- max records in a post: 100
- max db records: 500
- disable sender: true
[2024-09-24 04:50:00,481] [56   ] [INFO ] [] - Shutting down the metrics collector
[2024-09-24 05:00:00,598] [54   ] [INFO ] [] - Initializing the metrics collector
[2024-09-24 05:00:00,609] [54   ] [INFO ] [] - MetricsCollector::Sender(49): _disableSentMetrics 1
[2024-09-24 05:00:00,609] [54   ] [INFO ] [] - MetricsCollector::Initialize(231): Initialized metrics collector
- session id: 199f978b-2e0c-481b-94aa-90ca1deba1a6
- device id: 4ca35884-a93a-48fc-ad16-80b2a90aa32e
- application id: Box Tools Win exe
- application name: BoxTools
- application version: 4.26.1.1109
- metric collection url: https://client-log.box.com/index.php?rm=box_gen204_json_record
- metric data path: C:\Users\pcedillo\AppData\Local\Box\Box Tools\Metrics\BoxTools_Metrics.db
- post callback: 05D85D1E
- log callback: 05D85D96
- context: 00000000
- post interval in seconds: 600
- max records in a post: 100
- max db records: 500
- disable sender: true
[2024-09-24 05:00:00,615] [54   ] [INFO ] [] - Shutting down the metrics collector
[2024-09-24 05:10:00,737] [55   ] [INFO ] [] - Initializing the metrics collector
[2024-09-24 05:10:00,737] [55   ] [INFO ] [] - MetricsCollector::Sender(49): _disableSentMetrics 1
[2024-09-24 05:10:00,737] [55   ] [INFO ] [] - MetricsCollector::Initialize(231): Initialized metrics collector
- session id: 199f978b-2e0c-481b-94aa-90ca1deba1a6
- device id: 4ca35884-a93a-48fc-ad16-80b2a90aa32e
- application id: Box Tools Win exe
- application name: BoxTools
- application version: 4.26.1.1109
- metric collection url: https://client-log.box.com/index.php?rm=box_gen204_json_record
- metric data path: C:\Users\pcedillo\AppData\Local\Box\Box Tools\Metrics\BoxTools_Metrics.db
- post callback: 05D85D1E
- log callback: 05D85D96
- context: 00000000
- post interval in seconds: 600
- max records in a post: 100
- max db records: 500
- disable sender: true
[2024-09-24 05:10:00,753] [55   ] [INFO ] [] - Shutting down the metrics collector
[2024-09-24 05:20:00,860] [52   ] [INFO ] [] - Initializing the metrics collector
[2024-09-24 05:20:00,860] [52   ] [INFO ] [] - MetricsCollector::Sender(49): _disableSentMetrics 1
[2024-09-24 05:20:00,860] [52   ] [INFO ] [] - MetricsCollector::Initialize(231): Initialized metrics collector
- session id: 199f978b-2e0c-481b-94aa-90ca1deba1a6
- device id: 4ca35884-a93a-48fc-ad16-80b2a90aa32e
- application id: Box Tools Win exe
- application name: BoxTools
- application version: 4.26.1.1109
- metric collection url: https://client-log.box.com/index.php?rm=box_gen204_json_record
- metric data path: C:\Users\pcedillo\AppData\Local\Box\Box Tools\Metrics\BoxTools_Metrics.db
- post callback: 05D85D1E
- log callback: 05D85D96
- context: 00000000
- post interval in seconds: 600
- max records in a post: 100
- max db records: 500
- disable sender: true
[2024-09-24 05:20:00,880] [52   ] [INFO ] [] - Shutting down the metrics collector
[2024-09-24 05:30:00,979] [53   ] [INFO ] [] - Initializing the metrics collector
[2024-09-24 05:30:00,979] [53   ] [INFO ] [] - MetricsCollector::Sender(49): _disableSentMetrics 1
[2024-09-24 05:30:00,979] [53   ] [INFO ] [] - MetricsCollector::Initialize(231): Initialized metrics collector
- session id: 199f978b-2e0c-481b-94aa-90ca1deba1a6
- device id: 4ca35884-a93a-48fc-ad16-80b2a90aa32e
- application id: Box Tools Win exe
- application name: BoxTools
- application version: 4.26.1.1109
- metric collection url: https://client-log.box.com/index.php?rm=box_gen204_json_record
- metric data path: C:\Users\pcedillo\AppData\Local\Box\Box Tools\Metrics\BoxTools_Metrics.db
- post callback: 05D85D1E
- log callback: 05D85D96
- context: 00000000
- post interval in seconds: 600
- max records in a post: 100
- max db records: 500
- disable sender: true
[2024-09-24 05:30:00,994] [53   ] [INFO ] [] - Shutting down the metrics collector
[2024-09-24 05:40:01,069] [51   ] [INFO ] [] - Initializing the metrics collector
[2024-09-24 05:40:01,069] [51   ] [INFO ] [] - MetricsCollector::Sender(49): _disableSentMetrics 1
[2024-09-24 05:40:01,069] [51   ] [INFO ] [] - MetricsCollector::Initialize(231): Initialized metrics collector
- session id: 199f978b-2e0c-481b-94aa-90ca1deba1a6
- device id: 4ca35884-a93a-48fc-ad16-80b2a90aa32e
- application id: Box Tools Win exe
- application name: BoxTools
- application version: 4.26.1.1109
- metric collection url: https://client-log.box.com/index.php?rm=box_gen204_json_record
- metric data path: C:\Users\pcedillo\AppData\Local\Box\Box Tools\Metrics\BoxTools_Metrics.db
- post callback: 05D85D1E
- log callback: 05D85D96
- context: 00000000
- post interval in seconds: 600
- max records in a post: 100
- max db records: 500
- disable sender: true
[2024-09-24 05:40:01,085] [51   ] [INFO ] [] - Shutting down the metrics collector
[2024-09-24 05:50:01,184] [50   ] [INFO ] [] - Initializing the metrics collector
[2024-09-24 05:50:01,184] [50   ] [INFO ] [] - MetricsCollector::Sender(49): _disableSentMetrics 1
[2024-09-24 05:50:01,184] [50   ] [INFO ] [] - MetricsCollector::Initialize(231): Initialized metrics collector
- session id: 199f978b-2e0c-481b-94aa-90ca1deba1a6
- device id: 4ca35884-a93a-48fc-ad16-80b2a90aa32e
- application id: Box Tools Win exe
- application name: BoxTools
- application version: 4.26.1.1109
- metric collection url: https://client-log.box.com/index.php?rm=box_gen204_json_record
- metric data path: C:\Users\pcedillo\AppData\Local\Box\Box Tools\Metrics\BoxTools_Metrics.db
- post callback: 05D85D1E
- log callback: 05D85D96
- context: 00000000
- post interval in seconds: 600
- max records in a post: 100
- max db records: 500
- disable sender: true
[2024-09-24 05:50:01,200] [50   ] [INFO ] [] - Shutting down the metrics collector
[2024-09-24 06:00:01,259] [49   ] [INFO ] [] - Initializing the metrics collector
[2024-09-24 06:00:01,259] [49   ] [INFO ] [] - MetricsCollector::Sender(49): _disableSentMetrics 1
[2024-09-24 06:00:01,259] [49   ] [INFO ] [] - MetricsCollector::Initialize(231): Initialized metrics collector
- session id: 199f978b-2e0c-481b-94aa-90ca1deba1a6
- device id: 4ca35884-a93a-48fc-ad16-80b2a90aa32e
- application id: Box Tools Win exe
- application name: BoxTools
- application version: 4.26.1.1109
- metric collection url: https://client-log.box.com/index.php?rm=box_gen204_json_record
- metric data path: C:\Users\pcedillo\AppData\Local\Box\Box Tools\Metrics\BoxTools_Metrics.db
- post callback: 05D85D1E
- log callback: 05D85D96
- context: 00000000
- post interval in seconds: 600
- max records in a post: 100
- max db records: 500
- disable sender: true
[2024-09-24 06:00:01,275] [49   ] [INFO ] [] - Shutting down the metrics collector
[2024-09-24 06:10:01,347] [48   ] [INFO ] [] - Initializing the metrics collector
[2024-09-24 06:10:01,347] [48   ] [INFO ] [] - MetricsCollector::Sender(49): _disableSentMetrics 1
[2024-09-24 06:10:01,347] [48   ] [INFO ] [] - MetricsCollector::Initialize(231): Initialized metrics collector
- session id: 199f978b-2e0c-481b-94aa-90ca1deba1a6
- device id: 4ca35884-a93a-48fc-ad16-80b2a90aa32e
- application id: Box Tools Win exe
- application name: BoxTools
- application version: 4.26.1.1109
- metric collection url: https://client-log.box.com/index.php?rm=box_gen204_json_record
- metric data path: C:\Users\pcedillo\AppData\Local\Box\Box Tools\Metrics\BoxTools_Metrics.db
- post callback: 05D85D1E
- log callback: 05D85D96
- context: 00000000
- post interval in seconds: 600
- max records in a post: 100
- max db records: 500
- disable sender: true
[2024-09-24 06:10:01,363] [48   ] [INFO ] [] - Shutting down the metrics collector
[2024-09-24 06:20:01,447] [47   ] [INFO ] [] - Initializing the metrics collector
[2024-09-24 06:20:01,447] [47   ] [INFO ] [] - MetricsCollector::Sender(49): _disableSentMetrics 1
[2024-09-24 06:20:01,447] [47   ] [INFO ] [] - MetricsCollector::Initialize(231): Initialized metrics collector
- session id: 199f978b-2e0c-481b-94aa-90ca1deba1a6
- device id: 4ca35884-a93a-48fc-ad16-80b2a90aa32e
- application id: Box Tools Win exe
- application name: BoxTools
- application version: 4.26.1.1109
- metric collection url: https://client-log.box.com/index.php?rm=box_gen204_json_record
- metric data path: C:\Users\pcedillo\AppData\Local\Box\Box Tools\Metrics\BoxTools_Metrics.db
- post callback: 05D85D1E
- log callback: 05D85D96
- context: 00000000
- post interval in seconds: 600
- max records in a post: 100
- max db records: 500
- disable sender: true
[2024-09-24 06:20:01,462] [47   ] [INFO ] [] - Shutting down the metrics collector
[2024-09-24 06:30:01,519] [46   ] [INFO ] [] - Initializing the metrics collector
[2024-09-24 06:30:01,519] [46   ] [INFO ] [] - MetricsCollector::Sender(49): _disableSentMetrics 1
[2024-09-24 06:30:01,519] [46   ] [INFO ] [] - MetricsCollector::Initialize(231): Initialized metrics collector
- session id: 199f978b-2e0c-481b-94aa-90ca1deba1a6
- device id: 4ca35884-a93a-48fc-ad16-80b2a90aa32e
- application id: Box Tools Win exe
- application name: BoxTools
- application version: 4.26.1.1109
- metric collection url: https://client-log.box.com/index.php?rm=box_gen204_json_record
- metric data path: C:\Users\pcedillo\AppData\Local\Box\Box Tools\Metrics\BoxTools_Metrics.db
- post callback: 05D85D1E
- log callback: 05D85D96
- context: 00000000
- post interval in seconds: 600
- max records in a post: 100
- max db records: 500
- disable sender: true
[2024-09-24 06:30:01,535] [46   ] [INFO ] [] - Shutting down the metrics collector
[2024-09-24 06:40:01,579] [45   ] [INFO ] [] - Initializing the metrics collector
[2024-09-24 06:40:01,579] [45   ] [INFO ] [] - MetricsCollector::Sender(49): _disableSentMetrics 1
[2024-09-24 06:40:01,579] [45   ] [INFO ] [] - MetricsCollector::Initialize(231): Initialized metrics collector
- session id: 199f978b-2e0c-481b-94aa-90ca1deba1a6
- device id: 4ca35884-a93a-48fc-ad16-80b2a90aa32e
- application id: Box Tools Win exe
- application name: BoxTools
- application version: 4.26.1.1109
- metric collection url: https://client-log.box.com/index.php?rm=box_gen204_json_record
- metric data path: C:\Users\pcedillo\AppData\Local\Box\Box Tools\Metrics\BoxTools_Metrics.db
- post callback: 05D85D1E
- log callback: 05D85D96
- context: 00000000
- post interval in seconds: 600
- max records in a post: 100
- max db records: 500
- disable sender: true
[2024-09-24 06:40:01,595] [45   ] [INFO ] [] - Shutting down the metrics collector
[2024-09-24 06:50:01,656] [44   ] [INFO ] [] - Initializing the metrics collector
[2024-09-24 06:50:01,656] [44   ] [INFO ] [] - MetricsCollector::Sender(49): _disableSentMetrics 1
[2024-09-24 06:50:01,656] [44   ] [INFO ] [] - MetricsCollector::Initialize(231): Initialized metrics collector
- session id: 199f978b-2e0c-481b-94aa-90ca1deba1a6
- device id: 4ca35884-a93a-48fc-ad16-80b2a90aa32e
- application id: Box Tools Win exe
- application name: BoxTools
- application version: 4.26.1.1109
- metric collection url: https://client-log.box.com/index.php?rm=box_gen204_json_record
- metric data path: C:\Users\pcedillo\AppData\Local\Box\Box Tools\Metrics\BoxTools_Metrics.db
- post callback: 05D85D1E
- log callback: 05D85D96
- context: 00000000
- post interval in seconds: 600
- max records in a post: 100
- max db records: 500
- disable sender: true
[2024-09-24 06:50:01,672] [44   ] [INFO ] [] - Shutting down the metrics collector
[2024-09-24 07:00:01,704] [43   ] [INFO ] [] - Initializing the metrics collector
[2024-09-24 07:00:01,704] [43   ] [INFO ] [] - MetricsCollector::Sender(49): _disableSentMetrics 1
[2024-09-24 07:00:01,704] [43   ] [INFO ] [] - MetricsCollector::Initialize(231): Initialized metrics collector
- session id: 199f978b-2e0c-481b-94aa-90ca1deba1a6
- device id: 4ca35884-a93a-48fc-ad16-80b2a90aa32e
- application id: Box Tools Win exe
- application name: BoxTools
- application version: 4.26.1.1109
- metric collection url: https://client-log.box.com/index.php?rm=box_gen204_json_record
- metric data path: C:\Users\pcedillo\AppData\Local\Box\Box Tools\Metrics\BoxTools_Metrics.db
- post callback: 05D85D1E
- log callback: 05D85D96
- context: 00000000
- post interval in seconds: 600
- max records in a post: 100
- max db records: 500
- disable sender: true
[2024-09-24 07:00:01,723] [43   ] [INFO ] [] - Shutting down the metrics collector
[2024-09-24 07:10:01,775] [42   ] [INFO ] [] - Initializing the metrics collector
[2024-09-24 07:10:01,775] [42   ] [INFO ] [] - MetricsCollector::Sender(49): _disableSentMetrics 1
[2024-09-24 07:10:01,775] [42   ] [INFO ] [] - MetricsCollector::Initialize(231): Initialized metrics collector
- session id: 199f978b-2e0c-481b-94aa-90ca1deba1a6
- device id: 4ca35884-a93a-48fc-ad16-80b2a90aa32e
- application id: Box Tools Win exe
- application name: BoxTools
- application version: 4.26.1.1109
- metric collection url: https://client-log.box.com/index.php?rm=box_gen204_json_record
- metric data path: C:\Users\pcedillo\AppData\Local\Box\Box Tools\Metrics\BoxTools_Metrics.db
- post callback: 05D85D1E
- log callback: 05D85D96
- context: 00000000
- post interval in seconds: 600
- max records in a post: 100
- max db records: 500
- disable sender: true
[2024-09-24 07:10:01,791] [42   ] [INFO ] [] - Shutting down the metrics collector
[2024-09-24 07:20:01,813] [41   ] [INFO ] [] - Initializing the metrics collector
[2024-09-24 07:20:01,813] [41   ] [INFO ] [] - MetricsCollector::Sender(49): _disableSentMetrics 1
[2024-09-24 07:20:01,813] [41   ] [INFO ] [] - MetricsCollector::Initialize(231): Initialized metrics collector
- session id: 199f978b-2e0c-481b-94aa-90ca1deba1a6
- device id: 4ca35884-a93a-48fc-ad16-80b2a90aa32e
- application id: Box Tools Win exe
- application name: BoxTools
- application version: 4.26.1.1109
- metric collection url: https://client-log.box.com/index.php?rm=box_gen204_json_record
- metric data path: C:\Users\pcedillo\AppData\Local\Box\Box Tools\Metrics\BoxTools_Metrics.db
- post callback: 05D85D1E
- log callback: 05D85D96
- context: 00000000
- post interval in seconds: 600
- max records in a post: 100
- max db records: 500
- disable sender: true
[2024-09-24 07:20:01,834] [41   ] [INFO ] [] - Shutting down the metrics collector
[2024-09-24 07:30:01,871] [40   ] [INFO ] [] - Initializing the metrics collector
[2024-09-24 07:30:01,871] [40   ] [INFO ] [] - MetricsCollector::Sender(49): _disableSentMetrics 1
[2024-09-24 07:30:01,871] [40   ] [INFO ] [] - MetricsCollector::Initialize(231): Initialized metrics collector
- session id: 199f978b-2e0c-481b-94aa-90ca1deba1a6
- device id: 4ca35884-a93a-48fc-ad16-80b2a90aa32e
- application id: Box Tools Win exe
- application name: BoxTools
- application version: 4.26.1.1109
- metric collection url: https://client-log.box.com/index.php?rm=box_gen204_json_record
- metric data path: C:\Users\pcedillo\AppData\Local\Box\Box Tools\Metrics\BoxTools_Metrics.db
- post callback: 05D85D1E
- log callback: 05D85D96
- context: 00000000
- post interval in seconds: 600
- max records in a post: 100
- max db records: 500
- disable sender: true
[2024-09-24 07:30:01,888] [40   ] [INFO ] [] - Shutting down the metrics collector
[2024-09-24 07:40:01,926] [38   ] [INFO ] [] - Initializing the metrics collector
[2024-09-24 07:40:01,926] [38   ] [INFO ] [] - MetricsCollector::Sender(49): _disableSentMetrics 1
[2024-09-24 07:40:01,926] [38   ] [INFO ] [] - MetricsCollector::Initialize(231): Initialized metrics collector
- session id: 199f978b-2e0c-481b-94aa-90ca1deba1a6
- device id: 4ca35884-a93a-48fc-ad16-80b2a90aa32e
- application id: Box Tools Win exe
- application name: BoxTools
- application version: 4.26.1.1109
- metric collection url: https://client-log.box.com/index.php?rm=box_gen204_json_record
- metric data path: C:\Users\pcedillo\AppData\Local\Box\Box Tools\Metrics\BoxTools_Metrics.db
- post callback: 05D85D1E
- log callback: 05D85D96
- context: 00000000
- post interval in seconds: 600
- max records in a post: 100
- max db records: 500
- disable sender: true
[2024-09-24 07:40:01,942] [38   ] [INFO ] [] - Shutting down the metrics collector
[2024-09-24 07:50:01,984] [39   ] [INFO ] [] - Initializing the metrics collector
[2024-09-24 07:50:01,984] [39   ] [INFO ] [] - MetricsCollector::Sender(49): _disableSentMetrics 1
[2024-09-24 07:50:01,984] [39   ] [INFO ] [] - MetricsCollector::Initialize(231): Initialized metrics collector
- session id: 199f978b-2e0c-481b-94aa-90ca1deba1a6
- device id: 4ca35884-a93a-48fc-ad16-80b2a90aa32e
- application id: Box Tools Win exe
- application name: BoxTools
- application version: 4.26.1.1109
- metric collection url: https://client-log.box.com/index.php?rm=box_gen204_json_record
- metric data path: C:\Users\pcedillo\AppData\Local\Box\Box Tools\Metrics\BoxTools_Metrics.db
- post callback: 05D85D1E
- log callback: 05D85D96
- context: 00000000
- post interval in seconds: 600
- max records in a post: 100
- max db records: 500
- disable sender: true
[2024-09-24 07:50:01,999] [39   ] [INFO ] [] - Shutting down the metrics collector
[2024-09-24 08:00:02,008] [36   ] [INFO ] [] - Initializing the metrics collector
[2024-09-24 08:00:02,016] [36   ] [INFO ] [] - MetricsCollector::Sender(49): _disableSentMetrics 1
[2024-09-24 08:00:02,016] [36   ] [INFO ] [] - MetricsCollector::Initialize(231): Initialized metrics collector
- session id: 199f978b-2e0c-481b-94aa-90ca1deba1a6
- device id: 4ca35884-a93a-48fc-ad16-80b2a90aa32e
- application id: Box Tools Win exe
- application name: BoxTools
- application version: 4.26.1.1109
- metric collection url: https://client-log.box.com/index.php?rm=box_gen204_json_record
- metric data path: C:\Users\pcedillo\AppData\Local\Box\Box Tools\Metrics\BoxTools_Metrics.db
- post callback: 05D85D1E
- log callback: 05D85D96
- context: 00000000
- post interval in seconds: 600
- max records in a post: 100
- max db records: 500
- disable sender: true
[2024-09-24 08:00:02,024] [36   ] [INFO ] [] - Shutting down the metrics collector
[2024-09-24 08:10:02,052] [37   ] [INFO ] [] - Initializing the metrics collector
[2024-09-24 08:10:02,068] [37   ] [INFO ] [] - MetricsCollector::Sender(49): _disableSentMetrics 1
[2024-09-24 08:10:02,068] [37   ] [INFO ] [] - MetricsCollector::Initialize(231): Initialized metrics collector
- session id: 199f978b-2e0c-481b-94aa-90ca1deba1a6
- device id: 4ca35884-a93a-48fc-ad16-80b2a90aa32e
- application id: Box Tools Win exe
- application name: BoxTools
- application version: 4.26.1.1109
- metric collection url: https://client-log.box.com/index.php?rm=box_gen204_json_record
- metric data path: C:\Users\pcedillo\AppData\Local\Box\Box Tools\Metrics\BoxTools_Metrics.db
- post callback: 05D85D1E
- log callback: 05D85D96
- context: 00000000
- post interval in seconds: 600
- max records in a post: 100
- max db records: 500
- disable sender: true
[2024-09-24 08:10:02,083] [37   ] [INFO ] [] - Shutting down the metrics collector
[2024-09-24 08:20:02,086] [39   ] [INFO ] [] - Initializing the metrics collector
[2024-09-24 08:20:02,086] [39   ] [INFO ] [] - MetricsCollector::Sender(49): _disableSentMetrics 1
[2024-09-24 08:20:02,086] [39   ] [INFO ] [] - MetricsCollector::Initialize(231): Initialized metrics collector
- session id: 199f978b-2e0c-481b-94aa-90ca1deba1a6
- device id: 4ca35884-a93a-48fc-ad16-80b2a90aa32e
- application id: Box Tools Win exe
- application name: BoxTools
- application version: 4.26.1.1109
- metric collection url: https://client-log.box.com/index.php?rm=box_gen204_json_record
- metric data path: C:\Users\pcedillo\AppData\Local\Box\Box Tools\Metrics\BoxTools_Metrics.db
- post callback: 05D85D1E
- log callback: 05D85D96
- context: 00000000
- post interval in seconds: 600
- max records in a post: 100
- max db records: 500
- disable sender: true
[2024-09-24 08:20:02,102] [39   ] [INFO ] [] - Shutting down the metrics collector
[2024-09-24 08:30:02,108] [38   ] [INFO ] [] - Initializing the metrics collector
[2024-09-24 08:30:02,109] [38   ] [INFO ] [] - MetricsCollector::Sender(49): _disableSentMetrics 1
[2024-09-24 08:30:02,109] [38   ] [INFO ] [] - MetricsCollector::Initialize(231): Initialized metrics collector
- session id: 199f978b-2e0c-481b-94aa-90ca1deba1a6
- device id: 4ca35884-a93a-48fc-ad16-80b2a90aa32e
- application id: Box Tools Win exe
- application name: BoxTools
- application version: 4.26.1.1109
- metric collection url: https://client-log.box.com/index.php?rm=box_gen204_json_record
- metric data path: C:\Users\pcedillo\AppData\Local\Box\Box Tools\Metrics\BoxTools_Metrics.db
- post callback: 05D85D1E
- log callback: 05D85D96
- context: 00000000
- post interval in seconds: 600
- max records in a post: 100
- max db records: 500
- disable sender: true
[2024-09-24 08:30:02,124] [38   ] [INFO ] [] - Shutting down the metrics collector
[2024-09-24 08:40:02,140] [40   ] [INFO ] [] - Initializing the metrics collector
[2024-09-24 08:40:02,140] [40   ] [INFO ] [] - MetricsCollector::Sender(49): _disableSentMetrics 1
[2024-09-24 08:40:02,140] [40   ] [INFO ] [] - MetricsCollector::Initialize(231): Initialized metrics collector
- session id: 199f978b-2e0c-481b-94aa-90ca1deba1a6
- device id: 4ca35884-a93a-48fc-ad16-80b2a90aa32e
- application id: Box Tools Win exe
- application name: BoxTools
- application version: 4.26.1.1109
- metric collection url: https://client-log.box.com/index.php?rm=box_gen204_json_record
- metric data path: C:\Users\pcedillo\AppData\Local\Box\Box Tools\Metrics\BoxTools_Metrics.db
- post callback: 05D85D1E
- log callback: 05D85D96
- context: 00000000
- post interval in seconds: 600
- max records in a post: 100
- max db records: 500
- disable sender: true
[2024-09-24 08:40:02,155] [40   ] [INFO ] [] - Shutting down the metrics collector
[2024-09-24 08:50:02,170] [41   ] [INFO ] [] - Initializing the metrics collector
[2024-09-24 08:50:02,170] [41   ] [INFO ] [] - MetricsCollector::Sender(49): _disableSentMetrics 1
[2024-09-24 08:50:02,170] [41   ] [INFO ] [] - MetricsCollector::Initialize(231): Initialized metrics collector
- session id: 199f978b-2e0c-481b-94aa-90ca1deba1a6
- device id: 4ca35884-a93a-48fc-ad16-80b2a90aa32e
- application id: Box Tools Win exe
- application name: BoxTools
- application version: 4.26.1.1109
- metric collection url: https://client-log.box.com/index.php?rm=box_gen204_json_record
- metric data path: C:\Users\pcedillo\AppData\Local\Box\Box Tools\Metrics\BoxTools_Metrics.db
- post callback: 05D85D1E
- log callback: 05D85D96
- context: 00000000
- post interval in seconds: 600
- max records in a post: 100
- max db records: 500
- disable sender: true
[2024-09-24 08:50:02,186] [41   ] [INFO ] [] - Shutting down the metrics collector
[2024-09-24 09:00:02,208] [42   ] [INFO ] [] - Initializing the metrics collector
[2024-09-24 09:00:02,208] [42   ] [INFO ] [] - MetricsCollector::Sender(49): _disableSentMetrics 1
[2024-09-24 09:00:02,208] [42   ] [INFO ] [] - MetricsCollector::Initialize(231): Initialized metrics collector
- session id: 199f978b-2e0c-481b-94aa-90ca1deba1a6
- device id: 4ca35884-a93a-48fc-ad16-80b2a90aa32e
- application id: Box Tools Win exe
- application name: BoxTools
- application version: 4.26.1.1109
- metric collection url: https://client-log.box.com/index.php?rm=box_gen204_json_record
- metric data path: C:\Users\pcedillo\AppData\Local\Box\Box Tools\Metrics\BoxTools_Metrics.db
- post callback: 05D85D1E
- log callback: 05D85D96
- context: 00000000
- post interval in seconds: 600
- max records in a post: 100
- max db records: 500
- disable sender: true
[2024-09-24 09:00:02,229] [42   ] [INFO ] [] - Shutting down the metrics collector
[2024-09-24 09:10:02,224] [43   ] [INFO ] [] - Initializing the metrics collector
[2024-09-24 09:10:02,224] [43   ] [INFO ] [] - MetricsCollector::Sender(49): _disableSentMetrics 1
[2024-09-24 09:10:02,224] [43   ] [INFO ] [] - MetricsCollector::Initialize(231): Initialized metrics collector
- session id: 199f978b-2e0c-481b-94aa-90ca1deba1a6
- device id: 4ca35884-a93a-48fc-ad16-80b2a90aa32e
- application id: Box Tools Win exe
- application name: BoxTools
- application version: 4.26.1.1109
- metric collection url: https://client-log.box.com/index.php?rm=box_gen204_json_record
- metric data path: C:\Users\pcedillo\AppData\Local\Box\Box Tools\Metrics\BoxTools_Metrics.db
- post callback: 05D85D1E
- log callback: 05D85D96
- context: 00000000
- post interval in seconds: 600
- max records in a post: 100
- max db records: 500
- disable sender: true
[2024-09-24 09:10:02,241] [43   ] [INFO ] [] - Shutting down the metrics collector
[2024-09-24 09:20:02,254] [44   ] [INFO ] [] - Initializing the metrics collector
[2024-09-24 09:20:02,254] [44   ] [INFO ] [] - MetricsCollector::Sender(49): _disableSentMetrics 1
[2024-09-24 09:20:02,254] [44   ] [INFO ] [] - MetricsCollector::Initialize(231): Initialized metrics collector
- session id: 199f978b-2e0c-481b-94aa-90ca1deba1a6
- device id: 4ca35884-a93a-48fc-ad16-80b2a90aa32e
- application id: Box Tools Win exe
- application name: BoxTools
- application version: 4.26.1.1109
- metric collection url: https://client-log.box.com/index.php?rm=box_gen204_json_record
- metric data path: C:\Users\pcedillo\AppData\Local\Box\Box Tools\Metrics\BoxTools_Metrics.db
- post callback: 05D85D1E
- log callback: 05D85D96
- context: 00000000
- post interval in seconds: 600
- max records in a post: 100
- max db records: 500
- disable sender: true
[2024-09-24 09:20:02,270] [44   ] [INFO ] [] - Shutting down the metrics collector
[2024-09-24 09:30:02,278] [45   ] [INFO ] [] - Initializing the metrics collector
[2024-09-24 09:30:02,278] [45   ] [INFO ] [] - MetricsCollector::Sender(49): _disableSentMetrics 1
[2024-09-24 09:30:02,278] [45   ] [INFO ] [] - MetricsCollector::Initialize(231): Initialized metrics collector
- session id: 199f978b-2e0c-481b-94aa-90ca1deba1a6
- device id: 4ca35884-a93a-48fc-ad16-80b2a90aa32e
- application id: Box Tools Win exe
- application name: BoxTools
- application version: 4.26.1.1109
- metric collection url: https://client-log.box.com/index.php?rm=box_gen204_json_record
- metric data path: C:\Users\pcedillo\AppData\Local\Box\Box Tools\Metrics\BoxTools_Metrics.db
- post callback: 05D85D1E
- log callback: 05D85D96
- context: 00000000
- post interval in seconds: 600
- max records in a post: 100
- max db records: 500
- disable sender: true
[2024-09-24 09:30:02,294] [45   ] [INFO ] [] - Shutting down the metrics collector
[2024-09-24 09:40:02,320] [47   ] [INFO ] [] - Initializing the metrics collector
[2024-09-24 09:40:02,320] [47   ] [INFO ] [] - MetricsCollector::Sender(49): _disableSentMetrics 1
[2024-09-24 09:40:02,320] [47   ] [INFO ] [] - MetricsCollector::Initialize(231): Initialized metrics collector
- session id: 199f978b-2e0c-481b-94aa-90ca1deba1a6
- device id: 4ca35884-a93a-48fc-ad16-80b2a90aa32e
- application id: Box Tools Win exe
- application name: BoxTools
- application version: 4.26.1.1109
- metric collection url: https://client-log.box.com/index.php?rm=box_gen204_json_record
- metric data path: C:\Users\pcedillo\AppData\Local\Box\Box Tools\Metrics\BoxTools_Metrics.db
- post callback: 05D85D1E
- log callback: 05D85D96
- context: 00000000
- post interval in seconds: 600
- max records in a post: 100
- max db records: 500
- disable sender: true
[2024-09-24 09:40:02,335] [47   ] [INFO ] [] - Shutting down the metrics collector
[2024-09-24 09:50:02,341] [46   ] [INFO ] [] - Initializing the metrics collector
[2024-09-24 09:50:02,341] [46   ] [INFO ] [] - MetricsCollector::Sender(49): _disableSentMetrics 1
[2024-09-24 09:50:02,341] [46   ] [INFO ] [] - MetricsCollector::Initialize(231): Initialized metrics collector
- session id: 199f978b-2e0c-481b-94aa-90ca1deba1a6
- device id: 4ca35884-a93a-48fc-ad16-80b2a90aa32e
- application id: Box Tools Win exe
- application name: BoxTools
- application version: 4.26.1.1109
- metric collection url: https://client-log.box.com/index.php?rm=box_gen204_json_record
- metric data path: C:\Users\pcedillo\AppData\Local\Box\Box Tools\Metrics\BoxTools_Metrics.db
- post callback: 05D85D1E
- log callback: 05D85D96
- context: 00000000
- post interval in seconds: 600
- max records in a post: 100
- max db records: 500
- disable sender: true
[2024-09-24 09:50:02,356] [46   ] [INFO ] [] - Shutting down the metrics collector
[2024-09-24 10:00:02,380] [48   ] [INFO ] [] - Initializing the metrics collector
[2024-09-24 10:00:02,380] [48   ] [INFO ] [] - MetricsCollector::Sender(49): _disableSentMetrics 1
[2024-09-24 10:00:02,380] [48   ] [INFO ] [] - MetricsCollector::Initialize(231): Initialized metrics collector
- session id: 199f978b-2e0c-481b-94aa-90ca1deba1a6
- device id: 4ca35884-a93a-48fc-ad16-80b2a90aa32e
- application id: Box Tools Win exe
- application name: BoxTools
- application version: 4.26.1.1109
- metric collection url: https://client-log.box.com/index.php?rm=box_gen204_json_record
- metric data path: C:\Users\pcedillo\AppData\Local\Box\Box Tools\Metrics\BoxTools_Metrics.db
- post callback: 05D85D1E
- log callback: 05D85D96
- context: 00000000
- post interval in seconds: 600
- max records in a post: 100
- max db records: 500
- disable sender: true
[2024-09-24 10:00:02,396] [48   ] [INFO ] [] - Shutting down the metrics collector
[2024-09-24 10:10:02,386] [49   ] [INFO ] [] - Initializing the metrics collector
[2024-09-24 10:10:02,386] [49   ] [INFO ] [] - MetricsCollector::Sender(49): _disableSentMetrics 1
[2024-09-24 10:10:02,386] [49   ] [INFO ] [] - MetricsCollector::Initialize(231): Initialized metrics collector
- session id: 199f978b-2e0c-481b-94aa-90ca1deba1a6
- device id: 4ca35884-a93a-48fc-ad16-80b2a90aa32e
- application id: Box Tools Win exe
- application name: BoxTools
- application version: 4.26.1.1109
- metric collection url: https://client-log.box.com/index.php?rm=box_gen204_json_record
- metric data path: C:\Users\pcedillo\AppData\Local\Box\Box Tools\Metrics\BoxTools_Metrics.db
- post callback: 05D85D1E
- log callback: 05D85D96
- context: 00000000
- post interval in seconds: 600
- max records in a post: 100
- max db records: 500
- disable sender: true
[2024-09-24 10:10:02,406] [49   ] [INFO ] [] - Shutting down the metrics collector
