[2025-04-01 10:58:02,869] [1    ] [INFO ] [] - ========== Box Edit v4.28.1.1163 ==========
[2025-04-01 10:58:03,312] [1    ] [INFO ] [] - Command Line: "C:\Users\pcedillo\AppData\Local\Box\Box Edit\Box Edit.exe" 
[2025-04-01 10:58:22,645] [1    ] [INFO ] [] - Getting DebugLogging value from CurrentUser
[2025-04-01 10:58:22,653] [1    ] [INFO ] [] - Working with debug logging OFF
[2025-04-01 10:58:23,461] [1    ] [INFO ] [] - Days to keep files in cache set to 7
[2025-04-01 10:58:29,061] [1    ] [INFO ] [] - LocalMachine RegistryKey not set
[2025-04-01 10:58:29,441] [1    ] [INFO ] [] - DeviceId::CheckDeviceId(488): Starting DeviceId generator.
[2025-04-01 10:58:29,484] [1    ] [INFO ] [] - DeviceId::CheckDeviceId(515): Global mutex obtained. Start checking.
[2025-04-01 10:58:33,310] [1    ] [INFO ] [] - DeviceId::RestoreAndValidateGlobalProperites(331): Restored global DeviceId
[2025-04-01 10:58:33,316] [1    ] [INFO ] [] - DeviceId::RestoreAndValidateGlobalProperites(341): Restored global DeviceData
[2025-04-01 10:58:33,325] [1    ] [INFO ] [] - DeviceId::PerformChecking(452): Checking DeviceData.
[2025-04-01 10:58:33,671] [1    ] [INFO ] [] - DeviceId::PerformChecking(453): DeviceData read from registry: {"ComputerSystemProductUUID":"700230CC-1E9B-11B2-A85C-9D1389205BDA","Version":1}
[2025-04-01 10:58:33,674] [1    ] [INFO ] [] - DeviceId::PerformChecking(454): Generated DeviceData: {"ComputerSystemProductUUID":"700230CC-1E9B-11B2-A85C-9D1389205BDA","Version":1}
[2025-04-01 10:58:33,680] [1    ] [INFO ] [] - DeviceId::ClearLocalProperites(431): Clearing local properties
[2025-04-01 10:58:34,107] [8    ] [INFO ] [] - Starting Autoupdater
[2025-04-01 10:58:34,112] [8    ] [INFO ] [] - Starting update check timer - delay: 00:00:05, interval: 05:57:00
[2025-04-01 10:58:36,203] [1    ] [INFO ] [] - Running pipe server using box_edit_pipe1 as pipe name
[2025-04-01 10:58:36,311] [1    ] [INFO ] [] - .NET Version: unknown (533320) - 4.0.30319.42000
[2025-04-01 10:58:36,471] [13   ] [INFO ] [] - Sending async metric DotNetVersion to Gen204 json endpoint.
[2025-04-01 10:58:39,190] [11   ] [INFO ] [] - Scheduling next upgrade check: Delay
[2025-04-01 10:58:39,213] [11   ] [INFO ] [] - Next autoupgrade timer will fire after: 1.00:00:00
[2025-04-01 10:58:39,229] [11   ] [INFO ] [] - Checking for upgrade
[2025-04-01 10:58:39,239] [11   ] [INFO ] [] - .NET Version - installed 533320, expected: 528040
[2025-04-01 10:58:39,242] [11   ] [INFO ] [] - result: True
[2025-04-01 10:58:39,256] [11   ] [INFO ] [] - Checking for upgrades
[2025-04-01 10:58:39,296] [11   ] [INFO ] [] - Url used to upgrade: https://cdn07.boxcdn.net/BoxEditAutoupdate2.json
[2025-04-01 10:58:41,274] [10   ] [INFO ] [] - Initializing the metrics collector
[2025-04-01 10:58:41,430] [10   ] [INFO ] [] - MetricsCollector::Sender(49): _disableSentMetrics 1
[2025-04-01 10:58:41,433] [10   ] [INFO ] [] - MetricsCollector::Initialize(231): Initialized metrics collector
- session id: 1feed9b5-c735-4bd5-b91b-46c6cf554453
- device id: 4ca35884-a93a-48fc-ad16-80b2a90aa32e
- application id: Box Tools Win exe
- application name: BoxTools
- application version: 4.28.1.1163
- metric collection url: https://client-log.box.com/index.php?rm=box_gen204_json_record
- metric data path: C:\Users\pcedillo\AppData\Local\Box\Box Tools\Metrics\BoxTools_Metrics_EFD61745.db
- post callback: 05C43946
- log callback: 05C43856
- context: 00000000
- post interval in seconds: 600
- max records in a post: 100
- max db records: 500
- disable sender: true
[2025-04-01 10:58:41,520] [10   ] [INFO ] [] - Shutting down the metrics collector
[2025-04-01 10:58:42,269] [13   ] [INFO ] [] - Metric ingestion endpoint response: NoContent
[2025-04-01 10:58:43,718] [11   ] [INFO ] [] - ### current version track name: 4.28.1
[2025-04-01 10:58:43,724] [11   ] [INFO ] [] - No custom track name in registry
[2025-04-01 10:58:43,732] [11   ] [WARN ] [] - Track 4.28.1 not found
[2025-04-01 10:58:43,739] [11   ] [INFO ] [] - Track default for upgrade found
[2025-04-01 10:58:43,756] [11   ] [INFO ] [] - RolloutID set to 61
[2025-04-01 10:58:43,762] [11   ] [INFO ] [] - No upgrade available
[2025-04-01 10:58:43,764] [11   ] [INFO ] [] - Check for updates returned None
[2025-04-01 10:58:43,766] [11   ] [INFO ] [] - Scheduling next upgrade check: Reset
[2025-04-01 10:58:43,767] [11   ] [INFO ] [] - Next autoupgrade timer will fire after: 05:01:00
[2025-04-01 11:08:41,245] [17   ] [INFO ] [] - Initializing the metrics collector
[2025-04-01 11:08:41,290] [17   ] [INFO ] [] - MetricsCollector::Sender(49): _disableSentMetrics 1
[2025-04-01 11:08:41,292] [17   ] [INFO ] [] - MetricsCollector::Initialize(231): Initialized metrics collector
- session id: 1feed9b5-c735-4bd5-b91b-46c6cf554453
- device id: 4ca35884-a93a-48fc-ad16-80b2a90aa32e
- application id: Box Tools Win exe
- application name: BoxTools
- application version: 4.28.1.1163
- metric collection url: https://client-log.box.com/index.php?rm=box_gen204_json_record
- metric data path: C:\Users\pcedillo\AppData\Local\Box\Box Tools\Metrics\BoxTools_Metrics_EFD61745.db
- post callback: 05C43946
- log callback: 05C43856
- context: 00000000
- post interval in seconds: 600
- max records in a post: 100
- max db records: 500
- disable sender: true
[2025-04-01 11:08:41,342] [17   ] [INFO ] [] - Shutting down the metrics collector
[2025-04-01 11:18:41,235] [14   ] [INFO ] [] - Initializing the metrics collector
[2025-04-01 11:18:41,283] [14   ] [INFO ] [] - MetricsCollector::Sender(49): _disableSentMetrics 1
[2025-04-01 11:18:41,286] [14   ] [INFO ] [] - MetricsCollector::Initialize(231): Initialized metrics collector
- session id: 1feed9b5-c735-4bd5-b91b-46c6cf554453
- device id: 4ca35884-a93a-48fc-ad16-80b2a90aa32e
- application id: Box Tools Win exe
- application name: BoxTools
- application version: 4.28.1.1163
- metric collection url: https://client-log.box.com/index.php?rm=box_gen204_json_record
- metric data path: C:\Users\pcedillo\AppData\Local\Box\Box Tools\Metrics\BoxTools_Metrics_EFD61745.db
- post callback: 05C43946
- log callback: 05C43856
- context: 00000000
- post interval in seconds: 600
- max records in a post: 100
- max db records: 500
- disable sender: true
[2025-04-01 11:18:41,336] [14   ] [INFO ] [] - Shutting down the metrics collector
[2025-04-01 11:28:41,246] [13   ] [INFO ] [] - Initializing the metrics collector
[2025-04-01 11:28:41,273] [13   ] [INFO ] [] - MetricsCollector::Sender(49): _disableSentMetrics 1
[2025-04-01 11:28:41,274] [13   ] [INFO ] [] - MetricsCollector::Initialize(231): Initialized metrics collector
- session id: 1feed9b5-c735-4bd5-b91b-46c6cf554453
- device id: 4ca35884-a93a-48fc-ad16-80b2a90aa32e
- application id: Box Tools Win exe
- application name: BoxTools
- application version: 4.28.1.1163
- metric collection url: https://client-log.box.com/index.php?rm=box_gen204_json_record
- metric data path: C:\Users\pcedillo\AppData\Local\Box\Box Tools\Metrics\BoxTools_Metrics_EFD61745.db
- post callback: 05C43946
- log callback: 05C43856
- context: 00000000
- post interval in seconds: 600
- max records in a post: 100
- max db records: 500
- disable sender: true
[2025-04-01 11:28:41,306] [13   ] [INFO ] [] - Shutting down the metrics collector
[2025-04-01 11:38:41,179] [11   ] [INFO ] [] - Initializing the metrics collector
[2025-04-01 11:38:41,240] [11   ] [INFO ] [] - MetricsCollector::Sender(49): _disableSentMetrics 1
[2025-04-01 11:38:41,243] [11   ] [INFO ] [] - MetricsCollector::Initialize(231): Initialized metrics collector
- session id: 1feed9b5-c735-4bd5-b91b-46c6cf554453
- device id: 4ca35884-a93a-48fc-ad16-80b2a90aa32e
- application id: Box Tools Win exe
- application name: BoxTools
- application version: 4.28.1.1163
- metric collection url: https://client-log.box.com/index.php?rm=box_gen204_json_record
- metric data path: C:\Users\pcedillo\AppData\Local\Box\Box Tools\Metrics\BoxTools_Metrics_EFD61745.db
- post callback: 05C43946
- log callback: 05C43856
- context: 00000000
- post interval in seconds: 600
- max records in a post: 100
- max db records: 500
- disable sender: true
[2025-04-01 11:38:41,294] [11   ] [INFO ] [] - Shutting down the metrics collector
[2025-04-01 11:48:41,182] [12   ] [INFO ] [] - Initializing the metrics collector
[2025-04-01 11:48:41,203] [12   ] [INFO ] [] - MetricsCollector::Sender(49): _disableSentMetrics 1
[2025-04-01 11:48:41,204] [12   ] [INFO ] [] - MetricsCollector::Initialize(231): Initialized metrics collector
- session id: 1feed9b5-c735-4bd5-b91b-46c6cf554453
- device id: 4ca35884-a93a-48fc-ad16-80b2a90aa32e
- application id: Box Tools Win exe
- application name: BoxTools
- application version: 4.28.1.1163
- metric collection url: https://client-log.box.com/index.php?rm=box_gen204_json_record
- metric data path: C:\Users\pcedillo\AppData\Local\Box\Box Tools\Metrics\BoxTools_Metrics_EFD61745.db
- post callback: 05C43946
- log callback: 05C43856
- context: 00000000
- post interval in seconds: 600
- max records in a post: 100
- max db records: 500
- disable sender: true
[2025-04-01 11:48:41,222] [12   ] [INFO ] [] - Shutting down the metrics collector
[2025-04-01 11:58:41,164] [10   ] [INFO ] [] - Initializing the metrics collector
[2025-04-01 11:58:41,186] [10   ] [INFO ] [] - MetricsCollector::Sender(49): _disableSentMetrics 1
[2025-04-01 11:58:41,187] [10   ] [INFO ] [] - MetricsCollector::Initialize(231): Initialized metrics collector
- session id: 1feed9b5-c735-4bd5-b91b-46c6cf554453
- device id: 4ca35884-a93a-48fc-ad16-80b2a90aa32e
- application id: Box Tools Win exe
- application name: BoxTools
- application version: 4.28.1.1163
- metric collection url: https://client-log.box.com/index.php?rm=box_gen204_json_record
- metric data path: C:\Users\pcedillo\AppData\Local\Box\Box Tools\Metrics\BoxTools_Metrics_EFD61745.db
- post callback: 05C43946
- log callback: 05C43856
- context: 00000000
- post interval in seconds: 600
- max records in a post: 100
- max db records: 500
- disable sender: true
[2025-04-01 11:58:41,204] [10   ] [INFO ] [] - Shutting down the metrics collector
[2025-04-01 12:08:41,169] [8    ] [INFO ] [] - Initializing the metrics collector
[2025-04-01 12:08:41,190] [8    ] [INFO ] [] - MetricsCollector::Sender(49): _disableSentMetrics 1
[2025-04-01 12:08:41,191] [8    ] [INFO ] [] - MetricsCollector::Initialize(231): Initialized metrics collector
- session id: 1feed9b5-c735-4bd5-b91b-46c6cf554453
- device id: 4ca35884-a93a-48fc-ad16-80b2a90aa32e
- application id: Box Tools Win exe
- application name: BoxTools
- application version: 4.28.1.1163
- metric collection url: https://client-log.box.com/index.php?rm=box_gen204_json_record
- metric data path: C:\Users\pcedillo\AppData\Local\Box\Box Tools\Metrics\BoxTools_Metrics_EFD61745.db
- post callback: 05C43946
- log callback: 05C43856
- context: 00000000
- post interval in seconds: 600
- max records in a post: 100
- max db records: 500
- disable sender: true
[2025-04-01 12:08:41,208] [8    ] [INFO ] [] - Shutting down the metrics collector
[2025-04-01 12:18:41,171] [7    ] [INFO ] [] - Initializing the metrics collector
[2025-04-01 12:18:41,192] [7    ] [INFO ] [] - MetricsCollector::Sender(49): _disableSentMetrics 1
[2025-04-01 12:18:41,193] [7    ] [INFO ] [] - MetricsCollector::Initialize(231): Initialized metrics collector
- session id: 1feed9b5-c735-4bd5-b91b-46c6cf554453
- device id: 4ca35884-a93a-48fc-ad16-80b2a90aa32e
- application id: Box Tools Win exe
- application name: BoxTools
- application version: 4.28.1.1163
- metric collection url: https://client-log.box.com/index.php?rm=box_gen204_json_record
- metric data path: C:\Users\pcedillo\AppData\Local\Box\Box Tools\Metrics\BoxTools_Metrics_EFD61745.db
- post callback: 05C43946
- log callback: 05C43856
- context: 00000000
- post interval in seconds: 600
- max records in a post: 100
- max db records: 500
- disable sender: true
[2025-04-01 12:18:41,209] [7    ] [INFO ] [] - Shutting down the metrics collector
[2025-04-01 12:28:41,186] [6    ] [INFO ] [] - Initializing the metrics collector
[2025-04-01 12:28:41,207] [6    ] [INFO ] [] - MetricsCollector::Sender(49): _disableSentMetrics 1
[2025-04-01 12:28:41,208] [6    ] [INFO ] [] - MetricsCollector::Initialize(231): Initialized metrics collector
- session id: 1feed9b5-c735-4bd5-b91b-46c6cf554453
- device id: 4ca35884-a93a-48fc-ad16-80b2a90aa32e
- application id: Box Tools Win exe
- application name: BoxTools
- application version: 4.28.1.1163
- metric collection url: https://client-log.box.com/index.php?rm=box_gen204_json_record
- metric data path: C:\Users\pcedillo\AppData\Local\Box\Box Tools\Metrics\BoxTools_Metrics_EFD61745.db
- post callback: 05C43946
- log callback: 05C43856
- context: 00000000
- post interval in seconds: 600
- max records in a post: 100
- max db records: 500
- disable sender: true
[2025-04-01 12:28:41,228] [6    ] [INFO ] [] - Shutting down the metrics collector
[2025-04-01 12:38:41,205] [19   ] [INFO ] [] - Initializing the metrics collector
[2025-04-01 12:38:41,226] [19   ] [INFO ] [] - MetricsCollector::Sender(49): _disableSentMetrics 1
[2025-04-01 12:38:41,227] [19   ] [INFO ] [] - MetricsCollector::Initialize(231): Initialized metrics collector
- session id: 1feed9b5-c735-4bd5-b91b-46c6cf554453
- device id: 4ca35884-a93a-48fc-ad16-80b2a90aa32e
- application id: Box Tools Win exe
- application name: BoxTools
- application version: 4.28.1.1163
- metric collection url: https://client-log.box.com/index.php?rm=box_gen204_json_record
- metric data path: C:\Users\pcedillo\AppData\Local\Box\Box Tools\Metrics\BoxTools_Metrics_EFD61745.db
- post callback: 05C43946
- log callback: 05C43856
- context: 00000000
- post interval in seconds: 600
- max records in a post: 100
- max db records: 500
- disable sender: true
[2025-04-01 12:38:41,243] [19   ] [INFO ] [] - Shutting down the metrics collector
[2025-04-01 12:48:41,129] [20   ] [INFO ] [] - Initializing the metrics collector
[2025-04-01 12:48:41,150] [20   ] [INFO ] [] - MetricsCollector::Sender(49): _disableSentMetrics 1
[2025-04-01 12:48:41,150] [20   ] [INFO ] [] - MetricsCollector::Initialize(231): Initialized metrics collector
- session id: 1feed9b5-c735-4bd5-b91b-46c6cf554453
- device id: 4ca35884-a93a-48fc-ad16-80b2a90aa32e
- application id: Box Tools Win exe
- application name: BoxTools
- application version: 4.28.1.1163
- metric collection url: https://client-log.box.com/index.php?rm=box_gen204_json_record
- metric data path: C:\Users\pcedillo\AppData\Local\Box\Box Tools\Metrics\BoxTools_Metrics_EFD61745.db
- post callback: 05C43946
- log callback: 05C43856
- context: 00000000
- post interval in seconds: 600
- max records in a post: 100
- max db records: 500
- disable sender: true
[2025-04-01 12:48:41,172] [20   ] [INFO ] [] - Shutting down the metrics collector
[2025-04-01 12:58:41,112] [21   ] [INFO ] [] - Initializing the metrics collector
[2025-04-01 12:58:41,123] [21   ] [INFO ] [] - MetricsCollector::Sender(49): _disableSentMetrics 1
[2025-04-01 12:58:41,124] [21   ] [INFO ] [] - MetricsCollector::Initialize(231): Initialized metrics collector
- session id: 1feed9b5-c735-4bd5-b91b-46c6cf554453
- device id: 4ca35884-a93a-48fc-ad16-80b2a90aa32e
- application id: Box Tools Win exe
- application name: BoxTools
- application version: 4.28.1.1163
- metric collection url: https://client-log.box.com/index.php?rm=box_gen204_json_record
- metric data path: C:\Users\pcedillo\AppData\Local\Box\Box Tools\Metrics\BoxTools_Metrics_EFD61745.db
- post callback: 05C43946
- log callback: 05C43856
- context: 00000000
- post interval in seconds: 600
- max records in a post: 100
- max db records: 500
- disable sender: true
[2025-04-01 12:58:41,135] [21   ] [INFO ] [] - Shutting down the metrics collector
[2025-04-01 13:08:41,091] [22   ] [INFO ] [] - Initializing the metrics collector
[2025-04-01 13:08:41,123] [22   ] [INFO ] [] - MetricsCollector::Sender(49): _disableSentMetrics 1
[2025-04-01 13:08:41,125] [22   ] [INFO ] [] - MetricsCollector::Initialize(231): Initialized metrics collector
- session id: 1feed9b5-c735-4bd5-b91b-46c6cf554453
- device id: 4ca35884-a93a-48fc-ad16-80b2a90aa32e
- application id: Box Tools Win exe
- application name: BoxTools
- application version: 4.28.1.1163
- metric collection url: https://client-log.box.com/index.php?rm=box_gen204_json_record
- metric data path: C:\Users\pcedillo\AppData\Local\Box\Box Tools\Metrics\BoxTools_Metrics_EFD61745.db
- post callback: 05C43946
- log callback: 05C43856
- context: 00000000
- post interval in seconds: 600
- max records in a post: 100
- max db records: 500
- disable sender: true
[2025-04-01 13:08:41,164] [22   ] [INFO ] [] - Shutting down the metrics collector
[2025-04-01 13:18:41,068] [23   ] [INFO ] [] - Initializing the metrics collector
[2025-04-01 13:18:41,090] [23   ] [INFO ] [] - MetricsCollector::Sender(49): _disableSentMetrics 1
[2025-04-01 13:18:41,090] [23   ] [INFO ] [] - MetricsCollector::Initialize(231): Initialized metrics collector
- session id: 1feed9b5-c735-4bd5-b91b-46c6cf554453
- device id: 4ca35884-a93a-48fc-ad16-80b2a90aa32e
- application id: Box Tools Win exe
- application name: BoxTools
- application version: 4.28.1.1163
- metric collection url: https://client-log.box.com/index.php?rm=box_gen204_json_record
- metric data path: C:\Users\pcedillo\AppData\Local\Box\Box Tools\Metrics\BoxTools_Metrics_EFD61745.db
- post callback: 05C43946
- log callback: 05C43856
- context: 00000000
- post interval in seconds: 600
- max records in a post: 100
- max db records: 500
- disable sender: true
[2025-04-01 13:18:41,107] [23   ] [INFO ] [] - Shutting down the metrics collector
[2025-04-01 13:28:41,049] [24   ] [INFO ] [] - Initializing the metrics collector
[2025-04-01 13:28:41,067] [24   ] [INFO ] [] - MetricsCollector::Sender(49): _disableSentMetrics 1
[2025-04-01 13:28:41,068] [24   ] [INFO ] [] - MetricsCollector::Initialize(231): Initialized metrics collector
- session id: 1feed9b5-c735-4bd5-b91b-46c6cf554453
- device id: 4ca35884-a93a-48fc-ad16-80b2a90aa32e
- application id: Box Tools Win exe
- application name: BoxTools
- application version: 4.28.1.1163
- metric collection url: https://client-log.box.com/index.php?rm=box_gen204_json_record
- metric data path: C:\Users\pcedillo\AppData\Local\Box\Box Tools\Metrics\BoxTools_Metrics_EFD61745.db
- post callback: 05C43946
- log callback: 05C43856
- context: 00000000
- post interval in seconds: 600
- max records in a post: 100
- max db records: 500
- disable sender: true
[2025-04-01 13:28:41,078] [24   ] [INFO ] [] - Shutting down the metrics collector
[2025-04-01 13:38:41,052] [25   ] [INFO ] [] - Initializing the metrics collector
[2025-04-01 13:38:41,073] [25   ] [INFO ] [] - MetricsCollector::Sender(49): _disableSentMetrics 1
[2025-04-01 13:38:41,073] [25   ] [INFO ] [] - MetricsCollector::Initialize(231): Initialized metrics collector
- session id: 1feed9b5-c735-4bd5-b91b-46c6cf554453
- device id: 4ca35884-a93a-48fc-ad16-80b2a90aa32e
- application id: Box Tools Win exe
- application name: BoxTools
- application version: 4.28.1.1163
- metric collection url: https://client-log.box.com/index.php?rm=box_gen204_json_record
- metric data path: C:\Users\pcedillo\AppData\Local\Box\Box Tools\Metrics\BoxTools_Metrics_EFD61745.db
- post callback: 05C43946
- log callback: 05C43856
- context: 00000000
- post interval in seconds: 600
- max records in a post: 100
- max db records: 500
- disable sender: true
[2025-04-01 13:38:41,090] [25   ] [INFO ] [] - Shutting down the metrics collector
[2025-04-01 15:15:53,345] [26   ] [INFO ] [] - Initializing the metrics collector
[2025-04-01 15:15:53,698] [26   ] [INFO ] [] - MetricsCollector::Sender(49): _disableSentMetrics 1
[2025-04-01 15:15:53,716] [26   ] [INFO ] [] - MetricsCollector::Initialize(231): Initialized metrics collector
- session id: 1feed9b5-c735-4bd5-b91b-46c6cf554453
- device id: 4ca35884-a93a-48fc-ad16-80b2a90aa32e
- application id: Box Tools Win exe
- application name: BoxTools
- application version: 4.28.1.1163
- metric collection url: https://client-log.box.com/index.php?rm=box_gen204_json_record
- metric data path: C:\Users\pcedillo\AppData\Local\Box\Box Tools\Metrics\BoxTools_Metrics_EFD61745.db
- post callback: 05C43946
- log callback: 05C43856
- context: 00000000
- post interval in seconds: 600
- max records in a post: 100
- max db records: 500
- disable sender: true
[2025-04-01 15:15:53,809] [26   ] [INFO ] [] - Shutting down the metrics collector
[2025-04-01 15:25:52,710] [25   ] [INFO ] [] - Initializing the metrics collector
[2025-04-01 15:25:52,731] [25   ] [INFO ] [] - MetricsCollector::Sender(49): _disableSentMetrics 1
[2025-04-01 15:25:52,733] [25   ] [INFO ] [] - MetricsCollector::Initialize(231): Initialized metrics collector
- session id: 1feed9b5-c735-4bd5-b91b-46c6cf554453
- device id: 4ca35884-a93a-48fc-ad16-80b2a90aa32e
- application id: Box Tools Win exe
- application name: BoxTools
- application version: 4.28.1.1163
- metric collection url: https://client-log.box.com/index.php?rm=box_gen204_json_record
- metric data path: C:\Users\pcedillo\AppData\Local\Box\Box Tools\Metrics\BoxTools_Metrics_EFD61745.db
- post callback: 05C43946
- log callback: 05C43856
- context: 00000000
- post interval in seconds: 600
- max records in a post: 100
- max db records: 500
- disable sender: true
[2025-04-01 15:25:52,755] [25   ] [INFO ] [] - Shutting down the metrics collector
[2025-04-01 15:35:52,671] [24   ] [INFO ] [] - Initializing the metrics collector
[2025-04-01 15:35:52,684] [24   ] [INFO ] [] - MetricsCollector::Sender(49): _disableSentMetrics 1
[2025-04-01 15:35:52,684] [24   ] [INFO ] [] - MetricsCollector::Initialize(231): Initialized metrics collector
- session id: 1feed9b5-c735-4bd5-b91b-46c6cf554453
- device id: 4ca35884-a93a-48fc-ad16-80b2a90aa32e
- application id: Box Tools Win exe
- application name: BoxTools
- application version: 4.28.1.1163
- metric collection url: https://client-log.box.com/index.php?rm=box_gen204_json_record
- metric data path: C:\Users\pcedillo\AppData\Local\Box\Box Tools\Metrics\BoxTools_Metrics_EFD61745.db
- post callback: 05C43946
- log callback: 05C43856
- context: 00000000
- post interval in seconds: 600
- max records in a post: 100
- max db records: 500
- disable sender: true
[2025-04-01 15:35:52,696] [24   ] [INFO ] [] - Shutting down the metrics collector
[2025-04-01 15:45:52,656] [23   ] [INFO ] [] - Initializing the metrics collector
[2025-04-01 15:45:52,666] [23   ] [INFO ] [] - MetricsCollector::Sender(49): _disableSentMetrics 1
[2025-04-01 15:45:52,667] [23   ] [INFO ] [] - MetricsCollector::Initialize(231): Initialized metrics collector
- session id: 1feed9b5-c735-4bd5-b91b-46c6cf554453
- device id: 4ca35884-a93a-48fc-ad16-80b2a90aa32e
- application id: Box Tools Win exe
- application name: BoxTools
- application version: 4.28.1.1163
- metric collection url: https://client-log.box.com/index.php?rm=box_gen204_json_record
- metric data path: C:\Users\pcedillo\AppData\Local\Box\Box Tools\Metrics\BoxTools_Metrics_EFD61745.db
- post callback: 05C43946
- log callback: 05C43856
- context: 00000000
- post interval in seconds: 600
- max records in a post: 100
- max db records: 500
- disable sender: true
[2025-04-01 15:45:52,680] [23   ] [INFO ] [] - Shutting down the metrics collector
[2025-04-01 15:55:52,623] [21   ] [INFO ] [] - Initializing the metrics collector
[2025-04-01 15:55:52,636] [21   ] [INFO ] [] - MetricsCollector::Sender(49): _disableSentMetrics 1
[2025-04-01 15:55:52,636] [21   ] [INFO ] [] - MetricsCollector::Initialize(231): Initialized metrics collector
- session id: 1feed9b5-c735-4bd5-b91b-46c6cf554453
- device id: 4ca35884-a93a-48fc-ad16-80b2a90aa32e
- application id: Box Tools Win exe
- application name: BoxTools
- application version: 4.28.1.1163
- metric collection url: https://client-log.box.com/index.php?rm=box_gen204_json_record
- metric data path: C:\Users\pcedillo\AppData\Local\Box\Box Tools\Metrics\BoxTools_Metrics_EFD61745.db
- post callback: 05C43946
- log callback: 05C43856
- context: 00000000
- post interval in seconds: 600
- max records in a post: 100
- max db records: 500
- disable sender: true
[2025-04-01 15:55:52,646] [21   ] [INFO ] [] - Shutting down the metrics collector
[2025-04-01 16:05:52,616] [20   ] [INFO ] [] - Initializing the metrics collector
[2025-04-01 16:05:52,630] [20   ] [INFO ] [] - MetricsCollector::Sender(49): _disableSentMetrics 1
[2025-04-01 16:05:52,631] [20   ] [INFO ] [] - MetricsCollector::Initialize(231): Initialized metrics collector
- session id: 1feed9b5-c735-4bd5-b91b-46c6cf554453
- device id: 4ca35884-a93a-48fc-ad16-80b2a90aa32e
- application id: Box Tools Win exe
- application name: BoxTools
- application version: 4.28.1.1163
- metric collection url: https://client-log.box.com/index.php?rm=box_gen204_json_record
- metric data path: C:\Users\pcedillo\AppData\Local\Box\Box Tools\Metrics\BoxTools_Metrics_EFD61745.db
- post callback: 05C43946
- log callback: 05C43856
- context: 00000000
- post interval in seconds: 600
- max records in a post: 100
- max db records: 500
- disable sender: true
[2025-04-01 16:05:52,641] [20   ] [INFO ] [] - Shutting down the metrics collector
[2025-04-01 16:15:52,599] [19   ] [INFO ] [] - Initializing the metrics collector
[2025-04-01 16:15:52,629] [19   ] [INFO ] [] - MetricsCollector::Sender(49): _disableSentMetrics 1
[2025-04-01 16:15:52,631] [19   ] [INFO ] [] - MetricsCollector::Initialize(231): Initialized metrics collector
- session id: 1feed9b5-c735-4bd5-b91b-46c6cf554453
- device id: 4ca35884-a93a-48fc-ad16-80b2a90aa32e
- application id: Box Tools Win exe
- application name: BoxTools
- application version: 4.28.1.1163
- metric collection url: https://client-log.box.com/index.php?rm=box_gen204_json_record
- metric data path: C:\Users\pcedillo\AppData\Local\Box\Box Tools\Metrics\BoxTools_Metrics_EFD61745.db
- post callback: 05C43946
- log callback: 05C43856
- context: 00000000
- post interval in seconds: 600
- max records in a post: 100
- max db records: 500
- disable sender: true
[2025-04-01 16:15:52,673] [19   ] [INFO ] [] - Shutting down the metrics collector
[2025-04-01 16:25:52,605] [6    ] [INFO ] [] - Initializing the metrics collector
[2025-04-01 16:25:52,617] [6    ] [INFO ] [] - MetricsCollector::Sender(49): _disableSentMetrics 1
[2025-04-01 16:25:52,619] [6    ] [INFO ] [] - MetricsCollector::Initialize(231): Initialized metrics collector
- session id: 1feed9b5-c735-4bd5-b91b-46c6cf554453
- device id: 4ca35884-a93a-48fc-ad16-80b2a90aa32e
- application id: Box Tools Win exe
- application name: BoxTools
- application version: 4.28.1.1163
- metric collection url: https://client-log.box.com/index.php?rm=box_gen204_json_record
- metric data path: C:\Users\pcedillo\AppData\Local\Box\Box Tools\Metrics\BoxTools_Metrics_EFD61745.db
- post callback: 05C43946
- log callback: 05C43856
- context: 00000000
- post interval in seconds: 600
- max records in a post: 100
- max db records: 500
- disable sender: true
[2025-04-01 16:25:52,628] [6    ] [INFO ] [] - Shutting down the metrics collector
[2025-04-01 18:47:35,715] [7    ] [INFO ] [] - Initializing the metrics collector
[2025-04-01 18:47:35,731] [7    ] [INFO ] [] - MetricsCollector::Sender(49): _disableSentMetrics 1
[2025-04-01 18:47:35,732] [7    ] [INFO ] [] - MetricsCollector::Initialize(231): Initialized metrics collector
- session id: 1feed9b5-c735-4bd5-b91b-46c6cf554453
- device id: 4ca35884-a93a-48fc-ad16-80b2a90aa32e
- application id: Box Tools Win exe
- application name: BoxTools
- application version: 4.28.1.1163
- metric collection url: https://client-log.box.com/index.php?rm=box_gen204_json_record
- metric data path: C:\Users\pcedillo\AppData\Local\Box\Box Tools\Metrics\BoxTools_Metrics_EFD61745.db
- post callback: 05C43946
- log callback: 05C43856
- context: 00000000
- post interval in seconds: 600
- max records in a post: 100
- max db records: 500
- disable sender: true
[2025-04-01 18:47:35,750] [7    ] [INFO ] [] - Shutting down the metrics collector
[2025-04-01 18:57:35,744] [6    ] [INFO ] [] - Initializing the metrics collector
[2025-04-01 18:57:35,789] [6    ] [INFO ] [] - MetricsCollector::Sender(49): _disableSentMetrics 1
[2025-04-01 18:57:35,793] [6    ] [INFO ] [] - MetricsCollector::Initialize(231): Initialized metrics collector
- session id: 1feed9b5-c735-4bd5-b91b-46c6cf554453
- device id: 4ca35884-a93a-48fc-ad16-80b2a90aa32e
- application id: Box Tools Win exe
- application name: BoxTools
- application version: 4.28.1.1163
- metric collection url: https://client-log.box.com/index.php?rm=box_gen204_json_record
- metric data path: C:\Users\pcedillo\AppData\Local\Box\Box Tools\Metrics\BoxTools_Metrics_EFD61745.db
- post callback: 05C43946
- log callback: 05C43856
- context: 00000000
- post interval in seconds: 600
- max records in a post: 100
- max db records: 500
- disable sender: true
[2025-04-01 18:57:35,858] [6    ] [INFO ] [] - Shutting down the metrics collector
[2025-04-01 19:07:35,872] [8    ] [INFO ] [] - Initializing the metrics collector
[2025-04-01 19:07:35,920] [8    ] [INFO ] [] - MetricsCollector::Sender(49): _disableSentMetrics 1
[2025-04-01 19:07:35,923] [8    ] [INFO ] [] - MetricsCollector::Initialize(231): Initialized metrics collector
- session id: 1feed9b5-c735-4bd5-b91b-46c6cf554453
- device id: 4ca35884-a93a-48fc-ad16-80b2a90aa32e
- application id: Box Tools Win exe
- application name: BoxTools
- application version: 4.28.1.1163
- metric collection url: https://client-log.box.com/index.php?rm=box_gen204_json_record
- metric data path: C:\Users\pcedillo\AppData\Local\Box\Box Tools\Metrics\BoxTools_Metrics_EFD61745.db
- post callback: 05C43946
- log callback: 05C43856
- context: 00000000
- post interval in seconds: 600
- max records in a post: 100
- max db records: 500
- disable sender: true
[2025-04-01 19:07:36,005] [8    ] [INFO ] [] - Shutting down the metrics collector
[2025-04-01 19:17:35,851] [10   ] [INFO ] [] - Initializing the metrics collector
[2025-04-01 19:17:35,873] [10   ] [INFO ] [] - MetricsCollector::Sender(49): _disableSentMetrics 1
[2025-04-01 19:17:35,873] [10   ] [INFO ] [] - MetricsCollector::Initialize(231): Initialized metrics collector
- session id: 1feed9b5-c735-4bd5-b91b-46c6cf554453
- device id: 4ca35884-a93a-48fc-ad16-80b2a90aa32e
- application id: Box Tools Win exe
- application name: BoxTools
- application version: 4.28.1.1163
- metric collection url: https://client-log.box.com/index.php?rm=box_gen204_json_record
- metric data path: C:\Users\pcedillo\AppData\Local\Box\Box Tools\Metrics\BoxTools_Metrics_EFD61745.db
- post callback: 05C43946
- log callback: 05C43856
- context: 00000000
- post interval in seconds: 600
- max records in a post: 100
- max db records: 500
- disable sender: true
[2025-04-01 19:17:35,889] [10   ] [INFO ] [] - Shutting down the metrics collector
[2025-04-01 19:27:35,878] [8    ] [INFO ] [] - Initializing the metrics collector
[2025-04-01 19:27:35,917] [8    ] [INFO ] [] - MetricsCollector::Sender(49): _disableSentMetrics 1
[2025-04-01 19:27:35,920] [8    ] [INFO ] [] - MetricsCollector::Initialize(231): Initialized metrics collector
- session id: 1feed9b5-c735-4bd5-b91b-46c6cf554453
- device id: 4ca35884-a93a-48fc-ad16-80b2a90aa32e
- application id: Box Tools Win exe
- application name: BoxTools
- application version: 4.28.1.1163
- metric collection url: https://client-log.box.com/index.php?rm=box_gen204_json_record
- metric data path: C:\Users\pcedillo\AppData\Local\Box\Box Tools\Metrics\BoxTools_Metrics_EFD61745.db
- post callback: 05C43946
- log callback: 05C43856
- context: 00000000
- post interval in seconds: 600
- max records in a post: 100
- max db records: 500
- disable sender: true
[2025-04-01 19:27:35,966] [8    ] [INFO ] [] - Shutting down the metrics collector
[2025-04-01 19:37:35,891] [11   ] [INFO ] [] - Initializing the metrics collector
[2025-04-01 19:37:35,917] [11   ] [INFO ] [] - MetricsCollector::Sender(49): _disableSentMetrics 1
[2025-04-01 19:37:35,919] [11   ] [INFO ] [] - MetricsCollector::Initialize(231): Initialized metrics collector
- session id: 1feed9b5-c735-4bd5-b91b-46c6cf554453
- device id: 4ca35884-a93a-48fc-ad16-80b2a90aa32e
- application id: Box Tools Win exe
- application name: BoxTools
- application version: 4.28.1.1163
- metric collection url: https://client-log.box.com/index.php?rm=box_gen204_json_record
- metric data path: C:\Users\pcedillo\AppData\Local\Box\Box Tools\Metrics\BoxTools_Metrics_EFD61745.db
- post callback: 05C43946
- log callback: 05C43856
- context: 00000000
- post interval in seconds: 600
- max records in a post: 100
- max db records: 500
- disable sender: true
[2025-04-01 19:37:35,943] [11   ] [INFO ] [] - Shutting down the metrics collector
[2025-04-01 19:38:37,919] [6    ] [INFO ] [] - Scheduling next upgrade check: Delay
[2025-04-01 19:38:37,921] [6    ] [INFO ] [] - Next autoupgrade timer will fire after: 1.00:00:00
[2025-04-01 19:38:37,922] [6    ] [INFO ] [] - Checking for upgrade
[2025-04-01 19:38:37,923] [6    ] [INFO ] [] - .NET Version - installed 533320, expected: 528040
[2025-04-01 19:38:37,924] [6    ] [INFO ] [] - result: True
[2025-04-01 19:38:37,938] [6    ] [INFO ] [] - Checking for upgrades
[2025-04-01 19:38:37,939] [6    ] [INFO ] [] - Url used to upgrade: https://cdn07.boxcdn.net/BoxEditAutoupdate2.json
[2025-04-01 19:38:38,292] [6    ] [INFO ] [] - ### current version track name: 4.28.1
[2025-04-01 19:38:38,296] [6    ] [INFO ] [] - No custom track name in registry
[2025-04-01 19:38:38,296] [6    ] [WARN ] [] - Track 4.28.1 not found
[2025-04-01 19:38:38,298] [6    ] [INFO ] [] - Track default for upgrade found
[2025-04-01 19:38:38,300] [6    ] [INFO ] [] - RolloutID set to 61
[2025-04-01 19:38:38,302] [6    ] [INFO ] [] - No upgrade available
[2025-04-01 19:38:38,303] [6    ] [INFO ] [] - Check for updates returned None
[2025-04-01 19:38:38,304] [6    ] [INFO ] [] - Scheduling next upgrade check: Reset
[2025-04-01 19:38:38,307] [6    ] [INFO ] [] - Next autoupgrade timer will fire after: 05:38:00
[2025-04-01 19:47:35,960] [12   ] [INFO ] [] - Initializing the metrics collector
[2025-04-01 19:47:36,000] [12   ] [INFO ] [] - MetricsCollector::Sender(49): _disableSentMetrics 1
[2025-04-01 19:47:36,002] [12   ] [INFO ] [] - MetricsCollector::Initialize(231): Initialized metrics collector
- session id: 1feed9b5-c735-4bd5-b91b-46c6cf554453
- device id: 4ca35884-a93a-48fc-ad16-80b2a90aa32e
- application id: Box Tools Win exe
- application name: BoxTools
- application version: 4.28.1.1163
- metric collection url: https://client-log.box.com/index.php?rm=box_gen204_json_record
- metric data path: C:\Users\pcedillo\AppData\Local\Box\Box Tools\Metrics\BoxTools_Metrics_EFD61745.db
- post callback: 05C43946
- log callback: 05C43856
- context: 00000000
- post interval in seconds: 600
- max records in a post: 100
- max db records: 500
- disable sender: true
[2025-04-01 19:47:36,049] [12   ] [INFO ] [] - Shutting down the metrics collector
[2025-04-01 19:57:35,979] [12   ] [INFO ] [] - Initializing the metrics collector
[2025-04-01 19:57:36,059] [12   ] [INFO ] [] - MetricsCollector::Sender(49): _disableSentMetrics 1
[2025-04-01 19:57:36,070] [12   ] [INFO ] [] - MetricsCollector::Initialize(231): Initialized metrics collector
- session id: 1feed9b5-c735-4bd5-b91b-46c6cf554453
- device id: 4ca35884-a93a-48fc-ad16-80b2a90aa32e
- application id: Box Tools Win exe
- application name: BoxTools
- application version: 4.28.1.1163
- metric collection url: https://client-log.box.com/index.php?rm=box_gen204_json_record
- metric data path: C:\Users\pcedillo\AppData\Local\Box\Box Tools\Metrics\BoxTools_Metrics_EFD61745.db
- post callback: 05C43946
- log callback: 05C43856
- context: 00000000
- post interval in seconds: 600
- max records in a post: 100
- max db records: 500
- disable sender: true
[2025-04-01 19:57:36,200] [12   ] [INFO ] [] - Shutting down the metrics collector
[2025-04-01 20:07:35,960] [11   ] [INFO ] [] - Initializing the metrics collector
[2025-04-01 20:07:35,980] [11   ] [INFO ] [] - MetricsCollector::Sender(49): _disableSentMetrics 1
[2025-04-01 20:07:35,981] [11   ] [INFO ] [] - MetricsCollector::Initialize(231): Initialized metrics collector
- session id: 1feed9b5-c735-4bd5-b91b-46c6cf554453
- device id: 4ca35884-a93a-48fc-ad16-80b2a90aa32e
- application id: Box Tools Win exe
- application name: BoxTools
- application version: 4.28.1.1163
- metric collection url: https://client-log.box.com/index.php?rm=box_gen204_json_record
- metric data path: C:\Users\pcedillo\AppData\Local\Box\Box Tools\Metrics\BoxTools_Metrics_EFD61745.db
- post callback: 05C43946
- log callback: 05C43856
- context: 00000000
- post interval in seconds: 600
- max records in a post: 100
- max db records: 500
- disable sender: true
[2025-04-01 20:07:35,999] [11   ] [INFO ] [] - Shutting down the metrics collector
[2025-04-01 20:17:35,970] [8    ] [INFO ] [] - Initializing the metrics collector
[2025-04-01 20:17:35,983] [8    ] [INFO ] [] - MetricsCollector::Sender(49): _disableSentMetrics 1
[2025-04-01 20:17:35,984] [8    ] [INFO ] [] - MetricsCollector::Initialize(231): Initialized metrics collector
- session id: 1feed9b5-c735-4bd5-b91b-46c6cf554453
- device id: 4ca35884-a93a-48fc-ad16-80b2a90aa32e
- application id: Box Tools Win exe
- application name: BoxTools
- application version: 4.28.1.1163
- metric collection url: https://client-log.box.com/index.php?rm=box_gen204_json_record
- metric data path: C:\Users\pcedillo\AppData\Local\Box\Box Tools\Metrics\BoxTools_Metrics_EFD61745.db
- post callback: 05C43946
- log callback: 05C43856
- context: 00000000
- post interval in seconds: 600
- max records in a post: 100
- max db records: 500
- disable sender: true
[2025-04-01 20:17:35,999] [8    ] [INFO ] [] - Shutting down the metrics collector
[2025-04-01 20:27:35,989] [6    ] [INFO ] [] - Initializing the metrics collector
[2025-04-01 20:27:36,010] [6    ] [INFO ] [] - MetricsCollector::Sender(49): _disableSentMetrics 1
[2025-04-01 20:27:36,010] [6    ] [INFO ] [] - MetricsCollector::Initialize(231): Initialized metrics collector
- session id: 1feed9b5-c735-4bd5-b91b-46c6cf554453
- device id: 4ca35884-a93a-48fc-ad16-80b2a90aa32e
- application id: Box Tools Win exe
- application name: BoxTools
- application version: 4.28.1.1163
- metric collection url: https://client-log.box.com/index.php?rm=box_gen204_json_record
- metric data path: C:\Users\pcedillo\AppData\Local\Box\Box Tools\Metrics\BoxTools_Metrics_EFD61745.db
- post callback: 05C43946
- log callback: 05C43856
- context: 00000000
- post interval in seconds: 600
- max records in a post: 100
- max db records: 500
- disable sender: true
[2025-04-01 20:27:36,026] [6    ] [INFO ] [] - Shutting down the metrics collector
[2025-04-01 20:37:35,982] [7    ] [INFO ] [] - Initializing the metrics collector
[2025-04-01 20:37:36,006] [7    ] [INFO ] [] - MetricsCollector::Sender(49): _disableSentMetrics 1
[2025-04-01 20:37:36,006] [7    ] [INFO ] [] - MetricsCollector::Initialize(231): Initialized metrics collector
- session id: 1feed9b5-c735-4bd5-b91b-46c6cf554453
- device id: 4ca35884-a93a-48fc-ad16-80b2a90aa32e
- application id: Box Tools Win exe
- application name: BoxTools
- application version: 4.28.1.1163
- metric collection url: https://client-log.box.com/index.php?rm=box_gen204_json_record
- metric data path: C:\Users\pcedillo\AppData\Local\Box\Box Tools\Metrics\BoxTools_Metrics_EFD61745.db
- post callback: 05C43946
- log callback: 05C43856
- context: 00000000
- post interval in seconds: 600
- max records in a post: 100
- max db records: 500
- disable sender: true
[2025-04-01 20:37:36,019] [7    ] [INFO ] [] - Shutting down the metrics collector
[2025-04-01 20:47:35,999] [13   ] [INFO ] [] - Initializing the metrics collector
[2025-04-01 20:47:36,027] [13   ] [INFO ] [] - MetricsCollector::Sender(49): _disableSentMetrics 1
[2025-04-01 20:47:36,028] [13   ] [INFO ] [] - MetricsCollector::Initialize(231): Initialized metrics collector
- session id: 1feed9b5-c735-4bd5-b91b-46c6cf554453
- device id: 4ca35884-a93a-48fc-ad16-80b2a90aa32e
- application id: Box Tools Win exe
- application name: BoxTools
- application version: 4.28.1.1163
- metric collection url: https://client-log.box.com/index.php?rm=box_gen204_json_record
- metric data path: C:\Users\pcedillo\AppData\Local\Box\Box Tools\Metrics\BoxTools_Metrics_EFD61745.db
- post callback: 05C43946
- log callback: 05C43856
- context: 00000000
- post interval in seconds: 600
- max records in a post: 100
- max db records: 500
- disable sender: true
[2025-04-01 20:47:36,063] [13   ] [INFO ] [] - Shutting down the metrics collector
[2025-04-01 20:57:36,016] [12   ] [INFO ] [] - Initializing the metrics collector
[2025-04-01 20:57:36,035] [12   ] [INFO ] [] - MetricsCollector::Sender(49): _disableSentMetrics 1
[2025-04-01 20:57:36,037] [12   ] [INFO ] [] - MetricsCollector::Initialize(231): Initialized metrics collector
- session id: 1feed9b5-c735-4bd5-b91b-46c6cf554453
- device id: 4ca35884-a93a-48fc-ad16-80b2a90aa32e
- application id: Box Tools Win exe
- application name: BoxTools
- application version: 4.28.1.1163
- metric collection url: https://client-log.box.com/index.php?rm=box_gen204_json_record
- metric data path: C:\Users\pcedillo\AppData\Local\Box\Box Tools\Metrics\BoxTools_Metrics_EFD61745.db
- post callback: 05C43946
- log callback: 05C43856
- context: 00000000
- post interval in seconds: 600
- max records in a post: 100
- max db records: 500
- disable sender: true
[2025-04-01 20:57:36,065] [12   ] [INFO ] [] - Shutting down the metrics collector
[2025-04-01 21:07:36,015] [14   ] [INFO ] [] - Initializing the metrics collector
[2025-04-01 21:07:36,070] [14   ] [INFO ] [] - MetricsCollector::Sender(49): _disableSentMetrics 1
[2025-04-01 21:07:36,073] [14   ] [INFO ] [] - MetricsCollector::Initialize(231): Initialized metrics collector
- session id: 1feed9b5-c735-4bd5-b91b-46c6cf554453
- device id: 4ca35884-a93a-48fc-ad16-80b2a90aa32e
- application id: Box Tools Win exe
- application name: BoxTools
- application version: 4.28.1.1163
- metric collection url: https://client-log.box.com/index.php?rm=box_gen204_json_record
- metric data path: C:\Users\pcedillo\AppData\Local\Box\Box Tools\Metrics\BoxTools_Metrics_EFD61745.db
- post callback: 05C43946
- log callback: 05C43856
- context: 00000000
- post interval in seconds: 600
- max records in a post: 100
- max db records: 500
- disable sender: true
[2025-04-01 21:07:36,135] [14   ] [INFO ] [] - Shutting down the metrics collector
