[2025-03-08 14:12:23,579] [13   ] [INFO ] [] - Initializing the metrics collector
[2025-03-08 14:12:23,612] [13   ] [INFO ] [] - MetricsCollector::Sender(49): _disableSentMetrics 1
[2025-03-08 14:12:23,613] [13   ] [INFO ] [] - MetricsCollector::Initialize(231): Initialized metrics collector
- session id: 7610b6f9-d24d-437e-b6ac-02332a73a894
- device id: 4ca35884-a93a-48fc-ad16-80b2a90aa32e
- application id: Box Tools Win exe
- application name: BoxTools
- application version: 4.28.1.1163
- metric collection url: https://client-log.box.com/index.php?rm=box_gen204_json_record
- metric data path: C:\Users\pcedillo\AppData\Local\Box\Box Tools\Metrics\BoxTools_Metrics_EFD61745.db
- post callback: 04F45A9E
- log callback: 04F45AEE
- context: 00000000
- post interval in seconds: 600
- max records in a post: 100
- max db records: 500
- disable sender: true
[2025-03-08 14:12:23,640] [13   ] [INFO ] [] - Shutting down the metrics collector
[2025-03-08 14:22:23,587] [17   ] [INFO ] [] - Initializing the metrics collector
[2025-03-08 14:22:23,609] [17   ] [INFO ] [] - MetricsCollector::Sender(49): _disableSentMetrics 1
[2025-03-08 14:22:23,610] [17   ] [INFO ] [] - MetricsCollector::Initialize(231): Initialized metrics collector
- session id: 7610b6f9-d24d-437e-b6ac-02332a73a894
- device id: 4ca35884-a93a-48fc-ad16-80b2a90aa32e
- application id: Box Tools Win exe
- application name: BoxTools
- application version: 4.28.1.1163
- metric collection url: https://client-log.box.com/index.php?rm=box_gen204_json_record
- metric data path: C:\Users\pcedillo\AppData\Local\Box\Box Tools\Metrics\BoxTools_Metrics_EFD61745.db
- post callback: 04F45A9E
- log callback: 04F45AEE
- context: 00000000
- post interval in seconds: 600
- max records in a post: 100
- max db records: 500
- disable sender: true
[2025-03-08 14:22:23,627] [17   ] [INFO ] [] - Shutting down the metrics collector
[2025-03-08 15:03:10,131] [11   ] [INFO ] [] - Initializing the metrics collector
[2025-03-08 15:03:10,153] [11   ] [INFO ] [] - MetricsCollector::Sender(49): _disableSentMetrics 1
[2025-03-08 15:03:10,154] [11   ] [INFO ] [] - MetricsCollector::Initialize(231): Initialized metrics collector
- session id: 7610b6f9-d24d-437e-b6ac-02332a73a894
- device id: 4ca35884-a93a-48fc-ad16-80b2a90aa32e
- application id: Box Tools Win exe
- application name: BoxTools
- application version: 4.28.1.1163
- metric collection url: https://client-log.box.com/index.php?rm=box_gen204_json_record
- metric data path: C:\Users\pcedillo\AppData\Local\Box\Box Tools\Metrics\BoxTools_Metrics_EFD61745.db
- post callback: 04F45A9E
- log callback: 04F45AEE
- context: 00000000
- post interval in seconds: 600
- max records in a post: 100
- max db records: 500
- disable sender: true
[2025-03-08 15:03:10,172] [11   ] [INFO ] [] - Shutting down the metrics collector
[2025-03-08 15:13:10,143] [8    ] [INFO ] [] - Initializing the metrics collector
[2025-03-08 15:13:10,165] [8    ] [INFO ] [] - MetricsCollector::Sender(49): _disableSentMetrics 1
[2025-03-08 15:13:10,166] [8    ] [INFO ] [] - MetricsCollector::Initialize(231): Initialized metrics collector
- session id: 7610b6f9-d24d-437e-b6ac-02332a73a894
- device id: 4ca35884-a93a-48fc-ad16-80b2a90aa32e
- application id: Box Tools Win exe
- application name: BoxTools
- application version: 4.28.1.1163
- metric collection url: https://client-log.box.com/index.php?rm=box_gen204_json_record
- metric data path: C:\Users\pcedillo\AppData\Local\Box\Box Tools\Metrics\BoxTools_Metrics_EFD61745.db
- post callback: 04F45A9E
- log callback: 04F45AEE
- context: 00000000
- post interval in seconds: 600
- max records in a post: 100
- max db records: 500
- disable sender: true
[2025-03-08 15:13:10,189] [8    ] [INFO ] [] - Shutting down the metrics collector
[2025-03-08 15:23:10,169] [17   ] [INFO ] [] - Initializing the metrics collector
[2025-03-08 15:23:10,191] [17   ] [INFO ] [] - MetricsCollector::Sender(49): _disableSentMetrics 1
[2025-03-08 15:23:10,192] [17   ] [INFO ] [] - MetricsCollector::Initialize(231): Initialized metrics collector
- session id: 7610b6f9-d24d-437e-b6ac-02332a73a894
- device id: 4ca35884-a93a-48fc-ad16-80b2a90aa32e
- application id: Box Tools Win exe
- application name: BoxTools
- application version: 4.28.1.1163
- metric collection url: https://client-log.box.com/index.php?rm=box_gen204_json_record
- metric data path: C:\Users\pcedillo\AppData\Local\Box\Box Tools\Metrics\BoxTools_Metrics_EFD61745.db
- post callback: 04F45A9E
- log callback: 04F45AEE
- context: 00000000
- post interval in seconds: 600
- max records in a post: 100
- max db records: 500
- disable sender: true
[2025-03-08 15:23:10,210] [17   ] [INFO ] [] - Shutting down the metrics collector
[2025-03-08 15:33:10,181] [13   ] [INFO ] [] - Initializing the metrics collector
[2025-03-08 15:33:10,194] [13   ] [INFO ] [] - MetricsCollector::Sender(49): _disableSentMetrics 1
[2025-03-08 15:33:10,195] [13   ] [INFO ] [] - MetricsCollector::Initialize(231): Initialized metrics collector
- session id: 7610b6f9-d24d-437e-b6ac-02332a73a894
- device id: 4ca35884-a93a-48fc-ad16-80b2a90aa32e
- application id: Box Tools Win exe
- application name: BoxTools
- application version: 4.28.1.1163
- metric collection url: https://client-log.box.com/index.php?rm=box_gen204_json_record
- metric data path: C:\Users\pcedillo\AppData\Local\Box\Box Tools\Metrics\BoxTools_Metrics_EFD61745.db
- post callback: 04F45A9E
- log callback: 04F45AEE
- context: 00000000
- post interval in seconds: 600
- max records in a post: 100
- max db records: 500
- disable sender: true
[2025-03-08 15:33:10,206] [13   ] [INFO ] [] - Shutting down the metrics collector
[2025-03-08 15:43:10,191] [17   ] [INFO ] [] - Initializing the metrics collector
[2025-03-08 15:43:10,202] [17   ] [INFO ] [] - MetricsCollector::Sender(49): _disableSentMetrics 1
[2025-03-08 15:43:10,203] [17   ] [INFO ] [] - MetricsCollector::Initialize(231): Initialized metrics collector
- session id: 7610b6f9-d24d-437e-b6ac-02332a73a894
- device id: 4ca35884-a93a-48fc-ad16-80b2a90aa32e
- application id: Box Tools Win exe
- application name: BoxTools
- application version: 4.28.1.1163
- metric collection url: https://client-log.box.com/index.php?rm=box_gen204_json_record
- metric data path: C:\Users\pcedillo\AppData\Local\Box\Box Tools\Metrics\BoxTools_Metrics_EFD61745.db
- post callback: 04F45A9E
- log callback: 04F45AEE
- context: 00000000
- post interval in seconds: 600
- max records in a post: 100
- max db records: 500
- disable sender: true
[2025-03-08 15:43:10,214] [17   ] [INFO ] [] - Shutting down the metrics collector
[2025-03-08 15:53:10,201] [13   ] [INFO ] [] - Initializing the metrics collector
[2025-03-08 15:53:10,214] [13   ] [INFO ] [] - MetricsCollector::Sender(49): _disableSentMetrics 1
[2025-03-08 15:53:10,215] [13   ] [INFO ] [] - MetricsCollector::Initialize(231): Initialized metrics collector
- session id: 7610b6f9-d24d-437e-b6ac-02332a73a894
- device id: 4ca35884-a93a-48fc-ad16-80b2a90aa32e
- application id: Box Tools Win exe
- application name: BoxTools
- application version: 4.28.1.1163
- metric collection url: https://client-log.box.com/index.php?rm=box_gen204_json_record
- metric data path: C:\Users\pcedillo\AppData\Local\Box\Box Tools\Metrics\BoxTools_Metrics_EFD61745.db
- post callback: 04F45A9E
- log callback: 04F45AEE
- context: 00000000
- post interval in seconds: 600
- max records in a post: 100
- max db records: 500
- disable sender: true
[2025-03-08 15:53:10,223] [13   ] [INFO ] [] - Shutting down the metrics collector
