[2024-10-09 14:51:38,786] [1    ] [INFO ] [] - ========== Box Edit v4.26.1.1109 ==========
[2024-10-09 14:51:38,849] [1    ] [INFO ] [] - Command Line: "C:\Users\pcedillo\AppData\Local\Box\Box Edit\Box Edit.exe" 
[2024-10-09 14:51:41,683] [1    ] [INFO ] [] - Getting DebugLogging value from CurrentUser
[2024-10-09 14:51:41,683] [1    ] [INFO ] [] - Working with debug logging OFF
[2024-10-09 14:51:41,905] [1    ] [INFO ] [] - Days to keep files in cache set to 7
[2024-10-09 14:51:42,978] [1    ] [INFO ] [] - LocalMachine RegistryKey not set
[2024-10-09 14:51:43,073] [1    ] [INFO ] [] - DeviceId::CheckDeviceId(488): Starting DeviceId generator.
[2024-10-09 14:51:43,073] [1    ] [INFO ] [] - DeviceId::CheckDeviceId(515): Global mutex obtained. Start checking.
[2024-10-09 14:51:44,317] [1    ] [INFO ] [] - DeviceId::RestoreAndValidateGlobalProperites(331): Restored global DeviceId
[2024-10-09 14:51:44,317] [1    ] [INFO ] [] - DeviceId::RestoreAndValidateGlobalProperites(341): Restored global DeviceData
[2024-10-09 14:51:44,317] [1    ] [INFO ] [] - DeviceId::PerformChecking(452): Checking DeviceData.
[2024-10-09 14:51:44,468] [1    ] [INFO ] [] - DeviceId::PerformChecking(453): DeviceData read from registry: {"ComputerSystemProductUUID":"700230CC-1E9B-11B2-A85C-9D1389205BDA","Version":1}
[2024-10-09 14:51:44,468] [1    ] [INFO ] [] - DeviceId::PerformChecking(454): Generated DeviceData: {"ComputerSystemProductUUID":"700230CC-1E9B-11B2-A85C-9D1389205BDA","Version":1}
[2024-10-09 14:51:44,468] [1    ] [INFO ] [] - DeviceId::ClearLocalProperites(431): Clearing local properties
[2024-10-09 14:51:44,651] [8    ] [INFO ] [] - .NET Version - installed 533320, expected: 528040
[2024-10-09 14:51:44,651] [8    ] [INFO ] [] - result: True
[2024-10-09 14:51:44,651] [8    ] [INFO ] [] - Checking for upgrades
[2024-10-09 14:51:44,708] [8    ] [INFO ] [] - ### File path for UpgradeState: C:\Users\pcedillo\AppData\Local\Box\upgrade_state.json
[2024-10-09 14:51:45,990] [8    ] [INFO ] [] - Url used to upgrade: https://cdn07.boxcdn.net/BoxEditAutoupdate2.json
[2024-10-09 14:51:46,069] [1    ] [INFO ] [] - Running pipe server using box_edit_pipe1 as pipe name
[2024-10-09 14:51:46,107] [1    ] [INFO ] [] - .NET Version: unknown (533320) - 4.0.30319.42000
[2024-10-09 14:51:46,117] [13   ] [INFO ] [] - Sending async metric DotNetVersion to Gen204 json endpoint.
[2024-10-09 14:51:47,592] [13   ] [INFO ] [] - Metric ingestion endpoint response: NoContent
[2024-10-09 14:51:47,671] [8    ] [INFO ] [] - ### current version track name: 4.26.1
[2024-10-09 14:51:47,675] [8    ] [WARN ] [] - Track 4.26.1 not found
[2024-10-09 14:51:47,675] [8    ] [INFO ] [] - Track default for upgrade found
[2024-10-09 14:51:47,679] [8    ] [INFO ] [] - RolloutID set to 47
[2024-10-09 14:51:47,680] [8    ] [INFO ] [] - No upgrade available
[2024-10-09 14:51:51,094] [10   ] [INFO ] [] - Initializing the metrics collector
[2024-10-09 14:51:51,127] [10   ] [INFO ] [] - MetricsCollector::Sender(49): _disableSentMetrics 1
[2024-10-09 14:51:51,127] [10   ] [INFO ] [] - MetricsCollector::Initialize(231): Initialized metrics collector
- session id: b8d4a4bd-e4f9-4079-89d0-1073a56071c9
- device id: 4ca35884-a93a-48fc-ad16-80b2a90aa32e
- application id: Box Tools Win exe
- application name: BoxTools
- application version: 4.26.1.1109
- metric collection url: https://client-log.box.com/index.php?rm=box_gen204_json_record
- metric data path: C:\Users\pcedillo\AppData\Local\Box\Box Tools\Metrics\BoxTools_Metrics.db
- post callback: 04CA391E
- log callback: 04CA3B76
- context: 00000000
- post interval in seconds: 600
- max records in a post: 100
- max db records: 500
- disable sender: true
[2024-10-09 14:51:51,142] [10   ] [INFO ] [] - Shutting down the metrics collector
[2024-10-09 15:01:51,141] [11   ] [INFO ] [] - Initializing the metrics collector
[2024-10-09 15:01:51,141] [11   ] [INFO ] [] - MetricsCollector::Sender(49): _disableSentMetrics 1
[2024-10-09 15:01:51,141] [11   ] [INFO ] [] - MetricsCollector::Initialize(231): Initialized metrics collector
- session id: b8d4a4bd-e4f9-4079-89d0-1073a56071c9
- device id: 4ca35884-a93a-48fc-ad16-80b2a90aa32e
- application id: Box Tools Win exe
- application name: BoxTools
- application version: 4.26.1.1109
- metric collection url: https://client-log.box.com/index.php?rm=box_gen204_json_record
- metric data path: C:\Users\pcedillo\AppData\Local\Box\Box Tools\Metrics\BoxTools_Metrics.db
- post callback: 04CA391E
- log callback: 04CA3B76
- context: 00000000
- post interval in seconds: 600
- max records in a post: 100
- max db records: 500
- disable sender: true
[2024-10-09 15:01:51,159] [11   ] [INFO ] [] - Shutting down the metrics collector
[2024-10-09 15:11:51,020] [18   ] [INFO ] [] - Initializing the metrics collector
[2024-10-09 15:11:51,024] [18   ] [INFO ] [] - MetricsCollector::Sender(49): _disableSentMetrics 1
[2024-10-09 15:11:51,024] [18   ] [INFO ] [] - MetricsCollector::Initialize(231): Initialized metrics collector
- session id: b8d4a4bd-e4f9-4079-89d0-1073a56071c9
- device id: 4ca35884-a93a-48fc-ad16-80b2a90aa32e
- application id: Box Tools Win exe
- application name: BoxTools
- application version: 4.26.1.1109
- metric collection url: https://client-log.box.com/index.php?rm=box_gen204_json_record
- metric data path: C:\Users\pcedillo\AppData\Local\Box\Box Tools\Metrics\BoxTools_Metrics.db
- post callback: 04CA391E
- log callback: 04CA3B76
- context: 00000000
- post interval in seconds: 600
- max records in a post: 100
- max db records: 500
- disable sender: true
[2024-10-09 15:11:51,036] [18   ] [INFO ] [] - Shutting down the metrics collector
[2024-10-09 15:21:51,033] [19   ] [INFO ] [] - Initializing the metrics collector
[2024-10-09 15:21:51,033] [19   ] [INFO ] [] - MetricsCollector::Sender(49): _disableSentMetrics 1
[2024-10-09 15:21:51,033] [19   ] [INFO ] [] - MetricsCollector::Initialize(231): Initialized metrics collector
- session id: b8d4a4bd-e4f9-4079-89d0-1073a56071c9
- device id: 4ca35884-a93a-48fc-ad16-80b2a90aa32e
- application id: Box Tools Win exe
- application name: BoxTools
- application version: 4.26.1.1109
- metric collection url: https://client-log.box.com/index.php?rm=box_gen204_json_record
- metric data path: C:\Users\pcedillo\AppData\Local\Box\Box Tools\Metrics\BoxTools_Metrics.db
- post callback: 04CA391E
- log callback: 04CA3B76
- context: 00000000
- post interval in seconds: 600
- max records in a post: 100
- max db records: 500
- disable sender: true
[2024-10-09 15:21:51,048] [19   ] [INFO ] [] - Shutting down the metrics collector
[2024-10-09 15:31:51,002] [20   ] [INFO ] [] - Initializing the metrics collector
[2024-10-09 15:31:51,002] [20   ] [INFO ] [] - MetricsCollector::Sender(49): _disableSentMetrics 1
[2024-10-09 15:31:51,002] [20   ] [INFO ] [] - MetricsCollector::Initialize(231): Initialized metrics collector
- session id: b8d4a4bd-e4f9-4079-89d0-1073a56071c9
- device id: 4ca35884-a93a-48fc-ad16-80b2a90aa32e
- application id: Box Tools Win exe
- application name: BoxTools
- application version: 4.26.1.1109
- metric collection url: https://client-log.box.com/index.php?rm=box_gen204_json_record
- metric data path: C:\Users\pcedillo\AppData\Local\Box\Box Tools\Metrics\BoxTools_Metrics.db
- post callback: 04CA391E
- log callback: 04CA3B76
- context: 00000000
- post interval in seconds: 600
- max records in a post: 100
- max db records: 500
- disable sender: true
[2024-10-09 15:31:51,017] [20   ] [INFO ] [] - Shutting down the metrics collector
[2024-10-09 15:41:51,015] [21   ] [INFO ] [] - Initializing the metrics collector
[2024-10-09 15:41:51,015] [21   ] [INFO ] [] - MetricsCollector::Sender(49): _disableSentMetrics 1
[2024-10-09 15:41:51,015] [21   ] [INFO ] [] - MetricsCollector::Initialize(231): Initialized metrics collector
- session id: b8d4a4bd-e4f9-4079-89d0-1073a56071c9
- device id: 4ca35884-a93a-48fc-ad16-80b2a90aa32e
- application id: Box Tools Win exe
- application name: BoxTools
- application version: 4.26.1.1109
- metric collection url: https://client-log.box.com/index.php?rm=box_gen204_json_record
- metric data path: C:\Users\pcedillo\AppData\Local\Box\Box Tools\Metrics\BoxTools_Metrics.db
- post callback: 04CA391E
- log callback: 04CA3B76
- context: 00000000
- post interval in seconds: 600
- max records in a post: 100
- max db records: 500
- disable sender: true
[2024-10-09 15:41:51,047] [21   ] [INFO ] [] - Shutting down the metrics collector
[2024-10-09 15:51:51,017] [20   ] [INFO ] [] - Initializing the metrics collector
[2024-10-09 15:51:51,017] [20   ] [INFO ] [] - MetricsCollector::Sender(49): _disableSentMetrics 1
[2024-10-09 15:51:51,017] [20   ] [INFO ] [] - MetricsCollector::Initialize(231): Initialized metrics collector
- session id: b8d4a4bd-e4f9-4079-89d0-1073a56071c9
- device id: 4ca35884-a93a-48fc-ad16-80b2a90aa32e
- application id: Box Tools Win exe
- application name: BoxTools
- application version: 4.26.1.1109
- metric collection url: https://client-log.box.com/index.php?rm=box_gen204_json_record
- metric data path: C:\Users\pcedillo\AppData\Local\Box\Box Tools\Metrics\BoxTools_Metrics.db
- post callback: 04CA391E
- log callback: 04CA3B76
- context: 00000000
- post interval in seconds: 600
- max records in a post: 100
- max db records: 500
- disable sender: true
[2024-10-09 15:51:51,033] [20   ] [INFO ] [] - Shutting down the metrics collector
[2024-10-09 16:01:50,978] [19   ] [INFO ] [] - Initializing the metrics collector
[2024-10-09 16:01:50,978] [19   ] [INFO ] [] - MetricsCollector::Sender(49): _disableSentMetrics 1
[2024-10-09 16:01:50,978] [19   ] [INFO ] [] - MetricsCollector::Initialize(231): Initialized metrics collector
- session id: b8d4a4bd-e4f9-4079-89d0-1073a56071c9
- device id: 4ca35884-a93a-48fc-ad16-80b2a90aa32e
- application id: Box Tools Win exe
- application name: BoxTools
- application version: 4.26.1.1109
- metric collection url: https://client-log.box.com/index.php?rm=box_gen204_json_record
- metric data path: C:\Users\pcedillo\AppData\Local\Box\Box Tools\Metrics\BoxTools_Metrics.db
- post callback: 04CA391E
- log callback: 04CA3B76
- context: 00000000
- post interval in seconds: 600
- max records in a post: 100
- max db records: 500
- disable sender: true
[2024-10-09 16:01:50,978] [19   ] [INFO ] [] - Shutting down the metrics collector
[2024-10-09 16:11:50,949] [18   ] [INFO ] [] - Initializing the metrics collector
[2024-10-09 16:11:50,959] [18   ] [INFO ] [] - MetricsCollector::Sender(49): _disableSentMetrics 1
[2024-10-09 16:11:50,959] [18   ] [INFO ] [] - MetricsCollector::Initialize(231): Initialized metrics collector
- session id: b8d4a4bd-e4f9-4079-89d0-1073a56071c9
- device id: 4ca35884-a93a-48fc-ad16-80b2a90aa32e
- application id: Box Tools Win exe
- application name: BoxTools
- application version: 4.26.1.1109
- metric collection url: https://client-log.box.com/index.php?rm=box_gen204_json_record
- metric data path: C:\Users\pcedillo\AppData\Local\Box\Box Tools\Metrics\BoxTools_Metrics.db
- post callback: 04CA391E
- log callback: 04CA3B76
- context: 00000000
- post interval in seconds: 600
- max records in a post: 100
- max db records: 500
- disable sender: true
[2024-10-09 16:11:50,972] [18   ] [INFO ] [] - Shutting down the metrics collector
[2024-10-09 16:21:50,927] [11   ] [INFO ] [] - Initializing the metrics collector
[2024-10-09 16:21:50,927] [11   ] [INFO ] [] - MetricsCollector::Sender(49): _disableSentMetrics 1
[2024-10-09 16:21:50,927] [11   ] [INFO ] [] - MetricsCollector::Initialize(231): Initialized metrics collector
- session id: b8d4a4bd-e4f9-4079-89d0-1073a56071c9
- device id: 4ca35884-a93a-48fc-ad16-80b2a90aa32e
- application id: Box Tools Win exe
- application name: BoxTools
- application version: 4.26.1.1109
- metric collection url: https://client-log.box.com/index.php?rm=box_gen204_json_record
- metric data path: C:\Users\pcedillo\AppData\Local\Box\Box Tools\Metrics\BoxTools_Metrics.db
- post callback: 04CA391E
- log callback: 04CA3B76
- context: 00000000
- post interval in seconds: 600
- max records in a post: 100
- max db records: 500
- disable sender: true
[2024-10-09 16:21:50,943] [11   ] [INFO ] [] - Shutting down the metrics collector
[2024-10-09 16:31:50,918] [7    ] [INFO ] [] - Initializing the metrics collector
[2024-10-09 16:31:50,928] [7    ] [INFO ] [] - MetricsCollector::Sender(49): _disableSentMetrics 1
[2024-10-09 16:31:50,928] [7    ] [INFO ] [] - MetricsCollector::Initialize(231): Initialized metrics collector
- session id: b8d4a4bd-e4f9-4079-89d0-1073a56071c9
- device id: 4ca35884-a93a-48fc-ad16-80b2a90aa32e
- application id: Box Tools Win exe
- application name: BoxTools
- application version: 4.26.1.1109
- metric collection url: https://client-log.box.com/index.php?rm=box_gen204_json_record
- metric data path: C:\Users\pcedillo\AppData\Local\Box\Box Tools\Metrics\BoxTools_Metrics.db
- post callback: 04CA391E
- log callback: 04CA3B76
- context: 00000000
- post interval in seconds: 600
- max records in a post: 100
- max db records: 500
- disable sender: true
[2024-10-09 16:31:50,934] [7    ] [INFO ] [] - Shutting down the metrics collector
[2024-10-09 16:41:50,889] [16   ] [INFO ] [] - Initializing the metrics collector
[2024-10-09 16:41:50,889] [16   ] [INFO ] [] - MetricsCollector::Sender(49): _disableSentMetrics 1
[2024-10-09 16:41:50,889] [16   ] [INFO ] [] - MetricsCollector::Initialize(231): Initialized metrics collector
- session id: b8d4a4bd-e4f9-4079-89d0-1073a56071c9
- device id: 4ca35884-a93a-48fc-ad16-80b2a90aa32e
- application id: Box Tools Win exe
- application name: BoxTools
- application version: 4.26.1.1109
- metric collection url: https://client-log.box.com/index.php?rm=box_gen204_json_record
- metric data path: C:\Users\pcedillo\AppData\Local\Box\Box Tools\Metrics\BoxTools_Metrics.db
- post callback: 04CA391E
- log callback: 04CA3B76
- context: 00000000
- post interval in seconds: 600
- max records in a post: 100
- max db records: 500
- disable sender: true
[2024-10-09 16:41:50,910] [16   ] [INFO ] [] - Shutting down the metrics collector
[2024-10-09 16:51:50,877] [15   ] [INFO ] [] - Initializing the metrics collector
[2024-10-09 16:51:50,877] [15   ] [INFO ] [] - MetricsCollector::Sender(49): _disableSentMetrics 1
[2024-10-09 16:51:50,877] [15   ] [INFO ] [] - MetricsCollector::Initialize(231): Initialized metrics collector
- session id: b8d4a4bd-e4f9-4079-89d0-1073a56071c9
- device id: 4ca35884-a93a-48fc-ad16-80b2a90aa32e
- application id: Box Tools Win exe
- application name: BoxTools
- application version: 4.26.1.1109
- metric collection url: https://client-log.box.com/index.php?rm=box_gen204_json_record
- metric data path: C:\Users\pcedillo\AppData\Local\Box\Box Tools\Metrics\BoxTools_Metrics.db
- post callback: 04CA391E
- log callback: 04CA3B76
- context: 00000000
- post interval in seconds: 600
- max records in a post: 100
- max db records: 500
- disable sender: true
[2024-10-09 16:51:50,892] [15   ] [INFO ] [] - Shutting down the metrics collector
[2024-10-09 17:01:50,864] [14   ] [INFO ] [] - Initializing the metrics collector
[2024-10-09 17:01:50,864] [14   ] [INFO ] [] - MetricsCollector::Sender(49): _disableSentMetrics 1
[2024-10-09 17:01:50,864] [14   ] [INFO ] [] - MetricsCollector::Initialize(231): Initialized metrics collector
- session id: b8d4a4bd-e4f9-4079-89d0-1073a56071c9
- device id: 4ca35884-a93a-48fc-ad16-80b2a90aa32e
- application id: Box Tools Win exe
- application name: BoxTools
- application version: 4.26.1.1109
- metric collection url: https://client-log.box.com/index.php?rm=box_gen204_json_record
- metric data path: C:\Users\pcedillo\AppData\Local\Box\Box Tools\Metrics\BoxTools_Metrics.db
- post callback: 04CA391E
- log callback: 04CA3B76
- context: 00000000
- post interval in seconds: 600
- max records in a post: 100
- max db records: 500
- disable sender: true
[2024-10-09 17:01:50,879] [14   ] [INFO ] [] - Shutting down the metrics collector
[2024-10-09 17:11:50,867] [13   ] [INFO ] [] - Initializing the metrics collector
[2024-10-09 17:11:50,867] [13   ] [INFO ] [] - MetricsCollector::Sender(49): _disableSentMetrics 1
[2024-10-09 17:11:50,867] [13   ] [INFO ] [] - MetricsCollector::Initialize(231): Initialized metrics collector
- session id: b8d4a4bd-e4f9-4079-89d0-1073a56071c9
- device id: 4ca35884-a93a-48fc-ad16-80b2a90aa32e
- application id: Box Tools Win exe
- application name: BoxTools
- application version: 4.26.1.1109
- metric collection url: https://client-log.box.com/index.php?rm=box_gen204_json_record
- metric data path: C:\Users\pcedillo\AppData\Local\Box\Box Tools\Metrics\BoxTools_Metrics.db
- post callback: 04CA391E
- log callback: 04CA3B76
- context: 00000000
- post interval in seconds: 600
- max records in a post: 100
- max db records: 500
- disable sender: true
[2024-10-09 17:11:50,883] [13   ] [INFO ] [] - Shutting down the metrics collector
[2024-10-09 17:21:50,880] [12   ] [INFO ] [] - Initializing the metrics collector
[2024-10-09 17:21:50,880] [12   ] [INFO ] [] - MetricsCollector::Sender(49): _disableSentMetrics 1
[2024-10-09 17:21:50,880] [12   ] [INFO ] [] - MetricsCollector::Initialize(231): Initialized metrics collector
- session id: b8d4a4bd-e4f9-4079-89d0-1073a56071c9
- device id: 4ca35884-a93a-48fc-ad16-80b2a90aa32e
- application id: Box Tools Win exe
- application name: BoxTools
- application version: 4.26.1.1109
- metric collection url: https://client-log.box.com/index.php?rm=box_gen204_json_record
- metric data path: C:\Users\pcedillo\AppData\Local\Box\Box Tools\Metrics\BoxTools_Metrics.db
- post callback: 04CA391E
- log callback: 04CA3B76
- context: 00000000
- post interval in seconds: 600
- max records in a post: 100
- max db records: 500
- disable sender: true
[2024-10-09 17:21:50,895] [12   ] [INFO ] [] - Shutting down the metrics collector
[2024-10-09 17:31:50,819] [10   ] [INFO ] [] - Initializing the metrics collector
[2024-10-09 17:31:50,831] [10   ] [INFO ] [] - MetricsCollector::Sender(49): _disableSentMetrics 1
[2024-10-09 17:31:50,831] [10   ] [INFO ] [] - MetricsCollector::Initialize(231): Initialized metrics collector
- session id: b8d4a4bd-e4f9-4079-89d0-1073a56071c9
- device id: 4ca35884-a93a-48fc-ad16-80b2a90aa32e
- application id: Box Tools Win exe
- application name: BoxTools
- application version: 4.26.1.1109
- metric collection url: https://client-log.box.com/index.php?rm=box_gen204_json_record
- metric data path: C:\Users\pcedillo\AppData\Local\Box\Box Tools\Metrics\BoxTools_Metrics.db
- post callback: 04CA391E
- log callback: 04CA3B76
- context: 00000000
- post interval in seconds: 600
- max records in a post: 100
- max db records: 500
- disable sender: true
[2024-10-09 17:31:50,842] [10   ] [INFO ] [] - Shutting down the metrics collector
[2024-10-09 17:41:50,800] [8    ] [INFO ] [] - Initializing the metrics collector
[2024-10-09 17:41:50,800] [8    ] [INFO ] [] - MetricsCollector::Sender(49): _disableSentMetrics 1
[2024-10-09 17:41:50,800] [8    ] [INFO ] [] - MetricsCollector::Initialize(231): Initialized metrics collector
- session id: b8d4a4bd-e4f9-4079-89d0-1073a56071c9
- device id: 4ca35884-a93a-48fc-ad16-80b2a90aa32e
- application id: Box Tools Win exe
- application name: BoxTools
- application version: 4.26.1.1109
- metric collection url: https://client-log.box.com/index.php?rm=box_gen204_json_record
- metric data path: C:\Users\pcedillo\AppData\Local\Box\Box Tools\Metrics\BoxTools_Metrics.db
- post callback: 04CA391E
- log callback: 04CA3B76
- context: 00000000
- post interval in seconds: 600
- max records in a post: 100
- max db records: 500
- disable sender: true
[2024-10-09 17:41:50,815] [8    ] [INFO ] [] - Shutting down the metrics collector
[2024-10-09 17:51:50,782] [6    ] [INFO ] [] - Initializing the metrics collector
[2024-10-09 17:51:50,782] [6    ] [INFO ] [] - MetricsCollector::Sender(49): _disableSentMetrics 1
[2024-10-09 17:51:50,782] [6    ] [INFO ] [] - MetricsCollector::Initialize(231): Initialized metrics collector
- session id: b8d4a4bd-e4f9-4079-89d0-1073a56071c9
- device id: 4ca35884-a93a-48fc-ad16-80b2a90aa32e
- application id: Box Tools Win exe
- application name: BoxTools
- application version: 4.26.1.1109
- metric collection url: https://client-log.box.com/index.php?rm=box_gen204_json_record
- metric data path: C:\Users\pcedillo\AppData\Local\Box\Box Tools\Metrics\BoxTools_Metrics.db
- post callback: 04CA391E
- log callback: 04CA3B76
- context: 00000000
- post interval in seconds: 600
- max records in a post: 100
- max db records: 500
- disable sender: true
[2024-10-09 17:51:50,798] [6    ] [INFO ] [] - Shutting down the metrics collector
[2024-10-09 18:01:50,752] [23   ] [INFO ] [] - Initializing the metrics collector
[2024-10-09 18:01:50,762] [23   ] [INFO ] [] - MetricsCollector::Sender(49): _disableSentMetrics 1
[2024-10-09 18:01:50,762] [23   ] [INFO ] [] - MetricsCollector::Initialize(231): Initialized metrics collector
- session id: b8d4a4bd-e4f9-4079-89d0-1073a56071c9
- device id: 4ca35884-a93a-48fc-ad16-80b2a90aa32e
- application id: Box Tools Win exe
- application name: BoxTools
- application version: 4.26.1.1109
- metric collection url: https://client-log.box.com/index.php?rm=box_gen204_json_record
- metric data path: C:\Users\pcedillo\AppData\Local\Box\Box Tools\Metrics\BoxTools_Metrics.db
- post callback: 04CA391E
- log callback: 04CA3B76
- context: 00000000
- post interval in seconds: 600
- max records in a post: 100
- max db records: 500
- disable sender: true
[2024-10-09 18:01:50,768] [23   ] [INFO ] [] - Shutting down the metrics collector
[2024-10-09 18:11:50,749] [24   ] [INFO ] [] - Initializing the metrics collector
[2024-10-09 18:11:50,749] [24   ] [INFO ] [] - MetricsCollector::Sender(49): _disableSentMetrics 1
[2024-10-09 18:11:50,749] [24   ] [INFO ] [] - MetricsCollector::Initialize(231): Initialized metrics collector
- session id: b8d4a4bd-e4f9-4079-89d0-1073a56071c9
- device id: 4ca35884-a93a-48fc-ad16-80b2a90aa32e
- application id: Box Tools Win exe
- application name: BoxTools
- application version: 4.26.1.1109
- metric collection url: https://client-log.box.com/index.php?rm=box_gen204_json_record
- metric data path: C:\Users\pcedillo\AppData\Local\Box\Box Tools\Metrics\BoxTools_Metrics.db
- post callback: 04CA391E
- log callback: 04CA3B76
- context: 00000000
- post interval in seconds: 600
- max records in a post: 100
- max db records: 500
- disable sender: true
[2024-10-09 18:11:50,765] [24   ] [INFO ] [] - Shutting down the metrics collector
[2024-10-09 18:21:50,749] [25   ] [INFO ] [] - Initializing the metrics collector
[2024-10-09 18:21:50,749] [25   ] [INFO ] [] - MetricsCollector::Sender(49): _disableSentMetrics 1
[2024-10-09 18:21:50,749] [25   ] [INFO ] [] - MetricsCollector::Initialize(231): Initialized metrics collector
- session id: b8d4a4bd-e4f9-4079-89d0-1073a56071c9
- device id: 4ca35884-a93a-48fc-ad16-80b2a90aa32e
- application id: Box Tools Win exe
- application name: BoxTools
- application version: 4.26.1.1109
- metric collection url: https://client-log.box.com/index.php?rm=box_gen204_json_record
- metric data path: C:\Users\pcedillo\AppData\Local\Box\Box Tools\Metrics\BoxTools_Metrics.db
- post callback: 04CA391E
- log callback: 04CA3B76
- context: 00000000
- post interval in seconds: 600
- max records in a post: 100
- max db records: 500
- disable sender: true
[2024-10-09 18:21:50,770] [25   ] [INFO ] [] - Shutting down the metrics collector
[2024-10-09 18:31:50,747] [26   ] [INFO ] [] - Initializing the metrics collector
[2024-10-09 18:31:50,758] [26   ] [INFO ] [] - MetricsCollector::Sender(49): _disableSentMetrics 1
[2024-10-09 18:31:50,758] [26   ] [INFO ] [] - MetricsCollector::Initialize(231): Initialized metrics collector
- session id: b8d4a4bd-e4f9-4079-89d0-1073a56071c9
- device id: 4ca35884-a93a-48fc-ad16-80b2a90aa32e
- application id: Box Tools Win exe
- application name: BoxTools
- application version: 4.26.1.1109
- metric collection url: https://client-log.box.com/index.php?rm=box_gen204_json_record
- metric data path: C:\Users\pcedillo\AppData\Local\Box\Box Tools\Metrics\BoxTools_Metrics.db
- post callback: 04CA391E
- log callback: 04CA3B76
- context: 00000000
- post interval in seconds: 600
- max records in a post: 100
- max db records: 500
- disable sender: true
[2024-10-09 18:31:50,761] [26   ] [INFO ] [] - Shutting down the metrics collector
[2024-10-09 18:41:50,709] [27   ] [INFO ] [] - Initializing the metrics collector
[2024-10-09 18:41:50,717] [27   ] [INFO ] [] - MetricsCollector::Sender(49): _disableSentMetrics 1
[2024-10-09 18:41:50,717] [27   ] [INFO ] [] - MetricsCollector::Initialize(231): Initialized metrics collector
- session id: b8d4a4bd-e4f9-4079-89d0-1073a56071c9
- device id: 4ca35884-a93a-48fc-ad16-80b2a90aa32e
- application id: Box Tools Win exe
- application name: BoxTools
- application version: 4.26.1.1109
- metric collection url: https://client-log.box.com/index.php?rm=box_gen204_json_record
- metric data path: C:\Users\pcedillo\AppData\Local\Box\Box Tools\Metrics\BoxTools_Metrics.db
- post callback: 04CA391E
- log callback: 04CA3B76
- context: 00000000
- post interval in seconds: 600
- max records in a post: 100
- max db records: 500
- disable sender: true
[2024-10-09 18:41:50,725] [27   ] [INFO ] [] - Shutting down the metrics collector
[2024-10-09 18:51:50,692] [28   ] [INFO ] [] - Initializing the metrics collector
[2024-10-09 18:51:50,692] [28   ] [INFO ] [] - MetricsCollector::Sender(49): _disableSentMetrics 1
[2024-10-09 18:51:50,692] [28   ] [INFO ] [] - MetricsCollector::Initialize(231): Initialized metrics collector
- session id: b8d4a4bd-e4f9-4079-89d0-1073a56071c9
- device id: 4ca35884-a93a-48fc-ad16-80b2a90aa32e
- application id: Box Tools Win exe
- application name: BoxTools
- application version: 4.26.1.1109
- metric collection url: https://client-log.box.com/index.php?rm=box_gen204_json_record
- metric data path: C:\Users\pcedillo\AppData\Local\Box\Box Tools\Metrics\BoxTools_Metrics.db
- post callback: 04CA391E
- log callback: 04CA3B76
- context: 00000000
- post interval in seconds: 600
- max records in a post: 100
- max db records: 500
- disable sender: true
[2024-10-09 18:51:50,708] [28   ] [INFO ] [] - Shutting down the metrics collector
[2024-10-09 19:01:50,690] [29   ] [INFO ] [] - Initializing the metrics collector
[2024-10-09 19:01:50,700] [29   ] [INFO ] [] - MetricsCollector::Sender(49): _disableSentMetrics 1
[2024-10-09 19:01:50,700] [29   ] [INFO ] [] - MetricsCollector::Initialize(231): Initialized metrics collector
- session id: b8d4a4bd-e4f9-4079-89d0-1073a56071c9
- device id: 4ca35884-a93a-48fc-ad16-80b2a90aa32e
- application id: Box Tools Win exe
- application name: BoxTools
- application version: 4.26.1.1109
- metric collection url: https://client-log.box.com/index.php?rm=box_gen204_json_record
- metric data path: C:\Users\pcedillo\AppData\Local\Box\Box Tools\Metrics\BoxTools_Metrics.db
- post callback: 04CA391E
- log callback: 04CA3B76
- context: 00000000
- post interval in seconds: 600
- max records in a post: 100
- max db records: 500
- disable sender: true
[2024-10-09 19:01:50,706] [29   ] [INFO ] [] - Shutting down the metrics collector
[2024-10-09 19:11:50,661] [30   ] [INFO ] [] - Initializing the metrics collector
[2024-10-09 19:11:50,661] [30   ] [INFO ] [] - MetricsCollector::Sender(49): _disableSentMetrics 1
[2024-10-09 19:11:50,661] [30   ] [INFO ] [] - MetricsCollector::Initialize(231): Initialized metrics collector
- session id: b8d4a4bd-e4f9-4079-89d0-1073a56071c9
- device id: 4ca35884-a93a-48fc-ad16-80b2a90aa32e
- application id: Box Tools Win exe
- application name: BoxTools
- application version: 4.26.1.1109
- metric collection url: https://client-log.box.com/index.php?rm=box_gen204_json_record
- metric data path: C:\Users\pcedillo\AppData\Local\Box\Box Tools\Metrics\BoxTools_Metrics.db
- post callback: 04CA391E
- log callback: 04CA3B76
- context: 00000000
- post interval in seconds: 600
- max records in a post: 100
- max db records: 500
- disable sender: true
[2024-10-09 19:11:50,677] [30   ] [INFO ] [] - Shutting down the metrics collector
[2024-10-09 19:21:50,647] [31   ] [INFO ] [] - Initializing the metrics collector
[2024-10-09 19:21:50,647] [31   ] [INFO ] [] - MetricsCollector::Sender(49): _disableSentMetrics 1
[2024-10-09 19:21:50,647] [31   ] [INFO ] [] - MetricsCollector::Initialize(231): Initialized metrics collector
- session id: b8d4a4bd-e4f9-4079-89d0-1073a56071c9
- device id: 4ca35884-a93a-48fc-ad16-80b2a90aa32e
- application id: Box Tools Win exe
- application name: BoxTools
- application version: 4.26.1.1109
- metric collection url: https://client-log.box.com/index.php?rm=box_gen204_json_record
- metric data path: C:\Users\pcedillo\AppData\Local\Box\Box Tools\Metrics\BoxTools_Metrics.db
- post callback: 04CA391E
- log callback: 04CA3B76
- context: 00000000
- post interval in seconds: 600
- max records in a post: 100
- max db records: 500
- disable sender: true
[2024-10-09 19:21:50,662] [31   ] [INFO ] [] - Shutting down the metrics collector
[2024-10-09 19:31:50,636] [32   ] [INFO ] [] - Initializing the metrics collector
[2024-10-09 19:31:50,636] [32   ] [INFO ] [] - MetricsCollector::Sender(49): _disableSentMetrics 1
[2024-10-09 19:31:50,636] [32   ] [INFO ] [] - MetricsCollector::Initialize(231): Initialized metrics collector
- session id: b8d4a4bd-e4f9-4079-89d0-1073a56071c9
- device id: 4ca35884-a93a-48fc-ad16-80b2a90aa32e
- application id: Box Tools Win exe
- application name: BoxTools
- application version: 4.26.1.1109
- metric collection url: https://client-log.box.com/index.php?rm=box_gen204_json_record
- metric data path: C:\Users\pcedillo\AppData\Local\Box\Box Tools\Metrics\BoxTools_Metrics.db
- post callback: 04CA391E
- log callback: 04CA3B76
- context: 00000000
- post interval in seconds: 600
- max records in a post: 100
- max db records: 500
- disable sender: true
[2024-10-09 19:31:50,653] [32   ] [INFO ] [] - Shutting down the metrics collector
[2024-10-09 19:41:50,628] [33   ] [INFO ] [] - Initializing the metrics collector
[2024-10-09 19:41:50,628] [33   ] [INFO ] [] - MetricsCollector::Sender(49): _disableSentMetrics 1
[2024-10-09 19:41:50,628] [33   ] [INFO ] [] - MetricsCollector::Initialize(231): Initialized metrics collector
- session id: b8d4a4bd-e4f9-4079-89d0-1073a56071c9
- device id: 4ca35884-a93a-48fc-ad16-80b2a90aa32e
- application id: Box Tools Win exe
- application name: BoxTools
- application version: 4.26.1.1109
- metric collection url: https://client-log.box.com/index.php?rm=box_gen204_json_record
- metric data path: C:\Users\pcedillo\AppData\Local\Box\Box Tools\Metrics\BoxTools_Metrics.db
- post callback: 04CA391E
- log callback: 04CA3B76
- context: 00000000
- post interval in seconds: 600
- max records in a post: 100
- max db records: 500
- disable sender: true
[2024-10-09 19:41:50,628] [33   ] [INFO ] [] - Shutting down the metrics collector
[2024-10-09 19:51:50,605] [34   ] [INFO ] [] - Initializing the metrics collector
[2024-10-09 19:51:50,605] [34   ] [INFO ] [] - MetricsCollector::Sender(49): _disableSentMetrics 1
[2024-10-09 19:51:50,605] [34   ] [INFO ] [] - MetricsCollector::Initialize(231): Initialized metrics collector
- session id: b8d4a4bd-e4f9-4079-89d0-1073a56071c9
- device id: 4ca35884-a93a-48fc-ad16-80b2a90aa32e
- application id: Box Tools Win exe
- application name: BoxTools
- application version: 4.26.1.1109
- metric collection url: https://client-log.box.com/index.php?rm=box_gen204_json_record
- metric data path: C:\Users\pcedillo\AppData\Local\Box\Box Tools\Metrics\BoxTools_Metrics.db
- post callback: 04CA391E
- log callback: 04CA3B76
- context: 00000000
- post interval in seconds: 600
- max records in a post: 100
- max db records: 500
- disable sender: true
[2024-10-09 19:51:50,620] [34   ] [INFO ] [] - Shutting down the metrics collector
[2024-10-09 20:01:50,604] [35   ] [INFO ] [] - Initializing the metrics collector
[2024-10-09 20:01:50,613] [35   ] [INFO ] [] - MetricsCollector::Sender(49): _disableSentMetrics 1
[2024-10-09 20:01:50,613] [35   ] [INFO ] [] - MetricsCollector::Initialize(231): Initialized metrics collector
- session id: b8d4a4bd-e4f9-4079-89d0-1073a56071c9
- device id: 4ca35884-a93a-48fc-ad16-80b2a90aa32e
- application id: Box Tools Win exe
- application name: BoxTools
- application version: 4.26.1.1109
- metric collection url: https://client-log.box.com/index.php?rm=box_gen204_json_record
- metric data path: C:\Users\pcedillo\AppData\Local\Box\Box Tools\Metrics\BoxTools_Metrics.db
- post callback: 04CA391E
- log callback: 04CA3B76
- context: 00000000
- post interval in seconds: 600
- max records in a post: 100
- max db records: 500
- disable sender: true
[2024-10-09 20:01:50,620] [35   ] [INFO ] [] - Shutting down the metrics collector
[2024-10-09 20:11:50,603] [36   ] [INFO ] [] - Initializing the metrics collector
[2024-10-09 20:11:50,603] [36   ] [INFO ] [] - MetricsCollector::Sender(49): _disableSentMetrics 1
[2024-10-09 20:11:50,603] [36   ] [INFO ] [] - MetricsCollector::Initialize(231): Initialized metrics collector
- session id: b8d4a4bd-e4f9-4079-89d0-1073a56071c9
- device id: 4ca35884-a93a-48fc-ad16-80b2a90aa32e
- application id: Box Tools Win exe
- application name: BoxTools
- application version: 4.26.1.1109
- metric collection url: https://client-log.box.com/index.php?rm=box_gen204_json_record
- metric data path: C:\Users\pcedillo\AppData\Local\Box\Box Tools\Metrics\BoxTools_Metrics.db
- post callback: 04CA391E
- log callback: 04CA3B76
- context: 00000000
- post interval in seconds: 600
- max records in a post: 100
- max db records: 500
- disable sender: true
[2024-10-09 20:11:50,619] [36   ] [INFO ] [] - Shutting down the metrics collector
[2024-10-09 20:21:50,604] [37   ] [INFO ] [] - Initializing the metrics collector
[2024-10-09 20:21:50,604] [37   ] [INFO ] [] - MetricsCollector::Sender(49): _disableSentMetrics 1
[2024-10-09 20:21:50,604] [37   ] [INFO ] [] - MetricsCollector::Initialize(231): Initialized metrics collector
- session id: b8d4a4bd-e4f9-4079-89d0-1073a56071c9
- device id: 4ca35884-a93a-48fc-ad16-80b2a90aa32e
- application id: Box Tools Win exe
- application name: BoxTools
- application version: 4.26.1.1109
- metric collection url: https://client-log.box.com/index.php?rm=box_gen204_json_record
- metric data path: C:\Users\pcedillo\AppData\Local\Box\Box Tools\Metrics\BoxTools_Metrics.db
- post callback: 04CA391E
- log callback: 04CA3B76
- context: 00000000
- post interval in seconds: 600
- max records in a post: 100
- max db records: 500
- disable sender: true
[2024-10-09 20:21:50,619] [37   ] [INFO ] [] - Shutting down the metrics collector
[2024-10-09 20:31:50,612] [38   ] [INFO ] [] - Initializing the metrics collector
[2024-10-09 20:31:50,612] [38   ] [INFO ] [] - MetricsCollector::Sender(49): _disableSentMetrics 1
[2024-10-09 20:31:50,612] [38   ] [INFO ] [] - MetricsCollector::Initialize(231): Initialized metrics collector
- session id: b8d4a4bd-e4f9-4079-89d0-1073a56071c9
- device id: 4ca35884-a93a-48fc-ad16-80b2a90aa32e
- application id: Box Tools Win exe
- application name: BoxTools
- application version: 4.26.1.1109
- metric collection url: https://client-log.box.com/index.php?rm=box_gen204_json_record
- metric data path: C:\Users\pcedillo\AppData\Local\Box\Box Tools\Metrics\BoxTools_Metrics.db
- post callback: 04CA391E
- log callback: 04CA3B76
- context: 00000000
- post interval in seconds: 600
- max records in a post: 100
- max db records: 500
- disable sender: true
[2024-10-09 20:31:50,627] [38   ] [INFO ] [] - Shutting down the metrics collector
[2024-10-09 20:41:50,610] [39   ] [INFO ] [] - Initializing the metrics collector
[2024-10-09 20:41:50,610] [39   ] [INFO ] [] - MetricsCollector::Sender(49): _disableSentMetrics 1
[2024-10-09 20:41:50,610] [39   ] [INFO ] [] - MetricsCollector::Initialize(231): Initialized metrics collector
- session id: b8d4a4bd-e4f9-4079-89d0-1073a56071c9
- device id: 4ca35884-a93a-48fc-ad16-80b2a90aa32e
- application id: Box Tools Win exe
- application name: BoxTools
- application version: 4.26.1.1109
- metric collection url: https://client-log.box.com/index.php?rm=box_gen204_json_record
- metric data path: C:\Users\pcedillo\AppData\Local\Box\Box Tools\Metrics\BoxTools_Metrics.db
- post callback: 04CA391E
- log callback: 04CA3B76
- context: 00000000
- post interval in seconds: 600
- max records in a post: 100
- max db records: 500
- disable sender: true
[2024-10-09 20:41:50,625] [39   ] [INFO ] [] - Shutting down the metrics collector
[2024-10-09 20:51:50,569] [40   ] [INFO ] [] - Initializing the metrics collector
[2024-10-09 20:51:50,569] [40   ] [INFO ] [] - MetricsCollector::Sender(49): _disableSentMetrics 1
[2024-10-09 20:51:50,569] [40   ] [INFO ] [] - MetricsCollector::Initialize(231): Initialized metrics collector
- session id: b8d4a4bd-e4f9-4079-89d0-1073a56071c9
- device id: 4ca35884-a93a-48fc-ad16-80b2a90aa32e
- application id: Box Tools Win exe
- application name: BoxTools
- application version: 4.26.1.1109
- metric collection url: https://client-log.box.com/index.php?rm=box_gen204_json_record
- metric data path: C:\Users\pcedillo\AppData\Local\Box\Box Tools\Metrics\BoxTools_Metrics.db
- post callback: 04CA391E
- log callback: 04CA3B76
- context: 00000000
- post interval in seconds: 600
- max records in a post: 100
- max db records: 500
- disable sender: true
[2024-10-09 20:51:50,585] [40   ] [INFO ] [] - Shutting down the metrics collector
[2024-10-09 21:01:50,513] [41   ] [INFO ] [] - Initializing the metrics collector
[2024-10-09 21:01:50,513] [41   ] [INFO ] [] - MetricsCollector::Sender(49): _disableSentMetrics 1
[2024-10-09 21:01:50,513] [41   ] [INFO ] [] - MetricsCollector::Initialize(231): Initialized metrics collector
- session id: b8d4a4bd-e4f9-4079-89d0-1073a56071c9
- device id: 4ca35884-a93a-48fc-ad16-80b2a90aa32e
- application id: Box Tools Win exe
- application name: BoxTools
- application version: 4.26.1.1109
- metric collection url: https://client-log.box.com/index.php?rm=box_gen204_json_record
- metric data path: C:\Users\pcedillo\AppData\Local\Box\Box Tools\Metrics\BoxTools_Metrics.db
- post callback: 04CA391E
- log callback: 04CA3B76
- context: 00000000
- post interval in seconds: 600
- max records in a post: 100
- max db records: 500
- disable sender: true
[2024-10-09 21:01:50,529] [41   ] [INFO ] [] - Shutting down the metrics collector
[2024-10-09 21:11:50,487] [42   ] [INFO ] [] - Initializing the metrics collector
[2024-10-09 21:11:50,487] [42   ] [INFO ] [] - MetricsCollector::Sender(49): _disableSentMetrics 1
[2024-10-09 21:11:50,487] [42   ] [INFO ] [] - MetricsCollector::Initialize(231): Initialized metrics collector
- session id: b8d4a4bd-e4f9-4079-89d0-1073a56071c9
- device id: 4ca35884-a93a-48fc-ad16-80b2a90aa32e
- application id: Box Tools Win exe
- application name: BoxTools
- application version: 4.26.1.1109
- metric collection url: https://client-log.box.com/index.php?rm=box_gen204_json_record
- metric data path: C:\Users\pcedillo\AppData\Local\Box\Box Tools\Metrics\BoxTools_Metrics.db
- post callback: 04CA391E
- log callback: 04CA3B76
- context: 00000000
- post interval in seconds: 600
- max records in a post: 100
- max db records: 500
- disable sender: true
[2024-10-09 21:11:50,503] [42   ] [INFO ] [] - Shutting down the metrics collector
[2024-10-09 21:21:50,483] [43   ] [INFO ] [] - Initializing the metrics collector
[2024-10-09 21:21:50,484] [43   ] [INFO ] [] - MetricsCollector::Sender(49): _disableSentMetrics 1
[2024-10-09 21:21:50,484] [43   ] [INFO ] [] - MetricsCollector::Initialize(231): Initialized metrics collector
- session id: b8d4a4bd-e4f9-4079-89d0-1073a56071c9
- device id: 4ca35884-a93a-48fc-ad16-80b2a90aa32e
- application id: Box Tools Win exe
- application name: BoxTools
- application version: 4.26.1.1109
- metric collection url: https://client-log.box.com/index.php?rm=box_gen204_json_record
- metric data path: C:\Users\pcedillo\AppData\Local\Box\Box Tools\Metrics\BoxTools_Metrics.db
- post callback: 04CA391E
- log callback: 04CA3B76
- context: 00000000
- post interval in seconds: 600
- max records in a post: 100
- max db records: 500
- disable sender: true
[2024-10-09 21:21:50,499] [43   ] [INFO ] [] - Shutting down the metrics collector
[2024-10-09 21:31:50,494] [44   ] [INFO ] [] - Initializing the metrics collector
[2024-10-09 21:31:50,494] [44   ] [INFO ] [] - MetricsCollector::Sender(49): _disableSentMetrics 1
[2024-10-09 21:31:50,494] [44   ] [INFO ] [] - MetricsCollector::Initialize(231): Initialized metrics collector
- session id: b8d4a4bd-e4f9-4079-89d0-1073a56071c9
- device id: 4ca35884-a93a-48fc-ad16-80b2a90aa32e
- application id: Box Tools Win exe
- application name: BoxTools
- application version: 4.26.1.1109
- metric collection url: https://client-log.box.com/index.php?rm=box_gen204_json_record
- metric data path: C:\Users\pcedillo\AppData\Local\Box\Box Tools\Metrics\BoxTools_Metrics.db
- post callback: 04CA391E
- log callback: 04CA3B76
- context: 00000000
- post interval in seconds: 600
- max records in a post: 100
- max db records: 500
- disable sender: true
[2024-10-09 21:31:50,509] [44   ] [INFO ] [] - Shutting down the metrics collector
[2024-10-09 21:41:50,497] [45   ] [INFO ] [] - Initializing the metrics collector
[2024-10-09 21:41:50,509] [45   ] [INFO ] [] - MetricsCollector::Sender(49): _disableSentMetrics 1
[2024-10-09 21:41:50,509] [45   ] [INFO ] [] - MetricsCollector::Initialize(231): Initialized metrics collector
- session id: b8d4a4bd-e4f9-4079-89d0-1073a56071c9
- device id: 4ca35884-a93a-48fc-ad16-80b2a90aa32e
- application id: Box Tools Win exe
- application name: BoxTools
- application version: 4.26.1.1109
- metric collection url: https://client-log.box.com/index.php?rm=box_gen204_json_record
- metric data path: C:\Users\pcedillo\AppData\Local\Box\Box Tools\Metrics\BoxTools_Metrics.db
- post callback: 04CA391E
- log callback: 04CA3B76
- context: 00000000
- post interval in seconds: 600
- max records in a post: 100
- max db records: 500
- disable sender: true
[2024-10-09 21:41:50,513] [45   ] [INFO ] [] - Shutting down the metrics collector
[2024-10-09 21:51:50,508] [46   ] [INFO ] [] - Initializing the metrics collector
[2024-10-09 21:51:50,508] [46   ] [INFO ] [] - MetricsCollector::Sender(49): _disableSentMetrics 1
[2024-10-09 21:51:50,508] [46   ] [INFO ] [] - MetricsCollector::Initialize(231): Initialized metrics collector
- session id: b8d4a4bd-e4f9-4079-89d0-1073a56071c9
- device id: 4ca35884-a93a-48fc-ad16-80b2a90aa32e
- application id: Box Tools Win exe
- application name: BoxTools
- application version: 4.26.1.1109
- metric collection url: https://client-log.box.com/index.php?rm=box_gen204_json_record
- metric data path: C:\Users\pcedillo\AppData\Local\Box\Box Tools\Metrics\BoxTools_Metrics.db
- post callback: 04CA391E
- log callback: 04CA3B76
- context: 00000000
- post interval in seconds: 600
- max records in a post: 100
- max db records: 500
- disable sender: true
[2024-10-09 21:51:50,524] [46   ] [INFO ] [] - Shutting down the metrics collector
[2024-10-09 22:01:50,457] [47   ] [INFO ] [] - Initializing the metrics collector
[2024-10-09 22:01:50,457] [47   ] [INFO ] [] - MetricsCollector::Sender(49): _disableSentMetrics 1
[2024-10-09 22:01:50,457] [47   ] [INFO ] [] - MetricsCollector::Initialize(231): Initialized metrics collector
- session id: b8d4a4bd-e4f9-4079-89d0-1073a56071c9
- device id: 4ca35884-a93a-48fc-ad16-80b2a90aa32e
- application id: Box Tools Win exe
- application name: BoxTools
- application version: 4.26.1.1109
- metric collection url: https://client-log.box.com/index.php?rm=box_gen204_json_record
- metric data path: C:\Users\pcedillo\AppData\Local\Box\Box Tools\Metrics\BoxTools_Metrics.db
- post callback: 04CA391E
- log callback: 04CA3B76
- context: 00000000
- post interval in seconds: 600
- max records in a post: 100
- max db records: 500
- disable sender: true
[2024-10-09 22:01:50,473] [47   ] [INFO ] [] - Shutting down the metrics collector
[2024-10-09 22:11:50,413] [48   ] [INFO ] [] - Initializing the metrics collector
[2024-10-09 22:11:50,413] [48   ] [INFO ] [] - MetricsCollector::Sender(49): _disableSentMetrics 1
[2024-10-09 22:11:50,413] [48   ] [INFO ] [] - MetricsCollector::Initialize(231): Initialized metrics collector
- session id: b8d4a4bd-e4f9-4079-89d0-1073a56071c9
- device id: 4ca35884-a93a-48fc-ad16-80b2a90aa32e
- application id: Box Tools Win exe
- application name: BoxTools
- application version: 4.26.1.1109
- metric collection url: https://client-log.box.com/index.php?rm=box_gen204_json_record
- metric data path: C:\Users\pcedillo\AppData\Local\Box\Box Tools\Metrics\BoxTools_Metrics.db
- post callback: 04CA391E
- log callback: 04CA3B76
- context: 00000000
- post interval in seconds: 600
- max records in a post: 100
- max db records: 500
- disable sender: true
[2024-10-09 22:11:50,428] [48   ] [INFO ] [] - Shutting down the metrics collector
[2024-10-09 22:21:50,397] [49   ] [INFO ] [] - Initializing the metrics collector
[2024-10-09 22:21:50,397] [49   ] [INFO ] [] - MetricsCollector::Sender(49): _disableSentMetrics 1
[2024-10-09 22:21:50,397] [49   ] [INFO ] [] - MetricsCollector::Initialize(231): Initialized metrics collector
- session id: b8d4a4bd-e4f9-4079-89d0-1073a56071c9
- device id: 4ca35884-a93a-48fc-ad16-80b2a90aa32e
- application id: Box Tools Win exe
- application name: BoxTools
- application version: 4.26.1.1109
- metric collection url: https://client-log.box.com/index.php?rm=box_gen204_json_record
- metric data path: C:\Users\pcedillo\AppData\Local\Box\Box Tools\Metrics\BoxTools_Metrics.db
- post callback: 04CA391E
- log callback: 04CA3B76
- context: 00000000
- post interval in seconds: 600
- max records in a post: 100
- max db records: 500
- disable sender: true
[2024-10-09 22:21:50,414] [49   ] [INFO ] [] - Shutting down the metrics collector
[2024-10-09 22:31:50,382] [50   ] [INFO ] [] - Initializing the metrics collector
[2024-10-09 22:31:50,382] [50   ] [INFO ] [] - MetricsCollector::Sender(49): _disableSentMetrics 1
[2024-10-09 22:31:50,382] [50   ] [INFO ] [] - MetricsCollector::Initialize(231): Initialized metrics collector
- session id: b8d4a4bd-e4f9-4079-89d0-1073a56071c9
- device id: 4ca35884-a93a-48fc-ad16-80b2a90aa32e
- application id: Box Tools Win exe
- application name: BoxTools
- application version: 4.26.1.1109
- metric collection url: https://client-log.box.com/index.php?rm=box_gen204_json_record
- metric data path: C:\Users\pcedillo\AppData\Local\Box\Box Tools\Metrics\BoxTools_Metrics.db
- post callback: 04CA391E
- log callback: 04CA3B76
- context: 00000000
- post interval in seconds: 600
- max records in a post: 100
- max db records: 500
- disable sender: true
[2024-10-09 22:31:50,398] [50   ] [INFO ] [] - Shutting down the metrics collector
[2024-10-09 22:41:50,380] [51   ] [INFO ] [] - Initializing the metrics collector
[2024-10-09 22:41:50,380] [51   ] [INFO ] [] - MetricsCollector::Sender(49): _disableSentMetrics 1
[2024-10-09 22:41:50,380] [51   ] [INFO ] [] - MetricsCollector::Initialize(231): Initialized metrics collector
- session id: b8d4a4bd-e4f9-4079-89d0-1073a56071c9
- device id: 4ca35884-a93a-48fc-ad16-80b2a90aa32e
- application id: Box Tools Win exe
- application name: BoxTools
- application version: 4.26.1.1109
- metric collection url: https://client-log.box.com/index.php?rm=box_gen204_json_record
- metric data path: C:\Users\pcedillo\AppData\Local\Box\Box Tools\Metrics\BoxTools_Metrics.db
- post callback: 04CA391E
- log callback: 04CA3B76
- context: 00000000
- post interval in seconds: 600
- max records in a post: 100
- max db records: 500
- disable sender: true
[2024-10-09 22:41:50,395] [51   ] [INFO ] [] - Shutting down the metrics collector
[2024-10-09 22:51:50,379] [52   ] [INFO ] [] - Initializing the metrics collector
[2024-10-09 22:51:50,390] [52   ] [INFO ] [] - MetricsCollector::Sender(49): _disableSentMetrics 1
[2024-10-09 22:51:50,390] [52   ] [INFO ] [] - MetricsCollector::Initialize(231): Initialized metrics collector
- session id: b8d4a4bd-e4f9-4079-89d0-1073a56071c9
- device id: 4ca35884-a93a-48fc-ad16-80b2a90aa32e
- application id: Box Tools Win exe
- application name: BoxTools
- application version: 4.26.1.1109
- metric collection url: https://client-log.box.com/index.php?rm=box_gen204_json_record
- metric data path: C:\Users\pcedillo\AppData\Local\Box\Box Tools\Metrics\BoxTools_Metrics.db
- post callback: 04CA391E
- log callback: 04CA3B76
- context: 00000000
- post interval in seconds: 600
- max records in a post: 100
- max db records: 500
- disable sender: true
[2024-10-09 22:51:50,395] [52   ] [INFO ] [] - Shutting down the metrics collector
[2024-10-09 23:01:50,386] [53   ] [INFO ] [] - Initializing the metrics collector
[2024-10-09 23:01:50,386] [53   ] [INFO ] [] - MetricsCollector::Sender(49): _disableSentMetrics 1
[2024-10-09 23:01:50,386] [53   ] [INFO ] [] - MetricsCollector::Initialize(231): Initialized metrics collector
- session id: b8d4a4bd-e4f9-4079-89d0-1073a56071c9
- device id: 4ca35884-a93a-48fc-ad16-80b2a90aa32e
- application id: Box Tools Win exe
- application name: BoxTools
- application version: 4.26.1.1109
- metric collection url: https://client-log.box.com/index.php?rm=box_gen204_json_record
- metric data path: C:\Users\pcedillo\AppData\Local\Box\Box Tools\Metrics\BoxTools_Metrics.db
- post callback: 04CA391E
- log callback: 04CA3B76
- context: 00000000
- post interval in seconds: 600
- max records in a post: 100
- max db records: 500
- disable sender: true
[2024-10-09 23:01:50,402] [53   ] [INFO ] [] - Shutting down the metrics collector
[2024-10-09 23:11:50,339] [54   ] [INFO ] [] - Initializing the metrics collector
[2024-10-09 23:11:50,339] [54   ] [INFO ] [] - MetricsCollector::Sender(49): _disableSentMetrics 1
[2024-10-09 23:11:50,339] [54   ] [INFO ] [] - MetricsCollector::Initialize(231): Initialized metrics collector
- session id: b8d4a4bd-e4f9-4079-89d0-1073a56071c9
- device id: 4ca35884-a93a-48fc-ad16-80b2a90aa32e
- application id: Box Tools Win exe
- application name: BoxTools
- application version: 4.26.1.1109
- metric collection url: https://client-log.box.com/index.php?rm=box_gen204_json_record
- metric data path: C:\Users\pcedillo\AppData\Local\Box\Box Tools\Metrics\BoxTools_Metrics.db
- post callback: 04CA391E
- log callback: 04CA3B76
- context: 00000000
- post interval in seconds: 600
- max records in a post: 100
- max db records: 500
- disable sender: true
[2024-10-09 23:11:50,355] [54   ] [INFO ] [] - Shutting down the metrics collector
[2024-10-09 23:21:50,322] [55   ] [INFO ] [] - Initializing the metrics collector
[2024-10-09 23:21:50,332] [55   ] [INFO ] [] - MetricsCollector::Sender(49): _disableSentMetrics 1
[2024-10-09 23:21:50,332] [55   ] [INFO ] [] - MetricsCollector::Initialize(231): Initialized metrics collector
- session id: b8d4a4bd-e4f9-4079-89d0-1073a56071c9
- device id: 4ca35884-a93a-48fc-ad16-80b2a90aa32e
- application id: Box Tools Win exe
- application name: BoxTools
- application version: 4.26.1.1109
- metric collection url: https://client-log.box.com/index.php?rm=box_gen204_json_record
- metric data path: C:\Users\pcedillo\AppData\Local\Box\Box Tools\Metrics\BoxTools_Metrics.db
- post callback: 04CA391E
- log callback: 04CA3B76
- context: 00000000
- post interval in seconds: 600
- max records in a post: 100
- max db records: 500
- disable sender: true
[2024-10-09 23:21:50,338] [55   ] [INFO ] [] - Shutting down the metrics collector
[2024-10-09 23:31:50,316] [56   ] [INFO ] [] - Initializing the metrics collector
[2024-10-09 23:31:50,316] [56   ] [INFO ] [] - MetricsCollector::Sender(49): _disableSentMetrics 1
[2024-10-09 23:31:50,316] [56   ] [INFO ] [] - MetricsCollector::Initialize(231): Initialized metrics collector
- session id: b8d4a4bd-e4f9-4079-89d0-1073a56071c9
- device id: 4ca35884-a93a-48fc-ad16-80b2a90aa32e
- application id: Box Tools Win exe
- application name: BoxTools
- application version: 4.26.1.1109
- metric collection url: https://client-log.box.com/index.php?rm=box_gen204_json_record
- metric data path: C:\Users\pcedillo\AppData\Local\Box\Box Tools\Metrics\BoxTools_Metrics.db
- post callback: 04CA391E
- log callback: 04CA3B76
- context: 00000000
- post interval in seconds: 600
- max records in a post: 100
- max db records: 500
- disable sender: true
[2024-10-09 23:31:50,324] [56   ] [INFO ] [] - Shutting down the metrics collector
[2024-10-09 23:41:50,304] [57   ] [INFO ] [] - Initializing the metrics collector
[2024-10-09 23:41:50,316] [57   ] [INFO ] [] - MetricsCollector::Sender(49): _disableSentMetrics 1
[2024-10-09 23:41:50,316] [57   ] [INFO ] [] - MetricsCollector::Initialize(231): Initialized metrics collector
- session id: b8d4a4bd-e4f9-4079-89d0-1073a56071c9
- device id: 4ca35884-a93a-48fc-ad16-80b2a90aa32e
- application id: Box Tools Win exe
- application name: BoxTools
- application version: 4.26.1.1109
- metric collection url: https://client-log.box.com/index.php?rm=box_gen204_json_record
- metric data path: C:\Users\pcedillo\AppData\Local\Box\Box Tools\Metrics\BoxTools_Metrics.db
- post callback: 04CA391E
- log callback: 04CA3B76
- context: 00000000
- post interval in seconds: 600
- max records in a post: 100
- max db records: 500
- disable sender: true
[2024-10-09 23:41:50,325] [57   ] [INFO ] [] - Shutting down the metrics collector
[2024-10-09 23:51:50,297] [58   ] [INFO ] [] - Initializing the metrics collector
[2024-10-09 23:51:50,297] [58   ] [INFO ] [] - MetricsCollector::Sender(49): _disableSentMetrics 1
[2024-10-09 23:51:50,297] [58   ] [INFO ] [] - MetricsCollector::Initialize(231): Initialized metrics collector
- session id: b8d4a4bd-e4f9-4079-89d0-1073a56071c9
- device id: 4ca35884-a93a-48fc-ad16-80b2a90aa32e
- application id: Box Tools Win exe
- application name: BoxTools
- application version: 4.26.1.1109
- metric collection url: https://client-log.box.com/index.php?rm=box_gen204_json_record
- metric data path: C:\Users\pcedillo\AppData\Local\Box\Box Tools\Metrics\BoxTools_Metrics.db
- post callback: 04CA391E
- log callback: 04CA3B76
- context: 00000000
- post interval in seconds: 600
- max records in a post: 100
- max db records: 500
- disable sender: true
[2024-10-09 23:51:50,313] [58   ] [INFO ] [] - Shutting down the metrics collector
