[2024-11-11 08:01:56,719] [1    ] [INFO ] [] - ========== Box Edit v4.26.1.1109 ==========
[2024-11-11 08:01:56,751] [1    ] [INFO ] [] - Command Line: "C:\Users\pcedillo\AppData\Local\Box\Box Edit\Box Edit.exe" 
[2024-11-11 08:01:57,241] [1    ] [INFO ] [] - Getting DebugLogging value from CurrentUser
[2024-11-11 08:01:57,241] [1    ] [INFO ] [] - Working with debug logging OFF
[2024-11-11 08:01:57,289] [1    ] [INFO ] [] - Days to keep files in cache set to 7
[2024-11-11 08:01:57,384] [1    ] [INFO ] [] - LocalMachine RegistryKey not set
[2024-11-11 08:01:57,400] [1    ] [INFO ] [] - DeviceId::CheckDeviceId(488): Starting DeviceId generator.
[2024-11-11 08:01:57,400] [1    ] [INFO ] [] - DeviceId::CheckDeviceId(515): Global mutex obtained. Start checking.
[2024-11-11 08:01:57,495] [1    ] [INFO ] [] - DeviceId::RestoreAndValidateGlobalProperites(331): Restored global DeviceId
[2024-11-11 08:01:57,495] [1    ] [INFO ] [] - DeviceId::RestoreAndValidateGlobalProperites(341): Restored global DeviceData
[2024-11-11 08:01:57,495] [1    ] [INFO ] [] - DeviceId::PerformChecking(452): Checking DeviceData.
[2024-11-11 08:01:57,510] [1    ] [INFO ] [] - DeviceId::PerformChecking(453): DeviceData read from registry: {"ComputerSystemProductUUID":"700230CC-1E9B-11B2-A85C-9D1389205BDA","Version":1}
[2024-11-11 08:01:57,510] [1    ] [INFO ] [] - DeviceId::PerformChecking(454): Generated DeviceData: {"ComputerSystemProductUUID":"700230CC-1E9B-11B2-A85C-9D1389205BDA","Version":1}
[2024-11-11 08:01:57,510] [1    ] [INFO ] [] - DeviceId::ClearLocalProperites(431): Clearing local properties
[2024-11-11 08:01:57,542] [9    ] [INFO ] [] - .NET Version - installed 533320, expected: 528040
[2024-11-11 08:01:57,542] [9    ] [INFO ] [] - result: True
[2024-11-11 08:01:57,542] [9    ] [INFO ] [] - Checking for upgrades
[2024-11-11 08:01:57,560] [9    ] [INFO ] [] - ### File path for UpgradeState: C:\Users\pcedillo\AppData\Local\Box\upgrade_state.json
[2024-11-11 08:01:57,574] [1    ] [INFO ] [] - Running pipe server using box_edit_pipe1 as pipe name
[2024-11-11 08:01:57,589] [1    ] [INFO ] [] - .NET Version: unknown (533320) - 4.0.30319.42000
[2024-11-11 08:01:57,589] [15   ] [INFO ] [] - Sending async metric DotNetVersion to Gen204 json endpoint.
[2024-11-11 08:01:57,768] [9    ] [INFO ] [] - Url used to upgrade: https://cdn07.boxcdn.net/BoxEditAutoupdate2.json
[2024-11-11 08:01:58,033] [9    ] [INFO ] [] - ### current version track name: 4.26.1
[2024-11-11 08:01:58,033] [9    ] [WARN ] [] - Track 4.26.1 not found
[2024-11-11 08:01:58,033] [9    ] [INFO ] [] - Track default for upgrade found
[2024-11-11 08:01:58,040] [9    ] [INFO ] [] - RolloutID set to 47
[2024-11-11 08:01:58,040] [9    ] [INFO ] [] - Not upgrading because RolloutID is not in range
[2024-11-11 08:01:58,144] [15   ] [INFO ] [] - Metric ingestion endpoint response: NoContent
[2024-11-11 08:02:02,607] [12   ] [INFO ] [] - Initializing the metrics collector
[2024-11-11 08:02:02,626] [12   ] [INFO ] [] - MetricsCollector::Sender(49): _disableSentMetrics 1
[2024-11-11 08:02:02,626] [12   ] [INFO ] [] - MetricsCollector::Initialize(231): Initialized metrics collector
- session id: a50d4fa9-45a8-4c9d-9f41-491be7c0e4d4
- device id: 4ca35884-a93a-48fc-ad16-80b2a90aa32e
- application id: Box Tools Win exe
- application name: BoxTools
- application version: 4.26.1.1109
- metric collection url: https://client-log.box.com/index.php?rm=box_gen204_json_record
- metric data path: C:\Users\pcedillo\AppData\Local\Box\Box Tools\Metrics\BoxTools_Metrics.db
- post callback: 05735B3E
- log callback: 05735B8E
- context: 00000000
- post interval in seconds: 600
- max records in a post: 100
- max db records: 500
- disable sender: true
[2024-11-11 08:02:02,640] [12   ] [INFO ] [] - Shutting down the metrics collector
[2024-11-11 08:12:02,522] [16   ] [INFO ] [] - Initializing the metrics collector
[2024-11-11 08:12:02,522] [16   ] [INFO ] [] - MetricsCollector::Sender(49): _disableSentMetrics 1
[2024-11-11 08:12:02,522] [16   ] [INFO ] [] - MetricsCollector::Initialize(231): Initialized metrics collector
- session id: a50d4fa9-45a8-4c9d-9f41-491be7c0e4d4
- device id: 4ca35884-a93a-48fc-ad16-80b2a90aa32e
- application id: Box Tools Win exe
- application name: BoxTools
- application version: 4.26.1.1109
- metric collection url: https://client-log.box.com/index.php?rm=box_gen204_json_record
- metric data path: C:\Users\pcedillo\AppData\Local\Box\Box Tools\Metrics\BoxTools_Metrics.db
- post callback: 05735B3E
- log callback: 05735B8E
- context: 00000000
- post interval in seconds: 600
- max records in a post: 100
- max db records: 500
- disable sender: true
[2024-11-11 08:12:02,539] [16   ] [INFO ] [] - Shutting down the metrics collector
[2024-11-11 08:22:02,519] [15   ] [INFO ] [] - Initializing the metrics collector
[2024-11-11 08:22:02,519] [15   ] [INFO ] [] - MetricsCollector::Sender(49): _disableSentMetrics 1
[2024-11-11 08:22:02,519] [15   ] [INFO ] [] - MetricsCollector::Initialize(231): Initialized metrics collector
- session id: a50d4fa9-45a8-4c9d-9f41-491be7c0e4d4
- device id: 4ca35884-a93a-48fc-ad16-80b2a90aa32e
- application id: Box Tools Win exe
- application name: BoxTools
- application version: 4.26.1.1109
- metric collection url: https://client-log.box.com/index.php?rm=box_gen204_json_record
- metric data path: C:\Users\pcedillo\AppData\Local\Box\Box Tools\Metrics\BoxTools_Metrics.db
- post callback: 05735B3E
- log callback: 05735B8E
- context: 00000000
- post interval in seconds: 600
- max records in a post: 100
- max db records: 500
- disable sender: true
[2024-11-11 08:22:02,519] [15   ] [INFO ] [] - Shutting down the metrics collector
[2024-11-11 08:32:02,521] [14   ] [INFO ] [] - Initializing the metrics collector
[2024-11-11 08:32:02,566] [14   ] [INFO ] [] - MetricsCollector::Sender(49): _disableSentMetrics 1
[2024-11-11 08:32:02,566] [14   ] [INFO ] [] - MetricsCollector::Initialize(231): Initialized metrics collector
- session id: a50d4fa9-45a8-4c9d-9f41-491be7c0e4d4
- device id: 4ca35884-a93a-48fc-ad16-80b2a90aa32e
- application id: Box Tools Win exe
- application name: BoxTools
- application version: 4.26.1.1109
- metric collection url: https://client-log.box.com/index.php?rm=box_gen204_json_record
- metric data path: C:\Users\pcedillo\AppData\Local\Box\Box Tools\Metrics\BoxTools_Metrics.db
- post callback: 05735B3E
- log callback: 05735B8E
- context: 00000000
- post interval in seconds: 600
- max records in a post: 100
- max db records: 500
- disable sender: true
[2024-11-11 08:32:02,596] [14   ] [INFO ] [] - Shutting down the metrics collector
[2024-11-11 08:42:02,419] [13   ] [INFO ] [] - Initializing the metrics collector
[2024-11-11 08:42:02,419] [13   ] [INFO ] [] - MetricsCollector::Sender(49): _disableSentMetrics 1
[2024-11-11 08:42:02,419] [13   ] [INFO ] [] - MetricsCollector::Initialize(231): Initialized metrics collector
- session id: a50d4fa9-45a8-4c9d-9f41-491be7c0e4d4
- device id: 4ca35884-a93a-48fc-ad16-80b2a90aa32e
- application id: Box Tools Win exe
- application name: BoxTools
- application version: 4.26.1.1109
- metric collection url: https://client-log.box.com/index.php?rm=box_gen204_json_record
- metric data path: C:\Users\pcedillo\AppData\Local\Box\Box Tools\Metrics\BoxTools_Metrics.db
- post callback: 05735B3E
- log callback: 05735B8E
- context: 00000000
- post interval in seconds: 600
- max records in a post: 100
- max db records: 500
- disable sender: true
[2024-11-11 08:42:02,443] [13   ] [INFO ] [] - Shutting down the metrics collector
[2024-11-11 08:52:02,389] [12   ] [INFO ] [] - Initializing the metrics collector
[2024-11-11 08:52:02,398] [12   ] [INFO ] [] - MetricsCollector::Sender(49): _disableSentMetrics 1
[2024-11-11 08:52:02,398] [12   ] [INFO ] [] - MetricsCollector::Initialize(231): Initialized metrics collector
- session id: a50d4fa9-45a8-4c9d-9f41-491be7c0e4d4
- device id: 4ca35884-a93a-48fc-ad16-80b2a90aa32e
- application id: Box Tools Win exe
- application name: BoxTools
- application version: 4.26.1.1109
- metric collection url: https://client-log.box.com/index.php?rm=box_gen204_json_record
- metric data path: C:\Users\pcedillo\AppData\Local\Box\Box Tools\Metrics\BoxTools_Metrics.db
- post callback: 05735B3E
- log callback: 05735B8E
- context: 00000000
- post interval in seconds: 600
- max records in a post: 100
- max db records: 500
- disable sender: true
[2024-11-11 08:52:02,404] [12   ] [INFO ] [] - Shutting down the metrics collector
[2024-11-11 09:02:02,393] [11   ] [INFO ] [] - Initializing the metrics collector
[2024-11-11 09:02:02,406] [11   ] [INFO ] [] - MetricsCollector::Sender(49): _disableSentMetrics 1
[2024-11-11 09:02:02,407] [11   ] [INFO ] [] - MetricsCollector::Initialize(231): Initialized metrics collector
- session id: a50d4fa9-45a8-4c9d-9f41-491be7c0e4d4
- device id: 4ca35884-a93a-48fc-ad16-80b2a90aa32e
- application id: Box Tools Win exe
- application name: BoxTools
- application version: 4.26.1.1109
- metric collection url: https://client-log.box.com/index.php?rm=box_gen204_json_record
- metric data path: C:\Users\pcedillo\AppData\Local\Box\Box Tools\Metrics\BoxTools_Metrics.db
- post callback: 05735B3E
- log callback: 05735B8E
- context: 00000000
- post interval in seconds: 600
- max records in a post: 100
- max db records: 500
- disable sender: true
[2024-11-11 09:02:02,420] [11   ] [INFO ] [] - Shutting down the metrics collector
[2024-11-11 09:12:02,319] [9    ] [INFO ] [] - Initializing the metrics collector
[2024-11-11 09:12:02,342] [9    ] [INFO ] [] - MetricsCollector::Sender(49): _disableSentMetrics 1
[2024-11-11 09:12:02,343] [9    ] [INFO ] [] - MetricsCollector::Initialize(231): Initialized metrics collector
- session id: a50d4fa9-45a8-4c9d-9f41-491be7c0e4d4
- device id: 4ca35884-a93a-48fc-ad16-80b2a90aa32e
- application id: Box Tools Win exe
- application name: BoxTools
- application version: 4.26.1.1109
- metric collection url: https://client-log.box.com/index.php?rm=box_gen204_json_record
- metric data path: C:\Users\pcedillo\AppData\Local\Box\Box Tools\Metrics\BoxTools_Metrics.db
- post callback: 05735B3E
- log callback: 05735B8E
- context: 00000000
- post interval in seconds: 600
- max records in a post: 100
- max db records: 500
- disable sender: true
[2024-11-11 09:12:02,359] [9    ] [INFO ] [] - Shutting down the metrics collector
[2024-11-11 09:22:02,267] [7    ] [INFO ] [] - Initializing the metrics collector
[2024-11-11 09:22:02,282] [7    ] [INFO ] [] - MetricsCollector::Sender(49): _disableSentMetrics 1
[2024-11-11 09:22:02,282] [7    ] [INFO ] [] - MetricsCollector::Initialize(231): Initialized metrics collector
- session id: a50d4fa9-45a8-4c9d-9f41-491be7c0e4d4
- device id: 4ca35884-a93a-48fc-ad16-80b2a90aa32e
- application id: Box Tools Win exe
- application name: BoxTools
- application version: 4.26.1.1109
- metric collection url: https://client-log.box.com/index.php?rm=box_gen204_json_record
- metric data path: C:\Users\pcedillo\AppData\Local\Box\Box Tools\Metrics\BoxTools_Metrics.db
- post callback: 05735B3E
- log callback: 05735B8E
- context: 00000000
- post interval in seconds: 600
- max records in a post: 100
- max db records: 500
- disable sender: true
[2024-11-11 09:22:02,297] [7    ] [INFO ] [] - Shutting down the metrics collector
[2024-11-11 09:32:02,255] [3    ] [INFO ] [] - Initializing the metrics collector
[2024-11-11 09:32:02,272] [3    ] [INFO ] [] - MetricsCollector::Sender(49): _disableSentMetrics 1
[2024-11-11 09:32:02,272] [3    ] [INFO ] [] - MetricsCollector::Initialize(231): Initialized metrics collector
- session id: a50d4fa9-45a8-4c9d-9f41-491be7c0e4d4
- device id: 4ca35884-a93a-48fc-ad16-80b2a90aa32e
- application id: Box Tools Win exe
- application name: BoxTools
- application version: 4.26.1.1109
- metric collection url: https://client-log.box.com/index.php?rm=box_gen204_json_record
- metric data path: C:\Users\pcedillo\AppData\Local\Box\Box Tools\Metrics\BoxTools_Metrics.db
- post callback: 05735B3E
- log callback: 05735B8E
- context: 00000000
- post interval in seconds: 600
- max records in a post: 100
- max db records: 500
- disable sender: true
[2024-11-11 09:32:02,287] [3    ] [INFO ] [] - Shutting down the metrics collector
[2024-11-11 10:02:58,458] [19   ] [INFO ] [] - Initializing the metrics collector
[2024-11-11 10:02:58,466] [19   ] [INFO ] [] - MetricsCollector::Sender(49): _disableSentMetrics 1
[2024-11-11 10:02:58,474] [19   ] [INFO ] [] - MetricsCollector::Initialize(231): Initialized metrics collector
- session id: a50d4fa9-45a8-4c9d-9f41-491be7c0e4d4
- device id: 4ca35884-a93a-48fc-ad16-80b2a90aa32e
- application id: Box Tools Win exe
- application name: BoxTools
- application version: 4.26.1.1109
- metric collection url: https://client-log.box.com/index.php?rm=box_gen204_json_record
- metric data path: C:\Users\pcedillo\AppData\Local\Box\Box Tools\Metrics\BoxTools_Metrics.db
- post callback: 05735B3E
- log callback: 05735B8E
- context: 00000000
- post interval in seconds: 600
- max records in a post: 100
- max db records: 500
- disable sender: true
[2024-11-11 10:02:58,483] [19   ] [INFO ] [] - Shutting down the metrics collector
[2024-11-11 10:12:58,469] [20   ] [INFO ] [] - Initializing the metrics collector
[2024-11-11 10:12:58,485] [20   ] [INFO ] [] - MetricsCollector::Sender(49): _disableSentMetrics 1
[2024-11-11 10:12:58,485] [20   ] [INFO ] [] - MetricsCollector::Initialize(231): Initialized metrics collector
- session id: a50d4fa9-45a8-4c9d-9f41-491be7c0e4d4
- device id: 4ca35884-a93a-48fc-ad16-80b2a90aa32e
- application id: Box Tools Win exe
- application name: BoxTools
- application version: 4.26.1.1109
- metric collection url: https://client-log.box.com/index.php?rm=box_gen204_json_record
- metric data path: C:\Users\pcedillo\AppData\Local\Box\Box Tools\Metrics\BoxTools_Metrics.db
- post callback: 05735B3E
- log callback: 05735B8E
- context: 00000000
- post interval in seconds: 600
- max records in a post: 100
- max db records: 500
- disable sender: true
[2024-11-11 10:12:58,502] [20   ] [INFO ] [] - Shutting down the metrics collector
[2024-11-11 10:22:58,051] [21   ] [INFO ] [] - Initializing the metrics collector
[2024-11-11 10:22:58,063] [21   ] [INFO ] [] - MetricsCollector::Sender(49): _disableSentMetrics 1
[2024-11-11 10:22:58,063] [21   ] [INFO ] [] - MetricsCollector::Initialize(231): Initialized metrics collector
- session id: a50d4fa9-45a8-4c9d-9f41-491be7c0e4d4
- device id: 4ca35884-a93a-48fc-ad16-80b2a90aa32e
- application id: Box Tools Win exe
- application name: BoxTools
- application version: 4.26.1.1109
- metric collection url: https://client-log.box.com/index.php?rm=box_gen204_json_record
- metric data path: C:\Users\pcedillo\AppData\Local\Box\Box Tools\Metrics\BoxTools_Metrics.db
- post callback: 05735B3E
- log callback: 05735B8E
- context: 00000000
- post interval in seconds: 600
- max records in a post: 100
- max db records: 500
- disable sender: true
[2024-11-11 10:22:58,083] [21   ] [INFO ] [] - Shutting down the metrics collector
[2024-11-11 10:32:57,951] [22   ] [INFO ] [] - Initializing the metrics collector
[2024-11-11 10:32:57,969] [22   ] [INFO ] [] - MetricsCollector::Sender(49): _disableSentMetrics 1
[2024-11-11 10:32:57,969] [22   ] [INFO ] [] - MetricsCollector::Initialize(231): Initialized metrics collector
- session id: a50d4fa9-45a8-4c9d-9f41-491be7c0e4d4
- device id: 4ca35884-a93a-48fc-ad16-80b2a90aa32e
- application id: Box Tools Win exe
- application name: BoxTools
- application version: 4.26.1.1109
- metric collection url: https://client-log.box.com/index.php?rm=box_gen204_json_record
- metric data path: C:\Users\pcedillo\AppData\Local\Box\Box Tools\Metrics\BoxTools_Metrics.db
- post callback: 05735B3E
- log callback: 05735B8E
- context: 00000000
- post interval in seconds: 600
- max records in a post: 100
- max db records: 500
- disable sender: true
[2024-11-11 10:32:57,983] [22   ] [INFO ] [] - Shutting down the metrics collector
[2024-11-11 10:42:57,966] [23   ] [INFO ] [] - Initializing the metrics collector
[2024-11-11 10:42:57,966] [23   ] [INFO ] [] - MetricsCollector::Sender(49): _disableSentMetrics 1
[2024-11-11 10:42:57,966] [23   ] [INFO ] [] - MetricsCollector::Initialize(231): Initialized metrics collector
- session id: a50d4fa9-45a8-4c9d-9f41-491be7c0e4d4
- device id: 4ca35884-a93a-48fc-ad16-80b2a90aa32e
- application id: Box Tools Win exe
- application name: BoxTools
- application version: 4.26.1.1109
- metric collection url: https://client-log.box.com/index.php?rm=box_gen204_json_record
- metric data path: C:\Users\pcedillo\AppData\Local\Box\Box Tools\Metrics\BoxTools_Metrics.db
- post callback: 05735B3E
- log callback: 05735B8E
- context: 00000000
- post interval in seconds: 600
- max records in a post: 100
- max db records: 500
- disable sender: true
[2024-11-11 10:42:57,966] [23   ] [INFO ] [] - Shutting down the metrics collector
[2024-11-11 10:52:57,912] [24   ] [INFO ] [] - Initializing the metrics collector
[2024-11-11 10:52:57,920] [24   ] [INFO ] [] - MetricsCollector::Sender(49): _disableSentMetrics 1
[2024-11-11 10:52:57,920] [24   ] [INFO ] [] - MetricsCollector::Initialize(231): Initialized metrics collector
- session id: a50d4fa9-45a8-4c9d-9f41-491be7c0e4d4
- device id: 4ca35884-a93a-48fc-ad16-80b2a90aa32e
- application id: Box Tools Win exe
- application name: BoxTools
- application version: 4.26.1.1109
- metric collection url: https://client-log.box.com/index.php?rm=box_gen204_json_record
- metric data path: C:\Users\pcedillo\AppData\Local\Box\Box Tools\Metrics\BoxTools_Metrics.db
- post callback: 05735B3E
- log callback: 05735B8E
- context: 00000000
- post interval in seconds: 600
- max records in a post: 100
- max db records: 500
- disable sender: true
[2024-11-11 10:52:57,926] [24   ] [INFO ] [] - Shutting down the metrics collector
[2024-11-11 11:02:57,918] [25   ] [INFO ] [] - Initializing the metrics collector
[2024-11-11 11:02:57,918] [25   ] [INFO ] [] - MetricsCollector::Sender(49): _disableSentMetrics 1
[2024-11-11 11:02:57,918] [25   ] [INFO ] [] - MetricsCollector::Initialize(231): Initialized metrics collector
- session id: a50d4fa9-45a8-4c9d-9f41-491be7c0e4d4
- device id: 4ca35884-a93a-48fc-ad16-80b2a90aa32e
- application id: Box Tools Win exe
- application name: BoxTools
- application version: 4.26.1.1109
- metric collection url: https://client-log.box.com/index.php?rm=box_gen204_json_record
- metric data path: C:\Users\pcedillo\AppData\Local\Box\Box Tools\Metrics\BoxTools_Metrics.db
- post callback: 05735B3E
- log callback: 05735B8E
- context: 00000000
- post interval in seconds: 600
- max records in a post: 100
- max db records: 500
- disable sender: true
[2024-11-11 11:02:57,937] [25   ] [INFO ] [] - Shutting down the metrics collector
[2024-11-11 11:12:57,921] [26   ] [INFO ] [] - Initializing the metrics collector
[2024-11-11 11:12:57,937] [26   ] [INFO ] [] - MetricsCollector::Sender(49): _disableSentMetrics 1
[2024-11-11 11:12:57,937] [26   ] [INFO ] [] - MetricsCollector::Initialize(231): Initialized metrics collector
- session id: a50d4fa9-45a8-4c9d-9f41-491be7c0e4d4
- device id: 4ca35884-a93a-48fc-ad16-80b2a90aa32e
- application id: Box Tools Win exe
- application name: BoxTools
- application version: 4.26.1.1109
- metric collection url: https://client-log.box.com/index.php?rm=box_gen204_json_record
- metric data path: C:\Users\pcedillo\AppData\Local\Box\Box Tools\Metrics\BoxTools_Metrics.db
- post callback: 05735B3E
- log callback: 05735B8E
- context: 00000000
- post interval in seconds: 600
- max records in a post: 100
- max db records: 500
- disable sender: true
[2024-11-11 11:12:57,957] [26   ] [INFO ] [] - Shutting down the metrics collector
[2024-11-11 11:22:57,850] [27   ] [INFO ] [] - Initializing the metrics collector
[2024-11-11 11:22:57,865] [27   ] [INFO ] [] - MetricsCollector::Sender(49): _disableSentMetrics 1
[2024-11-11 11:22:57,865] [27   ] [INFO ] [] - MetricsCollector::Initialize(231): Initialized metrics collector
- session id: a50d4fa9-45a8-4c9d-9f41-491be7c0e4d4
- device id: 4ca35884-a93a-48fc-ad16-80b2a90aa32e
- application id: Box Tools Win exe
- application name: BoxTools
- application version: 4.26.1.1109
- metric collection url: https://client-log.box.com/index.php?rm=box_gen204_json_record
- metric data path: C:\Users\pcedillo\AppData\Local\Box\Box Tools\Metrics\BoxTools_Metrics.db
- post callback: 05735B3E
- log callback: 05735B8E
- context: 00000000
- post interval in seconds: 600
- max records in a post: 100
- max db records: 500
- disable sender: true
[2024-11-11 11:22:57,881] [27   ] [INFO ] [] - Shutting down the metrics collector
[2024-11-11 11:32:57,787] [28   ] [INFO ] [] - Initializing the metrics collector
[2024-11-11 11:32:57,794] [28   ] [INFO ] [] - MetricsCollector::Sender(49): _disableSentMetrics 1
[2024-11-11 11:32:57,802] [28   ] [INFO ] [] - MetricsCollector::Initialize(231): Initialized metrics collector
- session id: a50d4fa9-45a8-4c9d-9f41-491be7c0e4d4
- device id: 4ca35884-a93a-48fc-ad16-80b2a90aa32e
- application id: Box Tools Win exe
- application name: BoxTools
- application version: 4.26.1.1109
- metric collection url: https://client-log.box.com/index.php?rm=box_gen204_json_record
- metric data path: C:\Users\pcedillo\AppData\Local\Box\Box Tools\Metrics\BoxTools_Metrics.db
- post callback: 05735B3E
- log callback: 05735B8E
- context: 00000000
- post interval in seconds: 600
- max records in a post: 100
- max db records: 500
- disable sender: true
[2024-11-11 11:32:57,802] [28   ] [INFO ] [] - Shutting down the metrics collector
[2024-11-11 11:42:57,782] [29   ] [INFO ] [] - Initializing the metrics collector
[2024-11-11 11:42:57,797] [29   ] [INFO ] [] - MetricsCollector::Sender(49): _disableSentMetrics 1
[2024-11-11 11:42:57,797] [29   ] [INFO ] [] - MetricsCollector::Initialize(231): Initialized metrics collector
- session id: a50d4fa9-45a8-4c9d-9f41-491be7c0e4d4
- device id: 4ca35884-a93a-48fc-ad16-80b2a90aa32e
- application id: Box Tools Win exe
- application name: BoxTools
- application version: 4.26.1.1109
- metric collection url: https://client-log.box.com/index.php?rm=box_gen204_json_record
- metric data path: C:\Users\pcedillo\AppData\Local\Box\Box Tools\Metrics\BoxTools_Metrics.db
- post callback: 05735B3E
- log callback: 05735B8E
- context: 00000000
- post interval in seconds: 600
- max records in a post: 100
- max db records: 500
- disable sender: true
[2024-11-11 11:42:57,813] [29   ] [INFO ] [] - Shutting down the metrics collector
[2024-11-11 11:52:57,789] [30   ] [INFO ] [] - Initializing the metrics collector
[2024-11-11 11:52:57,789] [30   ] [INFO ] [] - MetricsCollector::Sender(49): _disableSentMetrics 1
[2024-11-11 11:52:57,789] [30   ] [INFO ] [] - MetricsCollector::Initialize(231): Initialized metrics collector
- session id: a50d4fa9-45a8-4c9d-9f41-491be7c0e4d4
- device id: 4ca35884-a93a-48fc-ad16-80b2a90aa32e
- application id: Box Tools Win exe
- application name: BoxTools
- application version: 4.26.1.1109
- metric collection url: https://client-log.box.com/index.php?rm=box_gen204_json_record
- metric data path: C:\Users\pcedillo\AppData\Local\Box\Box Tools\Metrics\BoxTools_Metrics.db
- post callback: 05735B3E
- log callback: 05735B8E
- context: 00000000
- post interval in seconds: 600
- max records in a post: 100
- max db records: 500
- disable sender: true
[2024-11-11 11:52:57,804] [30   ] [INFO ] [] - Shutting down the metrics collector
[2024-11-11 12:02:57,790] [31   ] [INFO ] [] - Initializing the metrics collector
[2024-11-11 12:02:57,821] [31   ] [INFO ] [] - MetricsCollector::Sender(49): _disableSentMetrics 1
[2024-11-11 12:02:57,821] [31   ] [INFO ] [] - MetricsCollector::Initialize(231): Initialized metrics collector
- session id: a50d4fa9-45a8-4c9d-9f41-491be7c0e4d4
- device id: 4ca35884-a93a-48fc-ad16-80b2a90aa32e
- application id: Box Tools Win exe
- application name: BoxTools
- application version: 4.26.1.1109
- metric collection url: https://client-log.box.com/index.php?rm=box_gen204_json_record
- metric data path: C:\Users\pcedillo\AppData\Local\Box\Box Tools\Metrics\BoxTools_Metrics.db
- post callback: 05735B3E
- log callback: 05735B8E
- context: 00000000
- post interval in seconds: 600
- max records in a post: 100
- max db records: 500
- disable sender: true
[2024-11-11 12:02:57,837] [31   ] [INFO ] [] - Shutting down the metrics collector
[2024-11-11 12:12:57,815] [32   ] [INFO ] [] - Initializing the metrics collector
[2024-11-11 12:12:57,827] [32   ] [INFO ] [] - MetricsCollector::Sender(49): _disableSentMetrics 1
[2024-11-11 12:12:57,827] [32   ] [INFO ] [] - MetricsCollector::Initialize(231): Initialized metrics collector
- session id: a50d4fa9-45a8-4c9d-9f41-491be7c0e4d4
- device id: 4ca35884-a93a-48fc-ad16-80b2a90aa32e
- application id: Box Tools Win exe
- application name: BoxTools
- application version: 4.26.1.1109
- metric collection url: https://client-log.box.com/index.php?rm=box_gen204_json_record
- metric data path: C:\Users\pcedillo\AppData\Local\Box\Box Tools\Metrics\BoxTools_Metrics.db
- post callback: 05735B3E
- log callback: 05735B8E
- context: 00000000
- post interval in seconds: 600
- max records in a post: 100
- max db records: 500
- disable sender: true
[2024-11-11 12:12:57,832] [32   ] [INFO ] [] - Shutting down the metrics collector
[2024-11-11 12:22:57,817] [26   ] [INFO ] [] - Initializing the metrics collector
[2024-11-11 12:22:57,838] [26   ] [INFO ] [] - MetricsCollector::Sender(49): _disableSentMetrics 1
[2024-11-11 12:22:57,839] [26   ] [INFO ] [] - MetricsCollector::Initialize(231): Initialized metrics collector
- session id: a50d4fa9-45a8-4c9d-9f41-491be7c0e4d4
- device id: 4ca35884-a93a-48fc-ad16-80b2a90aa32e
- application id: Box Tools Win exe
- application name: BoxTools
- application version: 4.26.1.1109
- metric collection url: https://client-log.box.com/index.php?rm=box_gen204_json_record
- metric data path: C:\Users\pcedillo\AppData\Local\Box\Box Tools\Metrics\BoxTools_Metrics.db
- post callback: 05735B3E
- log callback: 05735B8E
- context: 00000000
- post interval in seconds: 600
- max records in a post: 100
- max db records: 500
- disable sender: true
[2024-11-11 12:22:57,857] [26   ] [INFO ] [] - Shutting down the metrics collector
[2024-11-11 12:32:57,614] [25   ] [INFO ] [] - Initializing the metrics collector
[2024-11-11 12:32:57,634] [25   ] [INFO ] [] - MetricsCollector::Sender(49): _disableSentMetrics 1
[2024-11-11 12:32:57,634] [25   ] [INFO ] [] - MetricsCollector::Initialize(231): Initialized metrics collector
- session id: a50d4fa9-45a8-4c9d-9f41-491be7c0e4d4
- device id: 4ca35884-a93a-48fc-ad16-80b2a90aa32e
- application id: Box Tools Win exe
- application name: BoxTools
- application version: 4.26.1.1109
- metric collection url: https://client-log.box.com/index.php?rm=box_gen204_json_record
- metric data path: C:\Users\pcedillo\AppData\Local\Box\Box Tools\Metrics\BoxTools_Metrics.db
- post callback: 05735B3E
- log callback: 05735B8E
- context: 00000000
- post interval in seconds: 600
- max records in a post: 100
- max db records: 500
- disable sender: true
[2024-11-11 12:32:57,653] [25   ] [INFO ] [] - Shutting down the metrics collector
[2024-11-11 12:47:02,430] [1    ] [INFO ] [] - ========== Box Edit v4.26.1.1109 ==========
[2024-11-11 12:47:02,639] [1    ] [INFO ] [] - Command Line: "C:\Users\pcedillo\AppData\Local\Box\Box Edit\Box Edit.exe" 
[2024-11-11 12:47:05,223] [1    ] [INFO ] [] - Getting DebugLogging value from CurrentUser
[2024-11-11 12:47:05,223] [1    ] [INFO ] [] - Working with debug logging OFF
[2024-11-11 12:47:05,564] [1    ] [INFO ] [] - Days to keep files in cache set to 7
[2024-11-11 12:47:06,002] [1    ] [INFO ] [] - LocalMachine RegistryKey not set
[2024-11-11 12:47:06,146] [1    ] [INFO ] [] - DeviceId::CheckDeviceId(488): Starting DeviceId generator.
[2024-11-11 12:47:06,161] [1    ] [INFO ] [] - DeviceId::CheckDeviceId(515): Global mutex obtained. Start checking.
[2024-11-11 12:47:06,809] [1    ] [INFO ] [] - DeviceId::RestoreAndValidateGlobalProperites(331): Restored global DeviceId
[2024-11-11 12:47:06,809] [1    ] [INFO ] [] - DeviceId::RestoreAndValidateGlobalProperites(341): Restored global DeviceData
[2024-11-11 12:47:06,816] [1    ] [INFO ] [] - DeviceId::PerformChecking(452): Checking DeviceData.
[2024-11-11 12:47:06,825] [1    ] [INFO ] [] - DeviceId::PerformChecking(453): DeviceData read from registry: {"ComputerSystemProductUUID":"700230CC-1E9B-11B2-A85C-9D1389205BDA","Version":1}
[2024-11-11 12:47:06,830] [1    ] [INFO ] [] - DeviceId::PerformChecking(454): Generated DeviceData: {"ComputerSystemProductUUID":"700230CC-1E9B-11B2-A85C-9D1389205BDA","Version":1}
[2024-11-11 12:47:06,840] [1    ] [INFO ] [] - DeviceId::ClearLocalProperites(431): Clearing local properties
[2024-11-11 12:47:07,293] [9    ] [INFO ] [] - .NET Version - installed 533320, expected: 528040
[2024-11-11 12:47:07,298] [9    ] [INFO ] [] - result: True
[2024-11-11 12:47:07,300] [9    ] [INFO ] [] - Checking for upgrades
[2024-11-11 12:47:07,360] [9    ] [INFO ] [] - ### File path for UpgradeState: C:\Users\pcedillo\AppData\Local\Box\upgrade_state.json
[2024-11-11 12:47:07,535] [1    ] [INFO ] [] - Running pipe server using box_edit_pipe1 as pipe name
[2024-11-11 12:47:07,678] [1    ] [INFO ] [] - .NET Version: unknown (533320) - 4.0.30319.42000
[2024-11-11 12:47:07,693] [15   ] [INFO ] [] - Sending async metric DotNetVersion to Gen204 json endpoint.
[2024-11-11 12:47:08,215] [9    ] [INFO ] [] - Url used to upgrade: https://cdn07.boxcdn.net/BoxEditAutoupdate2.json
[2024-11-11 12:47:08,891] [15   ] [INFO ] [] - Metric ingestion endpoint response: NoContent
[2024-11-11 12:47:08,988] [9    ] [INFO ] [] - ### current version track name: 4.26.1
[2024-11-11 12:47:08,988] [9    ] [WARN ] [] - Track 4.26.1 not found
[2024-11-11 12:47:08,988] [9    ] [INFO ] [] - Track default for upgrade found
[2024-11-11 12:47:08,988] [9    ] [INFO ] [] - RolloutID set to 47
[2024-11-11 12:47:09,001] [9    ] [INFO ] [] - Not upgrading because RolloutID is not in range
[2024-11-11 12:47:12,684] [12   ] [INFO ] [] - Initializing the metrics collector
[2024-11-11 12:47:12,768] [12   ] [INFO ] [] - MetricsCollector::Sender(49): _disableSentMetrics 1
[2024-11-11 12:47:12,779] [12   ] [INFO ] [] - MetricsCollector::Initialize(231): Initialized metrics collector
- session id: e232ff9c-70f6-4dd4-9a02-821953672f77
- device id: 4ca35884-a93a-48fc-ad16-80b2a90aa32e
- application id: Box Tools Win exe
- application name: BoxTools
- application version: 4.26.1.1109
- metric collection url: https://client-log.box.com/index.php?rm=box_gen204_json_record
- metric data path: C:\Users\pcedillo\AppData\Local\Box\Box Tools\Metrics\BoxTools_Metrics.db
- post callback: 05485C06
- log callback: 05485CF6
- context: 00000000
- post interval in seconds: 600
- max records in a post: 100
- max db records: 500
- disable sender: true
[2024-11-11 12:47:12,818] [12   ] [INFO ] [] - Shutting down the metrics collector
[2024-11-11 14:57:36,877] [18   ] [INFO ] [] - Initializing the metrics collector
[2024-11-11 14:57:36,885] [18   ] [INFO ] [] - MetricsCollector::Sender(49): _disableSentMetrics 1
[2024-11-11 14:57:36,885] [18   ] [INFO ] [] - MetricsCollector::Initialize(231): Initialized metrics collector
- session id: e232ff9c-70f6-4dd4-9a02-821953672f77
- device id: 4ca35884-a93a-48fc-ad16-80b2a90aa32e
- application id: Box Tools Win exe
- application name: BoxTools
- application version: 4.26.1.1109
- metric collection url: https://client-log.box.com/index.php?rm=box_gen204_json_record
- metric data path: C:\Users\pcedillo\AppData\Local\Box\Box Tools\Metrics\BoxTools_Metrics.db
- post callback: 05485C06
- log callback: 05485CF6
- context: 00000000
- post interval in seconds: 600
- max records in a post: 100
- max db records: 500
- disable sender: true
[2024-11-11 14:57:36,899] [18   ] [INFO ] [] - Shutting down the metrics collector
[2024-11-11 15:07:36,237] [17   ] [INFO ] [] - Initializing the metrics collector
[2024-11-11 15:07:36,237] [17   ] [INFO ] [] - MetricsCollector::Sender(49): _disableSentMetrics 1
[2024-11-11 15:07:36,237] [17   ] [INFO ] [] - MetricsCollector::Initialize(231): Initialized metrics collector
- session id: e232ff9c-70f6-4dd4-9a02-821953672f77
- device id: 4ca35884-a93a-48fc-ad16-80b2a90aa32e
- application id: Box Tools Win exe
- application name: BoxTools
- application version: 4.26.1.1109
- metric collection url: https://client-log.box.com/index.php?rm=box_gen204_json_record
- metric data path: C:\Users\pcedillo\AppData\Local\Box\Box Tools\Metrics\BoxTools_Metrics.db
- post callback: 05485C06
- log callback: 05485CF6
- context: 00000000
- post interval in seconds: 600
- max records in a post: 100
- max db records: 500
- disable sender: true
[2024-11-11 15:07:36,237] [17   ] [INFO ] [] - Shutting down the metrics collector
[2024-11-11 15:17:36,256] [16   ] [INFO ] [] - Initializing the metrics collector
[2024-11-11 15:17:36,256] [16   ] [INFO ] [] - MetricsCollector::Sender(49): _disableSentMetrics 1
[2024-11-11 15:17:36,256] [16   ] [INFO ] [] - MetricsCollector::Initialize(231): Initialized metrics collector
- session id: e232ff9c-70f6-4dd4-9a02-821953672f77
- device id: 4ca35884-a93a-48fc-ad16-80b2a90aa32e
- application id: Box Tools Win exe
- application name: BoxTools
- application version: 4.26.1.1109
- metric collection url: https://client-log.box.com/index.php?rm=box_gen204_json_record
- metric data path: C:\Users\pcedillo\AppData\Local\Box\Box Tools\Metrics\BoxTools_Metrics.db
- post callback: 05485C06
- log callback: 05485CF6
- context: 00000000
- post interval in seconds: 600
- max records in a post: 100
- max db records: 500
- disable sender: true
[2024-11-11 15:17:36,276] [16   ] [INFO ] [] - Shutting down the metrics collector
[2024-11-11 15:27:36,227] [16   ] [INFO ] [] - Initializing the metrics collector
[2024-11-11 15:27:36,238] [16   ] [INFO ] [] - MetricsCollector::Sender(49): _disableSentMetrics 1
[2024-11-11 15:27:36,239] [16   ] [INFO ] [] - MetricsCollector::Initialize(231): Initialized metrics collector
- session id: e232ff9c-70f6-4dd4-9a02-821953672f77
- device id: 4ca35884-a93a-48fc-ad16-80b2a90aa32e
- application id: Box Tools Win exe
- application name: BoxTools
- application version: 4.26.1.1109
- metric collection url: https://client-log.box.com/index.php?rm=box_gen204_json_record
- metric data path: C:\Users\pcedillo\AppData\Local\Box\Box Tools\Metrics\BoxTools_Metrics.db
- post callback: 05485C06
- log callback: 05485CF6
- context: 00000000
- post interval in seconds: 600
- max records in a post: 100
- max db records: 500
- disable sender: true
[2024-11-11 15:27:36,249] [16   ] [INFO ] [] - Shutting down the metrics collector
[2024-11-11 15:37:36,097] [17   ] [INFO ] [] - Initializing the metrics collector
[2024-11-11 15:37:36,106] [17   ] [INFO ] [] - MetricsCollector::Sender(49): _disableSentMetrics 1
[2024-11-11 15:37:36,106] [17   ] [INFO ] [] - MetricsCollector::Initialize(231): Initialized metrics collector
- session id: e232ff9c-70f6-4dd4-9a02-821953672f77
- device id: 4ca35884-a93a-48fc-ad16-80b2a90aa32e
- application id: Box Tools Win exe
- application name: BoxTools
- application version: 4.26.1.1109
- metric collection url: https://client-log.box.com/index.php?rm=box_gen204_json_record
- metric data path: C:\Users\pcedillo\AppData\Local\Box\Box Tools\Metrics\BoxTools_Metrics.db
- post callback: 05485C06
- log callback: 05485CF6
- context: 00000000
- post interval in seconds: 600
- max records in a post: 100
- max db records: 500
- disable sender: true
[2024-11-11 15:37:36,115] [17   ] [INFO ] [] - Shutting down the metrics collector
[2024-11-11 15:47:36,119] [18   ] [INFO ] [] - Initializing the metrics collector
[2024-11-11 15:47:36,123] [18   ] [INFO ] [] - MetricsCollector::Sender(49): _disableSentMetrics 1
[2024-11-11 15:47:36,123] [18   ] [INFO ] [] - MetricsCollector::Initialize(231): Initialized metrics collector
- session id: e232ff9c-70f6-4dd4-9a02-821953672f77
- device id: 4ca35884-a93a-48fc-ad16-80b2a90aa32e
- application id: Box Tools Win exe
- application name: BoxTools
- application version: 4.26.1.1109
- metric collection url: https://client-log.box.com/index.php?rm=box_gen204_json_record
- metric data path: C:\Users\pcedillo\AppData\Local\Box\Box Tools\Metrics\BoxTools_Metrics.db
- post callback: 05485C06
- log callback: 05485CF6
- context: 00000000
- post interval in seconds: 600
- max records in a post: 100
- max db records: 500
- disable sender: true
[2024-11-11 15:47:36,132] [18   ] [INFO ] [] - Shutting down the metrics collector
[2024-11-11 15:57:36,125] [8    ] [INFO ] [] - Initializing the metrics collector
[2024-11-11 15:57:36,125] [8    ] [INFO ] [] - MetricsCollector::Sender(49): _disableSentMetrics 1
[2024-11-11 15:57:36,125] [8    ] [INFO ] [] - MetricsCollector::Initialize(231): Initialized metrics collector
- session id: e232ff9c-70f6-4dd4-9a02-821953672f77
- device id: 4ca35884-a93a-48fc-ad16-80b2a90aa32e
- application id: Box Tools Win exe
- application name: BoxTools
- application version: 4.26.1.1109
- metric collection url: https://client-log.box.com/index.php?rm=box_gen204_json_record
- metric data path: C:\Users\pcedillo\AppData\Local\Box\Box Tools\Metrics\BoxTools_Metrics.db
- post callback: 05485C06
- log callback: 05485CF6
- context: 00000000
- post interval in seconds: 600
- max records in a post: 100
- max db records: 500
- disable sender: true
[2024-11-11 15:57:36,125] [8    ] [INFO ] [] - Shutting down the metrics collector
[2024-11-11 16:07:36,024] [14   ] [INFO ] [] - Initializing the metrics collector
[2024-11-11 16:07:36,024] [14   ] [INFO ] [] - MetricsCollector::Sender(49): _disableSentMetrics 1
[2024-11-11 16:07:36,024] [14   ] [INFO ] [] - MetricsCollector::Initialize(231): Initialized metrics collector
- session id: e232ff9c-70f6-4dd4-9a02-821953672f77
- device id: 4ca35884-a93a-48fc-ad16-80b2a90aa32e
- application id: Box Tools Win exe
- application name: BoxTools
- application version: 4.26.1.1109
- metric collection url: https://client-log.box.com/index.php?rm=box_gen204_json_record
- metric data path: C:\Users\pcedillo\AppData\Local\Box\Box Tools\Metrics\BoxTools_Metrics.db
- post callback: 05485C06
- log callback: 05485CF6
- context: 00000000
- post interval in seconds: 600
- max records in a post: 100
- max db records: 500
- disable sender: true
[2024-11-11 16:07:36,034] [14   ] [INFO ] [] - Shutting down the metrics collector
[2024-11-11 16:17:35,976] [15   ] [INFO ] [] - Initializing the metrics collector
[2024-11-11 16:17:35,976] [15   ] [INFO ] [] - MetricsCollector::Sender(49): _disableSentMetrics 1
[2024-11-11 16:17:35,976] [15   ] [INFO ] [] - MetricsCollector::Initialize(231): Initialized metrics collector
- session id: e232ff9c-70f6-4dd4-9a02-821953672f77
- device id: 4ca35884-a93a-48fc-ad16-80b2a90aa32e
- application id: Box Tools Win exe
- application name: BoxTools
- application version: 4.26.1.1109
- metric collection url: https://client-log.box.com/index.php?rm=box_gen204_json_record
- metric data path: C:\Users\pcedillo\AppData\Local\Box\Box Tools\Metrics\BoxTools_Metrics.db
- post callback: 05485C06
- log callback: 05485CF6
- context: 00000000
- post interval in seconds: 600
- max records in a post: 100
- max db records: 500
- disable sender: true
[2024-11-11 16:17:35,991] [15   ] [INFO ] [] - Shutting down the metrics collector
[2024-11-11 16:27:35,922] [13   ] [INFO ] [] - Initializing the metrics collector
[2024-11-11 16:27:35,922] [13   ] [INFO ] [] - MetricsCollector::Sender(49): _disableSentMetrics 1
[2024-11-11 16:27:35,922] [13   ] [INFO ] [] - MetricsCollector::Initialize(231): Initialized metrics collector
- session id: e232ff9c-70f6-4dd4-9a02-821953672f77
- device id: 4ca35884-a93a-48fc-ad16-80b2a90aa32e
- application id: Box Tools Win exe
- application name: BoxTools
- application version: 4.26.1.1109
- metric collection url: https://client-log.box.com/index.php?rm=box_gen204_json_record
- metric data path: C:\Users\pcedillo\AppData\Local\Box\Box Tools\Metrics\BoxTools_Metrics.db
- post callback: 05485C06
- log callback: 05485CF6
- context: 00000000
- post interval in seconds: 600
- max records in a post: 100
- max db records: 500
- disable sender: true
[2024-11-11 16:27:35,938] [13   ] [INFO ] [] - Shutting down the metrics collector
[2024-11-11 16:37:35,895] [12   ] [INFO ] [] - Initializing the metrics collector
[2024-11-11 16:37:35,902] [12   ] [INFO ] [] - MetricsCollector::Sender(49): _disableSentMetrics 1
[2024-11-11 16:37:35,902] [12   ] [INFO ] [] - MetricsCollector::Initialize(231): Initialized metrics collector
- session id: e232ff9c-70f6-4dd4-9a02-821953672f77
- device id: 4ca35884-a93a-48fc-ad16-80b2a90aa32e
- application id: Box Tools Win exe
- application name: BoxTools
- application version: 4.26.1.1109
- metric collection url: https://client-log.box.com/index.php?rm=box_gen204_json_record
- metric data path: C:\Users\pcedillo\AppData\Local\Box\Box Tools\Metrics\BoxTools_Metrics.db
- post callback: 05485C06
- log callback: 05485CF6
- context: 00000000
- post interval in seconds: 600
- max records in a post: 100
- max db records: 500
- disable sender: true
[2024-11-11 16:37:35,902] [12   ] [INFO ] [] - Shutting down the metrics collector
[2024-11-11 16:47:35,845] [11   ] [INFO ] [] - Initializing the metrics collector
[2024-11-11 16:47:35,845] [11   ] [INFO ] [] - MetricsCollector::Sender(49): _disableSentMetrics 1
[2024-11-11 16:47:35,845] [11   ] [INFO ] [] - MetricsCollector::Initialize(231): Initialized metrics collector
- session id: e232ff9c-70f6-4dd4-9a02-821953672f77
- device id: 4ca35884-a93a-48fc-ad16-80b2a90aa32e
- application id: Box Tools Win exe
- application name: BoxTools
- application version: 4.26.1.1109
- metric collection url: https://client-log.box.com/index.php?rm=box_gen204_json_record
- metric data path: C:\Users\pcedillo\AppData\Local\Box\Box Tools\Metrics\BoxTools_Metrics.db
- post callback: 05485C06
- log callback: 05485CF6
- context: 00000000
- post interval in seconds: 600
- max records in a post: 100
- max db records: 500
- disable sender: true
[2024-11-11 16:47:35,865] [11   ] [INFO ] [] - Shutting down the metrics collector
[2024-11-11 16:57:35,796] [9    ] [INFO ] [] - Initializing the metrics collector
[2024-11-11 16:57:35,796] [9    ] [INFO ] [] - MetricsCollector::Sender(49): _disableSentMetrics 1
[2024-11-11 16:57:35,796] [9    ] [INFO ] [] - MetricsCollector::Initialize(231): Initialized metrics collector
- session id: e232ff9c-70f6-4dd4-9a02-821953672f77
- device id: 4ca35884-a93a-48fc-ad16-80b2a90aa32e
- application id: Box Tools Win exe
- application name: BoxTools
- application version: 4.26.1.1109
- metric collection url: https://client-log.box.com/index.php?rm=box_gen204_json_record
- metric data path: C:\Users\pcedillo\AppData\Local\Box\Box Tools\Metrics\BoxTools_Metrics.db
- post callback: 05485C06
- log callback: 05485CF6
- context: 00000000
- post interval in seconds: 600
- max records in a post: 100
- max db records: 500
- disable sender: true
[2024-11-11 16:57:35,812] [9    ] [INFO ] [] - Shutting down the metrics collector
[2024-11-11 17:07:35,785] [7    ] [INFO ] [] - Initializing the metrics collector
[2024-11-11 17:07:35,785] [7    ] [INFO ] [] - MetricsCollector::Sender(49): _disableSentMetrics 1
[2024-11-11 17:07:35,785] [7    ] [INFO ] [] - MetricsCollector::Initialize(231): Initialized metrics collector
- session id: e232ff9c-70f6-4dd4-9a02-821953672f77
- device id: 4ca35884-a93a-48fc-ad16-80b2a90aa32e
- application id: Box Tools Win exe
- application name: BoxTools
- application version: 4.26.1.1109
- metric collection url: https://client-log.box.com/index.php?rm=box_gen204_json_record
- metric data path: C:\Users\pcedillo\AppData\Local\Box\Box Tools\Metrics\BoxTools_Metrics.db
- post callback: 05485C06
- log callback: 05485CF6
- context: 00000000
- post interval in seconds: 600
- max records in a post: 100
- max db records: 500
- disable sender: true
[2024-11-11 17:07:35,801] [7    ] [INFO ] [] - Shutting down the metrics collector
