[2025-03-20 08:46:07,163] [23   ] [INFO ] [] - Initializing the metrics collector
[2025-03-20 08:46:07,196] [23   ] [INFO ] [] - MetricsCollector::Sender(49): _disableSentMetrics 1
[2025-03-20 08:46:07,197] [23   ] [INFO ] [] - MetricsCollector::Initialize(231): Initialized metrics collector
- session id: 3f509721-13c5-41b4-9e7f-7044101162fe
- device id: 4ca35884-a93a-48fc-ad16-80b2a90aa32e
- application id: Box Tools Win exe
- application name: BoxTools
- application version: 4.28.1.1163
- metric collection url: https://client-log.box.com/index.php?rm=box_gen204_json_record
- metric data path: C:\Users\pcedillo\AppData\Local\Box\Box Tools\Metrics\BoxTools_Metrics_EFD61745.db
- post callback: 05F15C56
- log callback: 05F15D6E
- context: 00000000
- post interval in seconds: 600
- max records in a post: 100
- max db records: 500
- disable sender: true
[2025-03-20 08:46:07,215] [23   ] [INFO ] [] - Shutting down the metrics collector
[2025-03-20 08:56:07,169] [17   ] [INFO ] [] - Initializing the metrics collector
[2025-03-20 08:56:07,191] [17   ] [INFO ] [] - MetricsCollector::Sender(49): _disableSentMetrics 1
[2025-03-20 08:56:07,191] [17   ] [INFO ] [] - MetricsCollector::Initialize(231): Initialized metrics collector
- session id: 3f509721-13c5-41b4-9e7f-7044101162fe
- device id: 4ca35884-a93a-48fc-ad16-80b2a90aa32e
- application id: Box Tools Win exe
- application name: BoxTools
- application version: 4.28.1.1163
- metric collection url: https://client-log.box.com/index.php?rm=box_gen204_json_record
- metric data path: C:\Users\pcedillo\AppData\Local\Box\Box Tools\Metrics\BoxTools_Metrics_EFD61745.db
- post callback: 05F15C56
- log callback: 05F15D6E
- context: 00000000
- post interval in seconds: 600
- max records in a post: 100
- max db records: 500
- disable sender: true
[2025-03-20 08:56:07,208] [17   ] [INFO ] [] - Shutting down the metrics collector
[2025-03-20 09:06:07,173] [20   ] [INFO ] [] - Initializing the metrics collector
[2025-03-20 09:06:07,197] [20   ] [INFO ] [] - MetricsCollector::Sender(49): _disableSentMetrics 1
[2025-03-20 09:06:07,198] [20   ] [INFO ] [] - MetricsCollector::Initialize(231): Initialized metrics collector
- session id: 3f509721-13c5-41b4-9e7f-7044101162fe
- device id: 4ca35884-a93a-48fc-ad16-80b2a90aa32e
- application id: Box Tools Win exe
- application name: BoxTools
- application version: 4.28.1.1163
- metric collection url: https://client-log.box.com/index.php?rm=box_gen204_json_record
- metric data path: C:\Users\pcedillo\AppData\Local\Box\Box Tools\Metrics\BoxTools_Metrics_EFD61745.db
- post callback: 05F15C56
- log callback: 05F15D6E
- context: 00000000
- post interval in seconds: 600
- max records in a post: 100
- max db records: 500
- disable sender: true
[2025-03-20 09:06:07,217] [20   ] [INFO ] [] - Shutting down the metrics collector
[2025-03-20 09:16:07,195] [19   ] [INFO ] [] - Initializing the metrics collector
[2025-03-20 09:16:07,218] [19   ] [INFO ] [] - MetricsCollector::Sender(49): _disableSentMetrics 1
[2025-03-20 09:16:07,219] [19   ] [INFO ] [] - MetricsCollector::Initialize(231): Initialized metrics collector
- session id: 3f509721-13c5-41b4-9e7f-7044101162fe
- device id: 4ca35884-a93a-48fc-ad16-80b2a90aa32e
- application id: Box Tools Win exe
- application name: BoxTools
- application version: 4.28.1.1163
- metric collection url: https://client-log.box.com/index.php?rm=box_gen204_json_record
- metric data path: C:\Users\pcedillo\AppData\Local\Box\Box Tools\Metrics\BoxTools_Metrics_EFD61745.db
- post callback: 05F15C56
- log callback: 05F15D6E
- context: 00000000
- post interval in seconds: 600
- max records in a post: 100
- max db records: 500
- disable sender: true
[2025-03-20 09:16:07,237] [19   ] [INFO ] [] - Shutting down the metrics collector
[2025-03-20 09:26:07,210] [22   ] [INFO ] [] - Initializing the metrics collector
[2025-03-20 09:26:07,233] [22   ] [INFO ] [] - MetricsCollector::Sender(49): _disableSentMetrics 1
[2025-03-20 09:26:07,235] [22   ] [INFO ] [] - MetricsCollector::Initialize(231): Initialized metrics collector
- session id: 3f509721-13c5-41b4-9e7f-7044101162fe
- device id: 4ca35884-a93a-48fc-ad16-80b2a90aa32e
- application id: Box Tools Win exe
- application name: BoxTools
- application version: 4.28.1.1163
- metric collection url: https://client-log.box.com/index.php?rm=box_gen204_json_record
- metric data path: C:\Users\pcedillo\AppData\Local\Box\Box Tools\Metrics\BoxTools_Metrics_EFD61745.db
- post callback: 05F15C56
- log callback: 05F15D6E
- context: 00000000
- post interval in seconds: 600
- max records in a post: 100
- max db records: 500
- disable sender: true
[2025-03-20 09:26:07,256] [22   ] [INFO ] [] - Shutting down the metrics collector
[2025-03-20 09:36:07,220] [7    ] [INFO ] [] - Initializing the metrics collector
[2025-03-20 09:36:07,241] [7    ] [INFO ] [] - MetricsCollector::Sender(49): _disableSentMetrics 1
[2025-03-20 09:36:07,242] [7    ] [INFO ] [] - MetricsCollector::Initialize(231): Initialized metrics collector
- session id: 3f509721-13c5-41b4-9e7f-7044101162fe
- device id: 4ca35884-a93a-48fc-ad16-80b2a90aa32e
- application id: Box Tools Win exe
- application name: BoxTools
- application version: 4.28.1.1163
- metric collection url: https://client-log.box.com/index.php?rm=box_gen204_json_record
- metric data path: C:\Users\pcedillo\AppData\Local\Box\Box Tools\Metrics\BoxTools_Metrics_EFD61745.db
- post callback: 05F15C56
- log callback: 05F15D6E
- context: 00000000
- post interval in seconds: 600
- max records in a post: 100
- max db records: 500
- disable sender: true
[2025-03-20 09:36:07,258] [7    ] [INFO ] [] - Shutting down the metrics collector
[2025-03-20 09:47:08,748] [8    ] [INFO ] [] - Initializing the metrics collector
[2025-03-20 09:47:08,763] [8    ] [INFO ] [] - MetricsCollector::Sender(49): _disableSentMetrics 1
[2025-03-20 09:47:08,764] [8    ] [INFO ] [] - MetricsCollector::Initialize(231): Initialized metrics collector
- session id: 3f509721-13c5-41b4-9e7f-7044101162fe
- device id: 4ca35884-a93a-48fc-ad16-80b2a90aa32e
- application id: Box Tools Win exe
- application name: BoxTools
- application version: 4.28.1.1163
- metric collection url: https://client-log.box.com/index.php?rm=box_gen204_json_record
- metric data path: C:\Users\pcedillo\AppData\Local\Box\Box Tools\Metrics\BoxTools_Metrics_EFD61745.db
- post callback: 05F15C56
- log callback: 05F15D6E
- context: 00000000
- post interval in seconds: 600
- max records in a post: 100
- max db records: 500
- disable sender: true
[2025-03-20 09:47:08,782] [8    ] [INFO ] [] - Shutting down the metrics collector
[2025-03-20 09:57:08,758] [14   ] [INFO ] [] - Initializing the metrics collector
[2025-03-20 09:57:08,781] [14   ] [INFO ] [] - MetricsCollector::Sender(49): _disableSentMetrics 1
[2025-03-20 09:57:08,782] [14   ] [INFO ] [] - MetricsCollector::Initialize(231): Initialized metrics collector
- session id: 3f509721-13c5-41b4-9e7f-7044101162fe
- device id: 4ca35884-a93a-48fc-ad16-80b2a90aa32e
- application id: Box Tools Win exe
- application name: BoxTools
- application version: 4.28.1.1163
- metric collection url: https://client-log.box.com/index.php?rm=box_gen204_json_record
- metric data path: C:\Users\pcedillo\AppData\Local\Box\Box Tools\Metrics\BoxTools_Metrics_EFD61745.db
- post callback: 05F15C56
- log callback: 05F15D6E
- context: 00000000
- post interval in seconds: 600
- max records in a post: 100
- max db records: 500
- disable sender: true
[2025-03-20 09:57:08,799] [14   ] [INFO ] [] - Shutting down the metrics collector
[2025-03-20 10:07:08,774] [12   ] [INFO ] [] - Initializing the metrics collector
[2025-03-20 10:07:08,796] [12   ] [INFO ] [] - MetricsCollector::Sender(49): _disableSentMetrics 1
[2025-03-20 10:07:08,797] [12   ] [INFO ] [] - MetricsCollector::Initialize(231): Initialized metrics collector
- session id: 3f509721-13c5-41b4-9e7f-7044101162fe
- device id: 4ca35884-a93a-48fc-ad16-80b2a90aa32e
- application id: Box Tools Win exe
- application name: BoxTools
- application version: 4.28.1.1163
- metric collection url: https://client-log.box.com/index.php?rm=box_gen204_json_record
- metric data path: C:\Users\pcedillo\AppData\Local\Box\Box Tools\Metrics\BoxTools_Metrics_EFD61745.db
- post callback: 05F15C56
- log callback: 05F15D6E
- context: 00000000
- post interval in seconds: 600
- max records in a post: 100
- max db records: 500
- disable sender: true
[2025-03-20 10:07:08,814] [12   ] [INFO ] [] - Shutting down the metrics collector
[2025-03-20 10:17:08,758] [21   ] [INFO ] [] - Initializing the metrics collector
[2025-03-20 10:17:08,770] [21   ] [INFO ] [] - MetricsCollector::Sender(49): _disableSentMetrics 1
[2025-03-20 10:17:08,771] [21   ] [INFO ] [] - MetricsCollector::Initialize(231): Initialized metrics collector
- session id: 3f509721-13c5-41b4-9e7f-7044101162fe
- device id: 4ca35884-a93a-48fc-ad16-80b2a90aa32e
- application id: Box Tools Win exe
- application name: BoxTools
- application version: 4.28.1.1163
- metric collection url: https://client-log.box.com/index.php?rm=box_gen204_json_record
- metric data path: C:\Users\pcedillo\AppData\Local\Box\Box Tools\Metrics\BoxTools_Metrics_EFD61745.db
- post callback: 05F15C56
- log callback: 05F15D6E
- context: 00000000
- post interval in seconds: 600
- max records in a post: 100
- max db records: 500
- disable sender: true
[2025-03-20 10:17:08,783] [21   ] [INFO ] [] - Shutting down the metrics collector
[2025-03-20 10:27:08,752] [15   ] [INFO ] [] - Initializing the metrics collector
[2025-03-20 10:27:08,767] [15   ] [INFO ] [] - MetricsCollector::Sender(49): _disableSentMetrics 1
[2025-03-20 10:27:08,767] [15   ] [INFO ] [] - MetricsCollector::Initialize(231): Initialized metrics collector
- session id: 3f509721-13c5-41b4-9e7f-7044101162fe
- device id: 4ca35884-a93a-48fc-ad16-80b2a90aa32e
- application id: Box Tools Win exe
- application name: BoxTools
- application version: 4.28.1.1163
- metric collection url: https://client-log.box.com/index.php?rm=box_gen204_json_record
- metric data path: C:\Users\pcedillo\AppData\Local\Box\Box Tools\Metrics\BoxTools_Metrics_EFD61745.db
- post callback: 05F15C56
- log callback: 05F15D6E
- context: 00000000
- post interval in seconds: 600
- max records in a post: 100
- max db records: 500
- disable sender: true
[2025-03-20 10:27:08,779] [15   ] [INFO ] [] - Shutting down the metrics collector
[2025-03-20 10:37:08,744] [9    ] [INFO ] [] - Initializing the metrics collector
[2025-03-20 10:37:08,755] [9    ] [INFO ] [] - MetricsCollector::Sender(49): _disableSentMetrics 1
[2025-03-20 10:37:08,755] [9    ] [INFO ] [] - MetricsCollector::Initialize(231): Initialized metrics collector
- session id: 3f509721-13c5-41b4-9e7f-7044101162fe
- device id: 4ca35884-a93a-48fc-ad16-80b2a90aa32e
- application id: Box Tools Win exe
- application name: BoxTools
- application version: 4.28.1.1163
- metric collection url: https://client-log.box.com/index.php?rm=box_gen204_json_record
- metric data path: C:\Users\pcedillo\AppData\Local\Box\Box Tools\Metrics\BoxTools_Metrics_EFD61745.db
- post callback: 05F15C56
- log callback: 05F15D6E
- context: 00000000
- post interval in seconds: 600
- max records in a post: 100
- max db records: 500
- disable sender: true
[2025-03-20 10:37:08,767] [9    ] [INFO ] [] - Shutting down the metrics collector
[2025-03-20 10:47:08,740] [12   ] [INFO ] [] - Initializing the metrics collector
[2025-03-20 10:47:08,747] [12   ] [INFO ] [] - MetricsCollector::Sender(49): _disableSentMetrics 1
[2025-03-20 10:47:08,748] [12   ] [INFO ] [] - MetricsCollector::Initialize(231): Initialized metrics collector
- session id: 3f509721-13c5-41b4-9e7f-7044101162fe
- device id: 4ca35884-a93a-48fc-ad16-80b2a90aa32e
- application id: Box Tools Win exe
- application name: BoxTools
- application version: 4.28.1.1163
- metric collection url: https://client-log.box.com/index.php?rm=box_gen204_json_record
- metric data path: C:\Users\pcedillo\AppData\Local\Box\Box Tools\Metrics\BoxTools_Metrics_EFD61745.db
- post callback: 05F15C56
- log callback: 05F15D6E
- context: 00000000
- post interval in seconds: 600
- max records in a post: 100
- max db records: 500
- disable sender: true
[2025-03-20 10:47:08,753] [12   ] [INFO ] [] - Shutting down the metrics collector
[2025-03-20 10:57:08,751] [8    ] [INFO ] [] - Initializing the metrics collector
[2025-03-20 10:57:08,764] [8    ] [INFO ] [] - MetricsCollector::Sender(49): _disableSentMetrics 1
[2025-03-20 10:57:08,764] [8    ] [INFO ] [] - MetricsCollector::Initialize(231): Initialized metrics collector
- session id: 3f509721-13c5-41b4-9e7f-7044101162fe
- device id: 4ca35884-a93a-48fc-ad16-80b2a90aa32e
- application id: Box Tools Win exe
- application name: BoxTools
- application version: 4.28.1.1163
- metric collection url: https://client-log.box.com/index.php?rm=box_gen204_json_record
- metric data path: C:\Users\pcedillo\AppData\Local\Box\Box Tools\Metrics\BoxTools_Metrics_EFD61745.db
- post callback: 05F15C56
- log callback: 05F15D6E
- context: 00000000
- post interval in seconds: 600
- max records in a post: 100
- max db records: 500
- disable sender: true
[2025-03-20 10:57:08,776] [8    ] [INFO ] [] - Shutting down the metrics collector
[2025-03-20 11:07:08,761] [14   ] [INFO ] [] - Initializing the metrics collector
[2025-03-20 11:07:08,773] [14   ] [INFO ] [] - MetricsCollector::Sender(49): _disableSentMetrics 1
[2025-03-20 11:07:08,774] [14   ] [INFO ] [] - MetricsCollector::Initialize(231): Initialized metrics collector
- session id: 3f509721-13c5-41b4-9e7f-7044101162fe
- device id: 4ca35884-a93a-48fc-ad16-80b2a90aa32e
- application id: Box Tools Win exe
- application name: BoxTools
- application version: 4.28.1.1163
- metric collection url: https://client-log.box.com/index.php?rm=box_gen204_json_record
- metric data path: C:\Users\pcedillo\AppData\Local\Box\Box Tools\Metrics\BoxTools_Metrics_EFD61745.db
- post callback: 05F15C56
- log callback: 05F15D6E
- context: 00000000
- post interval in seconds: 600
- max records in a post: 100
- max db records: 500
- disable sender: true
[2025-03-20 11:07:08,784] [14   ] [INFO ] [] - Shutting down the metrics collector
[2025-03-20 11:44:25,095] [14   ] [INFO ] [] - Initializing the metrics collector
[2025-03-20 11:44:25,117] [14   ] [INFO ] [] - MetricsCollector::Sender(49): _disableSentMetrics 1
[2025-03-20 11:44:25,118] [14   ] [INFO ] [] - MetricsCollector::Initialize(231): Initialized metrics collector
- session id: 3f509721-13c5-41b4-9e7f-7044101162fe
- device id: 4ca35884-a93a-48fc-ad16-80b2a90aa32e
- application id: Box Tools Win exe
- application name: BoxTools
- application version: 4.28.1.1163
- metric collection url: https://client-log.box.com/index.php?rm=box_gen204_json_record
- metric data path: C:\Users\pcedillo\AppData\Local\Box\Box Tools\Metrics\BoxTools_Metrics_EFD61745.db
- post callback: 05F15C56
- log callback: 05F15D6E
- context: 00000000
- post interval in seconds: 600
- max records in a post: 100
- max db records: 500
- disable sender: true
[2025-03-20 11:44:25,138] [14   ] [INFO ] [] - Shutting down the metrics collector
[2025-03-20 11:54:25,108] [16   ] [INFO ] [] - Initializing the metrics collector
[2025-03-20 11:54:25,134] [16   ] [INFO ] [] - MetricsCollector::Sender(49): _disableSentMetrics 1
[2025-03-20 11:54:25,134] [16   ] [INFO ] [] - MetricsCollector::Initialize(231): Initialized metrics collector
- session id: 3f509721-13c5-41b4-9e7f-7044101162fe
- device id: 4ca35884-a93a-48fc-ad16-80b2a90aa32e
- application id: Box Tools Win exe
- application name: BoxTools
- application version: 4.28.1.1163
- metric collection url: https://client-log.box.com/index.php?rm=box_gen204_json_record
- metric data path: C:\Users\pcedillo\AppData\Local\Box\Box Tools\Metrics\BoxTools_Metrics_EFD61745.db
- post callback: 05F15C56
- log callback: 05F15D6E
- context: 00000000
- post interval in seconds: 600
- max records in a post: 100
- max db records: 500
- disable sender: true
[2025-03-20 11:54:25,155] [16   ] [INFO ] [] - Shutting down the metrics collector
[2025-03-20 12:04:25,100] [3    ] [INFO ] [] - Initializing the metrics collector
[2025-03-20 12:04:25,121] [3    ] [INFO ] [] - MetricsCollector::Sender(49): _disableSentMetrics 1
[2025-03-20 12:04:25,121] [3    ] [INFO ] [] - MetricsCollector::Initialize(231): Initialized metrics collector
- session id: 3f509721-13c5-41b4-9e7f-7044101162fe
- device id: 4ca35884-a93a-48fc-ad16-80b2a90aa32e
- application id: Box Tools Win exe
- application name: BoxTools
- application version: 4.28.1.1163
- metric collection url: https://client-log.box.com/index.php?rm=box_gen204_json_record
- metric data path: C:\Users\pcedillo\AppData\Local\Box\Box Tools\Metrics\BoxTools_Metrics_EFD61745.db
- post callback: 05F15C56
- log callback: 05F15D6E
- context: 00000000
- post interval in seconds: 600
- max records in a post: 100
- max db records: 500
- disable sender: true
[2025-03-20 12:04:25,140] [3    ] [INFO ] [] - Shutting down the metrics collector
[2025-03-20 12:14:25,124] [14   ] [INFO ] [] - Initializing the metrics collector
[2025-03-20 12:14:25,140] [14   ] [INFO ] [] - MetricsCollector::Sender(49): _disableSentMetrics 1
[2025-03-20 12:14:25,141] [14   ] [INFO ] [] - MetricsCollector::Initialize(231): Initialized metrics collector
- session id: 3f509721-13c5-41b4-9e7f-7044101162fe
- device id: 4ca35884-a93a-48fc-ad16-80b2a90aa32e
- application id: Box Tools Win exe
- application name: BoxTools
- application version: 4.28.1.1163
- metric collection url: https://client-log.box.com/index.php?rm=box_gen204_json_record
- metric data path: C:\Users\pcedillo\AppData\Local\Box\Box Tools\Metrics\BoxTools_Metrics_EFD61745.db
- post callback: 05F15C56
- log callback: 05F15D6E
- context: 00000000
- post interval in seconds: 600
- max records in a post: 100
- max db records: 500
- disable sender: true
[2025-03-20 12:14:25,158] [14   ] [INFO ] [] - Shutting down the metrics collector
[2025-03-20 12:24:25,132] [14   ] [INFO ] [] - Initializing the metrics collector
[2025-03-20 12:24:25,146] [14   ] [INFO ] [] - MetricsCollector::Sender(49): _disableSentMetrics 1
[2025-03-20 12:24:25,147] [14   ] [INFO ] [] - MetricsCollector::Initialize(231): Initialized metrics collector
- session id: 3f509721-13c5-41b4-9e7f-7044101162fe
- device id: 4ca35884-a93a-48fc-ad16-80b2a90aa32e
- application id: Box Tools Win exe
- application name: BoxTools
- application version: 4.28.1.1163
- metric collection url: https://client-log.box.com/index.php?rm=box_gen204_json_record
- metric data path: C:\Users\pcedillo\AppData\Local\Box\Box Tools\Metrics\BoxTools_Metrics_EFD61745.db
- post callback: 05F15C56
- log callback: 05F15D6E
- context: 00000000
- post interval in seconds: 600
- max records in a post: 100
- max db records: 500
- disable sender: true
[2025-03-20 12:24:25,166] [14   ] [INFO ] [] - Shutting down the metrics collector
[2025-03-20 12:34:25,140] [3    ] [INFO ] [] - Initializing the metrics collector
[2025-03-20 12:34:25,162] [3    ] [INFO ] [] - MetricsCollector::Sender(49): _disableSentMetrics 1
[2025-03-20 12:34:25,164] [3    ] [INFO ] [] - MetricsCollector::Initialize(231): Initialized metrics collector
- session id: 3f509721-13c5-41b4-9e7f-7044101162fe
- device id: 4ca35884-a93a-48fc-ad16-80b2a90aa32e
- application id: Box Tools Win exe
- application name: BoxTools
- application version: 4.28.1.1163
- metric collection url: https://client-log.box.com/index.php?rm=box_gen204_json_record
- metric data path: C:\Users\pcedillo\AppData\Local\Box\Box Tools\Metrics\BoxTools_Metrics_EFD61745.db
- post callback: 05F15C56
- log callback: 05F15D6E
- context: 00000000
- post interval in seconds: 600
- max records in a post: 100
- max db records: 500
- disable sender: true
[2025-03-20 12:34:25,181] [3    ] [INFO ] [] - Shutting down the metrics collector
[2025-03-20 12:44:25,155] [16   ] [INFO ] [] - Initializing the metrics collector
[2025-03-20 12:44:25,178] [16   ] [INFO ] [] - MetricsCollector::Sender(49): _disableSentMetrics 1
[2025-03-20 12:44:25,179] [16   ] [INFO ] [] - MetricsCollector::Initialize(231): Initialized metrics collector
- session id: 3f509721-13c5-41b4-9e7f-7044101162fe
- device id: 4ca35884-a93a-48fc-ad16-80b2a90aa32e
- application id: Box Tools Win exe
- application name: BoxTools
- application version: 4.28.1.1163
- metric collection url: https://client-log.box.com/index.php?rm=box_gen204_json_record
- metric data path: C:\Users\pcedillo\AppData\Local\Box\Box Tools\Metrics\BoxTools_Metrics_EFD61745.db
- post callback: 05F15C56
- log callback: 05F15D6E
- context: 00000000
- post interval in seconds: 600
- max records in a post: 100
- max db records: 500
- disable sender: true
[2025-03-20 12:44:25,195] [16   ] [INFO ] [] - Shutting down the metrics collector
[2025-03-20 12:54:25,166] [12   ] [INFO ] [] - Initializing the metrics collector
[2025-03-20 12:54:25,188] [12   ] [INFO ] [] - MetricsCollector::Sender(49): _disableSentMetrics 1
[2025-03-20 12:54:25,189] [12   ] [INFO ] [] - MetricsCollector::Initialize(231): Initialized metrics collector
- session id: 3f509721-13c5-41b4-9e7f-7044101162fe
- device id: 4ca35884-a93a-48fc-ad16-80b2a90aa32e
- application id: Box Tools Win exe
- application name: BoxTools
- application version: 4.28.1.1163
- metric collection url: https://client-log.box.com/index.php?rm=box_gen204_json_record
- metric data path: C:\Users\pcedillo\AppData\Local\Box\Box Tools\Metrics\BoxTools_Metrics_EFD61745.db
- post callback: 05F15C56
- log callback: 05F15D6E
- context: 00000000
- post interval in seconds: 600
- max records in a post: 100
- max db records: 500
- disable sender: true
[2025-03-20 12:54:25,210] [12   ] [INFO ] [] - Shutting down the metrics collector
[2025-03-20 13:04:25,178] [8    ] [INFO ] [] - Initializing the metrics collector
[2025-03-20 13:04:25,193] [8    ] [INFO ] [] - MetricsCollector::Sender(49): _disableSentMetrics 1
[2025-03-20 13:04:25,195] [8    ] [INFO ] [] - MetricsCollector::Initialize(231): Initialized metrics collector
- session id: 3f509721-13c5-41b4-9e7f-7044101162fe
- device id: 4ca35884-a93a-48fc-ad16-80b2a90aa32e
- application id: Box Tools Win exe
- application name: BoxTools
- application version: 4.28.1.1163
- metric collection url: https://client-log.box.com/index.php?rm=box_gen204_json_record
- metric data path: C:\Users\pcedillo\AppData\Local\Box\Box Tools\Metrics\BoxTools_Metrics_EFD61745.db
- post callback: 05F15C56
- log callback: 05F15D6E
- context: 00000000
- post interval in seconds: 600
- max records in a post: 100
- max db records: 500
- disable sender: true
[2025-03-20 13:04:25,212] [8    ] [INFO ] [] - Shutting down the metrics collector
[2025-03-20 13:30:16,854] [3    ] [INFO ] [] - Initializing the metrics collector
[2025-03-20 13:30:16,870] [3    ] [INFO ] [] - MetricsCollector::Sender(49): _disableSentMetrics 1
[2025-03-20 13:30:16,872] [3    ] [INFO ] [] - MetricsCollector::Initialize(231): Initialized metrics collector
- session id: 3f509721-13c5-41b4-9e7f-7044101162fe
- device id: 4ca35884-a93a-48fc-ad16-80b2a90aa32e
- application id: Box Tools Win exe
- application name: BoxTools
- application version: 4.28.1.1163
- metric collection url: https://client-log.box.com/index.php?rm=box_gen204_json_record
- metric data path: C:\Users\pcedillo\AppData\Local\Box\Box Tools\Metrics\BoxTools_Metrics_EFD61745.db
- post callback: 05F15C56
- log callback: 05F15D6E
- context: 00000000
- post interval in seconds: 600
- max records in a post: 100
- max db records: 500
- disable sender: true
[2025-03-20 13:30:16,892] [3    ] [INFO ] [] - Shutting down the metrics collector
[2025-03-20 13:40:16,762] [8    ] [INFO ] [] - Initializing the metrics collector
[2025-03-20 13:40:16,780] [8    ] [INFO ] [] - MetricsCollector::Sender(49): _disableSentMetrics 1
[2025-03-20 13:40:16,781] [8    ] [INFO ] [] - MetricsCollector::Initialize(231): Initialized metrics collector
- session id: 3f509721-13c5-41b4-9e7f-7044101162fe
- device id: 4ca35884-a93a-48fc-ad16-80b2a90aa32e
- application id: Box Tools Win exe
- application name: BoxTools
- application version: 4.28.1.1163
- metric collection url: https://client-log.box.com/index.php?rm=box_gen204_json_record
- metric data path: C:\Users\pcedillo\AppData\Local\Box\Box Tools\Metrics\BoxTools_Metrics_EFD61745.db
- post callback: 05F15C56
- log callback: 05F15D6E
- context: 00000000
- post interval in seconds: 600
- max records in a post: 100
- max db records: 500
- disable sender: true
[2025-03-20 13:40:16,798] [8    ] [INFO ] [] - Shutting down the metrics collector
[2025-03-20 13:44:17,364] [12   ] [INFO ] [] - Scheduling next upgrade check: Delay
[2025-03-20 13:44:17,374] [12   ] [INFO ] [] - Next autoupgrade timer will fire after: 1.00:00:00
[2025-03-20 13:44:17,374] [12   ] [INFO ] [] - Checking for upgrade
[2025-03-20 13:44:17,377] [12   ] [INFO ] [] - .NET Version - installed 533320, expected: 528040
[2025-03-20 13:44:17,378] [12   ] [INFO ] [] - result: True
[2025-03-20 13:44:17,385] [12   ] [INFO ] [] - Checking for upgrades
[2025-03-20 13:44:17,385] [12   ] [INFO ] [] - Url used to upgrade: https://cdn07.boxcdn.net/BoxEditAutoupdate2.json
[2025-03-20 13:44:17,966] [12   ] [INFO ] [] - ### current version track name: 4.28.1
[2025-03-20 13:44:17,967] [12   ] [INFO ] [] - No custom track name in registry
[2025-03-20 13:44:17,968] [12   ] [WARN ] [] - Track 4.28.1 not found
[2025-03-20 13:44:17,968] [12   ] [INFO ] [] - Track default for upgrade found
[2025-03-20 13:44:17,969] [12   ] [INFO ] [] - RolloutID set to 61
[2025-03-20 13:44:17,971] [12   ] [INFO ] [] - No upgrade available
[2025-03-20 13:44:17,972] [12   ] [INFO ] [] - Check for updates returned None
[2025-03-20 13:44:17,973] [12   ] [INFO ] [] - Scheduling next upgrade check: Reset
[2025-03-20 13:44:17,974] [12   ] [INFO ] [] - Next autoupgrade timer will fire after: 05:34:00
[2025-03-20 13:50:16,783] [14   ] [INFO ] [] - Initializing the metrics collector
[2025-03-20 13:50:16,791] [14   ] [INFO ] [] - MetricsCollector::Sender(49): _disableSentMetrics 1
[2025-03-20 13:50:16,793] [14   ] [INFO ] [] - MetricsCollector::Initialize(231): Initialized metrics collector
- session id: 3f509721-13c5-41b4-9e7f-7044101162fe
- device id: 4ca35884-a93a-48fc-ad16-80b2a90aa32e
- application id: Box Tools Win exe
- application name: BoxTools
- application version: 4.28.1.1163
- metric collection url: https://client-log.box.com/index.php?rm=box_gen204_json_record
- metric data path: C:\Users\pcedillo\AppData\Local\Box\Box Tools\Metrics\BoxTools_Metrics_EFD61745.db
- post callback: 05F15C56
- log callback: 05F15D6E
- context: 00000000
- post interval in seconds: 600
- max records in a post: 100
- max db records: 500
- disable sender: true
[2025-03-20 13:50:16,802] [14   ] [INFO ] [] - Shutting down the metrics collector
[2025-03-20 14:00:16,775] [9    ] [INFO ] [] - Initializing the metrics collector
[2025-03-20 14:00:16,784] [9    ] [INFO ] [] - MetricsCollector::Sender(49): _disableSentMetrics 1
[2025-03-20 14:00:16,785] [9    ] [INFO ] [] - MetricsCollector::Initialize(231): Initialized metrics collector
- session id: 3f509721-13c5-41b4-9e7f-7044101162fe
- device id: 4ca35884-a93a-48fc-ad16-80b2a90aa32e
- application id: Box Tools Win exe
- application name: BoxTools
- application version: 4.28.1.1163
- metric collection url: https://client-log.box.com/index.php?rm=box_gen204_json_record
- metric data path: C:\Users\pcedillo\AppData\Local\Box\Box Tools\Metrics\BoxTools_Metrics_EFD61745.db
- post callback: 05F15C56
- log callback: 05F15D6E
- context: 00000000
- post interval in seconds: 600
- max records in a post: 100
- max db records: 500
- disable sender: true
[2025-03-20 14:00:16,793] [9    ] [INFO ] [] - Shutting down the metrics collector
[2025-03-20 14:10:16,791] [15   ] [INFO ] [] - Initializing the metrics collector
[2025-03-20 14:10:16,805] [15   ] [INFO ] [] - MetricsCollector::Sender(49): _disableSentMetrics 1
[2025-03-20 14:10:16,806] [15   ] [INFO ] [] - MetricsCollector::Initialize(231): Initialized metrics collector
- session id: 3f509721-13c5-41b4-9e7f-7044101162fe
- device id: 4ca35884-a93a-48fc-ad16-80b2a90aa32e
- application id: Box Tools Win exe
- application name: BoxTools
- application version: 4.28.1.1163
- metric collection url: https://client-log.box.com/index.php?rm=box_gen204_json_record
- metric data path: C:\Users\pcedillo\AppData\Local\Box\Box Tools\Metrics\BoxTools_Metrics_EFD61745.db
- post callback: 05F15C56
- log callback: 05F15D6E
- context: 00000000
- post interval in seconds: 600
- max records in a post: 100
- max db records: 500
- disable sender: true
[2025-03-20 14:10:16,818] [15   ] [INFO ] [] - Shutting down the metrics collector
[2025-03-20 14:20:16,808] [7    ] [INFO ] [] - Initializing the metrics collector
[2025-03-20 14:20:16,822] [7    ] [INFO ] [] - MetricsCollector::Sender(49): _disableSentMetrics 1
[2025-03-20 14:20:16,823] [7    ] [INFO ] [] - MetricsCollector::Initialize(231): Initialized metrics collector
- session id: 3f509721-13c5-41b4-9e7f-7044101162fe
- device id: 4ca35884-a93a-48fc-ad16-80b2a90aa32e
- application id: Box Tools Win exe
- application name: BoxTools
- application version: 4.28.1.1163
- metric collection url: https://client-log.box.com/index.php?rm=box_gen204_json_record
- metric data path: C:\Users\pcedillo\AppData\Local\Box\Box Tools\Metrics\BoxTools_Metrics_EFD61745.db
- post callback: 05F15C56
- log callback: 05F15D6E
- context: 00000000
- post interval in seconds: 600
- max records in a post: 100
- max db records: 500
- disable sender: true
[2025-03-20 14:20:16,833] [7    ] [INFO ] [] - Shutting down the metrics collector
[2025-03-20 14:30:16,791] [19   ] [INFO ] [] - Initializing the metrics collector
[2025-03-20 14:30:16,804] [19   ] [INFO ] [] - MetricsCollector::Sender(49): _disableSentMetrics 1
[2025-03-20 14:30:16,806] [19   ] [INFO ] [] - MetricsCollector::Initialize(231): Initialized metrics collector
- session id: 3f509721-13c5-41b4-9e7f-7044101162fe
- device id: 4ca35884-a93a-48fc-ad16-80b2a90aa32e
- application id: Box Tools Win exe
- application name: BoxTools
- application version: 4.28.1.1163
- metric collection url: https://client-log.box.com/index.php?rm=box_gen204_json_record
- metric data path: C:\Users\pcedillo\AppData\Local\Box\Box Tools\Metrics\BoxTools_Metrics_EFD61745.db
- post callback: 05F15C56
- log callback: 05F15D6E
- context: 00000000
- post interval in seconds: 600
- max records in a post: 100
- max db records: 500
- disable sender: true
[2025-03-20 14:30:16,819] [19   ] [INFO ] [] - Shutting down the metrics collector
[2025-03-20 14:40:16,792] [7    ] [INFO ] [] - Initializing the metrics collector
[2025-03-20 14:40:16,799] [7    ] [INFO ] [] - MetricsCollector::Sender(49): _disableSentMetrics 1
[2025-03-20 14:40:16,800] [7    ] [INFO ] [] - MetricsCollector::Initialize(231): Initialized metrics collector
- session id: 3f509721-13c5-41b4-9e7f-7044101162fe
- device id: 4ca35884-a93a-48fc-ad16-80b2a90aa32e
- application id: Box Tools Win exe
- application name: BoxTools
- application version: 4.28.1.1163
- metric collection url: https://client-log.box.com/index.php?rm=box_gen204_json_record
- metric data path: C:\Users\pcedillo\AppData\Local\Box\Box Tools\Metrics\BoxTools_Metrics_EFD61745.db
- post callback: 05F15C56
- log callback: 05F15D6E
- context: 00000000
- post interval in seconds: 600
- max records in a post: 100
- max db records: 500
- disable sender: true
[2025-03-20 14:40:16,806] [7    ] [INFO ] [] - Shutting down the metrics collector
[2025-03-20 14:50:16,812] [15   ] [INFO ] [] - Initializing the metrics collector
[2025-03-20 14:50:16,824] [15   ] [INFO ] [] - MetricsCollector::Sender(49): _disableSentMetrics 1
[2025-03-20 14:50:16,824] [15   ] [INFO ] [] - MetricsCollector::Initialize(231): Initialized metrics collector
- session id: 3f509721-13c5-41b4-9e7f-7044101162fe
- device id: 4ca35884-a93a-48fc-ad16-80b2a90aa32e
- application id: Box Tools Win exe
- application name: BoxTools
- application version: 4.28.1.1163
- metric collection url: https://client-log.box.com/index.php?rm=box_gen204_json_record
- metric data path: C:\Users\pcedillo\AppData\Local\Box\Box Tools\Metrics\BoxTools_Metrics_EFD61745.db
- post callback: 05F15C56
- log callback: 05F15D6E
- context: 00000000
- post interval in seconds: 600
- max records in a post: 100
- max db records: 500
- disable sender: true
[2025-03-20 14:50:16,841] [15   ] [INFO ] [] - Shutting down the metrics collector
[2025-03-20 15:00:16,805] [9    ] [INFO ] [] - Initializing the metrics collector
[2025-03-20 15:00:16,816] [9    ] [INFO ] [] - MetricsCollector::Sender(49): _disableSentMetrics 1
[2025-03-20 15:00:16,817] [9    ] [INFO ] [] - MetricsCollector::Initialize(231): Initialized metrics collector
- session id: 3f509721-13c5-41b4-9e7f-7044101162fe
- device id: 4ca35884-a93a-48fc-ad16-80b2a90aa32e
- application id: Box Tools Win exe
- application name: BoxTools
- application version: 4.28.1.1163
- metric collection url: https://client-log.box.com/index.php?rm=box_gen204_json_record
- metric data path: C:\Users\pcedillo\AppData\Local\Box\Box Tools\Metrics\BoxTools_Metrics_EFD61745.db
- post callback: 05F15C56
- log callback: 05F15D6E
- context: 00000000
- post interval in seconds: 600
- max records in a post: 100
- max db records: 500
- disable sender: true
[2025-03-20 15:00:16,829] [9    ] [INFO ] [] - Shutting down the metrics collector
[2025-03-20 15:10:16,824] [14   ] [INFO ] [] - Initializing the metrics collector
[2025-03-20 15:10:16,832] [14   ] [INFO ] [] - MetricsCollector::Sender(49): _disableSentMetrics 1
[2025-03-20 15:10:16,832] [14   ] [INFO ] [] - MetricsCollector::Initialize(231): Initialized metrics collector
- session id: 3f509721-13c5-41b4-9e7f-7044101162fe
- device id: 4ca35884-a93a-48fc-ad16-80b2a90aa32e
- application id: Box Tools Win exe
- application name: BoxTools
- application version: 4.28.1.1163
- metric collection url: https://client-log.box.com/index.php?rm=box_gen204_json_record
- metric data path: C:\Users\pcedillo\AppData\Local\Box\Box Tools\Metrics\BoxTools_Metrics_EFD61745.db
- post callback: 05F15C56
- log callback: 05F15D6E
- context: 00000000
- post interval in seconds: 600
- max records in a post: 100
- max db records: 500
- disable sender: true
[2025-03-20 15:10:16,839] [14   ] [INFO ] [] - Shutting down the metrics collector
[2025-03-20 15:20:16,819] [16   ] [INFO ] [] - Initializing the metrics collector
[2025-03-20 15:20:16,825] [16   ] [INFO ] [] - MetricsCollector::Sender(49): _disableSentMetrics 1
[2025-03-20 15:20:16,826] [16   ] [INFO ] [] - MetricsCollector::Initialize(231): Initialized metrics collector
- session id: 3f509721-13c5-41b4-9e7f-7044101162fe
- device id: 4ca35884-a93a-48fc-ad16-80b2a90aa32e
- application id: Box Tools Win exe
- application name: BoxTools
- application version: 4.28.1.1163
- metric collection url: https://client-log.box.com/index.php?rm=box_gen204_json_record
- metric data path: C:\Users\pcedillo\AppData\Local\Box\Box Tools\Metrics\BoxTools_Metrics_EFD61745.db
- post callback: 05F15C56
- log callback: 05F15D6E
- context: 00000000
- post interval in seconds: 600
- max records in a post: 100
- max db records: 500
- disable sender: true
[2025-03-20 15:20:16,836] [16   ] [INFO ] [] - Shutting down the metrics collector
[2025-03-20 15:30:16,842] [12   ] [INFO ] [] - Initializing the metrics collector
[2025-03-20 15:30:16,854] [12   ] [INFO ] [] - MetricsCollector::Sender(49): _disableSentMetrics 1
[2025-03-20 15:30:16,856] [12   ] [INFO ] [] - MetricsCollector::Initialize(231): Initialized metrics collector
- session id: 3f509721-13c5-41b4-9e7f-7044101162fe
- device id: 4ca35884-a93a-48fc-ad16-80b2a90aa32e
- application id: Box Tools Win exe
- application name: BoxTools
- application version: 4.28.1.1163
- metric collection url: https://client-log.box.com/index.php?rm=box_gen204_json_record
- metric data path: C:\Users\pcedillo\AppData\Local\Box\Box Tools\Metrics\BoxTools_Metrics_EFD61745.db
- post callback: 05F15C56
- log callback: 05F15D6E
- context: 00000000
- post interval in seconds: 600
- max records in a post: 100
- max db records: 500
- disable sender: true
[2025-03-20 15:30:16,868] [12   ] [INFO ] [] - Shutting down the metrics collector
[2025-03-20 15:40:16,843] [8    ] [INFO ] [] - Initializing the metrics collector
[2025-03-20 15:40:16,850] [8    ] [INFO ] [] - MetricsCollector::Sender(49): _disableSentMetrics 1
[2025-03-20 15:40:16,850] [8    ] [INFO ] [] - MetricsCollector::Initialize(231): Initialized metrics collector
- session id: 3f509721-13c5-41b4-9e7f-7044101162fe
- device id: 4ca35884-a93a-48fc-ad16-80b2a90aa32e
- application id: Box Tools Win exe
- application name: BoxTools
- application version: 4.28.1.1163
- metric collection url: https://client-log.box.com/index.php?rm=box_gen204_json_record
- metric data path: C:\Users\pcedillo\AppData\Local\Box\Box Tools\Metrics\BoxTools_Metrics_EFD61745.db
- post callback: 05F15C56
- log callback: 05F15D6E
- context: 00000000
- post interval in seconds: 600
- max records in a post: 100
- max db records: 500
- disable sender: true
[2025-03-20 15:40:16,856] [8    ] [INFO ] [] - Shutting down the metrics collector
[2025-03-20 15:50:16,826] [14   ] [INFO ] [] - Initializing the metrics collector
[2025-03-20 15:50:16,840] [14   ] [INFO ] [] - MetricsCollector::Sender(49): _disableSentMetrics 1
[2025-03-20 15:50:16,841] [14   ] [INFO ] [] - MetricsCollector::Initialize(231): Initialized metrics collector
- session id: 3f509721-13c5-41b4-9e7f-7044101162fe
- device id: 4ca35884-a93a-48fc-ad16-80b2a90aa32e
- application id: Box Tools Win exe
- application name: BoxTools
- application version: 4.28.1.1163
- metric collection url: https://client-log.box.com/index.php?rm=box_gen204_json_record
- metric data path: C:\Users\pcedillo\AppData\Local\Box\Box Tools\Metrics\BoxTools_Metrics_EFD61745.db
- post callback: 05F15C56
- log callback: 05F15D6E
- context: 00000000
- post interval in seconds: 600
- max records in a post: 100
- max db records: 500
- disable sender: true
[2025-03-20 15:50:16,847] [14   ] [INFO ] [] - Shutting down the metrics collector
[2025-03-20 16:00:16,874] [9    ] [INFO ] [] - Initializing the metrics collector
[2025-03-20 16:00:17,075] [9    ] [INFO ] [] - MetricsCollector::Sender(49): _disableSentMetrics 1
[2025-03-20 16:00:17,138] [9    ] [INFO ] [] - MetricsCollector::Initialize(231): Initialized metrics collector
- session id: 3f509721-13c5-41b4-9e7f-7044101162fe
- device id: 4ca35884-a93a-48fc-ad16-80b2a90aa32e
- application id: Box Tools Win exe
- application name: BoxTools
- application version: 4.28.1.1163
- metric collection url: https://client-log.box.com/index.php?rm=box_gen204_json_record
- metric data path: C:\Users\pcedillo\AppData\Local\Box\Box Tools\Metrics\BoxTools_Metrics_EFD61745.db
- post callback: 05F15C56
- log callback: 05F15D6E
- context: 00000000
- post interval in seconds: 600
- max records in a post: 100
- max db records: 500
- disable sender: true
[2025-03-20 16:00:17,356] [9    ] [INFO ] [] - Shutting down the metrics collector
[2025-03-20 16:10:16,825] [14   ] [INFO ] [] - Initializing the metrics collector
[2025-03-20 16:10:16,834] [14   ] [INFO ] [] - MetricsCollector::Sender(49): _disableSentMetrics 1
[2025-03-20 16:10:16,835] [14   ] [INFO ] [] - MetricsCollector::Initialize(231): Initialized metrics collector
- session id: 3f509721-13c5-41b4-9e7f-7044101162fe
- device id: 4ca35884-a93a-48fc-ad16-80b2a90aa32e
- application id: Box Tools Win exe
- application name: BoxTools
- application version: 4.28.1.1163
- metric collection url: https://client-log.box.com/index.php?rm=box_gen204_json_record
- metric data path: C:\Users\pcedillo\AppData\Local\Box\Box Tools\Metrics\BoxTools_Metrics_EFD61745.db
- post callback: 05F15C56
- log callback: 05F15D6E
- context: 00000000
- post interval in seconds: 600
- max records in a post: 100
- max db records: 500
- disable sender: true
[2025-03-20 16:10:16,842] [14   ] [INFO ] [] - Shutting down the metrics collector
[2025-03-20 16:20:16,852] [15   ] [INFO ] [] - Initializing the metrics collector
[2025-03-20 16:20:16,890] [15   ] [INFO ] [] - MetricsCollector::Sender(49): _disableSentMetrics 1
[2025-03-20 16:20:16,893] [15   ] [INFO ] [] - MetricsCollector::Initialize(231): Initialized metrics collector
- session id: 3f509721-13c5-41b4-9e7f-7044101162fe
- device id: 4ca35884-a93a-48fc-ad16-80b2a90aa32e
- application id: Box Tools Win exe
- application name: BoxTools
- application version: 4.28.1.1163
- metric collection url: https://client-log.box.com/index.php?rm=box_gen204_json_record
- metric data path: C:\Users\pcedillo\AppData\Local\Box\Box Tools\Metrics\BoxTools_Metrics_EFD61745.db
- post callback: 05F15C56
- log callback: 05F15D6E
- context: 00000000
- post interval in seconds: 600
- max records in a post: 100
- max db records: 500
- disable sender: true
[2025-03-20 16:20:16,949] [15   ] [INFO ] [] - Shutting down the metrics collector
[2025-03-20 16:30:16,841] [9    ] [INFO ] [] - Initializing the metrics collector
[2025-03-20 16:30:16,849] [9    ] [INFO ] [] - MetricsCollector::Sender(49): _disableSentMetrics 1
[2025-03-20 16:30:16,849] [9    ] [INFO ] [] - MetricsCollector::Initialize(231): Initialized metrics collector
- session id: 3f509721-13c5-41b4-9e7f-7044101162fe
- device id: 4ca35884-a93a-48fc-ad16-80b2a90aa32e
- application id: Box Tools Win exe
- application name: BoxTools
- application version: 4.28.1.1163
- metric collection url: https://client-log.box.com/index.php?rm=box_gen204_json_record
- metric data path: C:\Users\pcedillo\AppData\Local\Box\Box Tools\Metrics\BoxTools_Metrics_EFD61745.db
- post callback: 05F15C56
- log callback: 05F15D6E
- context: 00000000
- post interval in seconds: 600
- max records in a post: 100
- max db records: 500
- disable sender: true
[2025-03-20 16:30:16,859] [9    ] [INFO ] [] - Shutting down the metrics collector
[2025-03-20 16:40:16,848] [7    ] [INFO ] [] - Initializing the metrics collector
[2025-03-20 16:40:16,856] [7    ] [INFO ] [] - MetricsCollector::Sender(49): _disableSentMetrics 1
[2025-03-20 16:40:16,857] [7    ] [INFO ] [] - MetricsCollector::Initialize(231): Initialized metrics collector
- session id: 3f509721-13c5-41b4-9e7f-7044101162fe
- device id: 4ca35884-a93a-48fc-ad16-80b2a90aa32e
- application id: Box Tools Win exe
- application name: BoxTools
- application version: 4.28.1.1163
- metric collection url: https://client-log.box.com/index.php?rm=box_gen204_json_record
- metric data path: C:\Users\pcedillo\AppData\Local\Box\Box Tools\Metrics\BoxTools_Metrics_EFD61745.db
- post callback: 05F15C56
- log callback: 05F15D6E
- context: 00000000
- post interval in seconds: 600
- max records in a post: 100
- max db records: 500
- disable sender: true
[2025-03-20 16:40:16,864] [7    ] [INFO ] [] - Shutting down the metrics collector
[2025-03-20 16:50:16,862] [8    ] [INFO ] [] - Initializing the metrics collector
[2025-03-20 16:50:16,874] [8    ] [INFO ] [] - MetricsCollector::Sender(49): _disableSentMetrics 1
[2025-03-20 16:50:16,875] [8    ] [INFO ] [] - MetricsCollector::Initialize(231): Initialized metrics collector
- session id: 3f509721-13c5-41b4-9e7f-7044101162fe
- device id: 4ca35884-a93a-48fc-ad16-80b2a90aa32e
- application id: Box Tools Win exe
- application name: BoxTools
- application version: 4.28.1.1163
- metric collection url: https://client-log.box.com/index.php?rm=box_gen204_json_record
- metric data path: C:\Users\pcedillo\AppData\Local\Box\Box Tools\Metrics\BoxTools_Metrics_EFD61745.db
- post callback: 05F15C56
- log callback: 05F15D6E
- context: 00000000
- post interval in seconds: 600
- max records in a post: 100
- max db records: 500
- disable sender: true
[2025-03-20 16:50:16,888] [8    ] [INFO ] [] - Shutting down the metrics collector
[2025-03-20 17:00:16,871] [12   ] [INFO ] [] - Initializing the metrics collector
[2025-03-20 17:00:16,883] [12   ] [INFO ] [] - MetricsCollector::Sender(49): _disableSentMetrics 1
[2025-03-20 17:00:16,884] [12   ] [INFO ] [] - MetricsCollector::Initialize(231): Initialized metrics collector
- session id: 3f509721-13c5-41b4-9e7f-7044101162fe
- device id: 4ca35884-a93a-48fc-ad16-80b2a90aa32e
- application id: Box Tools Win exe
- application name: BoxTools
- application version: 4.28.1.1163
- metric collection url: https://client-log.box.com/index.php?rm=box_gen204_json_record
- metric data path: C:\Users\pcedillo\AppData\Local\Box\Box Tools\Metrics\BoxTools_Metrics_EFD61745.db
- post callback: 05F15C56
- log callback: 05F15D6E
- context: 00000000
- post interval in seconds: 600
- max records in a post: 100
- max db records: 500
- disable sender: true
[2025-03-20 17:00:16,895] [12   ] [INFO ] [] - Shutting down the metrics collector
[2025-03-20 17:10:16,874] [3    ] [INFO ] [] - Initializing the metrics collector
[2025-03-20 17:10:16,881] [3    ] [INFO ] [] - MetricsCollector::Sender(49): _disableSentMetrics 1
[2025-03-20 17:10:16,882] [3    ] [INFO ] [] - MetricsCollector::Initialize(231): Initialized metrics collector
- session id: 3f509721-13c5-41b4-9e7f-7044101162fe
- device id: 4ca35884-a93a-48fc-ad16-80b2a90aa32e
- application id: Box Tools Win exe
- application name: BoxTools
- application version: 4.28.1.1163
- metric collection url: https://client-log.box.com/index.php?rm=box_gen204_json_record
- metric data path: C:\Users\pcedillo\AppData\Local\Box\Box Tools\Metrics\BoxTools_Metrics_EFD61745.db
- post callback: 05F15C56
- log callback: 05F15D6E
- context: 00000000
- post interval in seconds: 600
- max records in a post: 100
- max db records: 500
- disable sender: true
[2025-03-20 17:10:16,889] [3    ] [INFO ] [] - Shutting down the metrics collector
[2025-03-20 17:20:16,890] [16   ] [INFO ] [] - Initializing the metrics collector
[2025-03-20 17:20:16,902] [16   ] [INFO ] [] - MetricsCollector::Sender(49): _disableSentMetrics 1
[2025-03-20 17:20:16,904] [16   ] [INFO ] [] - MetricsCollector::Initialize(231): Initialized metrics collector
- session id: 3f509721-13c5-41b4-9e7f-7044101162fe
- device id: 4ca35884-a93a-48fc-ad16-80b2a90aa32e
- application id: Box Tools Win exe
- application name: BoxTools
- application version: 4.28.1.1163
- metric collection url: https://client-log.box.com/index.php?rm=box_gen204_json_record
- metric data path: C:\Users\pcedillo\AppData\Local\Box\Box Tools\Metrics\BoxTools_Metrics_EFD61745.db
- post callback: 05F15C56
- log callback: 05F15D6E
- context: 00000000
- post interval in seconds: 600
- max records in a post: 100
- max db records: 500
- disable sender: true
[2025-03-20 17:20:16,916] [16   ] [INFO ] [] - Shutting down the metrics collector
[2025-03-20 17:30:16,906] [17   ] [INFO ] [] - Initializing the metrics collector
[2025-03-20 17:30:16,920] [17   ] [INFO ] [] - MetricsCollector::Sender(49): _disableSentMetrics 1
[2025-03-20 17:30:16,920] [17   ] [INFO ] [] - MetricsCollector::Initialize(231): Initialized metrics collector
- session id: 3f509721-13c5-41b4-9e7f-7044101162fe
- device id: 4ca35884-a93a-48fc-ad16-80b2a90aa32e
- application id: Box Tools Win exe
- application name: BoxTools
- application version: 4.28.1.1163
- metric collection url: https://client-log.box.com/index.php?rm=box_gen204_json_record
- metric data path: C:\Users\pcedillo\AppData\Local\Box\Box Tools\Metrics\BoxTools_Metrics_EFD61745.db
- post callback: 05F15C56
- log callback: 05F15D6E
- context: 00000000
- post interval in seconds: 600
- max records in a post: 100
- max db records: 500
- disable sender: true
[2025-03-20 17:30:16,932] [17   ] [INFO ] [] - Shutting down the metrics collector
[2025-03-20 17:40:16,902] [13   ] [INFO ] [] - Initializing the metrics collector
[2025-03-20 17:40:16,916] [13   ] [INFO ] [] - MetricsCollector::Sender(49): _disableSentMetrics 1
[2025-03-20 17:40:16,916] [13   ] [INFO ] [] - MetricsCollector::Initialize(231): Initialized metrics collector
- session id: 3f509721-13c5-41b4-9e7f-7044101162fe
- device id: 4ca35884-a93a-48fc-ad16-80b2a90aa32e
- application id: Box Tools Win exe
- application name: BoxTools
- application version: 4.28.1.1163
- metric collection url: https://client-log.box.com/index.php?rm=box_gen204_json_record
- metric data path: C:\Users\pcedillo\AppData\Local\Box\Box Tools\Metrics\BoxTools_Metrics_EFD61745.db
- post callback: 05F15C56
- log callback: 05F15D6E
- context: 00000000
- post interval in seconds: 600
- max records in a post: 100
- max db records: 500
- disable sender: true
[2025-03-20 17:40:16,930] [13   ] [INFO ] [] - Shutting down the metrics collector
[2025-03-20 17:50:16,908] [11   ] [INFO ] [] - Initializing the metrics collector
[2025-03-20 17:50:16,921] [11   ] [INFO ] [] - MetricsCollector::Sender(49): _disableSentMetrics 1
[2025-03-20 17:50:16,921] [11   ] [INFO ] [] - MetricsCollector::Initialize(231): Initialized metrics collector
- session id: 3f509721-13c5-41b4-9e7f-7044101162fe
- device id: 4ca35884-a93a-48fc-ad16-80b2a90aa32e
- application id: Box Tools Win exe
- application name: BoxTools
- application version: 4.28.1.1163
- metric collection url: https://client-log.box.com/index.php?rm=box_gen204_json_record
- metric data path: C:\Users\pcedillo\AppData\Local\Box\Box Tools\Metrics\BoxTools_Metrics_EFD61745.db
- post callback: 05F15C56
- log callback: 05F15D6E
- context: 00000000
- post interval in seconds: 600
- max records in a post: 100
- max db records: 500
- disable sender: true
[2025-03-20 17:50:16,930] [11   ] [INFO ] [] - Shutting down the metrics collector
[2025-03-20 18:00:16,912] [19   ] [INFO ] [] - Initializing the metrics collector
[2025-03-20 18:00:16,925] [19   ] [INFO ] [] - MetricsCollector::Sender(49): _disableSentMetrics 1
[2025-03-20 18:00:16,926] [19   ] [INFO ] [] - MetricsCollector::Initialize(231): Initialized metrics collector
- session id: 3f509721-13c5-41b4-9e7f-7044101162fe
- device id: 4ca35884-a93a-48fc-ad16-80b2a90aa32e
- application id: Box Tools Win exe
- application name: BoxTools
- application version: 4.28.1.1163
- metric collection url: https://client-log.box.com/index.php?rm=box_gen204_json_record
- metric data path: C:\Users\pcedillo\AppData\Local\Box\Box Tools\Metrics\BoxTools_Metrics_EFD61745.db
- post callback: 05F15C56
- log callback: 05F15D6E
- context: 00000000
- post interval in seconds: 600
- max records in a post: 100
- max db records: 500
- disable sender: true
[2025-03-20 18:00:16,939] [19   ] [INFO ] [] - Shutting down the metrics collector
[2025-03-20 18:41:46,231] [20   ] [INFO ] [] - Initializing the metrics collector
[2025-03-20 18:41:46,254] [20   ] [INFO ] [] - MetricsCollector::Sender(49): _disableSentMetrics 1
[2025-03-20 18:41:46,255] [20   ] [INFO ] [] - MetricsCollector::Initialize(231): Initialized metrics collector
- session id: 3f509721-13c5-41b4-9e7f-7044101162fe
- device id: 4ca35884-a93a-48fc-ad16-80b2a90aa32e
- application id: Box Tools Win exe
- application name: BoxTools
- application version: 4.28.1.1163
- metric collection url: https://client-log.box.com/index.php?rm=box_gen204_json_record
- metric data path: C:\Users\pcedillo\AppData\Local\Box\Box Tools\Metrics\BoxTools_Metrics_EFD61745.db
- post callback: 05F15C56
- log callback: 05F15D6E
- context: 00000000
- post interval in seconds: 600
- max records in a post: 100
- max db records: 500
- disable sender: true
[2025-03-20 18:41:46,277] [20   ] [INFO ] [] - Shutting down the metrics collector
[2025-03-20 18:51:46,224] [15   ] [INFO ] [] - Initializing the metrics collector
[2025-03-20 18:51:46,241] [15   ] [INFO ] [] - MetricsCollector::Sender(49): _disableSentMetrics 1
[2025-03-20 18:51:46,242] [15   ] [INFO ] [] - MetricsCollector::Initialize(231): Initialized metrics collector
- session id: 3f509721-13c5-41b4-9e7f-7044101162fe
- device id: 4ca35884-a93a-48fc-ad16-80b2a90aa32e
- application id: Box Tools Win exe
- application name: BoxTools
- application version: 4.28.1.1163
- metric collection url: https://client-log.box.com/index.php?rm=box_gen204_json_record
- metric data path: C:\Users\pcedillo\AppData\Local\Box\Box Tools\Metrics\BoxTools_Metrics_EFD61745.db
- post callback: 05F15C56
- log callback: 05F15D6E
- context: 00000000
- post interval in seconds: 600
- max records in a post: 100
- max db records: 500
- disable sender: true
[2025-03-20 18:51:46,267] [15   ] [INFO ] [] - Shutting down the metrics collector
[2025-03-20 19:01:46,229] [15   ] [INFO ] [] - Initializing the metrics collector
[2025-03-20 19:01:46,247] [15   ] [INFO ] [] - MetricsCollector::Sender(49): _disableSentMetrics 1
[2025-03-20 19:01:46,248] [15   ] [INFO ] [] - MetricsCollector::Initialize(231): Initialized metrics collector
- session id: 3f509721-13c5-41b4-9e7f-7044101162fe
- device id: 4ca35884-a93a-48fc-ad16-80b2a90aa32e
- application id: Box Tools Win exe
- application name: BoxTools
- application version: 4.28.1.1163
- metric collection url: https://client-log.box.com/index.php?rm=box_gen204_json_record
- metric data path: C:\Users\pcedillo\AppData\Local\Box\Box Tools\Metrics\BoxTools_Metrics_EFD61745.db
- post callback: 05F15C56
- log callback: 05F15D6E
- context: 00000000
- post interval in seconds: 600
- max records in a post: 100
- max db records: 500
- disable sender: true
[2025-03-20 19:01:46,268] [15   ] [INFO ] [] - Shutting down the metrics collector
[2025-03-20 19:11:46,255] [15   ] [INFO ] [] - Initializing the metrics collector
[2025-03-20 19:11:46,274] [15   ] [INFO ] [] - MetricsCollector::Sender(49): _disableSentMetrics 1
[2025-03-20 19:11:46,275] [15   ] [INFO ] [] - MetricsCollector::Initialize(231): Initialized metrics collector
- session id: 3f509721-13c5-41b4-9e7f-7044101162fe
- device id: 4ca35884-a93a-48fc-ad16-80b2a90aa32e
- application id: Box Tools Win exe
- application name: BoxTools
- application version: 4.28.1.1163
- metric collection url: https://client-log.box.com/index.php?rm=box_gen204_json_record
- metric data path: C:\Users\pcedillo\AppData\Local\Box\Box Tools\Metrics\BoxTools_Metrics_EFD61745.db
- post callback: 05F15C56
- log callback: 05F15D6E
- context: 00000000
- post interval in seconds: 600
- max records in a post: 100
- max db records: 500
- disable sender: true
[2025-03-20 19:11:46,293] [15   ] [INFO ] [] - Shutting down the metrics collector
[2025-03-20 19:21:46,259] [11   ] [INFO ] [] - Initializing the metrics collector
[2025-03-20 19:21:46,284] [11   ] [INFO ] [] - MetricsCollector::Sender(49): _disableSentMetrics 1
[2025-03-20 19:21:46,285] [11   ] [INFO ] [] - MetricsCollector::Initialize(231): Initialized metrics collector
- session id: 3f509721-13c5-41b4-9e7f-7044101162fe
- device id: 4ca35884-a93a-48fc-ad16-80b2a90aa32e
- application id: Box Tools Win exe
- application name: BoxTools
- application version: 4.28.1.1163
- metric collection url: https://client-log.box.com/index.php?rm=box_gen204_json_record
- metric data path: C:\Users\pcedillo\AppData\Local\Box\Box Tools\Metrics\BoxTools_Metrics_EFD61745.db
- post callback: 05F15C56
- log callback: 05F15D6E
- context: 00000000
- post interval in seconds: 600
- max records in a post: 100
- max db records: 500
- disable sender: true
[2025-03-20 19:21:46,307] [11   ] [INFO ] [] - Shutting down the metrics collector
[2025-03-20 19:31:46,266] [13   ] [INFO ] [] - Initializing the metrics collector
[2025-03-20 19:31:46,282] [13   ] [INFO ] [] - MetricsCollector::Sender(49): _disableSentMetrics 1
[2025-03-20 19:31:46,283] [13   ] [INFO ] [] - MetricsCollector::Initialize(231): Initialized metrics collector
- session id: 3f509721-13c5-41b4-9e7f-7044101162fe
- device id: 4ca35884-a93a-48fc-ad16-80b2a90aa32e
- application id: Box Tools Win exe
- application name: BoxTools
- application version: 4.28.1.1163
- metric collection url: https://client-log.box.com/index.php?rm=box_gen204_json_record
- metric data path: C:\Users\pcedillo\AppData\Local\Box\Box Tools\Metrics\BoxTools_Metrics_EFD61745.db
- post callback: 05F15C56
- log callback: 05F15D6E
- context: 00000000
- post interval in seconds: 600
- max records in a post: 100
- max db records: 500
- disable sender: true
[2025-03-20 19:31:46,306] [13   ] [INFO ] [] - Shutting down the metrics collector
[2025-03-20 19:41:46,269] [13   ] [INFO ] [] - Initializing the metrics collector
[2025-03-20 19:41:46,287] [13   ] [INFO ] [] - MetricsCollector::Sender(49): _disableSentMetrics 1
[2025-03-20 19:41:46,288] [13   ] [INFO ] [] - MetricsCollector::Initialize(231): Initialized metrics collector
- session id: 3f509721-13c5-41b4-9e7f-7044101162fe
- device id: 4ca35884-a93a-48fc-ad16-80b2a90aa32e
- application id: Box Tools Win exe
- application name: BoxTools
- application version: 4.28.1.1163
- metric collection url: https://client-log.box.com/index.php?rm=box_gen204_json_record
- metric data path: C:\Users\pcedillo\AppData\Local\Box\Box Tools\Metrics\BoxTools_Metrics_EFD61745.db
- post callback: 05F15C56
- log callback: 05F15D6E
- context: 00000000
- post interval in seconds: 600
- max records in a post: 100
- max db records: 500
- disable sender: true
[2025-03-20 19:41:46,307] [13   ] [INFO ] [] - Shutting down the metrics collector
[2025-03-20 19:49:47,160] [11   ] [INFO ] [] - Scheduling next upgrade check: Delay
[2025-03-20 19:49:47,163] [11   ] [INFO ] [] - Next autoupgrade timer will fire after: 1.00:00:00
[2025-03-20 19:49:47,163] [11   ] [INFO ] [] - Checking for upgrade
[2025-03-20 19:49:47,167] [11   ] [INFO ] [] - .NET Version - installed 533320, expected: 528040
[2025-03-20 19:49:47,168] [11   ] [INFO ] [] - result: True
[2025-03-20 19:49:47,176] [11   ] [INFO ] [] - Checking for upgrades
[2025-03-20 19:49:47,176] [11   ] [INFO ] [] - Url used to upgrade: https://cdn07.boxcdn.net/BoxEditAutoupdate2.json
[2025-03-20 19:50:29,675] [11   ] [INFO ] [] - ### current version track name: 4.28.1
[2025-03-20 19:50:29,677] [11   ] [INFO ] [] - No custom track name in registry
[2025-03-20 19:50:29,678] [11   ] [WARN ] [] - Track 4.28.1 not found
[2025-03-20 19:50:29,679] [11   ] [INFO ] [] - Track default for upgrade found
[2025-03-20 19:50:29,680] [11   ] [INFO ] [] - RolloutID set to 61
[2025-03-20 19:50:29,681] [11   ] [INFO ] [] - No upgrade available
[2025-03-20 19:50:29,682] [11   ] [INFO ] [] - Check for updates returned None
[2025-03-20 19:50:29,683] [11   ] [INFO ] [] - Scheduling next upgrade check: Reset
[2025-03-20 19:50:29,683] [11   ] [INFO ] [] - Next autoupgrade timer will fire after: 05:54:00
[2025-03-20 19:51:46,270] [17   ] [INFO ] [] - Initializing the metrics collector
[2025-03-20 19:51:46,296] [17   ] [INFO ] [] - MetricsCollector::Sender(49): _disableSentMetrics 1
[2025-03-20 19:51:46,298] [17   ] [INFO ] [] - MetricsCollector::Initialize(231): Initialized metrics collector
- session id: 3f509721-13c5-41b4-9e7f-7044101162fe
- device id: 4ca35884-a93a-48fc-ad16-80b2a90aa32e
- application id: Box Tools Win exe
- application name: BoxTools
- application version: 4.28.1.1163
- metric collection url: https://client-log.box.com/index.php?rm=box_gen204_json_record
- metric data path: C:\Users\pcedillo\AppData\Local\Box\Box Tools\Metrics\BoxTools_Metrics_EFD61745.db
- post callback: 05F15C56
- log callback: 05F15D6E
- context: 00000000
- post interval in seconds: 600
- max records in a post: 100
- max db records: 500
- disable sender: true
[2025-03-20 19:51:46,321] [17   ] [INFO ] [] - Shutting down the metrics collector
[2025-03-20 20:01:46,291] [16   ] [INFO ] [] - Initializing the metrics collector
[2025-03-20 20:01:46,314] [16   ] [INFO ] [] - MetricsCollector::Sender(49): _disableSentMetrics 1
[2025-03-20 20:01:46,315] [16   ] [INFO ] [] - MetricsCollector::Initialize(231): Initialized metrics collector
- session id: 3f509721-13c5-41b4-9e7f-7044101162fe
- device id: 4ca35884-a93a-48fc-ad16-80b2a90aa32e
- application id: Box Tools Win exe
- application name: BoxTools
- application version: 4.28.1.1163
- metric collection url: https://client-log.box.com/index.php?rm=box_gen204_json_record
- metric data path: C:\Users\pcedillo\AppData\Local\Box\Box Tools\Metrics\BoxTools_Metrics_EFD61745.db
- post callback: 05F15C56
- log callback: 05F15D6E
- context: 00000000
- post interval in seconds: 600
- max records in a post: 100
- max db records: 500
- disable sender: true
[2025-03-20 20:01:46,334] [16   ] [INFO ] [] - Shutting down the metrics collector
[2025-03-20 20:11:46,281] [3    ] [INFO ] [] - Initializing the metrics collector
[2025-03-20 20:11:46,289] [3    ] [INFO ] [] - MetricsCollector::Sender(49): _disableSentMetrics 1
[2025-03-20 20:11:46,289] [3    ] [INFO ] [] - MetricsCollector::Initialize(231): Initialized metrics collector
- session id: 3f509721-13c5-41b4-9e7f-7044101162fe
- device id: 4ca35884-a93a-48fc-ad16-80b2a90aa32e
- application id: Box Tools Win exe
- application name: BoxTools
- application version: 4.28.1.1163
- metric collection url: https://client-log.box.com/index.php?rm=box_gen204_json_record
- metric data path: C:\Users\pcedillo\AppData\Local\Box\Box Tools\Metrics\BoxTools_Metrics_EFD61745.db
- post callback: 05F15C56
- log callback: 05F15D6E
- context: 00000000
- post interval in seconds: 600
- max records in a post: 100
- max db records: 500
- disable sender: true
[2025-03-20 20:11:46,295] [3    ] [INFO ] [] - Shutting down the metrics collector
[2025-03-20 20:21:46,305] [12   ] [INFO ] [] - Initializing the metrics collector
[2025-03-20 20:21:46,318] [12   ] [INFO ] [] - MetricsCollector::Sender(49): _disableSentMetrics 1
[2025-03-20 20:21:46,319] [12   ] [INFO ] [] - MetricsCollector::Initialize(231): Initialized metrics collector
- session id: 3f509721-13c5-41b4-9e7f-7044101162fe
- device id: 4ca35884-a93a-48fc-ad16-80b2a90aa32e
- application id: Box Tools Win exe
- application name: BoxTools
- application version: 4.28.1.1163
- metric collection url: https://client-log.box.com/index.php?rm=box_gen204_json_record
- metric data path: C:\Users\pcedillo\AppData\Local\Box\Box Tools\Metrics\BoxTools_Metrics_EFD61745.db
- post callback: 05F15C56
- log callback: 05F15D6E
- context: 00000000
- post interval in seconds: 600
- max records in a post: 100
- max db records: 500
- disable sender: true
[2025-03-20 20:21:46,332] [12   ] [INFO ] [] - Shutting down the metrics collector
[2025-03-20 20:31:46,317] [8    ] [INFO ] [] - Initializing the metrics collector
[2025-03-20 20:31:46,333] [8    ] [INFO ] [] - MetricsCollector::Sender(49): _disableSentMetrics 1
[2025-03-20 20:31:46,334] [8    ] [INFO ] [] - MetricsCollector::Initialize(231): Initialized metrics collector
- session id: 3f509721-13c5-41b4-9e7f-7044101162fe
- device id: 4ca35884-a93a-48fc-ad16-80b2a90aa32e
- application id: Box Tools Win exe
- application name: BoxTools
- application version: 4.28.1.1163
- metric collection url: https://client-log.box.com/index.php?rm=box_gen204_json_record
- metric data path: C:\Users\pcedillo\AppData\Local\Box\Box Tools\Metrics\BoxTools_Metrics_EFD61745.db
- post callback: 05F15C56
- log callback: 05F15D6E
- context: 00000000
- post interval in seconds: 600
- max records in a post: 100
- max db records: 500
- disable sender: true
[2025-03-20 20:31:46,353] [8    ] [INFO ] [] - Shutting down the metrics collector
[2025-03-20 20:41:46,326] [13   ] [INFO ] [] - Initializing the metrics collector
[2025-03-20 20:41:46,344] [13   ] [INFO ] [] - MetricsCollector::Sender(49): _disableSentMetrics 1
[2025-03-20 20:41:46,345] [13   ] [INFO ] [] - MetricsCollector::Initialize(231): Initialized metrics collector
- session id: 3f509721-13c5-41b4-9e7f-7044101162fe
- device id: 4ca35884-a93a-48fc-ad16-80b2a90aa32e
- application id: Box Tools Win exe
- application name: BoxTools
- application version: 4.28.1.1163
- metric collection url: https://client-log.box.com/index.php?rm=box_gen204_json_record
- metric data path: C:\Users\pcedillo\AppData\Local\Box\Box Tools\Metrics\BoxTools_Metrics_EFD61745.db
- post callback: 05F15C56
- log callback: 05F15D6E
- context: 00000000
- post interval in seconds: 600
- max records in a post: 100
- max db records: 500
- disable sender: true
[2025-03-20 20:41:46,365] [13   ] [INFO ] [] - Shutting down the metrics collector
[2025-03-20 20:51:46,335] [7    ] [INFO ] [] - Initializing the metrics collector
[2025-03-20 20:51:46,358] [7    ] [INFO ] [] - MetricsCollector::Sender(49): _disableSentMetrics 1
[2025-03-20 20:51:46,359] [7    ] [INFO ] [] - MetricsCollector::Initialize(231): Initialized metrics collector
- session id: 3f509721-13c5-41b4-9e7f-7044101162fe
- device id: 4ca35884-a93a-48fc-ad16-80b2a90aa32e
- application id: Box Tools Win exe
- application name: BoxTools
- application version: 4.28.1.1163
- metric collection url: https://client-log.box.com/index.php?rm=box_gen204_json_record
- metric data path: C:\Users\pcedillo\AppData\Local\Box\Box Tools\Metrics\BoxTools_Metrics_EFD61745.db
- post callback: 05F15C56
- log callback: 05F15D6E
- context: 00000000
- post interval in seconds: 600
- max records in a post: 100
- max db records: 500
- disable sender: true
[2025-03-20 20:51:46,381] [7    ] [INFO ] [] - Shutting down the metrics collector
[2025-03-20 21:01:46,347] [9    ] [INFO ] [] - Initializing the metrics collector
[2025-03-20 21:01:46,369] [9    ] [INFO ] [] - MetricsCollector::Sender(49): _disableSentMetrics 1
[2025-03-20 21:01:46,369] [9    ] [INFO ] [] - MetricsCollector::Initialize(231): Initialized metrics collector
- session id: 3f509721-13c5-41b4-9e7f-7044101162fe
- device id: 4ca35884-a93a-48fc-ad16-80b2a90aa32e
- application id: Box Tools Win exe
- application name: BoxTools
- application version: 4.28.1.1163
- metric collection url: https://client-log.box.com/index.php?rm=box_gen204_json_record
- metric data path: C:\Users\pcedillo\AppData\Local\Box\Box Tools\Metrics\BoxTools_Metrics_EFD61745.db
- post callback: 05F15C56
- log callback: 05F15D6E
- context: 00000000
- post interval in seconds: 600
- max records in a post: 100
- max db records: 500
- disable sender: true
[2025-03-20 21:01:46,391] [9    ] [INFO ] [] - Shutting down the metrics collector
[2025-03-20 21:11:46,369] [14   ] [INFO ] [] - Initializing the metrics collector
[2025-03-20 21:11:46,500] [14   ] [INFO ] [] - MetricsCollector::Sender(49): _disableSentMetrics 1
[2025-03-20 21:11:46,502] [14   ] [INFO ] [] - MetricsCollector::Initialize(231): Initialized metrics collector
- session id: 3f509721-13c5-41b4-9e7f-7044101162fe
- device id: 4ca35884-a93a-48fc-ad16-80b2a90aa32e
- application id: Box Tools Win exe
- application name: BoxTools
- application version: 4.28.1.1163
- metric collection url: https://client-log.box.com/index.php?rm=box_gen204_json_record
- metric data path: C:\Users\pcedillo\AppData\Local\Box\Box Tools\Metrics\BoxTools_Metrics_EFD61745.db
- post callback: 05F15C56
- log callback: 05F15D6E
- context: 00000000
- post interval in seconds: 600
- max records in a post: 100
- max db records: 500
- disable sender: true
[2025-03-20 21:11:46,601] [14   ] [INFO ] [] - Shutting down the metrics collector
