[2025-05-07 07:34:11,715] [10   ] [INFO ] [] - Pipe connected
[2025-05-07 07:34:13,023] [10   ] [INFO ] [] - Closed Pipe
[2025-05-07 07:34:13,028] [10   ] [INFO ] [] - Pipe connected
[2025-05-07 07:34:13,093] [10   ] [INFO ] [] - Closed Pipe
[2025-05-07 07:38:58,109] [64   ] [INFO ] [] - Initializing the metrics collector
[2025-05-07 07:38:58,121] [64   ] [INFO ] [] - MetricsCollector::Sender(49): _disableSentMetrics 1
[2025-05-07 07:38:58,121] [64   ] [INFO ] [] - MetricsCollector::Initialize(231): Initialized metrics collector
- session id: d24a9342-5ca6-49b8-b791-21820418c456
- device id: 4ca35884-a93a-48fc-ad16-80b2a90aa32e
- application id: Box Tools Win exe
- application name: BoxTools
- application version: 4.28.1.1163
- metric collection url: https://client-log.box.com/index.php?rm=box_gen204_json_record
- metric data path: C:\Users\pcedillo\AppData\Local\Box\Box Tools\Metrics\BoxTools_Metrics_EFD61745.db
- post callback: 05945A26
- log callback: 05945A9E
- context: 00000000
- post interval in seconds: 600
- max records in a post: 100
- max db records: 500
- disable sender: true
[2025-05-07 07:38:58,125] [64   ] [INFO ] [] - Shutting down the metrics collector
[2025-05-07 07:44:44,090] [10   ] [INFO ] [] - Pipe connected
[2025-05-07 07:44:44,360] [10   ] [INFO ] [] - Closed Pipe
[2025-05-07 07:44:49,113] [10   ] [INFO ] [] - Pipe connected
[2025-05-07 07:44:49,189] [10   ] [INFO ] [] - Closed Pipe
[2025-05-07 07:48:58,747] [65   ] [INFO ] [] - Initializing the metrics collector
[2025-05-07 07:48:58,747] [65   ] [INFO ] [] - MetricsCollector::Sender(49): _disableSentMetrics 1
[2025-05-07 07:48:58,747] [65   ] [INFO ] [] - MetricsCollector::Initialize(231): Initialized metrics collector
- session id: d24a9342-5ca6-49b8-b791-21820418c456
- device id: 4ca35884-a93a-48fc-ad16-80b2a90aa32e
- application id: Box Tools Win exe
- application name: BoxTools
- application version: 4.28.1.1163
- metric collection url: https://client-log.box.com/index.php?rm=box_gen204_json_record
- metric data path: C:\Users\pcedillo\AppData\Local\Box\Box Tools\Metrics\BoxTools_Metrics_EFD61745.db
- post callback: 05945A26
- log callback: 05945A9E
- context: 00000000
- post interval in seconds: 600
- max records in a post: 100
- max db records: 500
- disable sender: true
[2025-05-07 07:48:58,762] [65   ] [INFO ] [] - Shutting down the metrics collector
[2025-05-07 07:58:58,802] [62   ] [INFO ] [] - Initializing the metrics collector
[2025-05-07 07:58:58,883] [62   ] [INFO ] [] - MetricsCollector::Sender(49): _disableSentMetrics 1
[2025-05-07 07:58:58,885] [62   ] [INFO ] [] - MetricsCollector::Initialize(231): Initialized metrics collector
- session id: d24a9342-5ca6-49b8-b791-21820418c456
- device id: 4ca35884-a93a-48fc-ad16-80b2a90aa32e
- application id: Box Tools Win exe
- application name: BoxTools
- application version: 4.28.1.1163
- metric collection url: https://client-log.box.com/index.php?rm=box_gen204_json_record
- metric data path: C:\Users\pcedillo\AppData\Local\Box\Box Tools\Metrics\BoxTools_Metrics_EFD61745.db
- post callback: 05945A26
- log callback: 05945A9E
- context: 00000000
- post interval in seconds: 600
- max records in a post: 100
- max db records: 500
- disable sender: true
[2025-05-07 07:58:58,987] [62   ] [INFO ] [] - Shutting down the metrics collector
[2025-05-07 08:08:58,767] [35   ] [INFO ] [] - Initializing the metrics collector
[2025-05-07 08:08:58,784] [35   ] [INFO ] [] - MetricsCollector::Sender(49): _disableSentMetrics 1
[2025-05-07 08:08:58,786] [35   ] [INFO ] [] - MetricsCollector::Initialize(231): Initialized metrics collector
- session id: d24a9342-5ca6-49b8-b791-21820418c456
- device id: 4ca35884-a93a-48fc-ad16-80b2a90aa32e
- application id: Box Tools Win exe
- application name: BoxTools
- application version: 4.28.1.1163
- metric collection url: https://client-log.box.com/index.php?rm=box_gen204_json_record
- metric data path: C:\Users\pcedillo\AppData\Local\Box\Box Tools\Metrics\BoxTools_Metrics_EFD61745.db
- post callback: 05945A26
- log callback: 05945A9E
- context: 00000000
- post interval in seconds: 600
- max records in a post: 100
- max db records: 500
- disable sender: true
[2025-05-07 08:08:58,812] [35   ] [INFO ] [] - Shutting down the metrics collector
[2025-05-07 08:18:58,753] [36   ] [INFO ] [] - Initializing the metrics collector
[2025-05-07 08:18:58,753] [36   ] [INFO ] [] - MetricsCollector::Sender(49): _disableSentMetrics 1
[2025-05-07 08:18:58,753] [36   ] [INFO ] [] - MetricsCollector::Initialize(231): Initialized metrics collector
- session id: d24a9342-5ca6-49b8-b791-21820418c456
- device id: 4ca35884-a93a-48fc-ad16-80b2a90aa32e
- application id: Box Tools Win exe
- application name: BoxTools
- application version: 4.28.1.1163
- metric collection url: https://client-log.box.com/index.php?rm=box_gen204_json_record
- metric data path: C:\Users\pcedillo\AppData\Local\Box\Box Tools\Metrics\BoxTools_Metrics_EFD61745.db
- post callback: 05945A26
- log callback: 05945A9E
- context: 00000000
- post interval in seconds: 600
- max records in a post: 100
- max db records: 500
- disable sender: true
[2025-05-07 08:18:58,769] [36   ] [INFO ] [] - Shutting down the metrics collector
[2025-05-07 08:28:58,762] [37   ] [INFO ] [] - Initializing the metrics collector
[2025-05-07 08:28:58,778] [37   ] [INFO ] [] - MetricsCollector::Sender(49): _disableSentMetrics 1
[2025-05-07 08:28:58,778] [37   ] [INFO ] [] - MetricsCollector::Initialize(231): Initialized metrics collector
- session id: d24a9342-5ca6-49b8-b791-21820418c456
- device id: 4ca35884-a93a-48fc-ad16-80b2a90aa32e
- application id: Box Tools Win exe
- application name: BoxTools
- application version: 4.28.1.1163
- metric collection url: https://client-log.box.com/index.php?rm=box_gen204_json_record
- metric data path: C:\Users\pcedillo\AppData\Local\Box\Box Tools\Metrics\BoxTools_Metrics_EFD61745.db
- post callback: 05945A26
- log callback: 05945A9E
- context: 00000000
- post interval in seconds: 600
- max records in a post: 100
- max db records: 500
- disable sender: true
[2025-05-07 08:28:58,797] [37   ] [INFO ] [] - Shutting down the metrics collector
[2025-05-07 08:38:58,770] [39   ] [INFO ] [] - Initializing the metrics collector
[2025-05-07 08:38:58,784] [39   ] [INFO ] [] - MetricsCollector::Sender(49): _disableSentMetrics 1
[2025-05-07 08:38:58,785] [39   ] [INFO ] [] - MetricsCollector::Initialize(231): Initialized metrics collector
- session id: d24a9342-5ca6-49b8-b791-21820418c456
- device id: 4ca35884-a93a-48fc-ad16-80b2a90aa32e
- application id: Box Tools Win exe
- application name: BoxTools
- application version: 4.28.1.1163
- metric collection url: https://client-log.box.com/index.php?rm=box_gen204_json_record
- metric data path: C:\Users\pcedillo\AppData\Local\Box\Box Tools\Metrics\BoxTools_Metrics_EFD61745.db
- post callback: 05945A26
- log callback: 05945A9E
- context: 00000000
- post interval in seconds: 600
- max records in a post: 100
- max db records: 500
- disable sender: true
[2025-05-07 08:38:58,796] [39   ] [INFO ] [] - Shutting down the metrics collector
[2025-05-07 08:48:58,713] [41   ] [INFO ] [] - Initializing the metrics collector
[2025-05-07 08:48:58,722] [41   ] [INFO ] [] - MetricsCollector::Sender(49): _disableSentMetrics 1
[2025-05-07 08:48:58,722] [41   ] [INFO ] [] - MetricsCollector::Initialize(231): Initialized metrics collector
- session id: d24a9342-5ca6-49b8-b791-21820418c456
- device id: 4ca35884-a93a-48fc-ad16-80b2a90aa32e
- application id: Box Tools Win exe
- application name: BoxTools
- application version: 4.28.1.1163
- metric collection url: https://client-log.box.com/index.php?rm=box_gen204_json_record
- metric data path: C:\Users\pcedillo\AppData\Local\Box\Box Tools\Metrics\BoxTools_Metrics_EFD61745.db
- post callback: 05945A26
- log callback: 05945A9E
- context: 00000000
- post interval in seconds: 600
- max records in a post: 100
- max db records: 500
- disable sender: true
[2025-05-07 08:48:58,729] [41   ] [INFO ] [] - Shutting down the metrics collector
[2025-05-07 08:58:58,695] [40   ] [INFO ] [] - Initializing the metrics collector
[2025-05-07 08:58:58,709] [40   ] [INFO ] [] - MetricsCollector::Sender(49): _disableSentMetrics 1
[2025-05-07 08:58:58,710] [40   ] [INFO ] [] - MetricsCollector::Initialize(231): Initialized metrics collector
- session id: d24a9342-5ca6-49b8-b791-21820418c456
- device id: 4ca35884-a93a-48fc-ad16-80b2a90aa32e
- application id: Box Tools Win exe
- application name: BoxTools
- application version: 4.28.1.1163
- metric collection url: https://client-log.box.com/index.php?rm=box_gen204_json_record
- metric data path: C:\Users\pcedillo\AppData\Local\Box\Box Tools\Metrics\BoxTools_Metrics_EFD61745.db
- post callback: 05945A26
- log callback: 05945A9E
- context: 00000000
- post interval in seconds: 600
- max records in a post: 100
- max db records: 500
- disable sender: true
[2025-05-07 08:58:58,721] [40   ] [INFO ] [] - Shutting down the metrics collector
[2025-05-07 09:08:58,679] [42   ] [INFO ] [] - Initializing the metrics collector
[2025-05-07 09:08:58,679] [42   ] [INFO ] [] - MetricsCollector::Sender(49): _disableSentMetrics 1
[2025-05-07 09:08:58,679] [42   ] [INFO ] [] - MetricsCollector::Initialize(231): Initialized metrics collector
- session id: d24a9342-5ca6-49b8-b791-21820418c456
- device id: 4ca35884-a93a-48fc-ad16-80b2a90aa32e
- application id: Box Tools Win exe
- application name: BoxTools
- application version: 4.28.1.1163
- metric collection url: https://client-log.box.com/index.php?rm=box_gen204_json_record
- metric data path: C:\Users\pcedillo\AppData\Local\Box\Box Tools\Metrics\BoxTools_Metrics_EFD61745.db
- post callback: 05945A26
- log callback: 05945A9E
- context: 00000000
- post interval in seconds: 600
- max records in a post: 100
- max db records: 500
- disable sender: true
[2025-05-07 09:08:58,695] [42   ] [INFO ] [] - Shutting down the metrics collector
[2025-05-07 09:18:58,654] [62   ] [INFO ] [] - Initializing the metrics collector
[2025-05-07 09:18:58,664] [62   ] [INFO ] [] - MetricsCollector::Sender(49): _disableSentMetrics 1
[2025-05-07 09:18:58,664] [62   ] [INFO ] [] - MetricsCollector::Initialize(231): Initialized metrics collector
- session id: d24a9342-5ca6-49b8-b791-21820418c456
- device id: 4ca35884-a93a-48fc-ad16-80b2a90aa32e
- application id: Box Tools Win exe
- application name: BoxTools
- application version: 4.28.1.1163
- metric collection url: https://client-log.box.com/index.php?rm=box_gen204_json_record
- metric data path: C:\Users\pcedillo\AppData\Local\Box\Box Tools\Metrics\BoxTools_Metrics_EFD61745.db
- post callback: 05945A26
- log callback: 05945A9E
- context: 00000000
- post interval in seconds: 600
- max records in a post: 100
- max db records: 500
- disable sender: true
[2025-05-07 09:18:58,673] [62   ] [INFO ] [] - Shutting down the metrics collector
[2025-05-07 09:28:58,649] [42   ] [INFO ] [] - Initializing the metrics collector
[2025-05-07 09:28:58,665] [42   ] [INFO ] [] - MetricsCollector::Sender(49): _disableSentMetrics 1
[2025-05-07 09:28:58,665] [42   ] [INFO ] [] - MetricsCollector::Initialize(231): Initialized metrics collector
- session id: d24a9342-5ca6-49b8-b791-21820418c456
- device id: 4ca35884-a93a-48fc-ad16-80b2a90aa32e
- application id: Box Tools Win exe
- application name: BoxTools
- application version: 4.28.1.1163
- metric collection url: https://client-log.box.com/index.php?rm=box_gen204_json_record
- metric data path: C:\Users\pcedillo\AppData\Local\Box\Box Tools\Metrics\BoxTools_Metrics_EFD61745.db
- post callback: 05945A26
- log callback: 05945A9E
- context: 00000000
- post interval in seconds: 600
- max records in a post: 100
- max db records: 500
- disable sender: true
[2025-05-07 09:28:58,683] [42   ] [INFO ] [] - Shutting down the metrics collector
[2025-05-07 09:38:43,085] [40   ] [INFO ] [] - Scheduling next upgrade check: Delay
[2025-05-07 09:38:43,085] [40   ] [INFO ] [] - Next autoupgrade timer will fire after: 1.00:00:00
[2025-05-07 09:38:43,085] [40   ] [INFO ] [] - Checking for upgrade
[2025-05-07 09:38:43,091] [40   ] [INFO ] [] - .NET Version - installed 533320, expected: 528040
[2025-05-07 09:38:43,091] [40   ] [INFO ] [] - result: True
[2025-05-07 09:38:43,091] [40   ] [INFO ] [] - Checking for upgrades
[2025-05-07 09:38:43,091] [40   ] [INFO ] [] - Url used to upgrade: https://cdn07.boxcdn.net/BoxEditAutoupdate2.json
[2025-05-07 09:38:43,363] [40   ] [INFO ] [] - ### current version track name: 4.28.1
[2025-05-07 09:38:43,363] [40   ] [INFO ] [] - No custom track name in registry
[2025-05-07 09:38:43,363] [40   ] [WARN ] [] - Track 4.28.1 not found
[2025-05-07 09:38:43,365] [40   ] [INFO ] [] - Track default for upgrade found
[2025-05-07 09:38:43,365] [40   ] [INFO ] [] - RolloutID set to 61
[2025-05-07 09:38:43,367] [40   ] [INFO ] [] - Not upgrading because RolloutID is not in range
[2025-05-07 09:38:43,367] [40   ] [INFO ] [] - Check for updates returned None
[2025-05-07 09:38:43,367] [40   ] [INFO ] [] - Scheduling next upgrade check: Reset
[2025-05-07 09:38:43,369] [40   ] [INFO ] [] - Next autoupgrade timer will fire after: 05:14:00
[2025-05-07 09:38:58,654] [40   ] [INFO ] [] - Initializing the metrics collector
[2025-05-07 09:38:58,674] [40   ] [INFO ] [] - MetricsCollector::Sender(49): _disableSentMetrics 1
[2025-05-07 09:38:58,676] [40   ] [INFO ] [] - MetricsCollector::Initialize(231): Initialized metrics collector
- session id: d24a9342-5ca6-49b8-b791-21820418c456
- device id: 4ca35884-a93a-48fc-ad16-80b2a90aa32e
- application id: Box Tools Win exe
- application name: BoxTools
- application version: 4.28.1.1163
- metric collection url: https://client-log.box.com/index.php?rm=box_gen204_json_record
- metric data path: C:\Users\pcedillo\AppData\Local\Box\Box Tools\Metrics\BoxTools_Metrics_EFD61745.db
- post callback: 05945A26
- log callback: 05945A9E
- context: 00000000
- post interval in seconds: 600
- max records in a post: 100
- max db records: 500
- disable sender: true
[2025-05-07 09:38:58,686] [40   ] [INFO ] [] - Shutting down the metrics collector
[2025-05-07 09:48:58,632] [39   ] [INFO ] [] - Initializing the metrics collector
[2025-05-07 09:48:58,639] [39   ] [INFO ] [] - MetricsCollector::Sender(49): _disableSentMetrics 1
[2025-05-07 09:48:58,639] [39   ] [INFO ] [] - MetricsCollector::Initialize(231): Initialized metrics collector
- session id: d24a9342-5ca6-49b8-b791-21820418c456
- device id: 4ca35884-a93a-48fc-ad16-80b2a90aa32e
- application id: Box Tools Win exe
- application name: BoxTools
- application version: 4.28.1.1163
- metric collection url: https://client-log.box.com/index.php?rm=box_gen204_json_record
- metric data path: C:\Users\pcedillo\AppData\Local\Box\Box Tools\Metrics\BoxTools_Metrics_EFD61745.db
- post callback: 05945A26
- log callback: 05945A9E
- context: 00000000
- post interval in seconds: 600
- max records in a post: 100
- max db records: 500
- disable sender: true
[2025-05-07 09:48:58,648] [39   ] [INFO ] [] - Shutting down the metrics collector
[2025-05-07 09:58:58,587] [38   ] [INFO ] [] - Initializing the metrics collector
[2025-05-07 09:58:58,608] [38   ] [INFO ] [] - MetricsCollector::Sender(49): _disableSentMetrics 1
[2025-05-07 09:58:58,608] [38   ] [INFO ] [] - MetricsCollector::Initialize(231): Initialized metrics collector
- session id: d24a9342-5ca6-49b8-b791-21820418c456
- device id: 4ca35884-a93a-48fc-ad16-80b2a90aa32e
- application id: Box Tools Win exe
- application name: BoxTools
- application version: 4.28.1.1163
- metric collection url: https://client-log.box.com/index.php?rm=box_gen204_json_record
- metric data path: C:\Users\pcedillo\AppData\Local\Box\Box Tools\Metrics\BoxTools_Metrics_EFD61745.db
- post callback: 05945A26
- log callback: 05945A9E
- context: 00000000
- post interval in seconds: 600
- max records in a post: 100
- max db records: 500
- disable sender: true
[2025-05-07 09:58:58,621] [38   ] [INFO ] [] - Shutting down the metrics collector
[2025-05-07 10:08:58,566] [37   ] [INFO ] [] - Initializing the metrics collector
[2025-05-07 10:08:58,581] [37   ] [INFO ] [] - MetricsCollector::Sender(49): _disableSentMetrics 1
[2025-05-07 10:08:58,582] [37   ] [INFO ] [] - MetricsCollector::Initialize(231): Initialized metrics collector
- session id: d24a9342-5ca6-49b8-b791-21820418c456
- device id: 4ca35884-a93a-48fc-ad16-80b2a90aa32e
- application id: Box Tools Win exe
- application name: BoxTools
- application version: 4.28.1.1163
- metric collection url: https://client-log.box.com/index.php?rm=box_gen204_json_record
- metric data path: C:\Users\pcedillo\AppData\Local\Box\Box Tools\Metrics\BoxTools_Metrics_EFD61745.db
- post callback: 05945A26
- log callback: 05945A9E
- context: 00000000
- post interval in seconds: 600
- max records in a post: 100
- max db records: 500
- disable sender: true
[2025-05-07 10:08:58,598] [37   ] [INFO ] [] - Shutting down the metrics collector
[2025-05-07 10:18:58,552] [36   ] [INFO ] [] - Initializing the metrics collector
[2025-05-07 10:18:58,566] [36   ] [INFO ] [] - MetricsCollector::Sender(49): _disableSentMetrics 1
[2025-05-07 10:18:58,566] [36   ] [INFO ] [] - MetricsCollector::Initialize(231): Initialized metrics collector
- session id: d24a9342-5ca6-49b8-b791-21820418c456
- device id: 4ca35884-a93a-48fc-ad16-80b2a90aa32e
- application id: Box Tools Win exe
- application name: BoxTools
- application version: 4.28.1.1163
- metric collection url: https://client-log.box.com/index.php?rm=box_gen204_json_record
- metric data path: C:\Users\pcedillo\AppData\Local\Box\Box Tools\Metrics\BoxTools_Metrics_EFD61745.db
- post callback: 05945A26
- log callback: 05945A9E
- context: 00000000
- post interval in seconds: 600
- max records in a post: 100
- max db records: 500
- disable sender: true
[2025-05-07 10:18:58,568] [36   ] [INFO ] [] - Shutting down the metrics collector
[2025-05-07 10:28:58,523] [35   ] [INFO ] [] - Initializing the metrics collector
[2025-05-07 10:28:58,528] [35   ] [INFO ] [] - MetricsCollector::Sender(49): _disableSentMetrics 1
[2025-05-07 10:28:58,528] [35   ] [INFO ] [] - MetricsCollector::Initialize(231): Initialized metrics collector
- session id: d24a9342-5ca6-49b8-b791-21820418c456
- device id: 4ca35884-a93a-48fc-ad16-80b2a90aa32e
- application id: Box Tools Win exe
- application name: BoxTools
- application version: 4.28.1.1163
- metric collection url: https://client-log.box.com/index.php?rm=box_gen204_json_record
- metric data path: C:\Users\pcedillo\AppData\Local\Box\Box Tools\Metrics\BoxTools_Metrics_EFD61745.db
- post callback: 05945A26
- log callback: 05945A9E
- context: 00000000
- post interval in seconds: 600
- max records in a post: 100
- max db records: 500
- disable sender: true
[2025-05-07 10:28:58,539] [35   ] [INFO ] [] - Shutting down the metrics collector
[2025-05-07 10:38:58,511] [65   ] [INFO ] [] - Initializing the metrics collector
[2025-05-07 10:38:58,518] [65   ] [INFO ] [] - MetricsCollector::Sender(49): _disableSentMetrics 1
[2025-05-07 10:38:58,518] [65   ] [INFO ] [] - MetricsCollector::Initialize(231): Initialized metrics collector
- session id: d24a9342-5ca6-49b8-b791-21820418c456
- device id: 4ca35884-a93a-48fc-ad16-80b2a90aa32e
- application id: Box Tools Win exe
- application name: BoxTools
- application version: 4.28.1.1163
- metric collection url: https://client-log.box.com/index.php?rm=box_gen204_json_record
- metric data path: C:\Users\pcedillo\AppData\Local\Box\Box Tools\Metrics\BoxTools_Metrics_EFD61745.db
- post callback: 05945A26
- log callback: 05945A9E
- context: 00000000
- post interval in seconds: 600
- max records in a post: 100
- max db records: 500
- disable sender: true
[2025-05-07 10:38:58,527] [65   ] [INFO ] [] - Shutting down the metrics collector
[2025-05-07 10:48:58,487] [64   ] [INFO ] [] - Initializing the metrics collector
[2025-05-07 10:48:58,501] [64   ] [INFO ] [] - MetricsCollector::Sender(49): _disableSentMetrics 1
[2025-05-07 10:48:58,501] [64   ] [INFO ] [] - MetricsCollector::Initialize(231): Initialized metrics collector
- session id: d24a9342-5ca6-49b8-b791-21820418c456
- device id: 4ca35884-a93a-48fc-ad16-80b2a90aa32e
- application id: Box Tools Win exe
- application name: BoxTools
- application version: 4.28.1.1163
- metric collection url: https://client-log.box.com/index.php?rm=box_gen204_json_record
- metric data path: C:\Users\pcedillo\AppData\Local\Box\Box Tools\Metrics\BoxTools_Metrics_EFD61745.db
- post callback: 05945A26
- log callback: 05945A9E
- context: 00000000
- post interval in seconds: 600
- max records in a post: 100
- max db records: 500
- disable sender: true
[2025-05-07 10:48:58,512] [64   ] [INFO ] [] - Shutting down the metrics collector
[2025-05-07 10:58:58,494] [63   ] [INFO ] [] - Initializing the metrics collector
[2025-05-07 10:58:58,497] [63   ] [INFO ] [] - MetricsCollector::Sender(49): _disableSentMetrics 1
[2025-05-07 10:58:58,503] [63   ] [INFO ] [] - MetricsCollector::Initialize(231): Initialized metrics collector
- session id: d24a9342-5ca6-49b8-b791-21820418c456
- device id: 4ca35884-a93a-48fc-ad16-80b2a90aa32e
- application id: Box Tools Win exe
- application name: BoxTools
- application version: 4.28.1.1163
- metric collection url: https://client-log.box.com/index.php?rm=box_gen204_json_record
- metric data path: C:\Users\pcedillo\AppData\Local\Box\Box Tools\Metrics\BoxTools_Metrics_EFD61745.db
- post callback: 05945A26
- log callback: 05945A9E
- context: 00000000
- post interval in seconds: 600
- max records in a post: 100
- max db records: 500
- disable sender: true
[2025-05-07 10:58:58,514] [63   ] [INFO ] [] - Shutting down the metrics collector
[2025-05-07 11:08:58,513] [43   ] [INFO ] [] - Initializing the metrics collector
[2025-05-07 11:08:58,514] [43   ] [INFO ] [] - MetricsCollector::Sender(49): _disableSentMetrics 1
[2025-05-07 11:08:58,514] [43   ] [INFO ] [] - MetricsCollector::Initialize(231): Initialized metrics collector
- session id: d24a9342-5ca6-49b8-b791-21820418c456
- device id: 4ca35884-a93a-48fc-ad16-80b2a90aa32e
- application id: Box Tools Win exe
- application name: BoxTools
- application version: 4.28.1.1163
- metric collection url: https://client-log.box.com/index.php?rm=box_gen204_json_record
- metric data path: C:\Users\pcedillo\AppData\Local\Box\Box Tools\Metrics\BoxTools_Metrics_EFD61745.db
- post callback: 05945A26
- log callback: 05945A9E
- context: 00000000
- post interval in seconds: 600
- max records in a post: 100
- max db records: 500
- disable sender: true
[2025-05-07 11:08:58,514] [43   ] [INFO ] [] - Shutting down the metrics collector
[2025-05-07 11:18:58,473] [58   ] [INFO ] [] - Initializing the metrics collector
[2025-05-07 11:18:58,473] [58   ] [INFO ] [] - MetricsCollector::Sender(49): _disableSentMetrics 1
[2025-05-07 11:18:58,473] [58   ] [INFO ] [] - MetricsCollector::Initialize(231): Initialized metrics collector
- session id: d24a9342-5ca6-49b8-b791-21820418c456
- device id: 4ca35884-a93a-48fc-ad16-80b2a90aa32e
- application id: Box Tools Win exe
- application name: BoxTools
- application version: 4.28.1.1163
- metric collection url: https://client-log.box.com/index.php?rm=box_gen204_json_record
- metric data path: C:\Users\pcedillo\AppData\Local\Box\Box Tools\Metrics\BoxTools_Metrics_EFD61745.db
- post callback: 05945A26
- log callback: 05945A9E
- context: 00000000
- post interval in seconds: 600
- max records in a post: 100
- max db records: 500
- disable sender: true
[2025-05-07 11:18:58,489] [58   ] [INFO ] [] - Shutting down the metrics collector
[2025-05-07 11:31:52,604] [59   ] [INFO ] [] - Initializing the metrics collector
[2025-05-07 11:31:52,620] [59   ] [INFO ] [] - MetricsCollector::Sender(49): _disableSentMetrics 1
[2025-05-07 11:31:52,620] [59   ] [INFO ] [] - MetricsCollector::Initialize(231): Initialized metrics collector
- session id: d24a9342-5ca6-49b8-b791-21820418c456
- device id: 4ca35884-a93a-48fc-ad16-80b2a90aa32e
- application id: Box Tools Win exe
- application name: BoxTools
- application version: 4.28.1.1163
- metric collection url: https://client-log.box.com/index.php?rm=box_gen204_json_record
- metric data path: C:\Users\pcedillo\AppData\Local\Box\Box Tools\Metrics\BoxTools_Metrics_EFD61745.db
- post callback: 05945A26
- log callback: 05945A9E
- context: 00000000
- post interval in seconds: 600
- max records in a post: 100
- max db records: 500
- disable sender: true
[2025-05-07 11:31:52,636] [59   ] [INFO ] [] - Shutting down the metrics collector
[2025-05-07 11:41:52,600] [60   ] [INFO ] [] - Initializing the metrics collector
[2025-05-07 11:41:52,622] [60   ] [INFO ] [] - MetricsCollector::Sender(49): _disableSentMetrics 1
[2025-05-07 11:41:52,624] [60   ] [INFO ] [] - MetricsCollector::Initialize(231): Initialized metrics collector
- session id: d24a9342-5ca6-49b8-b791-21820418c456
- device id: 4ca35884-a93a-48fc-ad16-80b2a90aa32e
- application id: Box Tools Win exe
- application name: BoxTools
- application version: 4.28.1.1163
- metric collection url: https://client-log.box.com/index.php?rm=box_gen204_json_record
- metric data path: C:\Users\pcedillo\AppData\Local\Box\Box Tools\Metrics\BoxTools_Metrics_EFD61745.db
- post callback: 05945A26
- log callback: 05945A9E
- context: 00000000
- post interval in seconds: 600
- max records in a post: 100
- max db records: 500
- disable sender: true
[2025-05-07 11:41:52,641] [60   ] [INFO ] [] - Shutting down the metrics collector
[2025-05-07 11:51:52,479] [67   ] [INFO ] [] - Initializing the metrics collector
[2025-05-07 11:51:52,499] [67   ] [INFO ] [] - MetricsCollector::Sender(49): _disableSentMetrics 1
[2025-05-07 11:51:52,501] [67   ] [INFO ] [] - MetricsCollector::Initialize(231): Initialized metrics collector
- session id: d24a9342-5ca6-49b8-b791-21820418c456
- device id: 4ca35884-a93a-48fc-ad16-80b2a90aa32e
- application id: Box Tools Win exe
- application name: BoxTools
- application version: 4.28.1.1163
- metric collection url: https://client-log.box.com/index.php?rm=box_gen204_json_record
- metric data path: C:\Users\pcedillo\AppData\Local\Box\Box Tools\Metrics\BoxTools_Metrics_EFD61745.db
- post callback: 05945A26
- log callback: 05945A9E
- context: 00000000
- post interval in seconds: 600
- max records in a post: 100
- max db records: 500
- disable sender: true
[2025-05-07 11:51:52,519] [67   ] [INFO ] [] - Shutting down the metrics collector
[2025-05-07 12:36:06,569] [59   ] [INFO ] [] - Initializing the metrics collector
[2025-05-07 12:36:06,602] [59   ] [INFO ] [] - MetricsCollector::Sender(49): _disableSentMetrics 1
[2025-05-07 12:36:06,604] [59   ] [INFO ] [] - MetricsCollector::Initialize(231): Initialized metrics collector
- session id: d24a9342-5ca6-49b8-b791-21820418c456
- device id: 4ca35884-a93a-48fc-ad16-80b2a90aa32e
- application id: Box Tools Win exe
- application name: BoxTools
- application version: 4.28.1.1163
- metric collection url: https://client-log.box.com/index.php?rm=box_gen204_json_record
- metric data path: C:\Users\pcedillo\AppData\Local\Box\Box Tools\Metrics\BoxTools_Metrics_EFD61745.db
- post callback: 05945A26
- log callback: 05945A9E
- context: 00000000
- post interval in seconds: 600
- max records in a post: 100
- max db records: 500
- disable sender: true
[2025-05-07 12:36:06,623] [59   ] [INFO ] [] - Shutting down the metrics collector
[2025-05-07 12:46:06,530] [58   ] [INFO ] [] - Initializing the metrics collector
[2025-05-07 12:46:06,546] [58   ] [INFO ] [] - MetricsCollector::Sender(49): _disableSentMetrics 1
[2025-05-07 12:46:06,546] [58   ] [INFO ] [] - MetricsCollector::Initialize(231): Initialized metrics collector
- session id: d24a9342-5ca6-49b8-b791-21820418c456
- device id: 4ca35884-a93a-48fc-ad16-80b2a90aa32e
- application id: Box Tools Win exe
- application name: BoxTools
- application version: 4.28.1.1163
- metric collection url: https://client-log.box.com/index.php?rm=box_gen204_json_record
- metric data path: C:\Users\pcedillo\AppData\Local\Box\Box Tools\Metrics\BoxTools_Metrics_EFD61745.db
- post callback: 05945A26
- log callback: 05945A9E
- context: 00000000
- post interval in seconds: 600
- max records in a post: 100
- max db records: 500
- disable sender: true
[2025-05-07 12:46:06,567] [58   ] [INFO ] [] - Shutting down the metrics collector
[2025-05-07 12:56:06,514] [43   ] [INFO ] [] - Initializing the metrics collector
[2025-05-07 12:56:06,535] [43   ] [INFO ] [] - MetricsCollector::Sender(49): _disableSentMetrics 1
[2025-05-07 12:56:06,537] [43   ] [INFO ] [] - MetricsCollector::Initialize(231): Initialized metrics collector
- session id: d24a9342-5ca6-49b8-b791-21820418c456
- device id: 4ca35884-a93a-48fc-ad16-80b2a90aa32e
- application id: Box Tools Win exe
- application name: BoxTools
- application version: 4.28.1.1163
- metric collection url: https://client-log.box.com/index.php?rm=box_gen204_json_record
- metric data path: C:\Users\pcedillo\AppData\Local\Box\Box Tools\Metrics\BoxTools_Metrics_EFD61745.db
- post callback: 05945A26
- log callback: 05945A9E
- context: 00000000
- post interval in seconds: 600
- max records in a post: 100
- max db records: 500
- disable sender: true
[2025-05-07 12:56:06,550] [43   ] [INFO ] [] - Shutting down the metrics collector
[2025-05-07 13:06:06,516] [64   ] [INFO ] [] - Initializing the metrics collector
[2025-05-07 13:06:06,534] [64   ] [INFO ] [] - MetricsCollector::Sender(49): _disableSentMetrics 1
[2025-05-07 13:06:06,536] [64   ] [INFO ] [] - MetricsCollector::Initialize(231): Initialized metrics collector
- session id: d24a9342-5ca6-49b8-b791-21820418c456
- device id: 4ca35884-a93a-48fc-ad16-80b2a90aa32e
- application id: Box Tools Win exe
- application name: BoxTools
- application version: 4.28.1.1163
- metric collection url: https://client-log.box.com/index.php?rm=box_gen204_json_record
- metric data path: C:\Users\pcedillo\AppData\Local\Box\Box Tools\Metrics\BoxTools_Metrics_EFD61745.db
- post callback: 05945A26
- log callback: 05945A9E
- context: 00000000
- post interval in seconds: 600
- max records in a post: 100
- max db records: 500
- disable sender: true
[2025-05-07 13:06:06,548] [64   ] [INFO ] [] - Shutting down the metrics collector
[2025-05-07 15:12:16,061] [63   ] [INFO ] [] - Initializing the metrics collector
[2025-05-07 15:12:16,307] [63   ] [INFO ] [] - MetricsCollector::Sender(49): _disableSentMetrics 1
[2025-05-07 15:12:16,315] [63   ] [INFO ] [] - MetricsCollector::Initialize(231): Initialized metrics collector
- session id: d24a9342-5ca6-49b8-b791-21820418c456
- device id: 4ca35884-a93a-48fc-ad16-80b2a90aa32e
- application id: Box Tools Win exe
- application name: BoxTools
- application version: 4.28.1.1163
- metric collection url: https://client-log.box.com/index.php?rm=box_gen204_json_record
- metric data path: C:\Users\pcedillo\AppData\Local\Box\Box Tools\Metrics\BoxTools_Metrics_EFD61745.db
- post callback: 05945A26
- log callback: 05945A9E
- context: 00000000
- post interval in seconds: 600
- max records in a post: 100
- max db records: 500
- disable sender: true
[2025-05-07 15:12:18,142] [63   ] [INFO ] [] - Shutting down the metrics collector
[2025-05-07 15:22:15,624] [63   ] [INFO ] [] - Initializing the metrics collector
[2025-05-07 15:22:15,648] [63   ] [INFO ] [] - MetricsCollector::Sender(49): _disableSentMetrics 1
[2025-05-07 15:22:15,650] [63   ] [INFO ] [] - MetricsCollector::Initialize(231): Initialized metrics collector
- session id: d24a9342-5ca6-49b8-b791-21820418c456
- device id: 4ca35884-a93a-48fc-ad16-80b2a90aa32e
- application id: Box Tools Win exe
- application name: BoxTools
- application version: 4.28.1.1163
- metric collection url: https://client-log.box.com/index.php?rm=box_gen204_json_record
- metric data path: C:\Users\pcedillo\AppData\Local\Box\Box Tools\Metrics\BoxTools_Metrics_EFD61745.db
- post callback: 05945A26
- log callback: 05945A9E
- context: 00000000
- post interval in seconds: 600
- max records in a post: 100
- max db records: 500
- disable sender: true
[2025-05-07 15:22:15,669] [63   ] [INFO ] [] - Shutting down the metrics collector
[2025-05-07 15:32:15,595] [43   ] [INFO ] [] - Initializing the metrics collector
[2025-05-07 15:32:15,612] [43   ] [INFO ] [] - MetricsCollector::Sender(49): _disableSentMetrics 1
[2025-05-07 15:32:15,612] [43   ] [INFO ] [] - MetricsCollector::Initialize(231): Initialized metrics collector
- session id: d24a9342-5ca6-49b8-b791-21820418c456
- device id: 4ca35884-a93a-48fc-ad16-80b2a90aa32e
- application id: Box Tools Win exe
- application name: BoxTools
- application version: 4.28.1.1163
- metric collection url: https://client-log.box.com/index.php?rm=box_gen204_json_record
- metric data path: C:\Users\pcedillo\AppData\Local\Box\Box Tools\Metrics\BoxTools_Metrics_EFD61745.db
- post callback: 05945A26
- log callback: 05945A9E
- context: 00000000
- post interval in seconds: 600
- max records in a post: 100
- max db records: 500
- disable sender: true
[2025-05-07 15:32:15,640] [43   ] [INFO ] [] - Shutting down the metrics collector
[2025-05-07 15:42:15,625] [64   ] [INFO ] [] - Initializing the metrics collector
[2025-05-07 15:42:15,640] [64   ] [INFO ] [] - MetricsCollector::Sender(49): _disableSentMetrics 1
[2025-05-07 15:42:15,640] [64   ] [INFO ] [] - MetricsCollector::Initialize(231): Initialized metrics collector
- session id: d24a9342-5ca6-49b8-b791-21820418c456
- device id: 4ca35884-a93a-48fc-ad16-80b2a90aa32e
- application id: Box Tools Win exe
- application name: BoxTools
- application version: 4.28.1.1163
- metric collection url: https://client-log.box.com/index.php?rm=box_gen204_json_record
- metric data path: C:\Users\pcedillo\AppData\Local\Box\Box Tools\Metrics\BoxTools_Metrics_EFD61745.db
- post callback: 05945A26
- log callback: 05945A9E
- context: 00000000
- post interval in seconds: 600
- max records in a post: 100
- max db records: 500
- disable sender: true
[2025-05-07 15:42:15,656] [64   ] [INFO ] [] - Shutting down the metrics collector
[2025-05-07 15:52:15,590] [58   ] [INFO ] [] - Initializing the metrics collector
[2025-05-07 15:52:15,607] [58   ] [INFO ] [] - MetricsCollector::Sender(49): _disableSentMetrics 1
[2025-05-07 15:52:15,607] [58   ] [INFO ] [] - MetricsCollector::Initialize(231): Initialized metrics collector
- session id: d24a9342-5ca6-49b8-b791-21820418c456
- device id: 4ca35884-a93a-48fc-ad16-80b2a90aa32e
- application id: Box Tools Win exe
- application name: BoxTools
- application version: 4.28.1.1163
- metric collection url: https://client-log.box.com/index.php?rm=box_gen204_json_record
- metric data path: C:\Users\pcedillo\AppData\Local\Box\Box Tools\Metrics\BoxTools_Metrics_EFD61745.db
- post callback: 05945A26
- log callback: 05945A9E
- context: 00000000
- post interval in seconds: 600
- max records in a post: 100
- max db records: 500
- disable sender: true
[2025-05-07 15:52:15,622] [58   ] [INFO ] [] - Shutting down the metrics collector
[2025-05-07 16:02:15,604] [59   ] [INFO ] [] - Initializing the metrics collector
[2025-05-07 16:02:15,625] [59   ] [INFO ] [] - MetricsCollector::Sender(49): _disableSentMetrics 1
[2025-05-07 16:02:15,625] [59   ] [INFO ] [] - MetricsCollector::Initialize(231): Initialized metrics collector
- session id: d24a9342-5ca6-49b8-b791-21820418c456
- device id: 4ca35884-a93a-48fc-ad16-80b2a90aa32e
- application id: Box Tools Win exe
- application name: BoxTools
- application version: 4.28.1.1163
- metric collection url: https://client-log.box.com/index.php?rm=box_gen204_json_record
- metric data path: C:\Users\pcedillo\AppData\Local\Box\Box Tools\Metrics\BoxTools_Metrics_EFD61745.db
- post callback: 05945A26
- log callback: 05945A9E
- context: 00000000
- post interval in seconds: 600
- max records in a post: 100
- max db records: 500
- disable sender: true
[2025-05-07 16:02:15,644] [59   ] [INFO ] [] - Shutting down the metrics collector
[2025-05-07 16:12:15,569] [67   ] [INFO ] [] - Initializing the metrics collector
[2025-05-07 16:12:15,584] [67   ] [INFO ] [] - MetricsCollector::Sender(49): _disableSentMetrics 1
[2025-05-07 16:12:15,584] [67   ] [INFO ] [] - MetricsCollector::Initialize(231): Initialized metrics collector
- session id: d24a9342-5ca6-49b8-b791-21820418c456
- device id: 4ca35884-a93a-48fc-ad16-80b2a90aa32e
- application id: Box Tools Win exe
- application name: BoxTools
- application version: 4.28.1.1163
- metric collection url: https://client-log.box.com/index.php?rm=box_gen204_json_record
- metric data path: C:\Users\pcedillo\AppData\Local\Box\Box Tools\Metrics\BoxTools_Metrics_EFD61745.db
- post callback: 05945A26
- log callback: 05945A9E
- context: 00000000
- post interval in seconds: 600
- max records in a post: 100
- max db records: 500
- disable sender: true
[2025-05-07 16:12:15,602] [67   ] [INFO ] [] - Shutting down the metrics collector
[2025-05-07 16:22:15,568] [60   ] [INFO ] [] - Initializing the metrics collector
[2025-05-07 16:22:15,584] [60   ] [INFO ] [] - MetricsCollector::Sender(49): _disableSentMetrics 1
[2025-05-07 16:22:15,584] [60   ] [INFO ] [] - MetricsCollector::Initialize(231): Initialized metrics collector
- session id: d24a9342-5ca6-49b8-b791-21820418c456
- device id: 4ca35884-a93a-48fc-ad16-80b2a90aa32e
- application id: Box Tools Win exe
- application name: BoxTools
- application version: 4.28.1.1163
- metric collection url: https://client-log.box.com/index.php?rm=box_gen204_json_record
- metric data path: C:\Users\pcedillo\AppData\Local\Box\Box Tools\Metrics\BoxTools_Metrics_EFD61745.db
- post callback: 05945A26
- log callback: 05945A9E
- context: 00000000
- post interval in seconds: 600
- max records in a post: 100
- max db records: 500
- disable sender: true
[2025-05-07 16:22:15,600] [60   ] [INFO ] [] - Shutting down the metrics collector
[2025-05-07 16:32:15,543] [65   ] [INFO ] [] - Initializing the metrics collector
[2025-05-07 16:32:15,559] [65   ] [INFO ] [] - MetricsCollector::Sender(49): _disableSentMetrics 1
[2025-05-07 16:32:15,559] [65   ] [INFO ] [] - MetricsCollector::Initialize(231): Initialized metrics collector
- session id: d24a9342-5ca6-49b8-b791-21820418c456
- device id: 4ca35884-a93a-48fc-ad16-80b2a90aa32e
- application id: Box Tools Win exe
- application name: BoxTools
- application version: 4.28.1.1163
- metric collection url: https://client-log.box.com/index.php?rm=box_gen204_json_record
- metric data path: C:\Users\pcedillo\AppData\Local\Box\Box Tools\Metrics\BoxTools_Metrics_EFD61745.db
- post callback: 05945A26
- log callback: 05945A9E
- context: 00000000
- post interval in seconds: 600
- max records in a post: 100
- max db records: 500
- disable sender: true
[2025-05-07 16:32:15,575] [65   ] [INFO ] [] - Shutting down the metrics collector
[2025-05-07 16:42:15,527] [35   ] [INFO ] [] - Initializing the metrics collector
[2025-05-07 16:42:15,547] [35   ] [INFO ] [] - MetricsCollector::Sender(49): _disableSentMetrics 1
[2025-05-07 16:42:15,547] [35   ] [INFO ] [] - MetricsCollector::Initialize(231): Initialized metrics collector
- session id: d24a9342-5ca6-49b8-b791-21820418c456
- device id: 4ca35884-a93a-48fc-ad16-80b2a90aa32e
- application id: Box Tools Win exe
- application name: BoxTools
- application version: 4.28.1.1163
- metric collection url: https://client-log.box.com/index.php?rm=box_gen204_json_record
- metric data path: C:\Users\pcedillo\AppData\Local\Box\Box Tools\Metrics\BoxTools_Metrics_EFD61745.db
- post callback: 05945A26
- log callback: 05945A9E
- context: 00000000
- post interval in seconds: 600
- max records in a post: 100
- max db records: 500
- disable sender: true
[2025-05-07 16:42:15,563] [35   ] [INFO ] [] - Shutting down the metrics collector
[2025-05-07 16:52:15,511] [36   ] [INFO ] [] - Initializing the metrics collector
[2025-05-07 16:52:15,525] [36   ] [INFO ] [] - MetricsCollector::Sender(49): _disableSentMetrics 1
[2025-05-07 16:52:15,525] [36   ] [INFO ] [] - MetricsCollector::Initialize(231): Initialized metrics collector
- session id: d24a9342-5ca6-49b8-b791-21820418c456
- device id: 4ca35884-a93a-48fc-ad16-80b2a90aa32e
- application id: Box Tools Win exe
- application name: BoxTools
- application version: 4.28.1.1163
- metric collection url: https://client-log.box.com/index.php?rm=box_gen204_json_record
- metric data path: C:\Users\pcedillo\AppData\Local\Box\Box Tools\Metrics\BoxTools_Metrics_EFD61745.db
- post callback: 05945A26
- log callback: 05945A9E
- context: 00000000
- post interval in seconds: 600
- max records in a post: 100
- max db records: 500
- disable sender: true
[2025-05-07 16:52:15,541] [36   ] [INFO ] [] - Shutting down the metrics collector
