[2025-03-16 20:27:05,305] [16   ] [INFO ] [] - Initializing the metrics collector
[2025-03-16 20:27:05,339] [16   ] [INFO ] [] - MetricsCollector::Sender(49): _disableSentMetrics 1
[2025-03-16 20:27:05,341] [16   ] [INFO ] [] - MetricsCollector::Initialize(231): Initialized metrics collector
- session id: 7610b6f9-d24d-437e-b6ac-02332a73a894
- device id: 4ca35884-a93a-48fc-ad16-80b2a90aa32e
- application id: Box Tools Win exe
- application name: BoxTools
- application version: 4.28.1.1163
- metric collection url: https://client-log.box.com/index.php?rm=box_gen204_json_record
- metric data path: C:\Users\pcedillo\AppData\Local\Box\Box Tools\Metrics\BoxTools_Metrics_EFD61745.db
- post callback: 04F45A9E
- log callback: 04F45AEE
- context: 00000000
- post interval in seconds: 600
- max records in a post: 100
- max db records: 500
- disable sender: true
[2025-03-16 20:27:05,357] [16   ] [INFO ] [] - Shutting down the metrics collector
[2025-03-16 20:37:05,315] [3    ] [INFO ] [] - Initializing the metrics collector
[2025-03-16 20:37:05,332] [3    ] [INFO ] [] - MetricsCollector::Sender(49): _disableSentMetrics 1
[2025-03-16 20:37:05,333] [3    ] [INFO ] [] - MetricsCollector::Initialize(231): Initialized metrics collector
- session id: 7610b6f9-d24d-437e-b6ac-02332a73a894
- device id: 4ca35884-a93a-48fc-ad16-80b2a90aa32e
- application id: Box Tools Win exe
- application name: BoxTools
- application version: 4.28.1.1163
- metric collection url: https://client-log.box.com/index.php?rm=box_gen204_json_record
- metric data path: C:\Users\pcedillo\AppData\Local\Box\Box Tools\Metrics\BoxTools_Metrics_EFD61745.db
- post callback: 04F45A9E
- log callback: 04F45AEE
- context: 00000000
- post interval in seconds: 600
- max records in a post: 100
- max db records: 500
- disable sender: true
[2025-03-16 20:37:05,350] [3    ] [INFO ] [] - Shutting down the metrics collector
[2025-03-16 20:47:05,332] [16   ] [INFO ] [] - Initializing the metrics collector
[2025-03-16 20:47:05,350] [16   ] [INFO ] [] - MetricsCollector::Sender(49): _disableSentMetrics 1
[2025-03-16 20:47:05,351] [16   ] [INFO ] [] - MetricsCollector::Initialize(231): Initialized metrics collector
- session id: 7610b6f9-d24d-437e-b6ac-02332a73a894
- device id: 4ca35884-a93a-48fc-ad16-80b2a90aa32e
- application id: Box Tools Win exe
- application name: BoxTools
- application version: 4.28.1.1163
- metric collection url: https://client-log.box.com/index.php?rm=box_gen204_json_record
- metric data path: C:\Users\pcedillo\AppData\Local\Box\Box Tools\Metrics\BoxTools_Metrics_EFD61745.db
- post callback: 04F45A9E
- log callback: 04F45AEE
- context: 00000000
- post interval in seconds: 600
- max records in a post: 100
- max db records: 500
- disable sender: true
[2025-03-16 20:47:05,371] [16   ] [INFO ] [] - Shutting down the metrics collector
[2025-03-16 20:57:05,348] [41   ] [INFO ] [] - Initializing the metrics collector
[2025-03-16 20:57:05,366] [41   ] [INFO ] [] - MetricsCollector::Sender(49): _disableSentMetrics 1
[2025-03-16 20:57:05,367] [41   ] [INFO ] [] - MetricsCollector::Initialize(231): Initialized metrics collector
- session id: 7610b6f9-d24d-437e-b6ac-02332a73a894
- device id: 4ca35884-a93a-48fc-ad16-80b2a90aa32e
- application id: Box Tools Win exe
- application name: BoxTools
- application version: 4.28.1.1163
- metric collection url: https://client-log.box.com/index.php?rm=box_gen204_json_record
- metric data path: C:\Users\pcedillo\AppData\Local\Box\Box Tools\Metrics\BoxTools_Metrics_EFD61745.db
- post callback: 04F45A9E
- log callback: 04F45AEE
- context: 00000000
- post interval in seconds: 600
- max records in a post: 100
- max db records: 500
- disable sender: true
[2025-03-16 20:57:05,385] [41   ] [INFO ] [] - Shutting down the metrics collector
[2025-03-16 21:07:05,350] [39   ] [INFO ] [] - Initializing the metrics collector
[2025-03-16 21:07:05,363] [39   ] [INFO ] [] - MetricsCollector::Sender(49): _disableSentMetrics 1
[2025-03-16 21:07:05,366] [39   ] [INFO ] [] - MetricsCollector::Initialize(231): Initialized metrics collector
- session id: 7610b6f9-d24d-437e-b6ac-02332a73a894
- device id: 4ca35884-a93a-48fc-ad16-80b2a90aa32e
- application id: Box Tools Win exe
- application name: BoxTools
- application version: 4.28.1.1163
- metric collection url: https://client-log.box.com/index.php?rm=box_gen204_json_record
- metric data path: C:\Users\pcedillo\AppData\Local\Box\Box Tools\Metrics\BoxTools_Metrics_EFD61745.db
- post callback: 04F45A9E
- log callback: 04F45AEE
- context: 00000000
- post interval in seconds: 600
- max records in a post: 100
- max db records: 500
- disable sender: true
[2025-03-16 21:07:05,377] [39   ] [INFO ] [] - Shutting down the metrics collector
[2025-03-16 21:17:05,361] [16   ] [INFO ] [] - Initializing the metrics collector
[2025-03-16 21:17:05,375] [16   ] [INFO ] [] - MetricsCollector::Sender(49): _disableSentMetrics 1
[2025-03-16 21:17:05,375] [16   ] [INFO ] [] - MetricsCollector::Initialize(231): Initialized metrics collector
- session id: 7610b6f9-d24d-437e-b6ac-02332a73a894
- device id: 4ca35884-a93a-48fc-ad16-80b2a90aa32e
- application id: Box Tools Win exe
- application name: BoxTools
- application version: 4.28.1.1163
- metric collection url: https://client-log.box.com/index.php?rm=box_gen204_json_record
- metric data path: C:\Users\pcedillo\AppData\Local\Box\Box Tools\Metrics\BoxTools_Metrics_EFD61745.db
- post callback: 04F45A9E
- log callback: 04F45AEE
- context: 00000000
- post interval in seconds: 600
- max records in a post: 100
- max db records: 500
- disable sender: true
[2025-03-16 21:17:05,388] [16   ] [INFO ] [] - Shutting down the metrics collector
[2025-03-16 21:27:05,378] [13   ] [INFO ] [] - Initializing the metrics collector
[2025-03-16 21:27:05,384] [13   ] [INFO ] [] - MetricsCollector::Sender(49): _disableSentMetrics 1
[2025-03-16 21:27:05,385] [13   ] [INFO ] [] - MetricsCollector::Initialize(231): Initialized metrics collector
- session id: 7610b6f9-d24d-437e-b6ac-02332a73a894
- device id: 4ca35884-a93a-48fc-ad16-80b2a90aa32e
- application id: Box Tools Win exe
- application name: BoxTools
- application version: 4.28.1.1163
- metric collection url: https://client-log.box.com/index.php?rm=box_gen204_json_record
- metric data path: C:\Users\pcedillo\AppData\Local\Box\Box Tools\Metrics\BoxTools_Metrics_EFD61745.db
- post callback: 04F45A9E
- log callback: 04F45AEE
- context: 00000000
- post interval in seconds: 600
- max records in a post: 100
- max db records: 500
- disable sender: true
[2025-03-16 21:27:05,392] [13   ] [INFO ] [] - Shutting down the metrics collector
[2025-03-16 21:37:05,381] [12   ] [INFO ] [] - Initializing the metrics collector
[2025-03-16 21:37:05,392] [12   ] [INFO ] [] - MetricsCollector::Sender(49): _disableSentMetrics 1
[2025-03-16 21:37:05,393] [12   ] [INFO ] [] - MetricsCollector::Initialize(231): Initialized metrics collector
- session id: 7610b6f9-d24d-437e-b6ac-02332a73a894
- device id: 4ca35884-a93a-48fc-ad16-80b2a90aa32e
- application id: Box Tools Win exe
- application name: BoxTools
- application version: 4.28.1.1163
- metric collection url: https://client-log.box.com/index.php?rm=box_gen204_json_record
- metric data path: C:\Users\pcedillo\AppData\Local\Box\Box Tools\Metrics\BoxTools_Metrics_EFD61745.db
- post callback: 04F45A9E
- log callback: 04F45AEE
- context: 00000000
- post interval in seconds: 600
- max records in a post: 100
- max db records: 500
- disable sender: true
[2025-03-16 21:37:05,403] [12   ] [INFO ] [] - Shutting down the metrics collector
[2025-03-16 21:47:05,501] [13   ] [INFO ] [] - Initializing the metrics collector
[2025-03-16 21:47:05,518] [13   ] [INFO ] [] - MetricsCollector::Sender(49): _disableSentMetrics 1
[2025-03-16 21:47:05,518] [13   ] [INFO ] [] - MetricsCollector::Initialize(231): Initialized metrics collector
- session id: 7610b6f9-d24d-437e-b6ac-02332a73a894
- device id: 4ca35884-a93a-48fc-ad16-80b2a90aa32e
- application id: Box Tools Win exe
- application name: BoxTools
- application version: 4.28.1.1163
- metric collection url: https://client-log.box.com/index.php?rm=box_gen204_json_record
- metric data path: C:\Users\pcedillo\AppData\Local\Box\Box Tools\Metrics\BoxTools_Metrics_EFD61745.db
- post callback: 04F45A9E
- log callback: 04F45AEE
- context: 00000000
- post interval in seconds: 600
- max records in a post: 100
- max db records: 500
- disable sender: true
[2025-03-16 21:47:05,535] [13   ] [INFO ] [] - Shutting down the metrics collector
