[2025-02-21 00:09:43,586] [59   ] [INFO ] [] - Initializing the metrics collector
[2025-02-21 00:09:43,607] [59   ] [INFO ] [] - MetricsCollector::Sender(49): _disableSentMetrics 1
[2025-02-21 00:09:43,608] [59   ] [INFO ] [] - MetricsCollector::Initialize(231): Initialized metrics collector
- session id: 6b5931f1-ea3d-48ca-b31e-cbdb266bcb86
- device id: 4ca35884-a93a-48fc-ad16-80b2a90aa32e
- application id: Box Tools Win exe
- application name: BoxTools
- application version: 4.28.0.1161
- metric collection url: https://client-log.box.com/index.php?rm=box_gen204_json_record
- metric data path: C:\Users\pcedillo\AppData\Local\Box\Box Tools\Metrics\BoxTools_Metrics.db
- post callback: 05995D6E
- log callback: 05995A26
- context: 00000000
- post interval in seconds: 600
- max records in a post: 100
- max db records: 500
- disable sender: true
[2025-02-21 00:09:43,620] [59   ] [INFO ] [] - Shutting down the metrics collector
[2025-02-21 00:19:43,583] [60   ] [INFO ] [] - Initializing the metrics collector
[2025-02-21 00:19:43,596] [60   ] [INFO ] [] - MetricsCollector::Sender(49): _disableSentMetrics 1
[2025-02-21 00:19:43,597] [60   ] [INFO ] [] - MetricsCollector::Initialize(231): Initialized metrics collector
- session id: 6b5931f1-ea3d-48ca-b31e-cbdb266bcb86
- device id: 4ca35884-a93a-48fc-ad16-80b2a90aa32e
- application id: Box Tools Win exe
- application name: BoxTools
- application version: 4.28.0.1161
- metric collection url: https://client-log.box.com/index.php?rm=box_gen204_json_record
- metric data path: C:\Users\pcedillo\AppData\Local\Box\Box Tools\Metrics\BoxTools_Metrics.db
- post callback: 05995D6E
- log callback: 05995A26
- context: 00000000
- post interval in seconds: 600
- max records in a post: 100
- max db records: 500
- disable sender: true
[2025-02-21 00:19:43,610] [60   ] [INFO ] [] - Shutting down the metrics collector
[2025-02-21 00:29:43,582] [61   ] [INFO ] [] - Initializing the metrics collector
[2025-02-21 00:29:43,597] [61   ] [INFO ] [] - MetricsCollector::Sender(49): _disableSentMetrics 1
[2025-02-21 00:29:43,597] [61   ] [INFO ] [] - MetricsCollector::Initialize(231): Initialized metrics collector
- session id: 6b5931f1-ea3d-48ca-b31e-cbdb266bcb86
- device id: 4ca35884-a93a-48fc-ad16-80b2a90aa32e
- application id: Box Tools Win exe
- application name: BoxTools
- application version: 4.28.0.1161
- metric collection url: https://client-log.box.com/index.php?rm=box_gen204_json_record
- metric data path: C:\Users\pcedillo\AppData\Local\Box\Box Tools\Metrics\BoxTools_Metrics.db
- post callback: 05995D6E
- log callback: 05995A26
- context: 00000000
- post interval in seconds: 600
- max records in a post: 100
- max db records: 500
- disable sender: true
[2025-02-21 00:29:43,611] [61   ] [INFO ] [] - Shutting down the metrics collector
[2025-02-21 00:39:43,571] [62   ] [INFO ] [] - Initializing the metrics collector
[2025-02-21 00:39:43,579] [62   ] [INFO ] [] - MetricsCollector::Sender(49): _disableSentMetrics 1
[2025-02-21 00:39:43,579] [62   ] [INFO ] [] - MetricsCollector::Initialize(231): Initialized metrics collector
- session id: 6b5931f1-ea3d-48ca-b31e-cbdb266bcb86
- device id: 4ca35884-a93a-48fc-ad16-80b2a90aa32e
- application id: Box Tools Win exe
- application name: BoxTools
- application version: 4.28.0.1161
- metric collection url: https://client-log.box.com/index.php?rm=box_gen204_json_record
- metric data path: C:\Users\pcedillo\AppData\Local\Box\Box Tools\Metrics\BoxTools_Metrics.db
- post callback: 05995D6E
- log callback: 05995A26
- context: 00000000
- post interval in seconds: 600
- max records in a post: 100
- max db records: 500
- disable sender: true
[2025-02-21 00:39:43,592] [62   ] [INFO ] [] - Shutting down the metrics collector
[2025-02-21 00:49:43,578] [63   ] [INFO ] [] - Initializing the metrics collector
[2025-02-21 00:49:43,589] [63   ] [INFO ] [] - MetricsCollector::Sender(49): _disableSentMetrics 1
[2025-02-21 00:49:43,589] [63   ] [INFO ] [] - MetricsCollector::Initialize(231): Initialized metrics collector
- session id: 6b5931f1-ea3d-48ca-b31e-cbdb266bcb86
- device id: 4ca35884-a93a-48fc-ad16-80b2a90aa32e
- application id: Box Tools Win exe
- application name: BoxTools
- application version: 4.28.0.1161
- metric collection url: https://client-log.box.com/index.php?rm=box_gen204_json_record
- metric data path: C:\Users\pcedillo\AppData\Local\Box\Box Tools\Metrics\BoxTools_Metrics.db
- post callback: 05995D6E
- log callback: 05995A26
- context: 00000000
- post interval in seconds: 600
- max records in a post: 100
- max db records: 500
- disable sender: true
[2025-02-21 00:49:43,596] [63   ] [INFO ] [] - Shutting down the metrics collector
[2025-02-21 00:59:43,588] [64   ] [INFO ] [] - Initializing the metrics collector
[2025-02-21 00:59:43,596] [64   ] [INFO ] [] - MetricsCollector::Sender(49): _disableSentMetrics 1
[2025-02-21 00:59:43,597] [64   ] [INFO ] [] - MetricsCollector::Initialize(231): Initialized metrics collector
- session id: 6b5931f1-ea3d-48ca-b31e-cbdb266bcb86
- device id: 4ca35884-a93a-48fc-ad16-80b2a90aa32e
- application id: Box Tools Win exe
- application name: BoxTools
- application version: 4.28.0.1161
- metric collection url: https://client-log.box.com/index.php?rm=box_gen204_json_record
- metric data path: C:\Users\pcedillo\AppData\Local\Box\Box Tools\Metrics\BoxTools_Metrics.db
- post callback: 05995D6E
- log callback: 05995A26
- context: 00000000
- post interval in seconds: 600
- max records in a post: 100
- max db records: 500
- disable sender: true
[2025-02-21 00:59:43,603] [64   ] [INFO ] [] - Shutting down the metrics collector
[2025-02-21 01:09:43,590] [65   ] [INFO ] [] - Initializing the metrics collector
[2025-02-21 01:09:43,604] [65   ] [INFO ] [] - MetricsCollector::Sender(49): _disableSentMetrics 1
[2025-02-21 01:09:43,605] [65   ] [INFO ] [] - MetricsCollector::Initialize(231): Initialized metrics collector
- session id: 6b5931f1-ea3d-48ca-b31e-cbdb266bcb86
- device id: 4ca35884-a93a-48fc-ad16-80b2a90aa32e
- application id: Box Tools Win exe
- application name: BoxTools
- application version: 4.28.0.1161
- metric collection url: https://client-log.box.com/index.php?rm=box_gen204_json_record
- metric data path: C:\Users\pcedillo\AppData\Local\Box\Box Tools\Metrics\BoxTools_Metrics.db
- post callback: 05995D6E
- log callback: 05995A26
- context: 00000000
- post interval in seconds: 600
- max records in a post: 100
- max db records: 500
- disable sender: true
[2025-02-21 01:09:43,620] [65   ] [INFO ] [] - Shutting down the metrics collector
[2025-02-21 01:19:51,487] [66   ] [INFO ] [] - Initializing the metrics collector
[2025-02-21 01:19:51,496] [66   ] [INFO ] [] - MetricsCollector::Sender(49): _disableSentMetrics 1
[2025-02-21 01:19:51,496] [66   ] [INFO ] [] - MetricsCollector::Initialize(231): Initialized metrics collector
- session id: 6b5931f1-ea3d-48ca-b31e-cbdb266bcb86
- device id: 4ca35884-a93a-48fc-ad16-80b2a90aa32e
- application id: Box Tools Win exe
- application name: BoxTools
- application version: 4.28.0.1161
- metric collection url: https://client-log.box.com/index.php?rm=box_gen204_json_record
- metric data path: C:\Users\pcedillo\AppData\Local\Box\Box Tools\Metrics\BoxTools_Metrics.db
- post callback: 05995D6E
- log callback: 05995A26
- context: 00000000
- post interval in seconds: 600
- max records in a post: 100
- max db records: 500
- disable sender: true
[2025-02-21 01:19:51,511] [66   ] [INFO ] [] - Shutting down the metrics collector
[2025-02-21 01:29:51,408] [67   ] [INFO ] [] - Initializing the metrics collector
[2025-02-21 01:29:51,414] [67   ] [INFO ] [] - MetricsCollector::Sender(49): _disableSentMetrics 1
[2025-02-21 01:29:51,415] [67   ] [INFO ] [] - MetricsCollector::Initialize(231): Initialized metrics collector
- session id: 6b5931f1-ea3d-48ca-b31e-cbdb266bcb86
- device id: 4ca35884-a93a-48fc-ad16-80b2a90aa32e
- application id: Box Tools Win exe
- application name: BoxTools
- application version: 4.28.0.1161
- metric collection url: https://client-log.box.com/index.php?rm=box_gen204_json_record
- metric data path: C:\Users\pcedillo\AppData\Local\Box\Box Tools\Metrics\BoxTools_Metrics.db
- post callback: 05995D6E
- log callback: 05995A26
- context: 00000000
- post interval in seconds: 600
- max records in a post: 100
- max db records: 500
- disable sender: true
[2025-02-21 01:29:51,420] [67   ] [INFO ] [] - Shutting down the metrics collector
[2025-02-21 01:39:51,124] [56   ] [INFO ] [] - Initializing the metrics collector
[2025-02-21 01:39:51,158] [56   ] [INFO ] [] - MetricsCollector::Sender(49): _disableSentMetrics 1
[2025-02-21 01:39:51,158] [56   ] [INFO ] [] - MetricsCollector::Initialize(231): Initialized metrics collector
- session id: 6b5931f1-ea3d-48ca-b31e-cbdb266bcb86
- device id: 4ca35884-a93a-48fc-ad16-80b2a90aa32e
- application id: Box Tools Win exe
- application name: BoxTools
- application version: 4.28.0.1161
- metric collection url: https://client-log.box.com/index.php?rm=box_gen204_json_record
- metric data path: C:\Users\pcedillo\AppData\Local\Box\Box Tools\Metrics\BoxTools_Metrics.db
- post callback: 05995D6E
- log callback: 05995A26
- context: 00000000
- post interval in seconds: 600
- max records in a post: 100
- max db records: 500
- disable sender: true
[2025-02-21 01:39:51,174] [56   ] [INFO ] [] - Shutting down the metrics collector
[2025-02-21 01:49:51,082] [69   ] [INFO ] [] - Initializing the metrics collector
[2025-02-21 01:49:51,092] [69   ] [INFO ] [] - MetricsCollector::Sender(49): _disableSentMetrics 1
[2025-02-21 01:49:51,092] [69   ] [INFO ] [] - MetricsCollector::Initialize(231): Initialized metrics collector
- session id: 6b5931f1-ea3d-48ca-b31e-cbdb266bcb86
- device id: 4ca35884-a93a-48fc-ad16-80b2a90aa32e
- application id: Box Tools Win exe
- application name: BoxTools
- application version: 4.28.0.1161
- metric collection url: https://client-log.box.com/index.php?rm=box_gen204_json_record
- metric data path: C:\Users\pcedillo\AppData\Local\Box\Box Tools\Metrics\BoxTools_Metrics.db
- post callback: 05995D6E
- log callback: 05995A26
- context: 00000000
- post interval in seconds: 600
- max records in a post: 100
- max db records: 500
- disable sender: true
[2025-02-21 01:49:51,105] [69   ] [INFO ] [] - Shutting down the metrics collector
[2025-02-21 01:59:51,038] [70   ] [INFO ] [] - Initializing the metrics collector
[2025-02-21 01:59:51,053] [70   ] [INFO ] [] - MetricsCollector::Sender(49): _disableSentMetrics 1
[2025-02-21 01:59:51,053] [70   ] [INFO ] [] - MetricsCollector::Initialize(231): Initialized metrics collector
- session id: 6b5931f1-ea3d-48ca-b31e-cbdb266bcb86
- device id: 4ca35884-a93a-48fc-ad16-80b2a90aa32e
- application id: Box Tools Win exe
- application name: BoxTools
- application version: 4.28.0.1161
- metric collection url: https://client-log.box.com/index.php?rm=box_gen204_json_record
- metric data path: C:\Users\pcedillo\AppData\Local\Box\Box Tools\Metrics\BoxTools_Metrics.db
- post callback: 05995D6E
- log callback: 05995A26
- context: 00000000
- post interval in seconds: 600
- max records in a post: 100
- max db records: 500
- disable sender: true
[2025-02-21 01:59:51,067] [70   ] [INFO ] [] - Shutting down the metrics collector
[2025-02-21 02:09:50,973] [71   ] [INFO ] [] - Initializing the metrics collector
[2025-02-21 02:09:50,986] [71   ] [INFO ] [] - MetricsCollector::Sender(49): _disableSentMetrics 1
[2025-02-21 02:09:50,988] [71   ] [INFO ] [] - MetricsCollector::Initialize(231): Initialized metrics collector
- session id: 6b5931f1-ea3d-48ca-b31e-cbdb266bcb86
- device id: 4ca35884-a93a-48fc-ad16-80b2a90aa32e
- application id: Box Tools Win exe
- application name: BoxTools
- application version: 4.28.0.1161
- metric collection url: https://client-log.box.com/index.php?rm=box_gen204_json_record
- metric data path: C:\Users\pcedillo\AppData\Local\Box\Box Tools\Metrics\BoxTools_Metrics.db
- post callback: 05995D6E
- log callback: 05995A26
- context: 00000000
- post interval in seconds: 600
- max records in a post: 100
- max db records: 500
- disable sender: true
[2025-02-21 02:09:51,000] [71   ] [INFO ] [] - Shutting down the metrics collector
[2025-02-21 02:19:50,944] [72   ] [INFO ] [] - Initializing the metrics collector
[2025-02-21 02:19:50,956] [72   ] [INFO ] [] - MetricsCollector::Sender(49): _disableSentMetrics 1
[2025-02-21 02:19:50,957] [72   ] [INFO ] [] - MetricsCollector::Initialize(231): Initialized metrics collector
- session id: 6b5931f1-ea3d-48ca-b31e-cbdb266bcb86
- device id: 4ca35884-a93a-48fc-ad16-80b2a90aa32e
- application id: Box Tools Win exe
- application name: BoxTools
- application version: 4.28.0.1161
- metric collection url: https://client-log.box.com/index.php?rm=box_gen204_json_record
- metric data path: C:\Users\pcedillo\AppData\Local\Box\Box Tools\Metrics\BoxTools_Metrics.db
- post callback: 05995D6E
- log callback: 05995A26
- context: 00000000
- post interval in seconds: 600
- max records in a post: 100
- max db records: 500
- disable sender: true
[2025-02-21 02:19:50,971] [72   ] [INFO ] [] - Shutting down the metrics collector
[2025-02-21 02:29:50,885] [73   ] [INFO ] [] - Initializing the metrics collector
[2025-02-21 02:29:50,899] [73   ] [INFO ] [] - MetricsCollector::Sender(49): _disableSentMetrics 1
[2025-02-21 02:29:50,900] [73   ] [INFO ] [] - MetricsCollector::Initialize(231): Initialized metrics collector
- session id: 6b5931f1-ea3d-48ca-b31e-cbdb266bcb86
- device id: 4ca35884-a93a-48fc-ad16-80b2a90aa32e
- application id: Box Tools Win exe
- application name: BoxTools
- application version: 4.28.0.1161
- metric collection url: https://client-log.box.com/index.php?rm=box_gen204_json_record
- metric data path: C:\Users\pcedillo\AppData\Local\Box\Box Tools\Metrics\BoxTools_Metrics.db
- post callback: 05995D6E
- log callback: 05995A26
- context: 00000000
- post interval in seconds: 600
- max records in a post: 100
- max db records: 500
- disable sender: true
[2025-02-21 02:29:50,909] [73   ] [INFO ] [] - Shutting down the metrics collector
[2025-02-21 02:39:50,876] [74   ] [INFO ] [] - Initializing the metrics collector
[2025-02-21 02:39:50,888] [74   ] [INFO ] [] - MetricsCollector::Sender(49): _disableSentMetrics 1
[2025-02-21 02:39:50,888] [74   ] [INFO ] [] - MetricsCollector::Initialize(231): Initialized metrics collector
- session id: 6b5931f1-ea3d-48ca-b31e-cbdb266bcb86
- device id: 4ca35884-a93a-48fc-ad16-80b2a90aa32e
- application id: Box Tools Win exe
- application name: BoxTools
- application version: 4.28.0.1161
- metric collection url: https://client-log.box.com/index.php?rm=box_gen204_json_record
- metric data path: C:\Users\pcedillo\AppData\Local\Box\Box Tools\Metrics\BoxTools_Metrics.db
- post callback: 05995D6E
- log callback: 05995A26
- context: 00000000
- post interval in seconds: 600
- max records in a post: 100
- max db records: 500
- disable sender: true
[2025-02-21 02:39:50,901] [74   ] [INFO ] [] - Shutting down the metrics collector
[2025-02-21 02:49:50,863] [75   ] [INFO ] [] - Initializing the metrics collector
[2025-02-21 02:49:50,876] [75   ] [INFO ] [] - MetricsCollector::Sender(49): _disableSentMetrics 1
[2025-02-21 02:49:50,878] [75   ] [INFO ] [] - MetricsCollector::Initialize(231): Initialized metrics collector
- session id: 6b5931f1-ea3d-48ca-b31e-cbdb266bcb86
- device id: 4ca35884-a93a-48fc-ad16-80b2a90aa32e
- application id: Box Tools Win exe
- application name: BoxTools
- application version: 4.28.0.1161
- metric collection url: https://client-log.box.com/index.php?rm=box_gen204_json_record
- metric data path: C:\Users\pcedillo\AppData\Local\Box\Box Tools\Metrics\BoxTools_Metrics.db
- post callback: 05995D6E
- log callback: 05995A26
- context: 00000000
- post interval in seconds: 600
- max records in a post: 100
- max db records: 500
- disable sender: true
[2025-02-21 02:49:50,893] [75   ] [INFO ] [] - Shutting down the metrics collector
[2025-02-21 02:59:50,773] [76   ] [INFO ] [] - Initializing the metrics collector
[2025-02-21 02:59:50,782] [76   ] [INFO ] [] - MetricsCollector::Sender(49): _disableSentMetrics 1
[2025-02-21 02:59:50,782] [76   ] [INFO ] [] - MetricsCollector::Initialize(231): Initialized metrics collector
- session id: 6b5931f1-ea3d-48ca-b31e-cbdb266bcb86
- device id: 4ca35884-a93a-48fc-ad16-80b2a90aa32e
- application id: Box Tools Win exe
- application name: BoxTools
- application version: 4.28.0.1161
- metric collection url: https://client-log.box.com/index.php?rm=box_gen204_json_record
- metric data path: C:\Users\pcedillo\AppData\Local\Box\Box Tools\Metrics\BoxTools_Metrics.db
- post callback: 05995D6E
- log callback: 05995A26
- context: 00000000
- post interval in seconds: 600
- max records in a post: 100
- max db records: 500
- disable sender: true
[2025-02-21 02:59:50,790] [76   ] [INFO ] [] - Shutting down the metrics collector
[2025-02-21 03:09:50,728] [75   ] [INFO ] [] - Initializing the metrics collector
[2025-02-21 03:09:50,734] [75   ] [INFO ] [] - MetricsCollector::Sender(49): _disableSentMetrics 1
[2025-02-21 03:09:50,735] [75   ] [INFO ] [] - MetricsCollector::Initialize(231): Initialized metrics collector
- session id: 6b5931f1-ea3d-48ca-b31e-cbdb266bcb86
- device id: 4ca35884-a93a-48fc-ad16-80b2a90aa32e
- application id: Box Tools Win exe
- application name: BoxTools
- application version: 4.28.0.1161
- metric collection url: https://client-log.box.com/index.php?rm=box_gen204_json_record
- metric data path: C:\Users\pcedillo\AppData\Local\Box\Box Tools\Metrics\BoxTools_Metrics.db
- post callback: 05995D6E
- log callback: 05995A26
- context: 00000000
- post interval in seconds: 600
- max records in a post: 100
- max db records: 500
- disable sender: true
[2025-02-21 03:09:50,744] [75   ] [INFO ] [] - Shutting down the metrics collector
[2025-02-21 03:19:50,718] [68   ] [INFO ] [] - Initializing the metrics collector
[2025-02-21 03:19:50,730] [68   ] [INFO ] [] - MetricsCollector::Sender(49): _disableSentMetrics 1
[2025-02-21 03:19:50,731] [68   ] [INFO ] [] - MetricsCollector::Initialize(231): Initialized metrics collector
- session id: 6b5931f1-ea3d-48ca-b31e-cbdb266bcb86
- device id: 4ca35884-a93a-48fc-ad16-80b2a90aa32e
- application id: Box Tools Win exe
- application name: BoxTools
- application version: 4.28.0.1161
- metric collection url: https://client-log.box.com/index.php?rm=box_gen204_json_record
- metric data path: C:\Users\pcedillo\AppData\Local\Box\Box Tools\Metrics\BoxTools_Metrics.db
- post callback: 05995D6E
- log callback: 05995A26
- context: 00000000
- post interval in seconds: 600
- max records in a post: 100
- max db records: 500
- disable sender: true
[2025-02-21 03:19:50,746] [68   ] [INFO ] [] - Shutting down the metrics collector
[2025-02-21 03:29:50,706] [73   ] [INFO ] [] - Initializing the metrics collector
[2025-02-21 03:29:50,720] [73   ] [INFO ] [] - MetricsCollector::Sender(49): _disableSentMetrics 1
[2025-02-21 03:29:50,720] [73   ] [INFO ] [] - MetricsCollector::Initialize(231): Initialized metrics collector
- session id: 6b5931f1-ea3d-48ca-b31e-cbdb266bcb86
- device id: 4ca35884-a93a-48fc-ad16-80b2a90aa32e
- application id: Box Tools Win exe
- application name: BoxTools
- application version: 4.28.0.1161
- metric collection url: https://client-log.box.com/index.php?rm=box_gen204_json_record
- metric data path: C:\Users\pcedillo\AppData\Local\Box\Box Tools\Metrics\BoxTools_Metrics.db
- post callback: 05995D6E
- log callback: 05995A26
- context: 00000000
- post interval in seconds: 600
- max records in a post: 100
- max db records: 500
- disable sender: true
[2025-02-21 03:29:50,734] [73   ] [INFO ] [] - Shutting down the metrics collector
[2025-02-21 03:39:50,627] [72   ] [INFO ] [] - Initializing the metrics collector
[2025-02-21 03:39:50,637] [72   ] [INFO ] [] - MetricsCollector::Sender(49): _disableSentMetrics 1
[2025-02-21 03:39:50,639] [72   ] [INFO ] [] - MetricsCollector::Initialize(231): Initialized metrics collector
- session id: 6b5931f1-ea3d-48ca-b31e-cbdb266bcb86
- device id: 4ca35884-a93a-48fc-ad16-80b2a90aa32e
- application id: Box Tools Win exe
- application name: BoxTools
- application version: 4.28.0.1161
- metric collection url: https://client-log.box.com/index.php?rm=box_gen204_json_record
- metric data path: C:\Users\pcedillo\AppData\Local\Box\Box Tools\Metrics\BoxTools_Metrics.db
- post callback: 05995D6E
- log callback: 05995A26
- context: 00000000
- post interval in seconds: 600
- max records in a post: 100
- max db records: 500
- disable sender: true
[2025-02-21 03:39:50,649] [72   ] [INFO ] [] - Shutting down the metrics collector
[2025-02-21 03:49:50,608] [71   ] [INFO ] [] - Initializing the metrics collector
[2025-02-21 03:49:50,618] [71   ] [INFO ] [] - MetricsCollector::Sender(49): _disableSentMetrics 1
[2025-02-21 03:49:50,618] [71   ] [INFO ] [] - MetricsCollector::Initialize(231): Initialized metrics collector
- session id: 6b5931f1-ea3d-48ca-b31e-cbdb266bcb86
- device id: 4ca35884-a93a-48fc-ad16-80b2a90aa32e
- application id: Box Tools Win exe
- application name: BoxTools
- application version: 4.28.0.1161
- metric collection url: https://client-log.box.com/index.php?rm=box_gen204_json_record
- metric data path: C:\Users\pcedillo\AppData\Local\Box\Box Tools\Metrics\BoxTools_Metrics.db
- post callback: 05995D6E
- log callback: 05995A26
- context: 00000000
- post interval in seconds: 600
- max records in a post: 100
- max db records: 500
- disable sender: true
[2025-02-21 03:49:50,629] [71   ] [INFO ] [] - Shutting down the metrics collector
[2025-02-21 03:59:50,595] [70   ] [INFO ] [] - Initializing the metrics collector
[2025-02-21 03:59:50,609] [70   ] [INFO ] [] - MetricsCollector::Sender(49): _disableSentMetrics 1
[2025-02-21 03:59:50,609] [70   ] [INFO ] [] - MetricsCollector::Initialize(231): Initialized metrics collector
- session id: 6b5931f1-ea3d-48ca-b31e-cbdb266bcb86
- device id: 4ca35884-a93a-48fc-ad16-80b2a90aa32e
- application id: Box Tools Win exe
- application name: BoxTools
- application version: 4.28.0.1161
- metric collection url: https://client-log.box.com/index.php?rm=box_gen204_json_record
- metric data path: C:\Users\pcedillo\AppData\Local\Box\Box Tools\Metrics\BoxTools_Metrics.db
- post callback: 05995D6E
- log callback: 05995A26
- context: 00000000
- post interval in seconds: 600
- max records in a post: 100
- max db records: 500
- disable sender: true
[2025-02-21 03:59:50,622] [70   ] [INFO ] [] - Shutting down the metrics collector
[2025-02-21 04:01:51,814] [74   ] [INFO ] [] - Scheduling next upgrade check: Delay
[2025-02-21 04:01:51,818] [74   ] [INFO ] [] - Next autoupgrade timer will fire after: 1.00:00:00
[2025-02-21 04:01:51,819] [74   ] [INFO ] [] - Checking for upgrade
[2025-02-21 04:01:51,820] [74   ] [INFO ] [] - .NET Version - installed 533320, expected: 528040
[2025-02-21 04:01:51,820] [74   ] [INFO ] [] - result: True
[2025-02-21 04:01:51,822] [74   ] [INFO ] [] - Checking for upgrades
[2025-02-21 04:01:51,823] [74   ] [INFO ] [] - Url used to upgrade: https://cdn07.boxcdn.net/BoxEditAutoupdate2.json
[2025-02-21 04:01:52,057] [74   ] [INFO ] [] - ### current version track name: 4.28.0
[2025-02-21 04:01:52,057] [74   ] [INFO ] [] - No custom track name in registry
[2025-02-21 04:01:52,057] [74   ] [WARN ] [] - Track 4.28.0 not found
[2025-02-21 04:01:52,057] [74   ] [INFO ] [] - Track default for upgrade found
[2025-02-21 04:01:52,058] [74   ] [INFO ] [] - RolloutID set to 23
[2025-02-21 04:01:52,058] [74   ] [INFO ] [] - No upgrade available
[2025-02-21 04:01:52,058] [74   ] [INFO ] [] - Check for updates returned None
[2025-02-21 04:01:52,058] [74   ] [INFO ] [] - Scheduling next upgrade check: Reset
[2025-02-21 04:01:52,058] [74   ] [INFO ] [] - Next autoupgrade timer will fire after: 05:46:00
[2025-02-21 04:09:50,511] [67   ] [INFO ] [] - Initializing the metrics collector
[2025-02-21 04:09:50,520] [67   ] [INFO ] [] - MetricsCollector::Sender(49): _disableSentMetrics 1
[2025-02-21 04:09:50,520] [67   ] [INFO ] [] - MetricsCollector::Initialize(231): Initialized metrics collector
- session id: 6b5931f1-ea3d-48ca-b31e-cbdb266bcb86
- device id: 4ca35884-a93a-48fc-ad16-80b2a90aa32e
- application id: Box Tools Win exe
- application name: BoxTools
- application version: 4.28.0.1161
- metric collection url: https://client-log.box.com/index.php?rm=box_gen204_json_record
- metric data path: C:\Users\pcedillo\AppData\Local\Box\Box Tools\Metrics\BoxTools_Metrics.db
- post callback: 05995D6E
- log callback: 05995A26
- context: 00000000
- post interval in seconds: 600
- max records in a post: 100
- max db records: 500
- disable sender: true
[2025-02-21 04:09:50,532] [67   ] [INFO ] [] - Shutting down the metrics collector
[2025-02-21 04:19:50,495] [66   ] [INFO ] [] - Initializing the metrics collector
[2025-02-21 04:19:50,509] [66   ] [INFO ] [] - MetricsCollector::Sender(49): _disableSentMetrics 1
[2025-02-21 04:19:50,510] [66   ] [INFO ] [] - MetricsCollector::Initialize(231): Initialized metrics collector
- session id: 6b5931f1-ea3d-48ca-b31e-cbdb266bcb86
- device id: 4ca35884-a93a-48fc-ad16-80b2a90aa32e
- application id: Box Tools Win exe
- application name: BoxTools
- application version: 4.28.0.1161
- metric collection url: https://client-log.box.com/index.php?rm=box_gen204_json_record
- metric data path: C:\Users\pcedillo\AppData\Local\Box\Box Tools\Metrics\BoxTools_Metrics.db
- post callback: 05995D6E
- log callback: 05995A26
- context: 00000000
- post interval in seconds: 600
- max records in a post: 100
- max db records: 500
- disable sender: true
[2025-02-21 04:19:50,522] [66   ] [INFO ] [] - Shutting down the metrics collector
[2025-02-21 04:29:50,469] [65   ] [INFO ] [] - Initializing the metrics collector
[2025-02-21 04:29:50,484] [65   ] [INFO ] [] - MetricsCollector::Sender(49): _disableSentMetrics 1
[2025-02-21 04:29:50,484] [65   ] [INFO ] [] - MetricsCollector::Initialize(231): Initialized metrics collector
- session id: 6b5931f1-ea3d-48ca-b31e-cbdb266bcb86
- device id: 4ca35884-a93a-48fc-ad16-80b2a90aa32e
- application id: Box Tools Win exe
- application name: BoxTools
- application version: 4.28.0.1161
- metric collection url: https://client-log.box.com/index.php?rm=box_gen204_json_record
- metric data path: C:\Users\pcedillo\AppData\Local\Box\Box Tools\Metrics\BoxTools_Metrics.db
- post callback: 05995D6E
- log callback: 05995A26
- context: 00000000
- post interval in seconds: 600
- max records in a post: 100
- max db records: 500
- disable sender: true
[2025-02-21 04:29:50,497] [65   ] [INFO ] [] - Shutting down the metrics collector
[2025-02-21 04:39:50,451] [64   ] [INFO ] [] - Initializing the metrics collector
[2025-02-21 04:39:50,462] [64   ] [INFO ] [] - MetricsCollector::Sender(49): _disableSentMetrics 1
[2025-02-21 04:39:50,463] [64   ] [INFO ] [] - MetricsCollector::Initialize(231): Initialized metrics collector
- session id: 6b5931f1-ea3d-48ca-b31e-cbdb266bcb86
- device id: 4ca35884-a93a-48fc-ad16-80b2a90aa32e
- application id: Box Tools Win exe
- application name: BoxTools
- application version: 4.28.0.1161
- metric collection url: https://client-log.box.com/index.php?rm=box_gen204_json_record
- metric data path: C:\Users\pcedillo\AppData\Local\Box\Box Tools\Metrics\BoxTools_Metrics.db
- post callback: 05995D6E
- log callback: 05995A26
- context: 00000000
- post interval in seconds: 600
- max records in a post: 100
- max db records: 500
- disable sender: true
[2025-02-21 04:39:50,477] [64   ] [INFO ] [] - Shutting down the metrics collector
[2025-02-21 04:49:50,385] [63   ] [INFO ] [] - Initializing the metrics collector
[2025-02-21 04:49:50,398] [63   ] [INFO ] [] - MetricsCollector::Sender(49): _disableSentMetrics 1
[2025-02-21 04:49:50,398] [63   ] [INFO ] [] - MetricsCollector::Initialize(231): Initialized metrics collector
- session id: 6b5931f1-ea3d-48ca-b31e-cbdb266bcb86
- device id: 4ca35884-a93a-48fc-ad16-80b2a90aa32e
- application id: Box Tools Win exe
- application name: BoxTools
- application version: 4.28.0.1161
- metric collection url: https://client-log.box.com/index.php?rm=box_gen204_json_record
- metric data path: C:\Users\pcedillo\AppData\Local\Box\Box Tools\Metrics\BoxTools_Metrics.db
- post callback: 05995D6E
- log callback: 05995A26
- context: 00000000
- post interval in seconds: 600
- max records in a post: 100
- max db records: 500
- disable sender: true
[2025-02-21 04:49:50,410] [63   ] [INFO ] [] - Shutting down the metrics collector
[2025-02-21 04:59:50,361] [62   ] [INFO ] [] - Initializing the metrics collector
[2025-02-21 04:59:50,374] [62   ] [INFO ] [] - MetricsCollector::Sender(49): _disableSentMetrics 1
[2025-02-21 04:59:50,376] [62   ] [INFO ] [] - MetricsCollector::Initialize(231): Initialized metrics collector
- session id: 6b5931f1-ea3d-48ca-b31e-cbdb266bcb86
- device id: 4ca35884-a93a-48fc-ad16-80b2a90aa32e
- application id: Box Tools Win exe
- application name: BoxTools
- application version: 4.28.0.1161
- metric collection url: https://client-log.box.com/index.php?rm=box_gen204_json_record
- metric data path: C:\Users\pcedillo\AppData\Local\Box\Box Tools\Metrics\BoxTools_Metrics.db
- post callback: 05995D6E
- log callback: 05995A26
- context: 00000000
- post interval in seconds: 600
- max records in a post: 100
- max db records: 500
- disable sender: true
[2025-02-21 04:59:50,389] [62   ] [INFO ] [] - Shutting down the metrics collector
[2025-02-21 05:09:50,346] [61   ] [INFO ] [] - Initializing the metrics collector
[2025-02-21 05:09:50,356] [61   ] [INFO ] [] - MetricsCollector::Sender(49): _disableSentMetrics 1
[2025-02-21 05:09:50,357] [61   ] [INFO ] [] - MetricsCollector::Initialize(231): Initialized metrics collector
- session id: 6b5931f1-ea3d-48ca-b31e-cbdb266bcb86
- device id: 4ca35884-a93a-48fc-ad16-80b2a90aa32e
- application id: Box Tools Win exe
- application name: BoxTools
- application version: 4.28.0.1161
- metric collection url: https://client-log.box.com/index.php?rm=box_gen204_json_record
- metric data path: C:\Users\pcedillo\AppData\Local\Box\Box Tools\Metrics\BoxTools_Metrics.db
- post callback: 05995D6E
- log callback: 05995A26
- context: 00000000
- post interval in seconds: 600
- max records in a post: 100
- max db records: 500
- disable sender: true
[2025-02-21 05:09:50,364] [61   ] [INFO ] [] - Shutting down the metrics collector
[2025-02-21 05:19:50,284] [60   ] [INFO ] [] - Initializing the metrics collector
[2025-02-21 05:19:50,299] [60   ] [INFO ] [] - MetricsCollector::Sender(49): _disableSentMetrics 1
[2025-02-21 05:19:50,299] [60   ] [INFO ] [] - MetricsCollector::Initialize(231): Initialized metrics collector
- session id: 6b5931f1-ea3d-48ca-b31e-cbdb266bcb86
- device id: 4ca35884-a93a-48fc-ad16-80b2a90aa32e
- application id: Box Tools Win exe
- application name: BoxTools
- application version: 4.28.0.1161
- metric collection url: https://client-log.box.com/index.php?rm=box_gen204_json_record
- metric data path: C:\Users\pcedillo\AppData\Local\Box\Box Tools\Metrics\BoxTools_Metrics.db
- post callback: 05995D6E
- log callback: 05995A26
- context: 00000000
- post interval in seconds: 600
- max records in a post: 100
- max db records: 500
- disable sender: true
[2025-02-21 05:19:50,312] [60   ] [INFO ] [] - Shutting down the metrics collector
[2025-02-21 05:29:50,231] [59   ] [INFO ] [] - Initializing the metrics collector
[2025-02-21 05:29:50,245] [59   ] [INFO ] [] - MetricsCollector::Sender(49): _disableSentMetrics 1
[2025-02-21 05:29:50,247] [59   ] [INFO ] [] - MetricsCollector::Initialize(231): Initialized metrics collector
- session id: 6b5931f1-ea3d-48ca-b31e-cbdb266bcb86
- device id: 4ca35884-a93a-48fc-ad16-80b2a90aa32e
- application id: Box Tools Win exe
- application name: BoxTools
- application version: 4.28.0.1161
- metric collection url: https://client-log.box.com/index.php?rm=box_gen204_json_record
- metric data path: C:\Users\pcedillo\AppData\Local\Box\Box Tools\Metrics\BoxTools_Metrics.db
- post callback: 05995D6E
- log callback: 05995A26
- context: 00000000
- post interval in seconds: 600
- max records in a post: 100
- max db records: 500
- disable sender: true
[2025-02-21 05:29:50,260] [59   ] [INFO ] [] - Shutting down the metrics collector
[2025-02-21 05:39:50,216] [58   ] [INFO ] [] - Initializing the metrics collector
[2025-02-21 05:39:50,230] [58   ] [INFO ] [] - MetricsCollector::Sender(49): _disableSentMetrics 1
[2025-02-21 05:39:50,230] [58   ] [INFO ] [] - MetricsCollector::Initialize(231): Initialized metrics collector
- session id: 6b5931f1-ea3d-48ca-b31e-cbdb266bcb86
- device id: 4ca35884-a93a-48fc-ad16-80b2a90aa32e
- application id: Box Tools Win exe
- application name: BoxTools
- application version: 4.28.0.1161
- metric collection url: https://client-log.box.com/index.php?rm=box_gen204_json_record
- metric data path: C:\Users\pcedillo\AppData\Local\Box\Box Tools\Metrics\BoxTools_Metrics.db
- post callback: 05995D6E
- log callback: 05995A26
- context: 00000000
- post interval in seconds: 600
- max records in a post: 100
- max db records: 500
- disable sender: true
[2025-02-21 05:39:50,242] [58   ] [INFO ] [] - Shutting down the metrics collector
[2025-02-21 05:49:50,180] [57   ] [INFO ] [] - Initializing the metrics collector
[2025-02-21 05:49:50,193] [57   ] [INFO ] [] - MetricsCollector::Sender(49): _disableSentMetrics 1
[2025-02-21 05:49:50,194] [57   ] [INFO ] [] - MetricsCollector::Initialize(231): Initialized metrics collector
- session id: 6b5931f1-ea3d-48ca-b31e-cbdb266bcb86
- device id: 4ca35884-a93a-48fc-ad16-80b2a90aa32e
- application id: Box Tools Win exe
- application name: BoxTools
- application version: 4.28.0.1161
- metric collection url: https://client-log.box.com/index.php?rm=box_gen204_json_record
- metric data path: C:\Users\pcedillo\AppData\Local\Box\Box Tools\Metrics\BoxTools_Metrics.db
- post callback: 05995D6E
- log callback: 05995A26
- context: 00000000
- post interval in seconds: 600
- max records in a post: 100
- max db records: 500
- disable sender: true
[2025-02-21 05:49:50,206] [57   ] [INFO ] [] - Shutting down the metrics collector
[2025-02-21 05:59:50,120] [36   ] [INFO ] [] - Initializing the metrics collector
[2025-02-21 05:59:50,129] [36   ] [INFO ] [] - MetricsCollector::Sender(49): _disableSentMetrics 1
[2025-02-21 05:59:50,130] [36   ] [INFO ] [] - MetricsCollector::Initialize(231): Initialized metrics collector
- session id: 6b5931f1-ea3d-48ca-b31e-cbdb266bcb86
- device id: 4ca35884-a93a-48fc-ad16-80b2a90aa32e
- application id: Box Tools Win exe
- application name: BoxTools
- application version: 4.28.0.1161
- metric collection url: https://client-log.box.com/index.php?rm=box_gen204_json_record
- metric data path: C:\Users\pcedillo\AppData\Local\Box\Box Tools\Metrics\BoxTools_Metrics.db
- post callback: 05995D6E
- log callback: 05995A26
- context: 00000000
- post interval in seconds: 600
- max records in a post: 100
- max db records: 500
- disable sender: true
[2025-02-21 05:59:50,143] [36   ] [INFO ] [] - Shutting down the metrics collector
[2025-02-21 06:09:50,094] [55   ] [INFO ] [] - Initializing the metrics collector
[2025-02-21 06:09:50,105] [55   ] [INFO ] [] - MetricsCollector::Sender(49): _disableSentMetrics 1
[2025-02-21 06:09:50,106] [55   ] [INFO ] [] - MetricsCollector::Initialize(231): Initialized metrics collector
- session id: 6b5931f1-ea3d-48ca-b31e-cbdb266bcb86
- device id: 4ca35884-a93a-48fc-ad16-80b2a90aa32e
- application id: Box Tools Win exe
- application name: BoxTools
- application version: 4.28.0.1161
- metric collection url: https://client-log.box.com/index.php?rm=box_gen204_json_record
- metric data path: C:\Users\pcedillo\AppData\Local\Box\Box Tools\Metrics\BoxTools_Metrics.db
- post callback: 05995D6E
- log callback: 05995A26
- context: 00000000
- post interval in seconds: 600
- max records in a post: 100
- max db records: 500
- disable sender: true
[2025-02-21 06:09:50,119] [55   ] [INFO ] [] - Shutting down the metrics collector
[2025-02-21 06:19:50,085] [54   ] [INFO ] [] - Initializing the metrics collector
[2025-02-21 06:19:50,099] [54   ] [INFO ] [] - MetricsCollector::Sender(49): _disableSentMetrics 1
[2025-02-21 06:19:50,099] [54   ] [INFO ] [] - MetricsCollector::Initialize(231): Initialized metrics collector
- session id: 6b5931f1-ea3d-48ca-b31e-cbdb266bcb86
- device id: 4ca35884-a93a-48fc-ad16-80b2a90aa32e
- application id: Box Tools Win exe
- application name: BoxTools
- application version: 4.28.0.1161
- metric collection url: https://client-log.box.com/index.php?rm=box_gen204_json_record
- metric data path: C:\Users\pcedillo\AppData\Local\Box\Box Tools\Metrics\BoxTools_Metrics.db
- post callback: 05995D6E
- log callback: 05995A26
- context: 00000000
- post interval in seconds: 600
- max records in a post: 100
- max db records: 500
- disable sender: true
[2025-02-21 06:19:50,113] [54   ] [INFO ] [] - Shutting down the metrics collector
[2025-02-21 06:29:50,056] [53   ] [INFO ] [] - Initializing the metrics collector
[2025-02-21 06:29:50,066] [53   ] [INFO ] [] - MetricsCollector::Sender(49): _disableSentMetrics 1
[2025-02-21 06:29:50,067] [53   ] [INFO ] [] - MetricsCollector::Initialize(231): Initialized metrics collector
- session id: 6b5931f1-ea3d-48ca-b31e-cbdb266bcb86
- device id: 4ca35884-a93a-48fc-ad16-80b2a90aa32e
- application id: Box Tools Win exe
- application name: BoxTools
- application version: 4.28.0.1161
- metric collection url: https://client-log.box.com/index.php?rm=box_gen204_json_record
- metric data path: C:\Users\pcedillo\AppData\Local\Box\Box Tools\Metrics\BoxTools_Metrics.db
- post callback: 05995D6E
- log callback: 05995A26
- context: 00000000
- post interval in seconds: 600
- max records in a post: 100
- max db records: 500
- disable sender: true
[2025-02-21 06:29:50,073] [53   ] [INFO ] [] - Shutting down the metrics collector
[2025-02-21 06:39:50,053] [52   ] [INFO ] [] - Initializing the metrics collector
[2025-02-21 06:39:50,059] [52   ] [INFO ] [] - MetricsCollector::Sender(49): _disableSentMetrics 1
[2025-02-21 06:39:50,060] [52   ] [INFO ] [] - MetricsCollector::Initialize(231): Initialized metrics collector
- session id: 6b5931f1-ea3d-48ca-b31e-cbdb266bcb86
- device id: 4ca35884-a93a-48fc-ad16-80b2a90aa32e
- application id: Box Tools Win exe
- application name: BoxTools
- application version: 4.28.0.1161
- metric collection url: https://client-log.box.com/index.php?rm=box_gen204_json_record
- metric data path: C:\Users\pcedillo\AppData\Local\Box\Box Tools\Metrics\BoxTools_Metrics.db
- post callback: 05995D6E
- log callback: 05995A26
- context: 00000000
- post interval in seconds: 600
- max records in a post: 100
- max db records: 500
- disable sender: true
[2025-02-21 06:39:50,067] [52   ] [INFO ] [] - Shutting down the metrics collector
[2025-02-21 06:49:50,057] [51   ] [INFO ] [] - Initializing the metrics collector
[2025-02-21 06:49:50,071] [51   ] [INFO ] [] - MetricsCollector::Sender(49): _disableSentMetrics 1
[2025-02-21 06:49:50,071] [51   ] [INFO ] [] - MetricsCollector::Initialize(231): Initialized metrics collector
- session id: 6b5931f1-ea3d-48ca-b31e-cbdb266bcb86
- device id: 4ca35884-a93a-48fc-ad16-80b2a90aa32e
- application id: Box Tools Win exe
- application name: BoxTools
- application version: 4.28.0.1161
- metric collection url: https://client-log.box.com/index.php?rm=box_gen204_json_record
- metric data path: C:\Users\pcedillo\AppData\Local\Box\Box Tools\Metrics\BoxTools_Metrics.db
- post callback: 05995D6E
- log callback: 05995A26
- context: 00000000
- post interval in seconds: 600
- max records in a post: 100
- max db records: 500
- disable sender: true
[2025-02-21 06:49:50,084] [51   ] [INFO ] [] - Shutting down the metrics collector
[2025-02-21 06:59:49,960] [50   ] [INFO ] [] - Initializing the metrics collector
[2025-02-21 06:59:49,975] [50   ] [INFO ] [] - MetricsCollector::Sender(49): _disableSentMetrics 1
[2025-02-21 06:59:49,975] [50   ] [INFO ] [] - MetricsCollector::Initialize(231): Initialized metrics collector
- session id: 6b5931f1-ea3d-48ca-b31e-cbdb266bcb86
- device id: 4ca35884-a93a-48fc-ad16-80b2a90aa32e
- application id: Box Tools Win exe
- application name: BoxTools
- application version: 4.28.0.1161
- metric collection url: https://client-log.box.com/index.php?rm=box_gen204_json_record
- metric data path: C:\Users\pcedillo\AppData\Local\Box\Box Tools\Metrics\BoxTools_Metrics.db
- post callback: 05995D6E
- log callback: 05995A26
- context: 00000000
- post interval in seconds: 600
- max records in a post: 100
- max db records: 500
- disable sender: true
[2025-02-21 06:59:49,988] [50   ] [INFO ] [] - Shutting down the metrics collector
[2025-02-21 07:09:49,870] [49   ] [INFO ] [] - Initializing the metrics collector
[2025-02-21 07:09:49,882] [49   ] [INFO ] [] - MetricsCollector::Sender(49): _disableSentMetrics 1
[2025-02-21 07:09:49,883] [49   ] [INFO ] [] - MetricsCollector::Initialize(231): Initialized metrics collector
- session id: 6b5931f1-ea3d-48ca-b31e-cbdb266bcb86
- device id: 4ca35884-a93a-48fc-ad16-80b2a90aa32e
- application id: Box Tools Win exe
- application name: BoxTools
- application version: 4.28.0.1161
- metric collection url: https://client-log.box.com/index.php?rm=box_gen204_json_record
- metric data path: C:\Users\pcedillo\AppData\Local\Box\Box Tools\Metrics\BoxTools_Metrics.db
- post callback: 05995D6E
- log callback: 05995A26
- context: 00000000
- post interval in seconds: 600
- max records in a post: 100
- max db records: 500
- disable sender: true
[2025-02-21 07:09:49,889] [49   ] [INFO ] [] - Shutting down the metrics collector
[2025-02-21 07:19:49,833] [49   ] [INFO ] [] - Initializing the metrics collector
[2025-02-21 07:19:49,843] [49   ] [INFO ] [] - MetricsCollector::Sender(49): _disableSentMetrics 1
[2025-02-21 07:19:49,843] [49   ] [INFO ] [] - MetricsCollector::Initialize(231): Initialized metrics collector
- session id: 6b5931f1-ea3d-48ca-b31e-cbdb266bcb86
- device id: 4ca35884-a93a-48fc-ad16-80b2a90aa32e
- application id: Box Tools Win exe
- application name: BoxTools
- application version: 4.28.0.1161
- metric collection url: https://client-log.box.com/index.php?rm=box_gen204_json_record
- metric data path: C:\Users\pcedillo\AppData\Local\Box\Box Tools\Metrics\BoxTools_Metrics.db
- post callback: 05995D6E
- log callback: 05995A26
- context: 00000000
- post interval in seconds: 600
- max records in a post: 100
- max db records: 500
- disable sender: true
[2025-02-21 07:19:49,858] [49   ] [INFO ] [] - Shutting down the metrics collector
[2025-02-21 07:29:49,825] [50   ] [INFO ] [] - Initializing the metrics collector
[2025-02-21 07:29:49,845] [50   ] [INFO ] [] - MetricsCollector::Sender(49): _disableSentMetrics 1
[2025-02-21 07:29:49,846] [50   ] [INFO ] [] - MetricsCollector::Initialize(231): Initialized metrics collector
- session id: 6b5931f1-ea3d-48ca-b31e-cbdb266bcb86
- device id: 4ca35884-a93a-48fc-ad16-80b2a90aa32e
- application id: Box Tools Win exe
- application name: BoxTools
- application version: 4.28.0.1161
- metric collection url: https://client-log.box.com/index.php?rm=box_gen204_json_record
- metric data path: C:\Users\pcedillo\AppData\Local\Box\Box Tools\Metrics\BoxTools_Metrics.db
- post callback: 05995D6E
- log callback: 05995A26
- context: 00000000
- post interval in seconds: 600
- max records in a post: 100
- max db records: 500
- disable sender: true
[2025-02-21 07:29:49,864] [50   ] [INFO ] [] - Shutting down the metrics collector
[2025-02-21 07:39:49,811] [51   ] [INFO ] [] - Initializing the metrics collector
[2025-02-21 07:39:49,833] [51   ] [INFO ] [] - MetricsCollector::Sender(49): _disableSentMetrics 1
[2025-02-21 07:39:49,834] [51   ] [INFO ] [] - MetricsCollector::Initialize(231): Initialized metrics collector
- session id: 6b5931f1-ea3d-48ca-b31e-cbdb266bcb86
- device id: 4ca35884-a93a-48fc-ad16-80b2a90aa32e
- application id: Box Tools Win exe
- application name: BoxTools
- application version: 4.28.0.1161
- metric collection url: https://client-log.box.com/index.php?rm=box_gen204_json_record
- metric data path: C:\Users\pcedillo\AppData\Local\Box\Box Tools\Metrics\BoxTools_Metrics.db
- post callback: 05995D6E
- log callback: 05995A26
- context: 00000000
- post interval in seconds: 600
- max records in a post: 100
- max db records: 500
- disable sender: true
[2025-02-21 07:39:49,852] [51   ] [INFO ] [] - Shutting down the metrics collector
[2025-02-21 07:49:49,793] [52   ] [INFO ] [] - Initializing the metrics collector
[2025-02-21 07:49:49,813] [52   ] [INFO ] [] - MetricsCollector::Sender(49): _disableSentMetrics 1
[2025-02-21 07:49:49,815] [52   ] [INFO ] [] - MetricsCollector::Initialize(231): Initialized metrics collector
- session id: 6b5931f1-ea3d-48ca-b31e-cbdb266bcb86
- device id: 4ca35884-a93a-48fc-ad16-80b2a90aa32e
- application id: Box Tools Win exe
- application name: BoxTools
- application version: 4.28.0.1161
- metric collection url: https://client-log.box.com/index.php?rm=box_gen204_json_record
- metric data path: C:\Users\pcedillo\AppData\Local\Box\Box Tools\Metrics\BoxTools_Metrics.db
- post callback: 05995D6E
- log callback: 05995A26
- context: 00000000
- post interval in seconds: 600
- max records in a post: 100
- max db records: 500
- disable sender: true
[2025-02-21 07:49:49,830] [52   ] [INFO ] [] - Shutting down the metrics collector
[2025-02-21 07:59:49,777] [53   ] [INFO ] [] - Initializing the metrics collector
[2025-02-21 07:59:49,797] [53   ] [INFO ] [] - MetricsCollector::Sender(49): _disableSentMetrics 1
[2025-02-21 07:59:49,798] [53   ] [INFO ] [] - MetricsCollector::Initialize(231): Initialized metrics collector
- session id: 6b5931f1-ea3d-48ca-b31e-cbdb266bcb86
- device id: 4ca35884-a93a-48fc-ad16-80b2a90aa32e
- application id: Box Tools Win exe
- application name: BoxTools
- application version: 4.28.0.1161
- metric collection url: https://client-log.box.com/index.php?rm=box_gen204_json_record
- metric data path: C:\Users\pcedillo\AppData\Local\Box\Box Tools\Metrics\BoxTools_Metrics.db
- post callback: 05995D6E
- log callback: 05995A26
- context: 00000000
- post interval in seconds: 600
- max records in a post: 100
- max db records: 500
- disable sender: true
[2025-02-21 07:59:49,815] [53   ] [INFO ] [] - Shutting down the metrics collector
[2025-02-21 08:09:49,671] [54   ] [INFO ] [] - Initializing the metrics collector
[2025-02-21 08:09:49,681] [54   ] [INFO ] [] - MetricsCollector::Sender(49): _disableSentMetrics 1
[2025-02-21 08:09:49,683] [54   ] [INFO ] [] - MetricsCollector::Initialize(231): Initialized metrics collector
- session id: 6b5931f1-ea3d-48ca-b31e-cbdb266bcb86
- device id: 4ca35884-a93a-48fc-ad16-80b2a90aa32e
- application id: Box Tools Win exe
- application name: BoxTools
- application version: 4.28.0.1161
- metric collection url: https://client-log.box.com/index.php?rm=box_gen204_json_record
- metric data path: C:\Users\pcedillo\AppData\Local\Box\Box Tools\Metrics\BoxTools_Metrics.db
- post callback: 05995D6E
- log callback: 05995A26
- context: 00000000
- post interval in seconds: 600
- max records in a post: 100
- max db records: 500
- disable sender: true
[2025-02-21 08:09:49,693] [54   ] [INFO ] [] - Shutting down the metrics collector
[2025-02-21 08:19:49,596] [36   ] [INFO ] [] - Initializing the metrics collector
[2025-02-21 08:19:49,609] [36   ] [INFO ] [] - MetricsCollector::Sender(49): _disableSentMetrics 1
[2025-02-21 08:19:49,610] [36   ] [INFO ] [] - MetricsCollector::Initialize(231): Initialized metrics collector
- session id: 6b5931f1-ea3d-48ca-b31e-cbdb266bcb86
- device id: 4ca35884-a93a-48fc-ad16-80b2a90aa32e
- application id: Box Tools Win exe
- application name: BoxTools
- application version: 4.28.0.1161
- metric collection url: https://client-log.box.com/index.php?rm=box_gen204_json_record
- metric data path: C:\Users\pcedillo\AppData\Local\Box\Box Tools\Metrics\BoxTools_Metrics.db
- post callback: 05995D6E
- log callback: 05995A26
- context: 00000000
- post interval in seconds: 600
- max records in a post: 100
- max db records: 500
- disable sender: true
[2025-02-21 08:19:49,621] [36   ] [INFO ] [] - Shutting down the metrics collector
[2025-02-21 08:29:49,558] [58   ] [INFO ] [] - Initializing the metrics collector
[2025-02-21 08:29:49,571] [58   ] [INFO ] [] - MetricsCollector::Sender(49): _disableSentMetrics 1
[2025-02-21 08:29:49,572] [58   ] [INFO ] [] - MetricsCollector::Initialize(231): Initialized metrics collector
- session id: 6b5931f1-ea3d-48ca-b31e-cbdb266bcb86
- device id: 4ca35884-a93a-48fc-ad16-80b2a90aa32e
- application id: Box Tools Win exe
- application name: BoxTools
- application version: 4.28.0.1161
- metric collection url: https://client-log.box.com/index.php?rm=box_gen204_json_record
- metric data path: C:\Users\pcedillo\AppData\Local\Box\Box Tools\Metrics\BoxTools_Metrics.db
- post callback: 05995D6E
- log callback: 05995A26
- context: 00000000
- post interval in seconds: 600
- max records in a post: 100
- max db records: 500
- disable sender: true
[2025-02-21 08:29:49,581] [58   ] [INFO ] [] - Shutting down the metrics collector
[2025-02-21 08:39:49,535] [57   ] [INFO ] [] - Initializing the metrics collector
[2025-02-21 08:39:49,545] [57   ] [INFO ] [] - MetricsCollector::Sender(49): _disableSentMetrics 1
[2025-02-21 08:39:49,547] [57   ] [INFO ] [] - MetricsCollector::Initialize(231): Initialized metrics collector
- session id: 6b5931f1-ea3d-48ca-b31e-cbdb266bcb86
- device id: 4ca35884-a93a-48fc-ad16-80b2a90aa32e
- application id: Box Tools Win exe
- application name: BoxTools
- application version: 4.28.0.1161
- metric collection url: https://client-log.box.com/index.php?rm=box_gen204_json_record
- metric data path: C:\Users\pcedillo\AppData\Local\Box\Box Tools\Metrics\BoxTools_Metrics.db
- post callback: 05995D6E
- log callback: 05995A26
- context: 00000000
- post interval in seconds: 600
- max records in a post: 100
- max db records: 500
- disable sender: true
[2025-02-21 08:39:49,560] [57   ] [INFO ] [] - Shutting down the metrics collector
[2025-02-21 08:49:49,504] [59   ] [INFO ] [] - Initializing the metrics collector
[2025-02-21 08:49:49,515] [59   ] [INFO ] [] - MetricsCollector::Sender(49): _disableSentMetrics 1
[2025-02-21 08:49:49,516] [59   ] [INFO ] [] - MetricsCollector::Initialize(231): Initialized metrics collector
- session id: 6b5931f1-ea3d-48ca-b31e-cbdb266bcb86
- device id: 4ca35884-a93a-48fc-ad16-80b2a90aa32e
- application id: Box Tools Win exe
- application name: BoxTools
- application version: 4.28.0.1161
- metric collection url: https://client-log.box.com/index.php?rm=box_gen204_json_record
- metric data path: C:\Users\pcedillo\AppData\Local\Box\Box Tools\Metrics\BoxTools_Metrics.db
- post callback: 05995D6E
- log callback: 05995A26
- context: 00000000
- post interval in seconds: 600
- max records in a post: 100
- max db records: 500
- disable sender: true
[2025-02-21 08:49:49,527] [59   ] [INFO ] [] - Shutting down the metrics collector
[2025-02-21 08:59:49,497] [56   ] [INFO ] [] - Initializing the metrics collector
[2025-02-21 08:59:49,513] [56   ] [INFO ] [] - MetricsCollector::Sender(49): _disableSentMetrics 1
[2025-02-21 08:59:49,513] [56   ] [INFO ] [] - MetricsCollector::Initialize(231): Initialized metrics collector
- session id: 6b5931f1-ea3d-48ca-b31e-cbdb266bcb86
- device id: 4ca35884-a93a-48fc-ad16-80b2a90aa32e
- application id: Box Tools Win exe
- application name: BoxTools
- application version: 4.28.0.1161
- metric collection url: https://client-log.box.com/index.php?rm=box_gen204_json_record
- metric data path: C:\Users\pcedillo\AppData\Local\Box\Box Tools\Metrics\BoxTools_Metrics.db
- post callback: 05995D6E
- log callback: 05995A26
- context: 00000000
- post interval in seconds: 600
- max records in a post: 100
- max db records: 500
- disable sender: true
[2025-02-21 08:59:49,526] [56   ] [INFO ] [] - Shutting down the metrics collector
[2025-02-21 09:09:49,479] [60   ] [INFO ] [] - Initializing the metrics collector
[2025-02-21 09:09:49,491] [60   ] [INFO ] [] - MetricsCollector::Sender(49): _disableSentMetrics 1
[2025-02-21 09:09:49,492] [60   ] [INFO ] [] - MetricsCollector::Initialize(231): Initialized metrics collector
- session id: 6b5931f1-ea3d-48ca-b31e-cbdb266bcb86
- device id: 4ca35884-a93a-48fc-ad16-80b2a90aa32e
- application id: Box Tools Win exe
- application name: BoxTools
- application version: 4.28.0.1161
- metric collection url: https://client-log.box.com/index.php?rm=box_gen204_json_record
- metric data path: C:\Users\pcedillo\AppData\Local\Box\Box Tools\Metrics\BoxTools_Metrics.db
- post callback: 05995D6E
- log callback: 05995A26
- context: 00000000
- post interval in seconds: 600
- max records in a post: 100
- max db records: 500
- disable sender: true
[2025-02-21 09:09:49,505] [60   ] [INFO ] [] - Shutting down the metrics collector
[2025-02-21 09:19:49,385] [62   ] [INFO ] [] - Initializing the metrics collector
[2025-02-21 09:19:49,394] [62   ] [INFO ] [] - MetricsCollector::Sender(49): _disableSentMetrics 1
[2025-02-21 09:19:49,395] [62   ] [INFO ] [] - MetricsCollector::Initialize(231): Initialized metrics collector
- session id: 6b5931f1-ea3d-48ca-b31e-cbdb266bcb86
- device id: 4ca35884-a93a-48fc-ad16-80b2a90aa32e
- application id: Box Tools Win exe
- application name: BoxTools
- application version: 4.28.0.1161
- metric collection url: https://client-log.box.com/index.php?rm=box_gen204_json_record
- metric data path: C:\Users\pcedillo\AppData\Local\Box\Box Tools\Metrics\BoxTools_Metrics.db
- post callback: 05995D6E
- log callback: 05995A26
- context: 00000000
- post interval in seconds: 600
- max records in a post: 100
- max db records: 500
- disable sender: true
[2025-02-21 09:19:49,403] [62   ] [INFO ] [] - Shutting down the metrics collector
[2025-02-21 09:29:49,345] [63   ] [INFO ] [] - Initializing the metrics collector
[2025-02-21 09:29:49,357] [63   ] [INFO ] [] - MetricsCollector::Sender(49): _disableSentMetrics 1
[2025-02-21 09:29:49,357] [63   ] [INFO ] [] - MetricsCollector::Initialize(231): Initialized metrics collector
- session id: 6b5931f1-ea3d-48ca-b31e-cbdb266bcb86
- device id: 4ca35884-a93a-48fc-ad16-80b2a90aa32e
- application id: Box Tools Win exe
- application name: BoxTools
- application version: 4.28.0.1161
- metric collection url: https://client-log.box.com/index.php?rm=box_gen204_json_record
- metric data path: C:\Users\pcedillo\AppData\Local\Box\Box Tools\Metrics\BoxTools_Metrics.db
- post callback: 05995D6E
- log callback: 05995A26
- context: 00000000
- post interval in seconds: 600
- max records in a post: 100
- max db records: 500
- disable sender: true
[2025-02-21 09:29:49,368] [63   ] [INFO ] [] - Shutting down the metrics collector
[2025-02-21 09:39:49,314] [62   ] [INFO ] [] - Initializing the metrics collector
[2025-02-21 09:39:49,328] [62   ] [INFO ] [] - MetricsCollector::Sender(49): _disableSentMetrics 1
[2025-02-21 09:39:49,328] [62   ] [INFO ] [] - MetricsCollector::Initialize(231): Initialized metrics collector
- session id: 6b5931f1-ea3d-48ca-b31e-cbdb266bcb86
- device id: 4ca35884-a93a-48fc-ad16-80b2a90aa32e
- application id: Box Tools Win exe
- application name: BoxTools
- application version: 4.28.0.1161
- metric collection url: https://client-log.box.com/index.php?rm=box_gen204_json_record
- metric data path: C:\Users\pcedillo\AppData\Local\Box\Box Tools\Metrics\BoxTools_Metrics.db
- post callback: 05995D6E
- log callback: 05995A26
- context: 00000000
- post interval in seconds: 600
- max records in a post: 100
- max db records: 500
- disable sender: true
[2025-02-21 09:39:49,341] [62   ] [INFO ] [] - Shutting down the metrics collector
[2025-02-21 09:47:50,435] [63   ] [INFO ] [] - Scheduling next upgrade check: Delay
[2025-02-21 09:47:50,436] [63   ] [INFO ] [] - Next autoupgrade timer will fire after: 1.00:00:00
[2025-02-21 09:47:50,436] [63   ] [INFO ] [] - Checking for upgrade
[2025-02-21 09:47:50,438] [63   ] [INFO ] [] - .NET Version - installed 533320, expected: 528040
[2025-02-21 09:47:50,439] [63   ] [INFO ] [] - result: True
[2025-02-21 09:47:50,442] [63   ] [INFO ] [] - Checking for upgrades
[2025-02-21 09:47:50,442] [63   ] [INFO ] [] - Url used to upgrade: https://cdn07.boxcdn.net/BoxEditAutoupdate2.json
[2025-02-21 09:47:50,736] [63   ] [INFO ] [] - ### current version track name: 4.28.0
[2025-02-21 09:47:50,737] [63   ] [INFO ] [] - No custom track name in registry
[2025-02-21 09:47:50,739] [63   ] [WARN ] [] - Track 4.28.0 not found
[2025-02-21 09:47:50,739] [63   ] [INFO ] [] - Track default for upgrade found
[2025-02-21 09:47:50,740] [63   ] [INFO ] [] - RolloutID set to 23
[2025-02-21 09:47:50,740] [63   ] [INFO ] [] - No upgrade available
[2025-02-21 09:47:50,740] [63   ] [INFO ] [] - Check for updates returned None
[2025-02-21 09:47:50,741] [63   ] [INFO ] [] - Scheduling next upgrade check: Reset
[2025-02-21 09:47:50,741] [63   ] [INFO ] [] - Next autoupgrade timer will fire after: 05:17:00
[2025-02-21 09:49:49,279] [56   ] [INFO ] [] - Initializing the metrics collector
[2025-02-21 09:49:49,288] [56   ] [INFO ] [] - MetricsCollector::Sender(49): _disableSentMetrics 1
[2025-02-21 09:49:49,289] [56   ] [INFO ] [] - MetricsCollector::Initialize(231): Initialized metrics collector
- session id: 6b5931f1-ea3d-48ca-b31e-cbdb266bcb86
- device id: 4ca35884-a93a-48fc-ad16-80b2a90aa32e
- application id: Box Tools Win exe
- application name: BoxTools
- application version: 4.28.0.1161
- metric collection url: https://client-log.box.com/index.php?rm=box_gen204_json_record
- metric data path: C:\Users\pcedillo\AppData\Local\Box\Box Tools\Metrics\BoxTools_Metrics.db
- post callback: 05995D6E
- log callback: 05995A26
- context: 00000000
- post interval in seconds: 600
- max records in a post: 100
- max db records: 500
- disable sender: true
[2025-02-21 09:49:49,300] [56   ] [INFO ] [] - Shutting down the metrics collector
[2025-02-21 09:59:49,261] [57   ] [INFO ] [] - Initializing the metrics collector
[2025-02-21 09:59:49,273] [57   ] [INFO ] [] - MetricsCollector::Sender(49): _disableSentMetrics 1
[2025-02-21 09:59:49,274] [57   ] [INFO ] [] - MetricsCollector::Initialize(231): Initialized metrics collector
- session id: 6b5931f1-ea3d-48ca-b31e-cbdb266bcb86
- device id: 4ca35884-a93a-48fc-ad16-80b2a90aa32e
- application id: Box Tools Win exe
- application name: BoxTools
- application version: 4.28.0.1161
- metric collection url: https://client-log.box.com/index.php?rm=box_gen204_json_record
- metric data path: C:\Users\pcedillo\AppData\Local\Box\Box Tools\Metrics\BoxTools_Metrics.db
- post callback: 05995D6E
- log callback: 05995A26
- context: 00000000
- post interval in seconds: 600
- max records in a post: 100
- max db records: 500
- disable sender: true
[2025-02-21 09:59:49,283] [57   ] [INFO ] [] - Shutting down the metrics collector
[2025-02-21 10:09:49,245] [61   ] [INFO ] [] - Initializing the metrics collector
[2025-02-21 10:09:49,257] [61   ] [INFO ] [] - MetricsCollector::Sender(49): _disableSentMetrics 1
[2025-02-21 10:09:49,258] [61   ] [INFO ] [] - MetricsCollector::Initialize(231): Initialized metrics collector
- session id: 6b5931f1-ea3d-48ca-b31e-cbdb266bcb86
- device id: 4ca35884-a93a-48fc-ad16-80b2a90aa32e
- application id: Box Tools Win exe
- application name: BoxTools
- application version: 4.28.0.1161
- metric collection url: https://client-log.box.com/index.php?rm=box_gen204_json_record
- metric data path: C:\Users\pcedillo\AppData\Local\Box\Box Tools\Metrics\BoxTools_Metrics.db
- post callback: 05995D6E
- log callback: 05995A26
- context: 00000000
- post interval in seconds: 600
- max records in a post: 100
- max db records: 500
- disable sender: true
[2025-02-21 10:09:49,268] [61   ] [INFO ] [] - Shutting down the metrics collector
[2025-02-21 10:19:49,220] [58   ] [INFO ] [] - Initializing the metrics collector
[2025-02-21 10:19:49,230] [58   ] [INFO ] [] - MetricsCollector::Sender(49): _disableSentMetrics 1
[2025-02-21 10:19:49,231] [58   ] [INFO ] [] - MetricsCollector::Initialize(231): Initialized metrics collector
- session id: 6b5931f1-ea3d-48ca-b31e-cbdb266bcb86
- device id: 4ca35884-a93a-48fc-ad16-80b2a90aa32e
- application id: Box Tools Win exe
- application name: BoxTools
- application version: 4.28.0.1161
- metric collection url: https://client-log.box.com/index.php?rm=box_gen204_json_record
- metric data path: C:\Users\pcedillo\AppData\Local\Box\Box Tools\Metrics\BoxTools_Metrics.db
- post callback: 05995D6E
- log callback: 05995A26
- context: 00000000
- post interval in seconds: 600
- max records in a post: 100
- max db records: 500
- disable sender: true
[2025-02-21 10:19:49,242] [58   ] [INFO ] [] - Shutting down the metrics collector
[2025-02-21 10:29:49,164] [59   ] [INFO ] [] - Initializing the metrics collector
[2025-02-21 10:29:49,176] [59   ] [INFO ] [] - MetricsCollector::Sender(49): _disableSentMetrics 1
[2025-02-21 10:29:49,177] [59   ] [INFO ] [] - MetricsCollector::Initialize(231): Initialized metrics collector
- session id: 6b5931f1-ea3d-48ca-b31e-cbdb266bcb86
- device id: 4ca35884-a93a-48fc-ad16-80b2a90aa32e
- application id: Box Tools Win exe
- application name: BoxTools
- application version: 4.28.0.1161
- metric collection url: https://client-log.box.com/index.php?rm=box_gen204_json_record
- metric data path: C:\Users\pcedillo\AppData\Local\Box\Box Tools\Metrics\BoxTools_Metrics.db
- post callback: 05995D6E
- log callback: 05995A26
- context: 00000000
- post interval in seconds: 600
- max records in a post: 100
- max db records: 500
- disable sender: true
[2025-02-21 10:29:49,193] [59   ] [INFO ] [] - Shutting down the metrics collector
[2025-02-21 10:39:49,110] [54   ] [INFO ] [] - Initializing the metrics collector
[2025-02-21 10:39:49,122] [54   ] [INFO ] [] - MetricsCollector::Sender(49): _disableSentMetrics 1
[2025-02-21 10:39:49,123] [54   ] [INFO ] [] - MetricsCollector::Initialize(231): Initialized metrics collector
- session id: 6b5931f1-ea3d-48ca-b31e-cbdb266bcb86
- device id: 4ca35884-a93a-48fc-ad16-80b2a90aa32e
- application id: Box Tools Win exe
- application name: BoxTools
- application version: 4.28.0.1161
- metric collection url: https://client-log.box.com/index.php?rm=box_gen204_json_record
- metric data path: C:\Users\pcedillo\AppData\Local\Box\Box Tools\Metrics\BoxTools_Metrics.db
- post callback: 05995D6E
- log callback: 05995A26
- context: 00000000
- post interval in seconds: 600
- max records in a post: 100
- max db records: 500
- disable sender: true
[2025-02-21 10:39:49,138] [54   ] [INFO ] [] - Shutting down the metrics collector
[2025-02-21 10:49:49,085] [55   ] [INFO ] [] - Initializing the metrics collector
[2025-02-21 10:49:49,095] [55   ] [INFO ] [] - MetricsCollector::Sender(49): _disableSentMetrics 1
[2025-02-21 10:49:49,095] [55   ] [INFO ] [] - MetricsCollector::Initialize(231): Initialized metrics collector
- session id: 6b5931f1-ea3d-48ca-b31e-cbdb266bcb86
- device id: 4ca35884-a93a-48fc-ad16-80b2a90aa32e
- application id: Box Tools Win exe
- application name: BoxTools
- application version: 4.28.0.1161
- metric collection url: https://client-log.box.com/index.php?rm=box_gen204_json_record
- metric data path: C:\Users\pcedillo\AppData\Local\Box\Box Tools\Metrics\BoxTools_Metrics.db
- post callback: 05995D6E
- log callback: 05995A26
- context: 00000000
- post interval in seconds: 600
- max records in a post: 100
- max db records: 500
- disable sender: true
[2025-02-21 10:49:49,107] [55   ] [INFO ] [] - Shutting down the metrics collector
[2025-02-21 10:59:49,044] [53   ] [INFO ] [] - Initializing the metrics collector
[2025-02-21 10:59:49,055] [53   ] [INFO ] [] - MetricsCollector::Sender(49): _disableSentMetrics 1
[2025-02-21 10:59:49,056] [53   ] [INFO ] [] - MetricsCollector::Initialize(231): Initialized metrics collector
- session id: 6b5931f1-ea3d-48ca-b31e-cbdb266bcb86
- device id: 4ca35884-a93a-48fc-ad16-80b2a90aa32e
- application id: Box Tools Win exe
- application name: BoxTools
- application version: 4.28.0.1161
- metric collection url: https://client-log.box.com/index.php?rm=box_gen204_json_record
- metric data path: C:\Users\pcedillo\AppData\Local\Box\Box Tools\Metrics\BoxTools_Metrics.db
- post callback: 05995D6E
- log callback: 05995A26
- context: 00000000
- post interval in seconds: 600
- max records in a post: 100
- max db records: 500
- disable sender: true
[2025-02-21 10:59:49,067] [53   ] [INFO ] [] - Shutting down the metrics collector
[2025-02-21 11:09:49,022] [55   ] [INFO ] [] - Initializing the metrics collector
[2025-02-21 11:09:49,034] [55   ] [INFO ] [] - MetricsCollector::Sender(49): _disableSentMetrics 1
[2025-02-21 11:09:49,034] [55   ] [INFO ] [] - MetricsCollector::Initialize(231): Initialized metrics collector
- session id: 6b5931f1-ea3d-48ca-b31e-cbdb266bcb86
- device id: 4ca35884-a93a-48fc-ad16-80b2a90aa32e
- application id: Box Tools Win exe
- application name: BoxTools
- application version: 4.28.0.1161
- metric collection url: https://client-log.box.com/index.php?rm=box_gen204_json_record
- metric data path: C:\Users\pcedillo\AppData\Local\Box\Box Tools\Metrics\BoxTools_Metrics.db
- post callback: 05995D6E
- log callback: 05995A26
- context: 00000000
- post interval in seconds: 600
- max records in a post: 100
- max db records: 500
- disable sender: true
[2025-02-21 11:09:49,044] [55   ] [INFO ] [] - Shutting down the metrics collector
[2025-02-21 11:19:49,006] [54   ] [INFO ] [] - Initializing the metrics collector
[2025-02-21 11:19:49,019] [54   ] [INFO ] [] - MetricsCollector::Sender(49): _disableSentMetrics 1
[2025-02-21 11:19:49,020] [54   ] [INFO ] [] - MetricsCollector::Initialize(231): Initialized metrics collector
- session id: 6b5931f1-ea3d-48ca-b31e-cbdb266bcb86
- device id: 4ca35884-a93a-48fc-ad16-80b2a90aa32e
- application id: Box Tools Win exe
- application name: BoxTools
- application version: 4.28.0.1161
- metric collection url: https://client-log.box.com/index.php?rm=box_gen204_json_record
- metric data path: C:\Users\pcedillo\AppData\Local\Box\Box Tools\Metrics\BoxTools_Metrics.db
- post callback: 05995D6E
- log callback: 05995A26
- context: 00000000
- post interval in seconds: 600
- max records in a post: 100
- max db records: 500
- disable sender: true
[2025-02-21 11:19:49,033] [54   ] [INFO ] [] - Shutting down the metrics collector
[2025-02-21 11:29:48,965] [36   ] [INFO ] [] - Initializing the metrics collector
[2025-02-21 11:29:48,984] [36   ] [INFO ] [] - MetricsCollector::Sender(49): _disableSentMetrics 1
[2025-02-21 11:29:48,986] [36   ] [INFO ] [] - MetricsCollector::Initialize(231): Initialized metrics collector
- session id: 6b5931f1-ea3d-48ca-b31e-cbdb266bcb86
- device id: 4ca35884-a93a-48fc-ad16-80b2a90aa32e
- application id: Box Tools Win exe
- application name: BoxTools
- application version: 4.28.0.1161
- metric collection url: https://client-log.box.com/index.php?rm=box_gen204_json_record
- metric data path: C:\Users\pcedillo\AppData\Local\Box\Box Tools\Metrics\BoxTools_Metrics.db
- post callback: 05995D6E
- log callback: 05995A26
- context: 00000000
- post interval in seconds: 600
- max records in a post: 100
- max db records: 500
- disable sender: true
[2025-02-21 11:29:49,006] [36   ] [INFO ] [] - Shutting down the metrics collector
[2025-02-21 11:39:48,899] [58   ] [INFO ] [] - Initializing the metrics collector
[2025-02-21 11:39:48,920] [58   ] [INFO ] [] - MetricsCollector::Sender(49): _disableSentMetrics 1
[2025-02-21 11:39:48,921] [58   ] [INFO ] [] - MetricsCollector::Initialize(231): Initialized metrics collector
- session id: 6b5931f1-ea3d-48ca-b31e-cbdb266bcb86
- device id: 4ca35884-a93a-48fc-ad16-80b2a90aa32e
- application id: Box Tools Win exe
- application name: BoxTools
- application version: 4.28.0.1161
- metric collection url: https://client-log.box.com/index.php?rm=box_gen204_json_record
- metric data path: C:\Users\pcedillo\AppData\Local\Box\Box Tools\Metrics\BoxTools_Metrics.db
- post callback: 05995D6E
- log callback: 05995A26
- context: 00000000
- post interval in seconds: 600
- max records in a post: 100
- max db records: 500
- disable sender: true
[2025-02-21 11:39:48,940] [58   ] [INFO ] [] - Shutting down the metrics collector
[2025-02-21 11:49:48,858] [59   ] [INFO ] [] - Initializing the metrics collector
[2025-02-21 11:49:48,877] [59   ] [INFO ] [] - MetricsCollector::Sender(49): _disableSentMetrics 1
[2025-02-21 11:49:48,878] [59   ] [INFO ] [] - MetricsCollector::Initialize(231): Initialized metrics collector
- session id: 6b5931f1-ea3d-48ca-b31e-cbdb266bcb86
- device id: 4ca35884-a93a-48fc-ad16-80b2a90aa32e
- application id: Box Tools Win exe
- application name: BoxTools
- application version: 4.28.0.1161
- metric collection url: https://client-log.box.com/index.php?rm=box_gen204_json_record
- metric data path: C:\Users\pcedillo\AppData\Local\Box\Box Tools\Metrics\BoxTools_Metrics.db
- post callback: 05995D6E
- log callback: 05995A26
- context: 00000000
- post interval in seconds: 600
- max records in a post: 100
- max db records: 500
- disable sender: true
[2025-02-21 11:49:48,896] [59   ] [INFO ] [] - Shutting down the metrics collector
[2025-02-21 11:59:48,813] [57   ] [INFO ] [] - Initializing the metrics collector
[2025-02-21 11:59:48,836] [57   ] [INFO ] [] - MetricsCollector::Sender(49): _disableSentMetrics 1
[2025-02-21 11:59:48,836] [57   ] [INFO ] [] - MetricsCollector::Initialize(231): Initialized metrics collector
- session id: 6b5931f1-ea3d-48ca-b31e-cbdb266bcb86
- device id: 4ca35884-a93a-48fc-ad16-80b2a90aa32e
- application id: Box Tools Win exe
- application name: BoxTools
- application version: 4.28.0.1161
- metric collection url: https://client-log.box.com/index.php?rm=box_gen204_json_record
- metric data path: C:\Users\pcedillo\AppData\Local\Box\Box Tools\Metrics\BoxTools_Metrics.db
- post callback: 05995D6E
- log callback: 05995A26
- context: 00000000
- post interval in seconds: 600
- max records in a post: 100
- max db records: 500
- disable sender: true
[2025-02-21 11:59:48,855] [57   ] [INFO ] [] - Shutting down the metrics collector
[2025-02-21 12:09:48,782] [60   ] [INFO ] [] - Initializing the metrics collector
[2025-02-21 12:09:48,803] [60   ] [INFO ] [] - MetricsCollector::Sender(49): _disableSentMetrics 1
[2025-02-21 12:09:48,803] [60   ] [INFO ] [] - MetricsCollector::Initialize(231): Initialized metrics collector
- session id: 6b5931f1-ea3d-48ca-b31e-cbdb266bcb86
- device id: 4ca35884-a93a-48fc-ad16-80b2a90aa32e
- application id: Box Tools Win exe
- application name: BoxTools
- application version: 4.28.0.1161
- metric collection url: https://client-log.box.com/index.php?rm=box_gen204_json_record
- metric data path: C:\Users\pcedillo\AppData\Local\Box\Box Tools\Metrics\BoxTools_Metrics.db
- post callback: 05995D6E
- log callback: 05995A26
- context: 00000000
- post interval in seconds: 600
- max records in a post: 100
- max db records: 500
- disable sender: true
[2025-02-21 12:09:48,821] [60   ] [INFO ] [] - Shutting down the metrics collector
[2025-02-21 12:19:48,763] [63   ] [INFO ] [] - Initializing the metrics collector
[2025-02-21 12:19:48,777] [63   ] [INFO ] [] - MetricsCollector::Sender(49): _disableSentMetrics 1
[2025-02-21 12:19:48,779] [63   ] [INFO ] [] - MetricsCollector::Initialize(231): Initialized metrics collector
- session id: 6b5931f1-ea3d-48ca-b31e-cbdb266bcb86
- device id: 4ca35884-a93a-48fc-ad16-80b2a90aa32e
- application id: Box Tools Win exe
- application name: BoxTools
- application version: 4.28.0.1161
- metric collection url: https://client-log.box.com/index.php?rm=box_gen204_json_record
- metric data path: C:\Users\pcedillo\AppData\Local\Box\Box Tools\Metrics\BoxTools_Metrics.db
- post callback: 05995D6E
- log callback: 05995A26
- context: 00000000
- post interval in seconds: 600
- max records in a post: 100
- max db records: 500
- disable sender: true
[2025-02-21 12:19:48,796] [63   ] [INFO ] [] - Shutting down the metrics collector
[2025-02-21 12:29:48,753] [61   ] [INFO ] [] - Initializing the metrics collector
[2025-02-21 12:29:48,774] [61   ] [INFO ] [] - MetricsCollector::Sender(49): _disableSentMetrics 1
[2025-02-21 12:29:48,775] [61   ] [INFO ] [] - MetricsCollector::Initialize(231): Initialized metrics collector
- session id: 6b5931f1-ea3d-48ca-b31e-cbdb266bcb86
- device id: 4ca35884-a93a-48fc-ad16-80b2a90aa32e
- application id: Box Tools Win exe
- application name: BoxTools
- application version: 4.28.0.1161
- metric collection url: https://client-log.box.com/index.php?rm=box_gen204_json_record
- metric data path: C:\Users\pcedillo\AppData\Local\Box\Box Tools\Metrics\BoxTools_Metrics.db
- post callback: 05995D6E
- log callback: 05995A26
- context: 00000000
- post interval in seconds: 600
- max records in a post: 100
- max db records: 500
- disable sender: true
[2025-02-21 12:29:48,792] [61   ] [INFO ] [] - Shutting down the metrics collector
[2025-02-21 12:39:48,708] [52   ] [INFO ] [] - Initializing the metrics collector
[2025-02-21 12:39:48,728] [52   ] [INFO ] [] - MetricsCollector::Sender(49): _disableSentMetrics 1
[2025-02-21 12:39:48,730] [52   ] [INFO ] [] - MetricsCollector::Initialize(231): Initialized metrics collector
- session id: 6b5931f1-ea3d-48ca-b31e-cbdb266bcb86
- device id: 4ca35884-a93a-48fc-ad16-80b2a90aa32e
- application id: Box Tools Win exe
- application name: BoxTools
- application version: 4.28.0.1161
- metric collection url: https://client-log.box.com/index.php?rm=box_gen204_json_record
- metric data path: C:\Users\pcedillo\AppData\Local\Box\Box Tools\Metrics\BoxTools_Metrics.db
- post callback: 05995D6E
- log callback: 05995A26
- context: 00000000
- post interval in seconds: 600
- max records in a post: 100
- max db records: 500
- disable sender: true
[2025-02-21 12:39:48,746] [52   ] [INFO ] [] - Shutting down the metrics collector
[2025-02-21 12:49:48,632] [51   ] [INFO ] [] - Initializing the metrics collector
[2025-02-21 12:49:48,655] [51   ] [INFO ] [] - MetricsCollector::Sender(49): _disableSentMetrics 1
[2025-02-21 12:49:48,655] [51   ] [INFO ] [] - MetricsCollector::Initialize(231): Initialized metrics collector
- session id: 6b5931f1-ea3d-48ca-b31e-cbdb266bcb86
- device id: 4ca35884-a93a-48fc-ad16-80b2a90aa32e
- application id: Box Tools Win exe
- application name: BoxTools
- application version: 4.28.0.1161
- metric collection url: https://client-log.box.com/index.php?rm=box_gen204_json_record
- metric data path: C:\Users\pcedillo\AppData\Local\Box\Box Tools\Metrics\BoxTools_Metrics.db
- post callback: 05995D6E
- log callback: 05995A26
- context: 00000000
- post interval in seconds: 600
- max records in a post: 100
- max db records: 500
- disable sender: true
[2025-02-21 12:49:48,675] [51   ] [INFO ] [] - Shutting down the metrics collector
[2025-02-21 12:59:48,581] [50   ] [INFO ] [] - Initializing the metrics collector
[2025-02-21 12:59:48,596] [50   ] [INFO ] [] - MetricsCollector::Sender(49): _disableSentMetrics 1
[2025-02-21 12:59:48,597] [50   ] [INFO ] [] - MetricsCollector::Initialize(231): Initialized metrics collector
- session id: 6b5931f1-ea3d-48ca-b31e-cbdb266bcb86
- device id: 4ca35884-a93a-48fc-ad16-80b2a90aa32e
- application id: Box Tools Win exe
- application name: BoxTools
- application version: 4.28.0.1161
- metric collection url: https://client-log.box.com/index.php?rm=box_gen204_json_record
- metric data path: C:\Users\pcedillo\AppData\Local\Box\Box Tools\Metrics\BoxTools_Metrics.db
- post callback: 05995D6E
- log callback: 05995A26
- context: 00000000
- post interval in seconds: 600
- max records in a post: 100
- max db records: 500
- disable sender: true
[2025-02-21 12:59:48,615] [50   ] [INFO ] [] - Shutting down the metrics collector
[2025-02-21 15:17:26,628] [64   ] [INFO ] [] - Initializing the metrics collector
[2025-02-21 15:17:26,641] [64   ] [INFO ] [] - MetricsCollector::Sender(49): _disableSentMetrics 1
[2025-02-21 15:17:26,642] [64   ] [INFO ] [] - MetricsCollector::Initialize(231): Initialized metrics collector
- session id: 6b5931f1-ea3d-48ca-b31e-cbdb266bcb86
- device id: 4ca35884-a93a-48fc-ad16-80b2a90aa32e
- application id: Box Tools Win exe
- application name: BoxTools
- application version: 4.28.0.1161
- metric collection url: https://client-log.box.com/index.php?rm=box_gen204_json_record
- metric data path: C:\Users\pcedillo\AppData\Local\Box\Box Tools\Metrics\BoxTools_Metrics.db
- post callback: 05995D6E
- log callback: 05995A26
- context: 00000000
- post interval in seconds: 600
- max records in a post: 100
- max db records: 500
- disable sender: true
[2025-02-21 15:17:26,655] [64   ] [INFO ] [] - Shutting down the metrics collector
[2025-02-21 15:27:25,523] [50   ] [INFO ] [] - Initializing the metrics collector
[2025-02-21 15:27:25,538] [50   ] [INFO ] [] - MetricsCollector::Sender(49): _disableSentMetrics 1
[2025-02-21 15:27:25,538] [50   ] [INFO ] [] - MetricsCollector::Initialize(231): Initialized metrics collector
- session id: 6b5931f1-ea3d-48ca-b31e-cbdb266bcb86
- device id: 4ca35884-a93a-48fc-ad16-80b2a90aa32e
- application id: Box Tools Win exe
- application name: BoxTools
- application version: 4.28.0.1161
- metric collection url: https://client-log.box.com/index.php?rm=box_gen204_json_record
- metric data path: C:\Users\pcedillo\AppData\Local\Box\Box Tools\Metrics\BoxTools_Metrics.db
- post callback: 05995D6E
- log callback: 05995A26
- context: 00000000
- post interval in seconds: 600
- max records in a post: 100
- max db records: 500
- disable sender: true
[2025-02-21 15:27:25,553] [50   ] [INFO ] [] - Shutting down the metrics collector
[2025-02-21 15:37:25,431] [62   ] [INFO ] [] - Initializing the metrics collector
[2025-02-21 15:37:25,444] [62   ] [INFO ] [] - MetricsCollector::Sender(49): _disableSentMetrics 1
[2025-02-21 15:37:25,445] [62   ] [INFO ] [] - MetricsCollector::Initialize(231): Initialized metrics collector
- session id: 6b5931f1-ea3d-48ca-b31e-cbdb266bcb86
- device id: 4ca35884-a93a-48fc-ad16-80b2a90aa32e
- application id: Box Tools Win exe
- application name: BoxTools
- application version: 4.28.0.1161
- metric collection url: https://client-log.box.com/index.php?rm=box_gen204_json_record
- metric data path: C:\Users\pcedillo\AppData\Local\Box\Box Tools\Metrics\BoxTools_Metrics.db
- post callback: 05995D6E
- log callback: 05995A26
- context: 00000000
- post interval in seconds: 600
- max records in a post: 100
- max db records: 500
- disable sender: true
[2025-02-21 15:37:25,459] [62   ] [INFO ] [] - Shutting down the metrics collector
[2025-02-21 15:47:25,433] [51   ] [INFO ] [] - Initializing the metrics collector
[2025-02-21 15:47:25,440] [51   ] [INFO ] [] - MetricsCollector::Sender(49): _disableSentMetrics 1
[2025-02-21 15:47:25,440] [51   ] [INFO ] [] - MetricsCollector::Initialize(231): Initialized metrics collector
- session id: 6b5931f1-ea3d-48ca-b31e-cbdb266bcb86
- device id: 4ca35884-a93a-48fc-ad16-80b2a90aa32e
- application id: Box Tools Win exe
- application name: BoxTools
- application version: 4.28.0.1161
- metric collection url: https://client-log.box.com/index.php?rm=box_gen204_json_record
- metric data path: C:\Users\pcedillo\AppData\Local\Box\Box Tools\Metrics\BoxTools_Metrics.db
- post callback: 05995D6E
- log callback: 05995A26
- context: 00000000
- post interval in seconds: 600
- max records in a post: 100
- max db records: 500
- disable sender: true
[2025-02-21 15:47:25,445] [51   ] [INFO ] [] - Shutting down the metrics collector
[2025-02-21 15:57:25,450] [52   ] [INFO ] [] - Initializing the metrics collector
[2025-02-21 15:57:25,462] [52   ] [INFO ] [] - MetricsCollector::Sender(49): _disableSentMetrics 1
[2025-02-21 15:57:25,463] [52   ] [INFO ] [] - MetricsCollector::Initialize(231): Initialized metrics collector
- session id: 6b5931f1-ea3d-48ca-b31e-cbdb266bcb86
- device id: 4ca35884-a93a-48fc-ad16-80b2a90aa32e
- application id: Box Tools Win exe
- application name: BoxTools
- application version: 4.28.0.1161
- metric collection url: https://client-log.box.com/index.php?rm=box_gen204_json_record
- metric data path: C:\Users\pcedillo\AppData\Local\Box\Box Tools\Metrics\BoxTools_Metrics.db
- post callback: 05995D6E
- log callback: 05995A26
- context: 00000000
- post interval in seconds: 600
- max records in a post: 100
- max db records: 500
- disable sender: true
[2025-02-21 15:57:25,476] [52   ] [INFO ] [] - Shutting down the metrics collector
[2025-02-21 16:07:25,412] [63   ] [INFO ] [] - Initializing the metrics collector
[2025-02-21 16:07:25,426] [63   ] [INFO ] [] - MetricsCollector::Sender(49): _disableSentMetrics 1
[2025-02-21 16:07:25,428] [63   ] [INFO ] [] - MetricsCollector::Initialize(231): Initialized metrics collector
- session id: 6b5931f1-ea3d-48ca-b31e-cbdb266bcb86
- device id: 4ca35884-a93a-48fc-ad16-80b2a90aa32e
- application id: Box Tools Win exe
- application name: BoxTools
- application version: 4.28.0.1161
- metric collection url: https://client-log.box.com/index.php?rm=box_gen204_json_record
- metric data path: C:\Users\pcedillo\AppData\Local\Box\Box Tools\Metrics\BoxTools_Metrics.db
- post callback: 05995D6E
- log callback: 05995A26
- context: 00000000
- post interval in seconds: 600
- max records in a post: 100
- max db records: 500
- disable sender: true
[2025-02-21 16:07:25,440] [63   ] [INFO ] [] - Shutting down the metrics collector
[2025-02-21 16:17:25,299] [61   ] [INFO ] [] - Initializing the metrics collector
[2025-02-21 16:17:25,308] [61   ] [INFO ] [] - MetricsCollector::Sender(49): _disableSentMetrics 1
[2025-02-21 16:17:25,308] [61   ] [INFO ] [] - MetricsCollector::Initialize(231): Initialized metrics collector
- session id: 6b5931f1-ea3d-48ca-b31e-cbdb266bcb86
- device id: 4ca35884-a93a-48fc-ad16-80b2a90aa32e
- application id: Box Tools Win exe
- application name: BoxTools
- application version: 4.28.0.1161
- metric collection url: https://client-log.box.com/index.php?rm=box_gen204_json_record
- metric data path: C:\Users\pcedillo\AppData\Local\Box\Box Tools\Metrics\BoxTools_Metrics.db
- post callback: 05995D6E
- log callback: 05995A26
- context: 00000000
- post interval in seconds: 600
- max records in a post: 100
- max db records: 500
- disable sender: true
[2025-02-21 16:17:25,316] [61   ] [INFO ] [] - Shutting down the metrics collector
[2025-02-21 16:27:25,320] [60   ] [INFO ] [] - Initializing the metrics collector
[2025-02-21 16:27:25,334] [60   ] [INFO ] [] - MetricsCollector::Sender(49): _disableSentMetrics 1
[2025-02-21 16:27:25,335] [60   ] [INFO ] [] - MetricsCollector::Initialize(231): Initialized metrics collector
- session id: 6b5931f1-ea3d-48ca-b31e-cbdb266bcb86
- device id: 4ca35884-a93a-48fc-ad16-80b2a90aa32e
- application id: Box Tools Win exe
- application name: BoxTools
- application version: 4.28.0.1161
- metric collection url: https://client-log.box.com/index.php?rm=box_gen204_json_record
- metric data path: C:\Users\pcedillo\AppData\Local\Box\Box Tools\Metrics\BoxTools_Metrics.db
- post callback: 05995D6E
- log callback: 05995A26
- context: 00000000
- post interval in seconds: 600
- max records in a post: 100
- max db records: 500
- disable sender: true
[2025-02-21 16:27:25,347] [60   ] [INFO ] [] - Shutting down the metrics collector
