[2024-11-29 07:45:07,109] [21   ] [INFO ] [] - Initializing the metrics collector
[2024-11-29 07:45:07,124] [21   ] [INFO ] [] - MetricsCollector::Sender(49): _disableSentMetrics 1
[2024-11-29 07:45:07,124] [21   ] [INFO ] [] - MetricsCollector::Initialize(231): Initialized metrics collector
- session id: 12ee15d7-d155-4aee-9da5-b3c385d33078
- device id: 4ca35884-a93a-48fc-ad16-80b2a90aa32e
- application id: Box Tools Win exe
- application name: BoxTools
- application version: 4.26.1.1109
- metric collection url: https://client-log.box.com/index.php?rm=box_gen204_json_record
- metric data path: C:\Users\pcedillo\AppData\Local\Box\Box Tools\Metrics\BoxTools_Metrics.db
- post callback: 05705A9E
- log callback: 05705AEE
- context: 00000000
- post interval in seconds: 600
- max records in a post: 100
- max db records: 500
- disable sender: true
[2024-11-29 07:45:07,124] [21   ] [INFO ] [] - Shutting down the metrics collector
[2024-11-29 07:55:10,406] [42   ] [INFO ] [] - Initializing the metrics collector
[2024-11-29 07:55:10,416] [42   ] [INFO ] [] - MetricsCollector::Sender(49): _disableSentMetrics 1
[2024-11-29 07:55:10,417] [42   ] [INFO ] [] - MetricsCollector::Initialize(231): Initialized metrics collector
- session id: 12ee15d7-d155-4aee-9da5-b3c385d33078
- device id: 4ca35884-a93a-48fc-ad16-80b2a90aa32e
- application id: Box Tools Win exe
- application name: BoxTools
- application version: 4.26.1.1109
- metric collection url: https://client-log.box.com/index.php?rm=box_gen204_json_record
- metric data path: C:\Users\pcedillo\AppData\Local\Box\Box Tools\Metrics\BoxTools_Metrics.db
- post callback: 05705A9E
- log callback: 05705AEE
- context: 00000000
- post interval in seconds: 600
- max records in a post: 100
- max db records: 500
- disable sender: true
[2024-11-29 07:55:10,430] [42   ] [INFO ] [] - Shutting down the metrics collector
[2024-11-29 08:05:10,309] [42   ] [INFO ] [] - Initializing the metrics collector
[2024-11-29 08:05:10,325] [42   ] [INFO ] [] - MetricsCollector::Sender(49): _disableSentMetrics 1
[2024-11-29 08:05:10,325] [42   ] [INFO ] [] - MetricsCollector::Initialize(231): Initialized metrics collector
- session id: 12ee15d7-d155-4aee-9da5-b3c385d33078
- device id: 4ca35884-a93a-48fc-ad16-80b2a90aa32e
- application id: Box Tools Win exe
- application name: BoxTools
- application version: 4.26.1.1109
- metric collection url: https://client-log.box.com/index.php?rm=box_gen204_json_record
- metric data path: C:\Users\pcedillo\AppData\Local\Box\Box Tools\Metrics\BoxTools_Metrics.db
- post callback: 05705A9E
- log callback: 05705AEE
- context: 00000000
- post interval in seconds: 600
- max records in a post: 100
- max db records: 500
- disable sender: true
[2024-11-29 08:05:10,340] [42   ] [INFO ] [] - Shutting down the metrics collector
[2024-11-29 08:15:10,316] [21   ] [INFO ] [] - Initializing the metrics collector
[2024-11-29 08:15:10,316] [21   ] [INFO ] [] - MetricsCollector::Sender(49): _disableSentMetrics 1
[2024-11-29 08:15:10,316] [21   ] [INFO ] [] - MetricsCollector::Initialize(231): Initialized metrics collector
- session id: 12ee15d7-d155-4aee-9da5-b3c385d33078
- device id: 4ca35884-a93a-48fc-ad16-80b2a90aa32e
- application id: Box Tools Win exe
- application name: BoxTools
- application version: 4.26.1.1109
- metric collection url: https://client-log.box.com/index.php?rm=box_gen204_json_record
- metric data path: C:\Users\pcedillo\AppData\Local\Box\Box Tools\Metrics\BoxTools_Metrics.db
- post callback: 05705A9E
- log callback: 05705AEE
- context: 00000000
- post interval in seconds: 600
- max records in a post: 100
- max db records: 500
- disable sender: true
[2024-11-29 08:15:10,337] [21   ] [INFO ] [] - Shutting down the metrics collector
[2024-11-29 08:25:10,245] [22   ] [INFO ] [] - Initializing the metrics collector
[2024-11-29 08:25:10,245] [22   ] [INFO ] [] - MetricsCollector::Sender(49): _disableSentMetrics 1
[2024-11-29 08:25:10,245] [22   ] [INFO ] [] - MetricsCollector::Initialize(231): Initialized metrics collector
- session id: 12ee15d7-d155-4aee-9da5-b3c385d33078
- device id: 4ca35884-a93a-48fc-ad16-80b2a90aa32e
- application id: Box Tools Win exe
- application name: BoxTools
- application version: 4.26.1.1109
- metric collection url: https://client-log.box.com/index.php?rm=box_gen204_json_record
- metric data path: C:\Users\pcedillo\AppData\Local\Box\Box Tools\Metrics\BoxTools_Metrics.db
- post callback: 05705A9E
- log callback: 05705AEE
- context: 00000000
- post interval in seconds: 600
- max records in a post: 100
- max db records: 500
- disable sender: true
[2024-11-29 08:25:10,254] [22   ] [INFO ] [] - Shutting down the metrics collector
[2024-11-29 08:35:10,223] [12   ] [INFO ] [] - Initializing the metrics collector
[2024-11-29 08:35:10,223] [12   ] [INFO ] [] - MetricsCollector::Sender(49): _disableSentMetrics 1
[2024-11-29 08:35:10,223] [12   ] [INFO ] [] - MetricsCollector::Initialize(231): Initialized metrics collector
- session id: 12ee15d7-d155-4aee-9da5-b3c385d33078
- device id: 4ca35884-a93a-48fc-ad16-80b2a90aa32e
- application id: Box Tools Win exe
- application name: BoxTools
- application version: 4.26.1.1109
- metric collection url: https://client-log.box.com/index.php?rm=box_gen204_json_record
- metric data path: C:\Users\pcedillo\AppData\Local\Box\Box Tools\Metrics\BoxTools_Metrics.db
- post callback: 05705A9E
- log callback: 05705AEE
- context: 00000000
- post interval in seconds: 600
- max records in a post: 100
- max db records: 500
- disable sender: true
[2024-11-29 08:35:10,238] [12   ] [INFO ] [] - Shutting down the metrics collector
[2024-11-29 08:45:10,192] [38   ] [INFO ] [] - Initializing the metrics collector
[2024-11-29 08:45:10,208] [38   ] [INFO ] [] - MetricsCollector::Sender(49): _disableSentMetrics 1
[2024-11-29 08:45:10,208] [38   ] [INFO ] [] - MetricsCollector::Initialize(231): Initialized metrics collector
- session id: 12ee15d7-d155-4aee-9da5-b3c385d33078
- device id: 4ca35884-a93a-48fc-ad16-80b2a90aa32e
- application id: Box Tools Win exe
- application name: BoxTools
- application version: 4.26.1.1109
- metric collection url: https://client-log.box.com/index.php?rm=box_gen204_json_record
- metric data path: C:\Users\pcedillo\AppData\Local\Box\Box Tools\Metrics\BoxTools_Metrics.db
- post callback: 05705A9E
- log callback: 05705AEE
- context: 00000000
- post interval in seconds: 600
- max records in a post: 100
- max db records: 500
- disable sender: true
[2024-11-29 08:45:10,208] [38   ] [INFO ] [] - Shutting down the metrics collector
[2024-11-29 08:55:10,136] [39   ] [INFO ] [] - Initializing the metrics collector
[2024-11-29 08:55:10,151] [39   ] [INFO ] [] - MetricsCollector::Sender(49): _disableSentMetrics 1
[2024-11-29 08:55:10,151] [39   ] [INFO ] [] - MetricsCollector::Initialize(231): Initialized metrics collector
- session id: 12ee15d7-d155-4aee-9da5-b3c385d33078
- device id: 4ca35884-a93a-48fc-ad16-80b2a90aa32e
- application id: Box Tools Win exe
- application name: BoxTools
- application version: 4.26.1.1109
- metric collection url: https://client-log.box.com/index.php?rm=box_gen204_json_record
- metric data path: C:\Users\pcedillo\AppData\Local\Box\Box Tools\Metrics\BoxTools_Metrics.db
- post callback: 05705A9E
- log callback: 05705AEE
- context: 00000000
- post interval in seconds: 600
- max records in a post: 100
- max db records: 500
- disable sender: true
[2024-11-29 08:55:10,151] [39   ] [INFO ] [] - Shutting down the metrics collector
[2024-11-29 09:05:10,123] [3    ] [INFO ] [] - Initializing the metrics collector
[2024-11-29 09:05:10,123] [3    ] [INFO ] [] - MetricsCollector::Sender(49): _disableSentMetrics 1
[2024-11-29 09:05:10,123] [3    ] [INFO ] [] - MetricsCollector::Initialize(231): Initialized metrics collector
- session id: 12ee15d7-d155-4aee-9da5-b3c385d33078
- device id: 4ca35884-a93a-48fc-ad16-80b2a90aa32e
- application id: Box Tools Win exe
- application name: BoxTools
- application version: 4.26.1.1109
- metric collection url: https://client-log.box.com/index.php?rm=box_gen204_json_record
- metric data path: C:\Users\pcedillo\AppData\Local\Box\Box Tools\Metrics\BoxTools_Metrics.db
- post callback: 05705A9E
- log callback: 05705AEE
- context: 00000000
- post interval in seconds: 600
- max records in a post: 100
- max db records: 500
- disable sender: true
[2024-11-29 09:05:10,139] [3    ] [INFO ] [] - Shutting down the metrics collector
[2024-11-29 09:15:10,067] [24   ] [INFO ] [] - Initializing the metrics collector
[2024-11-29 09:15:10,067] [24   ] [INFO ] [] - MetricsCollector::Sender(49): _disableSentMetrics 1
[2024-11-29 09:15:10,067] [24   ] [INFO ] [] - MetricsCollector::Initialize(231): Initialized metrics collector
- session id: 12ee15d7-d155-4aee-9da5-b3c385d33078
- device id: 4ca35884-a93a-48fc-ad16-80b2a90aa32e
- application id: Box Tools Win exe
- application name: BoxTools
- application version: 4.26.1.1109
- metric collection url: https://client-log.box.com/index.php?rm=box_gen204_json_record
- metric data path: C:\Users\pcedillo\AppData\Local\Box\Box Tools\Metrics\BoxTools_Metrics.db
- post callback: 05705A9E
- log callback: 05705AEE
- context: 00000000
- post interval in seconds: 600
- max records in a post: 100
- max db records: 500
- disable sender: true
[2024-11-29 09:15:10,082] [24   ] [INFO ] [] - Shutting down the metrics collector
[2024-11-29 09:25:10,041] [7    ] [INFO ] [] - Initializing the metrics collector
[2024-11-29 09:25:10,041] [7    ] [INFO ] [] - MetricsCollector::Sender(49): _disableSentMetrics 1
[2024-11-29 09:25:10,041] [7    ] [INFO ] [] - MetricsCollector::Initialize(231): Initialized metrics collector
- session id: 12ee15d7-d155-4aee-9da5-b3c385d33078
- device id: 4ca35884-a93a-48fc-ad16-80b2a90aa32e
- application id: Box Tools Win exe
- application name: BoxTools
- application version: 4.26.1.1109
- metric collection url: https://client-log.box.com/index.php?rm=box_gen204_json_record
- metric data path: C:\Users\pcedillo\AppData\Local\Box\Box Tools\Metrics\BoxTools_Metrics.db
- post callback: 05705A9E
- log callback: 05705AEE
- context: 00000000
- post interval in seconds: 600
- max records in a post: 100
- max db records: 500
- disable sender: true
[2024-11-29 09:25:10,066] [7    ] [INFO ] [] - Shutting down the metrics collector
[2024-11-29 09:35:09,997] [36   ] [INFO ] [] - Initializing the metrics collector
[2024-11-29 09:35:10,006] [36   ] [INFO ] [] - MetricsCollector::Sender(49): _disableSentMetrics 1
[2024-11-29 09:35:10,006] [36   ] [INFO ] [] - MetricsCollector::Initialize(231): Initialized metrics collector
- session id: 12ee15d7-d155-4aee-9da5-b3c385d33078
- device id: 4ca35884-a93a-48fc-ad16-80b2a90aa32e
- application id: Box Tools Win exe
- application name: BoxTools
- application version: 4.26.1.1109
- metric collection url: https://client-log.box.com/index.php?rm=box_gen204_json_record
- metric data path: C:\Users\pcedillo\AppData\Local\Box\Box Tools\Metrics\BoxTools_Metrics.db
- post callback: 05705A9E
- log callback: 05705AEE
- context: 00000000
- post interval in seconds: 600
- max records in a post: 100
- max db records: 500
- disable sender: true
[2024-11-29 09:35:10,012] [36   ] [INFO ] [] - Shutting down the metrics collector
[2024-11-29 09:45:09,997] [37   ] [INFO ] [] - Initializing the metrics collector
[2024-11-29 09:45:10,008] [37   ] [INFO ] [] - MetricsCollector::Sender(49): _disableSentMetrics 1
[2024-11-29 09:45:10,008] [37   ] [INFO ] [] - MetricsCollector::Initialize(231): Initialized metrics collector
- session id: 12ee15d7-d155-4aee-9da5-b3c385d33078
- device id: 4ca35884-a93a-48fc-ad16-80b2a90aa32e
- application id: Box Tools Win exe
- application name: BoxTools
- application version: 4.26.1.1109
- metric collection url: https://client-log.box.com/index.php?rm=box_gen204_json_record
- metric data path: C:\Users\pcedillo\AppData\Local\Box\Box Tools\Metrics\BoxTools_Metrics.db
- post callback: 05705A9E
- log callback: 05705AEE
- context: 00000000
- post interval in seconds: 600
- max records in a post: 100
- max db records: 500
- disable sender: true
[2024-11-29 09:45:10,020] [37   ] [INFO ] [] - Shutting down the metrics collector
[2024-11-29 09:55:09,916] [9    ] [INFO ] [] - Initializing the metrics collector
[2024-11-29 09:55:09,929] [9    ] [INFO ] [] - MetricsCollector::Sender(49): _disableSentMetrics 1
[2024-11-29 09:55:09,929] [9    ] [INFO ] [] - MetricsCollector::Initialize(231): Initialized metrics collector
- session id: 12ee15d7-d155-4aee-9da5-b3c385d33078
- device id: 4ca35884-a93a-48fc-ad16-80b2a90aa32e
- application id: Box Tools Win exe
- application name: BoxTools
- application version: 4.26.1.1109
- metric collection url: https://client-log.box.com/index.php?rm=box_gen204_json_record
- metric data path: C:\Users\pcedillo\AppData\Local\Box\Box Tools\Metrics\BoxTools_Metrics.db
- post callback: 05705A9E
- log callback: 05705AEE
- context: 00000000
- post interval in seconds: 600
- max records in a post: 100
- max db records: 500
- disable sender: true
[2024-11-29 09:55:09,933] [9    ] [INFO ] [] - Shutting down the metrics collector
[2024-11-29 10:05:09,915] [15   ] [INFO ] [] - Initializing the metrics collector
[2024-11-29 10:05:09,915] [15   ] [INFO ] [] - MetricsCollector::Sender(49): _disableSentMetrics 1
[2024-11-29 10:05:09,915] [15   ] [INFO ] [] - MetricsCollector::Initialize(231): Initialized metrics collector
- session id: 12ee15d7-d155-4aee-9da5-b3c385d33078
- device id: 4ca35884-a93a-48fc-ad16-80b2a90aa32e
- application id: Box Tools Win exe
- application name: BoxTools
- application version: 4.26.1.1109
- metric collection url: https://client-log.box.com/index.php?rm=box_gen204_json_record
- metric data path: C:\Users\pcedillo\AppData\Local\Box\Box Tools\Metrics\BoxTools_Metrics.db
- post callback: 05705A9E
- log callback: 05705AEE
- context: 00000000
- post interval in seconds: 600
- max records in a post: 100
- max db records: 500
- disable sender: true
[2024-11-29 10:05:09,932] [15   ] [INFO ] [] - Shutting down the metrics collector
[2024-11-29 10:15:09,914] [40   ] [INFO ] [] - Initializing the metrics collector
[2024-11-29 10:15:09,930] [40   ] [INFO ] [] - MetricsCollector::Sender(49): _disableSentMetrics 1
[2024-11-29 10:15:09,930] [40   ] [INFO ] [] - MetricsCollector::Initialize(231): Initialized metrics collector
- session id: 12ee15d7-d155-4aee-9da5-b3c385d33078
- device id: 4ca35884-a93a-48fc-ad16-80b2a90aa32e
- application id: Box Tools Win exe
- application name: BoxTools
- application version: 4.26.1.1109
- metric collection url: https://client-log.box.com/index.php?rm=box_gen204_json_record
- metric data path: C:\Users\pcedillo\AppData\Local\Box\Box Tools\Metrics\BoxTools_Metrics.db
- post callback: 05705A9E
- log callback: 05705AEE
- context: 00000000
- post interval in seconds: 600
- max records in a post: 100
- max db records: 500
- disable sender: true
[2024-11-29 10:15:09,947] [40   ] [INFO ] [] - Shutting down the metrics collector
[2024-11-29 10:25:09,919] [41   ] [INFO ] [] - Initializing the metrics collector
[2024-11-29 10:25:09,930] [41   ] [INFO ] [] - MetricsCollector::Sender(49): _disableSentMetrics 1
[2024-11-29 10:25:09,930] [41   ] [INFO ] [] - MetricsCollector::Initialize(231): Initialized metrics collector
- session id: 12ee15d7-d155-4aee-9da5-b3c385d33078
- device id: 4ca35884-a93a-48fc-ad16-80b2a90aa32e
- application id: Box Tools Win exe
- application name: BoxTools
- application version: 4.26.1.1109
- metric collection url: https://client-log.box.com/index.php?rm=box_gen204_json_record
- metric data path: C:\Users\pcedillo\AppData\Local\Box\Box Tools\Metrics\BoxTools_Metrics.db
- post callback: 05705A9E
- log callback: 05705AEE
- context: 00000000
- post interval in seconds: 600
- max records in a post: 100
- max db records: 500
- disable sender: true
[2024-11-29 10:25:09,942] [41   ] [INFO ] [] - Shutting down the metrics collector
[2024-11-29 10:35:09,928] [23   ] [INFO ] [] - Initializing the metrics collector
[2024-11-29 10:35:09,939] [23   ] [INFO ] [] - MetricsCollector::Sender(49): _disableSentMetrics 1
[2024-11-29 10:35:09,939] [23   ] [INFO ] [] - MetricsCollector::Initialize(231): Initialized metrics collector
- session id: 12ee15d7-d155-4aee-9da5-b3c385d33078
- device id: 4ca35884-a93a-48fc-ad16-80b2a90aa32e
- application id: Box Tools Win exe
- application name: BoxTools
- application version: 4.26.1.1109
- metric collection url: https://client-log.box.com/index.php?rm=box_gen204_json_record
- metric data path: C:\Users\pcedillo\AppData\Local\Box\Box Tools\Metrics\BoxTools_Metrics.db
- post callback: 05705A9E
- log callback: 05705AEE
- context: 00000000
- post interval in seconds: 600
- max records in a post: 100
- max db records: 500
- disable sender: true
[2024-11-29 10:35:09,945] [23   ] [INFO ] [] - Shutting down the metrics collector
[2024-11-29 10:45:09,938] [17   ] [INFO ] [] - Initializing the metrics collector
[2024-11-29 10:45:09,954] [17   ] [INFO ] [] - MetricsCollector::Sender(49): _disableSentMetrics 1
[2024-11-29 10:45:09,954] [17   ] [INFO ] [] - MetricsCollector::Initialize(231): Initialized metrics collector
- session id: 12ee15d7-d155-4aee-9da5-b3c385d33078
- device id: 4ca35884-a93a-48fc-ad16-80b2a90aa32e
- application id: Box Tools Win exe
- application name: BoxTools
- application version: 4.26.1.1109
- metric collection url: https://client-log.box.com/index.php?rm=box_gen204_json_record
- metric data path: C:\Users\pcedillo\AppData\Local\Box\Box Tools\Metrics\BoxTools_Metrics.db
- post callback: 05705A9E
- log callback: 05705AEE
- context: 00000000
- post interval in seconds: 600
- max records in a post: 100
- max db records: 500
- disable sender: true
[2024-11-29 10:45:09,954] [17   ] [INFO ] [] - Shutting down the metrics collector
[2024-11-29 10:55:09,886] [16   ] [INFO ] [] - Initializing the metrics collector
[2024-11-29 10:55:09,894] [16   ] [INFO ] [] - MetricsCollector::Sender(49): _disableSentMetrics 1
[2024-11-29 10:55:09,895] [16   ] [INFO ] [] - MetricsCollector::Initialize(231): Initialized metrics collector
- session id: 12ee15d7-d155-4aee-9da5-b3c385d33078
- device id: 4ca35884-a93a-48fc-ad16-80b2a90aa32e
- application id: Box Tools Win exe
- application name: BoxTools
- application version: 4.26.1.1109
- metric collection url: https://client-log.box.com/index.php?rm=box_gen204_json_record
- metric data path: C:\Users\pcedillo\AppData\Local\Box\Box Tools\Metrics\BoxTools_Metrics.db
- post callback: 05705A9E
- log callback: 05705AEE
- context: 00000000
- post interval in seconds: 600
- max records in a post: 100
- max db records: 500
- disable sender: true
[2024-11-29 10:55:09,900] [16   ] [INFO ] [] - Shutting down the metrics collector
[2024-11-29 11:05:09,720] [28   ] [INFO ] [] - Initializing the metrics collector
[2024-11-29 11:05:09,736] [28   ] [INFO ] [] - MetricsCollector::Sender(49): _disableSentMetrics 1
[2024-11-29 11:05:09,737] [28   ] [INFO ] [] - MetricsCollector::Initialize(231): Initialized metrics collector
- session id: 12ee15d7-d155-4aee-9da5-b3c385d33078
- device id: 4ca35884-a93a-48fc-ad16-80b2a90aa32e
- application id: Box Tools Win exe
- application name: BoxTools
- application version: 4.26.1.1109
- metric collection url: https://client-log.box.com/index.php?rm=box_gen204_json_record
- metric data path: C:\Users\pcedillo\AppData\Local\Box\Box Tools\Metrics\BoxTools_Metrics.db
- post callback: 05705A9E
- log callback: 05705AEE
- context: 00000000
- post interval in seconds: 600
- max records in a post: 100
- max db records: 500
- disable sender: true
[2024-11-29 11:05:09,737] [28   ] [INFO ] [] - Shutting down the metrics collector
[2024-11-29 11:15:09,666] [18   ] [INFO ] [] - Initializing the metrics collector
[2024-11-29 11:15:09,666] [18   ] [INFO ] [] - MetricsCollector::Sender(49): _disableSentMetrics 1
[2024-11-29 11:15:09,666] [18   ] [INFO ] [] - MetricsCollector::Initialize(231): Initialized metrics collector
- session id: 12ee15d7-d155-4aee-9da5-b3c385d33078
- device id: 4ca35884-a93a-48fc-ad16-80b2a90aa32e
- application id: Box Tools Win exe
- application name: BoxTools
- application version: 4.26.1.1109
- metric collection url: https://client-log.box.com/index.php?rm=box_gen204_json_record
- metric data path: C:\Users\pcedillo\AppData\Local\Box\Box Tools\Metrics\BoxTools_Metrics.db
- post callback: 05705A9E
- log callback: 05705AEE
- context: 00000000
- post interval in seconds: 600
- max records in a post: 100
- max db records: 500
- disable sender: true
[2024-11-29 11:15:09,694] [18   ] [INFO ] [] - Shutting down the metrics collector
[2024-11-29 11:25:09,658] [13   ] [INFO ] [] - Initializing the metrics collector
[2024-11-29 11:25:09,674] [13   ] [INFO ] [] - MetricsCollector::Sender(49): _disableSentMetrics 1
[2024-11-29 11:25:09,674] [13   ] [INFO ] [] - MetricsCollector::Initialize(231): Initialized metrics collector
- session id: 12ee15d7-d155-4aee-9da5-b3c385d33078
- device id: 4ca35884-a93a-48fc-ad16-80b2a90aa32e
- application id: Box Tools Win exe
- application name: BoxTools
- application version: 4.26.1.1109
- metric collection url: https://client-log.box.com/index.php?rm=box_gen204_json_record
- metric data path: C:\Users\pcedillo\AppData\Local\Box\Box Tools\Metrics\BoxTools_Metrics.db
- post callback: 05705A9E
- log callback: 05705AEE
- context: 00000000
- post interval in seconds: 600
- max records in a post: 100
- max db records: 500
- disable sender: true
[2024-11-29 11:25:09,674] [13   ] [INFO ] [] - Shutting down the metrics collector
[2024-11-29 11:35:09,588] [29   ] [INFO ] [] - Initializing the metrics collector
[2024-11-29 11:35:09,591] [29   ] [INFO ] [] - MetricsCollector::Sender(49): _disableSentMetrics 1
[2024-11-29 11:35:09,591] [29   ] [INFO ] [] - MetricsCollector::Initialize(231): Initialized metrics collector
- session id: 12ee15d7-d155-4aee-9da5-b3c385d33078
- device id: 4ca35884-a93a-48fc-ad16-80b2a90aa32e
- application id: Box Tools Win exe
- application name: BoxTools
- application version: 4.26.1.1109
- metric collection url: https://client-log.box.com/index.php?rm=box_gen204_json_record
- metric data path: C:\Users\pcedillo\AppData\Local\Box\Box Tools\Metrics\BoxTools_Metrics.db
- post callback: 05705A9E
- log callback: 05705AEE
- context: 00000000
- post interval in seconds: 600
- max records in a post: 100
- max db records: 500
- disable sender: true
[2024-11-29 11:35:09,607] [29   ] [INFO ] [] - Shutting down the metrics collector
[2024-11-29 11:45:09,544] [31   ] [INFO ] [] - Initializing the metrics collector
[2024-11-29 11:45:09,544] [31   ] [INFO ] [] - MetricsCollector::Sender(49): _disableSentMetrics 1
[2024-11-29 11:45:09,544] [31   ] [INFO ] [] - MetricsCollector::Initialize(231): Initialized metrics collector
- session id: 12ee15d7-d155-4aee-9da5-b3c385d33078
- device id: 4ca35884-a93a-48fc-ad16-80b2a90aa32e
- application id: Box Tools Win exe
- application name: BoxTools
- application version: 4.26.1.1109
- metric collection url: https://client-log.box.com/index.php?rm=box_gen204_json_record
- metric data path: C:\Users\pcedillo\AppData\Local\Box\Box Tools\Metrics\BoxTools_Metrics.db
- post callback: 05705A9E
- log callback: 05705AEE
- context: 00000000
- post interval in seconds: 600
- max records in a post: 100
- max db records: 500
- disable sender: true
[2024-11-29 11:45:09,560] [31   ] [INFO ] [] - Shutting down the metrics collector
[2024-11-29 11:55:09,527] [32   ] [INFO ] [] - Initializing the metrics collector
[2024-11-29 11:55:09,533] [32   ] [INFO ] [] - MetricsCollector::Sender(49): _disableSentMetrics 1
[2024-11-29 11:55:09,533] [32   ] [INFO ] [] - MetricsCollector::Initialize(231): Initialized metrics collector
- session id: 12ee15d7-d155-4aee-9da5-b3c385d33078
- device id: 4ca35884-a93a-48fc-ad16-80b2a90aa32e
- application id: Box Tools Win exe
- application name: BoxTools
- application version: 4.26.1.1109
- metric collection url: https://client-log.box.com/index.php?rm=box_gen204_json_record
- metric data path: C:\Users\pcedillo\AppData\Local\Box\Box Tools\Metrics\BoxTools_Metrics.db
- post callback: 05705A9E
- log callback: 05705AEE
- context: 00000000
- post interval in seconds: 600
- max records in a post: 100
- max db records: 500
- disable sender: true
[2024-11-29 11:55:09,533] [32   ] [INFO ] [] - Shutting down the metrics collector
[2024-11-29 12:05:09,488] [33   ] [INFO ] [] - Initializing the metrics collector
[2024-11-29 12:05:09,495] [33   ] [INFO ] [] - MetricsCollector::Sender(49): _disableSentMetrics 1
[2024-11-29 12:05:09,495] [33   ] [INFO ] [] - MetricsCollector::Initialize(231): Initialized metrics collector
- session id: 12ee15d7-d155-4aee-9da5-b3c385d33078
- device id: 4ca35884-a93a-48fc-ad16-80b2a90aa32e
- application id: Box Tools Win exe
- application name: BoxTools
- application version: 4.26.1.1109
- metric collection url: https://client-log.box.com/index.php?rm=box_gen204_json_record
- metric data path: C:\Users\pcedillo\AppData\Local\Box\Box Tools\Metrics\BoxTools_Metrics.db
- post callback: 05705A9E
- log callback: 05705AEE
- context: 00000000
- post interval in seconds: 600
- max records in a post: 100
- max db records: 500
- disable sender: true
[2024-11-29 12:05:09,501] [33   ] [INFO ] [] - Shutting down the metrics collector
[2024-11-29 12:15:09,438] [26   ] [INFO ] [] - Initializing the metrics collector
[2024-11-29 12:15:09,450] [26   ] [INFO ] [] - MetricsCollector::Sender(49): _disableSentMetrics 1
[2024-11-29 12:15:09,451] [26   ] [INFO ] [] - MetricsCollector::Initialize(231): Initialized metrics collector
- session id: 12ee15d7-d155-4aee-9da5-b3c385d33078
- device id: 4ca35884-a93a-48fc-ad16-80b2a90aa32e
- application id: Box Tools Win exe
- application name: BoxTools
- application version: 4.26.1.1109
- metric collection url: https://client-log.box.com/index.php?rm=box_gen204_json_record
- metric data path: C:\Users\pcedillo\AppData\Local\Box\Box Tools\Metrics\BoxTools_Metrics.db
- post callback: 05705A9E
- log callback: 05705AEE
- context: 00000000
- post interval in seconds: 600
- max records in a post: 100
- max db records: 500
- disable sender: true
[2024-11-29 12:15:09,459] [26   ] [INFO ] [] - Shutting down the metrics collector
[2024-11-29 12:25:09,402] [8    ] [INFO ] [] - Initializing the metrics collector
[2024-11-29 12:25:09,402] [8    ] [INFO ] [] - MetricsCollector::Sender(49): _disableSentMetrics 1
[2024-11-29 12:25:09,402] [8    ] [INFO ] [] - MetricsCollector::Initialize(231): Initialized metrics collector
- session id: 12ee15d7-d155-4aee-9da5-b3c385d33078
- device id: 4ca35884-a93a-48fc-ad16-80b2a90aa32e
- application id: Box Tools Win exe
- application name: BoxTools
- application version: 4.26.1.1109
- metric collection url: https://client-log.box.com/index.php?rm=box_gen204_json_record
- metric data path: C:\Users\pcedillo\AppData\Local\Box\Box Tools\Metrics\BoxTools_Metrics.db
- post callback: 05705A9E
- log callback: 05705AEE
- context: 00000000
- post interval in seconds: 600
- max records in a post: 100
- max db records: 500
- disable sender: true
[2024-11-29 12:25:09,417] [8    ] [INFO ] [] - Shutting down the metrics collector
[2024-11-29 12:35:09,385] [14   ] [INFO ] [] - Initializing the metrics collector
[2024-11-29 12:35:09,389] [14   ] [INFO ] [] - MetricsCollector::Sender(49): _disableSentMetrics 1
[2024-11-29 12:35:09,389] [14   ] [INFO ] [] - MetricsCollector::Initialize(231): Initialized metrics collector
- session id: 12ee15d7-d155-4aee-9da5-b3c385d33078
- device id: 4ca35884-a93a-48fc-ad16-80b2a90aa32e
- application id: Box Tools Win exe
- application name: BoxTools
- application version: 4.26.1.1109
- metric collection url: https://client-log.box.com/index.php?rm=box_gen204_json_record
- metric data path: C:\Users\pcedillo\AppData\Local\Box\Box Tools\Metrics\BoxTools_Metrics.db
- post callback: 05705A9E
- log callback: 05705AEE
- context: 00000000
- post interval in seconds: 600
- max records in a post: 100
- max db records: 500
- disable sender: true
[2024-11-29 12:35:09,402] [14   ] [INFO ] [] - Shutting down the metrics collector
[2024-11-29 12:45:09,325] [19   ] [INFO ] [] - Initializing the metrics collector
[2024-11-29 12:45:09,340] [19   ] [INFO ] [] - MetricsCollector::Sender(49): _disableSentMetrics 1
[2024-11-29 12:45:09,340] [19   ] [INFO ] [] - MetricsCollector::Initialize(231): Initialized metrics collector
- session id: 12ee15d7-d155-4aee-9da5-b3c385d33078
- device id: 4ca35884-a93a-48fc-ad16-80b2a90aa32e
- application id: Box Tools Win exe
- application name: BoxTools
- application version: 4.26.1.1109
- metric collection url: https://client-log.box.com/index.php?rm=box_gen204_json_record
- metric data path: C:\Users\pcedillo\AppData\Local\Box\Box Tools\Metrics\BoxTools_Metrics.db
- post callback: 05705A9E
- log callback: 05705AEE
- context: 00000000
- post interval in seconds: 600
- max records in a post: 100
- max db records: 500
- disable sender: true
[2024-11-29 12:45:09,351] [19   ] [INFO ] [] - Shutting down the metrics collector
[2024-11-29 12:55:09,284] [34   ] [INFO ] [] - Initializing the metrics collector
[2024-11-29 12:55:09,284] [34   ] [INFO ] [] - MetricsCollector::Sender(49): _disableSentMetrics 1
[2024-11-29 12:55:09,284] [34   ] [INFO ] [] - MetricsCollector::Initialize(231): Initialized metrics collector
- session id: 12ee15d7-d155-4aee-9da5-b3c385d33078
- device id: 4ca35884-a93a-48fc-ad16-80b2a90aa32e
- application id: Box Tools Win exe
- application name: BoxTools
- application version: 4.26.1.1109
- metric collection url: https://client-log.box.com/index.php?rm=box_gen204_json_record
- metric data path: C:\Users\pcedillo\AppData\Local\Box\Box Tools\Metrics\BoxTools_Metrics.db
- post callback: 05705A9E
- log callback: 05705AEE
- context: 00000000
- post interval in seconds: 600
- max records in a post: 100
- max db records: 500
- disable sender: true
[2024-11-29 12:55:09,306] [34   ] [INFO ] [] - Shutting down the metrics collector
[2024-11-29 13:05:09,266] [35   ] [INFO ] [] - Initializing the metrics collector
[2024-11-29 13:05:09,266] [35   ] [INFO ] [] - MetricsCollector::Sender(49): _disableSentMetrics 1
[2024-11-29 13:05:09,266] [35   ] [INFO ] [] - MetricsCollector::Initialize(231): Initialized metrics collector
- session id: 12ee15d7-d155-4aee-9da5-b3c385d33078
- device id: 4ca35884-a93a-48fc-ad16-80b2a90aa32e
- application id: Box Tools Win exe
- application name: BoxTools
- application version: 4.26.1.1109
- metric collection url: https://client-log.box.com/index.php?rm=box_gen204_json_record
- metric data path: C:\Users\pcedillo\AppData\Local\Box\Box Tools\Metrics\BoxTools_Metrics.db
- post callback: 05705A9E
- log callback: 05705AEE
- context: 00000000
- post interval in seconds: 600
- max records in a post: 100
- max db records: 500
- disable sender: true
[2024-11-29 13:05:09,282] [35   ] [INFO ] [] - Shutting down the metrics collector
[2024-11-29 13:15:09,220] [27   ] [INFO ] [] - Initializing the metrics collector
[2024-11-29 13:15:09,220] [27   ] [INFO ] [] - MetricsCollector::Sender(49): _disableSentMetrics 1
[2024-11-29 13:15:09,220] [27   ] [INFO ] [] - MetricsCollector::Initialize(231): Initialized metrics collector
- session id: 12ee15d7-d155-4aee-9da5-b3c385d33078
- device id: 4ca35884-a93a-48fc-ad16-80b2a90aa32e
- application id: Box Tools Win exe
- application name: BoxTools
- application version: 4.26.1.1109
- metric collection url: https://client-log.box.com/index.php?rm=box_gen204_json_record
- metric data path: C:\Users\pcedillo\AppData\Local\Box\Box Tools\Metrics\BoxTools_Metrics.db
- post callback: 05705A9E
- log callback: 05705AEE
- context: 00000000
- post interval in seconds: 600
- max records in a post: 100
- max db records: 500
- disable sender: true
[2024-11-29 13:15:09,236] [27   ] [INFO ] [] - Shutting down the metrics collector
[2024-11-29 13:25:09,170] [30   ] [INFO ] [] - Initializing the metrics collector
[2024-11-29 13:25:09,177] [30   ] [INFO ] [] - MetricsCollector::Sender(49): _disableSentMetrics 1
[2024-11-29 13:25:09,177] [30   ] [INFO ] [] - MetricsCollector::Initialize(231): Initialized metrics collector
- session id: 12ee15d7-d155-4aee-9da5-b3c385d33078
- device id: 4ca35884-a93a-48fc-ad16-80b2a90aa32e
- application id: Box Tools Win exe
- application name: BoxTools
- application version: 4.26.1.1109
- metric collection url: https://client-log.box.com/index.php?rm=box_gen204_json_record
- metric data path: C:\Users\pcedillo\AppData\Local\Box\Box Tools\Metrics\BoxTools_Metrics.db
- post callback: 05705A9E
- log callback: 05705AEE
- context: 00000000
- post interval in seconds: 600
- max records in a post: 100
- max db records: 500
- disable sender: true
[2024-11-29 13:25:09,186] [30   ] [INFO ] [] - Shutting down the metrics collector
[2024-11-29 13:35:09,161] [25   ] [INFO ] [] - Initializing the metrics collector
[2024-11-29 13:35:09,161] [25   ] [INFO ] [] - MetricsCollector::Sender(49): _disableSentMetrics 1
[2024-11-29 13:35:09,176] [25   ] [INFO ] [] - MetricsCollector::Initialize(231): Initialized metrics collector
- session id: 12ee15d7-d155-4aee-9da5-b3c385d33078
- device id: 4ca35884-a93a-48fc-ad16-80b2a90aa32e
- application id: Box Tools Win exe
- application name: BoxTools
- application version: 4.26.1.1109
- metric collection url: https://client-log.box.com/index.php?rm=box_gen204_json_record
- metric data path: C:\Users\pcedillo\AppData\Local\Box\Box Tools\Metrics\BoxTools_Metrics.db
- post callback: 05705A9E
- log callback: 05705AEE
- context: 00000000
- post interval in seconds: 600
- max records in a post: 100
- max db records: 500
- disable sender: true
[2024-11-29 13:35:09,177] [25   ] [INFO ] [] - Shutting down the metrics collector
[2024-11-29 13:45:09,142] [11   ] [INFO ] [] - Initializing the metrics collector
[2024-11-29 13:45:09,150] [11   ] [INFO ] [] - MetricsCollector::Sender(49): _disableSentMetrics 1
[2024-11-29 13:45:09,150] [11   ] [INFO ] [] - MetricsCollector::Initialize(231): Initialized metrics collector
- session id: 12ee15d7-d155-4aee-9da5-b3c385d33078
- device id: 4ca35884-a93a-48fc-ad16-80b2a90aa32e
- application id: Box Tools Win exe
- application name: BoxTools
- application version: 4.26.1.1109
- metric collection url: https://client-log.box.com/index.php?rm=box_gen204_json_record
- metric data path: C:\Users\pcedillo\AppData\Local\Box\Box Tools\Metrics\BoxTools_Metrics.db
- post callback: 05705A9E
- log callback: 05705AEE
- context: 00000000
- post interval in seconds: 600
- max records in a post: 100
- max db records: 500
- disable sender: true
[2024-11-29 13:45:09,150] [11   ] [INFO ] [] - Shutting down the metrics collector
[2024-11-29 13:55:09,085] [11   ] [INFO ] [] - Initializing the metrics collector
[2024-11-29 13:55:09,089] [11   ] [INFO ] [] - MetricsCollector::Sender(49): _disableSentMetrics 1
[2024-11-29 13:55:09,089] [11   ] [INFO ] [] - MetricsCollector::Initialize(231): Initialized metrics collector
- session id: 12ee15d7-d155-4aee-9da5-b3c385d33078
- device id: 4ca35884-a93a-48fc-ad16-80b2a90aa32e
- application id: Box Tools Win exe
- application name: BoxTools
- application version: 4.26.1.1109
- metric collection url: https://client-log.box.com/index.php?rm=box_gen204_json_record
- metric data path: C:\Users\pcedillo\AppData\Local\Box\Box Tools\Metrics\BoxTools_Metrics.db
- post callback: 05705A9E
- log callback: 05705AEE
- context: 00000000
- post interval in seconds: 600
- max records in a post: 100
- max db records: 500
- disable sender: true
[2024-11-29 13:55:09,094] [11   ] [INFO ] [] - Shutting down the metrics collector
[2024-11-29 14:05:09,056] [25   ] [INFO ] [] - Initializing the metrics collector
[2024-11-29 14:05:09,056] [25   ] [INFO ] [] - MetricsCollector::Sender(49): _disableSentMetrics 1
[2024-11-29 14:05:09,056] [25   ] [INFO ] [] - MetricsCollector::Initialize(231): Initialized metrics collector
- session id: 12ee15d7-d155-4aee-9da5-b3c385d33078
- device id: 4ca35884-a93a-48fc-ad16-80b2a90aa32e
- application id: Box Tools Win exe
- application name: BoxTools
- application version: 4.26.1.1109
- metric collection url: https://client-log.box.com/index.php?rm=box_gen204_json_record
- metric data path: C:\Users\pcedillo\AppData\Local\Box\Box Tools\Metrics\BoxTools_Metrics.db
- post callback: 05705A9E
- log callback: 05705AEE
- context: 00000000
- post interval in seconds: 600
- max records in a post: 100
- max db records: 500
- disable sender: true
[2024-11-29 14:05:09,066] [25   ] [INFO ] [] - Shutting down the metrics collector
[2024-11-29 14:15:09,040] [30   ] [INFO ] [] - Initializing the metrics collector
[2024-11-29 14:15:09,041] [30   ] [INFO ] [] - MetricsCollector::Sender(49): _disableSentMetrics 1
[2024-11-29 14:15:09,041] [30   ] [INFO ] [] - MetricsCollector::Initialize(231): Initialized metrics collector
- session id: 12ee15d7-d155-4aee-9da5-b3c385d33078
- device id: 4ca35884-a93a-48fc-ad16-80b2a90aa32e
- application id: Box Tools Win exe
- application name: BoxTools
- application version: 4.26.1.1109
- metric collection url: https://client-log.box.com/index.php?rm=box_gen204_json_record
- metric data path: C:\Users\pcedillo\AppData\Local\Box\Box Tools\Metrics\BoxTools_Metrics.db
- post callback: 05705A9E
- log callback: 05705AEE
- context: 00000000
- post interval in seconds: 600
- max records in a post: 100
- max db records: 500
- disable sender: true
[2024-11-29 14:15:09,056] [30   ] [INFO ] [] - Shutting down the metrics collector
[2024-11-29 14:25:08,993] [27   ] [INFO ] [] - Initializing the metrics collector
[2024-11-29 14:25:09,003] [27   ] [INFO ] [] - MetricsCollector::Sender(49): _disableSentMetrics 1
[2024-11-29 14:25:09,009] [27   ] [INFO ] [] - MetricsCollector::Initialize(231): Initialized metrics collector
- session id: 12ee15d7-d155-4aee-9da5-b3c385d33078
- device id: 4ca35884-a93a-48fc-ad16-80b2a90aa32e
- application id: Box Tools Win exe
- application name: BoxTools
- application version: 4.26.1.1109
- metric collection url: https://client-log.box.com/index.php?rm=box_gen204_json_record
- metric data path: C:\Users\pcedillo\AppData\Local\Box\Box Tools\Metrics\BoxTools_Metrics.db
- post callback: 05705A9E
- log callback: 05705AEE
- context: 00000000
- post interval in seconds: 600
- max records in a post: 100
- max db records: 500
- disable sender: true
[2024-11-29 14:25:09,009] [27   ] [INFO ] [] - Shutting down the metrics collector
[2024-11-29 14:35:08,927] [35   ] [INFO ] [] - Initializing the metrics collector
[2024-11-29 14:35:08,943] [35   ] [INFO ] [] - MetricsCollector::Sender(49): _disableSentMetrics 1
[2024-11-29 14:35:08,943] [35   ] [INFO ] [] - MetricsCollector::Initialize(231): Initialized metrics collector
- session id: 12ee15d7-d155-4aee-9da5-b3c385d33078
- device id: 4ca35884-a93a-48fc-ad16-80b2a90aa32e
- application id: Box Tools Win exe
- application name: BoxTools
- application version: 4.26.1.1109
- metric collection url: https://client-log.box.com/index.php?rm=box_gen204_json_record
- metric data path: C:\Users\pcedillo\AppData\Local\Box\Box Tools\Metrics\BoxTools_Metrics.db
- post callback: 05705A9E
- log callback: 05705AEE
- context: 00000000
- post interval in seconds: 600
- max records in a post: 100
- max db records: 500
- disable sender: true
[2024-11-29 14:35:08,959] [35   ] [INFO ] [] - Shutting down the metrics collector
[2024-11-29 14:45:08,904] [34   ] [INFO ] [] - Initializing the metrics collector
[2024-11-29 14:45:08,904] [34   ] [INFO ] [] - MetricsCollector::Sender(49): _disableSentMetrics 1
[2024-11-29 14:45:08,904] [34   ] [INFO ] [] - MetricsCollector::Initialize(231): Initialized metrics collector
- session id: 12ee15d7-d155-4aee-9da5-b3c385d33078
- device id: 4ca35884-a93a-48fc-ad16-80b2a90aa32e
- application id: Box Tools Win exe
- application name: BoxTools
- application version: 4.26.1.1109
- metric collection url: https://client-log.box.com/index.php?rm=box_gen204_json_record
- metric data path: C:\Users\pcedillo\AppData\Local\Box\Box Tools\Metrics\BoxTools_Metrics.db
- post callback: 05705A9E
- log callback: 05705AEE
- context: 00000000
- post interval in seconds: 600
- max records in a post: 100
- max db records: 500
- disable sender: true
[2024-11-29 14:45:08,920] [34   ] [INFO ] [] - Shutting down the metrics collector
[2024-11-29 14:55:08,878] [19   ] [INFO ] [] - Initializing the metrics collector
[2024-11-29 14:55:08,883] [19   ] [INFO ] [] - MetricsCollector::Sender(49): _disableSentMetrics 1
[2024-11-29 14:55:08,883] [19   ] [INFO ] [] - MetricsCollector::Initialize(231): Initialized metrics collector
- session id: 12ee15d7-d155-4aee-9da5-b3c385d33078
- device id: 4ca35884-a93a-48fc-ad16-80b2a90aa32e
- application id: Box Tools Win exe
- application name: BoxTools
- application version: 4.26.1.1109
- metric collection url: https://client-log.box.com/index.php?rm=box_gen204_json_record
- metric data path: C:\Users\pcedillo\AppData\Local\Box\Box Tools\Metrics\BoxTools_Metrics.db
- post callback: 05705A9E
- log callback: 05705AEE
- context: 00000000
- post interval in seconds: 600
- max records in a post: 100
- max db records: 500
- disable sender: true
[2024-11-29 14:55:08,905] [19   ] [INFO ] [] - Shutting down the metrics collector
[2024-11-29 15:05:08,809] [14   ] [INFO ] [] - Initializing the metrics collector
[2024-11-29 15:05:08,825] [14   ] [INFO ] [] - MetricsCollector::Sender(49): _disableSentMetrics 1
[2024-11-29 15:05:08,826] [14   ] [INFO ] [] - MetricsCollector::Initialize(231): Initialized metrics collector
- session id: 12ee15d7-d155-4aee-9da5-b3c385d33078
- device id: 4ca35884-a93a-48fc-ad16-80b2a90aa32e
- application id: Box Tools Win exe
- application name: BoxTools
- application version: 4.26.1.1109
- metric collection url: https://client-log.box.com/index.php?rm=box_gen204_json_record
- metric data path: C:\Users\pcedillo\AppData\Local\Box\Box Tools\Metrics\BoxTools_Metrics.db
- post callback: 05705A9E
- log callback: 05705AEE
- context: 00000000
- post interval in seconds: 600
- max records in a post: 100
- max db records: 500
- disable sender: true
[2024-11-29 15:05:08,826] [14   ] [INFO ] [] - Shutting down the metrics collector
[2024-11-29 15:15:08,789] [8    ] [INFO ] [] - Initializing the metrics collector
[2024-11-29 15:15:08,805] [8    ] [INFO ] [] - MetricsCollector::Sender(49): _disableSentMetrics 1
[2024-11-29 15:15:08,806] [8    ] [INFO ] [] - MetricsCollector::Initialize(231): Initialized metrics collector
- session id: 12ee15d7-d155-4aee-9da5-b3c385d33078
- device id: 4ca35884-a93a-48fc-ad16-80b2a90aa32e
- application id: Box Tools Win exe
- application name: BoxTools
- application version: 4.26.1.1109
- metric collection url: https://client-log.box.com/index.php?rm=box_gen204_json_record
- metric data path: C:\Users\pcedillo\AppData\Local\Box\Box Tools\Metrics\BoxTools_Metrics.db
- post callback: 05705A9E
- log callback: 05705AEE
- context: 00000000
- post interval in seconds: 600
- max records in a post: 100
- max db records: 500
- disable sender: true
[2024-11-29 15:15:08,806] [8    ] [INFO ] [] - Shutting down the metrics collector
[2024-11-29 15:25:08,765] [26   ] [INFO ] [] - Initializing the metrics collector
[2024-11-29 15:25:08,780] [26   ] [INFO ] [] - MetricsCollector::Sender(49): _disableSentMetrics 1
[2024-11-29 15:25:08,780] [26   ] [INFO ] [] - MetricsCollector::Initialize(231): Initialized metrics collector
- session id: 12ee15d7-d155-4aee-9da5-b3c385d33078
- device id: 4ca35884-a93a-48fc-ad16-80b2a90aa32e
- application id: Box Tools Win exe
- application name: BoxTools
- application version: 4.26.1.1109
- metric collection url: https://client-log.box.com/index.php?rm=box_gen204_json_record
- metric data path: C:\Users\pcedillo\AppData\Local\Box\Box Tools\Metrics\BoxTools_Metrics.db
- post callback: 05705A9E
- log callback: 05705AEE
- context: 00000000
- post interval in seconds: 600
- max records in a post: 100
- max db records: 500
- disable sender: true
[2024-11-29 15:25:08,780] [26   ] [INFO ] [] - Shutting down the metrics collector
[2024-11-29 15:35:08,710] [26   ] [INFO ] [] - Initializing the metrics collector
[2024-11-29 15:35:08,725] [26   ] [INFO ] [] - MetricsCollector::Sender(49): _disableSentMetrics 1
[2024-11-29 15:35:08,725] [26   ] [INFO ] [] - MetricsCollector::Initialize(231): Initialized metrics collector
- session id: 12ee15d7-d155-4aee-9da5-b3c385d33078
- device id: 4ca35884-a93a-48fc-ad16-80b2a90aa32e
- application id: Box Tools Win exe
- application name: BoxTools
- application version: 4.26.1.1109
- metric collection url: https://client-log.box.com/index.php?rm=box_gen204_json_record
- metric data path: C:\Users\pcedillo\AppData\Local\Box\Box Tools\Metrics\BoxTools_Metrics.db
- post callback: 05705A9E
- log callback: 05705AEE
- context: 00000000
- post interval in seconds: 600
- max records in a post: 100
- max db records: 500
- disable sender: true
[2024-11-29 15:35:08,725] [26   ] [INFO ] [] - Shutting down the metrics collector
[2024-11-29 15:45:08,686] [8    ] [INFO ] [] - Initializing the metrics collector
[2024-11-29 15:45:08,686] [8    ] [INFO ] [] - MetricsCollector::Sender(49): _disableSentMetrics 1
[2024-11-29 15:45:08,686] [8    ] [INFO ] [] - MetricsCollector::Initialize(231): Initialized metrics collector
- session id: 12ee15d7-d155-4aee-9da5-b3c385d33078
- device id: 4ca35884-a93a-48fc-ad16-80b2a90aa32e
- application id: Box Tools Win exe
- application name: BoxTools
- application version: 4.26.1.1109
- metric collection url: https://client-log.box.com/index.php?rm=box_gen204_json_record
- metric data path: C:\Users\pcedillo\AppData\Local\Box\Box Tools\Metrics\BoxTools_Metrics.db
- post callback: 05705A9E
- log callback: 05705AEE
- context: 00000000
- post interval in seconds: 600
- max records in a post: 100
- max db records: 500
- disable sender: true
[2024-11-29 15:45:08,701] [8    ] [INFO ] [] - Shutting down the metrics collector
[2024-11-29 15:55:08,674] [14   ] [INFO ] [] - Initializing the metrics collector
[2024-11-29 15:55:08,674] [14   ] [INFO ] [] - MetricsCollector::Sender(49): _disableSentMetrics 1
[2024-11-29 15:55:08,690] [14   ] [INFO ] [] - MetricsCollector::Initialize(231): Initialized metrics collector
- session id: 12ee15d7-d155-4aee-9da5-b3c385d33078
- device id: 4ca35884-a93a-48fc-ad16-80b2a90aa32e
- application id: Box Tools Win exe
- application name: BoxTools
- application version: 4.26.1.1109
- metric collection url: https://client-log.box.com/index.php?rm=box_gen204_json_record
- metric data path: C:\Users\pcedillo\AppData\Local\Box\Box Tools\Metrics\BoxTools_Metrics.db
- post callback: 05705A9E
- log callback: 05705AEE
- context: 00000000
- post interval in seconds: 600
- max records in a post: 100
- max db records: 500
- disable sender: true
[2024-11-29 15:55:08,703] [14   ] [INFO ] [] - Shutting down the metrics collector
[2024-11-29 16:05:08,657] [19   ] [INFO ] [] - Initializing the metrics collector
[2024-11-29 16:05:08,659] [19   ] [INFO ] [] - MetricsCollector::Sender(49): _disableSentMetrics 1
[2024-11-29 16:05:08,659] [19   ] [INFO ] [] - MetricsCollector::Initialize(231): Initialized metrics collector
- session id: 12ee15d7-d155-4aee-9da5-b3c385d33078
- device id: 4ca35884-a93a-48fc-ad16-80b2a90aa32e
- application id: Box Tools Win exe
- application name: BoxTools
- application version: 4.26.1.1109
- metric collection url: https://client-log.box.com/index.php?rm=box_gen204_json_record
- metric data path: C:\Users\pcedillo\AppData\Local\Box\Box Tools\Metrics\BoxTools_Metrics.db
- post callback: 05705A9E
- log callback: 05705AEE
- context: 00000000
- post interval in seconds: 600
- max records in a post: 100
- max db records: 500
- disable sender: true
[2024-11-29 16:05:08,659] [19   ] [INFO ] [] - Shutting down the metrics collector
[2024-11-29 16:15:08,651] [34   ] [INFO ] [] - Initializing the metrics collector
[2024-11-29 16:15:08,668] [34   ] [INFO ] [] - MetricsCollector::Sender(49): _disableSentMetrics 1
[2024-11-29 16:15:08,675] [34   ] [INFO ] [] - MetricsCollector::Initialize(231): Initialized metrics collector
- session id: 12ee15d7-d155-4aee-9da5-b3c385d33078
- device id: 4ca35884-a93a-48fc-ad16-80b2a90aa32e
- application id: Box Tools Win exe
- application name: BoxTools
- application version: 4.26.1.1109
- metric collection url: https://client-log.box.com/index.php?rm=box_gen204_json_record
- metric data path: C:\Users\pcedillo\AppData\Local\Box\Box Tools\Metrics\BoxTools_Metrics.db
- post callback: 05705A9E
- log callback: 05705AEE
- context: 00000000
- post interval in seconds: 600
- max records in a post: 100
- max db records: 500
- disable sender: true
[2024-11-29 16:15:08,688] [34   ] [INFO ] [] - Shutting down the metrics collector
[2024-11-29 16:25:08,641] [35   ] [INFO ] [] - Initializing the metrics collector
[2024-11-29 16:25:08,665] [35   ] [INFO ] [] - MetricsCollector::Sender(49): _disableSentMetrics 1
[2024-11-29 16:25:08,665] [35   ] [INFO ] [] - MetricsCollector::Initialize(231): Initialized metrics collector
- session id: 12ee15d7-d155-4aee-9da5-b3c385d33078
- device id: 4ca35884-a93a-48fc-ad16-80b2a90aa32e
- application id: Box Tools Win exe
- application name: BoxTools
- application version: 4.26.1.1109
- metric collection url: https://client-log.box.com/index.php?rm=box_gen204_json_record
- metric data path: C:\Users\pcedillo\AppData\Local\Box\Box Tools\Metrics\BoxTools_Metrics.db
- post callback: 05705A9E
- log callback: 05705AEE
- context: 00000000
- post interval in seconds: 600
- max records in a post: 100
- max db records: 500
- disable sender: true
[2024-11-29 16:25:08,683] [35   ] [INFO ] [] - Shutting down the metrics collector
[2024-11-29 16:35:08,643] [27   ] [INFO ] [] - Initializing the metrics collector
[2024-11-29 16:35:08,675] [27   ] [INFO ] [] - MetricsCollector::Sender(49): _disableSentMetrics 1
[2024-11-29 16:35:08,675] [27   ] [INFO ] [] - MetricsCollector::Initialize(231): Initialized metrics collector
- session id: 12ee15d7-d155-4aee-9da5-b3c385d33078
- device id: 4ca35884-a93a-48fc-ad16-80b2a90aa32e
- application id: Box Tools Win exe
- application name: BoxTools
- application version: 4.26.1.1109
- metric collection url: https://client-log.box.com/index.php?rm=box_gen204_json_record
- metric data path: C:\Users\pcedillo\AppData\Local\Box\Box Tools\Metrics\BoxTools_Metrics.db
- post callback: 05705A9E
- log callback: 05705AEE
- context: 00000000
- post interval in seconds: 600
- max records in a post: 100
- max db records: 500
- disable sender: true
[2024-11-29 16:35:08,692] [27   ] [INFO ] [] - Shutting down the metrics collector
[2024-11-29 16:45:08,567] [30   ] [INFO ] [] - Initializing the metrics collector
[2024-11-29 16:45:08,588] [30   ] [INFO ] [] - MetricsCollector::Sender(49): _disableSentMetrics 1
[2024-11-29 16:45:08,588] [30   ] [INFO ] [] - MetricsCollector::Initialize(231): Initialized metrics collector
- session id: 12ee15d7-d155-4aee-9da5-b3c385d33078
- device id: 4ca35884-a93a-48fc-ad16-80b2a90aa32e
- application id: Box Tools Win exe
- application name: BoxTools
- application version: 4.26.1.1109
- metric collection url: https://client-log.box.com/index.php?rm=box_gen204_json_record
- metric data path: C:\Users\pcedillo\AppData\Local\Box\Box Tools\Metrics\BoxTools_Metrics.db
- post callback: 05705A9E
- log callback: 05705AEE
- context: 00000000
- post interval in seconds: 600
- max records in a post: 100
- max db records: 500
- disable sender: true
[2024-11-29 16:45:08,602] [30   ] [INFO ] [] - Shutting down the metrics collector
