[2025-05-14 07:52:16,108] [36   ] [INFO ] [] - Initializing the metrics collector
[2025-05-14 07:52:16,230] [36   ] [INFO ] [] - MetricsCollector::Sender(49): _disableSentMetrics 1
[2025-05-14 07:52:16,233] [36   ] [INFO ] [] - MetricsCollector::Initialize(231): Initialized metrics collector
- session id: d24a9342-5ca6-49b8-b791-21820418c456
- device id: 4ca35884-a93a-48fc-ad16-80b2a90aa32e
- application id: Box Tools Win exe
- application name: BoxTools
- application version: 4.28.1.1163
- metric collection url: https://client-log.box.com/index.php?rm=box_gen204_json_record
- metric data path: C:\Users\pcedillo\AppData\Local\Box\Box Tools\Metrics\BoxTools_Metrics_EFD61745.db
- post callback: 05945A26
- log callback: 05945A9E
- context: 00000000
- post interval in seconds: 600
- max records in a post: 100
- max db records: 500
- disable sender: true
[2025-05-14 07:52:16,314] [36   ] [INFO ] [] - Shutting down the metrics collector
[2025-05-14 08:02:17,852] [36   ] [INFO ] [] - Initializing the metrics collector
[2025-05-14 08:02:18,028] [36   ] [INFO ] [] - MetricsCollector::Sender(49): _disableSentMetrics 1
[2025-05-14 08:02:18,053] [36   ] [INFO ] [] - MetricsCollector::Initialize(231): Initialized metrics collector
- session id: d24a9342-5ca6-49b8-b791-21820418c456
- device id: 4ca35884-a93a-48fc-ad16-80b2a90aa32e
- application id: Box Tools Win exe
- application name: BoxTools
- application version: 4.28.1.1163
- metric collection url: https://client-log.box.com/index.php?rm=box_gen204_json_record
- metric data path: C:\Users\pcedillo\AppData\Local\Box\Box Tools\Metrics\BoxTools_Metrics_EFD61745.db
- post callback: 05945A26
- log callback: 05945A9E
- context: 00000000
- post interval in seconds: 600
- max records in a post: 100
- max db records: 500
- disable sender: true
[2025-05-14 08:02:18,401] [36   ] [INFO ] [] - Shutting down the metrics collector
[2025-05-14 08:12:17,950] [35   ] [INFO ] [] - Initializing the metrics collector
[2025-05-14 08:12:18,009] [35   ] [INFO ] [] - MetricsCollector::Sender(49): _disableSentMetrics 1
[2025-05-14 08:12:18,011] [35   ] [INFO ] [] - MetricsCollector::Initialize(231): Initialized metrics collector
- session id: d24a9342-5ca6-49b8-b791-21820418c456
- device id: 4ca35884-a93a-48fc-ad16-80b2a90aa32e
- application id: Box Tools Win exe
- application name: BoxTools
- application version: 4.28.1.1163
- metric collection url: https://client-log.box.com/index.php?rm=box_gen204_json_record
- metric data path: C:\Users\pcedillo\AppData\Local\Box\Box Tools\Metrics\BoxTools_Metrics_EFD61745.db
- post callback: 05945A26
- log callback: 05945A9E
- context: 00000000
- post interval in seconds: 600
- max records in a post: 100
- max db records: 500
- disable sender: true
[2025-05-14 08:12:18,073] [35   ] [INFO ] [] - Shutting down the metrics collector
[2025-05-14 08:22:17,933] [35   ] [INFO ] [] - Initializing the metrics collector
[2025-05-14 08:22:17,950] [35   ] [INFO ] [] - MetricsCollector::Sender(49): _disableSentMetrics 1
[2025-05-14 08:22:17,950] [35   ] [INFO ] [] - MetricsCollector::Initialize(231): Initialized metrics collector
- session id: d24a9342-5ca6-49b8-b791-21820418c456
- device id: 4ca35884-a93a-48fc-ad16-80b2a90aa32e
- application id: Box Tools Win exe
- application name: BoxTools
- application version: 4.28.1.1163
- metric collection url: https://client-log.box.com/index.php?rm=box_gen204_json_record
- metric data path: C:\Users\pcedillo\AppData\Local\Box\Box Tools\Metrics\BoxTools_Metrics_EFD61745.db
- post callback: 05945A26
- log callback: 05945A9E
- context: 00000000
- post interval in seconds: 600
- max records in a post: 100
- max db records: 500
- disable sender: true
[2025-05-14 08:22:17,989] [35   ] [INFO ] [] - Shutting down the metrics collector
[2025-05-14 08:32:18,100] [35   ] [INFO ] [] - Initializing the metrics collector
[2025-05-14 08:32:18,272] [35   ] [INFO ] [] - MetricsCollector::Sender(49): _disableSentMetrics 1
[2025-05-14 08:32:18,314] [35   ] [INFO ] [] - MetricsCollector::Initialize(231): Initialized metrics collector
- session id: d24a9342-5ca6-49b8-b791-21820418c456
- device id: 4ca35884-a93a-48fc-ad16-80b2a90aa32e
- application id: Box Tools Win exe
- application name: BoxTools
- application version: 4.28.1.1163
- metric collection url: https://client-log.box.com/index.php?rm=box_gen204_json_record
- metric data path: C:\Users\pcedillo\AppData\Local\Box\Box Tools\Metrics\BoxTools_Metrics_EFD61745.db
- post callback: 05945A26
- log callback: 05945A9E
- context: 00000000
- post interval in seconds: 600
- max records in a post: 100
- max db records: 500
- disable sender: true
[2025-05-14 08:32:18,673] [35   ] [INFO ] [] - Shutting down the metrics collector
[2025-05-14 08:42:18,127] [39   ] [INFO ] [] - Initializing the metrics collector
[2025-05-14 08:42:18,161] [39   ] [INFO ] [] - MetricsCollector::Sender(49): _disableSentMetrics 1
[2025-05-14 08:42:18,164] [39   ] [INFO ] [] - MetricsCollector::Initialize(231): Initialized metrics collector
- session id: d24a9342-5ca6-49b8-b791-21820418c456
- device id: 4ca35884-a93a-48fc-ad16-80b2a90aa32e
- application id: Box Tools Win exe
- application name: BoxTools
- application version: 4.28.1.1163
- metric collection url: https://client-log.box.com/index.php?rm=box_gen204_json_record
- metric data path: C:\Users\pcedillo\AppData\Local\Box\Box Tools\Metrics\BoxTools_Metrics_EFD61745.db
- post callback: 05945A26
- log callback: 05945A9E
- context: 00000000
- post interval in seconds: 600
- max records in a post: 100
- max db records: 500
- disable sender: true
[2025-05-14 08:42:18,212] [39   ] [INFO ] [] - Shutting down the metrics collector
[2025-05-14 08:52:18,081] [39   ] [INFO ] [] - Initializing the metrics collector
[2025-05-14 08:52:19,196] [39   ] [INFO ] [] - MetricsCollector::Sender(49): _disableSentMetrics 1
[2025-05-14 08:52:19,199] [39   ] [INFO ] [] - MetricsCollector::Initialize(231): Initialized metrics collector
- session id: d24a9342-5ca6-49b8-b791-21820418c456
- device id: 4ca35884-a93a-48fc-ad16-80b2a90aa32e
- application id: Box Tools Win exe
- application name: BoxTools
- application version: 4.28.1.1163
- metric collection url: https://client-log.box.com/index.php?rm=box_gen204_json_record
- metric data path: C:\Users\pcedillo\AppData\Local\Box\Box Tools\Metrics\BoxTools_Metrics_EFD61745.db
- post callback: 05945A26
- log callback: 05945A9E
- context: 00000000
- post interval in seconds: 600
- max records in a post: 100
- max db records: 500
- disable sender: true
[2025-05-14 08:52:20,692] [39   ] [INFO ] [] - Shutting down the metrics collector
[2025-05-14 09:02:18,176] [39   ] [INFO ] [] - Initializing the metrics collector
[2025-05-14 09:02:18,196] [39   ] [INFO ] [] - MetricsCollector::Sender(49): _disableSentMetrics 1
[2025-05-14 09:02:18,197] [39   ] [INFO ] [] - MetricsCollector::Initialize(231): Initialized metrics collector
- session id: d24a9342-5ca6-49b8-b791-21820418c456
- device id: 4ca35884-a93a-48fc-ad16-80b2a90aa32e
- application id: Box Tools Win exe
- application name: BoxTools
- application version: 4.28.1.1163
- metric collection url: https://client-log.box.com/index.php?rm=box_gen204_json_record
- metric data path: C:\Users\pcedillo\AppData\Local\Box\Box Tools\Metrics\BoxTools_Metrics_EFD61745.db
- post callback: 05945A26
- log callback: 05945A9E
- context: 00000000
- post interval in seconds: 600
- max records in a post: 100
- max db records: 500
- disable sender: true
[2025-05-14 09:02:18,221] [39   ] [INFO ] [] - Shutting down the metrics collector
[2025-05-14 09:12:19,471] [39   ] [INFO ] [] - Initializing the metrics collector
[2025-05-14 09:12:20,170] [39   ] [INFO ] [] - MetricsCollector::Sender(49): _disableSentMetrics 1
[2025-05-14 09:12:20,173] [39   ] [INFO ] [] - MetricsCollector::Initialize(231): Initialized metrics collector
- session id: d24a9342-5ca6-49b8-b791-21820418c456
- device id: 4ca35884-a93a-48fc-ad16-80b2a90aa32e
- application id: Box Tools Win exe
- application name: BoxTools
- application version: 4.28.1.1163
- metric collection url: https://client-log.box.com/index.php?rm=box_gen204_json_record
- metric data path: C:\Users\pcedillo\AppData\Local\Box\Box Tools\Metrics\BoxTools_Metrics_EFD61745.db
- post callback: 05945A26
- log callback: 05945A9E
- context: 00000000
- post interval in seconds: 600
- max records in a post: 100
- max db records: 500
- disable sender: true
[2025-05-14 09:12:21,606] [39   ] [INFO ] [] - Shutting down the metrics collector
[2025-05-14 09:22:19,694] [36   ] [INFO ] [] - Initializing the metrics collector
[2025-05-14 09:22:19,711] [36   ] [INFO ] [] - MetricsCollector::Sender(49): _disableSentMetrics 1
[2025-05-14 09:22:19,712] [36   ] [INFO ] [] - MetricsCollector::Initialize(231): Initialized metrics collector
- session id: d24a9342-5ca6-49b8-b791-21820418c456
- device id: 4ca35884-a93a-48fc-ad16-80b2a90aa32e
- application id: Box Tools Win exe
- application name: BoxTools
- application version: 4.28.1.1163
- metric collection url: https://client-log.box.com/index.php?rm=box_gen204_json_record
- metric data path: C:\Users\pcedillo\AppData\Local\Box\Box Tools\Metrics\BoxTools_Metrics_EFD61745.db
- post callback: 05945A26
- log callback: 05945A9E
- context: 00000000
- post interval in seconds: 600
- max records in a post: 100
- max db records: 500
- disable sender: true
[2025-05-14 09:22:19,736] [36   ] [INFO ] [] - Shutting down the metrics collector
[2025-05-14 09:24:55,544] [35   ] [INFO ] [] - Scheduling next upgrade check: Delay
[2025-05-14 09:24:55,603] [35   ] [INFO ] [] - Next autoupgrade timer will fire after: 1.00:00:00
[2025-05-14 09:24:55,605] [35   ] [INFO ] [] - Checking for upgrade
[2025-05-14 09:24:55,613] [35   ] [INFO ] [] - .NET Version - installed 533320, expected: 528040
[2025-05-14 09:24:55,618] [35   ] [INFO ] [] - result: True
[2025-05-14 09:24:55,662] [35   ] [INFO ] [] - Checking for upgrades
[2025-05-14 09:24:55,669] [35   ] [INFO ] [] - Url used to upgrade: https://cdn07.boxcdn.net/BoxEditAutoupdate2.json
[2025-05-14 09:24:56,742] [35   ] [INFO ] [] - ### current version track name: 4.28.1
[2025-05-14 09:24:56,749] [35   ] [INFO ] [] - No custom track name in registry
[2025-05-14 09:24:56,752] [35   ] [WARN ] [] - Track 4.28.1 not found
[2025-05-14 09:24:56,754] [35   ] [INFO ] [] - Track default for upgrade found
[2025-05-14 09:24:56,758] [35   ] [INFO ] [] - RolloutID set to 61
[2025-05-14 09:24:56,760] [35   ] [INFO ] [] - Newer version found 4.29.0.1189
[2025-05-14 09:24:58,134] [35   ] [INFO ] [] - Looking for previously downloaded C:\Users\pcedillo\AppData\Local\Temp\Box\BoxTools\Downloads\BoxToolsUpgrade.msi.zip, checksum: e93abe4811f906f83eeebc42e35a0eac8c9470f3
[2025-05-14 09:24:58,175] [35   ] [INFO ] [] - Cached installer was not found
[2025-05-14 09:25:02,118] [35   ] [INFO ] [] - Download of upgrade https://e3.boxcdn.net/boxedit/upgrades/win/BoxToolsInstaller-UserUpgrade-4.29.0.1189.msi.zip to C:\Users\pcedillo\AppData\Local\Temp\Box\BoxTools\Downloads\BoxToolsUpgrade.msi.zip completed
[2025-05-14 09:25:02,675] [35   ] [INFO ] [] - Upgrade verified correctly and passed SHA1 verification
[2025-05-14 09:25:04,139] [35   ] [INFO ] [] - Upgrade extracted
[2025-05-14 09:25:07,088] [35   ] [INFO ] [] - Installing upgrade
[2025-05-14 09:25:07,892] [35   ] [INFO ] [] - Check for updates returned Success
[2025-05-14 09:25:07,897] [35   ] [INFO ] [] - Scheduling next upgrade check: Reset
[2025-05-14 09:25:07,901] [35   ] [INFO ] [] - Next autoupgrade timer will fire after: 05:11:00
[2025-05-14 09:25:07,999] [35   ] [INFO ] [] - Recorded AU metric.
[2025-05-14 09:25:08,007] [41   ] [INFO ] [] - Initializing the metrics collector
[2025-05-14 09:25:08,034] [41   ] [INFO ] [] - MetricsCollector::Sender(49): _disableSentMetrics 1
[2025-05-14 09:25:08,035] [41   ] [INFO ] [] - MetricsCollector::Initialize(231): Initialized metrics collector
- session id: d24a9342-5ca6-49b8-b791-21820418c456
- device id: 4ca35884-a93a-48fc-ad16-80b2a90aa32e
- application id: Box Tools Win exe
- application name: BoxTools
- application version: 4.28.1.1163
- metric collection url: https://client-log.box.com/index.php?rm=box_gen204_json_record
- metric data path: C:\Users\pcedillo\AppData\Local\Box\Box Tools\Metrics\BoxTools_Metrics_EFD61745.db
- post callback: 05945A4E
- log callback: 05945A9E
- context: 00000000
- post interval in seconds: 600
- max records in a post: 100
- max db records: 500
- disable sender: true
[2025-05-14 09:25:08,140] [41   ] [INFO ] [] - Recording metric - name: plugins_metrics_autoupgrade
[2025-05-14 09:25:08,211] [41   ] [INFO ] [] - Shutting down the metrics collector
