[2025-03-21 07:51:49,728] [14   ] [INFO ] [] - Initializing the metrics collector
[2025-03-21 07:51:49,740] [14   ] [INFO ] [] - MetricsCollector::Sender(49): _disableSentMetrics 1
[2025-03-21 07:51:49,740] [14   ] [INFO ] [] - MetricsCollector::Initialize(231): Initialized metrics collector
- session id: 3f509721-13c5-41b4-9e7f-7044101162fe
- device id: 4ca35884-a93a-48fc-ad16-80b2a90aa32e
- application id: Box Tools Win exe
- application name: BoxTools
- application version: 4.28.1.1163
- metric collection url: https://client-log.box.com/index.php?rm=box_gen204_json_record
- metric data path: C:\Users\pcedillo\AppData\Local\Box\Box Tools\Metrics\BoxTools_Metrics_EFD61745.db
- post callback: 05F15C56
- log callback: 05F15D6E
- context: 00000000
- post interval in seconds: 600
- max records in a post: 100
- max db records: 500
- disable sender: true
[2025-03-21 07:51:49,746] [14   ] [INFO ] [] - Shutting down the metrics collector
[2025-03-21 08:01:49,733] [9    ] [INFO ] [] - Initializing the metrics collector
[2025-03-21 08:01:49,745] [9    ] [INFO ] [] - MetricsCollector::Sender(49): _disableSentMetrics 1
[2025-03-21 08:01:49,746] [9    ] [INFO ] [] - MetricsCollector::Initialize(231): Initialized metrics collector
- session id: 3f509721-13c5-41b4-9e7f-7044101162fe
- device id: 4ca35884-a93a-48fc-ad16-80b2a90aa32e
- application id: Box Tools Win exe
- application name: BoxTools
- application version: 4.28.1.1163
- metric collection url: https://client-log.box.com/index.php?rm=box_gen204_json_record
- metric data path: C:\Users\pcedillo\AppData\Local\Box\Box Tools\Metrics\BoxTools_Metrics_EFD61745.db
- post callback: 05F15C56
- log callback: 05F15D6E
- context: 00000000
- post interval in seconds: 600
- max records in a post: 100
- max db records: 500
- disable sender: true
[2025-03-21 08:01:49,755] [9    ] [INFO ] [] - Shutting down the metrics collector
[2025-03-21 08:11:49,740] [14   ] [INFO ] [] - Initializing the metrics collector
[2025-03-21 08:11:49,753] [14   ] [INFO ] [] - MetricsCollector::Sender(49): _disableSentMetrics 1
[2025-03-21 08:11:49,755] [14   ] [INFO ] [] - MetricsCollector::Initialize(231): Initialized metrics collector
- session id: 3f509721-13c5-41b4-9e7f-7044101162fe
- device id: 4ca35884-a93a-48fc-ad16-80b2a90aa32e
- application id: Box Tools Win exe
- application name: BoxTools
- application version: 4.28.1.1163
- metric collection url: https://client-log.box.com/index.php?rm=box_gen204_json_record
- metric data path: C:\Users\pcedillo\AppData\Local\Box\Box Tools\Metrics\BoxTools_Metrics_EFD61745.db
- post callback: 05F15C56
- log callback: 05F15D6E
- context: 00000000
- post interval in seconds: 600
- max records in a post: 100
- max db records: 500
- disable sender: true
[2025-03-21 08:11:49,766] [14   ] [INFO ] [] - Shutting down the metrics collector
[2025-03-21 08:21:49,752] [7    ] [INFO ] [] - Initializing the metrics collector
[2025-03-21 08:21:49,763] [7    ] [INFO ] [] - MetricsCollector::Sender(49): _disableSentMetrics 1
[2025-03-21 08:21:49,763] [7    ] [INFO ] [] - MetricsCollector::Initialize(231): Initialized metrics collector
- session id: 3f509721-13c5-41b4-9e7f-7044101162fe
- device id: 4ca35884-a93a-48fc-ad16-80b2a90aa32e
- application id: Box Tools Win exe
- application name: BoxTools
- application version: 4.28.1.1163
- metric collection url: https://client-log.box.com/index.php?rm=box_gen204_json_record
- metric data path: C:\Users\pcedillo\AppData\Local\Box\Box Tools\Metrics\BoxTools_Metrics_EFD61745.db
- post callback: 05F15C56
- log callback: 05F15D6E
- context: 00000000
- post interval in seconds: 600
- max records in a post: 100
- max db records: 500
- disable sender: true
[2025-03-21 08:21:49,773] [7    ] [INFO ] [] - Shutting down the metrics collector
[2025-03-21 08:31:49,756] [13   ] [INFO ] [] - Initializing the metrics collector
[2025-03-21 08:31:49,765] [13   ] [INFO ] [] - MetricsCollector::Sender(49): _disableSentMetrics 1
[2025-03-21 08:31:49,765] [13   ] [INFO ] [] - MetricsCollector::Initialize(231): Initialized metrics collector
- session id: 3f509721-13c5-41b4-9e7f-7044101162fe
- device id: 4ca35884-a93a-48fc-ad16-80b2a90aa32e
- application id: Box Tools Win exe
- application name: BoxTools
- application version: 4.28.1.1163
- metric collection url: https://client-log.box.com/index.php?rm=box_gen204_json_record
- metric data path: C:\Users\pcedillo\AppData\Local\Box\Box Tools\Metrics\BoxTools_Metrics_EFD61745.db
- post callback: 05F15C56
- log callback: 05F15D6E
- context: 00000000
- post interval in seconds: 600
- max records in a post: 100
- max db records: 500
- disable sender: true
[2025-03-21 08:31:49,771] [13   ] [INFO ] [] - Shutting down the metrics collector
[2025-03-21 08:41:49,771] [9    ] [INFO ] [] - Initializing the metrics collector
[2025-03-21 08:41:49,793] [9    ] [INFO ] [] - MetricsCollector::Sender(49): _disableSentMetrics 1
[2025-03-21 08:41:49,795] [9    ] [INFO ] [] - MetricsCollector::Initialize(231): Initialized metrics collector
- session id: 3f509721-13c5-41b4-9e7f-7044101162fe
- device id: 4ca35884-a93a-48fc-ad16-80b2a90aa32e
- application id: Box Tools Win exe
- application name: BoxTools
- application version: 4.28.1.1163
- metric collection url: https://client-log.box.com/index.php?rm=box_gen204_json_record
- metric data path: C:\Users\pcedillo\AppData\Local\Box\Box Tools\Metrics\BoxTools_Metrics_EFD61745.db
- post callback: 05F15C56
- log callback: 05F15D6E
- context: 00000000
- post interval in seconds: 600
- max records in a post: 100
- max db records: 500
- disable sender: true
[2025-03-21 08:41:49,818] [9    ] [INFO ] [] - Shutting down the metrics collector
[2025-03-21 08:51:49,773] [12   ] [INFO ] [] - Initializing the metrics collector
[2025-03-21 08:51:49,788] [12   ] [INFO ] [] - MetricsCollector::Sender(49): _disableSentMetrics 1
[2025-03-21 08:51:49,790] [12   ] [INFO ] [] - MetricsCollector::Initialize(231): Initialized metrics collector
- session id: 3f509721-13c5-41b4-9e7f-7044101162fe
- device id: 4ca35884-a93a-48fc-ad16-80b2a90aa32e
- application id: Box Tools Win exe
- application name: BoxTools
- application version: 4.28.1.1163
- metric collection url: https://client-log.box.com/index.php?rm=box_gen204_json_record
- metric data path: C:\Users\pcedillo\AppData\Local\Box\Box Tools\Metrics\BoxTools_Metrics_EFD61745.db
- post callback: 05F15C56
- log callback: 05F15D6E
- context: 00000000
- post interval in seconds: 600
- max records in a post: 100
- max db records: 500
- disable sender: true
[2025-03-21 08:51:49,812] [12   ] [INFO ] [] - Shutting down the metrics collector
[2025-03-21 09:01:49,787] [8    ] [INFO ] [] - Initializing the metrics collector
[2025-03-21 09:01:49,809] [8    ] [INFO ] [] - MetricsCollector::Sender(49): _disableSentMetrics 1
[2025-03-21 09:01:49,810] [8    ] [INFO ] [] - MetricsCollector::Initialize(231): Initialized metrics collector
- session id: 3f509721-13c5-41b4-9e7f-7044101162fe
- device id: 4ca35884-a93a-48fc-ad16-80b2a90aa32e
- application id: Box Tools Win exe
- application name: BoxTools
- application version: 4.28.1.1163
- metric collection url: https://client-log.box.com/index.php?rm=box_gen204_json_record
- metric data path: C:\Users\pcedillo\AppData\Local\Box\Box Tools\Metrics\BoxTools_Metrics_EFD61745.db
- post callback: 05F15C56
- log callback: 05F15D6E
- context: 00000000
- post interval in seconds: 600
- max records in a post: 100
- max db records: 500
- disable sender: true
[2025-03-21 09:01:49,829] [8    ] [INFO ] [] - Shutting down the metrics collector
[2025-03-21 09:11:49,788] [3    ] [INFO ] [] - Initializing the metrics collector
[2025-03-21 09:11:49,805] [3    ] [INFO ] [] - MetricsCollector::Sender(49): _disableSentMetrics 1
[2025-03-21 09:11:49,806] [3    ] [INFO ] [] - MetricsCollector::Initialize(231): Initialized metrics collector
- session id: 3f509721-13c5-41b4-9e7f-7044101162fe
- device id: 4ca35884-a93a-48fc-ad16-80b2a90aa32e
- application id: Box Tools Win exe
- application name: BoxTools
- application version: 4.28.1.1163
- metric collection url: https://client-log.box.com/index.php?rm=box_gen204_json_record
- metric data path: C:\Users\pcedillo\AppData\Local\Box\Box Tools\Metrics\BoxTools_Metrics_EFD61745.db
- post callback: 05F15C56
- log callback: 05F15D6E
- context: 00000000
- post interval in seconds: 600
- max records in a post: 100
- max db records: 500
- disable sender: true
[2025-03-21 09:11:49,825] [3    ] [INFO ] [] - Shutting down the metrics collector
[2025-03-21 09:21:49,800] [13   ] [INFO ] [] - Initializing the metrics collector
[2025-03-21 09:21:49,820] [13   ] [INFO ] [] - MetricsCollector::Sender(49): _disableSentMetrics 1
[2025-03-21 09:21:49,822] [13   ] [INFO ] [] - MetricsCollector::Initialize(231): Initialized metrics collector
- session id: 3f509721-13c5-41b4-9e7f-7044101162fe
- device id: 4ca35884-a93a-48fc-ad16-80b2a90aa32e
- application id: Box Tools Win exe
- application name: BoxTools
- application version: 4.28.1.1163
- metric collection url: https://client-log.box.com/index.php?rm=box_gen204_json_record
- metric data path: C:\Users\pcedillo\AppData\Local\Box\Box Tools\Metrics\BoxTools_Metrics_EFD61745.db
- post callback: 05F15C56
- log callback: 05F15D6E
- context: 00000000
- post interval in seconds: 600
- max records in a post: 100
- max db records: 500
- disable sender: true
[2025-03-21 09:21:49,839] [13   ] [INFO ] [] - Shutting down the metrics collector
[2025-03-21 09:31:49,804] [3    ] [INFO ] [] - Initializing the metrics collector
[2025-03-21 09:31:49,823] [3    ] [INFO ] [] - MetricsCollector::Sender(49): _disableSentMetrics 1
[2025-03-21 09:31:49,824] [3    ] [INFO ] [] - MetricsCollector::Initialize(231): Initialized metrics collector
- session id: 3f509721-13c5-41b4-9e7f-7044101162fe
- device id: 4ca35884-a93a-48fc-ad16-80b2a90aa32e
- application id: Box Tools Win exe
- application name: BoxTools
- application version: 4.28.1.1163
- metric collection url: https://client-log.box.com/index.php?rm=box_gen204_json_record
- metric data path: C:\Users\pcedillo\AppData\Local\Box\Box Tools\Metrics\BoxTools_Metrics_EFD61745.db
- post callback: 05F15C56
- log callback: 05F15D6E
- context: 00000000
- post interval in seconds: 600
- max records in a post: 100
- max db records: 500
- disable sender: true
[2025-03-21 09:31:49,842] [3    ] [INFO ] [] - Shutting down the metrics collector
[2025-03-21 09:41:49,801] [8    ] [INFO ] [] - Initializing the metrics collector
[2025-03-21 09:41:49,822] [8    ] [INFO ] [] - MetricsCollector::Sender(49): _disableSentMetrics 1
[2025-03-21 09:41:49,823] [8    ] [INFO ] [] - MetricsCollector::Initialize(231): Initialized metrics collector
- session id: 3f509721-13c5-41b4-9e7f-7044101162fe
- device id: 4ca35884-a93a-48fc-ad16-80b2a90aa32e
- application id: Box Tools Win exe
- application name: BoxTools
- application version: 4.28.1.1163
- metric collection url: https://client-log.box.com/index.php?rm=box_gen204_json_record
- metric data path: C:\Users\pcedillo\AppData\Local\Box\Box Tools\Metrics\BoxTools_Metrics_EFD61745.db
- post callback: 05F15C56
- log callback: 05F15D6E
- context: 00000000
- post interval in seconds: 600
- max records in a post: 100
- max db records: 500
- disable sender: true
[2025-03-21 09:41:49,840] [8    ] [INFO ] [] - Shutting down the metrics collector
[2025-03-21 09:51:49,790] [12   ] [INFO ] [] - Initializing the metrics collector
[2025-03-21 09:51:49,813] [12   ] [INFO ] [] - MetricsCollector::Sender(49): _disableSentMetrics 1
[2025-03-21 09:51:49,814] [12   ] [INFO ] [] - MetricsCollector::Initialize(231): Initialized metrics collector
- session id: 3f509721-13c5-41b4-9e7f-7044101162fe
- device id: 4ca35884-a93a-48fc-ad16-80b2a90aa32e
- application id: Box Tools Win exe
- application name: BoxTools
- application version: 4.28.1.1163
- metric collection url: https://client-log.box.com/index.php?rm=box_gen204_json_record
- metric data path: C:\Users\pcedillo\AppData\Local\Box\Box Tools\Metrics\BoxTools_Metrics_EFD61745.db
- post callback: 05F15C56
- log callback: 05F15D6E
- context: 00000000
- post interval in seconds: 600
- max records in a post: 100
- max db records: 500
- disable sender: true
[2025-03-21 09:51:49,832] [12   ] [INFO ] [] - Shutting down the metrics collector
[2025-03-21 10:01:49,793] [9    ] [INFO ] [] - Initializing the metrics collector
[2025-03-21 10:01:49,818] [9    ] [INFO ] [] - MetricsCollector::Sender(49): _disableSentMetrics 1
[2025-03-21 10:01:49,820] [9    ] [INFO ] [] - MetricsCollector::Initialize(231): Initialized metrics collector
- session id: 3f509721-13c5-41b4-9e7f-7044101162fe
- device id: 4ca35884-a93a-48fc-ad16-80b2a90aa32e
- application id: Box Tools Win exe
- application name: BoxTools
- application version: 4.28.1.1163
- metric collection url: https://client-log.box.com/index.php?rm=box_gen204_json_record
- metric data path: C:\Users\pcedillo\AppData\Local\Box\Box Tools\Metrics\BoxTools_Metrics_EFD61745.db
- post callback: 05F15C56
- log callback: 05F15D6E
- context: 00000000
- post interval in seconds: 600
- max records in a post: 100
- max db records: 500
- disable sender: true
[2025-03-21 10:01:49,841] [9    ] [INFO ] [] - Shutting down the metrics collector
[2025-03-21 10:11:49,791] [7    ] [INFO ] [] - Initializing the metrics collector
[2025-03-21 10:11:49,813] [7    ] [INFO ] [] - MetricsCollector::Sender(49): _disableSentMetrics 1
[2025-03-21 10:11:49,813] [7    ] [INFO ] [] - MetricsCollector::Initialize(231): Initialized metrics collector
- session id: 3f509721-13c5-41b4-9e7f-7044101162fe
- device id: 4ca35884-a93a-48fc-ad16-80b2a90aa32e
- application id: Box Tools Win exe
- application name: BoxTools
- application version: 4.28.1.1163
- metric collection url: https://client-log.box.com/index.php?rm=box_gen204_json_record
- metric data path: C:\Users\pcedillo\AppData\Local\Box\Box Tools\Metrics\BoxTools_Metrics_EFD61745.db
- post callback: 05F15C56
- log callback: 05F15D6E
- context: 00000000
- post interval in seconds: 600
- max records in a post: 100
- max db records: 500
- disable sender: true
[2025-03-21 10:11:49,833] [7    ] [INFO ] [] - Shutting down the metrics collector
[2025-03-21 10:21:49,805] [14   ] [INFO ] [] - Initializing the metrics collector
[2025-03-21 10:21:49,826] [14   ] [INFO ] [] - MetricsCollector::Sender(49): _disableSentMetrics 1
[2025-03-21 10:21:49,828] [14   ] [INFO ] [] - MetricsCollector::Initialize(231): Initialized metrics collector
- session id: 3f509721-13c5-41b4-9e7f-7044101162fe
- device id: 4ca35884-a93a-48fc-ad16-80b2a90aa32e
- application id: Box Tools Win exe
- application name: BoxTools
- application version: 4.28.1.1163
- metric collection url: https://client-log.box.com/index.php?rm=box_gen204_json_record
- metric data path: C:\Users\pcedillo\AppData\Local\Box\Box Tools\Metrics\BoxTools_Metrics_EFD61745.db
- post callback: 05F15C56
- log callback: 05F15D6E
- context: 00000000
- post interval in seconds: 600
- max records in a post: 100
- max db records: 500
- disable sender: true
[2025-03-21 10:21:49,850] [14   ] [INFO ] [] - Shutting down the metrics collector
[2025-03-21 10:31:49,802] [16   ] [INFO ] [] - Initializing the metrics collector
[2025-03-21 10:31:49,817] [16   ] [INFO ] [] - MetricsCollector::Sender(49): _disableSentMetrics 1
[2025-03-21 10:31:49,818] [16   ] [INFO ] [] - MetricsCollector::Initialize(231): Initialized metrics collector
- session id: 3f509721-13c5-41b4-9e7f-7044101162fe
- device id: 4ca35884-a93a-48fc-ad16-80b2a90aa32e
- application id: Box Tools Win exe
- application name: BoxTools
- application version: 4.28.1.1163
- metric collection url: https://client-log.box.com/index.php?rm=box_gen204_json_record
- metric data path: C:\Users\pcedillo\AppData\Local\Box\Box Tools\Metrics\BoxTools_Metrics_EFD61745.db
- post callback: 05F15C56
- log callback: 05F15D6E
- context: 00000000
- post interval in seconds: 600
- max records in a post: 100
- max db records: 500
- disable sender: true
[2025-03-21 10:31:49,837] [16   ] [INFO ] [] - Shutting down the metrics collector
[2025-03-21 10:41:49,810] [17   ] [INFO ] [] - Initializing the metrics collector
[2025-03-21 10:41:49,832] [17   ] [INFO ] [] - MetricsCollector::Sender(49): _disableSentMetrics 1
[2025-03-21 10:41:49,833] [17   ] [INFO ] [] - MetricsCollector::Initialize(231): Initialized metrics collector
- session id: 3f509721-13c5-41b4-9e7f-7044101162fe
- device id: 4ca35884-a93a-48fc-ad16-80b2a90aa32e
- application id: Box Tools Win exe
- application name: BoxTools
- application version: 4.28.1.1163
- metric collection url: https://client-log.box.com/index.php?rm=box_gen204_json_record
- metric data path: C:\Users\pcedillo\AppData\Local\Box\Box Tools\Metrics\BoxTools_Metrics_EFD61745.db
- post callback: 05F15C56
- log callback: 05F15D6E
- context: 00000000
- post interval in seconds: 600
- max records in a post: 100
- max db records: 500
- disable sender: true
[2025-03-21 10:41:49,849] [17   ] [INFO ] [] - Shutting down the metrics collector
[2025-03-21 10:51:49,812] [15   ] [INFO ] [] - Initializing the metrics collector
[2025-03-21 10:51:49,835] [15   ] [INFO ] [] - MetricsCollector::Sender(49): _disableSentMetrics 1
[2025-03-21 10:51:49,835] [15   ] [INFO ] [] - MetricsCollector::Initialize(231): Initialized metrics collector
- session id: 3f509721-13c5-41b4-9e7f-7044101162fe
- device id: 4ca35884-a93a-48fc-ad16-80b2a90aa32e
- application id: Box Tools Win exe
- application name: BoxTools
- application version: 4.28.1.1163
- metric collection url: https://client-log.box.com/index.php?rm=box_gen204_json_record
- metric data path: C:\Users\pcedillo\AppData\Local\Box\Box Tools\Metrics\BoxTools_Metrics_EFD61745.db
- post callback: 05F15C56
- log callback: 05F15D6E
- context: 00000000
- post interval in seconds: 600
- max records in a post: 100
- max db records: 500
- disable sender: true
[2025-03-21 10:51:49,854] [15   ] [INFO ] [] - Shutting down the metrics collector
[2025-03-21 11:01:49,823] [11   ] [INFO ] [] - Initializing the metrics collector
[2025-03-21 11:01:49,849] [11   ] [INFO ] [] - MetricsCollector::Sender(49): _disableSentMetrics 1
[2025-03-21 11:01:49,849] [11   ] [INFO ] [] - MetricsCollector::Initialize(231): Initialized metrics collector
- session id: 3f509721-13c5-41b4-9e7f-7044101162fe
- device id: 4ca35884-a93a-48fc-ad16-80b2a90aa32e
- application id: Box Tools Win exe
- application name: BoxTools
- application version: 4.28.1.1163
- metric collection url: https://client-log.box.com/index.php?rm=box_gen204_json_record
- metric data path: C:\Users\pcedillo\AppData\Local\Box\Box Tools\Metrics\BoxTools_Metrics_EFD61745.db
- post callback: 05F15C56
- log callback: 05F15D6E
- context: 00000000
- post interval in seconds: 600
- max records in a post: 100
- max db records: 500
- disable sender: true
[2025-03-21 11:01:49,867] [11   ] [INFO ] [] - Shutting down the metrics collector
[2025-03-21 11:11:49,839] [19   ] [INFO ] [] - Initializing the metrics collector
[2025-03-21 11:11:49,862] [19   ] [INFO ] [] - MetricsCollector::Sender(49): _disableSentMetrics 1
[2025-03-21 11:11:49,863] [19   ] [INFO ] [] - MetricsCollector::Initialize(231): Initialized metrics collector
- session id: 3f509721-13c5-41b4-9e7f-7044101162fe
- device id: 4ca35884-a93a-48fc-ad16-80b2a90aa32e
- application id: Box Tools Win exe
- application name: BoxTools
- application version: 4.28.1.1163
- metric collection url: https://client-log.box.com/index.php?rm=box_gen204_json_record
- metric data path: C:\Users\pcedillo\AppData\Local\Box\Box Tools\Metrics\BoxTools_Metrics_EFD61745.db
- post callback: 05F15C56
- log callback: 05F15D6E
- context: 00000000
- post interval in seconds: 600
- max records in a post: 100
- max db records: 500
- disable sender: true
[2025-03-21 11:11:49,880] [19   ] [INFO ] [] - Shutting down the metrics collector
[2025-03-21 11:21:49,840] [20   ] [INFO ] [] - Initializing the metrics collector
[2025-03-21 11:21:49,860] [20   ] [INFO ] [] - MetricsCollector::Sender(49): _disableSentMetrics 1
[2025-03-21 11:21:49,861] [20   ] [INFO ] [] - MetricsCollector::Initialize(231): Initialized metrics collector
- session id: 3f509721-13c5-41b4-9e7f-7044101162fe
- device id: 4ca35884-a93a-48fc-ad16-80b2a90aa32e
- application id: Box Tools Win exe
- application name: BoxTools
- application version: 4.28.1.1163
- metric collection url: https://client-log.box.com/index.php?rm=box_gen204_json_record
- metric data path: C:\Users\pcedillo\AppData\Local\Box\Box Tools\Metrics\BoxTools_Metrics_EFD61745.db
- post callback: 05F15C56
- log callback: 05F15D6E
- context: 00000000
- post interval in seconds: 600
- max records in a post: 100
- max db records: 500
- disable sender: true
[2025-03-21 11:21:49,879] [20   ] [INFO ] [] - Shutting down the metrics collector
