[2025-04-01 00:01:24,286] [11   ] [INFO ] [] - Initializing the metrics collector
[2025-04-01 00:01:24,397] [11   ] [INFO ] [] - MetricsCollector::Sender(49): _disableSentMetrics 1
[2025-04-01 00:01:24,401] [11   ] [INFO ] [] - MetricsCollector::Initialize(231): Initialized metrics collector
- session id: 4975827b-6a0b-4533-9280-a841fa8438df
- device id: 4ca35884-a93a-48fc-ad16-80b2a90aa32e
- application id: Box Tools Win exe
- application name: BoxTools
- application version: 4.28.1.1163
- metric collection url: https://client-log.box.com/index.php?rm=box_gen204_json_record
- metric data path: C:\Users\pcedillo\AppData\Local\Box\Box Tools\Metrics\BoxTools_Metrics_EFD61745.db
- post callback: 055B5CF6
- log callback: 055B5C56
- context: 00000000
- post interval in seconds: 600
- max records in a post: 100
- max db records: 500
- disable sender: true
[2025-04-01 00:01:24,592] [11   ] [INFO ] [] - Shutting down the metrics collector
[2025-04-01 00:11:24,585] [23   ] [INFO ] [] - Initializing the metrics collector
[2025-04-01 00:11:24,608] [23   ] [INFO ] [] - MetricsCollector::Sender(49): _disableSentMetrics 1
[2025-04-01 00:11:24,610] [23   ] [INFO ] [] - MetricsCollector::Initialize(231): Initialized metrics collector
- session id: 4975827b-6a0b-4533-9280-a841fa8438df
- device id: 4ca35884-a93a-48fc-ad16-80b2a90aa32e
- application id: Box Tools Win exe
- application name: BoxTools
- application version: 4.28.1.1163
- metric collection url: https://client-log.box.com/index.php?rm=box_gen204_json_record
- metric data path: C:\Users\pcedillo\AppData\Local\Box\Box Tools\Metrics\BoxTools_Metrics_EFD61745.db
- post callback: 055B5CF6
- log callback: 055B5C56
- context: 00000000
- post interval in seconds: 600
- max records in a post: 100
- max db records: 500
- disable sender: true
[2025-04-01 00:11:24,642] [23   ] [INFO ] [] - Shutting down the metrics collector
[2025-04-01 00:21:25,530] [18   ] [INFO ] [] - Initializing the metrics collector
[2025-04-01 00:21:25,543] [18   ] [INFO ] [] - MetricsCollector::Sender(49): _disableSentMetrics 1
[2025-04-01 00:21:25,545] [18   ] [INFO ] [] - MetricsCollector::Initialize(231): Initialized metrics collector
- session id: 4975827b-6a0b-4533-9280-a841fa8438df
- device id: 4ca35884-a93a-48fc-ad16-80b2a90aa32e
- application id: Box Tools Win exe
- application name: BoxTools
- application version: 4.28.1.1163
- metric collection url: https://client-log.box.com/index.php?rm=box_gen204_json_record
- metric data path: C:\Users\pcedillo\AppData\Local\Box\Box Tools\Metrics\BoxTools_Metrics_EFD61745.db
- post callback: 055B5CF6
- log callback: 055B5C56
- context: 00000000
- post interval in seconds: 600
- max records in a post: 100
- max db records: 500
- disable sender: true
[2025-04-01 00:21:25,558] [18   ] [INFO ] [] - Shutting down the metrics collector
[2025-04-01 00:31:26,215] [8    ] [INFO ] [] - Initializing the metrics collector
[2025-04-01 00:31:26,229] [8    ] [INFO ] [] - MetricsCollector::Sender(49): _disableSentMetrics 1
[2025-04-01 00:31:26,229] [8    ] [INFO ] [] - MetricsCollector::Initialize(231): Initialized metrics collector
- session id: 4975827b-6a0b-4533-9280-a841fa8438df
- device id: 4ca35884-a93a-48fc-ad16-80b2a90aa32e
- application id: Box Tools Win exe
- application name: BoxTools
- application version: 4.28.1.1163
- metric collection url: https://client-log.box.com/index.php?rm=box_gen204_json_record
- metric data path: C:\Users\pcedillo\AppData\Local\Box\Box Tools\Metrics\BoxTools_Metrics_EFD61745.db
- post callback: 055B5CF6
- log callback: 055B5C56
- context: 00000000
- post interval in seconds: 600
- max records in a post: 100
- max db records: 500
- disable sender: true
[2025-04-01 00:31:26,238] [8    ] [INFO ] [] - Shutting down the metrics collector
[2025-04-01 00:41:26,705] [37   ] [INFO ] [] - Initializing the metrics collector
[2025-04-01 00:41:26,715] [37   ] [INFO ] [] - MetricsCollector::Sender(49): _disableSentMetrics 1
[2025-04-01 00:41:26,715] [37   ] [INFO ] [] - MetricsCollector::Initialize(231): Initialized metrics collector
- session id: 4975827b-6a0b-4533-9280-a841fa8438df
- device id: 4ca35884-a93a-48fc-ad16-80b2a90aa32e
- application id: Box Tools Win exe
- application name: BoxTools
- application version: 4.28.1.1163
- metric collection url: https://client-log.box.com/index.php?rm=box_gen204_json_record
- metric data path: C:\Users\pcedillo\AppData\Local\Box\Box Tools\Metrics\BoxTools_Metrics_EFD61745.db
- post callback: 055B5CF6
- log callback: 055B5C56
- context: 00000000
- post interval in seconds: 600
- max records in a post: 100
- max db records: 500
- disable sender: true
[2025-04-01 00:41:26,727] [37   ] [INFO ] [] - Shutting down the metrics collector
[2025-04-01 00:51:27,085] [38   ] [INFO ] [] - Initializing the metrics collector
[2025-04-01 00:51:27,093] [38   ] [INFO ] [] - MetricsCollector::Sender(49): _disableSentMetrics 1
[2025-04-01 00:51:27,094] [38   ] [INFO ] [] - MetricsCollector::Initialize(231): Initialized metrics collector
- session id: 4975827b-6a0b-4533-9280-a841fa8438df
- device id: 4ca35884-a93a-48fc-ad16-80b2a90aa32e
- application id: Box Tools Win exe
- application name: BoxTools
- application version: 4.28.1.1163
- metric collection url: https://client-log.box.com/index.php?rm=box_gen204_json_record
- metric data path: C:\Users\pcedillo\AppData\Local\Box\Box Tools\Metrics\BoxTools_Metrics_EFD61745.db
- post callback: 055B5CF6
- log callback: 055B5C56
- context: 00000000
- post interval in seconds: 600
- max records in a post: 100
- max db records: 500
- disable sender: true
[2025-04-01 00:51:27,101] [38   ] [INFO ] [] - Shutting down the metrics collector
[2025-04-01 01:01:27,353] [40   ] [INFO ] [] - Initializing the metrics collector
[2025-04-01 01:01:27,368] [40   ] [INFO ] [] - MetricsCollector::Sender(49): _disableSentMetrics 1
[2025-04-01 01:01:27,369] [40   ] [INFO ] [] - MetricsCollector::Initialize(231): Initialized metrics collector
- session id: 4975827b-6a0b-4533-9280-a841fa8438df
- device id: 4ca35884-a93a-48fc-ad16-80b2a90aa32e
- application id: Box Tools Win exe
- application name: BoxTools
- application version: 4.28.1.1163
- metric collection url: https://client-log.box.com/index.php?rm=box_gen204_json_record
- metric data path: C:\Users\pcedillo\AppData\Local\Box\Box Tools\Metrics\BoxTools_Metrics_EFD61745.db
- post callback: 055B5CF6
- log callback: 055B5C56
- context: 00000000
- post interval in seconds: 600
- max records in a post: 100
- max db records: 500
- disable sender: true
[2025-04-01 01:01:27,379] [40   ] [INFO ] [] - Shutting down the metrics collector
[2025-04-01 01:11:27,553] [42   ] [INFO ] [] - Initializing the metrics collector
[2025-04-01 01:11:27,564] [42   ] [INFO ] [] - MetricsCollector::Sender(49): _disableSentMetrics 1
[2025-04-01 01:11:27,566] [42   ] [INFO ] [] - MetricsCollector::Initialize(231): Initialized metrics collector
- session id: 4975827b-6a0b-4533-9280-a841fa8438df
- device id: 4ca35884-a93a-48fc-ad16-80b2a90aa32e
- application id: Box Tools Win exe
- application name: BoxTools
- application version: 4.28.1.1163
- metric collection url: https://client-log.box.com/index.php?rm=box_gen204_json_record
- metric data path: C:\Users\pcedillo\AppData\Local\Box\Box Tools\Metrics\BoxTools_Metrics_EFD61745.db
- post callback: 055B5CF6
- log callback: 055B5C56
- context: 00000000
- post interval in seconds: 600
- max records in a post: 100
- max db records: 500
- disable sender: true
[2025-04-01 01:11:27,577] [42   ] [INFO ] [] - Shutting down the metrics collector
[2025-04-01 01:21:27,698] [44   ] [INFO ] [] - Initializing the metrics collector
[2025-04-01 01:21:27,708] [44   ] [INFO ] [] - MetricsCollector::Sender(49): _disableSentMetrics 1
[2025-04-01 01:21:27,708] [44   ] [INFO ] [] - MetricsCollector::Initialize(231): Initialized metrics collector
- session id: 4975827b-6a0b-4533-9280-a841fa8438df
- device id: 4ca35884-a93a-48fc-ad16-80b2a90aa32e
- application id: Box Tools Win exe
- application name: BoxTools
- application version: 4.28.1.1163
- metric collection url: https://client-log.box.com/index.php?rm=box_gen204_json_record
- metric data path: C:\Users\pcedillo\AppData\Local\Box\Box Tools\Metrics\BoxTools_Metrics_EFD61745.db
- post callback: 055B5CF6
- log callback: 055B5C56
- context: 00000000
- post interval in seconds: 600
- max records in a post: 100
- max db records: 500
- disable sender: true
[2025-04-01 01:21:27,717] [44   ] [INFO ] [] - Shutting down the metrics collector
[2025-04-01 01:31:27,798] [47   ] [INFO ] [] - Initializing the metrics collector
[2025-04-01 01:31:27,820] [47   ] [INFO ] [] - MetricsCollector::Sender(49): _disableSentMetrics 1
[2025-04-01 01:31:27,822] [47   ] [INFO ] [] - MetricsCollector::Initialize(231): Initialized metrics collector
- session id: 4975827b-6a0b-4533-9280-a841fa8438df
- device id: 4ca35884-a93a-48fc-ad16-80b2a90aa32e
- application id: Box Tools Win exe
- application name: BoxTools
- application version: 4.28.1.1163
- metric collection url: https://client-log.box.com/index.php?rm=box_gen204_json_record
- metric data path: C:\Users\pcedillo\AppData\Local\Box\Box Tools\Metrics\BoxTools_Metrics_EFD61745.db
- post callback: 055B5CF6
- log callback: 055B5C56
- context: 00000000
- post interval in seconds: 600
- max records in a post: 100
- max db records: 500
- disable sender: true
[2025-04-01 01:31:27,855] [47   ] [INFO ] [] - Shutting down the metrics collector
[2025-04-01 01:41:27,892] [56   ] [INFO ] [] - Initializing the metrics collector
[2025-04-01 01:41:27,906] [56   ] [INFO ] [] - MetricsCollector::Sender(49): _disableSentMetrics 1
[2025-04-01 01:41:27,907] [56   ] [INFO ] [] - MetricsCollector::Initialize(231): Initialized metrics collector
- session id: 4975827b-6a0b-4533-9280-a841fa8438df
- device id: 4ca35884-a93a-48fc-ad16-80b2a90aa32e
- application id: Box Tools Win exe
- application name: BoxTools
- application version: 4.28.1.1163
- metric collection url: https://client-log.box.com/index.php?rm=box_gen204_json_record
- metric data path: C:\Users\pcedillo\AppData\Local\Box\Box Tools\Metrics\BoxTools_Metrics_EFD61745.db
- post callback: 055B5CF6
- log callback: 055B5C56
- context: 00000000
- post interval in seconds: 600
- max records in a post: 100
- max db records: 500
- disable sender: true
[2025-04-01 01:41:27,925] [56   ] [INFO ] [] - Shutting down the metrics collector
[2025-04-01 01:51:27,955] [3    ] [INFO ] [] - Initializing the metrics collector
[2025-04-01 01:51:27,965] [3    ] [INFO ] [] - MetricsCollector::Sender(49): _disableSentMetrics 1
[2025-04-01 01:51:27,966] [3    ] [INFO ] [] - MetricsCollector::Initialize(231): Initialized metrics collector
- session id: 4975827b-6a0b-4533-9280-a841fa8438df
- device id: 4ca35884-a93a-48fc-ad16-80b2a90aa32e
- application id: Box Tools Win exe
- application name: BoxTools
- application version: 4.28.1.1163
- metric collection url: https://client-log.box.com/index.php?rm=box_gen204_json_record
- metric data path: C:\Users\pcedillo\AppData\Local\Box\Box Tools\Metrics\BoxTools_Metrics_EFD61745.db
- post callback: 055B5CF6
- log callback: 055B5C56
- context: 00000000
- post interval in seconds: 600
- max records in a post: 100
- max db records: 500
- disable sender: true
[2025-04-01 01:51:27,979] [3    ] [INFO ] [] - Shutting down the metrics collector
[2025-04-01 02:01:28,011] [49   ] [INFO ] [] - Initializing the metrics collector
[2025-04-01 02:01:28,026] [49   ] [INFO ] [] - MetricsCollector::Sender(49): _disableSentMetrics 1
[2025-04-01 02:01:28,027] [49   ] [INFO ] [] - MetricsCollector::Initialize(231): Initialized metrics collector
- session id: 4975827b-6a0b-4533-9280-a841fa8438df
- device id: 4ca35884-a93a-48fc-ad16-80b2a90aa32e
- application id: Box Tools Win exe
- application name: BoxTools
- application version: 4.28.1.1163
- metric collection url: https://client-log.box.com/index.php?rm=box_gen204_json_record
- metric data path: C:\Users\pcedillo\AppData\Local\Box\Box Tools\Metrics\BoxTools_Metrics_EFD61745.db
- post callback: 055B5CF6
- log callback: 055B5C56
- context: 00000000
- post interval in seconds: 600
- max records in a post: 100
- max db records: 500
- disable sender: true
[2025-04-01 02:01:28,040] [49   ] [INFO ] [] - Shutting down the metrics collector
[2025-04-01 02:11:28,049] [46   ] [INFO ] [] - Initializing the metrics collector
[2025-04-01 02:11:28,063] [46   ] [INFO ] [] - MetricsCollector::Sender(49): _disableSentMetrics 1
[2025-04-01 02:11:28,064] [46   ] [INFO ] [] - MetricsCollector::Initialize(231): Initialized metrics collector
- session id: 4975827b-6a0b-4533-9280-a841fa8438df
- device id: 4ca35884-a93a-48fc-ad16-80b2a90aa32e
- application id: Box Tools Win exe
- application name: BoxTools
- application version: 4.28.1.1163
- metric collection url: https://client-log.box.com/index.php?rm=box_gen204_json_record
- metric data path: C:\Users\pcedillo\AppData\Local\Box\Box Tools\Metrics\BoxTools_Metrics_EFD61745.db
- post callback: 055B5CF6
- log callback: 055B5C56
- context: 00000000
- post interval in seconds: 600
- max records in a post: 100
- max db records: 500
- disable sender: true
[2025-04-01 02:11:28,076] [46   ] [INFO ] [] - Shutting down the metrics collector
[2025-04-01 02:21:28,086] [45   ] [INFO ] [] - Initializing the metrics collector
[2025-04-01 02:21:28,102] [45   ] [INFO ] [] - MetricsCollector::Sender(49): _disableSentMetrics 1
[2025-04-01 02:21:28,102] [45   ] [INFO ] [] - MetricsCollector::Initialize(231): Initialized metrics collector
- session id: 4975827b-6a0b-4533-9280-a841fa8438df
- device id: 4ca35884-a93a-48fc-ad16-80b2a90aa32e
- application id: Box Tools Win exe
- application name: BoxTools
- application version: 4.28.1.1163
- metric collection url: https://client-log.box.com/index.php?rm=box_gen204_json_record
- metric data path: C:\Users\pcedillo\AppData\Local\Box\Box Tools\Metrics\BoxTools_Metrics_EFD61745.db
- post callback: 055B5CF6
- log callback: 055B5C56
- context: 00000000
- post interval in seconds: 600
- max records in a post: 100
- max db records: 500
- disable sender: true
[2025-04-01 02:21:28,116] [45   ] [INFO ] [] - Shutting down the metrics collector
[2025-04-01 02:31:28,046] [43   ] [INFO ] [] - Initializing the metrics collector
[2025-04-01 02:31:28,054] [43   ] [INFO ] [] - MetricsCollector::Sender(49): _disableSentMetrics 1
[2025-04-01 02:31:28,055] [43   ] [INFO ] [] - MetricsCollector::Initialize(231): Initialized metrics collector
- session id: 4975827b-6a0b-4533-9280-a841fa8438df
- device id: 4ca35884-a93a-48fc-ad16-80b2a90aa32e
- application id: Box Tools Win exe
- application name: BoxTools
- application version: 4.28.1.1163
- metric collection url: https://client-log.box.com/index.php?rm=box_gen204_json_record
- metric data path: C:\Users\pcedillo\AppData\Local\Box\Box Tools\Metrics\BoxTools_Metrics_EFD61745.db
- post callback: 055B5CF6
- log callback: 055B5C56
- context: 00000000
- post interval in seconds: 600
- max records in a post: 100
- max db records: 500
- disable sender: true
[2025-04-01 02:31:28,065] [43   ] [INFO ] [] - Shutting down the metrics collector
[2025-04-01 02:41:28,015] [41   ] [INFO ] [] - Initializing the metrics collector
[2025-04-01 02:41:28,029] [41   ] [INFO ] [] - MetricsCollector::Sender(49): _disableSentMetrics 1
[2025-04-01 02:41:28,030] [41   ] [INFO ] [] - MetricsCollector::Initialize(231): Initialized metrics collector
- session id: 4975827b-6a0b-4533-9280-a841fa8438df
- device id: 4ca35884-a93a-48fc-ad16-80b2a90aa32e
- application id: Box Tools Win exe
- application name: BoxTools
- application version: 4.28.1.1163
- metric collection url: https://client-log.box.com/index.php?rm=box_gen204_json_record
- metric data path: C:\Users\pcedillo\AppData\Local\Box\Box Tools\Metrics\BoxTools_Metrics_EFD61745.db
- post callback: 055B5CF6
- log callback: 055B5C56
- context: 00000000
- post interval in seconds: 600
- max records in a post: 100
- max db records: 500
- disable sender: true
[2025-04-01 02:41:28,042] [41   ] [INFO ] [] - Shutting down the metrics collector
[2025-04-01 02:49:32,599] [39   ] [INFO ] [] - Scheduling next upgrade check: Delay
[2025-04-01 02:49:32,605] [39   ] [INFO ] [] - Next autoupgrade timer will fire after: 1.00:00:00
[2025-04-01 02:49:32,605] [39   ] [INFO ] [] - Checking for upgrade
[2025-04-01 02:49:32,607] [39   ] [INFO ] [] - .NET Version - installed 533320, expected: 528040
[2025-04-01 02:49:32,607] [39   ] [INFO ] [] - result: True
[2025-04-01 02:49:32,614] [39   ] [INFO ] [] - Checking for upgrades
[2025-04-01 02:49:32,615] [39   ] [INFO ] [] - Url used to upgrade: https://cdn07.boxcdn.net/BoxEditAutoupdate2.json
[2025-04-01 02:49:32,893] [39   ] [INFO ] [] - ### current version track name: 4.28.1
[2025-04-01 02:49:32,895] [39   ] [INFO ] [] - No custom track name in registry
[2025-04-01 02:49:32,895] [39   ] [WARN ] [] - Track 4.28.1 not found
[2025-04-01 02:49:32,895] [39   ] [INFO ] [] - Track default for upgrade found
[2025-04-01 02:49:32,895] [39   ] [INFO ] [] - RolloutID set to 61
[2025-04-01 02:49:32,896] [39   ] [INFO ] [] - No upgrade available
[2025-04-01 02:49:32,896] [39   ] [INFO ] [] - Check for updates returned None
[2025-04-01 02:49:32,897] [39   ] [INFO ] [] - Scheduling next upgrade check: Reset
[2025-04-01 02:49:32,897] [39   ] [INFO ] [] - Next autoupgrade timer will fire after: 05:31:00
[2025-04-01 02:51:27,995] [8    ] [INFO ] [] - Initializing the metrics collector
[2025-04-01 02:51:28,005] [8    ] [INFO ] [] - MetricsCollector::Sender(49): _disableSentMetrics 1
[2025-04-01 02:51:28,007] [8    ] [INFO ] [] - MetricsCollector::Initialize(231): Initialized metrics collector
- session id: 4975827b-6a0b-4533-9280-a841fa8438df
- device id: 4ca35884-a93a-48fc-ad16-80b2a90aa32e
- application id: Box Tools Win exe
- application name: BoxTools
- application version: 4.28.1.1163
- metric collection url: https://client-log.box.com/index.php?rm=box_gen204_json_record
- metric data path: C:\Users\pcedillo\AppData\Local\Box\Box Tools\Metrics\BoxTools_Metrics_EFD61745.db
- post callback: 055B5CF6
- log callback: 055B5C56
- context: 00000000
- post interval in seconds: 600
- max records in a post: 100
- max db records: 500
- disable sender: true
[2025-04-01 02:51:28,018] [8    ] [INFO ] [] - Shutting down the metrics collector
[2025-04-01 03:01:27,967] [7    ] [INFO ] [] - Initializing the metrics collector
[2025-04-01 03:01:28,002] [7    ] [INFO ] [] - MetricsCollector::Sender(49): _disableSentMetrics 1
[2025-04-01 03:01:28,005] [7    ] [INFO ] [] - MetricsCollector::Initialize(231): Initialized metrics collector
- session id: 4975827b-6a0b-4533-9280-a841fa8438df
- device id: 4ca35884-a93a-48fc-ad16-80b2a90aa32e
- application id: Box Tools Win exe
- application name: BoxTools
- application version: 4.28.1.1163
- metric collection url: https://client-log.box.com/index.php?rm=box_gen204_json_record
- metric data path: C:\Users\pcedillo\AppData\Local\Box\Box Tools\Metrics\BoxTools_Metrics_EFD61745.db
- post callback: 055B5CF6
- log callback: 055B5C56
- context: 00000000
- post interval in seconds: 600
- max records in a post: 100
- max db records: 500
- disable sender: true
[2025-04-01 03:01:28,058] [7    ] [INFO ] [] - Shutting down the metrics collector
[2025-04-01 03:11:27,959] [23   ] [INFO ] [] - Initializing the metrics collector
[2025-04-01 03:11:27,982] [23   ] [INFO ] [] - MetricsCollector::Sender(49): _disableSentMetrics 1
[2025-04-01 03:11:27,983] [23   ] [INFO ] [] - MetricsCollector::Initialize(231): Initialized metrics collector
- session id: 4975827b-6a0b-4533-9280-a841fa8438df
- device id: 4ca35884-a93a-48fc-ad16-80b2a90aa32e
- application id: Box Tools Win exe
- application name: BoxTools
- application version: 4.28.1.1163
- metric collection url: https://client-log.box.com/index.php?rm=box_gen204_json_record
- metric data path: C:\Users\pcedillo\AppData\Local\Box\Box Tools\Metrics\BoxTools_Metrics_EFD61745.db
- post callback: 055B5CF6
- log callback: 055B5C56
- context: 00000000
- post interval in seconds: 600
- max records in a post: 100
- max db records: 500
- disable sender: true
[2025-04-01 03:11:28,026] [23   ] [INFO ] [] - Shutting down the metrics collector
[2025-04-01 03:21:27,938] [18   ] [INFO ] [] - Initializing the metrics collector
[2025-04-01 03:21:27,966] [18   ] [INFO ] [] - MetricsCollector::Sender(49): _disableSentMetrics 1
[2025-04-01 03:21:27,968] [18   ] [INFO ] [] - MetricsCollector::Initialize(231): Initialized metrics collector
- session id: 4975827b-6a0b-4533-9280-a841fa8438df
- device id: 4ca35884-a93a-48fc-ad16-80b2a90aa32e
- application id: Box Tools Win exe
- application name: BoxTools
- application version: 4.28.1.1163
- metric collection url: https://client-log.box.com/index.php?rm=box_gen204_json_record
- metric data path: C:\Users\pcedillo\AppData\Local\Box\Box Tools\Metrics\BoxTools_Metrics_EFD61745.db
- post callback: 055B5CF6
- log callback: 055B5C56
- context: 00000000
- post interval in seconds: 600
- max records in a post: 100
- max db records: 500
- disable sender: true
[2025-04-01 03:21:28,004] [18   ] [INFO ] [] - Shutting down the metrics collector
[2025-04-01 03:31:27,951] [7    ] [INFO ] [] - Initializing the metrics collector
[2025-04-01 03:31:28,073] [7    ] [INFO ] [] - MetricsCollector::Sender(49): _disableSentMetrics 1
[2025-04-01 03:31:28,075] [7    ] [INFO ] [] - MetricsCollector::Initialize(231): Initialized metrics collector
- session id: 4975827b-6a0b-4533-9280-a841fa8438df
- device id: 4ca35884-a93a-48fc-ad16-80b2a90aa32e
- application id: Box Tools Win exe
- application name: BoxTools
- application version: 4.28.1.1163
- metric collection url: https://client-log.box.com/index.php?rm=box_gen204_json_record
- metric data path: C:\Users\pcedillo\AppData\Local\Box\Box Tools\Metrics\BoxTools_Metrics_EFD61745.db
- post callback: 055B5CF6
- log callback: 055B5C56
- context: 00000000
- post interval in seconds: 600
- max records in a post: 100
- max db records: 500
- disable sender: true
[2025-04-01 03:31:28,136] [7    ] [INFO ] [] - Shutting down the metrics collector
[2025-04-01 03:41:27,950] [23   ] [INFO ] [] - Initializing the metrics collector
[2025-04-01 03:41:27,966] [23   ] [INFO ] [] - MetricsCollector::Sender(49): _disableSentMetrics 1
[2025-04-01 03:41:27,967] [23   ] [INFO ] [] - MetricsCollector::Initialize(231): Initialized metrics collector
- session id: 4975827b-6a0b-4533-9280-a841fa8438df
- device id: 4ca35884-a93a-48fc-ad16-80b2a90aa32e
- application id: Box Tools Win exe
- application name: BoxTools
- application version: 4.28.1.1163
- metric collection url: https://client-log.box.com/index.php?rm=box_gen204_json_record
- metric data path: C:\Users\pcedillo\AppData\Local\Box\Box Tools\Metrics\BoxTools_Metrics_EFD61745.db
- post callback: 055B5CF6
- log callback: 055B5C56
- context: 00000000
- post interval in seconds: 600
- max records in a post: 100
- max db records: 500
- disable sender: true
[2025-04-01 03:41:27,985] [23   ] [INFO ] [] - Shutting down the metrics collector
[2025-04-01 03:51:27,946] [7    ] [INFO ] [] - Initializing the metrics collector
[2025-04-01 03:51:27,962] [7    ] [INFO ] [] - MetricsCollector::Sender(49): _disableSentMetrics 1
[2025-04-01 03:51:27,963] [7    ] [INFO ] [] - MetricsCollector::Initialize(231): Initialized metrics collector
- session id: 4975827b-6a0b-4533-9280-a841fa8438df
- device id: 4ca35884-a93a-48fc-ad16-80b2a90aa32e
- application id: Box Tools Win exe
- application name: BoxTools
- application version: 4.28.1.1163
- metric collection url: https://client-log.box.com/index.php?rm=box_gen204_json_record
- metric data path: C:\Users\pcedillo\AppData\Local\Box\Box Tools\Metrics\BoxTools_Metrics_EFD61745.db
- post callback: 055B5CF6
- log callback: 055B5C56
- context: 00000000
- post interval in seconds: 600
- max records in a post: 100
- max db records: 500
- disable sender: true
[2025-04-01 03:51:27,979] [7    ] [INFO ] [] - Shutting down the metrics collector
[2025-04-01 04:01:27,945] [36   ] [INFO ] [] - Initializing the metrics collector
[2025-04-01 04:01:27,960] [36   ] [INFO ] [] - MetricsCollector::Sender(49): _disableSentMetrics 1
[2025-04-01 04:01:27,962] [36   ] [INFO ] [] - MetricsCollector::Initialize(231): Initialized metrics collector
- session id: 4975827b-6a0b-4533-9280-a841fa8438df
- device id: 4ca35884-a93a-48fc-ad16-80b2a90aa32e
- application id: Box Tools Win exe
- application name: BoxTools
- application version: 4.28.1.1163
- metric collection url: https://client-log.box.com/index.php?rm=box_gen204_json_record
- metric data path: C:\Users\pcedillo\AppData\Local\Box\Box Tools\Metrics\BoxTools_Metrics_EFD61745.db
- post callback: 055B5CF6
- log callback: 055B5C56
- context: 00000000
- post interval in seconds: 600
- max records in a post: 100
- max db records: 500
- disable sender: true
[2025-04-01 04:01:27,978] [36   ] [INFO ] [] - Shutting down the metrics collector
[2025-04-01 04:11:27,941] [18   ] [INFO ] [] - Initializing the metrics collector
[2025-04-01 04:11:27,952] [18   ] [INFO ] [] - MetricsCollector::Sender(49): _disableSentMetrics 1
[2025-04-01 04:11:27,953] [18   ] [INFO ] [] - MetricsCollector::Initialize(231): Initialized metrics collector
- session id: 4975827b-6a0b-4533-9280-a841fa8438df
- device id: 4ca35884-a93a-48fc-ad16-80b2a90aa32e
- application id: Box Tools Win exe
- application name: BoxTools
- application version: 4.28.1.1163
- metric collection url: https://client-log.box.com/index.php?rm=box_gen204_json_record
- metric data path: C:\Users\pcedillo\AppData\Local\Box\Box Tools\Metrics\BoxTools_Metrics_EFD61745.db
- post callback: 055B5CF6
- log callback: 055B5C56
- context: 00000000
- post interval in seconds: 600
- max records in a post: 100
- max db records: 500
- disable sender: true
[2025-04-01 04:11:27,963] [18   ] [INFO ] [] - Shutting down the metrics collector
[2025-04-01 04:21:27,948] [36   ] [INFO ] [] - Initializing the metrics collector
[2025-04-01 04:21:27,962] [36   ] [INFO ] [] - MetricsCollector::Sender(49): _disableSentMetrics 1
[2025-04-01 04:21:27,962] [36   ] [INFO ] [] - MetricsCollector::Initialize(231): Initialized metrics collector
- session id: 4975827b-6a0b-4533-9280-a841fa8438df
- device id: 4ca35884-a93a-48fc-ad16-80b2a90aa32e
- application id: Box Tools Win exe
- application name: BoxTools
- application version: 4.28.1.1163
- metric collection url: https://client-log.box.com/index.php?rm=box_gen204_json_record
- metric data path: C:\Users\pcedillo\AppData\Local\Box\Box Tools\Metrics\BoxTools_Metrics_EFD61745.db
- post callback: 055B5CF6
- log callback: 055B5C56
- context: 00000000
- post interval in seconds: 600
- max records in a post: 100
- max db records: 500
- disable sender: true
[2025-04-01 04:21:27,974] [36   ] [INFO ] [] - Shutting down the metrics collector
[2025-04-01 04:31:27,960] [23   ] [INFO ] [] - Initializing the metrics collector
[2025-04-01 04:31:27,974] [23   ] [INFO ] [] - MetricsCollector::Sender(49): _disableSentMetrics 1
[2025-04-01 04:31:27,975] [23   ] [INFO ] [] - MetricsCollector::Initialize(231): Initialized metrics collector
- session id: 4975827b-6a0b-4533-9280-a841fa8438df
- device id: 4ca35884-a93a-48fc-ad16-80b2a90aa32e
- application id: Box Tools Win exe
- application name: BoxTools
- application version: 4.28.1.1163
- metric collection url: https://client-log.box.com/index.php?rm=box_gen204_json_record
- metric data path: C:\Users\pcedillo\AppData\Local\Box\Box Tools\Metrics\BoxTools_Metrics_EFD61745.db
- post callback: 055B5CF6
- log callback: 055B5C56
- context: 00000000
- post interval in seconds: 600
- max records in a post: 100
- max db records: 500
- disable sender: true
[2025-04-01 04:31:27,984] [23   ] [INFO ] [] - Shutting down the metrics collector
[2025-04-01 04:41:27,945] [39   ] [INFO ] [] - Initializing the metrics collector
[2025-04-01 04:41:27,961] [39   ] [INFO ] [] - MetricsCollector::Sender(49): _disableSentMetrics 1
[2025-04-01 04:41:27,962] [39   ] [INFO ] [] - MetricsCollector::Initialize(231): Initialized metrics collector
- session id: 4975827b-6a0b-4533-9280-a841fa8438df
- device id: 4ca35884-a93a-48fc-ad16-80b2a90aa32e
- application id: Box Tools Win exe
- application name: BoxTools
- application version: 4.28.1.1163
- metric collection url: https://client-log.box.com/index.php?rm=box_gen204_json_record
- metric data path: C:\Users\pcedillo\AppData\Local\Box\Box Tools\Metrics\BoxTools_Metrics_EFD61745.db
- post callback: 055B5CF6
- log callback: 055B5C56
- context: 00000000
- post interval in seconds: 600
- max records in a post: 100
- max db records: 500
- disable sender: true
[2025-04-01 04:41:27,984] [39   ] [INFO ] [] - Shutting down the metrics collector
[2025-04-01 04:51:27,915] [41   ] [INFO ] [] - Initializing the metrics collector
[2025-04-01 04:51:27,946] [41   ] [INFO ] [] - MetricsCollector::Sender(49): _disableSentMetrics 1
[2025-04-01 04:51:27,947] [41   ] [INFO ] [] - MetricsCollector::Initialize(231): Initialized metrics collector
- session id: 4975827b-6a0b-4533-9280-a841fa8438df
- device id: 4ca35884-a93a-48fc-ad16-80b2a90aa32e
- application id: Box Tools Win exe
- application name: BoxTools
- application version: 4.28.1.1163
- metric collection url: https://client-log.box.com/index.php?rm=box_gen204_json_record
- metric data path: C:\Users\pcedillo\AppData\Local\Box\Box Tools\Metrics\BoxTools_Metrics_EFD61745.db
- post callback: 055B5CF6
- log callback: 055B5C56
- context: 00000000
- post interval in seconds: 600
- max records in a post: 100
- max db records: 500
- disable sender: true
[2025-04-01 04:51:27,985] [41   ] [INFO ] [] - Shutting down the metrics collector
[2025-04-01 05:01:27,885] [43   ] [INFO ] [] - Initializing the metrics collector
[2025-04-01 05:01:27,913] [43   ] [INFO ] [] - MetricsCollector::Sender(49): _disableSentMetrics 1
[2025-04-01 05:01:27,915] [43   ] [INFO ] [] - MetricsCollector::Initialize(231): Initialized metrics collector
- session id: 4975827b-6a0b-4533-9280-a841fa8438df
- device id: 4ca35884-a93a-48fc-ad16-80b2a90aa32e
- application id: Box Tools Win exe
- application name: BoxTools
- application version: 4.28.1.1163
- metric collection url: https://client-log.box.com/index.php?rm=box_gen204_json_record
- metric data path: C:\Users\pcedillo\AppData\Local\Box\Box Tools\Metrics\BoxTools_Metrics_EFD61745.db
- post callback: 055B5CF6
- log callback: 055B5C56
- context: 00000000
- post interval in seconds: 600
- max records in a post: 100
- max db records: 500
- disable sender: true
[2025-04-01 05:01:27,943] [43   ] [INFO ] [] - Shutting down the metrics collector
[2025-04-01 05:11:27,859] [45   ] [INFO ] [] - Initializing the metrics collector
[2025-04-01 05:11:27,868] [45   ] [INFO ] [] - MetricsCollector::Sender(49): _disableSentMetrics 1
[2025-04-01 05:11:27,869] [45   ] [INFO ] [] - MetricsCollector::Initialize(231): Initialized metrics collector
- session id: 4975827b-6a0b-4533-9280-a841fa8438df
- device id: 4ca35884-a93a-48fc-ad16-80b2a90aa32e
- application id: Box Tools Win exe
- application name: BoxTools
- application version: 4.28.1.1163
- metric collection url: https://client-log.box.com/index.php?rm=box_gen204_json_record
- metric data path: C:\Users\pcedillo\AppData\Local\Box\Box Tools\Metrics\BoxTools_Metrics_EFD61745.db
- post callback: 055B5CF6
- log callback: 055B5C56
- context: 00000000
- post interval in seconds: 600
- max records in a post: 100
- max db records: 500
- disable sender: true
[2025-04-01 05:11:27,880] [45   ] [INFO ] [] - Shutting down the metrics collector
[2025-04-01 05:21:27,840] [46   ] [INFO ] [] - Initializing the metrics collector
[2025-04-01 05:21:27,853] [46   ] [INFO ] [] - MetricsCollector::Sender(49): _disableSentMetrics 1
[2025-04-01 05:21:27,853] [46   ] [INFO ] [] - MetricsCollector::Initialize(231): Initialized metrics collector
- session id: 4975827b-6a0b-4533-9280-a841fa8438df
- device id: 4ca35884-a93a-48fc-ad16-80b2a90aa32e
- application id: Box Tools Win exe
- application name: BoxTools
- application version: 4.28.1.1163
- metric collection url: https://client-log.box.com/index.php?rm=box_gen204_json_record
- metric data path: C:\Users\pcedillo\AppData\Local\Box\Box Tools\Metrics\BoxTools_Metrics_EFD61745.db
- post callback: 055B5CF6
- log callback: 055B5C56
- context: 00000000
- post interval in seconds: 600
- max records in a post: 100
- max db records: 500
- disable sender: true
[2025-04-01 05:21:27,863] [46   ] [INFO ] [] - Shutting down the metrics collector
[2025-04-01 05:31:27,815] [49   ] [INFO ] [] - Initializing the metrics collector
[2025-04-01 05:31:27,828] [49   ] [INFO ] [] - MetricsCollector::Sender(49): _disableSentMetrics 1
[2025-04-01 05:31:27,830] [49   ] [INFO ] [] - MetricsCollector::Initialize(231): Initialized metrics collector
- session id: 4975827b-6a0b-4533-9280-a841fa8438df
- device id: 4ca35884-a93a-48fc-ad16-80b2a90aa32e
- application id: Box Tools Win exe
- application name: BoxTools
- application version: 4.28.1.1163
- metric collection url: https://client-log.box.com/index.php?rm=box_gen204_json_record
- metric data path: C:\Users\pcedillo\AppData\Local\Box\Box Tools\Metrics\BoxTools_Metrics_EFD61745.db
- post callback: 055B5CF6
- log callback: 055B5C56
- context: 00000000
- post interval in seconds: 600
- max records in a post: 100
- max db records: 500
- disable sender: true
[2025-04-01 05:31:27,841] [49   ] [INFO ] [] - Shutting down the metrics collector
[2025-04-01 05:41:27,809] [3    ] [INFO ] [] - Initializing the metrics collector
[2025-04-01 05:41:27,817] [3    ] [INFO ] [] - MetricsCollector::Sender(49): _disableSentMetrics 1
[2025-04-01 05:41:27,818] [3    ] [INFO ] [] - MetricsCollector::Initialize(231): Initialized metrics collector
- session id: 4975827b-6a0b-4533-9280-a841fa8438df
- device id: 4ca35884-a93a-48fc-ad16-80b2a90aa32e
- application id: Box Tools Win exe
- application name: BoxTools
- application version: 4.28.1.1163
- metric collection url: https://client-log.box.com/index.php?rm=box_gen204_json_record
- metric data path: C:\Users\pcedillo\AppData\Local\Box\Box Tools\Metrics\BoxTools_Metrics_EFD61745.db
- post callback: 055B5CF6
- log callback: 055B5C56
- context: 00000000
- post interval in seconds: 600
- max records in a post: 100
- max db records: 500
- disable sender: true
[2025-04-01 05:41:27,827] [3    ] [INFO ] [] - Shutting down the metrics collector
[2025-04-01 05:51:27,799] [56   ] [INFO ] [] - Initializing the metrics collector
[2025-04-01 05:51:27,811] [56   ] [INFO ] [] - MetricsCollector::Sender(49): _disableSentMetrics 1
[2025-04-01 05:51:27,812] [56   ] [INFO ] [] - MetricsCollector::Initialize(231): Initialized metrics collector
- session id: 4975827b-6a0b-4533-9280-a841fa8438df
- device id: 4ca35884-a93a-48fc-ad16-80b2a90aa32e
- application id: Box Tools Win exe
- application name: BoxTools
- application version: 4.28.1.1163
- metric collection url: https://client-log.box.com/index.php?rm=box_gen204_json_record
- metric data path: C:\Users\pcedillo\AppData\Local\Box\Box Tools\Metrics\BoxTools_Metrics_EFD61745.db
- post callback: 055B5CF6
- log callback: 055B5C56
- context: 00000000
- post interval in seconds: 600
- max records in a post: 100
- max db records: 500
- disable sender: true
[2025-04-01 05:51:27,819] [56   ] [INFO ] [] - Shutting down the metrics collector
[2025-04-01 06:01:27,791] [22   ] [INFO ] [] - Initializing the metrics collector
[2025-04-01 06:01:27,805] [22   ] [INFO ] [] - MetricsCollector::Sender(49): _disableSentMetrics 1
[2025-04-01 06:01:27,805] [22   ] [INFO ] [] - MetricsCollector::Initialize(231): Initialized metrics collector
- session id: 4975827b-6a0b-4533-9280-a841fa8438df
- device id: 4ca35884-a93a-48fc-ad16-80b2a90aa32e
- application id: Box Tools Win exe
- application name: BoxTools
- application version: 4.28.1.1163
- metric collection url: https://client-log.box.com/index.php?rm=box_gen204_json_record
- metric data path: C:\Users\pcedillo\AppData\Local\Box\Box Tools\Metrics\BoxTools_Metrics_EFD61745.db
- post callback: 055B5CF6
- log callback: 055B5C56
- context: 00000000
- post interval in seconds: 600
- max records in a post: 100
- max db records: 500
- disable sender: true
[2025-04-01 06:01:27,816] [22   ] [INFO ] [] - Shutting down the metrics collector
[2025-04-01 06:11:27,781] [20   ] [INFO ] [] - Initializing the metrics collector
[2025-04-01 06:11:27,789] [20   ] [INFO ] [] - MetricsCollector::Sender(49): _disableSentMetrics 1
[2025-04-01 06:11:27,790] [20   ] [INFO ] [] - MetricsCollector::Initialize(231): Initialized metrics collector
- session id: 4975827b-6a0b-4533-9280-a841fa8438df
- device id: 4ca35884-a93a-48fc-ad16-80b2a90aa32e
- application id: Box Tools Win exe
- application name: BoxTools
- application version: 4.28.1.1163
- metric collection url: https://client-log.box.com/index.php?rm=box_gen204_json_record
- metric data path: C:\Users\pcedillo\AppData\Local\Box\Box Tools\Metrics\BoxTools_Metrics_EFD61745.db
- post callback: 055B5CF6
- log callback: 055B5C56
- context: 00000000
- post interval in seconds: 600
- max records in a post: 100
- max db records: 500
- disable sender: true
[2025-04-01 06:11:27,804] [20   ] [INFO ] [] - Shutting down the metrics collector
[2025-04-01 06:21:27,772] [14   ] [INFO ] [] - Initializing the metrics collector
[2025-04-01 06:21:27,788] [14   ] [INFO ] [] - MetricsCollector::Sender(49): _disableSentMetrics 1
[2025-04-01 06:21:27,790] [14   ] [INFO ] [] - MetricsCollector::Initialize(231): Initialized metrics collector
- session id: 4975827b-6a0b-4533-9280-a841fa8438df
- device id: 4ca35884-a93a-48fc-ad16-80b2a90aa32e
- application id: Box Tools Win exe
- application name: BoxTools
- application version: 4.28.1.1163
- metric collection url: https://client-log.box.com/index.php?rm=box_gen204_json_record
- metric data path: C:\Users\pcedillo\AppData\Local\Box\Box Tools\Metrics\BoxTools_Metrics_EFD61745.db
- post callback: 055B5CF6
- log callback: 055B5C56
- context: 00000000
- post interval in seconds: 600
- max records in a post: 100
- max db records: 500
- disable sender: true
[2025-04-01 06:21:27,807] [14   ] [INFO ] [] - Shutting down the metrics collector
[2025-04-01 06:31:27,768] [25   ] [INFO ] [] - Initializing the metrics collector
[2025-04-01 06:31:27,784] [25   ] [INFO ] [] - MetricsCollector::Sender(49): _disableSentMetrics 1
[2025-04-01 06:31:27,785] [25   ] [INFO ] [] - MetricsCollector::Initialize(231): Initialized metrics collector
- session id: 4975827b-6a0b-4533-9280-a841fa8438df
- device id: 4ca35884-a93a-48fc-ad16-80b2a90aa32e
- application id: Box Tools Win exe
- application name: BoxTools
- application version: 4.28.1.1163
- metric collection url: https://client-log.box.com/index.php?rm=box_gen204_json_record
- metric data path: C:\Users\pcedillo\AppData\Local\Box\Box Tools\Metrics\BoxTools_Metrics_EFD61745.db
- post callback: 055B5CF6
- log callback: 055B5C56
- context: 00000000
- post interval in seconds: 600
- max records in a post: 100
- max db records: 500
- disable sender: true
[2025-04-01 06:31:27,802] [25   ] [INFO ] [] - Shutting down the metrics collector
[2025-04-01 06:41:27,775] [10   ] [INFO ] [] - Initializing the metrics collector
[2025-04-01 06:41:27,782] [10   ] [INFO ] [] - MetricsCollector::Sender(49): _disableSentMetrics 1
[2025-04-01 06:41:27,783] [10   ] [INFO ] [] - MetricsCollector::Initialize(231): Initialized metrics collector
- session id: 4975827b-6a0b-4533-9280-a841fa8438df
- device id: 4ca35884-a93a-48fc-ad16-80b2a90aa32e
- application id: Box Tools Win exe
- application name: BoxTools
- application version: 4.28.1.1163
- metric collection url: https://client-log.box.com/index.php?rm=box_gen204_json_record
- metric data path: C:\Users\pcedillo\AppData\Local\Box\Box Tools\Metrics\BoxTools_Metrics_EFD61745.db
- post callback: 055B5CF6
- log callback: 055B5C56
- context: 00000000
- post interval in seconds: 600
- max records in a post: 100
- max db records: 500
- disable sender: true
[2025-04-01 06:41:27,792] [10   ] [INFO ] [] - Shutting down the metrics collector
[2025-04-01 06:51:27,780] [24   ] [INFO ] [] - Initializing the metrics collector
[2025-04-01 06:51:27,794] [24   ] [INFO ] [] - MetricsCollector::Sender(49): _disableSentMetrics 1
[2025-04-01 06:51:27,795] [24   ] [INFO ] [] - MetricsCollector::Initialize(231): Initialized metrics collector
- session id: 4975827b-6a0b-4533-9280-a841fa8438df
- device id: 4ca35884-a93a-48fc-ad16-80b2a90aa32e
- application id: Box Tools Win exe
- application name: BoxTools
- application version: 4.28.1.1163
- metric collection url: https://client-log.box.com/index.php?rm=box_gen204_json_record
- metric data path: C:\Users\pcedillo\AppData\Local\Box\Box Tools\Metrics\BoxTools_Metrics_EFD61745.db
- post callback: 055B5CF6
- log callback: 055B5C56
- context: 00000000
- post interval in seconds: 600
- max records in a post: 100
- max db records: 500
- disable sender: true
[2025-04-01 06:51:27,808] [24   ] [INFO ] [] - Shutting down the metrics collector
[2025-04-01 07:01:27,771] [29   ] [INFO ] [] - Initializing the metrics collector
[2025-04-01 07:01:27,786] [29   ] [INFO ] [] - MetricsCollector::Sender(49): _disableSentMetrics 1
[2025-04-01 07:01:27,786] [29   ] [INFO ] [] - MetricsCollector::Initialize(231): Initialized metrics collector
- session id: 4975827b-6a0b-4533-9280-a841fa8438df
- device id: 4ca35884-a93a-48fc-ad16-80b2a90aa32e
- application id: Box Tools Win exe
- application name: BoxTools
- application version: 4.28.1.1163
- metric collection url: https://client-log.box.com/index.php?rm=box_gen204_json_record
- metric data path: C:\Users\pcedillo\AppData\Local\Box\Box Tools\Metrics\BoxTools_Metrics_EFD61745.db
- post callback: 055B5CF6
- log callback: 055B5C56
- context: 00000000
- post interval in seconds: 600
- max records in a post: 100
- max db records: 500
- disable sender: true
[2025-04-01 07:01:27,799] [29   ] [INFO ] [] - Shutting down the metrics collector
[2025-04-01 07:11:27,742] [30   ] [INFO ] [] - Initializing the metrics collector
[2025-04-01 07:11:27,755] [30   ] [INFO ] [] - MetricsCollector::Sender(49): _disableSentMetrics 1
[2025-04-01 07:11:27,756] [30   ] [INFO ] [] - MetricsCollector::Initialize(231): Initialized metrics collector
- session id: 4975827b-6a0b-4533-9280-a841fa8438df
- device id: 4ca35884-a93a-48fc-ad16-80b2a90aa32e
- application id: Box Tools Win exe
- application name: BoxTools
- application version: 4.28.1.1163
- metric collection url: https://client-log.box.com/index.php?rm=box_gen204_json_record
- metric data path: C:\Users\pcedillo\AppData\Local\Box\Box Tools\Metrics\BoxTools_Metrics_EFD61745.db
- post callback: 055B5CF6
- log callback: 055B5C56
- context: 00000000
- post interval in seconds: 600
- max records in a post: 100
- max db records: 500
- disable sender: true
[2025-04-01 07:11:27,766] [30   ] [INFO ] [] - Shutting down the metrics collector
[2025-04-01 07:21:27,709] [15   ] [INFO ] [] - Initializing the metrics collector
[2025-04-01 07:21:27,717] [15   ] [INFO ] [] - MetricsCollector::Sender(49): _disableSentMetrics 1
[2025-04-01 07:21:27,717] [15   ] [INFO ] [] - MetricsCollector::Initialize(231): Initialized metrics collector
- session id: 4975827b-6a0b-4533-9280-a841fa8438df
- device id: 4ca35884-a93a-48fc-ad16-80b2a90aa32e
- application id: Box Tools Win exe
- application name: BoxTools
- application version: 4.28.1.1163
- metric collection url: https://client-log.box.com/index.php?rm=box_gen204_json_record
- metric data path: C:\Users\pcedillo\AppData\Local\Box\Box Tools\Metrics\BoxTools_Metrics_EFD61745.db
- post callback: 055B5CF6
- log callback: 055B5C56
- context: 00000000
- post interval in seconds: 600
- max records in a post: 100
- max db records: 500
- disable sender: true
[2025-04-01 07:21:27,724] [15   ] [INFO ] [] - Shutting down the metrics collector
[2025-04-01 07:31:27,675] [34   ] [INFO ] [] - Initializing the metrics collector
[2025-04-01 07:31:27,687] [34   ] [INFO ] [] - MetricsCollector::Sender(49): _disableSentMetrics 1
[2025-04-01 07:31:27,688] [34   ] [INFO ] [] - MetricsCollector::Initialize(231): Initialized metrics collector
- session id: 4975827b-6a0b-4533-9280-a841fa8438df
- device id: 4ca35884-a93a-48fc-ad16-80b2a90aa32e
- application id: Box Tools Win exe
- application name: BoxTools
- application version: 4.28.1.1163
- metric collection url: https://client-log.box.com/index.php?rm=box_gen204_json_record
- metric data path: C:\Users\pcedillo\AppData\Local\Box\Box Tools\Metrics\BoxTools_Metrics_EFD61745.db
- post callback: 055B5CF6
- log callback: 055B5C56
- context: 00000000
- post interval in seconds: 600
- max records in a post: 100
- max db records: 500
- disable sender: true
[2025-04-01 07:31:27,699] [34   ] [INFO ] [] - Shutting down the metrics collector
[2025-04-01 07:41:27,661] [48   ] [INFO ] [] - Initializing the metrics collector
[2025-04-01 07:41:27,689] [48   ] [INFO ] [] - MetricsCollector::Sender(49): _disableSentMetrics 1
[2025-04-01 07:41:27,692] [48   ] [INFO ] [] - MetricsCollector::Initialize(231): Initialized metrics collector
- session id: 4975827b-6a0b-4533-9280-a841fa8438df
- device id: 4ca35884-a93a-48fc-ad16-80b2a90aa32e
- application id: Box Tools Win exe
- application name: BoxTools
- application version: 4.28.1.1163
- metric collection url: https://client-log.box.com/index.php?rm=box_gen204_json_record
- metric data path: C:\Users\pcedillo\AppData\Local\Box\Box Tools\Metrics\BoxTools_Metrics_EFD61745.db
- post callback: 055B5CF6
- log callback: 055B5C56
- context: 00000000
- post interval in seconds: 600
- max records in a post: 100
- max db records: 500
- disable sender: true
[2025-04-01 07:41:27,731] [48   ] [INFO ] [] - Shutting down the metrics collector
[2025-04-01 07:51:27,648] [53   ] [INFO ] [] - Initializing the metrics collector
[2025-04-01 07:51:27,672] [53   ] [INFO ] [] - MetricsCollector::Sender(49): _disableSentMetrics 1
[2025-04-01 07:51:27,674] [53   ] [INFO ] [] - MetricsCollector::Initialize(231): Initialized metrics collector
- session id: 4975827b-6a0b-4533-9280-a841fa8438df
- device id: 4ca35884-a93a-48fc-ad16-80b2a90aa32e
- application id: Box Tools Win exe
- application name: BoxTools
- application version: 4.28.1.1163
- metric collection url: https://client-log.box.com/index.php?rm=box_gen204_json_record
- metric data path: C:\Users\pcedillo\AppData\Local\Box\Box Tools\Metrics\BoxTools_Metrics_EFD61745.db
- post callback: 055B5CF6
- log callback: 055B5C56
- context: 00000000
- post interval in seconds: 600
- max records in a post: 100
- max db records: 500
- disable sender: true
[2025-04-01 07:51:27,703] [53   ] [INFO ] [] - Shutting down the metrics collector
[2025-04-01 08:01:27,643] [48   ] [INFO ] [] - Initializing the metrics collector
[2025-04-01 08:01:27,657] [48   ] [INFO ] [] - MetricsCollector::Sender(49): _disableSentMetrics 1
[2025-04-01 08:01:27,658] [48   ] [INFO ] [] - MetricsCollector::Initialize(231): Initialized metrics collector
- session id: 4975827b-6a0b-4533-9280-a841fa8438df
- device id: 4ca35884-a93a-48fc-ad16-80b2a90aa32e
- application id: Box Tools Win exe
- application name: BoxTools
- application version: 4.28.1.1163
- metric collection url: https://client-log.box.com/index.php?rm=box_gen204_json_record
- metric data path: C:\Users\pcedillo\AppData\Local\Box\Box Tools\Metrics\BoxTools_Metrics_EFD61745.db
- post callback: 055B5CF6
- log callback: 055B5C56
- context: 00000000
- post interval in seconds: 600
- max records in a post: 100
- max db records: 500
- disable sender: true
[2025-04-01 08:01:27,672] [48   ] [INFO ] [] - Shutting down the metrics collector
[2025-04-01 08:11:27,622] [34   ] [INFO ] [] - Initializing the metrics collector
[2025-04-01 08:11:27,635] [34   ] [INFO ] [] - MetricsCollector::Sender(49): _disableSentMetrics 1
[2025-04-01 08:11:27,635] [34   ] [INFO ] [] - MetricsCollector::Initialize(231): Initialized metrics collector
- session id: 4975827b-6a0b-4533-9280-a841fa8438df
- device id: 4ca35884-a93a-48fc-ad16-80b2a90aa32e
- application id: Box Tools Win exe
- application name: BoxTools
- application version: 4.28.1.1163
- metric collection url: https://client-log.box.com/index.php?rm=box_gen204_json_record
- metric data path: C:\Users\pcedillo\AppData\Local\Box\Box Tools\Metrics\BoxTools_Metrics_EFD61745.db
- post callback: 055B5CF6
- log callback: 055B5C56
- context: 00000000
- post interval in seconds: 600
- max records in a post: 100
- max db records: 500
- disable sender: true
[2025-04-01 08:11:27,646] [34   ] [INFO ] [] - Shutting down the metrics collector
[2025-04-01 08:20:32,086] [15   ] [INFO ] [] - Scheduling next upgrade check: Delay
[2025-04-01 08:20:32,087] [15   ] [INFO ] [] - Next autoupgrade timer will fire after: 1.00:00:00
[2025-04-01 08:20:32,088] [15   ] [INFO ] [] - Checking for upgrade
[2025-04-01 08:20:32,091] [15   ] [INFO ] [] - .NET Version - installed 533320, expected: 528040
[2025-04-01 08:20:32,092] [15   ] [INFO ] [] - result: True
[2025-04-01 08:20:32,096] [15   ] [INFO ] [] - Checking for upgrades
[2025-04-01 08:20:32,098] [15   ] [INFO ] [] - Url used to upgrade: https://cdn07.boxcdn.net/BoxEditAutoupdate2.json
[2025-04-01 08:20:32,321] [15   ] [INFO ] [] - ### current version track name: 4.28.1
[2025-04-01 08:20:32,322] [15   ] [INFO ] [] - No custom track name in registry
[2025-04-01 08:20:32,322] [15   ] [WARN ] [] - Track 4.28.1 not found
[2025-04-01 08:20:32,323] [15   ] [INFO ] [] - Track default for upgrade found
[2025-04-01 08:20:32,324] [15   ] [INFO ] [] - RolloutID set to 61
[2025-04-01 08:20:32,324] [15   ] [INFO ] [] - No upgrade available
[2025-04-01 08:20:32,324] [15   ] [INFO ] [] - Check for updates returned None
[2025-04-01 08:20:32,325] [15   ] [INFO ] [] - Scheduling next upgrade check: Reset
[2025-04-01 08:20:32,325] [15   ] [INFO ] [] - Next autoupgrade timer will fire after: 05:30:00
[2025-04-01 08:21:27,631] [35   ] [INFO ] [] - Initializing the metrics collector
[2025-04-01 08:21:27,645] [35   ] [INFO ] [] - MetricsCollector::Sender(49): _disableSentMetrics 1
[2025-04-01 08:21:27,645] [35   ] [INFO ] [] - MetricsCollector::Initialize(231): Initialized metrics collector
- session id: 4975827b-6a0b-4533-9280-a841fa8438df
- device id: 4ca35884-a93a-48fc-ad16-80b2a90aa32e
- application id: Box Tools Win exe
- application name: BoxTools
- application version: 4.28.1.1163
- metric collection url: https://client-log.box.com/index.php?rm=box_gen204_json_record
- metric data path: C:\Users\pcedillo\AppData\Local\Box\Box Tools\Metrics\BoxTools_Metrics_EFD61745.db
- post callback: 055B5CF6
- log callback: 055B5C56
- context: 00000000
- post interval in seconds: 600
- max records in a post: 100
- max db records: 500
- disable sender: true
[2025-04-01 08:21:27,655] [35   ] [INFO ] [] - Shutting down the metrics collector
[2025-04-01 08:31:27,628] [29   ] [INFO ] [] - Initializing the metrics collector
[2025-04-01 08:31:27,641] [29   ] [INFO ] [] - MetricsCollector::Sender(49): _disableSentMetrics 1
[2025-04-01 08:31:27,642] [29   ] [INFO ] [] - MetricsCollector::Initialize(231): Initialized metrics collector
- session id: 4975827b-6a0b-4533-9280-a841fa8438df
- device id: 4ca35884-a93a-48fc-ad16-80b2a90aa32e
- application id: Box Tools Win exe
- application name: BoxTools
- application version: 4.28.1.1163
- metric collection url: https://client-log.box.com/index.php?rm=box_gen204_json_record
- metric data path: C:\Users\pcedillo\AppData\Local\Box\Box Tools\Metrics\BoxTools_Metrics_EFD61745.db
- post callback: 055B5CF6
- log callback: 055B5C56
- context: 00000000
- post interval in seconds: 600
- max records in a post: 100
- max db records: 500
- disable sender: true
[2025-04-01 08:31:27,654] [29   ] [INFO ] [] - Shutting down the metrics collector
[2025-04-01 08:41:27,631] [24   ] [INFO ] [] - Initializing the metrics collector
[2025-04-01 08:41:27,692] [24   ] [INFO ] [] - MetricsCollector::Sender(49): _disableSentMetrics 1
[2025-04-01 08:41:27,695] [24   ] [INFO ] [] - MetricsCollector::Initialize(231): Initialized metrics collector
- session id: 4975827b-6a0b-4533-9280-a841fa8438df
- device id: 4ca35884-a93a-48fc-ad16-80b2a90aa32e
- application id: Box Tools Win exe
- application name: BoxTools
- application version: 4.28.1.1163
- metric collection url: https://client-log.box.com/index.php?rm=box_gen204_json_record
- metric data path: C:\Users\pcedillo\AppData\Local\Box\Box Tools\Metrics\BoxTools_Metrics_EFD61745.db
- post callback: 055B5CF6
- log callback: 055B5C56
- context: 00000000
- post interval in seconds: 600
- max records in a post: 100
- max db records: 500
- disable sender: true
[2025-04-01 08:41:27,754] [24   ] [INFO ] [] - Shutting down the metrics collector
[2025-04-01 08:51:27,615] [10   ] [INFO ] [] - Initializing the metrics collector
[2025-04-01 08:51:27,633] [10   ] [INFO ] [] - MetricsCollector::Sender(49): _disableSentMetrics 1
[2025-04-01 08:51:27,635] [10   ] [INFO ] [] - MetricsCollector::Initialize(231): Initialized metrics collector
- session id: 4975827b-6a0b-4533-9280-a841fa8438df
- device id: 4ca35884-a93a-48fc-ad16-80b2a90aa32e
- application id: Box Tools Win exe
- application name: BoxTools
- application version: 4.28.1.1163
- metric collection url: https://client-log.box.com/index.php?rm=box_gen204_json_record
- metric data path: C:\Users\pcedillo\AppData\Local\Box\Box Tools\Metrics\BoxTools_Metrics_EFD61745.db
- post callback: 055B5CF6
- log callback: 055B5C56
- context: 00000000
- post interval in seconds: 600
- max records in a post: 100
- max db records: 500
- disable sender: true
[2025-04-01 08:51:27,657] [10   ] [INFO ] [] - Shutting down the metrics collector
[2025-04-01 09:01:27,619] [25   ] [INFO ] [] - Initializing the metrics collector
[2025-04-01 09:01:27,634] [25   ] [INFO ] [] - MetricsCollector::Sender(49): _disableSentMetrics 1
[2025-04-01 09:01:27,635] [25   ] [INFO ] [] - MetricsCollector::Initialize(231): Initialized metrics collector
- session id: 4975827b-6a0b-4533-9280-a841fa8438df
- device id: 4ca35884-a93a-48fc-ad16-80b2a90aa32e
- application id: Box Tools Win exe
- application name: BoxTools
- application version: 4.28.1.1163
- metric collection url: https://client-log.box.com/index.php?rm=box_gen204_json_record
- metric data path: C:\Users\pcedillo\AppData\Local\Box\Box Tools\Metrics\BoxTools_Metrics_EFD61745.db
- post callback: 055B5CF6
- log callback: 055B5C56
- context: 00000000
- post interval in seconds: 600
- max records in a post: 100
- max db records: 500
- disable sender: true
[2025-04-01 09:01:27,647] [25   ] [INFO ] [] - Shutting down the metrics collector
[2025-04-01 09:11:27,686] [26   ] [INFO ] [] - Initializing the metrics collector
[2025-04-01 09:11:27,751] [26   ] [INFO ] [] - MetricsCollector::Sender(49): _disableSentMetrics 1
[2025-04-01 09:11:27,754] [26   ] [INFO ] [] - MetricsCollector::Initialize(231): Initialized metrics collector
- session id: 4975827b-6a0b-4533-9280-a841fa8438df
- device id: 4ca35884-a93a-48fc-ad16-80b2a90aa32e
- application id: Box Tools Win exe
- application name: BoxTools
- application version: 4.28.1.1163
- metric collection url: https://client-log.box.com/index.php?rm=box_gen204_json_record
- metric data path: C:\Users\pcedillo\AppData\Local\Box\Box Tools\Metrics\BoxTools_Metrics_EFD61745.db
- post callback: 055B5CF6
- log callback: 055B5C56
- context: 00000000
- post interval in seconds: 600
- max records in a post: 100
- max db records: 500
- disable sender: true
[2025-04-01 09:11:27,817] [26   ] [INFO ] [] - Shutting down the metrics collector
[2025-04-01 09:21:27,616] [32   ] [INFO ] [] - Initializing the metrics collector
[2025-04-01 09:21:27,634] [32   ] [INFO ] [] - MetricsCollector::Sender(49): _disableSentMetrics 1
[2025-04-01 09:21:27,635] [32   ] [INFO ] [] - MetricsCollector::Initialize(231): Initialized metrics collector
- session id: 4975827b-6a0b-4533-9280-a841fa8438df
- device id: 4ca35884-a93a-48fc-ad16-80b2a90aa32e
- application id: Box Tools Win exe
- application name: BoxTools
- application version: 4.28.1.1163
- metric collection url: https://client-log.box.com/index.php?rm=box_gen204_json_record
- metric data path: C:\Users\pcedillo\AppData\Local\Box\Box Tools\Metrics\BoxTools_Metrics_EFD61745.db
- post callback: 055B5CF6
- log callback: 055B5C56
- context: 00000000
- post interval in seconds: 600
- max records in a post: 100
- max db records: 500
- disable sender: true
[2025-04-01 09:21:27,658] [32   ] [INFO ] [] - Shutting down the metrics collector
[2025-04-01 09:31:27,570] [34   ] [INFO ] [] - Initializing the metrics collector
[2025-04-01 09:31:27,590] [34   ] [INFO ] [] - MetricsCollector::Sender(49): _disableSentMetrics 1
[2025-04-01 09:31:27,591] [34   ] [INFO ] [] - MetricsCollector::Initialize(231): Initialized metrics collector
- session id: 4975827b-6a0b-4533-9280-a841fa8438df
- device id: 4ca35884-a93a-48fc-ad16-80b2a90aa32e
- application id: Box Tools Win exe
- application name: BoxTools
- application version: 4.28.1.1163
- metric collection url: https://client-log.box.com/index.php?rm=box_gen204_json_record
- metric data path: C:\Users\pcedillo\AppData\Local\Box\Box Tools\Metrics\BoxTools_Metrics_EFD61745.db
- post callback: 055B5CF6
- log callback: 055B5C56
- context: 00000000
- post interval in seconds: 600
- max records in a post: 100
- max db records: 500
- disable sender: true
[2025-04-01 09:31:27,614] [34   ] [INFO ] [] - Shutting down the metrics collector
[2025-04-01 09:41:27,533] [48   ] [INFO ] [] - Initializing the metrics collector
[2025-04-01 09:41:27,570] [48   ] [INFO ] [] - MetricsCollector::Sender(49): _disableSentMetrics 1
[2025-04-01 09:41:27,573] [48   ] [INFO ] [] - MetricsCollector::Initialize(231): Initialized metrics collector
- session id: 4975827b-6a0b-4533-9280-a841fa8438df
- device id: 4ca35884-a93a-48fc-ad16-80b2a90aa32e
- application id: Box Tools Win exe
- application name: BoxTools
- application version: 4.28.1.1163
- metric collection url: https://client-log.box.com/index.php?rm=box_gen204_json_record
- metric data path: C:\Users\pcedillo\AppData\Local\Box\Box Tools\Metrics\BoxTools_Metrics_EFD61745.db
- post callback: 055B5CF6
- log callback: 055B5C56
- context: 00000000
- post interval in seconds: 600
- max records in a post: 100
- max db records: 500
- disable sender: true
[2025-04-01 09:41:27,620] [48   ] [INFO ] [] - Shutting down the metrics collector
[2025-04-01 09:51:27,517] [53   ] [INFO ] [] - Initializing the metrics collector
[2025-04-01 09:51:27,573] [53   ] [INFO ] [] - MetricsCollector::Sender(49): _disableSentMetrics 1
[2025-04-01 09:51:27,575] [53   ] [INFO ] [] - MetricsCollector::Initialize(231): Initialized metrics collector
- session id: 4975827b-6a0b-4533-9280-a841fa8438df
- device id: 4ca35884-a93a-48fc-ad16-80b2a90aa32e
- application id: Box Tools Win exe
- application name: BoxTools
- application version: 4.28.1.1163
- metric collection url: https://client-log.box.com/index.php?rm=box_gen204_json_record
- metric data path: C:\Users\pcedillo\AppData\Local\Box\Box Tools\Metrics\BoxTools_Metrics_EFD61745.db
- post callback: 055B5CF6
- log callback: 055B5C56
- context: 00000000
- post interval in seconds: 600
- max records in a post: 100
- max db records: 500
- disable sender: true
[2025-04-01 09:51:27,633] [53   ] [INFO ] [] - Shutting down the metrics collector
[2025-04-01 10:01:27,485] [11   ] [INFO ] [] - Initializing the metrics collector
[2025-04-01 10:01:27,498] [11   ] [INFO ] [] - MetricsCollector::Sender(49): _disableSentMetrics 1
[2025-04-01 10:01:27,498] [11   ] [INFO ] [] - MetricsCollector::Initialize(231): Initialized metrics collector
- session id: 4975827b-6a0b-4533-9280-a841fa8438df
- device id: 4ca35884-a93a-48fc-ad16-80b2a90aa32e
- application id: Box Tools Win exe
- application name: BoxTools
- application version: 4.28.1.1163
- metric collection url: https://client-log.box.com/index.php?rm=box_gen204_json_record
- metric data path: C:\Users\pcedillo\AppData\Local\Box\Box Tools\Metrics\BoxTools_Metrics_EFD61745.db
- post callback: 055B5CF6
- log callback: 055B5C56
- context: 00000000
- post interval in seconds: 600
- max records in a post: 100
- max db records: 500
- disable sender: true
[2025-04-01 10:01:27,509] [11   ] [INFO ] [] - Shutting down the metrics collector
[2025-04-01 10:11:27,471] [56   ] [INFO ] [] - Initializing the metrics collector
[2025-04-01 10:11:27,479] [56   ] [INFO ] [] - MetricsCollector::Sender(49): _disableSentMetrics 1
[2025-04-01 10:11:27,480] [56   ] [INFO ] [] - MetricsCollector::Initialize(231): Initialized metrics collector
- session id: 4975827b-6a0b-4533-9280-a841fa8438df
- device id: 4ca35884-a93a-48fc-ad16-80b2a90aa32e
- application id: Box Tools Win exe
- application name: BoxTools
- application version: 4.28.1.1163
- metric collection url: https://client-log.box.com/index.php?rm=box_gen204_json_record
- metric data path: C:\Users\pcedillo\AppData\Local\Box\Box Tools\Metrics\BoxTools_Metrics_EFD61745.db
- post callback: 055B5CF6
- log callback: 055B5C56
- context: 00000000
- post interval in seconds: 600
- max records in a post: 100
- max db records: 500
- disable sender: true
[2025-04-01 10:11:27,489] [56   ] [INFO ] [] - Shutting down the metrics collector
[2025-04-01 10:21:27,454] [3    ] [INFO ] [] - Initializing the metrics collector
[2025-04-01 10:21:27,490] [3    ] [INFO ] [] - MetricsCollector::Sender(49): _disableSentMetrics 1
[2025-04-01 10:21:27,493] [3    ] [INFO ] [] - MetricsCollector::Initialize(231): Initialized metrics collector
- session id: 4975827b-6a0b-4533-9280-a841fa8438df
- device id: 4ca35884-a93a-48fc-ad16-80b2a90aa32e
- application id: Box Tools Win exe
- application name: BoxTools
- application version: 4.28.1.1163
- metric collection url: https://client-log.box.com/index.php?rm=box_gen204_json_record
- metric data path: C:\Users\pcedillo\AppData\Local\Box\Box Tools\Metrics\BoxTools_Metrics_EFD61745.db
- post callback: 055B5CF6
- log callback: 055B5C56
- context: 00000000
- post interval in seconds: 600
- max records in a post: 100
- max db records: 500
- disable sender: true
[2025-04-01 10:21:27,543] [3    ] [INFO ] [] - Shutting down the metrics collector
[2025-04-01 10:31:27,444] [57   ] [INFO ] [] - Initializing the metrics collector
[2025-04-01 10:31:27,459] [57   ] [INFO ] [] - MetricsCollector::Sender(49): _disableSentMetrics 1
[2025-04-01 10:31:27,460] [57   ] [INFO ] [] - MetricsCollector::Initialize(231): Initialized metrics collector
- session id: 4975827b-6a0b-4533-9280-a841fa8438df
- device id: 4ca35884-a93a-48fc-ad16-80b2a90aa32e
- application id: Box Tools Win exe
- application name: BoxTools
- application version: 4.28.1.1163
- metric collection url: https://client-log.box.com/index.php?rm=box_gen204_json_record
- metric data path: C:\Users\pcedillo\AppData\Local\Box\Box Tools\Metrics\BoxTools_Metrics_EFD61745.db
- post callback: 055B5CF6
- log callback: 055B5C56
- context: 00000000
- post interval in seconds: 600
- max records in a post: 100
- max db records: 500
- disable sender: true
[2025-04-01 10:31:27,477] [57   ] [INFO ] [] - Shutting down the metrics collector
