[2024-11-21 08:23:41,408] [13   ] [INFO ] [] - Initializing the metrics collector
[2024-11-21 08:23:41,426] [13   ] [INFO ] [] - MetricsCollector::Sender(49): _disableSentMetrics 1
[2024-11-21 08:23:41,426] [13   ] [INFO ] [] - MetricsCollector::Initialize(231): Initialized metrics collector
- session id: 12ee15d7-d155-4aee-9da5-b3c385d33078
- device id: 4ca35884-a93a-48fc-ad16-80b2a90aa32e
- application id: Box Tools Win exe
- application name: BoxTools
- application version: 4.26.1.1109
- metric collection url: https://client-log.box.com/index.php?rm=box_gen204_json_record
- metric data path: C:\Users\pcedillo\AppData\Local\Box\Box Tools\Metrics\BoxTools_Metrics.db
- post callback: 05705A9E
- log callback: 05705AEE
- context: 00000000
- post interval in seconds: 600
- max records in a post: 100
- max db records: 500
- disable sender: true
[2024-11-21 08:23:41,426] [13   ] [INFO ] [] - Shutting down the metrics collector
[2024-11-21 08:33:42,991] [14   ] [INFO ] [] - Initializing the metrics collector
[2024-11-21 08:33:43,002] [14   ] [INFO ] [] - MetricsCollector::Sender(49): _disableSentMetrics 1
[2024-11-21 08:33:43,007] [14   ] [INFO ] [] - MetricsCollector::Initialize(231): Initialized metrics collector
- session id: 12ee15d7-d155-4aee-9da5-b3c385d33078
- device id: 4ca35884-a93a-48fc-ad16-80b2a90aa32e
- application id: Box Tools Win exe
- application name: BoxTools
- application version: 4.26.1.1109
- metric collection url: https://client-log.box.com/index.php?rm=box_gen204_json_record
- metric data path: C:\Users\pcedillo\AppData\Local\Box\Box Tools\Metrics\BoxTools_Metrics.db
- post callback: 05705A9E
- log callback: 05705AEE
- context: 00000000
- post interval in seconds: 600
- max records in a post: 100
- max db records: 500
- disable sender: true
[2024-11-21 08:33:43,023] [14   ] [INFO ] [] - Shutting down the metrics collector
[2024-11-21 08:43:42,950] [8    ] [INFO ] [] - Initializing the metrics collector
[2024-11-21 08:43:42,960] [8    ] [INFO ] [] - MetricsCollector::Sender(49): _disableSentMetrics 1
[2024-11-21 08:43:42,964] [8    ] [INFO ] [] - MetricsCollector::Initialize(231): Initialized metrics collector
- session id: 12ee15d7-d155-4aee-9da5-b3c385d33078
- device id: 4ca35884-a93a-48fc-ad16-80b2a90aa32e
- application id: Box Tools Win exe
- application name: BoxTools
- application version: 4.26.1.1109
- metric collection url: https://client-log.box.com/index.php?rm=box_gen204_json_record
- metric data path: C:\Users\pcedillo\AppData\Local\Box\Box Tools\Metrics\BoxTools_Metrics.db
- post callback: 05705A9E
- log callback: 05705AEE
- context: 00000000
- post interval in seconds: 600
- max records in a post: 100
- max db records: 500
- disable sender: true
[2024-11-21 08:43:42,966] [8    ] [INFO ] [] - Shutting down the metrics collector
[2024-11-21 08:53:42,952] [19   ] [INFO ] [] - Initializing the metrics collector
[2024-11-21 08:53:42,971] [19   ] [INFO ] [] - MetricsCollector::Sender(49): _disableSentMetrics 1
[2024-11-21 08:53:42,971] [19   ] [INFO ] [] - MetricsCollector::Initialize(231): Initialized metrics collector
- session id: 12ee15d7-d155-4aee-9da5-b3c385d33078
- device id: 4ca35884-a93a-48fc-ad16-80b2a90aa32e
- application id: Box Tools Win exe
- application name: BoxTools
- application version: 4.26.1.1109
- metric collection url: https://client-log.box.com/index.php?rm=box_gen204_json_record
- metric data path: C:\Users\pcedillo\AppData\Local\Box\Box Tools\Metrics\BoxTools_Metrics.db
- post callback: 05705A9E
- log callback: 05705AEE
- context: 00000000
- post interval in seconds: 600
- max records in a post: 100
- max db records: 500
- disable sender: true
[2024-11-21 08:53:42,988] [19   ] [INFO ] [] - Shutting down the metrics collector
[2024-11-21 09:03:42,866] [17   ] [INFO ] [] - Initializing the metrics collector
[2024-11-21 09:03:42,890] [17   ] [INFO ] [] - MetricsCollector::Sender(49): _disableSentMetrics 1
[2024-11-21 09:03:42,892] [17   ] [INFO ] [] - MetricsCollector::Initialize(231): Initialized metrics collector
- session id: 12ee15d7-d155-4aee-9da5-b3c385d33078
- device id: 4ca35884-a93a-48fc-ad16-80b2a90aa32e
- application id: Box Tools Win exe
- application name: BoxTools
- application version: 4.26.1.1109
- metric collection url: https://client-log.box.com/index.php?rm=box_gen204_json_record
- metric data path: C:\Users\pcedillo\AppData\Local\Box\Box Tools\Metrics\BoxTools_Metrics.db
- post callback: 05705A9E
- log callback: 05705AEE
- context: 00000000
- post interval in seconds: 600
- max records in a post: 100
- max db records: 500
- disable sender: true
[2024-11-21 09:03:42,903] [17   ] [INFO ] [] - Shutting down the metrics collector
[2024-11-21 09:13:42,869] [16   ] [INFO ] [] - Initializing the metrics collector
[2024-11-21 09:13:42,879] [16   ] [INFO ] [] - MetricsCollector::Sender(49): _disableSentMetrics 1
[2024-11-21 09:13:42,879] [16   ] [INFO ] [] - MetricsCollector::Initialize(231): Initialized metrics collector
- session id: 12ee15d7-d155-4aee-9da5-b3c385d33078
- device id: 4ca35884-a93a-48fc-ad16-80b2a90aa32e
- application id: Box Tools Win exe
- application name: BoxTools
- application version: 4.26.1.1109
- metric collection url: https://client-log.box.com/index.php?rm=box_gen204_json_record
- metric data path: C:\Users\pcedillo\AppData\Local\Box\Box Tools\Metrics\BoxTools_Metrics.db
- post callback: 05705A9E
- log callback: 05705AEE
- context: 00000000
- post interval in seconds: 600
- max records in a post: 100
- max db records: 500
- disable sender: true
[2024-11-21 09:13:42,885] [16   ] [INFO ] [] - Shutting down the metrics collector
[2024-11-21 09:23:42,878] [18   ] [INFO ] [] - Initializing the metrics collector
[2024-11-21 09:23:42,878] [18   ] [INFO ] [] - MetricsCollector::Sender(49): _disableSentMetrics 1
[2024-11-21 09:23:42,878] [18   ] [INFO ] [] - MetricsCollector::Initialize(231): Initialized metrics collector
- session id: 12ee15d7-d155-4aee-9da5-b3c385d33078
- device id: 4ca35884-a93a-48fc-ad16-80b2a90aa32e
- application id: Box Tools Win exe
- application name: BoxTools
- application version: 4.26.1.1109
- metric collection url: https://client-log.box.com/index.php?rm=box_gen204_json_record
- metric data path: C:\Users\pcedillo\AppData\Local\Box\Box Tools\Metrics\BoxTools_Metrics.db
- post callback: 05705A9E
- log callback: 05705AEE
- context: 00000000
- post interval in seconds: 600
- max records in a post: 100
- max db records: 500
- disable sender: true
[2024-11-21 09:23:42,894] [18   ] [INFO ] [] - Shutting down the metrics collector
[2024-11-21 09:33:42,848] [15   ] [INFO ] [] - Initializing the metrics collector
[2024-11-21 09:33:42,860] [15   ] [INFO ] [] - MetricsCollector::Sender(49): _disableSentMetrics 1
[2024-11-21 09:33:42,861] [15   ] [INFO ] [] - MetricsCollector::Initialize(231): Initialized metrics collector
- session id: 12ee15d7-d155-4aee-9da5-b3c385d33078
- device id: 4ca35884-a93a-48fc-ad16-80b2a90aa32e
- application id: Box Tools Win exe
- application name: BoxTools
- application version: 4.26.1.1109
- metric collection url: https://client-log.box.com/index.php?rm=box_gen204_json_record
- metric data path: C:\Users\pcedillo\AppData\Local\Box\Box Tools\Metrics\BoxTools_Metrics.db
- post callback: 05705A9E
- log callback: 05705AEE
- context: 00000000
- post interval in seconds: 600
- max records in a post: 100
- max db records: 500
- disable sender: true
[2024-11-21 09:33:42,871] [15   ] [INFO ] [] - Shutting down the metrics collector
[2024-11-21 09:43:42,774] [12   ] [INFO ] [] - Initializing the metrics collector
[2024-11-21 09:43:42,783] [12   ] [INFO ] [] - MetricsCollector::Sender(49): _disableSentMetrics 1
[2024-11-21 09:43:42,785] [12   ] [INFO ] [] - MetricsCollector::Initialize(231): Initialized metrics collector
- session id: 12ee15d7-d155-4aee-9da5-b3c385d33078
- device id: 4ca35884-a93a-48fc-ad16-80b2a90aa32e
- application id: Box Tools Win exe
- application name: BoxTools
- application version: 4.26.1.1109
- metric collection url: https://client-log.box.com/index.php?rm=box_gen204_json_record
- metric data path: C:\Users\pcedillo\AppData\Local\Box\Box Tools\Metrics\BoxTools_Metrics.db
- post callback: 05705A9E
- log callback: 05705AEE
- context: 00000000
- post interval in seconds: 600
- max records in a post: 100
- max db records: 500
- disable sender: true
[2024-11-21 09:43:42,790] [12   ] [INFO ] [] - Shutting down the metrics collector
[2024-11-21 09:53:42,755] [9    ] [INFO ] [] - Initializing the metrics collector
[2024-11-21 09:53:42,755] [9    ] [INFO ] [] - MetricsCollector::Sender(49): _disableSentMetrics 1
[2024-11-21 09:53:42,755] [9    ] [INFO ] [] - MetricsCollector::Initialize(231): Initialized metrics collector
- session id: 12ee15d7-d155-4aee-9da5-b3c385d33078
- device id: 4ca35884-a93a-48fc-ad16-80b2a90aa32e
- application id: Box Tools Win exe
- application name: BoxTools
- application version: 4.26.1.1109
- metric collection url: https://client-log.box.com/index.php?rm=box_gen204_json_record
- metric data path: C:\Users\pcedillo\AppData\Local\Box\Box Tools\Metrics\BoxTools_Metrics.db
- post callback: 05705A9E
- log callback: 05705AEE
- context: 00000000
- post interval in seconds: 600
- max records in a post: 100
- max db records: 500
- disable sender: true
[2024-11-21 09:53:42,771] [9    ] [INFO ] [] - Shutting down the metrics collector
[2024-11-21 10:03:42,775] [21   ] [INFO ] [] - Initializing the metrics collector
[2024-11-21 10:03:42,784] [21   ] [INFO ] [] - MetricsCollector::Sender(49): _disableSentMetrics 1
[2024-11-21 10:03:42,784] [21   ] [INFO ] [] - MetricsCollector::Initialize(231): Initialized metrics collector
- session id: 12ee15d7-d155-4aee-9da5-b3c385d33078
- device id: 4ca35884-a93a-48fc-ad16-80b2a90aa32e
- application id: Box Tools Win exe
- application name: BoxTools
- application version: 4.26.1.1109
- metric collection url: https://client-log.box.com/index.php?rm=box_gen204_json_record
- metric data path: C:\Users\pcedillo\AppData\Local\Box\Box Tools\Metrics\BoxTools_Metrics.db
- post callback: 05705A9E
- log callback: 05705AEE
- context: 00000000
- post interval in seconds: 600
- max records in a post: 100
- max db records: 500
- disable sender: true
[2024-11-21 10:03:42,790] [21   ] [INFO ] [] - Shutting down the metrics collector
[2024-11-21 10:13:42,656] [22   ] [INFO ] [] - Initializing the metrics collector
[2024-11-21 10:13:42,656] [22   ] [INFO ] [] - MetricsCollector::Sender(49): _disableSentMetrics 1
[2024-11-21 10:13:42,656] [22   ] [INFO ] [] - MetricsCollector::Initialize(231): Initialized metrics collector
- session id: 12ee15d7-d155-4aee-9da5-b3c385d33078
- device id: 4ca35884-a93a-48fc-ad16-80b2a90aa32e
- application id: Box Tools Win exe
- application name: BoxTools
- application version: 4.26.1.1109
- metric collection url: https://client-log.box.com/index.php?rm=box_gen204_json_record
- metric data path: C:\Users\pcedillo\AppData\Local\Box\Box Tools\Metrics\BoxTools_Metrics.db
- post callback: 05705A9E
- log callback: 05705AEE
- context: 00000000
- post interval in seconds: 600
- max records in a post: 100
- max db records: 500
- disable sender: true
[2024-11-21 10:13:42,672] [22   ] [INFO ] [] - Shutting down the metrics collector
[2024-11-21 10:23:42,624] [23   ] [INFO ] [] - Initializing the metrics collector
[2024-11-21 10:23:42,624] [23   ] [INFO ] [] - MetricsCollector::Sender(49): _disableSentMetrics 1
[2024-11-21 10:23:42,624] [23   ] [INFO ] [] - MetricsCollector::Initialize(231): Initialized metrics collector
- session id: 12ee15d7-d155-4aee-9da5-b3c385d33078
- device id: 4ca35884-a93a-48fc-ad16-80b2a90aa32e
- application id: Box Tools Win exe
- application name: BoxTools
- application version: 4.26.1.1109
- metric collection url: https://client-log.box.com/index.php?rm=box_gen204_json_record
- metric data path: C:\Users\pcedillo\AppData\Local\Box\Box Tools\Metrics\BoxTools_Metrics.db
- post callback: 05705A9E
- log callback: 05705AEE
- context: 00000000
- post interval in seconds: 600
- max records in a post: 100
- max db records: 500
- disable sender: true
[2024-11-21 10:23:42,640] [23   ] [INFO ] [] - Shutting down the metrics collector
[2024-11-21 10:33:42,580] [11   ] [INFO ] [] - Initializing the metrics collector
[2024-11-21 10:33:42,580] [11   ] [INFO ] [] - MetricsCollector::Sender(49): _disableSentMetrics 1
[2024-11-21 10:33:42,580] [11   ] [INFO ] [] - MetricsCollector::Initialize(231): Initialized metrics collector
- session id: 12ee15d7-d155-4aee-9da5-b3c385d33078
- device id: 4ca35884-a93a-48fc-ad16-80b2a90aa32e
- application id: Box Tools Win exe
- application name: BoxTools
- application version: 4.26.1.1109
- metric collection url: https://client-log.box.com/index.php?rm=box_gen204_json_record
- metric data path: C:\Users\pcedillo\AppData\Local\Box\Box Tools\Metrics\BoxTools_Metrics.db
- post callback: 05705A9E
- log callback: 05705AEE
- context: 00000000
- post interval in seconds: 600
- max records in a post: 100
- max db records: 500
- disable sender: true
[2024-11-21 10:33:42,595] [11   ] [INFO ] [] - Shutting down the metrics collector
[2024-11-21 10:43:42,541] [7    ] [INFO ] [] - Initializing the metrics collector
[2024-11-21 10:43:42,541] [7    ] [INFO ] [] - MetricsCollector::Sender(49): _disableSentMetrics 1
[2024-11-21 10:43:42,541] [7    ] [INFO ] [] - MetricsCollector::Initialize(231): Initialized metrics collector
- session id: 12ee15d7-d155-4aee-9da5-b3c385d33078
- device id: 4ca35884-a93a-48fc-ad16-80b2a90aa32e
- application id: Box Tools Win exe
- application name: BoxTools
- application version: 4.26.1.1109
- metric collection url: https://client-log.box.com/index.php?rm=box_gen204_json_record
- metric data path: C:\Users\pcedillo\AppData\Local\Box\Box Tools\Metrics\BoxTools_Metrics.db
- post callback: 05705A9E
- log callback: 05705AEE
- context: 00000000
- post interval in seconds: 600
- max records in a post: 100
- max db records: 500
- disable sender: true
[2024-11-21 10:43:42,556] [7    ] [INFO ] [] - Shutting down the metrics collector
[2024-11-21 10:53:42,527] [3    ] [INFO ] [] - Initializing the metrics collector
[2024-11-21 10:53:42,536] [3    ] [INFO ] [] - MetricsCollector::Sender(49): _disableSentMetrics 1
[2024-11-21 10:53:42,536] [3    ] [INFO ] [] - MetricsCollector::Initialize(231): Initialized metrics collector
- session id: 12ee15d7-d155-4aee-9da5-b3c385d33078
- device id: 4ca35884-a93a-48fc-ad16-80b2a90aa32e
- application id: Box Tools Win exe
- application name: BoxTools
- application version: 4.26.1.1109
- metric collection url: https://client-log.box.com/index.php?rm=box_gen204_json_record
- metric data path: C:\Users\pcedillo\AppData\Local\Box\Box Tools\Metrics\BoxTools_Metrics.db
- post callback: 05705A9E
- log callback: 05705AEE
- context: 00000000
- post interval in seconds: 600
- max records in a post: 100
- max db records: 500
- disable sender: true
[2024-11-21 10:53:42,543] [3    ] [INFO ] [] - Shutting down the metrics collector
[2024-11-21 11:03:42,541] [24   ] [INFO ] [] - Initializing the metrics collector
[2024-11-21 11:03:42,541] [24   ] [INFO ] [] - MetricsCollector::Sender(49): _disableSentMetrics 1
[2024-11-21 11:03:42,541] [24   ] [INFO ] [] - MetricsCollector::Initialize(231): Initialized metrics collector
- session id: 12ee15d7-d155-4aee-9da5-b3c385d33078
- device id: 4ca35884-a93a-48fc-ad16-80b2a90aa32e
- application id: Box Tools Win exe
- application name: BoxTools
- application version: 4.26.1.1109
- metric collection url: https://client-log.box.com/index.php?rm=box_gen204_json_record
- metric data path: C:\Users\pcedillo\AppData\Local\Box\Box Tools\Metrics\BoxTools_Metrics.db
- post callback: 05705A9E
- log callback: 05705AEE
- context: 00000000
- post interval in seconds: 600
- max records in a post: 100
- max db records: 500
- disable sender: true
[2024-11-21 11:03:42,557] [24   ] [INFO ] [] - Shutting down the metrics collector
[2024-11-21 11:13:42,469] [25   ] [INFO ] [] - Initializing the metrics collector
[2024-11-21 11:13:42,469] [25   ] [INFO ] [] - MetricsCollector::Sender(49): _disableSentMetrics 1
[2024-11-21 11:13:42,469] [25   ] [INFO ] [] - MetricsCollector::Initialize(231): Initialized metrics collector
- session id: 12ee15d7-d155-4aee-9da5-b3c385d33078
- device id: 4ca35884-a93a-48fc-ad16-80b2a90aa32e
- application id: Box Tools Win exe
- application name: BoxTools
- application version: 4.26.1.1109
- metric collection url: https://client-log.box.com/index.php?rm=box_gen204_json_record
- metric data path: C:\Users\pcedillo\AppData\Local\Box\Box Tools\Metrics\BoxTools_Metrics.db
- post callback: 05705A9E
- log callback: 05705AEE
- context: 00000000
- post interval in seconds: 600
- max records in a post: 100
- max db records: 500
- disable sender: true
[2024-11-21 11:13:42,484] [25   ] [INFO ] [] - Shutting down the metrics collector
[2024-11-21 11:23:42,401] [24   ] [INFO ] [] - Initializing the metrics collector
[2024-11-21 11:23:42,409] [24   ] [INFO ] [] - MetricsCollector::Sender(49): _disableSentMetrics 1
[2024-11-21 11:23:42,409] [24   ] [INFO ] [] - MetricsCollector::Initialize(231): Initialized metrics collector
- session id: 12ee15d7-d155-4aee-9da5-b3c385d33078
- device id: 4ca35884-a93a-48fc-ad16-80b2a90aa32e
- application id: Box Tools Win exe
- application name: BoxTools
- application version: 4.26.1.1109
- metric collection url: https://client-log.box.com/index.php?rm=box_gen204_json_record
- metric data path: C:\Users\pcedillo\AppData\Local\Box\Box Tools\Metrics\BoxTools_Metrics.db
- post callback: 05705A9E
- log callback: 05705AEE
- context: 00000000
- post interval in seconds: 600
- max records in a post: 100
- max db records: 500
- disable sender: true
[2024-11-21 11:23:42,420] [24   ] [INFO ] [] - Shutting down the metrics collector
[2024-11-21 11:33:42,387] [3    ] [INFO ] [] - Initializing the metrics collector
[2024-11-21 11:33:42,387] [3    ] [INFO ] [] - MetricsCollector::Sender(49): _disableSentMetrics 1
[2024-11-21 11:33:42,387] [3    ] [INFO ] [] - MetricsCollector::Initialize(231): Initialized metrics collector
- session id: 12ee15d7-d155-4aee-9da5-b3c385d33078
- device id: 4ca35884-a93a-48fc-ad16-80b2a90aa32e
- application id: Box Tools Win exe
- application name: BoxTools
- application version: 4.26.1.1109
- metric collection url: https://client-log.box.com/index.php?rm=box_gen204_json_record
- metric data path: C:\Users\pcedillo\AppData\Local\Box\Box Tools\Metrics\BoxTools_Metrics.db
- post callback: 05705A9E
- log callback: 05705AEE
- context: 00000000
- post interval in seconds: 600
- max records in a post: 100
- max db records: 500
- disable sender: true
[2024-11-21 11:33:42,403] [3    ] [INFO ] [] - Shutting down the metrics collector
[2024-11-21 11:43:42,395] [7    ] [INFO ] [] - Initializing the metrics collector
[2024-11-21 11:43:42,395] [7    ] [INFO ] [] - MetricsCollector::Sender(49): _disableSentMetrics 1
[2024-11-21 11:43:42,395] [7    ] [INFO ] [] - MetricsCollector::Initialize(231): Initialized metrics collector
- session id: 12ee15d7-d155-4aee-9da5-b3c385d33078
- device id: 4ca35884-a93a-48fc-ad16-80b2a90aa32e
- application id: Box Tools Win exe
- application name: BoxTools
- application version: 4.26.1.1109
- metric collection url: https://client-log.box.com/index.php?rm=box_gen204_json_record
- metric data path: C:\Users\pcedillo\AppData\Local\Box\Box Tools\Metrics\BoxTools_Metrics.db
- post callback: 05705A9E
- log callback: 05705AEE
- context: 00000000
- post interval in seconds: 600
- max records in a post: 100
- max db records: 500
- disable sender: true
[2024-11-21 11:43:42,395] [7    ] [INFO ] [] - Shutting down the metrics collector
[2024-11-21 11:53:42,309] [11   ] [INFO ] [] - Initializing the metrics collector
[2024-11-21 11:53:42,317] [11   ] [INFO ] [] - MetricsCollector::Sender(49): _disableSentMetrics 1
[2024-11-21 11:53:42,317] [11   ] [INFO ] [] - MetricsCollector::Initialize(231): Initialized metrics collector
- session id: 12ee15d7-d155-4aee-9da5-b3c385d33078
- device id: 4ca35884-a93a-48fc-ad16-80b2a90aa32e
- application id: Box Tools Win exe
- application name: BoxTools
- application version: 4.26.1.1109
- metric collection url: https://client-log.box.com/index.php?rm=box_gen204_json_record
- metric data path: C:\Users\pcedillo\AppData\Local\Box\Box Tools\Metrics\BoxTools_Metrics.db
- post callback: 05705A9E
- log callback: 05705AEE
- context: 00000000
- post interval in seconds: 600
- max records in a post: 100
- max db records: 500
- disable sender: true
[2024-11-21 11:53:42,324] [11   ] [INFO ] [] - Shutting down the metrics collector
[2024-11-21 12:03:42,288] [23   ] [INFO ] [] - Initializing the metrics collector
[2024-11-21 12:03:42,299] [23   ] [INFO ] [] - MetricsCollector::Sender(49): _disableSentMetrics 1
[2024-11-21 12:03:42,299] [23   ] [INFO ] [] - MetricsCollector::Initialize(231): Initialized metrics collector
- session id: 12ee15d7-d155-4aee-9da5-b3c385d33078
- device id: 4ca35884-a93a-48fc-ad16-80b2a90aa32e
- application id: Box Tools Win exe
- application name: BoxTools
- application version: 4.26.1.1109
- metric collection url: https://client-log.box.com/index.php?rm=box_gen204_json_record
- metric data path: C:\Users\pcedillo\AppData\Local\Box\Box Tools\Metrics\BoxTools_Metrics.db
- post callback: 05705A9E
- log callback: 05705AEE
- context: 00000000
- post interval in seconds: 600
- max records in a post: 100
- max db records: 500
- disable sender: true
[2024-11-21 12:03:42,307] [23   ] [INFO ] [] - Shutting down the metrics collector
[2024-11-21 12:13:42,277] [21   ] [INFO ] [] - Initializing the metrics collector
[2024-11-21 12:13:42,286] [21   ] [INFO ] [] - MetricsCollector::Sender(49): _disableSentMetrics 1
[2024-11-21 12:13:42,286] [21   ] [INFO ] [] - MetricsCollector::Initialize(231): Initialized metrics collector
- session id: 12ee15d7-d155-4aee-9da5-b3c385d33078
- device id: 4ca35884-a93a-48fc-ad16-80b2a90aa32e
- application id: Box Tools Win exe
- application name: BoxTools
- application version: 4.26.1.1109
- metric collection url: https://client-log.box.com/index.php?rm=box_gen204_json_record
- metric data path: C:\Users\pcedillo\AppData\Local\Box\Box Tools\Metrics\BoxTools_Metrics.db
- post callback: 05705A9E
- log callback: 05705AEE
- context: 00000000
- post interval in seconds: 600
- max records in a post: 100
- max db records: 500
- disable sender: true
[2024-11-21 12:13:42,297] [21   ] [INFO ] [] - Shutting down the metrics collector
[2024-11-21 12:23:42,281] [22   ] [INFO ] [] - Initializing the metrics collector
[2024-11-21 12:23:42,281] [22   ] [INFO ] [] - MetricsCollector::Sender(49): _disableSentMetrics 1
[2024-11-21 12:23:42,281] [22   ] [INFO ] [] - MetricsCollector::Initialize(231): Initialized metrics collector
- session id: 12ee15d7-d155-4aee-9da5-b3c385d33078
- device id: 4ca35884-a93a-48fc-ad16-80b2a90aa32e
- application id: Box Tools Win exe
- application name: BoxTools
- application version: 4.26.1.1109
- metric collection url: https://client-log.box.com/index.php?rm=box_gen204_json_record
- metric data path: C:\Users\pcedillo\AppData\Local\Box\Box Tools\Metrics\BoxTools_Metrics.db
- post callback: 05705A9E
- log callback: 05705AEE
- context: 00000000
- post interval in seconds: 600
- max records in a post: 100
- max db records: 500
- disable sender: true
[2024-11-21 12:23:42,301] [22   ] [INFO ] [] - Shutting down the metrics collector
[2024-11-21 12:33:42,281] [9    ] [INFO ] [] - Initializing the metrics collector
[2024-11-21 12:33:42,292] [9    ] [INFO ] [] - MetricsCollector::Sender(49): _disableSentMetrics 1
[2024-11-21 12:33:42,292] [9    ] [INFO ] [] - MetricsCollector::Initialize(231): Initialized metrics collector
- session id: 12ee15d7-d155-4aee-9da5-b3c385d33078
- device id: 4ca35884-a93a-48fc-ad16-80b2a90aa32e
- application id: Box Tools Win exe
- application name: BoxTools
- application version: 4.26.1.1109
- metric collection url: https://client-log.box.com/index.php?rm=box_gen204_json_record
- metric data path: C:\Users\pcedillo\AppData\Local\Box\Box Tools\Metrics\BoxTools_Metrics.db
- post callback: 05705A9E
- log callback: 05705AEE
- context: 00000000
- post interval in seconds: 600
- max records in a post: 100
- max db records: 500
- disable sender: true
[2024-11-21 12:33:42,297] [9    ] [INFO ] [] - Shutting down the metrics collector
[2024-11-21 12:43:42,292] [12   ] [INFO ] [] - Initializing the metrics collector
[2024-11-21 12:43:42,292] [12   ] [INFO ] [] - MetricsCollector::Sender(49): _disableSentMetrics 1
[2024-11-21 12:43:42,292] [12   ] [INFO ] [] - MetricsCollector::Initialize(231): Initialized metrics collector
- session id: 12ee15d7-d155-4aee-9da5-b3c385d33078
- device id: 4ca35884-a93a-48fc-ad16-80b2a90aa32e
- application id: Box Tools Win exe
- application name: BoxTools
- application version: 4.26.1.1109
- metric collection url: https://client-log.box.com/index.php?rm=box_gen204_json_record
- metric data path: C:\Users\pcedillo\AppData\Local\Box\Box Tools\Metrics\BoxTools_Metrics.db
- post callback: 05705A9E
- log callback: 05705AEE
- context: 00000000
- post interval in seconds: 600
- max records in a post: 100
- max db records: 500
- disable sender: true
[2024-11-21 12:43:42,308] [12   ] [INFO ] [] - Shutting down the metrics collector
[2024-11-21 12:53:42,275] [15   ] [INFO ] [] - Initializing the metrics collector
[2024-11-21 12:53:42,285] [15   ] [INFO ] [] - MetricsCollector::Sender(49): _disableSentMetrics 1
[2024-11-21 12:53:42,285] [15   ] [INFO ] [] - MetricsCollector::Initialize(231): Initialized metrics collector
- session id: 12ee15d7-d155-4aee-9da5-b3c385d33078
- device id: 4ca35884-a93a-48fc-ad16-80b2a90aa32e
- application id: Box Tools Win exe
- application name: BoxTools
- application version: 4.26.1.1109
- metric collection url: https://client-log.box.com/index.php?rm=box_gen204_json_record
- metric data path: C:\Users\pcedillo\AppData\Local\Box\Box Tools\Metrics\BoxTools_Metrics.db
- post callback: 05705A9E
- log callback: 05705AEE
- context: 00000000
- post interval in seconds: 600
- max records in a post: 100
- max db records: 500
- disable sender: true
[2024-11-21 12:53:42,298] [15   ] [INFO ] [] - Shutting down the metrics collector
[2024-11-21 13:03:42,143] [16   ] [INFO ] [] - Initializing the metrics collector
[2024-11-21 13:03:42,146] [16   ] [INFO ] [] - MetricsCollector::Sender(49): _disableSentMetrics 1
[2024-11-21 13:03:42,146] [16   ] [INFO ] [] - MetricsCollector::Initialize(231): Initialized metrics collector
- session id: 12ee15d7-d155-4aee-9da5-b3c385d33078
- device id: 4ca35884-a93a-48fc-ad16-80b2a90aa32e
- application id: Box Tools Win exe
- application name: BoxTools
- application version: 4.26.1.1109
- metric collection url: https://client-log.box.com/index.php?rm=box_gen204_json_record
- metric data path: C:\Users\pcedillo\AppData\Local\Box\Box Tools\Metrics\BoxTools_Metrics.db
- post callback: 05705A9E
- log callback: 05705AEE
- context: 00000000
- post interval in seconds: 600
- max records in a post: 100
- max db records: 500
- disable sender: true
[2024-11-21 13:03:42,146] [16   ] [INFO ] [] - Shutting down the metrics collector
[2024-11-21 13:13:42,091] [18   ] [INFO ] [] - Initializing the metrics collector
[2024-11-21 13:13:42,109] [18   ] [INFO ] [] - MetricsCollector::Sender(49): _disableSentMetrics 1
[2024-11-21 13:13:42,109] [18   ] [INFO ] [] - MetricsCollector::Initialize(231): Initialized metrics collector
- session id: 12ee15d7-d155-4aee-9da5-b3c385d33078
- device id: 4ca35884-a93a-48fc-ad16-80b2a90aa32e
- application id: Box Tools Win exe
- application name: BoxTools
- application version: 4.26.1.1109
- metric collection url: https://client-log.box.com/index.php?rm=box_gen204_json_record
- metric data path: C:\Users\pcedillo\AppData\Local\Box\Box Tools\Metrics\BoxTools_Metrics.db
- post callback: 05705A9E
- log callback: 05705AEE
- context: 00000000
- post interval in seconds: 600
- max records in a post: 100
- max db records: 500
- disable sender: true
[2024-11-21 13:13:42,118] [18   ] [INFO ] [] - Shutting down the metrics collector
[2024-11-21 13:23:42,052] [17   ] [INFO ] [] - Initializing the metrics collector
[2024-11-21 13:23:42,059] [17   ] [INFO ] [] - MetricsCollector::Sender(49): _disableSentMetrics 1
[2024-11-21 13:23:42,059] [17   ] [INFO ] [] - MetricsCollector::Initialize(231): Initialized metrics collector
- session id: 12ee15d7-d155-4aee-9da5-b3c385d33078
- device id: 4ca35884-a93a-48fc-ad16-80b2a90aa32e
- application id: Box Tools Win exe
- application name: BoxTools
- application version: 4.26.1.1109
- metric collection url: https://client-log.box.com/index.php?rm=box_gen204_json_record
- metric data path: C:\Users\pcedillo\AppData\Local\Box\Box Tools\Metrics\BoxTools_Metrics.db
- post callback: 05705A9E
- log callback: 05705AEE
- context: 00000000
- post interval in seconds: 600
- max records in a post: 100
- max db records: 500
- disable sender: true
[2024-11-21 13:23:42,068] [17   ] [INFO ] [] - Shutting down the metrics collector
[2024-11-21 13:33:41,996] [8    ] [INFO ] [] - Initializing the metrics collector
[2024-11-21 13:33:42,001] [8    ] [INFO ] [] - MetricsCollector::Sender(49): _disableSentMetrics 1
[2024-11-21 13:33:42,001] [8    ] [INFO ] [] - MetricsCollector::Initialize(231): Initialized metrics collector
- session id: 12ee15d7-d155-4aee-9da5-b3c385d33078
- device id: 4ca35884-a93a-48fc-ad16-80b2a90aa32e
- application id: Box Tools Win exe
- application name: BoxTools
- application version: 4.26.1.1109
- metric collection url: https://client-log.box.com/index.php?rm=box_gen204_json_record
- metric data path: C:\Users\pcedillo\AppData\Local\Box\Box Tools\Metrics\BoxTools_Metrics.db
- post callback: 05705A9E
- log callback: 05705AEE
- context: 00000000
- post interval in seconds: 600
- max records in a post: 100
- max db records: 500
- disable sender: true
[2024-11-21 13:33:42,001] [8    ] [INFO ] [] - Shutting down the metrics collector
[2024-11-21 13:43:41,961] [19   ] [INFO ] [] - Initializing the metrics collector
[2024-11-21 13:43:41,961] [19   ] [INFO ] [] - MetricsCollector::Sender(49): _disableSentMetrics 1
[2024-11-21 13:43:41,961] [19   ] [INFO ] [] - MetricsCollector::Initialize(231): Initialized metrics collector
- session id: 12ee15d7-d155-4aee-9da5-b3c385d33078
- device id: 4ca35884-a93a-48fc-ad16-80b2a90aa32e
- application id: Box Tools Win exe
- application name: BoxTools
- application version: 4.26.1.1109
- metric collection url: https://client-log.box.com/index.php?rm=box_gen204_json_record
- metric data path: C:\Users\pcedillo\AppData\Local\Box\Box Tools\Metrics\BoxTools_Metrics.db
- post callback: 05705A9E
- log callback: 05705AEE
- context: 00000000
- post interval in seconds: 600
- max records in a post: 100
- max db records: 500
- disable sender: true
[2024-11-21 13:43:41,976] [19   ] [INFO ] [] - Shutting down the metrics collector
[2024-11-21 13:53:41,934] [14   ] [INFO ] [] - Initializing the metrics collector
[2024-11-21 13:53:41,934] [14   ] [INFO ] [] - MetricsCollector::Sender(49): _disableSentMetrics 1
[2024-11-21 13:53:41,934] [14   ] [INFO ] [] - MetricsCollector::Initialize(231): Initialized metrics collector
- session id: 12ee15d7-d155-4aee-9da5-b3c385d33078
- device id: 4ca35884-a93a-48fc-ad16-80b2a90aa32e
- application id: Box Tools Win exe
- application name: BoxTools
- application version: 4.26.1.1109
- metric collection url: https://client-log.box.com/index.php?rm=box_gen204_json_record
- metric data path: C:\Users\pcedillo\AppData\Local\Box\Box Tools\Metrics\BoxTools_Metrics.db
- post callback: 05705A9E
- log callback: 05705AEE
- context: 00000000
- post interval in seconds: 600
- max records in a post: 100
- max db records: 500
- disable sender: true
[2024-11-21 13:53:41,954] [14   ] [INFO ] [] - Shutting down the metrics collector
[2024-11-21 14:03:41,902] [13   ] [INFO ] [] - Initializing the metrics collector
[2024-11-21 14:03:41,902] [13   ] [INFO ] [] - MetricsCollector::Sender(49): _disableSentMetrics 1
[2024-11-21 14:03:41,902] [13   ] [INFO ] [] - MetricsCollector::Initialize(231): Initialized metrics collector
- session id: 12ee15d7-d155-4aee-9da5-b3c385d33078
- device id: 4ca35884-a93a-48fc-ad16-80b2a90aa32e
- application id: Box Tools Win exe
- application name: BoxTools
- application version: 4.26.1.1109
- metric collection url: https://client-log.box.com/index.php?rm=box_gen204_json_record
- metric data path: C:\Users\pcedillo\AppData\Local\Box\Box Tools\Metrics\BoxTools_Metrics.db
- post callback: 05705A9E
- log callback: 05705AEE
- context: 00000000
- post interval in seconds: 600
- max records in a post: 100
- max db records: 500
- disable sender: true
[2024-11-21 14:03:41,918] [13   ] [INFO ] [] - Shutting down the metrics collector
[2024-11-21 14:13:41,830] [25   ] [INFO ] [] - Initializing the metrics collector
[2024-11-21 14:13:41,830] [25   ] [INFO ] [] - MetricsCollector::Sender(49): _disableSentMetrics 1
[2024-11-21 14:13:41,830] [25   ] [INFO ] [] - MetricsCollector::Initialize(231): Initialized metrics collector
- session id: 12ee15d7-d155-4aee-9da5-b3c385d33078
- device id: 4ca35884-a93a-48fc-ad16-80b2a90aa32e
- application id: Box Tools Win exe
- application name: BoxTools
- application version: 4.26.1.1109
- metric collection url: https://client-log.box.com/index.php?rm=box_gen204_json_record
- metric data path: C:\Users\pcedillo\AppData\Local\Box\Box Tools\Metrics\BoxTools_Metrics.db
- post callback: 05705A9E
- log callback: 05705AEE
- context: 00000000
- post interval in seconds: 600
- max records in a post: 100
- max db records: 500
- disable sender: true
[2024-11-21 14:13:41,846] [25   ] [INFO ] [] - Shutting down the metrics collector
[2024-11-21 14:23:41,796] [26   ] [INFO ] [] - Initializing the metrics collector
[2024-11-21 14:23:41,807] [26   ] [INFO ] [] - MetricsCollector::Sender(49): _disableSentMetrics 1
[2024-11-21 14:23:41,807] [26   ] [INFO ] [] - MetricsCollector::Initialize(231): Initialized metrics collector
- session id: 12ee15d7-d155-4aee-9da5-b3c385d33078
- device id: 4ca35884-a93a-48fc-ad16-80b2a90aa32e
- application id: Box Tools Win exe
- application name: BoxTools
- application version: 4.26.1.1109
- metric collection url: https://client-log.box.com/index.php?rm=box_gen204_json_record
- metric data path: C:\Users\pcedillo\AppData\Local\Box\Box Tools\Metrics\BoxTools_Metrics.db
- post callback: 05705A9E
- log callback: 05705AEE
- context: 00000000
- post interval in seconds: 600
- max records in a post: 100
- max db records: 500
- disable sender: true
[2024-11-21 14:23:41,812] [26   ] [INFO ] [] - Shutting down the metrics collector
[2024-11-21 14:33:41,774] [27   ] [INFO ] [] - Initializing the metrics collector
[2024-11-21 14:33:41,774] [27   ] [INFO ] [] - MetricsCollector::Sender(49): _disableSentMetrics 1
[2024-11-21 14:33:41,774] [27   ] [INFO ] [] - MetricsCollector::Initialize(231): Initialized metrics collector
- session id: 12ee15d7-d155-4aee-9da5-b3c385d33078
- device id: 4ca35884-a93a-48fc-ad16-80b2a90aa32e
- application id: Box Tools Win exe
- application name: BoxTools
- application version: 4.26.1.1109
- metric collection url: https://client-log.box.com/index.php?rm=box_gen204_json_record
- metric data path: C:\Users\pcedillo\AppData\Local\Box\Box Tools\Metrics\BoxTools_Metrics.db
- post callback: 05705A9E
- log callback: 05705AEE
- context: 00000000
- post interval in seconds: 600
- max records in a post: 100
- max db records: 500
- disable sender: true
[2024-11-21 14:33:41,793] [27   ] [INFO ] [] - Shutting down the metrics collector
[2024-11-21 14:43:41,705] [28   ] [INFO ] [] - Initializing the metrics collector
[2024-11-21 14:43:41,716] [28   ] [INFO ] [] - MetricsCollector::Sender(49): _disableSentMetrics 1
[2024-11-21 14:43:41,716] [28   ] [INFO ] [] - MetricsCollector::Initialize(231): Initialized metrics collector
- session id: 12ee15d7-d155-4aee-9da5-b3c385d33078
- device id: 4ca35884-a93a-48fc-ad16-80b2a90aa32e
- application id: Box Tools Win exe
- application name: BoxTools
- application version: 4.26.1.1109
- metric collection url: https://client-log.box.com/index.php?rm=box_gen204_json_record
- metric data path: C:\Users\pcedillo\AppData\Local\Box\Box Tools\Metrics\BoxTools_Metrics.db
- post callback: 05705A9E
- log callback: 05705AEE
- context: 00000000
- post interval in seconds: 600
- max records in a post: 100
- max db records: 500
- disable sender: true
[2024-11-21 14:43:41,721] [28   ] [INFO ] [] - Shutting down the metrics collector
[2024-11-21 14:53:41,671] [29   ] [INFO ] [] - Initializing the metrics collector
[2024-11-21 14:53:41,671] [29   ] [INFO ] [] - MetricsCollector::Sender(49): _disableSentMetrics 1
[2024-11-21 14:53:41,671] [29   ] [INFO ] [] - MetricsCollector::Initialize(231): Initialized metrics collector
- session id: 12ee15d7-d155-4aee-9da5-b3c385d33078
- device id: 4ca35884-a93a-48fc-ad16-80b2a90aa32e
- application id: Box Tools Win exe
- application name: BoxTools
- application version: 4.26.1.1109
- metric collection url: https://client-log.box.com/index.php?rm=box_gen204_json_record
- metric data path: C:\Users\pcedillo\AppData\Local\Box\Box Tools\Metrics\BoxTools_Metrics.db
- post callback: 05705A9E
- log callback: 05705AEE
- context: 00000000
- post interval in seconds: 600
- max records in a post: 100
- max db records: 500
- disable sender: true
[2024-11-21 14:53:41,687] [29   ] [INFO ] [] - Shutting down the metrics collector
[2024-11-21 15:03:41,659] [30   ] [INFO ] [] - Initializing the metrics collector
[2024-11-21 15:03:41,668] [30   ] [INFO ] [] - MetricsCollector::Sender(49): _disableSentMetrics 1
[2024-11-21 15:03:41,668] [30   ] [INFO ] [] - MetricsCollector::Initialize(231): Initialized metrics collector
- session id: 12ee15d7-d155-4aee-9da5-b3c385d33078
- device id: 4ca35884-a93a-48fc-ad16-80b2a90aa32e
- application id: Box Tools Win exe
- application name: BoxTools
- application version: 4.26.1.1109
- metric collection url: https://client-log.box.com/index.php?rm=box_gen204_json_record
- metric data path: C:\Users\pcedillo\AppData\Local\Box\Box Tools\Metrics\BoxTools_Metrics.db
- post callback: 05705A9E
- log callback: 05705AEE
- context: 00000000
- post interval in seconds: 600
- max records in a post: 100
- max db records: 500
- disable sender: true
[2024-11-21 15:03:41,675] [30   ] [INFO ] [] - Shutting down the metrics collector
[2024-11-21 15:13:41,648] [31   ] [INFO ] [] - Initializing the metrics collector
[2024-11-21 15:13:41,653] [31   ] [INFO ] [] - MetricsCollector::Sender(49): _disableSentMetrics 1
[2024-11-21 15:13:41,653] [31   ] [INFO ] [] - MetricsCollector::Initialize(231): Initialized metrics collector
- session id: 12ee15d7-d155-4aee-9da5-b3c385d33078
- device id: 4ca35884-a93a-48fc-ad16-80b2a90aa32e
- application id: Box Tools Win exe
- application name: BoxTools
- application version: 4.26.1.1109
- metric collection url: https://client-log.box.com/index.php?rm=box_gen204_json_record
- metric data path: C:\Users\pcedillo\AppData\Local\Box\Box Tools\Metrics\BoxTools_Metrics.db
- post callback: 05705A9E
- log callback: 05705AEE
- context: 00000000
- post interval in seconds: 600
- max records in a post: 100
- max db records: 500
- disable sender: true
[2024-11-21 15:13:41,660] [31   ] [INFO ] [] - Shutting down the metrics collector
[2024-11-21 15:23:41,655] [32   ] [INFO ] [] - Initializing the metrics collector
[2024-11-21 15:23:41,655] [32   ] [INFO ] [] - MetricsCollector::Sender(49): _disableSentMetrics 1
[2024-11-21 15:23:41,655] [32   ] [INFO ] [] - MetricsCollector::Initialize(231): Initialized metrics collector
- session id: 12ee15d7-d155-4aee-9da5-b3c385d33078
- device id: 4ca35884-a93a-48fc-ad16-80b2a90aa32e
- application id: Box Tools Win exe
- application name: BoxTools
- application version: 4.26.1.1109
- metric collection url: https://client-log.box.com/index.php?rm=box_gen204_json_record
- metric data path: C:\Users\pcedillo\AppData\Local\Box\Box Tools\Metrics\BoxTools_Metrics.db
- post callback: 05705A9E
- log callback: 05705AEE
- context: 00000000
- post interval in seconds: 600
- max records in a post: 100
- max db records: 500
- disable sender: true
[2024-11-21 15:23:41,671] [32   ] [INFO ] [] - Shutting down the metrics collector
[2024-11-21 15:33:41,655] [33   ] [INFO ] [] - Initializing the metrics collector
[2024-11-21 15:33:41,655] [33   ] [INFO ] [] - MetricsCollector::Sender(49): _disableSentMetrics 1
[2024-11-21 15:33:41,655] [33   ] [INFO ] [] - MetricsCollector::Initialize(231): Initialized metrics collector
- session id: 12ee15d7-d155-4aee-9da5-b3c385d33078
- device id: 4ca35884-a93a-48fc-ad16-80b2a90aa32e
- application id: Box Tools Win exe
- application name: BoxTools
- application version: 4.26.1.1109
- metric collection url: https://client-log.box.com/index.php?rm=box_gen204_json_record
- metric data path: C:\Users\pcedillo\AppData\Local\Box\Box Tools\Metrics\BoxTools_Metrics.db
- post callback: 05705A9E
- log callback: 05705AEE
- context: 00000000
- post interval in seconds: 600
- max records in a post: 100
- max db records: 500
- disable sender: true
[2024-11-21 15:33:41,672] [33   ] [INFO ] [] - Shutting down the metrics collector
[2024-11-21 15:43:41,639] [34   ] [INFO ] [] - Initializing the metrics collector
[2024-11-21 15:43:41,639] [34   ] [INFO ] [] - MetricsCollector::Sender(49): _disableSentMetrics 1
[2024-11-21 15:43:41,639] [34   ] [INFO ] [] - MetricsCollector::Initialize(231): Initialized metrics collector
- session id: 12ee15d7-d155-4aee-9da5-b3c385d33078
- device id: 4ca35884-a93a-48fc-ad16-80b2a90aa32e
- application id: Box Tools Win exe
- application name: BoxTools
- application version: 4.26.1.1109
- metric collection url: https://client-log.box.com/index.php?rm=box_gen204_json_record
- metric data path: C:\Users\pcedillo\AppData\Local\Box\Box Tools\Metrics\BoxTools_Metrics.db
- post callback: 05705A9E
- log callback: 05705AEE
- context: 00000000
- post interval in seconds: 600
- max records in a post: 100
- max db records: 500
- disable sender: true
[2024-11-21 15:43:41,655] [34   ] [INFO ] [] - Shutting down the metrics collector
[2024-11-21 15:53:41,497] [35   ] [INFO ] [] - Initializing the metrics collector
[2024-11-21 15:53:41,497] [35   ] [INFO ] [] - MetricsCollector::Sender(49): _disableSentMetrics 1
[2024-11-21 15:53:41,497] [35   ] [INFO ] [] - MetricsCollector::Initialize(231): Initialized metrics collector
- session id: 12ee15d7-d155-4aee-9da5-b3c385d33078
- device id: 4ca35884-a93a-48fc-ad16-80b2a90aa32e
- application id: Box Tools Win exe
- application name: BoxTools
- application version: 4.26.1.1109
- metric collection url: https://client-log.box.com/index.php?rm=box_gen204_json_record
- metric data path: C:\Users\pcedillo\AppData\Local\Box\Box Tools\Metrics\BoxTools_Metrics.db
- post callback: 05705A9E
- log callback: 05705AEE
- context: 00000000
- post interval in seconds: 600
- max records in a post: 100
- max db records: 500
- disable sender: true
[2024-11-21 15:53:41,513] [35   ] [INFO ] [] - Shutting down the metrics collector
[2024-11-21 16:03:41,444] [36   ] [INFO ] [] - Initializing the metrics collector
[2024-11-21 16:03:41,456] [36   ] [INFO ] [] - MetricsCollector::Sender(49): _disableSentMetrics 1
[2024-11-21 16:03:41,456] [36   ] [INFO ] [] - MetricsCollector::Initialize(231): Initialized metrics collector
- session id: 12ee15d7-d155-4aee-9da5-b3c385d33078
- device id: 4ca35884-a93a-48fc-ad16-80b2a90aa32e
- application id: Box Tools Win exe
- application name: BoxTools
- application version: 4.26.1.1109
- metric collection url: https://client-log.box.com/index.php?rm=box_gen204_json_record
- metric data path: C:\Users\pcedillo\AppData\Local\Box\Box Tools\Metrics\BoxTools_Metrics.db
- post callback: 05705A9E
- log callback: 05705AEE
- context: 00000000
- post interval in seconds: 600
- max records in a post: 100
- max db records: 500
- disable sender: true
[2024-11-21 16:03:41,466] [36   ] [INFO ] [] - Shutting down the metrics collector
[2024-11-21 16:13:41,408] [37   ] [INFO ] [] - Initializing the metrics collector
[2024-11-21 16:13:41,424] [37   ] [INFO ] [] - MetricsCollector::Sender(49): _disableSentMetrics 1
[2024-11-21 16:13:41,425] [37   ] [INFO ] [] - MetricsCollector::Initialize(231): Initialized metrics collector
- session id: 12ee15d7-d155-4aee-9da5-b3c385d33078
- device id: 4ca35884-a93a-48fc-ad16-80b2a90aa32e
- application id: Box Tools Win exe
- application name: BoxTools
- application version: 4.26.1.1109
- metric collection url: https://client-log.box.com/index.php?rm=box_gen204_json_record
- metric data path: C:\Users\pcedillo\AppData\Local\Box\Box Tools\Metrics\BoxTools_Metrics.db
- post callback: 05705A9E
- log callback: 05705AEE
- context: 00000000
- post interval in seconds: 600
- max records in a post: 100
- max db records: 500
- disable sender: true
[2024-11-21 16:13:41,440] [37   ] [INFO ] [] - Shutting down the metrics collector
[2024-11-21 16:23:41,347] [38   ] [INFO ] [] - Initializing the metrics collector
[2024-11-21 16:23:41,347] [38   ] [INFO ] [] - MetricsCollector::Sender(49): _disableSentMetrics 1
[2024-11-21 16:23:41,347] [38   ] [INFO ] [] - MetricsCollector::Initialize(231): Initialized metrics collector
- session id: 12ee15d7-d155-4aee-9da5-b3c385d33078
- device id: 4ca35884-a93a-48fc-ad16-80b2a90aa32e
- application id: Box Tools Win exe
- application name: BoxTools
- application version: 4.26.1.1109
- metric collection url: https://client-log.box.com/index.php?rm=box_gen204_json_record
- metric data path: C:\Users\pcedillo\AppData\Local\Box\Box Tools\Metrics\BoxTools_Metrics.db
- post callback: 05705A9E
- log callback: 05705AEE
- context: 00000000
- post interval in seconds: 600
- max records in a post: 100
- max db records: 500
- disable sender: true
[2024-11-21 16:23:41,362] [38   ] [INFO ] [] - Shutting down the metrics collector
[2024-11-21 16:33:41,330] [39   ] [INFO ] [] - Initializing the metrics collector
[2024-11-21 16:33:41,331] [39   ] [INFO ] [] - MetricsCollector::Sender(49): _disableSentMetrics 1
[2024-11-21 16:33:41,331] [39   ] [INFO ] [] - MetricsCollector::Initialize(231): Initialized metrics collector
- session id: 12ee15d7-d155-4aee-9da5-b3c385d33078
- device id: 4ca35884-a93a-48fc-ad16-80b2a90aa32e
- application id: Box Tools Win exe
- application name: BoxTools
- application version: 4.26.1.1109
- metric collection url: https://client-log.box.com/index.php?rm=box_gen204_json_record
- metric data path: C:\Users\pcedillo\AppData\Local\Box\Box Tools\Metrics\BoxTools_Metrics.db
- post callback: 05705A9E
- log callback: 05705AEE
- context: 00000000
- post interval in seconds: 600
- max records in a post: 100
- max db records: 500
- disable sender: true
[2024-11-21 16:33:41,346] [39   ] [INFO ] [] - Shutting down the metrics collector
[2024-11-21 16:43:41,324] [40   ] [INFO ] [] - Initializing the metrics collector
[2024-11-21 16:43:41,324] [40   ] [INFO ] [] - MetricsCollector::Sender(49): _disableSentMetrics 1
[2024-11-21 16:43:41,337] [40   ] [INFO ] [] - MetricsCollector::Initialize(231): Initialized metrics collector
- session id: 12ee15d7-d155-4aee-9da5-b3c385d33078
- device id: 4ca35884-a93a-48fc-ad16-80b2a90aa32e
- application id: Box Tools Win exe
- application name: BoxTools
- application version: 4.26.1.1109
- metric collection url: https://client-log.box.com/index.php?rm=box_gen204_json_record
- metric data path: C:\Users\pcedillo\AppData\Local\Box\Box Tools\Metrics\BoxTools_Metrics.db
- post callback: 05705A9E
- log callback: 05705AEE
- context: 00000000
- post interval in seconds: 600
- max records in a post: 100
- max db records: 500
- disable sender: true
[2024-11-21 16:43:41,341] [40   ] [INFO ] [] - Shutting down the metrics collector
[2024-11-21 16:53:41,308] [41   ] [INFO ] [] - Initializing the metrics collector
[2024-11-21 16:53:41,308] [41   ] [INFO ] [] - MetricsCollector::Sender(49): _disableSentMetrics 1
[2024-11-21 16:53:41,308] [41   ] [INFO ] [] - MetricsCollector::Initialize(231): Initialized metrics collector
- session id: 12ee15d7-d155-4aee-9da5-b3c385d33078
- device id: 4ca35884-a93a-48fc-ad16-80b2a90aa32e
- application id: Box Tools Win exe
- application name: BoxTools
- application version: 4.26.1.1109
- metric collection url: https://client-log.box.com/index.php?rm=box_gen204_json_record
- metric data path: C:\Users\pcedillo\AppData\Local\Box\Box Tools\Metrics\BoxTools_Metrics.db
- post callback: 05705A9E
- log callback: 05705AEE
- context: 00000000
- post interval in seconds: 600
- max records in a post: 100
- max db records: 500
- disable sender: true
[2024-11-21 16:53:41,324] [41   ] [INFO ] [] - Shutting down the metrics collector
[2024-11-21 17:03:41,313] [42   ] [INFO ] [] - Initializing the metrics collector
[2024-11-21 17:03:41,330] [42   ] [INFO ] [] - MetricsCollector::Sender(49): _disableSentMetrics 1
[2024-11-21 17:03:41,330] [42   ] [INFO ] [] - MetricsCollector::Initialize(231): Initialized metrics collector
- session id: 12ee15d7-d155-4aee-9da5-b3c385d33078
- device id: 4ca35884-a93a-48fc-ad16-80b2a90aa32e
- application id: Box Tools Win exe
- application name: BoxTools
- application version: 4.26.1.1109
- metric collection url: https://client-log.box.com/index.php?rm=box_gen204_json_record
- metric data path: C:\Users\pcedillo\AppData\Local\Box\Box Tools\Metrics\BoxTools_Metrics.db
- post callback: 05705A9E
- log callback: 05705AEE
- context: 00000000
- post interval in seconds: 600
- max records in a post: 100
- max db records: 500
- disable sender: true
[2024-11-21 17:03:41,345] [42   ] [INFO ] [] - Shutting down the metrics collector
[2024-11-21 17:13:41,302] [43   ] [INFO ] [] - Initializing the metrics collector
[2024-11-21 17:13:41,302] [43   ] [INFO ] [] - MetricsCollector::Sender(49): _disableSentMetrics 1
[2024-11-21 17:13:41,302] [43   ] [INFO ] [] - MetricsCollector::Initialize(231): Initialized metrics collector
- session id: 12ee15d7-d155-4aee-9da5-b3c385d33078
- device id: 4ca35884-a93a-48fc-ad16-80b2a90aa32e
- application id: Box Tools Win exe
- application name: BoxTools
- application version: 4.26.1.1109
- metric collection url: https://client-log.box.com/index.php?rm=box_gen204_json_record
- metric data path: C:\Users\pcedillo\AppData\Local\Box\Box Tools\Metrics\BoxTools_Metrics.db
- post callback: 05705A9E
- log callback: 05705AEE
- context: 00000000
- post interval in seconds: 600
- max records in a post: 100
- max db records: 500
- disable sender: true
[2024-11-21 17:13:41,318] [43   ] [INFO ] [] - Shutting down the metrics collector
[2024-11-21 17:23:41,298] [26   ] [INFO ] [] - Initializing the metrics collector
[2024-11-21 17:23:41,305] [26   ] [INFO ] [] - MetricsCollector::Sender(49): _disableSentMetrics 1
[2024-11-21 17:23:41,305] [26   ] [INFO ] [] - MetricsCollector::Initialize(231): Initialized metrics collector
- session id: 12ee15d7-d155-4aee-9da5-b3c385d33078
- device id: 4ca35884-a93a-48fc-ad16-80b2a90aa32e
- application id: Box Tools Win exe
- application name: BoxTools
- application version: 4.26.1.1109
- metric collection url: https://client-log.box.com/index.php?rm=box_gen204_json_record
- metric data path: C:\Users\pcedillo\AppData\Local\Box\Box Tools\Metrics\BoxTools_Metrics.db
- post callback: 05705A9E
- log callback: 05705AEE
- context: 00000000
- post interval in seconds: 600
- max records in a post: 100
- max db records: 500
- disable sender: true
[2024-11-21 17:23:41,315] [26   ] [INFO ] [] - Shutting down the metrics collector
[2024-11-21 17:33:41,163] [25   ] [INFO ] [] - Initializing the metrics collector
[2024-11-21 17:33:41,163] [25   ] [INFO ] [] - MetricsCollector::Sender(49): _disableSentMetrics 1
[2024-11-21 17:33:41,163] [25   ] [INFO ] [] - MetricsCollector::Initialize(231): Initialized metrics collector
- session id: 12ee15d7-d155-4aee-9da5-b3c385d33078
- device id: 4ca35884-a93a-48fc-ad16-80b2a90aa32e
- application id: Box Tools Win exe
- application name: BoxTools
- application version: 4.26.1.1109
- metric collection url: https://client-log.box.com/index.php?rm=box_gen204_json_record
- metric data path: C:\Users\pcedillo\AppData\Local\Box\Box Tools\Metrics\BoxTools_Metrics.db
- post callback: 05705A9E
- log callback: 05705AEE
- context: 00000000
- post interval in seconds: 600
- max records in a post: 100
- max db records: 500
- disable sender: true
[2024-11-21 17:33:41,180] [25   ] [INFO ] [] - Shutting down the metrics collector
[2024-11-21 17:43:41,042] [13   ] [INFO ] [] - Initializing the metrics collector
[2024-11-21 17:43:41,045] [13   ] [INFO ] [] - MetricsCollector::Sender(49): _disableSentMetrics 1
[2024-11-21 17:43:41,045] [13   ] [INFO ] [] - MetricsCollector::Initialize(231): Initialized metrics collector
- session id: 12ee15d7-d155-4aee-9da5-b3c385d33078
- device id: 4ca35884-a93a-48fc-ad16-80b2a90aa32e
- application id: Box Tools Win exe
- application name: BoxTools
- application version: 4.26.1.1109
- metric collection url: https://client-log.box.com/index.php?rm=box_gen204_json_record
- metric data path: C:\Users\pcedillo\AppData\Local\Box\Box Tools\Metrics\BoxTools_Metrics.db
- post callback: 05705A9E
- log callback: 05705AEE
- context: 00000000
- post interval in seconds: 600
- max records in a post: 100
- max db records: 500
- disable sender: true
[2024-11-21 17:43:41,053] [13   ] [INFO ] [] - Shutting down the metrics collector
[2024-11-21 17:53:40,951] [14   ] [INFO ] [] - Initializing the metrics collector
[2024-11-21 17:53:40,953] [14   ] [INFO ] [] - MetricsCollector::Sender(49): _disableSentMetrics 1
[2024-11-21 17:53:40,953] [14   ] [INFO ] [] - MetricsCollector::Initialize(231): Initialized metrics collector
- session id: 12ee15d7-d155-4aee-9da5-b3c385d33078
- device id: 4ca35884-a93a-48fc-ad16-80b2a90aa32e
- application id: Box Tools Win exe
- application name: BoxTools
- application version: 4.26.1.1109
- metric collection url: https://client-log.box.com/index.php?rm=box_gen204_json_record
- metric data path: C:\Users\pcedillo\AppData\Local\Box\Box Tools\Metrics\BoxTools_Metrics.db
- post callback: 05705A9E
- log callback: 05705AEE
- context: 00000000
- post interval in seconds: 600
- max records in a post: 100
- max db records: 500
- disable sender: true
[2024-11-21 17:53:40,967] [14   ] [INFO ] [] - Shutting down the metrics collector
[2024-11-21 18:03:40,880] [19   ] [INFO ] [] - Initializing the metrics collector
[2024-11-21 18:03:40,881] [19   ] [INFO ] [] - MetricsCollector::Sender(49): _disableSentMetrics 1
[2024-11-21 18:03:40,881] [19   ] [INFO ] [] - MetricsCollector::Initialize(231): Initialized metrics collector
- session id: 12ee15d7-d155-4aee-9da5-b3c385d33078
- device id: 4ca35884-a93a-48fc-ad16-80b2a90aa32e
- application id: Box Tools Win exe
- application name: BoxTools
- application version: 4.26.1.1109
- metric collection url: https://client-log.box.com/index.php?rm=box_gen204_json_record
- metric data path: C:\Users\pcedillo\AppData\Local\Box\Box Tools\Metrics\BoxTools_Metrics.db
- post callback: 05705A9E
- log callback: 05705AEE
- context: 00000000
- post interval in seconds: 600
- max records in a post: 100
- max db records: 500
- disable sender: true
[2024-11-21 18:03:40,896] [19   ] [INFO ] [] - Shutting down the metrics collector
[2024-11-21 18:13:40,834] [8    ] [INFO ] [] - Initializing the metrics collector
[2024-11-21 18:13:40,834] [8    ] [INFO ] [] - MetricsCollector::Sender(49): _disableSentMetrics 1
[2024-11-21 18:13:40,834] [8    ] [INFO ] [] - MetricsCollector::Initialize(231): Initialized metrics collector
- session id: 12ee15d7-d155-4aee-9da5-b3c385d33078
- device id: 4ca35884-a93a-48fc-ad16-80b2a90aa32e
- application id: Box Tools Win exe
- application name: BoxTools
- application version: 4.26.1.1109
- metric collection url: https://client-log.box.com/index.php?rm=box_gen204_json_record
- metric data path: C:\Users\pcedillo\AppData\Local\Box\Box Tools\Metrics\BoxTools_Metrics.db
- post callback: 05705A9E
- log callback: 05705AEE
- context: 00000000
- post interval in seconds: 600
- max records in a post: 100
- max db records: 500
- disable sender: true
[2024-11-21 18:13:40,834] [8    ] [INFO ] [] - Shutting down the metrics collector
[2024-11-21 18:23:40,811] [17   ] [INFO ] [] - Initializing the metrics collector
[2024-11-21 18:23:40,811] [17   ] [INFO ] [] - MetricsCollector::Sender(49): _disableSentMetrics 1
[2024-11-21 18:23:40,811] [17   ] [INFO ] [] - MetricsCollector::Initialize(231): Initialized metrics collector
- session id: 12ee15d7-d155-4aee-9da5-b3c385d33078
- device id: 4ca35884-a93a-48fc-ad16-80b2a90aa32e
- application id: Box Tools Win exe
- application name: BoxTools
- application version: 4.26.1.1109
- metric collection url: https://client-log.box.com/index.php?rm=box_gen204_json_record
- metric data path: C:\Users\pcedillo\AppData\Local\Box\Box Tools\Metrics\BoxTools_Metrics.db
- post callback: 05705A9E
- log callback: 05705AEE
- context: 00000000
- post interval in seconds: 600
- max records in a post: 100
- max db records: 500
- disable sender: true
[2024-11-21 18:23:40,826] [17   ] [INFO ] [] - Shutting down the metrics collector
[2024-11-21 18:33:40,778] [18   ] [INFO ] [] - Initializing the metrics collector
[2024-11-21 18:33:40,778] [18   ] [INFO ] [] - MetricsCollector::Sender(49): _disableSentMetrics 1
[2024-11-21 18:33:40,778] [18   ] [INFO ] [] - MetricsCollector::Initialize(231): Initialized metrics collector
- session id: 12ee15d7-d155-4aee-9da5-b3c385d33078
- device id: 4ca35884-a93a-48fc-ad16-80b2a90aa32e
- application id: Box Tools Win exe
- application name: BoxTools
- application version: 4.26.1.1109
- metric collection url: https://client-log.box.com/index.php?rm=box_gen204_json_record
- metric data path: C:\Users\pcedillo\AppData\Local\Box\Box Tools\Metrics\BoxTools_Metrics.db
- post callback: 05705A9E
- log callback: 05705AEE
- context: 00000000
- post interval in seconds: 600
- max records in a post: 100
- max db records: 500
- disable sender: true
[2024-11-21 18:33:40,795] [18   ] [INFO ] [] - Shutting down the metrics collector
[2024-11-21 18:43:40,777] [16   ] [INFO ] [] - Initializing the metrics collector
[2024-11-21 18:43:40,777] [16   ] [INFO ] [] - MetricsCollector::Sender(49): _disableSentMetrics 1
[2024-11-21 18:43:40,777] [16   ] [INFO ] [] - MetricsCollector::Initialize(231): Initialized metrics collector
- session id: 12ee15d7-d155-4aee-9da5-b3c385d33078
- device id: 4ca35884-a93a-48fc-ad16-80b2a90aa32e
- application id: Box Tools Win exe
- application name: BoxTools
- application version: 4.26.1.1109
- metric collection url: https://client-log.box.com/index.php?rm=box_gen204_json_record
- metric data path: C:\Users\pcedillo\AppData\Local\Box\Box Tools\Metrics\BoxTools_Metrics.db
- post callback: 05705A9E
- log callback: 05705AEE
- context: 00000000
- post interval in seconds: 600
- max records in a post: 100
- max db records: 500
- disable sender: true
[2024-11-21 18:43:40,792] [16   ] [INFO ] [] - Shutting down the metrics collector
[2024-11-21 18:53:40,786] [15   ] [INFO ] [] - Initializing the metrics collector
[2024-11-21 18:53:40,786] [15   ] [INFO ] [] - MetricsCollector::Sender(49): _disableSentMetrics 1
[2024-11-21 18:53:40,786] [15   ] [INFO ] [] - MetricsCollector::Initialize(231): Initialized metrics collector
- session id: 12ee15d7-d155-4aee-9da5-b3c385d33078
- device id: 4ca35884-a93a-48fc-ad16-80b2a90aa32e
- application id: Box Tools Win exe
- application name: BoxTools
- application version: 4.26.1.1109
- metric collection url: https://client-log.box.com/index.php?rm=box_gen204_json_record
- metric data path: C:\Users\pcedillo\AppData\Local\Box\Box Tools\Metrics\BoxTools_Metrics.db
- post callback: 05705A9E
- log callback: 05705AEE
- context: 00000000
- post interval in seconds: 600
- max records in a post: 100
- max db records: 500
- disable sender: true
[2024-11-21 18:53:40,802] [15   ] [INFO ] [] - Shutting down the metrics collector
[2024-11-21 19:03:40,793] [12   ] [INFO ] [] - Initializing the metrics collector
[2024-11-21 19:03:40,793] [12   ] [INFO ] [] - MetricsCollector::Sender(49): _disableSentMetrics 1
[2024-11-21 19:03:40,793] [12   ] [INFO ] [] - MetricsCollector::Initialize(231): Initialized metrics collector
- session id: 12ee15d7-d155-4aee-9da5-b3c385d33078
- device id: 4ca35884-a93a-48fc-ad16-80b2a90aa32e
- application id: Box Tools Win exe
- application name: BoxTools
- application version: 4.26.1.1109
- metric collection url: https://client-log.box.com/index.php?rm=box_gen204_json_record
- metric data path: C:\Users\pcedillo\AppData\Local\Box\Box Tools\Metrics\BoxTools_Metrics.db
- post callback: 05705A9E
- log callback: 05705AEE
- context: 00000000
- post interval in seconds: 600
- max records in a post: 100
- max db records: 500
- disable sender: true
[2024-11-21 19:03:40,808] [12   ] [INFO ] [] - Shutting down the metrics collector
[2024-11-21 19:13:40,791] [9    ] [INFO ] [] - Initializing the metrics collector
[2024-11-21 19:13:40,791] [9    ] [INFO ] [] - MetricsCollector::Sender(49): _disableSentMetrics 1
[2024-11-21 19:13:40,791] [9    ] [INFO ] [] - MetricsCollector::Initialize(231): Initialized metrics collector
- session id: 12ee15d7-d155-4aee-9da5-b3c385d33078
- device id: 4ca35884-a93a-48fc-ad16-80b2a90aa32e
- application id: Box Tools Win exe
- application name: BoxTools
- application version: 4.26.1.1109
- metric collection url: https://client-log.box.com/index.php?rm=box_gen204_json_record
- metric data path: C:\Users\pcedillo\AppData\Local\Box\Box Tools\Metrics\BoxTools_Metrics.db
- post callback: 05705A9E
- log callback: 05705AEE
- context: 00000000
- post interval in seconds: 600
- max records in a post: 100
- max db records: 500
- disable sender: true
[2024-11-21 19:13:40,791] [9    ] [INFO ] [] - Shutting down the metrics collector
[2024-11-21 19:23:40,801] [22   ] [INFO ] [] - Initializing the metrics collector
[2024-11-21 19:23:40,802] [22   ] [INFO ] [] - MetricsCollector::Sender(49): _disableSentMetrics 1
[2024-11-21 19:23:40,802] [22   ] [INFO ] [] - MetricsCollector::Initialize(231): Initialized metrics collector
- session id: 12ee15d7-d155-4aee-9da5-b3c385d33078
- device id: 4ca35884-a93a-48fc-ad16-80b2a90aa32e
- application id: Box Tools Win exe
- application name: BoxTools
- application version: 4.26.1.1109
- metric collection url: https://client-log.box.com/index.php?rm=box_gen204_json_record
- metric data path: C:\Users\pcedillo\AppData\Local\Box\Box Tools\Metrics\BoxTools_Metrics.db
- post callback: 05705A9E
- log callback: 05705AEE
- context: 00000000
- post interval in seconds: 600
- max records in a post: 100
- max db records: 500
- disable sender: true
[2024-11-21 19:23:40,817] [22   ] [INFO ] [] - Shutting down the metrics collector
[2024-11-21 19:33:40,810] [21   ] [INFO ] [] - Initializing the metrics collector
[2024-11-21 19:33:40,816] [21   ] [INFO ] [] - MetricsCollector::Sender(49): _disableSentMetrics 1
[2024-11-21 19:33:40,816] [21   ] [INFO ] [] - MetricsCollector::Initialize(231): Initialized metrics collector
- session id: 12ee15d7-d155-4aee-9da5-b3c385d33078
- device id: 4ca35884-a93a-48fc-ad16-80b2a90aa32e
- application id: Box Tools Win exe
- application name: BoxTools
- application version: 4.26.1.1109
- metric collection url: https://client-log.box.com/index.php?rm=box_gen204_json_record
- metric data path: C:\Users\pcedillo\AppData\Local\Box\Box Tools\Metrics\BoxTools_Metrics.db
- post callback: 05705A9E
- log callback: 05705AEE
- context: 00000000
- post interval in seconds: 600
- max records in a post: 100
- max db records: 500
- disable sender: true
[2024-11-21 19:33:40,821] [21   ] [INFO ] [] - Shutting down the metrics collector
[2024-11-21 19:43:40,802] [23   ] [INFO ] [] - Initializing the metrics collector
[2024-11-21 19:43:40,804] [23   ] [INFO ] [] - MetricsCollector::Sender(49): _disableSentMetrics 1
[2024-11-21 19:43:40,804] [23   ] [INFO ] [] - MetricsCollector::Initialize(231): Initialized metrics collector
- session id: 12ee15d7-d155-4aee-9da5-b3c385d33078
- device id: 4ca35884-a93a-48fc-ad16-80b2a90aa32e
- application id: Box Tools Win exe
- application name: BoxTools
- application version: 4.26.1.1109
- metric collection url: https://client-log.box.com/index.php?rm=box_gen204_json_record
- metric data path: C:\Users\pcedillo\AppData\Local\Box\Box Tools\Metrics\BoxTools_Metrics.db
- post callback: 05705A9E
- log callback: 05705AEE
- context: 00000000
- post interval in seconds: 600
- max records in a post: 100
- max db records: 500
- disable sender: true
[2024-11-21 19:43:40,822] [23   ] [INFO ] [] - Shutting down the metrics collector
[2024-11-21 19:53:40,743] [11   ] [INFO ] [] - Initializing the metrics collector
[2024-11-21 19:53:40,751] [11   ] [INFO ] [] - MetricsCollector::Sender(49): _disableSentMetrics 1
[2024-11-21 19:53:40,751] [11   ] [INFO ] [] - MetricsCollector::Initialize(231): Initialized metrics collector
- session id: 12ee15d7-d155-4aee-9da5-b3c385d33078
- device id: 4ca35884-a93a-48fc-ad16-80b2a90aa32e
- application id: Box Tools Win exe
- application name: BoxTools
- application version: 4.26.1.1109
- metric collection url: https://client-log.box.com/index.php?rm=box_gen204_json_record
- metric data path: C:\Users\pcedillo\AppData\Local\Box\Box Tools\Metrics\BoxTools_Metrics.db
- post callback: 05705A9E
- log callback: 05705AEE
- context: 00000000
- post interval in seconds: 600
- max records in a post: 100
- max db records: 500
- disable sender: true
[2024-11-21 19:53:40,757] [11   ] [INFO ] [] - Shutting down the metrics collector
[2024-11-21 20:03:40,695] [7    ] [INFO ] [] - Initializing the metrics collector
[2024-11-21 20:03:40,702] [7    ] [INFO ] [] - MetricsCollector::Sender(49): _disableSentMetrics 1
[2024-11-21 20:03:40,702] [7    ] [INFO ] [] - MetricsCollector::Initialize(231): Initialized metrics collector
- session id: 12ee15d7-d155-4aee-9da5-b3c385d33078
- device id: 4ca35884-a93a-48fc-ad16-80b2a90aa32e
- application id: Box Tools Win exe
- application name: BoxTools
- application version: 4.26.1.1109
- metric collection url: https://client-log.box.com/index.php?rm=box_gen204_json_record
- metric data path: C:\Users\pcedillo\AppData\Local\Box\Box Tools\Metrics\BoxTools_Metrics.db
- post callback: 05705A9E
- log callback: 05705AEE
- context: 00000000
- post interval in seconds: 600
- max records in a post: 100
- max db records: 500
- disable sender: true
[2024-11-21 20:03:40,712] [7    ] [INFO ] [] - Shutting down the metrics collector
[2024-11-21 20:13:40,665] [3    ] [INFO ] [] - Initializing the metrics collector
[2024-11-21 20:13:40,665] [3    ] [INFO ] [] - MetricsCollector::Sender(49): _disableSentMetrics 1
[2024-11-21 20:13:40,665] [3    ] [INFO ] [] - MetricsCollector::Initialize(231): Initialized metrics collector
- session id: 12ee15d7-d155-4aee-9da5-b3c385d33078
- device id: 4ca35884-a93a-48fc-ad16-80b2a90aa32e
- application id: Box Tools Win exe
- application name: BoxTools
- application version: 4.26.1.1109
- metric collection url: https://client-log.box.com/index.php?rm=box_gen204_json_record
- metric data path: C:\Users\pcedillo\AppData\Local\Box\Box Tools\Metrics\BoxTools_Metrics.db
- post callback: 05705A9E
- log callback: 05705AEE
- context: 00000000
- post interval in seconds: 600
- max records in a post: 100
- max db records: 500
- disable sender: true
[2024-11-21 20:13:40,680] [3    ] [INFO ] [] - Shutting down the metrics collector
[2024-11-21 20:23:40,640] [24   ] [INFO ] [] - Initializing the metrics collector
[2024-11-21 20:23:40,640] [24   ] [INFO ] [] - MetricsCollector::Sender(49): _disableSentMetrics 1
[2024-11-21 20:23:40,640] [24   ] [INFO ] [] - MetricsCollector::Initialize(231): Initialized metrics collector
- session id: 12ee15d7-d155-4aee-9da5-b3c385d33078
- device id: 4ca35884-a93a-48fc-ad16-80b2a90aa32e
- application id: Box Tools Win exe
- application name: BoxTools
- application version: 4.26.1.1109
- metric collection url: https://client-log.box.com/index.php?rm=box_gen204_json_record
- metric data path: C:\Users\pcedillo\AppData\Local\Box\Box Tools\Metrics\BoxTools_Metrics.db
- post callback: 05705A9E
- log callback: 05705AEE
- context: 00000000
- post interval in seconds: 600
- max records in a post: 100
- max db records: 500
- disable sender: true
[2024-11-21 20:23:40,659] [24   ] [INFO ] [] - Shutting down the metrics collector
[2024-11-21 20:33:40,621] [42   ] [INFO ] [] - Initializing the metrics collector
[2024-11-21 20:33:40,629] [42   ] [INFO ] [] - MetricsCollector::Sender(49): _disableSentMetrics 1
[2024-11-21 20:33:40,629] [42   ] [INFO ] [] - MetricsCollector::Initialize(231): Initialized metrics collector
- session id: 12ee15d7-d155-4aee-9da5-b3c385d33078
- device id: 4ca35884-a93a-48fc-ad16-80b2a90aa32e
- application id: Box Tools Win exe
- application name: BoxTools
- application version: 4.26.1.1109
- metric collection url: https://client-log.box.com/index.php?rm=box_gen204_json_record
- metric data path: C:\Users\pcedillo\AppData\Local\Box\Box Tools\Metrics\BoxTools_Metrics.db
- post callback: 05705A9E
- log callback: 05705AEE
- context: 00000000
- post interval in seconds: 600
- max records in a post: 100
- max db records: 500
- disable sender: true
[2024-11-21 20:33:40,629] [42   ] [INFO ] [] - Shutting down the metrics collector
[2024-11-21 20:43:40,617] [41   ] [INFO ] [] - Initializing the metrics collector
[2024-11-21 20:43:40,619] [41   ] [INFO ] [] - MetricsCollector::Sender(49): _disableSentMetrics 1
[2024-11-21 20:43:40,619] [41   ] [INFO ] [] - MetricsCollector::Initialize(231): Initialized metrics collector
- session id: 12ee15d7-d155-4aee-9da5-b3c385d33078
- device id: 4ca35884-a93a-48fc-ad16-80b2a90aa32e
- application id: Box Tools Win exe
- application name: BoxTools
- application version: 4.26.1.1109
- metric collection url: https://client-log.box.com/index.php?rm=box_gen204_json_record
- metric data path: C:\Users\pcedillo\AppData\Local\Box\Box Tools\Metrics\BoxTools_Metrics.db
- post callback: 05705A9E
- log callback: 05705AEE
- context: 00000000
- post interval in seconds: 600
- max records in a post: 100
- max db records: 500
- disable sender: true
[2024-11-21 20:43:40,635] [41   ] [INFO ] [] - Shutting down the metrics collector
[2024-11-21 20:53:40,610] [40   ] [INFO ] [] - Initializing the metrics collector
[2024-11-21 20:53:40,610] [40   ] [INFO ] [] - MetricsCollector::Sender(49): _disableSentMetrics 1
[2024-11-21 20:53:40,610] [40   ] [INFO ] [] - MetricsCollector::Initialize(231): Initialized metrics collector
- session id: 12ee15d7-d155-4aee-9da5-b3c385d33078
- device id: 4ca35884-a93a-48fc-ad16-80b2a90aa32e
- application id: Box Tools Win exe
- application name: BoxTools
- application version: 4.26.1.1109
- metric collection url: https://client-log.box.com/index.php?rm=box_gen204_json_record
- metric data path: C:\Users\pcedillo\AppData\Local\Box\Box Tools\Metrics\BoxTools_Metrics.db
- post callback: 05705A9E
- log callback: 05705AEE
- context: 00000000
- post interval in seconds: 600
- max records in a post: 100
- max db records: 500
- disable sender: true
[2024-11-21 20:53:40,629] [40   ] [INFO ] [] - Shutting down the metrics collector
[2024-11-21 21:03:40,607] [39   ] [INFO ] [] - Initializing the metrics collector
[2024-11-21 21:03:40,607] [39   ] [INFO ] [] - MetricsCollector::Sender(49): _disableSentMetrics 1
[2024-11-21 21:03:40,607] [39   ] [INFO ] [] - MetricsCollector::Initialize(231): Initialized metrics collector
- session id: 12ee15d7-d155-4aee-9da5-b3c385d33078
- device id: 4ca35884-a93a-48fc-ad16-80b2a90aa32e
- application id: Box Tools Win exe
- application name: BoxTools
- application version: 4.26.1.1109
- metric collection url: https://client-log.box.com/index.php?rm=box_gen204_json_record
- metric data path: C:\Users\pcedillo\AppData\Local\Box\Box Tools\Metrics\BoxTools_Metrics.db
- post callback: 05705A9E
- log callback: 05705AEE
- context: 00000000
- post interval in seconds: 600
- max records in a post: 100
- max db records: 500
- disable sender: true
[2024-11-21 21:03:40,623] [39   ] [INFO ] [] - Shutting down the metrics collector
[2024-11-21 21:13:40,602] [38   ] [INFO ] [] - Initializing the metrics collector
[2024-11-21 21:13:40,602] [38   ] [INFO ] [] - MetricsCollector::Sender(49): _disableSentMetrics 1
[2024-11-21 21:13:40,602] [38   ] [INFO ] [] - MetricsCollector::Initialize(231): Initialized metrics collector
- session id: 12ee15d7-d155-4aee-9da5-b3c385d33078
- device id: 4ca35884-a93a-48fc-ad16-80b2a90aa32e
- application id: Box Tools Win exe
- application name: BoxTools
- application version: 4.26.1.1109
- metric collection url: https://client-log.box.com/index.php?rm=box_gen204_json_record
- metric data path: C:\Users\pcedillo\AppData\Local\Box\Box Tools\Metrics\BoxTools_Metrics.db
- post callback: 05705A9E
- log callback: 05705AEE
- context: 00000000
- post interval in seconds: 600
- max records in a post: 100
- max db records: 500
- disable sender: true
[2024-11-21 21:13:40,602] [38   ] [INFO ] [] - Shutting down the metrics collector
[2024-11-21 21:23:40,603] [37   ] [INFO ] [] - Initializing the metrics collector
[2024-11-21 21:23:40,603] [37   ] [INFO ] [] - MetricsCollector::Sender(49): _disableSentMetrics 1
[2024-11-21 21:23:40,603] [37   ] [INFO ] [] - MetricsCollector::Initialize(231): Initialized metrics collector
- session id: 12ee15d7-d155-4aee-9da5-b3c385d33078
- device id: 4ca35884-a93a-48fc-ad16-80b2a90aa32e
- application id: Box Tools Win exe
- application name: BoxTools
- application version: 4.26.1.1109
- metric collection url: https://client-log.box.com/index.php?rm=box_gen204_json_record
- metric data path: C:\Users\pcedillo\AppData\Local\Box\Box Tools\Metrics\BoxTools_Metrics.db
- post callback: 05705A9E
- log callback: 05705AEE
- context: 00000000
- post interval in seconds: 600
- max records in a post: 100
- max db records: 500
- disable sender: true
[2024-11-21 21:23:40,623] [37   ] [INFO ] [] - Shutting down the metrics collector
[2024-11-21 21:33:40,600] [24   ] [INFO ] [] - Initializing the metrics collector
[2024-11-21 21:33:40,614] [24   ] [INFO ] [] - MetricsCollector::Sender(49): _disableSentMetrics 1
[2024-11-21 21:33:40,614] [24   ] [INFO ] [] - MetricsCollector::Initialize(231): Initialized metrics collector
- session id: 12ee15d7-d155-4aee-9da5-b3c385d33078
- device id: 4ca35884-a93a-48fc-ad16-80b2a90aa32e
- application id: Box Tools Win exe
- application name: BoxTools
- application version: 4.26.1.1109
- metric collection url: https://client-log.box.com/index.php?rm=box_gen204_json_record
- metric data path: C:\Users\pcedillo\AppData\Local\Box\Box Tools\Metrics\BoxTools_Metrics.db
- post callback: 05705A9E
- log callback: 05705AEE
- context: 00000000
- post interval in seconds: 600
- max records in a post: 100
- max db records: 500
- disable sender: true
[2024-11-21 21:33:40,616] [24   ] [INFO ] [] - Shutting down the metrics collector
[2024-11-21 21:43:40,608] [24   ] [INFO ] [] - Initializing the metrics collector
[2024-11-21 21:43:40,613] [24   ] [INFO ] [] - MetricsCollector::Sender(49): _disableSentMetrics 1
[2024-11-21 21:43:40,613] [24   ] [INFO ] [] - MetricsCollector::Initialize(231): Initialized metrics collector
- session id: 12ee15d7-d155-4aee-9da5-b3c385d33078
- device id: 4ca35884-a93a-48fc-ad16-80b2a90aa32e
- application id: Box Tools Win exe
- application name: BoxTools
- application version: 4.26.1.1109
- metric collection url: https://client-log.box.com/index.php?rm=box_gen204_json_record
- metric data path: C:\Users\pcedillo\AppData\Local\Box\Box Tools\Metrics\BoxTools_Metrics.db
- post callback: 05705A9E
- log callback: 05705AEE
- context: 00000000
- post interval in seconds: 600
- max records in a post: 100
- max db records: 500
- disable sender: true
[2024-11-21 21:43:40,624] [24   ] [INFO ] [] - Shutting down the metrics collector
[2024-11-21 21:53:40,605] [24   ] [INFO ] [] - Initializing the metrics collector
[2024-11-21 21:53:40,605] [24   ] [INFO ] [] - MetricsCollector::Sender(49): _disableSentMetrics 1
[2024-11-21 21:53:40,605] [24   ] [INFO ] [] - MetricsCollector::Initialize(231): Initialized metrics collector
- session id: 12ee15d7-d155-4aee-9da5-b3c385d33078
- device id: 4ca35884-a93a-48fc-ad16-80b2a90aa32e
- application id: Box Tools Win exe
- application name: BoxTools
- application version: 4.26.1.1109
- metric collection url: https://client-log.box.com/index.php?rm=box_gen204_json_record
- metric data path: C:\Users\pcedillo\AppData\Local\Box\Box Tools\Metrics\BoxTools_Metrics.db
- post callback: 05705A9E
- log callback: 05705AEE
- context: 00000000
- post interval in seconds: 600
- max records in a post: 100
- max db records: 500
- disable sender: true
[2024-11-21 21:53:40,615] [24   ] [INFO ] [] - Shutting down the metrics collector
[2024-11-21 22:03:40,521] [3    ] [INFO ] [] - Initializing the metrics collector
[2024-11-21 22:03:40,522] [3    ] [INFO ] [] - MetricsCollector::Sender(49): _disableSentMetrics 1
[2024-11-21 22:03:40,522] [3    ] [INFO ] [] - MetricsCollector::Initialize(231): Initialized metrics collector
- session id: 12ee15d7-d155-4aee-9da5-b3c385d33078
- device id: 4ca35884-a93a-48fc-ad16-80b2a90aa32e
- application id: Box Tools Win exe
- application name: BoxTools
- application version: 4.26.1.1109
- metric collection url: https://client-log.box.com/index.php?rm=box_gen204_json_record
- metric data path: C:\Users\pcedillo\AppData\Local\Box\Box Tools\Metrics\BoxTools_Metrics.db
- post callback: 05705A9E
- log callback: 05705AEE
- context: 00000000
- post interval in seconds: 600
- max records in a post: 100
- max db records: 500
- disable sender: true
[2024-11-21 22:03:40,533] [3    ] [INFO ] [] - Shutting down the metrics collector
[2024-11-21 22:13:40,377] [7    ] [INFO ] [] - Initializing the metrics collector
[2024-11-21 22:13:40,377] [7    ] [INFO ] [] - MetricsCollector::Sender(49): _disableSentMetrics 1
[2024-11-21 22:13:40,377] [7    ] [INFO ] [] - MetricsCollector::Initialize(231): Initialized metrics collector
- session id: 12ee15d7-d155-4aee-9da5-b3c385d33078
- device id: 4ca35884-a93a-48fc-ad16-80b2a90aa32e
- application id: Box Tools Win exe
- application name: BoxTools
- application version: 4.26.1.1109
- metric collection url: https://client-log.box.com/index.php?rm=box_gen204_json_record
- metric data path: C:\Users\pcedillo\AppData\Local\Box\Box Tools\Metrics\BoxTools_Metrics.db
- post callback: 05705A9E
- log callback: 05705AEE
- context: 00000000
- post interval in seconds: 600
- max records in a post: 100
- max db records: 500
- disable sender: true
[2024-11-21 22:13:40,393] [7    ] [INFO ] [] - Shutting down the metrics collector
[2024-11-21 22:23:40,272] [11   ] [INFO ] [] - Initializing the metrics collector
[2024-11-21 22:23:40,272] [11   ] [INFO ] [] - MetricsCollector::Sender(49): _disableSentMetrics 1
[2024-11-21 22:23:40,272] [11   ] [INFO ] [] - MetricsCollector::Initialize(231): Initialized metrics collector
- session id: 12ee15d7-d155-4aee-9da5-b3c385d33078
- device id: 4ca35884-a93a-48fc-ad16-80b2a90aa32e
- application id: Box Tools Win exe
- application name: BoxTools
- application version: 4.26.1.1109
- metric collection url: https://client-log.box.com/index.php?rm=box_gen204_json_record
- metric data path: C:\Users\pcedillo\AppData\Local\Box\Box Tools\Metrics\BoxTools_Metrics.db
- post callback: 05705A9E
- log callback: 05705AEE
- context: 00000000
- post interval in seconds: 600
- max records in a post: 100
- max db records: 500
- disable sender: true
[2024-11-21 22:23:40,287] [11   ] [INFO ] [] - Shutting down the metrics collector
[2024-11-21 22:33:40,219] [23   ] [INFO ] [] - Initializing the metrics collector
[2024-11-21 22:33:40,219] [23   ] [INFO ] [] - MetricsCollector::Sender(49): _disableSentMetrics 1
[2024-11-21 22:33:40,219] [23   ] [INFO ] [] - MetricsCollector::Initialize(231): Initialized metrics collector
- session id: 12ee15d7-d155-4aee-9da5-b3c385d33078
- device id: 4ca35884-a93a-48fc-ad16-80b2a90aa32e
- application id: Box Tools Win exe
- application name: BoxTools
- application version: 4.26.1.1109
- metric collection url: https://client-log.box.com/index.php?rm=box_gen204_json_record
- metric data path: C:\Users\pcedillo\AppData\Local\Box\Box Tools\Metrics\BoxTools_Metrics.db
- post callback: 05705A9E
- log callback: 05705AEE
- context: 00000000
- post interval in seconds: 600
- max records in a post: 100
- max db records: 500
- disable sender: true
[2024-11-21 22:33:40,236] [23   ] [INFO ] [] - Shutting down the metrics collector
[2024-11-21 22:43:40,162] [21   ] [INFO ] [] - Initializing the metrics collector
[2024-11-21 22:43:40,166] [21   ] [INFO ] [] - MetricsCollector::Sender(49): _disableSentMetrics 1
[2024-11-21 22:43:40,166] [21   ] [INFO ] [] - MetricsCollector::Initialize(231): Initialized metrics collector
- session id: 12ee15d7-d155-4aee-9da5-b3c385d33078
- device id: 4ca35884-a93a-48fc-ad16-80b2a90aa32e
- application id: Box Tools Win exe
- application name: BoxTools
- application version: 4.26.1.1109
- metric collection url: https://client-log.box.com/index.php?rm=box_gen204_json_record
- metric data path: C:\Users\pcedillo\AppData\Local\Box\Box Tools\Metrics\BoxTools_Metrics.db
- post callback: 05705A9E
- log callback: 05705AEE
- context: 00000000
- post interval in seconds: 600
- max records in a post: 100
- max db records: 500
- disable sender: true
[2024-11-21 22:43:40,173] [21   ] [INFO ] [] - Shutting down the metrics collector
[2024-11-21 22:53:40,139] [22   ] [INFO ] [] - Initializing the metrics collector
[2024-11-21 22:53:40,147] [22   ] [INFO ] [] - MetricsCollector::Sender(49): _disableSentMetrics 1
[2024-11-21 22:53:40,147] [22   ] [INFO ] [] - MetricsCollector::Initialize(231): Initialized metrics collector
- session id: 12ee15d7-d155-4aee-9da5-b3c385d33078
- device id: 4ca35884-a93a-48fc-ad16-80b2a90aa32e
- application id: Box Tools Win exe
- application name: BoxTools
- application version: 4.26.1.1109
- metric collection url: https://client-log.box.com/index.php?rm=box_gen204_json_record
- metric data path: C:\Users\pcedillo\AppData\Local\Box\Box Tools\Metrics\BoxTools_Metrics.db
- post callback: 05705A9E
- log callback: 05705AEE
- context: 00000000
- post interval in seconds: 600
- max records in a post: 100
- max db records: 500
- disable sender: true
[2024-11-21 22:53:40,152] [22   ] [INFO ] [] - Shutting down the metrics collector
[2024-11-21 23:03:40,102] [9    ] [INFO ] [] - Initializing the metrics collector
[2024-11-21 23:03:40,105] [9    ] [INFO ] [] - MetricsCollector::Sender(49): _disableSentMetrics 1
[2024-11-21 23:03:40,105] [9    ] [INFO ] [] - MetricsCollector::Initialize(231): Initialized metrics collector
- session id: 12ee15d7-d155-4aee-9da5-b3c385d33078
- device id: 4ca35884-a93a-48fc-ad16-80b2a90aa32e
- application id: Box Tools Win exe
- application name: BoxTools
- application version: 4.26.1.1109
- metric collection url: https://client-log.box.com/index.php?rm=box_gen204_json_record
- metric data path: C:\Users\pcedillo\AppData\Local\Box\Box Tools\Metrics\BoxTools_Metrics.db
- post callback: 05705A9E
- log callback: 05705AEE
- context: 00000000
- post interval in seconds: 600
- max records in a post: 100
- max db records: 500
- disable sender: true
[2024-11-21 23:03:40,105] [9    ] [INFO ] [] - Shutting down the metrics collector
[2024-11-21 23:13:40,082] [12   ] [INFO ] [] - Initializing the metrics collector
[2024-11-21 23:13:40,083] [12   ] [INFO ] [] - MetricsCollector::Sender(49): _disableSentMetrics 1
[2024-11-21 23:13:40,083] [12   ] [INFO ] [] - MetricsCollector::Initialize(231): Initialized metrics collector
- session id: 12ee15d7-d155-4aee-9da5-b3c385d33078
- device id: 4ca35884-a93a-48fc-ad16-80b2a90aa32e
- application id: Box Tools Win exe
- application name: BoxTools
- application version: 4.26.1.1109
- metric collection url: https://client-log.box.com/index.php?rm=box_gen204_json_record
- metric data path: C:\Users\pcedillo\AppData\Local\Box\Box Tools\Metrics\BoxTools_Metrics.db
- post callback: 05705A9E
- log callback: 05705AEE
- context: 00000000
- post interval in seconds: 600
- max records in a post: 100
- max db records: 500
- disable sender: true
[2024-11-21 23:13:40,098] [12   ] [INFO ] [] - Shutting down the metrics collector
[2024-11-21 23:23:40,058] [15   ] [INFO ] [] - Initializing the metrics collector
[2024-11-21 23:23:40,058] [15   ] [INFO ] [] - MetricsCollector::Sender(49): _disableSentMetrics 1
[2024-11-21 23:23:40,058] [15   ] [INFO ] [] - MetricsCollector::Initialize(231): Initialized metrics collector
- session id: 12ee15d7-d155-4aee-9da5-b3c385d33078
- device id: 4ca35884-a93a-48fc-ad16-80b2a90aa32e
- application id: Box Tools Win exe
- application name: BoxTools
- application version: 4.26.1.1109
- metric collection url: https://client-log.box.com/index.php?rm=box_gen204_json_record
- metric data path: C:\Users\pcedillo\AppData\Local\Box\Box Tools\Metrics\BoxTools_Metrics.db
- post callback: 05705A9E
- log callback: 05705AEE
- context: 00000000
- post interval in seconds: 600
- max records in a post: 100
- max db records: 500
- disable sender: true
[2024-11-21 23:23:40,074] [15   ] [INFO ] [] - Shutting down the metrics collector
[2024-11-21 23:33:40,060] [16   ] [INFO ] [] - Initializing the metrics collector
[2024-11-21 23:33:40,060] [16   ] [INFO ] [] - MetricsCollector::Sender(49): _disableSentMetrics 1
[2024-11-21 23:33:40,060] [16   ] [INFO ] [] - MetricsCollector::Initialize(231): Initialized metrics collector
- session id: 12ee15d7-d155-4aee-9da5-b3c385d33078
- device id: 4ca35884-a93a-48fc-ad16-80b2a90aa32e
- application id: Box Tools Win exe
- application name: BoxTools
- application version: 4.26.1.1109
- metric collection url: https://client-log.box.com/index.php?rm=box_gen204_json_record
- metric data path: C:\Users\pcedillo\AppData\Local\Box\Box Tools\Metrics\BoxTools_Metrics.db
- post callback: 05705A9E
- log callback: 05705AEE
- context: 00000000
- post interval in seconds: 600
- max records in a post: 100
- max db records: 500
- disable sender: true
[2024-11-21 23:33:40,076] [16   ] [INFO ] [] - Shutting down the metrics collector
[2024-11-21 23:43:40,056] [18   ] [INFO ] [] - Initializing the metrics collector
[2024-11-21 23:43:40,056] [18   ] [INFO ] [] - MetricsCollector::Sender(49): _disableSentMetrics 1
[2024-11-21 23:43:40,056] [18   ] [INFO ] [] - MetricsCollector::Initialize(231): Initialized metrics collector
- session id: 12ee15d7-d155-4aee-9da5-b3c385d33078
- device id: 4ca35884-a93a-48fc-ad16-80b2a90aa32e
- application id: Box Tools Win exe
- application name: BoxTools
- application version: 4.26.1.1109
- metric collection url: https://client-log.box.com/index.php?rm=box_gen204_json_record
- metric data path: C:\Users\pcedillo\AppData\Local\Box\Box Tools\Metrics\BoxTools_Metrics.db
- post callback: 05705A9E
- log callback: 05705AEE
- context: 00000000
- post interval in seconds: 600
- max records in a post: 100
- max db records: 500
- disable sender: true
[2024-11-21 23:43:40,072] [18   ] [INFO ] [] - Shutting down the metrics collector
[2024-11-21 23:53:40,049] [17   ] [INFO ] [] - Initializing the metrics collector
[2024-11-21 23:53:40,049] [17   ] [INFO ] [] - MetricsCollector::Sender(49): _disableSentMetrics 1
[2024-11-21 23:53:40,049] [17   ] [INFO ] [] - MetricsCollector::Initialize(231): Initialized metrics collector
- session id: 12ee15d7-d155-4aee-9da5-b3c385d33078
- device id: 4ca35884-a93a-48fc-ad16-80b2a90aa32e
- application id: Box Tools Win exe
- application name: BoxTools
- application version: 4.26.1.1109
- metric collection url: https://client-log.box.com/index.php?rm=box_gen204_json_record
- metric data path: C:\Users\pcedillo\AppData\Local\Box\Box Tools\Metrics\BoxTools_Metrics.db
- post callback: 05705A9E
- log callback: 05705AEE
- context: 00000000
- post interval in seconds: 600
- max records in a post: 100
- max db records: 500
- disable sender: true
[2024-11-21 23:53:40,066] [17   ] [INFO ] [] - Shutting down the metrics collector
