[2024-11-13 03:02:02,094] [16   ] [INFO ] [] - Initializing the metrics collector
[2024-11-13 03:02:02,107] [16   ] [INFO ] [] - MetricsCollector::Sender(49): _disableSentMetrics 1
[2024-11-13 03:02:02,107] [16   ] [INFO ] [] - MetricsCollector::Initialize(231): Initialized metrics collector
- session id: e232ff9c-70f6-4dd4-9a02-821953672f77
- device id: 4ca35884-a93a-48fc-ad16-80b2a90aa32e
- application id: Box Tools Win exe
- application name: BoxTools
- application version: 4.26.1.1109
- metric collection url: https://client-log.box.com/index.php?rm=box_gen204_json_record
- metric data path: C:\Users\pcedillo\AppData\Local\Box\Box Tools\Metrics\BoxTools_Metrics.db
- post callback: 05485C06
- log callback: 05485CF6
- context: 00000000
- post interval in seconds: 600
- max records in a post: 100
- max db records: 500
- disable sender: true
[2024-11-13 03:02:02,114] [16   ] [INFO ] [] - Shutting down the metrics collector
[2024-11-13 07:58:11,432] [17   ] [INFO ] [] - Initializing the metrics collector
[2024-11-13 07:58:11,432] [17   ] [INFO ] [] - MetricsCollector::Sender(49): _disableSentMetrics 1
[2024-11-13 07:58:11,432] [17   ] [INFO ] [] - MetricsCollector::Initialize(231): Initialized metrics collector
- session id: e232ff9c-70f6-4dd4-9a02-821953672f77
- device id: 4ca35884-a93a-48fc-ad16-80b2a90aa32e
- application id: Box Tools Win exe
- application name: BoxTools
- application version: 4.26.1.1109
- metric collection url: https://client-log.box.com/index.php?rm=box_gen204_json_record
- metric data path: C:\Users\pcedillo\AppData\Local\Box\Box Tools\Metrics\BoxTools_Metrics.db
- post callback: 05485C06
- log callback: 05485CF6
- context: 00000000
- post interval in seconds: 600
- max records in a post: 100
- max db records: 500
- disable sender: true
[2024-11-13 07:58:11,448] [17   ] [INFO ] [] - Shutting down the metrics collector
[2024-11-13 08:08:13,084] [16   ] [INFO ] [] - Initializing the metrics collector
[2024-11-13 08:08:13,084] [16   ] [INFO ] [] - MetricsCollector::Sender(49): _disableSentMetrics 1
[2024-11-13 08:08:13,084] [16   ] [INFO ] [] - MetricsCollector::Initialize(231): Initialized metrics collector
- session id: e232ff9c-70f6-4dd4-9a02-821953672f77
- device id: 4ca35884-a93a-48fc-ad16-80b2a90aa32e
- application id: Box Tools Win exe
- application name: BoxTools
- application version: 4.26.1.1109
- metric collection url: https://client-log.box.com/index.php?rm=box_gen204_json_record
- metric data path: C:\Users\pcedillo\AppData\Local\Box\Box Tools\Metrics\BoxTools_Metrics.db
- post callback: 05485C06
- log callback: 05485CF6
- context: 00000000
- post interval in seconds: 600
- max records in a post: 100
- max db records: 500
- disable sender: true
[2024-11-13 08:08:13,100] [16   ] [INFO ] [] - Shutting down the metrics collector
[2024-11-13 08:18:12,990] [16   ] [INFO ] [] - Initializing the metrics collector
[2024-11-13 08:18:12,990] [16   ] [INFO ] [] - MetricsCollector::Sender(49): _disableSentMetrics 1
[2024-11-13 08:18:13,006] [16   ] [INFO ] [] - MetricsCollector::Initialize(231): Initialized metrics collector
- session id: e232ff9c-70f6-4dd4-9a02-821953672f77
- device id: 4ca35884-a93a-48fc-ad16-80b2a90aa32e
- application id: Box Tools Win exe
- application name: BoxTools
- application version: 4.26.1.1109
- metric collection url: https://client-log.box.com/index.php?rm=box_gen204_json_record
- metric data path: C:\Users\pcedillo\AppData\Local\Box\Box Tools\Metrics\BoxTools_Metrics.db
- post callback: 05485C06
- log callback: 05485CF6
- context: 00000000
- post interval in seconds: 600
- max records in a post: 100
- max db records: 500
- disable sender: true
[2024-11-13 08:18:13,006] [16   ] [INFO ] [] - Shutting down the metrics collector
[2024-11-13 08:28:12,998] [17   ] [INFO ] [] - Initializing the metrics collector
[2024-11-13 08:28:12,999] [17   ] [INFO ] [] - MetricsCollector::Sender(49): _disableSentMetrics 1
[2024-11-13 08:28:12,999] [17   ] [INFO ] [] - MetricsCollector::Initialize(231): Initialized metrics collector
- session id: e232ff9c-70f6-4dd4-9a02-821953672f77
- device id: 4ca35884-a93a-48fc-ad16-80b2a90aa32e
- application id: Box Tools Win exe
- application name: BoxTools
- application version: 4.26.1.1109
- metric collection url: https://client-log.box.com/index.php?rm=box_gen204_json_record
- metric data path: C:\Users\pcedillo\AppData\Local\Box\Box Tools\Metrics\BoxTools_Metrics.db
- post callback: 05485C06
- log callback: 05485CF6
- context: 00000000
- post interval in seconds: 600
- max records in a post: 100
- max db records: 500
- disable sender: true
[2024-11-13 08:28:13,015] [17   ] [INFO ] [] - Shutting down the metrics collector
[2024-11-13 08:38:12,927] [15   ] [INFO ] [] - Initializing the metrics collector
[2024-11-13 08:38:12,936] [15   ] [INFO ] [] - MetricsCollector::Sender(49): _disableSentMetrics 1
[2024-11-13 08:38:12,936] [15   ] [INFO ] [] - MetricsCollector::Initialize(231): Initialized metrics collector
- session id: e232ff9c-70f6-4dd4-9a02-821953672f77
- device id: 4ca35884-a93a-48fc-ad16-80b2a90aa32e
- application id: Box Tools Win exe
- application name: BoxTools
- application version: 4.26.1.1109
- metric collection url: https://client-log.box.com/index.php?rm=box_gen204_json_record
- metric data path: C:\Users\pcedillo\AppData\Local\Box\Box Tools\Metrics\BoxTools_Metrics.db
- post callback: 05485C06
- log callback: 05485CF6
- context: 00000000
- post interval in seconds: 600
- max records in a post: 100
- max db records: 500
- disable sender: true
[2024-11-13 08:38:12,951] [15   ] [INFO ] [] - Shutting down the metrics collector
[2024-11-13 08:48:12,933] [8    ] [INFO ] [] - Initializing the metrics collector
[2024-11-13 08:48:12,933] [8    ] [INFO ] [] - MetricsCollector::Sender(49): _disableSentMetrics 1
[2024-11-13 08:48:12,933] [8    ] [INFO ] [] - MetricsCollector::Initialize(231): Initialized metrics collector
- session id: e232ff9c-70f6-4dd4-9a02-821953672f77
- device id: 4ca35884-a93a-48fc-ad16-80b2a90aa32e
- application id: Box Tools Win exe
- application name: BoxTools
- application version: 4.26.1.1109
- metric collection url: https://client-log.box.com/index.php?rm=box_gen204_json_record
- metric data path: C:\Users\pcedillo\AppData\Local\Box\Box Tools\Metrics\BoxTools_Metrics.db
- post callback: 05485C06
- log callback: 05485CF6
- context: 00000000
- post interval in seconds: 600
- max records in a post: 100
- max db records: 500
- disable sender: true
[2024-11-13 08:48:12,948] [8    ] [INFO ] [] - Shutting down the metrics collector
[2024-11-13 08:58:12,920] [18   ] [INFO ] [] - Initializing the metrics collector
[2024-11-13 08:58:12,932] [18   ] [INFO ] [] - MetricsCollector::Sender(49): _disableSentMetrics 1
[2024-11-13 08:58:12,932] [18   ] [INFO ] [] - MetricsCollector::Initialize(231): Initialized metrics collector
- session id: e232ff9c-70f6-4dd4-9a02-821953672f77
- device id: 4ca35884-a93a-48fc-ad16-80b2a90aa32e
- application id: Box Tools Win exe
- application name: BoxTools
- application version: 4.26.1.1109
- metric collection url: https://client-log.box.com/index.php?rm=box_gen204_json_record
- metric data path: C:\Users\pcedillo\AppData\Local\Box\Box Tools\Metrics\BoxTools_Metrics.db
- post callback: 05485C06
- log callback: 05485CF6
- context: 00000000
- post interval in seconds: 600
- max records in a post: 100
- max db records: 500
- disable sender: true
[2024-11-13 08:58:12,939] [18   ] [INFO ] [] - Shutting down the metrics collector
[2024-11-13 09:08:12,930] [14   ] [INFO ] [] - Initializing the metrics collector
[2024-11-13 09:08:12,939] [14   ] [INFO ] [] - MetricsCollector::Sender(49): _disableSentMetrics 1
[2024-11-13 09:08:12,939] [14   ] [INFO ] [] - MetricsCollector::Initialize(231): Initialized metrics collector
- session id: e232ff9c-70f6-4dd4-9a02-821953672f77
- device id: 4ca35884-a93a-48fc-ad16-80b2a90aa32e
- application id: Box Tools Win exe
- application name: BoxTools
- application version: 4.26.1.1109
- metric collection url: https://client-log.box.com/index.php?rm=box_gen204_json_record
- metric data path: C:\Users\pcedillo\AppData\Local\Box\Box Tools\Metrics\BoxTools_Metrics.db
- post callback: 05485C06
- log callback: 05485CF6
- context: 00000000
- post interval in seconds: 600
- max records in a post: 100
- max db records: 500
- disable sender: true
[2024-11-13 09:08:12,949] [14   ] [INFO ] [] - Shutting down the metrics collector
[2024-11-13 09:18:12,945] [13   ] [INFO ] [] - Initializing the metrics collector
[2024-11-13 09:18:12,945] [13   ] [INFO ] [] - MetricsCollector::Sender(49): _disableSentMetrics 1
[2024-11-13 09:18:12,945] [13   ] [INFO ] [] - MetricsCollector::Initialize(231): Initialized metrics collector
- session id: e232ff9c-70f6-4dd4-9a02-821953672f77
- device id: 4ca35884-a93a-48fc-ad16-80b2a90aa32e
- application id: Box Tools Win exe
- application name: BoxTools
- application version: 4.26.1.1109
- metric collection url: https://client-log.box.com/index.php?rm=box_gen204_json_record
- metric data path: C:\Users\pcedillo\AppData\Local\Box\Box Tools\Metrics\BoxTools_Metrics.db
- post callback: 05485C06
- log callback: 05485CF6
- context: 00000000
- post interval in seconds: 600
- max records in a post: 100
- max db records: 500
- disable sender: true
[2024-11-13 09:18:12,961] [13   ] [INFO ] [] - Shutting down the metrics collector
[2024-11-13 09:28:12,760] [3    ] [INFO ] [] - Initializing the metrics collector
[2024-11-13 09:28:12,760] [3    ] [INFO ] [] - MetricsCollector::Sender(49): _disableSentMetrics 1
[2024-11-13 09:28:12,760] [3    ] [INFO ] [] - MetricsCollector::Initialize(231): Initialized metrics collector
- session id: e232ff9c-70f6-4dd4-9a02-821953672f77
- device id: 4ca35884-a93a-48fc-ad16-80b2a90aa32e
- application id: Box Tools Win exe
- application name: BoxTools
- application version: 4.26.1.1109
- metric collection url: https://client-log.box.com/index.php?rm=box_gen204_json_record
- metric data path: C:\Users\pcedillo\AppData\Local\Box\Box Tools\Metrics\BoxTools_Metrics.db
- post callback: 05485C06
- log callback: 05485CF6
- context: 00000000
- post interval in seconds: 600
- max records in a post: 100
- max db records: 500
- disable sender: true
[2024-11-13 09:28:12,775] [3    ] [INFO ] [] - Shutting down the metrics collector
[2024-11-13 09:38:12,688] [20   ] [INFO ] [] - Initializing the metrics collector
[2024-11-13 09:38:12,688] [20   ] [INFO ] [] - MetricsCollector::Sender(49): _disableSentMetrics 1
[2024-11-13 09:38:12,688] [20   ] [INFO ] [] - MetricsCollector::Initialize(231): Initialized metrics collector
- session id: e232ff9c-70f6-4dd4-9a02-821953672f77
- device id: 4ca35884-a93a-48fc-ad16-80b2a90aa32e
- application id: Box Tools Win exe
- application name: BoxTools
- application version: 4.26.1.1109
- metric collection url: https://client-log.box.com/index.php?rm=box_gen204_json_record
- metric data path: C:\Users\pcedillo\AppData\Local\Box\Box Tools\Metrics\BoxTools_Metrics.db
- post callback: 05485C06
- log callback: 05485CF6
- context: 00000000
- post interval in seconds: 600
- max records in a post: 100
- max db records: 500
- disable sender: true
[2024-11-13 09:38:12,714] [20   ] [INFO ] [] - Shutting down the metrics collector
[2024-11-13 09:48:12,636] [21   ] [INFO ] [] - Initializing the metrics collector
[2024-11-13 09:48:12,648] [21   ] [INFO ] [] - MetricsCollector::Sender(49): _disableSentMetrics 1
[2024-11-13 09:48:12,648] [21   ] [INFO ] [] - MetricsCollector::Initialize(231): Initialized metrics collector
- session id: e232ff9c-70f6-4dd4-9a02-821953672f77
- device id: 4ca35884-a93a-48fc-ad16-80b2a90aa32e
- application id: Box Tools Win exe
- application name: BoxTools
- application version: 4.26.1.1109
- metric collection url: https://client-log.box.com/index.php?rm=box_gen204_json_record
- metric data path: C:\Users\pcedillo\AppData\Local\Box\Box Tools\Metrics\BoxTools_Metrics.db
- post callback: 05485C06
- log callback: 05485CF6
- context: 00000000
- post interval in seconds: 600
- max records in a post: 100
- max db records: 500
- disable sender: true
[2024-11-13 09:48:12,658] [21   ] [INFO ] [] - Shutting down the metrics collector
[2024-11-13 09:58:12,582] [23   ] [INFO ] [] - Initializing the metrics collector
[2024-11-13 09:58:12,589] [23   ] [INFO ] [] - MetricsCollector::Sender(49): _disableSentMetrics 1
[2024-11-13 09:58:12,589] [23   ] [INFO ] [] - MetricsCollector::Initialize(231): Initialized metrics collector
- session id: e232ff9c-70f6-4dd4-9a02-821953672f77
- device id: 4ca35884-a93a-48fc-ad16-80b2a90aa32e
- application id: Box Tools Win exe
- application name: BoxTools
- application version: 4.26.1.1109
- metric collection url: https://client-log.box.com/index.php?rm=box_gen204_json_record
- metric data path: C:\Users\pcedillo\AppData\Local\Box\Box Tools\Metrics\BoxTools_Metrics.db
- post callback: 05485C06
- log callback: 05485CF6
- context: 00000000
- post interval in seconds: 600
- max records in a post: 100
- max db records: 500
- disable sender: true
[2024-11-13 09:58:12,598] [23   ] [INFO ] [] - Shutting down the metrics collector
[2024-11-13 10:08:12,553] [22   ] [INFO ] [] - Initializing the metrics collector
[2024-11-13 10:08:12,558] [22   ] [INFO ] [] - MetricsCollector::Sender(49): _disableSentMetrics 1
[2024-11-13 10:08:12,558] [22   ] [INFO ] [] - MetricsCollector::Initialize(231): Initialized metrics collector
- session id: e232ff9c-70f6-4dd4-9a02-821953672f77
- device id: 4ca35884-a93a-48fc-ad16-80b2a90aa32e
- application id: Box Tools Win exe
- application name: BoxTools
- application version: 4.26.1.1109
- metric collection url: https://client-log.box.com/index.php?rm=box_gen204_json_record
- metric data path: C:\Users\pcedillo\AppData\Local\Box\Box Tools\Metrics\BoxTools_Metrics.db
- post callback: 05485C06
- log callback: 05485CF6
- context: 00000000
- post interval in seconds: 600
- max records in a post: 100
- max db records: 500
- disable sender: true
[2024-11-13 10:08:12,575] [22   ] [INFO ] [] - Shutting down the metrics collector
[2024-11-13 10:18:11,908] [24   ] [INFO ] [] - Initializing the metrics collector
[2024-11-13 10:18:11,914] [24   ] [INFO ] [] - MetricsCollector::Sender(49): _disableSentMetrics 1
[2024-11-13 10:18:11,914] [24   ] [INFO ] [] - MetricsCollector::Initialize(231): Initialized metrics collector
- session id: e232ff9c-70f6-4dd4-9a02-821953672f77
- device id: 4ca35884-a93a-48fc-ad16-80b2a90aa32e
- application id: Box Tools Win exe
- application name: BoxTools
- application version: 4.26.1.1109
- metric collection url: https://client-log.box.com/index.php?rm=box_gen204_json_record
- metric data path: C:\Users\pcedillo\AppData\Local\Box\Box Tools\Metrics\BoxTools_Metrics.db
- post callback: 05485C06
- log callback: 05485CF6
- context: 00000000
- post interval in seconds: 600
- max records in a post: 100
- max db records: 500
- disable sender: true
[2024-11-13 10:18:11,919] [24   ] [INFO ] [] - Shutting down the metrics collector
[2024-11-13 10:28:11,722] [26   ] [INFO ] [] - Initializing the metrics collector
[2024-11-13 10:28:11,722] [26   ] [INFO ] [] - MetricsCollector::Sender(49): _disableSentMetrics 1
[2024-11-13 10:28:11,722] [26   ] [INFO ] [] - MetricsCollector::Initialize(231): Initialized metrics collector
- session id: e232ff9c-70f6-4dd4-9a02-821953672f77
- device id: 4ca35884-a93a-48fc-ad16-80b2a90aa32e
- application id: Box Tools Win exe
- application name: BoxTools
- application version: 4.26.1.1109
- metric collection url: https://client-log.box.com/index.php?rm=box_gen204_json_record
- metric data path: C:\Users\pcedillo\AppData\Local\Box\Box Tools\Metrics\BoxTools_Metrics.db
- post callback: 05485C06
- log callback: 05485CF6
- context: 00000000
- post interval in seconds: 600
- max records in a post: 100
- max db records: 500
- disable sender: true
[2024-11-13 10:28:11,740] [26   ] [INFO ] [] - Shutting down the metrics collector
[2024-11-13 10:38:11,698] [27   ] [INFO ] [] - Initializing the metrics collector
[2024-11-13 10:38:11,698] [27   ] [INFO ] [] - MetricsCollector::Sender(49): _disableSentMetrics 1
[2024-11-13 10:38:11,698] [27   ] [INFO ] [] - MetricsCollector::Initialize(231): Initialized metrics collector
- session id: e232ff9c-70f6-4dd4-9a02-821953672f77
- device id: 4ca35884-a93a-48fc-ad16-80b2a90aa32e
- application id: Box Tools Win exe
- application name: BoxTools
- application version: 4.26.1.1109
- metric collection url: https://client-log.box.com/index.php?rm=box_gen204_json_record
- metric data path: C:\Users\pcedillo\AppData\Local\Box\Box Tools\Metrics\BoxTools_Metrics.db
- post callback: 05485C06
- log callback: 05485CF6
- context: 00000000
- post interval in seconds: 600
- max records in a post: 100
- max db records: 500
- disable sender: true
[2024-11-13 10:38:11,714] [27   ] [INFO ] [] - Shutting down the metrics collector
[2024-11-13 10:48:11,808] [27   ] [INFO ] [] - Initializing the metrics collector
[2024-11-13 10:48:11,816] [27   ] [INFO ] [] - MetricsCollector::Sender(49): _disableSentMetrics 1
[2024-11-13 10:48:11,817] [27   ] [INFO ] [] - MetricsCollector::Initialize(231): Initialized metrics collector
- session id: e232ff9c-70f6-4dd4-9a02-821953672f77
- device id: 4ca35884-a93a-48fc-ad16-80b2a90aa32e
- application id: Box Tools Win exe
- application name: BoxTools
- application version: 4.26.1.1109
- metric collection url: https://client-log.box.com/index.php?rm=box_gen204_json_record
- metric data path: C:\Users\pcedillo\AppData\Local\Box\Box Tools\Metrics\BoxTools_Metrics.db
- post callback: 05485C06
- log callback: 05485CF6
- context: 00000000
- post interval in seconds: 600
- max records in a post: 100
- max db records: 500
- disable sender: true
[2024-11-13 10:48:11,826] [27   ] [INFO ] [] - Shutting down the metrics collector
[2024-11-13 10:58:11,931] [26   ] [INFO ] [] - Initializing the metrics collector
[2024-11-13 10:58:11,931] [26   ] [INFO ] [] - MetricsCollector::Sender(49): _disableSentMetrics 1
[2024-11-13 10:58:11,931] [26   ] [INFO ] [] - MetricsCollector::Initialize(231): Initialized metrics collector
- session id: e232ff9c-70f6-4dd4-9a02-821953672f77
- device id: 4ca35884-a93a-48fc-ad16-80b2a90aa32e
- application id: Box Tools Win exe
- application name: BoxTools
- application version: 4.26.1.1109
- metric collection url: https://client-log.box.com/index.php?rm=box_gen204_json_record
- metric data path: C:\Users\pcedillo\AppData\Local\Box\Box Tools\Metrics\BoxTools_Metrics.db
- post callback: 05485C06
- log callback: 05485CF6
- context: 00000000
- post interval in seconds: 600
- max records in a post: 100
- max db records: 500
- disable sender: true
[2024-11-13 10:58:11,953] [26   ] [INFO ] [] - Shutting down the metrics collector
[2024-11-13 11:08:11,949] [24   ] [INFO ] [] - Initializing the metrics collector
[2024-11-13 11:08:11,957] [24   ] [INFO ] [] - MetricsCollector::Sender(49): _disableSentMetrics 1
[2024-11-13 11:08:11,957] [24   ] [INFO ] [] - MetricsCollector::Initialize(231): Initialized metrics collector
- session id: e232ff9c-70f6-4dd4-9a02-821953672f77
- device id: 4ca35884-a93a-48fc-ad16-80b2a90aa32e
- application id: Box Tools Win exe
- application name: BoxTools
- application version: 4.26.1.1109
- metric collection url: https://client-log.box.com/index.php?rm=box_gen204_json_record
- metric data path: C:\Users\pcedillo\AppData\Local\Box\Box Tools\Metrics\BoxTools_Metrics.db
- post callback: 05485C06
- log callback: 05485CF6
- context: 00000000
- post interval in seconds: 600
- max records in a post: 100
- max db records: 500
- disable sender: true
[2024-11-13 11:08:11,966] [24   ] [INFO ] [] - Shutting down the metrics collector
[2024-11-13 11:18:11,960] [22   ] [INFO ] [] - Initializing the metrics collector
[2024-11-13 11:18:11,970] [22   ] [INFO ] [] - MetricsCollector::Sender(49): _disableSentMetrics 1
[2024-11-13 11:18:11,970] [22   ] [INFO ] [] - MetricsCollector::Initialize(231): Initialized metrics collector
- session id: e232ff9c-70f6-4dd4-9a02-821953672f77
- device id: 4ca35884-a93a-48fc-ad16-80b2a90aa32e
- application id: Box Tools Win exe
- application name: BoxTools
- application version: 4.26.1.1109
- metric collection url: https://client-log.box.com/index.php?rm=box_gen204_json_record
- metric data path: C:\Users\pcedillo\AppData\Local\Box\Box Tools\Metrics\BoxTools_Metrics.db
- post callback: 05485C06
- log callback: 05485CF6
- context: 00000000
- post interval in seconds: 600
- max records in a post: 100
- max db records: 500
- disable sender: true
[2024-11-13 11:18:11,978] [22   ] [INFO ] [] - Shutting down the metrics collector
[2024-11-13 11:28:11,957] [22   ] [INFO ] [] - Initializing the metrics collector
[2024-11-13 11:28:11,966] [22   ] [INFO ] [] - MetricsCollector::Sender(49): _disableSentMetrics 1
[2024-11-13 11:28:11,968] [22   ] [INFO ] [] - MetricsCollector::Initialize(231): Initialized metrics collector
- session id: e232ff9c-70f6-4dd4-9a02-821953672f77
- device id: 4ca35884-a93a-48fc-ad16-80b2a90aa32e
- application id: Box Tools Win exe
- application name: BoxTools
- application version: 4.26.1.1109
- metric collection url: https://client-log.box.com/index.php?rm=box_gen204_json_record
- metric data path: C:\Users\pcedillo\AppData\Local\Box\Box Tools\Metrics\BoxTools_Metrics.db
- post callback: 05485C06
- log callback: 05485CF6
- context: 00000000
- post interval in seconds: 600
- max records in a post: 100
- max db records: 500
- disable sender: true
[2024-11-13 11:28:11,978] [22   ] [INFO ] [] - Shutting down the metrics collector
[2024-11-13 11:38:11,956] [24   ] [INFO ] [] - Initializing the metrics collector
[2024-11-13 11:38:11,966] [24   ] [INFO ] [] - MetricsCollector::Sender(49): _disableSentMetrics 1
[2024-11-13 11:38:11,967] [24   ] [INFO ] [] - MetricsCollector::Initialize(231): Initialized metrics collector
- session id: e232ff9c-70f6-4dd4-9a02-821953672f77
- device id: 4ca35884-a93a-48fc-ad16-80b2a90aa32e
- application id: Box Tools Win exe
- application name: BoxTools
- application version: 4.26.1.1109
- metric collection url: https://client-log.box.com/index.php?rm=box_gen204_json_record
- metric data path: C:\Users\pcedillo\AppData\Local\Box\Box Tools\Metrics\BoxTools_Metrics.db
- post callback: 05485C06
- log callback: 05485CF6
- context: 00000000
- post interval in seconds: 600
- max records in a post: 100
- max db records: 500
- disable sender: true
[2024-11-13 11:38:11,974] [24   ] [INFO ] [] - Shutting down the metrics collector
[2024-11-13 11:48:11,967] [26   ] [INFO ] [] - Initializing the metrics collector
[2024-11-13 11:48:11,976] [26   ] [INFO ] [] - MetricsCollector::Sender(49): _disableSentMetrics 1
[2024-11-13 11:48:11,977] [26   ] [INFO ] [] - MetricsCollector::Initialize(231): Initialized metrics collector
- session id: e232ff9c-70f6-4dd4-9a02-821953672f77
- device id: 4ca35884-a93a-48fc-ad16-80b2a90aa32e
- application id: Box Tools Win exe
- application name: BoxTools
- application version: 4.26.1.1109
- metric collection url: https://client-log.box.com/index.php?rm=box_gen204_json_record
- metric data path: C:\Users\pcedillo\AppData\Local\Box\Box Tools\Metrics\BoxTools_Metrics.db
- post callback: 05485C06
- log callback: 05485CF6
- context: 00000000
- post interval in seconds: 600
- max records in a post: 100
- max db records: 500
- disable sender: true
[2024-11-13 11:48:11,984] [26   ] [INFO ] [] - Shutting down the metrics collector
[2024-11-13 11:58:11,931] [27   ] [INFO ] [] - Initializing the metrics collector
[2024-11-13 11:58:11,942] [27   ] [INFO ] [] - MetricsCollector::Sender(49): _disableSentMetrics 1
[2024-11-13 11:58:11,943] [27   ] [INFO ] [] - MetricsCollector::Initialize(231): Initialized metrics collector
- session id: e232ff9c-70f6-4dd4-9a02-821953672f77
- device id: 4ca35884-a93a-48fc-ad16-80b2a90aa32e
- application id: Box Tools Win exe
- application name: BoxTools
- application version: 4.26.1.1109
- metric collection url: https://client-log.box.com/index.php?rm=box_gen204_json_record
- metric data path: C:\Users\pcedillo\AppData\Local\Box\Box Tools\Metrics\BoxTools_Metrics.db
- post callback: 05485C06
- log callback: 05485CF6
- context: 00000000
- post interval in seconds: 600
- max records in a post: 100
- max db records: 500
- disable sender: true
[2024-11-13 11:58:11,953] [27   ] [INFO ] [] - Shutting down the metrics collector
[2024-11-13 12:08:11,898] [21   ] [INFO ] [] - Initializing the metrics collector
[2024-11-13 12:08:11,905] [21   ] [INFO ] [] - MetricsCollector::Sender(49): _disableSentMetrics 1
[2024-11-13 12:08:11,905] [21   ] [INFO ] [] - MetricsCollector::Initialize(231): Initialized metrics collector
- session id: e232ff9c-70f6-4dd4-9a02-821953672f77
- device id: 4ca35884-a93a-48fc-ad16-80b2a90aa32e
- application id: Box Tools Win exe
- application name: BoxTools
- application version: 4.26.1.1109
- metric collection url: https://client-log.box.com/index.php?rm=box_gen204_json_record
- metric data path: C:\Users\pcedillo\AppData\Local\Box\Box Tools\Metrics\BoxTools_Metrics.db
- post callback: 05485C06
- log callback: 05485CF6
- context: 00000000
- post interval in seconds: 600
- max records in a post: 100
- max db records: 500
- disable sender: true
[2024-11-13 12:08:11,910] [21   ] [INFO ] [] - Shutting down the metrics collector
[2024-11-13 12:18:11,905] [20   ] [INFO ] [] - Initializing the metrics collector
[2024-11-13 12:18:11,911] [20   ] [INFO ] [] - MetricsCollector::Sender(49): _disableSentMetrics 1
[2024-11-13 12:18:11,912] [20   ] [INFO ] [] - MetricsCollector::Initialize(231): Initialized metrics collector
- session id: e232ff9c-70f6-4dd4-9a02-821953672f77
- device id: 4ca35884-a93a-48fc-ad16-80b2a90aa32e
- application id: Box Tools Win exe
- application name: BoxTools
- application version: 4.26.1.1109
- metric collection url: https://client-log.box.com/index.php?rm=box_gen204_json_record
- metric data path: C:\Users\pcedillo\AppData\Local\Box\Box Tools\Metrics\BoxTools_Metrics.db
- post callback: 05485C06
- log callback: 05485CF6
- context: 00000000
- post interval in seconds: 600
- max records in a post: 100
- max db records: 500
- disable sender: true
[2024-11-13 12:18:11,917] [20   ] [INFO ] [] - Shutting down the metrics collector
[2024-11-13 12:28:11,884] [23   ] [INFO ] [] - Initializing the metrics collector
[2024-11-13 12:28:11,891] [23   ] [INFO ] [] - MetricsCollector::Sender(49): _disableSentMetrics 1
[2024-11-13 12:28:11,892] [23   ] [INFO ] [] - MetricsCollector::Initialize(231): Initialized metrics collector
- session id: e232ff9c-70f6-4dd4-9a02-821953672f77
- device id: 4ca35884-a93a-48fc-ad16-80b2a90aa32e
- application id: Box Tools Win exe
- application name: BoxTools
- application version: 4.26.1.1109
- metric collection url: https://client-log.box.com/index.php?rm=box_gen204_json_record
- metric data path: C:\Users\pcedillo\AppData\Local\Box\Box Tools\Metrics\BoxTools_Metrics.db
- post callback: 05485C06
- log callback: 05485CF6
- context: 00000000
- post interval in seconds: 600
- max records in a post: 100
- max db records: 500
- disable sender: true
[2024-11-13 12:28:11,898] [23   ] [INFO ] [] - Shutting down the metrics collector
[2024-11-13 12:38:11,882] [3    ] [INFO ] [] - Initializing the metrics collector
[2024-11-13 12:38:11,882] [3    ] [INFO ] [] - MetricsCollector::Sender(49): _disableSentMetrics 1
[2024-11-13 12:38:11,882] [3    ] [INFO ] [] - MetricsCollector::Initialize(231): Initialized metrics collector
- session id: e232ff9c-70f6-4dd4-9a02-821953672f77
- device id: 4ca35884-a93a-48fc-ad16-80b2a90aa32e
- application id: Box Tools Win exe
- application name: BoxTools
- application version: 4.26.1.1109
- metric collection url: https://client-log.box.com/index.php?rm=box_gen204_json_record
- metric data path: C:\Users\pcedillo\AppData\Local\Box\Box Tools\Metrics\BoxTools_Metrics.db
- post callback: 05485C06
- log callback: 05485CF6
- context: 00000000
- post interval in seconds: 600
- max records in a post: 100
- max db records: 500
- disable sender: true
[2024-11-13 12:38:11,898] [3    ] [INFO ] [] - Shutting down the metrics collector
[2024-11-13 12:48:11,886] [13   ] [INFO ] [] - Initializing the metrics collector
[2024-11-13 12:48:11,896] [13   ] [INFO ] [] - MetricsCollector::Sender(49): _disableSentMetrics 1
[2024-11-13 12:48:11,896] [13   ] [INFO ] [] - MetricsCollector::Initialize(231): Initialized metrics collector
- session id: e232ff9c-70f6-4dd4-9a02-821953672f77
- device id: 4ca35884-a93a-48fc-ad16-80b2a90aa32e
- application id: Box Tools Win exe
- application name: BoxTools
- application version: 4.26.1.1109
- metric collection url: https://client-log.box.com/index.php?rm=box_gen204_json_record
- metric data path: C:\Users\pcedillo\AppData\Local\Box\Box Tools\Metrics\BoxTools_Metrics.db
- post callback: 05485C06
- log callback: 05485CF6
- context: 00000000
- post interval in seconds: 600
- max records in a post: 100
- max db records: 500
- disable sender: true
[2024-11-13 12:48:11,903] [13   ] [INFO ] [] - Shutting down the metrics collector
[2024-11-13 12:58:11,884] [14   ] [INFO ] [] - Initializing the metrics collector
[2024-11-13 12:58:11,887] [14   ] [INFO ] [] - MetricsCollector::Sender(49): _disableSentMetrics 1
[2024-11-13 12:58:11,887] [14   ] [INFO ] [] - MetricsCollector::Initialize(231): Initialized metrics collector
- session id: e232ff9c-70f6-4dd4-9a02-821953672f77
- device id: 4ca35884-a93a-48fc-ad16-80b2a90aa32e
- application id: Box Tools Win exe
- application name: BoxTools
- application version: 4.26.1.1109
- metric collection url: https://client-log.box.com/index.php?rm=box_gen204_json_record
- metric data path: C:\Users\pcedillo\AppData\Local\Box\Box Tools\Metrics\BoxTools_Metrics.db
- post callback: 05485C06
- log callback: 05485CF6
- context: 00000000
- post interval in seconds: 600
- max records in a post: 100
- max db records: 500
- disable sender: true
[2024-11-13 12:58:11,900] [14   ] [INFO ] [] - Shutting down the metrics collector
[2024-11-13 13:08:11,787] [18   ] [INFO ] [] - Initializing the metrics collector
[2024-11-13 13:08:11,787] [18   ] [INFO ] [] - MetricsCollector::Sender(49): _disableSentMetrics 1
[2024-11-13 13:08:11,787] [18   ] [INFO ] [] - MetricsCollector::Initialize(231): Initialized metrics collector
- session id: e232ff9c-70f6-4dd4-9a02-821953672f77
- device id: 4ca35884-a93a-48fc-ad16-80b2a90aa32e
- application id: Box Tools Win exe
- application name: BoxTools
- application version: 4.26.1.1109
- metric collection url: https://client-log.box.com/index.php?rm=box_gen204_json_record
- metric data path: C:\Users\pcedillo\AppData\Local\Box\Box Tools\Metrics\BoxTools_Metrics.db
- post callback: 05485C06
- log callback: 05485CF6
- context: 00000000
- post interval in seconds: 600
- max records in a post: 100
- max db records: 500
- disable sender: true
[2024-11-13 13:08:11,795] [18   ] [INFO ] [] - Shutting down the metrics collector
[2024-11-13 13:18:11,708] [8    ] [INFO ] [] - Initializing the metrics collector
[2024-11-13 13:18:11,708] [8    ] [INFO ] [] - MetricsCollector::Sender(49): _disableSentMetrics 1
[2024-11-13 13:18:11,708] [8    ] [INFO ] [] - MetricsCollector::Initialize(231): Initialized metrics collector
- session id: e232ff9c-70f6-4dd4-9a02-821953672f77
- device id: 4ca35884-a93a-48fc-ad16-80b2a90aa32e
- application id: Box Tools Win exe
- application name: BoxTools
- application version: 4.26.1.1109
- metric collection url: https://client-log.box.com/index.php?rm=box_gen204_json_record
- metric data path: C:\Users\pcedillo\AppData\Local\Box\Box Tools\Metrics\BoxTools_Metrics.db
- post callback: 05485C06
- log callback: 05485CF6
- context: 00000000
- post interval in seconds: 600
- max records in a post: 100
- max db records: 500
- disable sender: true
[2024-11-13 13:18:11,723] [8    ] [INFO ] [] - Shutting down the metrics collector
[2024-11-13 13:28:11,679] [15   ] [INFO ] [] - Initializing the metrics collector
[2024-11-13 13:28:11,682] [15   ] [INFO ] [] - MetricsCollector::Sender(49): _disableSentMetrics 1
[2024-11-13 13:28:11,682] [15   ] [INFO ] [] - MetricsCollector::Initialize(231): Initialized metrics collector
- session id: e232ff9c-70f6-4dd4-9a02-821953672f77
- device id: 4ca35884-a93a-48fc-ad16-80b2a90aa32e
- application id: Box Tools Win exe
- application name: BoxTools
- application version: 4.26.1.1109
- metric collection url: https://client-log.box.com/index.php?rm=box_gen204_json_record
- metric data path: C:\Users\pcedillo\AppData\Local\Box\Box Tools\Metrics\BoxTools_Metrics.db
- post callback: 05485C06
- log callback: 05485CF6
- context: 00000000
- post interval in seconds: 600
- max records in a post: 100
- max db records: 500
- disable sender: true
[2024-11-13 13:28:11,696] [15   ] [INFO ] [] - Shutting down the metrics collector
[2024-11-13 13:38:11,672] [17   ] [INFO ] [] - Initializing the metrics collector
[2024-11-13 13:38:11,672] [17   ] [INFO ] [] - MetricsCollector::Sender(49): _disableSentMetrics 1
[2024-11-13 13:38:11,672] [17   ] [INFO ] [] - MetricsCollector::Initialize(231): Initialized metrics collector
- session id: e232ff9c-70f6-4dd4-9a02-821953672f77
- device id: 4ca35884-a93a-48fc-ad16-80b2a90aa32e
- application id: Box Tools Win exe
- application name: BoxTools
- application version: 4.26.1.1109
- metric collection url: https://client-log.box.com/index.php?rm=box_gen204_json_record
- metric data path: C:\Users\pcedillo\AppData\Local\Box\Box Tools\Metrics\BoxTools_Metrics.db
- post callback: 05485C06
- log callback: 05485CF6
- context: 00000000
- post interval in seconds: 600
- max records in a post: 100
- max db records: 500
- disable sender: true
[2024-11-13 13:38:11,681] [17   ] [INFO ] [] - Shutting down the metrics collector
[2024-11-13 13:48:11,661] [16   ] [INFO ] [] - Initializing the metrics collector
[2024-11-13 13:48:11,661] [16   ] [INFO ] [] - MetricsCollector::Sender(49): _disableSentMetrics 1
[2024-11-13 13:48:11,672] [16   ] [INFO ] [] - MetricsCollector::Initialize(231): Initialized metrics collector
- session id: e232ff9c-70f6-4dd4-9a02-821953672f77
- device id: 4ca35884-a93a-48fc-ad16-80b2a90aa32e
- application id: Box Tools Win exe
- application name: BoxTools
- application version: 4.26.1.1109
- metric collection url: https://client-log.box.com/index.php?rm=box_gen204_json_record
- metric data path: C:\Users\pcedillo\AppData\Local\Box\Box Tools\Metrics\BoxTools_Metrics.db
- post callback: 05485C06
- log callback: 05485CF6
- context: 00000000
- post interval in seconds: 600
- max records in a post: 100
- max db records: 500
- disable sender: true
[2024-11-13 13:48:11,677] [16   ] [INFO ] [] - Shutting down the metrics collector
[2024-11-13 13:58:11,667] [28   ] [INFO ] [] - Initializing the metrics collector
[2024-11-13 13:58:11,668] [28   ] [INFO ] [] - MetricsCollector::Sender(49): _disableSentMetrics 1
[2024-11-13 13:58:11,668] [28   ] [INFO ] [] - MetricsCollector::Initialize(231): Initialized metrics collector
- session id: e232ff9c-70f6-4dd4-9a02-821953672f77
- device id: 4ca35884-a93a-48fc-ad16-80b2a90aa32e
- application id: Box Tools Win exe
- application name: BoxTools
- application version: 4.26.1.1109
- metric collection url: https://client-log.box.com/index.php?rm=box_gen204_json_record
- metric data path: C:\Users\pcedillo\AppData\Local\Box\Box Tools\Metrics\BoxTools_Metrics.db
- post callback: 05485C06
- log callback: 05485CF6
- context: 00000000
- post interval in seconds: 600
- max records in a post: 100
- max db records: 500
- disable sender: true
[2024-11-13 13:58:11,685] [28   ] [INFO ] [] - Shutting down the metrics collector
[2024-11-13 14:08:11,672] [25   ] [INFO ] [] - Initializing the metrics collector
[2024-11-13 14:08:11,672] [25   ] [INFO ] [] - MetricsCollector::Sender(49): _disableSentMetrics 1
[2024-11-13 14:08:11,672] [25   ] [INFO ] [] - MetricsCollector::Initialize(231): Initialized metrics collector
- session id: e232ff9c-70f6-4dd4-9a02-821953672f77
- device id: 4ca35884-a93a-48fc-ad16-80b2a90aa32e
- application id: Box Tools Win exe
- application name: BoxTools
- application version: 4.26.1.1109
- metric collection url: https://client-log.box.com/index.php?rm=box_gen204_json_record
- metric data path: C:\Users\pcedillo\AppData\Local\Box\Box Tools\Metrics\BoxTools_Metrics.db
- post callback: 05485C06
- log callback: 05485CF6
- context: 00000000
- post interval in seconds: 600
- max records in a post: 100
- max db records: 500
- disable sender: true
[2024-11-13 14:08:11,680] [25   ] [INFO ] [] - Shutting down the metrics collector
[2024-11-13 14:18:11,532] [29   ] [INFO ] [] - Initializing the metrics collector
[2024-11-13 14:18:11,538] [29   ] [INFO ] [] - MetricsCollector::Sender(49): _disableSentMetrics 1
[2024-11-13 14:18:11,538] [29   ] [INFO ] [] - MetricsCollector::Initialize(231): Initialized metrics collector
- session id: e232ff9c-70f6-4dd4-9a02-821953672f77
- device id: 4ca35884-a93a-48fc-ad16-80b2a90aa32e
- application id: Box Tools Win exe
- application name: BoxTools
- application version: 4.26.1.1109
- metric collection url: https://client-log.box.com/index.php?rm=box_gen204_json_record
- metric data path: C:\Users\pcedillo\AppData\Local\Box\Box Tools\Metrics\BoxTools_Metrics.db
- post callback: 05485C06
- log callback: 05485CF6
- context: 00000000
- post interval in seconds: 600
- max records in a post: 100
- max db records: 500
- disable sender: true
[2024-11-13 14:18:11,542] [29   ] [INFO ] [] - Shutting down the metrics collector
[2024-11-13 14:28:11,455] [7    ] [INFO ] [] - Initializing the metrics collector
[2024-11-13 14:28:11,455] [7    ] [INFO ] [] - MetricsCollector::Sender(49): _disableSentMetrics 1
[2024-11-13 14:28:11,455] [7    ] [INFO ] [] - MetricsCollector::Initialize(231): Initialized metrics collector
- session id: e232ff9c-70f6-4dd4-9a02-821953672f77
- device id: 4ca35884-a93a-48fc-ad16-80b2a90aa32e
- application id: Box Tools Win exe
- application name: BoxTools
- application version: 4.26.1.1109
- metric collection url: https://client-log.box.com/index.php?rm=box_gen204_json_record
- metric data path: C:\Users\pcedillo\AppData\Local\Box\Box Tools\Metrics\BoxTools_Metrics.db
- post callback: 05485C06
- log callback: 05485CF6
- context: 00000000
- post interval in seconds: 600
- max records in a post: 100
- max db records: 500
- disable sender: true
[2024-11-13 14:28:11,470] [7    ] [INFO ] [] - Shutting down the metrics collector
[2024-11-13 14:38:11,415] [11   ] [INFO ] [] - Initializing the metrics collector
[2024-11-13 14:38:11,415] [11   ] [INFO ] [] - MetricsCollector::Sender(49): _disableSentMetrics 1
[2024-11-13 14:38:11,415] [11   ] [INFO ] [] - MetricsCollector::Initialize(231): Initialized metrics collector
- session id: e232ff9c-70f6-4dd4-9a02-821953672f77
- device id: 4ca35884-a93a-48fc-ad16-80b2a90aa32e
- application id: Box Tools Win exe
- application name: BoxTools
- application version: 4.26.1.1109
- metric collection url: https://client-log.box.com/index.php?rm=box_gen204_json_record
- metric data path: C:\Users\pcedillo\AppData\Local\Box\Box Tools\Metrics\BoxTools_Metrics.db
- post callback: 05485C06
- log callback: 05485CF6
- context: 00000000
- post interval in seconds: 600
- max records in a post: 100
- max db records: 500
- disable sender: true
[2024-11-13 14:38:11,431] [11   ] [INFO ] [] - Shutting down the metrics collector
[2024-11-13 14:48:11,391] [9    ] [INFO ] [] - Initializing the metrics collector
[2024-11-13 14:48:11,391] [9    ] [INFO ] [] - MetricsCollector::Sender(49): _disableSentMetrics 1
[2024-11-13 14:48:11,391] [9    ] [INFO ] [] - MetricsCollector::Initialize(231): Initialized metrics collector
- session id: e232ff9c-70f6-4dd4-9a02-821953672f77
- device id: 4ca35884-a93a-48fc-ad16-80b2a90aa32e
- application id: Box Tools Win exe
- application name: BoxTools
- application version: 4.26.1.1109
- metric collection url: https://client-log.box.com/index.php?rm=box_gen204_json_record
- metric data path: C:\Users\pcedillo\AppData\Local\Box\Box Tools\Metrics\BoxTools_Metrics.db
- post callback: 05485C06
- log callback: 05485CF6
- context: 00000000
- post interval in seconds: 600
- max records in a post: 100
- max db records: 500
- disable sender: true
[2024-11-13 14:48:11,407] [9    ] [INFO ] [] - Shutting down the metrics collector
[2024-11-13 14:58:11,400] [12   ] [INFO ] [] - Initializing the metrics collector
[2024-11-13 14:58:11,415] [12   ] [INFO ] [] - MetricsCollector::Sender(49): _disableSentMetrics 1
[2024-11-13 14:58:11,415] [12   ] [INFO ] [] - MetricsCollector::Initialize(231): Initialized metrics collector
- session id: e232ff9c-70f6-4dd4-9a02-821953672f77
- device id: 4ca35884-a93a-48fc-ad16-80b2a90aa32e
- application id: Box Tools Win exe
- application name: BoxTools
- application version: 4.26.1.1109
- metric collection url: https://client-log.box.com/index.php?rm=box_gen204_json_record
- metric data path: C:\Users\pcedillo\AppData\Local\Box\Box Tools\Metrics\BoxTools_Metrics.db
- post callback: 05485C06
- log callback: 05485CF6
- context: 00000000
- post interval in seconds: 600
- max records in a post: 100
- max db records: 500
- disable sender: true
[2024-11-13 14:58:11,431] [12   ] [INFO ] [] - Shutting down the metrics collector
[2024-11-13 15:08:11,384] [30   ] [INFO ] [] - Initializing the metrics collector
[2024-11-13 15:08:11,389] [30   ] [INFO ] [] - MetricsCollector::Sender(49): _disableSentMetrics 1
[2024-11-13 15:08:11,389] [30   ] [INFO ] [] - MetricsCollector::Initialize(231): Initialized metrics collector
- session id: e232ff9c-70f6-4dd4-9a02-821953672f77
- device id: 4ca35884-a93a-48fc-ad16-80b2a90aa32e
- application id: Box Tools Win exe
- application name: BoxTools
- application version: 4.26.1.1109
- metric collection url: https://client-log.box.com/index.php?rm=box_gen204_json_record
- metric data path: C:\Users\pcedillo\AppData\Local\Box\Box Tools\Metrics\BoxTools_Metrics.db
- post callback: 05485C06
- log callback: 05485CF6
- context: 00000000
- post interval in seconds: 600
- max records in a post: 100
- max db records: 500
- disable sender: true
[2024-11-13 15:08:11,399] [30   ] [INFO ] [] - Shutting down the metrics collector
[2024-11-13 15:18:11,377] [31   ] [INFO ] [] - Initializing the metrics collector
[2024-11-13 15:18:11,377] [31   ] [INFO ] [] - MetricsCollector::Sender(49): _disableSentMetrics 1
[2024-11-13 15:18:11,377] [31   ] [INFO ] [] - MetricsCollector::Initialize(231): Initialized metrics collector
- session id: e232ff9c-70f6-4dd4-9a02-821953672f77
- device id: 4ca35884-a93a-48fc-ad16-80b2a90aa32e
- application id: Box Tools Win exe
- application name: BoxTools
- application version: 4.26.1.1109
- metric collection url: https://client-log.box.com/index.php?rm=box_gen204_json_record
- metric data path: C:\Users\pcedillo\AppData\Local\Box\Box Tools\Metrics\BoxTools_Metrics.db
- post callback: 05485C06
- log callback: 05485CF6
- context: 00000000
- post interval in seconds: 600
- max records in a post: 100
- max db records: 500
- disable sender: true
[2024-11-13 15:18:11,393] [31   ] [INFO ] [] - Shutting down the metrics collector
[2024-11-13 15:28:11,244] [32   ] [INFO ] [] - Initializing the metrics collector
[2024-11-13 15:28:11,255] [32   ] [INFO ] [] - MetricsCollector::Sender(49): _disableSentMetrics 1
[2024-11-13 15:28:11,255] [32   ] [INFO ] [] - MetricsCollector::Initialize(231): Initialized metrics collector
- session id: e232ff9c-70f6-4dd4-9a02-821953672f77
- device id: 4ca35884-a93a-48fc-ad16-80b2a90aa32e
- application id: Box Tools Win exe
- application name: BoxTools
- application version: 4.26.1.1109
- metric collection url: https://client-log.box.com/index.php?rm=box_gen204_json_record
- metric data path: C:\Users\pcedillo\AppData\Local\Box\Box Tools\Metrics\BoxTools_Metrics.db
- post callback: 05485C06
- log callback: 05485CF6
- context: 00000000
- post interval in seconds: 600
- max records in a post: 100
- max db records: 500
- disable sender: true
[2024-11-13 15:28:11,261] [32   ] [INFO ] [] - Shutting down the metrics collector
[2024-11-13 15:38:11,170] [33   ] [INFO ] [] - Initializing the metrics collector
[2024-11-13 15:38:11,182] [33   ] [INFO ] [] - MetricsCollector::Sender(49): _disableSentMetrics 1
[2024-11-13 15:38:11,184] [33   ] [INFO ] [] - MetricsCollector::Initialize(231): Initialized metrics collector
- session id: e232ff9c-70f6-4dd4-9a02-821953672f77
- device id: 4ca35884-a93a-48fc-ad16-80b2a90aa32e
- application id: Box Tools Win exe
- application name: BoxTools
- application version: 4.26.1.1109
- metric collection url: https://client-log.box.com/index.php?rm=box_gen204_json_record
- metric data path: C:\Users\pcedillo\AppData\Local\Box\Box Tools\Metrics\BoxTools_Metrics.db
- post callback: 05485C06
- log callback: 05485CF6
- context: 00000000
- post interval in seconds: 600
- max records in a post: 100
- max db records: 500
- disable sender: true
[2024-11-13 15:38:11,193] [33   ] [INFO ] [] - Shutting down the metrics collector
[2024-11-13 15:48:11,149] [34   ] [INFO ] [] - Initializing the metrics collector
[2024-11-13 15:48:11,149] [34   ] [INFO ] [] - MetricsCollector::Sender(49): _disableSentMetrics 1
[2024-11-13 15:48:11,149] [34   ] [INFO ] [] - MetricsCollector::Initialize(231): Initialized metrics collector
- session id: e232ff9c-70f6-4dd4-9a02-821953672f77
- device id: 4ca35884-a93a-48fc-ad16-80b2a90aa32e
- application id: Box Tools Win exe
- application name: BoxTools
- application version: 4.26.1.1109
- metric collection url: https://client-log.box.com/index.php?rm=box_gen204_json_record
- metric data path: C:\Users\pcedillo\AppData\Local\Box\Box Tools\Metrics\BoxTools_Metrics.db
- post callback: 05485C06
- log callback: 05485CF6
- context: 00000000
- post interval in seconds: 600
- max records in a post: 100
- max db records: 500
- disable sender: true
[2024-11-13 15:48:11,170] [34   ] [INFO ] [] - Shutting down the metrics collector
[2024-11-13 15:58:11,128] [35   ] [INFO ] [] - Initializing the metrics collector
[2024-11-13 15:58:11,144] [35   ] [INFO ] [] - MetricsCollector::Sender(49): _disableSentMetrics 1
[2024-11-13 15:58:11,144] [35   ] [INFO ] [] - MetricsCollector::Initialize(231): Initialized metrics collector
- session id: e232ff9c-70f6-4dd4-9a02-821953672f77
- device id: 4ca35884-a93a-48fc-ad16-80b2a90aa32e
- application id: Box Tools Win exe
- application name: BoxTools
- application version: 4.26.1.1109
- metric collection url: https://client-log.box.com/index.php?rm=box_gen204_json_record
- metric data path: C:\Users\pcedillo\AppData\Local\Box\Box Tools\Metrics\BoxTools_Metrics.db
- post callback: 05485C06
- log callback: 05485CF6
- context: 00000000
- post interval in seconds: 600
- max records in a post: 100
- max db records: 500
- disable sender: true
[2024-11-13 15:58:11,144] [35   ] [INFO ] [] - Shutting down the metrics collector
[2024-11-13 16:08:11,118] [36   ] [INFO ] [] - Initializing the metrics collector
[2024-11-13 16:08:11,118] [36   ] [INFO ] [] - MetricsCollector::Sender(49): _disableSentMetrics 1
[2024-11-13 16:08:11,118] [36   ] [INFO ] [] - MetricsCollector::Initialize(231): Initialized metrics collector
- session id: e232ff9c-70f6-4dd4-9a02-821953672f77
- device id: 4ca35884-a93a-48fc-ad16-80b2a90aa32e
- application id: Box Tools Win exe
- application name: BoxTools
- application version: 4.26.1.1109
- metric collection url: https://client-log.box.com/index.php?rm=box_gen204_json_record
- metric data path: C:\Users\pcedillo\AppData\Local\Box\Box Tools\Metrics\BoxTools_Metrics.db
- post callback: 05485C06
- log callback: 05485CF6
- context: 00000000
- post interval in seconds: 600
- max records in a post: 100
- max db records: 500
- disable sender: true
[2024-11-13 16:08:11,135] [36   ] [INFO ] [] - Shutting down the metrics collector
[2024-11-13 16:18:11,121] [37   ] [INFO ] [] - Initializing the metrics collector
[2024-11-13 16:18:11,129] [37   ] [INFO ] [] - MetricsCollector::Sender(49): _disableSentMetrics 1
[2024-11-13 16:18:11,129] [37   ] [INFO ] [] - MetricsCollector::Initialize(231): Initialized metrics collector
- session id: e232ff9c-70f6-4dd4-9a02-821953672f77
- device id: 4ca35884-a93a-48fc-ad16-80b2a90aa32e
- application id: Box Tools Win exe
- application name: BoxTools
- application version: 4.26.1.1109
- metric collection url: https://client-log.box.com/index.php?rm=box_gen204_json_record
- metric data path: C:\Users\pcedillo\AppData\Local\Box\Box Tools\Metrics\BoxTools_Metrics.db
- post callback: 05485C06
- log callback: 05485CF6
- context: 00000000
- post interval in seconds: 600
- max records in a post: 100
- max db records: 500
- disable sender: true
[2024-11-13 16:18:11,138] [37   ] [INFO ] [] - Shutting down the metrics collector
[2024-11-13 16:28:11,091] [38   ] [INFO ] [] - Initializing the metrics collector
[2024-11-13 16:28:11,091] [38   ] [INFO ] [] - MetricsCollector::Sender(49): _disableSentMetrics 1
[2024-11-13 16:28:11,091] [38   ] [INFO ] [] - MetricsCollector::Initialize(231): Initialized metrics collector
- session id: e232ff9c-70f6-4dd4-9a02-821953672f77
- device id: 4ca35884-a93a-48fc-ad16-80b2a90aa32e
- application id: Box Tools Win exe
- application name: BoxTools
- application version: 4.26.1.1109
- metric collection url: https://client-log.box.com/index.php?rm=box_gen204_json_record
- metric data path: C:\Users\pcedillo\AppData\Local\Box\Box Tools\Metrics\BoxTools_Metrics.db
- post callback: 05485C06
- log callback: 05485CF6
- context: 00000000
- post interval in seconds: 600
- max records in a post: 100
- max db records: 500
- disable sender: true
[2024-11-13 16:28:11,106] [38   ] [INFO ] [] - Shutting down the metrics collector
[2024-11-13 16:38:11,003] [39   ] [INFO ] [] - Initializing the metrics collector
[2024-11-13 16:38:11,003] [39   ] [INFO ] [] - MetricsCollector::Sender(49): _disableSentMetrics 1
[2024-11-13 16:38:11,003] [39   ] [INFO ] [] - MetricsCollector::Initialize(231): Initialized metrics collector
- session id: e232ff9c-70f6-4dd4-9a02-821953672f77
- device id: 4ca35884-a93a-48fc-ad16-80b2a90aa32e
- application id: Box Tools Win exe
- application name: BoxTools
- application version: 4.26.1.1109
- metric collection url: https://client-log.box.com/index.php?rm=box_gen204_json_record
- metric data path: C:\Users\pcedillo\AppData\Local\Box\Box Tools\Metrics\BoxTools_Metrics.db
- post callback: 05485C06
- log callback: 05485CF6
- context: 00000000
- post interval in seconds: 600
- max records in a post: 100
- max db records: 500
- disable sender: true
[2024-11-13 16:38:11,026] [39   ] [INFO ] [] - Shutting down the metrics collector
[2024-11-13 16:48:10,953] [40   ] [INFO ] [] - Initializing the metrics collector
[2024-11-13 16:48:10,968] [40   ] [INFO ] [] - MetricsCollector::Sender(49): _disableSentMetrics 1
[2024-11-13 16:48:10,968] [40   ] [INFO ] [] - MetricsCollector::Initialize(231): Initialized metrics collector
- session id: e232ff9c-70f6-4dd4-9a02-821953672f77
- device id: 4ca35884-a93a-48fc-ad16-80b2a90aa32e
- application id: Box Tools Win exe
- application name: BoxTools
- application version: 4.26.1.1109
- metric collection url: https://client-log.box.com/index.php?rm=box_gen204_json_record
- metric data path: C:\Users\pcedillo\AppData\Local\Box\Box Tools\Metrics\BoxTools_Metrics.db
- post callback: 05485C06
- log callback: 05485CF6
- context: 00000000
- post interval in seconds: 600
- max records in a post: 100
- max db records: 500
- disable sender: true
[2024-11-13 16:48:10,985] [40   ] [INFO ] [] - Shutting down the metrics collector
