[2025-05-13 09:05:59,842] [43   ] [INFO ] [] - Initializing the metrics collector
[2025-05-13 09:05:59,939] [43   ] [INFO ] [] - MetricsCollector::Sender(49): _disableSentMetrics 1
[2025-05-13 09:05:59,941] [43   ] [INFO ] [] - MetricsCollector::Initialize(231): Initialized metrics collector
- session id: d24a9342-5ca6-49b8-b791-21820418c456
- device id: 4ca35884-a93a-48fc-ad16-80b2a90aa32e
- application id: Box Tools Win exe
- application name: BoxTools
- application version: 4.28.1.1163
- metric collection url: https://client-log.box.com/index.php?rm=box_gen204_json_record
- metric data path: C:\Users\pcedillo\AppData\Local\Box\Box Tools\Metrics\BoxTools_Metrics_EFD61745.db
- post callback: 05945A26
- log callback: 05945A9E
- context: 00000000
- post interval in seconds: 600
- max records in a post: 100
- max db records: 500
- disable sender: true
[2025-05-13 09:06:00,057] [43   ] [INFO ] [] - Shutting down the metrics collector
[2025-05-13 09:15:59,288] [43   ] [INFO ] [] - Initializing the metrics collector
[2025-05-13 09:15:59,309] [43   ] [INFO ] [] - MetricsCollector::Sender(49): _disableSentMetrics 1
[2025-05-13 09:15:59,311] [43   ] [INFO ] [] - MetricsCollector::Initialize(231): Initialized metrics collector
- session id: d24a9342-5ca6-49b8-b791-21820418c456
- device id: 4ca35884-a93a-48fc-ad16-80b2a90aa32e
- application id: Box Tools Win exe
- application name: BoxTools
- application version: 4.28.1.1163
- metric collection url: https://client-log.box.com/index.php?rm=box_gen204_json_record
- metric data path: C:\Users\pcedillo\AppData\Local\Box\Box Tools\Metrics\BoxTools_Metrics_EFD61745.db
- post callback: 05945A26
- log callback: 05945A9E
- context: 00000000
- post interval in seconds: 600
- max records in a post: 100
- max db records: 500
- disable sender: true
[2025-05-13 09:15:59,344] [43   ] [INFO ] [] - Shutting down the metrics collector
[2025-05-13 09:25:59,257] [7    ] [INFO ] [] - Initializing the metrics collector
[2025-05-13 09:25:59,301] [7    ] [INFO ] [] - MetricsCollector::Sender(49): _disableSentMetrics 1
[2025-05-13 09:25:59,304] [7    ] [INFO ] [] - MetricsCollector::Initialize(231): Initialized metrics collector
- session id: d24a9342-5ca6-49b8-b791-21820418c456
- device id: 4ca35884-a93a-48fc-ad16-80b2a90aa32e
- application id: Box Tools Win exe
- application name: BoxTools
- application version: 4.28.1.1163
- metric collection url: https://client-log.box.com/index.php?rm=box_gen204_json_record
- metric data path: C:\Users\pcedillo\AppData\Local\Box\Box Tools\Metrics\BoxTools_Metrics_EFD61745.db
- post callback: 05945A26
- log callback: 05945A9E
- context: 00000000
- post interval in seconds: 600
- max records in a post: 100
- max db records: 500
- disable sender: true
[2025-05-13 09:25:59,351] [7    ] [INFO ] [] - Shutting down the metrics collector
[2025-05-13 09:35:59,267] [43   ] [INFO ] [] - Initializing the metrics collector
[2025-05-13 09:35:59,277] [43   ] [INFO ] [] - MetricsCollector::Sender(49): _disableSentMetrics 1
[2025-05-13 09:35:59,277] [43   ] [INFO ] [] - MetricsCollector::Initialize(231): Initialized metrics collector
- session id: d24a9342-5ca6-49b8-b791-21820418c456
- device id: 4ca35884-a93a-48fc-ad16-80b2a90aa32e
- application id: Box Tools Win exe
- application name: BoxTools
- application version: 4.28.1.1163
- metric collection url: https://client-log.box.com/index.php?rm=box_gen204_json_record
- metric data path: C:\Users\pcedillo\AppData\Local\Box\Box Tools\Metrics\BoxTools_Metrics_EFD61745.db
- post callback: 05945A26
- log callback: 05945A9E
- context: 00000000
- post interval in seconds: 600
- max records in a post: 100
- max db records: 500
- disable sender: true
[2025-05-13 09:35:59,287] [43   ] [INFO ] [] - Shutting down the metrics collector
[2025-05-13 09:45:59,226] [12   ] [INFO ] [] - Initializing the metrics collector
[2025-05-13 09:45:59,240] [12   ] [INFO ] [] - MetricsCollector::Sender(49): _disableSentMetrics 1
[2025-05-13 09:45:59,240] [12   ] [INFO ] [] - MetricsCollector::Initialize(231): Initialized metrics collector
- session id: d24a9342-5ca6-49b8-b791-21820418c456
- device id: 4ca35884-a93a-48fc-ad16-80b2a90aa32e
- application id: Box Tools Win exe
- application name: BoxTools
- application version: 4.28.1.1163
- metric collection url: https://client-log.box.com/index.php?rm=box_gen204_json_record
- metric data path: C:\Users\pcedillo\AppData\Local\Box\Box Tools\Metrics\BoxTools_Metrics_EFD61745.db
- post callback: 05945A26
- log callback: 05945A9E
- context: 00000000
- post interval in seconds: 600
- max records in a post: 100
- max db records: 500
- disable sender: true
[2025-05-13 09:45:59,257] [12   ] [INFO ] [] - Shutting down the metrics collector
[2025-05-13 09:55:59,219] [61   ] [INFO ] [] - Initializing the metrics collector
[2025-05-13 09:55:59,233] [61   ] [INFO ] [] - MetricsCollector::Sender(49): _disableSentMetrics 1
[2025-05-13 09:55:59,233] [61   ] [INFO ] [] - MetricsCollector::Initialize(231): Initialized metrics collector
- session id: d24a9342-5ca6-49b8-b791-21820418c456
- device id: 4ca35884-a93a-48fc-ad16-80b2a90aa32e
- application id: Box Tools Win exe
- application name: BoxTools
- application version: 4.28.1.1163
- metric collection url: https://client-log.box.com/index.php?rm=box_gen204_json_record
- metric data path: C:\Users\pcedillo\AppData\Local\Box\Box Tools\Metrics\BoxTools_Metrics_EFD61745.db
- post callback: 05945A26
- log callback: 05945A9E
- context: 00000000
- post interval in seconds: 600
- max records in a post: 100
- max db records: 500
- disable sender: true
[2025-05-13 09:55:59,242] [61   ] [INFO ] [] - Shutting down the metrics collector
[2025-05-13 10:05:59,221] [15   ] [INFO ] [] - Initializing the metrics collector
[2025-05-13 10:05:59,236] [15   ] [INFO ] [] - MetricsCollector::Sender(49): _disableSentMetrics 1
[2025-05-13 10:05:59,237] [15   ] [INFO ] [] - MetricsCollector::Initialize(231): Initialized metrics collector
- session id: d24a9342-5ca6-49b8-b791-21820418c456
- device id: 4ca35884-a93a-48fc-ad16-80b2a90aa32e
- application id: Box Tools Win exe
- application name: BoxTools
- application version: 4.28.1.1163
- metric collection url: https://client-log.box.com/index.php?rm=box_gen204_json_record
- metric data path: C:\Users\pcedillo\AppData\Local\Box\Box Tools\Metrics\BoxTools_Metrics_EFD61745.db
- post callback: 05945A26
- log callback: 05945A9E
- context: 00000000
- post interval in seconds: 600
- max records in a post: 100
- max db records: 500
- disable sender: true
[2025-05-13 10:05:59,247] [15   ] [INFO ] [] - Shutting down the metrics collector
[2025-05-13 10:15:59,192] [62   ] [INFO ] [] - Initializing the metrics collector
[2025-05-13 10:15:59,199] [62   ] [INFO ] [] - MetricsCollector::Sender(49): _disableSentMetrics 1
[2025-05-13 10:15:59,199] [62   ] [INFO ] [] - MetricsCollector::Initialize(231): Initialized metrics collector
- session id: d24a9342-5ca6-49b8-b791-21820418c456
- device id: 4ca35884-a93a-48fc-ad16-80b2a90aa32e
- application id: Box Tools Win exe
- application name: BoxTools
- application version: 4.28.1.1163
- metric collection url: https://client-log.box.com/index.php?rm=box_gen204_json_record
- metric data path: C:\Users\pcedillo\AppData\Local\Box\Box Tools\Metrics\BoxTools_Metrics_EFD61745.db
- post callback: 05945A26
- log callback: 05945A9E
- context: 00000000
- post interval in seconds: 600
- max records in a post: 100
- max db records: 500
- disable sender: true
[2025-05-13 10:15:59,208] [62   ] [INFO ] [] - Shutting down the metrics collector
[2025-05-13 10:25:59,192] [7    ] [INFO ] [] - Initializing the metrics collector
[2025-05-13 10:25:59,205] [7    ] [INFO ] [] - MetricsCollector::Sender(49): _disableSentMetrics 1
[2025-05-13 10:25:59,205] [7    ] [INFO ] [] - MetricsCollector::Initialize(231): Initialized metrics collector
- session id: d24a9342-5ca6-49b8-b791-21820418c456
- device id: 4ca35884-a93a-48fc-ad16-80b2a90aa32e
- application id: Box Tools Win exe
- application name: BoxTools
- application version: 4.28.1.1163
- metric collection url: https://client-log.box.com/index.php?rm=box_gen204_json_record
- metric data path: C:\Users\pcedillo\AppData\Local\Box\Box Tools\Metrics\BoxTools_Metrics_EFD61745.db
- post callback: 05945A26
- log callback: 05945A9E
- context: 00000000
- post interval in seconds: 600
- max records in a post: 100
- max db records: 500
- disable sender: true
[2025-05-13 10:25:59,217] [7    ] [INFO ] [] - Shutting down the metrics collector
[2025-05-13 10:35:59,176] [61   ] [INFO ] [] - Initializing the metrics collector
[2025-05-13 10:35:59,191] [61   ] [INFO ] [] - MetricsCollector::Sender(49): _disableSentMetrics 1
[2025-05-13 10:35:59,191] [61   ] [INFO ] [] - MetricsCollector::Initialize(231): Initialized metrics collector
- session id: d24a9342-5ca6-49b8-b791-21820418c456
- device id: 4ca35884-a93a-48fc-ad16-80b2a90aa32e
- application id: Box Tools Win exe
- application name: BoxTools
- application version: 4.28.1.1163
- metric collection url: https://client-log.box.com/index.php?rm=box_gen204_json_record
- metric data path: C:\Users\pcedillo\AppData\Local\Box\Box Tools\Metrics\BoxTools_Metrics_EFD61745.db
- post callback: 05945A26
- log callback: 05945A9E
- context: 00000000
- post interval in seconds: 600
- max records in a post: 100
- max db records: 500
- disable sender: true
[2025-05-13 10:35:59,204] [61   ] [INFO ] [] - Shutting down the metrics collector
[2025-05-13 10:45:59,164] [61   ] [INFO ] [] - Initializing the metrics collector
[2025-05-13 10:45:59,186] [61   ] [INFO ] [] - MetricsCollector::Sender(49): _disableSentMetrics 1
[2025-05-13 10:45:59,188] [61   ] [INFO ] [] - MetricsCollector::Initialize(231): Initialized metrics collector
- session id: d24a9342-5ca6-49b8-b791-21820418c456
- device id: 4ca35884-a93a-48fc-ad16-80b2a90aa32e
- application id: Box Tools Win exe
- application name: BoxTools
- application version: 4.28.1.1163
- metric collection url: https://client-log.box.com/index.php?rm=box_gen204_json_record
- metric data path: C:\Users\pcedillo\AppData\Local\Box\Box Tools\Metrics\BoxTools_Metrics_EFD61745.db
- post callback: 05945A26
- log callback: 05945A9E
- context: 00000000
- post interval in seconds: 600
- max records in a post: 100
- max db records: 500
- disable sender: true
[2025-05-13 10:45:59,196] [61   ] [INFO ] [] - Shutting down the metrics collector
[2025-05-13 10:55:59,185] [7    ] [INFO ] [] - Initializing the metrics collector
[2025-05-13 10:55:59,201] [7    ] [INFO ] [] - MetricsCollector::Sender(49): _disableSentMetrics 1
[2025-05-13 10:55:59,201] [7    ] [INFO ] [] - MetricsCollector::Initialize(231): Initialized metrics collector
- session id: d24a9342-5ca6-49b8-b791-21820418c456
- device id: 4ca35884-a93a-48fc-ad16-80b2a90aa32e
- application id: Box Tools Win exe
- application name: BoxTools
- application version: 4.28.1.1163
- metric collection url: https://client-log.box.com/index.php?rm=box_gen204_json_record
- metric data path: C:\Users\pcedillo\AppData\Local\Box\Box Tools\Metrics\BoxTools_Metrics_EFD61745.db
- post callback: 05945A26
- log callback: 05945A9E
- context: 00000000
- post interval in seconds: 600
- max records in a post: 100
- max db records: 500
- disable sender: true
[2025-05-13 10:55:59,222] [7    ] [INFO ] [] - Shutting down the metrics collector
[2025-05-13 11:04:40,533] [62   ] [INFO ] [] - Scheduling next upgrade check: Delay
[2025-05-13 11:04:40,541] [62   ] [INFO ] [] - Next autoupgrade timer will fire after: 1.00:00:00
[2025-05-13 11:04:40,541] [62   ] [INFO ] [] - Checking for upgrade
[2025-05-13 11:04:40,541] [62   ] [INFO ] [] - .NET Version - installed 533320, expected: 528040
[2025-05-13 11:04:40,541] [62   ] [INFO ] [] - result: True
[2025-05-13 11:04:40,541] [62   ] [INFO ] [] - Checking for upgrades
[2025-05-13 11:04:40,541] [62   ] [INFO ] [] - Url used to upgrade: https://cdn07.boxcdn.net/BoxEditAutoupdate2.json
[2025-05-13 11:04:41,004] [62   ] [INFO ] [] - ### current version track name: 4.28.1
[2025-05-13 11:04:41,027] [62   ] [INFO ] [] - No custom track name in registry
[2025-05-13 11:04:41,027] [62   ] [WARN ] [] - Track 4.28.1 not found
[2025-05-13 11:04:41,029] [62   ] [INFO ] [] - Track default for upgrade found
[2025-05-13 11:04:41,029] [62   ] [INFO ] [] - RolloutID set to 61
[2025-05-13 11:04:41,029] [62   ] [INFO ] [] - Not upgrading because RolloutID is not in range
[2025-05-13 11:04:41,031] [62   ] [INFO ] [] - Check for updates returned None
[2025-05-13 11:04:41,031] [62   ] [INFO ] [] - Scheduling next upgrade check: Reset
[2025-05-13 11:04:41,033] [62   ] [INFO ] [] - Next autoupgrade timer will fire after: 05:39:00
[2025-05-13 11:05:59,135] [12   ] [INFO ] [] - Initializing the metrics collector
[2025-05-13 11:05:59,154] [12   ] [INFO ] [] - MetricsCollector::Sender(49): _disableSentMetrics 1
[2025-05-13 11:05:59,154] [12   ] [INFO ] [] - MetricsCollector::Initialize(231): Initialized metrics collector
- session id: d24a9342-5ca6-49b8-b791-21820418c456
- device id: 4ca35884-a93a-48fc-ad16-80b2a90aa32e
- application id: Box Tools Win exe
- application name: BoxTools
- application version: 4.28.1.1163
- metric collection url: https://client-log.box.com/index.php?rm=box_gen204_json_record
- metric data path: C:\Users\pcedillo\AppData\Local\Box\Box Tools\Metrics\BoxTools_Metrics_EFD61745.db
- post callback: 05945A26
- log callback: 05945A9E
- context: 00000000
- post interval in seconds: 600
- max records in a post: 100
- max db records: 500
- disable sender: true
[2025-05-13 11:05:59,175] [12   ] [INFO ] [] - Shutting down the metrics collector
[2025-05-13 11:15:59,103] [43   ] [INFO ] [] - Initializing the metrics collector
[2025-05-13 11:15:59,121] [43   ] [INFO ] [] - MetricsCollector::Sender(49): _disableSentMetrics 1
[2025-05-13 11:15:59,124] [43   ] [INFO ] [] - MetricsCollector::Initialize(231): Initialized metrics collector
- session id: d24a9342-5ca6-49b8-b791-21820418c456
- device id: 4ca35884-a93a-48fc-ad16-80b2a90aa32e
- application id: Box Tools Win exe
- application name: BoxTools
- application version: 4.28.1.1163
- metric collection url: https://client-log.box.com/index.php?rm=box_gen204_json_record
- metric data path: C:\Users\pcedillo\AppData\Local\Box\Box Tools\Metrics\BoxTools_Metrics_EFD61745.db
- post callback: 05945A26
- log callback: 05945A9E
- context: 00000000
- post interval in seconds: 600
- max records in a post: 100
- max db records: 500
- disable sender: true
[2025-05-13 11:15:59,136] [43   ] [INFO ] [] - Shutting down the metrics collector
[2025-05-13 11:25:59,076] [44   ] [INFO ] [] - Initializing the metrics collector
[2025-05-13 11:25:59,091] [44   ] [INFO ] [] - MetricsCollector::Sender(49): _disableSentMetrics 1
[2025-05-13 11:25:59,096] [44   ] [INFO ] [] - MetricsCollector::Initialize(231): Initialized metrics collector
- session id: d24a9342-5ca6-49b8-b791-21820418c456
- device id: 4ca35884-a93a-48fc-ad16-80b2a90aa32e
- application id: Box Tools Win exe
- application name: BoxTools
- application version: 4.28.1.1163
- metric collection url: https://client-log.box.com/index.php?rm=box_gen204_json_record
- metric data path: C:\Users\pcedillo\AppData\Local\Box\Box Tools\Metrics\BoxTools_Metrics_EFD61745.db
- post callback: 05945A26
- log callback: 05945A9E
- context: 00000000
- post interval in seconds: 600
- max records in a post: 100
- max db records: 500
- disable sender: true
[2025-05-13 11:25:59,107] [44   ] [INFO ] [] - Shutting down the metrics collector
[2025-05-13 11:35:59,080] [46   ] [INFO ] [] - Initializing the metrics collector
[2025-05-13 11:35:59,100] [46   ] [INFO ] [] - MetricsCollector::Sender(49): _disableSentMetrics 1
[2025-05-13 11:35:59,100] [46   ] [INFO ] [] - MetricsCollector::Initialize(231): Initialized metrics collector
- session id: d24a9342-5ca6-49b8-b791-21820418c456
- device id: 4ca35884-a93a-48fc-ad16-80b2a90aa32e
- application id: Box Tools Win exe
- application name: BoxTools
- application version: 4.28.1.1163
- metric collection url: https://client-log.box.com/index.php?rm=box_gen204_json_record
- metric data path: C:\Users\pcedillo\AppData\Local\Box\Box Tools\Metrics\BoxTools_Metrics_EFD61745.db
- post callback: 05945A26
- log callback: 05945A9E
- context: 00000000
- post interval in seconds: 600
- max records in a post: 100
- max db records: 500
- disable sender: true
[2025-05-13 11:35:59,117] [46   ] [INFO ] [] - Shutting down the metrics collector
[2025-05-13 11:45:59,051] [45   ] [INFO ] [] - Initializing the metrics collector
[2025-05-13 11:45:59,069] [45   ] [INFO ] [] - MetricsCollector::Sender(49): _disableSentMetrics 1
[2025-05-13 11:45:59,069] [45   ] [INFO ] [] - MetricsCollector::Initialize(231): Initialized metrics collector
- session id: d24a9342-5ca6-49b8-b791-21820418c456
- device id: 4ca35884-a93a-48fc-ad16-80b2a90aa32e
- application id: Box Tools Win exe
- application name: BoxTools
- application version: 4.28.1.1163
- metric collection url: https://client-log.box.com/index.php?rm=box_gen204_json_record
- metric data path: C:\Users\pcedillo\AppData\Local\Box\Box Tools\Metrics\BoxTools_Metrics_EFD61745.db
- post callback: 05945A26
- log callback: 05945A9E
- context: 00000000
- post interval in seconds: 600
- max records in a post: 100
- max db records: 500
- disable sender: true
[2025-05-13 11:45:59,083] [45   ] [INFO ] [] - Shutting down the metrics collector
[2025-05-13 11:55:59,090] [49   ] [INFO ] [] - Initializing the metrics collector
[2025-05-13 11:55:59,124] [49   ] [INFO ] [] - MetricsCollector::Sender(49): _disableSentMetrics 1
[2025-05-13 11:55:59,126] [49   ] [INFO ] [] - MetricsCollector::Initialize(231): Initialized metrics collector
- session id: d24a9342-5ca6-49b8-b791-21820418c456
- device id: 4ca35884-a93a-48fc-ad16-80b2a90aa32e
- application id: Box Tools Win exe
- application name: BoxTools
- application version: 4.28.1.1163
- metric collection url: https://client-log.box.com/index.php?rm=box_gen204_json_record
- metric data path: C:\Users\pcedillo\AppData\Local\Box\Box Tools\Metrics\BoxTools_Metrics_EFD61745.db
- post callback: 05945A26
- log callback: 05945A9E
- context: 00000000
- post interval in seconds: 600
- max records in a post: 100
- max db records: 500
- disable sender: true
[2025-05-13 11:55:59,150] [49   ] [INFO ] [] - Shutting down the metrics collector
[2025-05-13 12:05:59,085] [16   ] [INFO ] [] - Initializing the metrics collector
[2025-05-13 12:05:59,102] [16   ] [INFO ] [] - MetricsCollector::Sender(49): _disableSentMetrics 1
[2025-05-13 12:05:59,105] [16   ] [INFO ] [] - MetricsCollector::Initialize(231): Initialized metrics collector
- session id: d24a9342-5ca6-49b8-b791-21820418c456
- device id: 4ca35884-a93a-48fc-ad16-80b2a90aa32e
- application id: Box Tools Win exe
- application name: BoxTools
- application version: 4.28.1.1163
- metric collection url: https://client-log.box.com/index.php?rm=box_gen204_json_record
- metric data path: C:\Users\pcedillo\AppData\Local\Box\Box Tools\Metrics\BoxTools_Metrics_EFD61745.db
- post callback: 05945A26
- log callback: 05945A9E
- context: 00000000
- post interval in seconds: 600
- max records in a post: 100
- max db records: 500
- disable sender: true
[2025-05-13 12:05:59,117] [16   ] [INFO ] [] - Shutting down the metrics collector
[2025-05-13 12:15:59,079] [47   ] [INFO ] [] - Initializing the metrics collector
[2025-05-13 12:15:59,091] [47   ] [INFO ] [] - MetricsCollector::Sender(49): _disableSentMetrics 1
[2025-05-13 12:15:59,091] [47   ] [INFO ] [] - MetricsCollector::Initialize(231): Initialized metrics collector
- session id: d24a9342-5ca6-49b8-b791-21820418c456
- device id: 4ca35884-a93a-48fc-ad16-80b2a90aa32e
- application id: Box Tools Win exe
- application name: BoxTools
- application version: 4.28.1.1163
- metric collection url: https://client-log.box.com/index.php?rm=box_gen204_json_record
- metric data path: C:\Users\pcedillo\AppData\Local\Box\Box Tools\Metrics\BoxTools_Metrics_EFD61745.db
- post callback: 05945A26
- log callback: 05945A9E
- context: 00000000
- post interval in seconds: 600
- max records in a post: 100
- max db records: 500
- disable sender: true
[2025-05-13 12:15:59,104] [47   ] [INFO ] [] - Shutting down the metrics collector
[2025-05-13 12:26:00,457] [44   ] [INFO ] [] - Initializing the metrics collector
[2025-05-13 12:26:02,321] [44   ] [INFO ] [] - MetricsCollector::Sender(49): _disableSentMetrics 1
[2025-05-13 12:26:02,469] [44   ] [INFO ] [] - MetricsCollector::Initialize(231): Initialized metrics collector
- session id: d24a9342-5ca6-49b8-b791-21820418c456
- device id: 4ca35884-a93a-48fc-ad16-80b2a90aa32e
- application id: Box Tools Win exe
- application name: BoxTools
- application version: 4.28.1.1163
- metric collection url: https://client-log.box.com/index.php?rm=box_gen204_json_record
- metric data path: C:\Users\pcedillo\AppData\Local\Box\Box Tools\Metrics\BoxTools_Metrics_EFD61745.db
- post callback: 05945A26
- log callback: 05945A9E
- context: 00000000
- post interval in seconds: 600
- max records in a post: 100
- max db records: 500
- disable sender: true
[2025-05-13 12:26:02,612] [44   ] [INFO ] [] - Shutting down the metrics collector
[2025-05-13 12:36:00,019] [44   ] [INFO ] [] - Initializing the metrics collector
[2025-05-13 12:36:00,186] [44   ] [INFO ] [] - MetricsCollector::Sender(49): _disableSentMetrics 1
[2025-05-13 12:36:00,189] [44   ] [INFO ] [] - MetricsCollector::Initialize(231): Initialized metrics collector
- session id: d24a9342-5ca6-49b8-b791-21820418c456
- device id: 4ca35884-a93a-48fc-ad16-80b2a90aa32e
- application id: Box Tools Win exe
- application name: BoxTools
- application version: 4.28.1.1163
- metric collection url: https://client-log.box.com/index.php?rm=box_gen204_json_record
- metric data path: C:\Users\pcedillo\AppData\Local\Box\Box Tools\Metrics\BoxTools_Metrics_EFD61745.db
- post callback: 05945A26
- log callback: 05945A9E
- context: 00000000
- post interval in seconds: 600
- max records in a post: 100
- max db records: 500
- disable sender: true
[2025-05-13 12:36:00,274] [44   ] [INFO ] [] - Shutting down the metrics collector
[2025-05-13 12:46:00,025] [49   ] [INFO ] [] - Initializing the metrics collector
[2025-05-13 12:46:00,193] [49   ] [INFO ] [] - MetricsCollector::Sender(49): _disableSentMetrics 1
[2025-05-13 12:46:00,220] [49   ] [INFO ] [] - MetricsCollector::Initialize(231): Initialized metrics collector
- session id: d24a9342-5ca6-49b8-b791-21820418c456
- device id: 4ca35884-a93a-48fc-ad16-80b2a90aa32e
- application id: Box Tools Win exe
- application name: BoxTools
- application version: 4.28.1.1163
- metric collection url: https://client-log.box.com/index.php?rm=box_gen204_json_record
- metric data path: C:\Users\pcedillo\AppData\Local\Box\Box Tools\Metrics\BoxTools_Metrics_EFD61745.db
- post callback: 05945A26
- log callback: 05945A9E
- context: 00000000
- post interval in seconds: 600
- max records in a post: 100
- max db records: 500
- disable sender: true
[2025-05-13 12:46:00,340] [49   ] [INFO ] [] - Shutting down the metrics collector
[2025-05-13 12:55:59,974] [16   ] [INFO ] [] - Initializing the metrics collector
[2025-05-13 12:55:59,993] [16   ] [INFO ] [] - MetricsCollector::Sender(49): _disableSentMetrics 1
[2025-05-13 12:55:59,993] [16   ] [INFO ] [] - MetricsCollector::Initialize(231): Initialized metrics collector
- session id: d24a9342-5ca6-49b8-b791-21820418c456
- device id: 4ca35884-a93a-48fc-ad16-80b2a90aa32e
- application id: Box Tools Win exe
- application name: BoxTools
- application version: 4.28.1.1163
- metric collection url: https://client-log.box.com/index.php?rm=box_gen204_json_record
- metric data path: C:\Users\pcedillo\AppData\Local\Box\Box Tools\Metrics\BoxTools_Metrics_EFD61745.db
- post callback: 05945A26
- log callback: 05945A9E
- context: 00000000
- post interval in seconds: 600
- max records in a post: 100
- max db records: 500
- disable sender: true
[2025-05-13 12:56:00,019] [16   ] [INFO ] [] - Shutting down the metrics collector
[2025-05-13 13:05:59,957] [45   ] [INFO ] [] - Initializing the metrics collector
[2025-05-13 13:05:59,957] [45   ] [INFO ] [] - MetricsCollector::Sender(49): _disableSentMetrics 1
[2025-05-13 13:05:59,957] [45   ] [INFO ] [] - MetricsCollector::Initialize(231): Initialized metrics collector
- session id: d24a9342-5ca6-49b8-b791-21820418c456
- device id: 4ca35884-a93a-48fc-ad16-80b2a90aa32e
- application id: Box Tools Win exe
- application name: BoxTools
- application version: 4.28.1.1163
- metric collection url: https://client-log.box.com/index.php?rm=box_gen204_json_record
- metric data path: C:\Users\pcedillo\AppData\Local\Box\Box Tools\Metrics\BoxTools_Metrics_EFD61745.db
- post callback: 05945A26
- log callback: 05945A9E
- context: 00000000
- post interval in seconds: 600
- max records in a post: 100
- max db records: 500
- disable sender: true
[2025-05-13 13:05:59,973] [45   ] [INFO ] [] - Shutting down the metrics collector
[2025-05-13 13:15:59,953] [47   ] [INFO ] [] - Initializing the metrics collector
[2025-05-13 13:15:59,953] [47   ] [INFO ] [] - MetricsCollector::Sender(49): _disableSentMetrics 1
[2025-05-13 13:15:59,953] [47   ] [INFO ] [] - MetricsCollector::Initialize(231): Initialized metrics collector
- session id: d24a9342-5ca6-49b8-b791-21820418c456
- device id: 4ca35884-a93a-48fc-ad16-80b2a90aa32e
- application id: Box Tools Win exe
- application name: BoxTools
- application version: 4.28.1.1163
- metric collection url: https://client-log.box.com/index.php?rm=box_gen204_json_record
- metric data path: C:\Users\pcedillo\AppData\Local\Box\Box Tools\Metrics\BoxTools_Metrics_EFD61745.db
- post callback: 05945A26
- log callback: 05945A9E
- context: 00000000
- post interval in seconds: 600
- max records in a post: 100
- max db records: 500
- disable sender: true
[2025-05-13 13:15:59,978] [47   ] [INFO ] [] - Shutting down the metrics collector
[2025-05-13 13:25:59,913] [46   ] [INFO ] [] - Initializing the metrics collector
[2025-05-13 13:25:59,913] [46   ] [INFO ] [] - MetricsCollector::Sender(49): _disableSentMetrics 1
[2025-05-13 13:25:59,913] [46   ] [INFO ] [] - MetricsCollector::Initialize(231): Initialized metrics collector
- session id: d24a9342-5ca6-49b8-b791-21820418c456
- device id: 4ca35884-a93a-48fc-ad16-80b2a90aa32e
- application id: Box Tools Win exe
- application name: BoxTools
- application version: 4.28.1.1163
- metric collection url: https://client-log.box.com/index.php?rm=box_gen204_json_record
- metric data path: C:\Users\pcedillo\AppData\Local\Box\Box Tools\Metrics\BoxTools_Metrics_EFD61745.db
- post callback: 05945A26
- log callback: 05945A9E
- context: 00000000
- post interval in seconds: 600
- max records in a post: 100
- max db records: 500
- disable sender: true
[2025-05-13 13:25:59,931] [46   ] [INFO ] [] - Shutting down the metrics collector
[2025-05-13 13:35:59,907] [15   ] [INFO ] [] - Initializing the metrics collector
[2025-05-13 13:35:59,907] [15   ] [INFO ] [] - MetricsCollector::Sender(49): _disableSentMetrics 1
[2025-05-13 13:35:59,907] [15   ] [INFO ] [] - MetricsCollector::Initialize(231): Initialized metrics collector
- session id: d24a9342-5ca6-49b8-b791-21820418c456
- device id: 4ca35884-a93a-48fc-ad16-80b2a90aa32e
- application id: Box Tools Win exe
- application name: BoxTools
- application version: 4.28.1.1163
- metric collection url: https://client-log.box.com/index.php?rm=box_gen204_json_record
- metric data path: C:\Users\pcedillo\AppData\Local\Box\Box Tools\Metrics\BoxTools_Metrics_EFD61745.db
- post callback: 05945A26
- log callback: 05945A9E
- context: 00000000
- post interval in seconds: 600
- max records in a post: 100
- max db records: 500
- disable sender: true
[2025-05-13 13:35:59,923] [15   ] [INFO ] [] - Shutting down the metrics collector
[2025-05-13 13:45:59,898] [12   ] [INFO ] [] - Initializing the metrics collector
[2025-05-13 13:45:59,902] [12   ] [INFO ] [] - MetricsCollector::Sender(49): _disableSentMetrics 1
[2025-05-13 13:45:59,902] [12   ] [INFO ] [] - MetricsCollector::Initialize(231): Initialized metrics collector
- session id: d24a9342-5ca6-49b8-b791-21820418c456
- device id: 4ca35884-a93a-48fc-ad16-80b2a90aa32e
- application id: Box Tools Win exe
- application name: BoxTools
- application version: 4.28.1.1163
- metric collection url: https://client-log.box.com/index.php?rm=box_gen204_json_record
- metric data path: C:\Users\pcedillo\AppData\Local\Box\Box Tools\Metrics\BoxTools_Metrics_EFD61745.db
- post callback: 05945A26
- log callback: 05945A9E
- context: 00000000
- post interval in seconds: 600
- max records in a post: 100
- max db records: 500
- disable sender: true
[2025-05-13 13:45:59,923] [12   ] [INFO ] [] - Shutting down the metrics collector
[2025-05-13 13:55:59,876] [43   ] [INFO ] [] - Initializing the metrics collector
[2025-05-13 13:55:59,889] [43   ] [INFO ] [] - MetricsCollector::Sender(49): _disableSentMetrics 1
[2025-05-13 13:55:59,889] [43   ] [INFO ] [] - MetricsCollector::Initialize(231): Initialized metrics collector
- session id: d24a9342-5ca6-49b8-b791-21820418c456
- device id: 4ca35884-a93a-48fc-ad16-80b2a90aa32e
- application id: Box Tools Win exe
- application name: BoxTools
- application version: 4.28.1.1163
- metric collection url: https://client-log.box.com/index.php?rm=box_gen204_json_record
- metric data path: C:\Users\pcedillo\AppData\Local\Box\Box Tools\Metrics\BoxTools_Metrics_EFD61745.db
- post callback: 05945A26
- log callback: 05945A9E
- context: 00000000
- post interval in seconds: 600
- max records in a post: 100
- max db records: 500
- disable sender: true
[2025-05-13 13:55:59,891] [43   ] [INFO ] [] - Shutting down the metrics collector
[2025-05-13 14:05:59,847] [62   ] [INFO ] [] - Initializing the metrics collector
[2025-05-13 14:05:59,861] [62   ] [INFO ] [] - MetricsCollector::Sender(49): _disableSentMetrics 1
[2025-05-13 14:05:59,861] [62   ] [INFO ] [] - MetricsCollector::Initialize(231): Initialized metrics collector
- session id: d24a9342-5ca6-49b8-b791-21820418c456
- device id: 4ca35884-a93a-48fc-ad16-80b2a90aa32e
- application id: Box Tools Win exe
- application name: BoxTools
- application version: 4.28.1.1163
- metric collection url: https://client-log.box.com/index.php?rm=box_gen204_json_record
- metric data path: C:\Users\pcedillo\AppData\Local\Box\Box Tools\Metrics\BoxTools_Metrics_EFD61745.db
- post callback: 05945A26
- log callback: 05945A9E
- context: 00000000
- post interval in seconds: 600
- max records in a post: 100
- max db records: 500
- disable sender: true
[2025-05-13 14:05:59,863] [62   ] [INFO ] [] - Shutting down the metrics collector
[2025-05-13 14:15:59,824] [61   ] [INFO ] [] - Initializing the metrics collector
[2025-05-13 14:15:59,824] [61   ] [INFO ] [] - MetricsCollector::Sender(49): _disableSentMetrics 1
[2025-05-13 14:15:59,824] [61   ] [INFO ] [] - MetricsCollector::Initialize(231): Initialized metrics collector
- session id: d24a9342-5ca6-49b8-b791-21820418c456
- device id: 4ca35884-a93a-48fc-ad16-80b2a90aa32e
- application id: Box Tools Win exe
- application name: BoxTools
- application version: 4.28.1.1163
- metric collection url: https://client-log.box.com/index.php?rm=box_gen204_json_record
- metric data path: C:\Users\pcedillo\AppData\Local\Box\Box Tools\Metrics\BoxTools_Metrics_EFD61745.db
- post callback: 05945A26
- log callback: 05945A9E
- context: 00000000
- post interval in seconds: 600
- max records in a post: 100
- max db records: 500
- disable sender: true
[2025-05-13 14:15:59,824] [61   ] [INFO ] [] - Shutting down the metrics collector
[2025-05-13 14:25:59,835] [7    ] [INFO ] [] - Initializing the metrics collector
[2025-05-13 14:25:59,835] [7    ] [INFO ] [] - MetricsCollector::Sender(49): _disableSentMetrics 1
[2025-05-13 14:25:59,835] [7    ] [INFO ] [] - MetricsCollector::Initialize(231): Initialized metrics collector
- session id: d24a9342-5ca6-49b8-b791-21820418c456
- device id: 4ca35884-a93a-48fc-ad16-80b2a90aa32e
- application id: Box Tools Win exe
- application name: BoxTools
- application version: 4.28.1.1163
- metric collection url: https://client-log.box.com/index.php?rm=box_gen204_json_record
- metric data path: C:\Users\pcedillo\AppData\Local\Box\Box Tools\Metrics\BoxTools_Metrics_EFD61745.db
- post callback: 05945A26
- log callback: 05945A9E
- context: 00000000
- post interval in seconds: 600
- max records in a post: 100
- max db records: 500
- disable sender: true
[2025-05-13 14:25:59,852] [7    ] [INFO ] [] - Shutting down the metrics collector
[2025-05-13 14:35:59,834] [17   ] [INFO ] [] - Initializing the metrics collector
[2025-05-13 14:35:59,834] [17   ] [INFO ] [] - MetricsCollector::Sender(49): _disableSentMetrics 1
[2025-05-13 14:35:59,851] [17   ] [INFO ] [] - MetricsCollector::Initialize(231): Initialized metrics collector
- session id: d24a9342-5ca6-49b8-b791-21820418c456
- device id: 4ca35884-a93a-48fc-ad16-80b2a90aa32e
- application id: Box Tools Win exe
- application name: BoxTools
- application version: 4.28.1.1163
- metric collection url: https://client-log.box.com/index.php?rm=box_gen204_json_record
- metric data path: C:\Users\pcedillo\AppData\Local\Box\Box Tools\Metrics\BoxTools_Metrics_EFD61745.db
- post callback: 05945A26
- log callback: 05945A9E
- context: 00000000
- post interval in seconds: 600
- max records in a post: 100
- max db records: 500
- disable sender: true
[2025-05-13 14:35:59,867] [17   ] [INFO ] [] - Shutting down the metrics collector
[2025-05-13 14:45:59,851] [14   ] [INFO ] [] - Initializing the metrics collector
[2025-05-13 14:45:59,851] [14   ] [INFO ] [] - MetricsCollector::Sender(49): _disableSentMetrics 1
[2025-05-13 14:45:59,851] [14   ] [INFO ] [] - MetricsCollector::Initialize(231): Initialized metrics collector
- session id: d24a9342-5ca6-49b8-b791-21820418c456
- device id: 4ca35884-a93a-48fc-ad16-80b2a90aa32e
- application id: Box Tools Win exe
- application name: BoxTools
- application version: 4.28.1.1163
- metric collection url: https://client-log.box.com/index.php?rm=box_gen204_json_record
- metric data path: C:\Users\pcedillo\AppData\Local\Box\Box Tools\Metrics\BoxTools_Metrics_EFD61745.db
- post callback: 05945A26
- log callback: 05945A9E
- context: 00000000
- post interval in seconds: 600
- max records in a post: 100
- max db records: 500
- disable sender: true
[2025-05-13 14:45:59,869] [14   ] [INFO ] [] - Shutting down the metrics collector
[2025-05-13 14:55:59,853] [13   ] [INFO ] [] - Initializing the metrics collector
[2025-05-13 14:55:59,853] [13   ] [INFO ] [] - MetricsCollector::Sender(49): _disableSentMetrics 1
[2025-05-13 14:55:59,853] [13   ] [INFO ] [] - MetricsCollector::Initialize(231): Initialized metrics collector
- session id: d24a9342-5ca6-49b8-b791-21820418c456
- device id: 4ca35884-a93a-48fc-ad16-80b2a90aa32e
- application id: Box Tools Win exe
- application name: BoxTools
- application version: 4.28.1.1163
- metric collection url: https://client-log.box.com/index.php?rm=box_gen204_json_record
- metric data path: C:\Users\pcedillo\AppData\Local\Box\Box Tools\Metrics\BoxTools_Metrics_EFD61745.db
- post callback: 05945A26
- log callback: 05945A9E
- context: 00000000
- post interval in seconds: 600
- max records in a post: 100
- max db records: 500
- disable sender: true
[2025-05-13 14:55:59,869] [13   ] [INFO ] [] - Shutting down the metrics collector
[2025-05-13 15:05:59,803] [57   ] [INFO ] [] - Initializing the metrics collector
[2025-05-13 15:05:59,819] [57   ] [INFO ] [] - MetricsCollector::Sender(49): _disableSentMetrics 1
[2025-05-13 15:05:59,819] [57   ] [INFO ] [] - MetricsCollector::Initialize(231): Initialized metrics collector
- session id: d24a9342-5ca6-49b8-b791-21820418c456
- device id: 4ca35884-a93a-48fc-ad16-80b2a90aa32e
- application id: Box Tools Win exe
- application name: BoxTools
- application version: 4.28.1.1163
- metric collection url: https://client-log.box.com/index.php?rm=box_gen204_json_record
- metric data path: C:\Users\pcedillo\AppData\Local\Box\Box Tools\Metrics\BoxTools_Metrics_EFD61745.db
- post callback: 05945A26
- log callback: 05945A9E
- context: 00000000
- post interval in seconds: 600
- max records in a post: 100
- max db records: 500
- disable sender: true
[2025-05-13 15:05:59,835] [57   ] [INFO ] [] - Shutting down the metrics collector
[2025-05-13 15:15:59,752] [57   ] [INFO ] [] - Initializing the metrics collector
[2025-05-13 15:15:59,757] [57   ] [INFO ] [] - MetricsCollector::Sender(49): _disableSentMetrics 1
[2025-05-13 15:15:59,757] [57   ] [INFO ] [] - MetricsCollector::Initialize(231): Initialized metrics collector
- session id: d24a9342-5ca6-49b8-b791-21820418c456
- device id: 4ca35884-a93a-48fc-ad16-80b2a90aa32e
- application id: Box Tools Win exe
- application name: BoxTools
- application version: 4.28.1.1163
- metric collection url: https://client-log.box.com/index.php?rm=box_gen204_json_record
- metric data path: C:\Users\pcedillo\AppData\Local\Box\Box Tools\Metrics\BoxTools_Metrics_EFD61745.db
- post callback: 05945A26
- log callback: 05945A9E
- context: 00000000
- post interval in seconds: 600
- max records in a post: 100
- max db records: 500
- disable sender: true
[2025-05-13 15:15:59,776] [57   ] [INFO ] [] - Shutting down the metrics collector
[2025-05-13 15:26:00,653] [57   ] [INFO ] [] - Initializing the metrics collector
[2025-05-13 15:26:00,958] [57   ] [INFO ] [] - MetricsCollector::Sender(49): _disableSentMetrics 1
[2025-05-13 15:26:00,960] [57   ] [INFO ] [] - MetricsCollector::Initialize(231): Initialized metrics collector
- session id: d24a9342-5ca6-49b8-b791-21820418c456
- device id: 4ca35884-a93a-48fc-ad16-80b2a90aa32e
- application id: Box Tools Win exe
- application name: BoxTools
- application version: 4.28.1.1163
- metric collection url: https://client-log.box.com/index.php?rm=box_gen204_json_record
- metric data path: C:\Users\pcedillo\AppData\Local\Box\Box Tools\Metrics\BoxTools_Metrics_EFD61745.db
- post callback: 05945A26
- log callback: 05945A9E
- context: 00000000
- post interval in seconds: 600
- max records in a post: 100
- max db records: 500
- disable sender: true
[2025-05-13 15:26:01,007] [57   ] [INFO ] [] - Shutting down the metrics collector
[2025-05-13 15:36:00,469] [57   ] [INFO ] [] - Initializing the metrics collector
[2025-05-13 15:36:00,484] [57   ] [INFO ] [] - MetricsCollector::Sender(49): _disableSentMetrics 1
[2025-05-13 15:36:00,485] [57   ] [INFO ] [] - MetricsCollector::Initialize(231): Initialized metrics collector
- session id: d24a9342-5ca6-49b8-b791-21820418c456
- device id: 4ca35884-a93a-48fc-ad16-80b2a90aa32e
- application id: Box Tools Win exe
- application name: BoxTools
- application version: 4.28.1.1163
- metric collection url: https://client-log.box.com/index.php?rm=box_gen204_json_record
- metric data path: C:\Users\pcedillo\AppData\Local\Box\Box Tools\Metrics\BoxTools_Metrics_EFD61745.db
- post callback: 05945A26
- log callback: 05945A9E
- context: 00000000
- post interval in seconds: 600
- max records in a post: 100
- max db records: 500
- disable sender: true
[2025-05-13 15:36:00,498] [57   ] [INFO ] [] - Shutting down the metrics collector
[2025-05-13 15:46:00,463] [11   ] [INFO ] [] - Initializing the metrics collector
[2025-05-13 15:46:00,467] [11   ] [INFO ] [] - MetricsCollector::Sender(49): _disableSentMetrics 1
[2025-05-13 15:46:00,479] [11   ] [INFO ] [] - MetricsCollector::Initialize(231): Initialized metrics collector
- session id: d24a9342-5ca6-49b8-b791-21820418c456
- device id: 4ca35884-a93a-48fc-ad16-80b2a90aa32e
- application id: Box Tools Win exe
- application name: BoxTools
- application version: 4.28.1.1163
- metric collection url: https://client-log.box.com/index.php?rm=box_gen204_json_record
- metric data path: C:\Users\pcedillo\AppData\Local\Box\Box Tools\Metrics\BoxTools_Metrics_EFD61745.db
- post callback: 05945A26
- log callback: 05945A9E
- context: 00000000
- post interval in seconds: 600
- max records in a post: 100
- max db records: 500
- disable sender: true
[2025-05-13 15:46:00,492] [11   ] [INFO ] [] - Shutting down the metrics collector
[2025-05-13 15:56:00,466] [14   ] [INFO ] [] - Initializing the metrics collector
[2025-05-13 15:56:00,511] [14   ] [INFO ] [] - MetricsCollector::Sender(49): _disableSentMetrics 1
[2025-05-13 15:56:00,512] [14   ] [INFO ] [] - MetricsCollector::Initialize(231): Initialized metrics collector
- session id: d24a9342-5ca6-49b8-b791-21820418c456
- device id: 4ca35884-a93a-48fc-ad16-80b2a90aa32e
- application id: Box Tools Win exe
- application name: BoxTools
- application version: 4.28.1.1163
- metric collection url: https://client-log.box.com/index.php?rm=box_gen204_json_record
- metric data path: C:\Users\pcedillo\AppData\Local\Box\Box Tools\Metrics\BoxTools_Metrics_EFD61745.db
- post callback: 05945A26
- log callback: 05945A9E
- context: 00000000
- post interval in seconds: 600
- max records in a post: 100
- max db records: 500
- disable sender: true
[2025-05-13 15:56:00,565] [14   ] [INFO ] [] - Shutting down the metrics collector
[2025-05-13 16:06:00,465] [13   ] [INFO ] [] - Initializing the metrics collector
[2025-05-13 16:06:00,481] [13   ] [INFO ] [] - MetricsCollector::Sender(49): _disableSentMetrics 1
[2025-05-13 16:06:00,481] [13   ] [INFO ] [] - MetricsCollector::Initialize(231): Initialized metrics collector
- session id: d24a9342-5ca6-49b8-b791-21820418c456
- device id: 4ca35884-a93a-48fc-ad16-80b2a90aa32e
- application id: Box Tools Win exe
- application name: BoxTools
- application version: 4.28.1.1163
- metric collection url: https://client-log.box.com/index.php?rm=box_gen204_json_record
- metric data path: C:\Users\pcedillo\AppData\Local\Box\Box Tools\Metrics\BoxTools_Metrics_EFD61745.db
- post callback: 05945A26
- log callback: 05945A9E
- context: 00000000
- post interval in seconds: 600
- max records in a post: 100
- max db records: 500
- disable sender: true
[2025-05-13 16:06:00,507] [13   ] [INFO ] [] - Shutting down the metrics collector
[2025-05-13 16:16:00,400] [17   ] [INFO ] [] - Initializing the metrics collector
[2025-05-13 16:16:00,406] [17   ] [INFO ] [] - MetricsCollector::Sender(49): _disableSentMetrics 1
[2025-05-13 16:16:00,406] [17   ] [INFO ] [] - MetricsCollector::Initialize(231): Initialized metrics collector
- session id: d24a9342-5ca6-49b8-b791-21820418c456
- device id: 4ca35884-a93a-48fc-ad16-80b2a90aa32e
- application id: Box Tools Win exe
- application name: BoxTools
- application version: 4.28.1.1163
- metric collection url: https://client-log.box.com/index.php?rm=box_gen204_json_record
- metric data path: C:\Users\pcedillo\AppData\Local\Box\Box Tools\Metrics\BoxTools_Metrics_EFD61745.db
- post callback: 05945A26
- log callback: 05945A9E
- context: 00000000
- post interval in seconds: 600
- max records in a post: 100
- max db records: 500
- disable sender: true
[2025-05-13 16:16:00,416] [17   ] [INFO ] [] - Shutting down the metrics collector
[2025-05-13 16:26:00,356] [7    ] [INFO ] [] - Initializing the metrics collector
[2025-05-13 16:26:00,367] [7    ] [INFO ] [] - MetricsCollector::Sender(49): _disableSentMetrics 1
[2025-05-13 16:26:00,367] [7    ] [INFO ] [] - MetricsCollector::Initialize(231): Initialized metrics collector
- session id: d24a9342-5ca6-49b8-b791-21820418c456
- device id: 4ca35884-a93a-48fc-ad16-80b2a90aa32e
- application id: Box Tools Win exe
- application name: BoxTools
- application version: 4.28.1.1163
- metric collection url: https://client-log.box.com/index.php?rm=box_gen204_json_record
- metric data path: C:\Users\pcedillo\AppData\Local\Box\Box Tools\Metrics\BoxTools_Metrics_EFD61745.db
- post callback: 05945A26
- log callback: 05945A9E
- context: 00000000
- post interval in seconds: 600
- max records in a post: 100
- max db records: 500
- disable sender: true
[2025-05-13 16:26:00,371] [7    ] [INFO ] [] - Shutting down the metrics collector
[2025-05-13 16:36:00,343] [61   ] [INFO ] [] - Initializing the metrics collector
[2025-05-13 16:36:00,344] [61   ] [INFO ] [] - MetricsCollector::Sender(49): _disableSentMetrics 1
[2025-05-13 16:36:00,344] [61   ] [INFO ] [] - MetricsCollector::Initialize(231): Initialized metrics collector
- session id: d24a9342-5ca6-49b8-b791-21820418c456
- device id: 4ca35884-a93a-48fc-ad16-80b2a90aa32e
- application id: Box Tools Win exe
- application name: BoxTools
- application version: 4.28.1.1163
- metric collection url: https://client-log.box.com/index.php?rm=box_gen204_json_record
- metric data path: C:\Users\pcedillo\AppData\Local\Box\Box Tools\Metrics\BoxTools_Metrics_EFD61745.db
- post callback: 05945A26
- log callback: 05945A9E
- context: 00000000
- post interval in seconds: 600
- max records in a post: 100
- max db records: 500
- disable sender: true
[2025-05-13 16:36:00,360] [61   ] [INFO ] [] - Shutting down the metrics collector
[2025-05-13 16:43:40,206] [62   ] [INFO ] [] - Scheduling next upgrade check: Delay
[2025-05-13 16:43:40,208] [62   ] [INFO ] [] - Next autoupgrade timer will fire after: 1.00:00:00
[2025-05-13 16:43:40,209] [62   ] [INFO ] [] - Checking for upgrade
[2025-05-13 16:43:40,211] [62   ] [INFO ] [] - .NET Version - installed 533320, expected: 528040
[2025-05-13 16:43:40,213] [62   ] [INFO ] [] - result: True
[2025-05-13 16:43:40,220] [62   ] [INFO ] [] - Checking for upgrades
[2025-05-13 16:43:40,220] [62   ] [INFO ] [] - Url used to upgrade: https://cdn07.boxcdn.net/BoxEditAutoupdate2.json
[2025-05-13 16:43:40,959] [62   ] [INFO ] [] - ### current version track name: 4.28.1
[2025-05-13 16:43:40,961] [62   ] [INFO ] [] - No custom track name in registry
[2025-05-13 16:43:40,961] [62   ] [WARN ] [] - Track 4.28.1 not found
[2025-05-13 16:43:40,962] [62   ] [INFO ] [] - Track default for upgrade found
[2025-05-13 16:43:40,963] [62   ] [INFO ] [] - RolloutID set to 61
[2025-05-13 16:43:40,963] [62   ] [INFO ] [] - Not upgrading because RolloutID is not in range
[2025-05-13 16:43:40,964] [62   ] [INFO ] [] - Check for updates returned None
[2025-05-13 16:43:40,965] [62   ] [INFO ] [] - Scheduling next upgrade check: Reset
[2025-05-13 16:43:40,966] [62   ] [INFO ] [] - Next autoupgrade timer will fire after: 05:05:00
[2025-05-13 16:46:00,334] [12   ] [INFO ] [] - Initializing the metrics collector
[2025-05-13 16:46:00,334] [12   ] [INFO ] [] - MetricsCollector::Sender(49): _disableSentMetrics 1
[2025-05-13 16:46:00,334] [12   ] [INFO ] [] - MetricsCollector::Initialize(231): Initialized metrics collector
- session id: d24a9342-5ca6-49b8-b791-21820418c456
- device id: 4ca35884-a93a-48fc-ad16-80b2a90aa32e
- application id: Box Tools Win exe
- application name: BoxTools
- application version: 4.28.1.1163
- metric collection url: https://client-log.box.com/index.php?rm=box_gen204_json_record
- metric data path: C:\Users\pcedillo\AppData\Local\Box\Box Tools\Metrics\BoxTools_Metrics_EFD61745.db
- post callback: 05945A26
- log callback: 05945A9E
- context: 00000000
- post interval in seconds: 600
- max records in a post: 100
- max db records: 500
- disable sender: true
[2025-05-13 16:46:00,351] [12   ] [INFO ] [] - Shutting down the metrics collector
[2025-05-13 16:56:00,340] [15   ] [INFO ] [] - Initializing the metrics collector
[2025-05-13 16:56:00,348] [15   ] [INFO ] [] - MetricsCollector::Sender(49): _disableSentMetrics 1
[2025-05-13 16:56:00,348] [15   ] [INFO ] [] - MetricsCollector::Initialize(231): Initialized metrics collector
- session id: d24a9342-5ca6-49b8-b791-21820418c456
- device id: 4ca35884-a93a-48fc-ad16-80b2a90aa32e
- application id: Box Tools Win exe
- application name: BoxTools
- application version: 4.28.1.1163
- metric collection url: https://client-log.box.com/index.php?rm=box_gen204_json_record
- metric data path: C:\Users\pcedillo\AppData\Local\Box\Box Tools\Metrics\BoxTools_Metrics_EFD61745.db
- post callback: 05945A26
- log callback: 05945A9E
- context: 00000000
- post interval in seconds: 600
- max records in a post: 100
- max db records: 500
- disable sender: true
[2025-05-13 16:56:00,361] [15   ] [INFO ] [] - Shutting down the metrics collector
[2025-05-13 17:06:00,343] [46   ] [INFO ] [] - Initializing the metrics collector
[2025-05-13 17:06:00,358] [46   ] [INFO ] [] - MetricsCollector::Sender(49): _disableSentMetrics 1
[2025-05-13 17:06:00,358] [46   ] [INFO ] [] - MetricsCollector::Initialize(231): Initialized metrics collector
- session id: d24a9342-5ca6-49b8-b791-21820418c456
- device id: 4ca35884-a93a-48fc-ad16-80b2a90aa32e
- application id: Box Tools Win exe
- application name: BoxTools
- application version: 4.28.1.1163
- metric collection url: https://client-log.box.com/index.php?rm=box_gen204_json_record
- metric data path: C:\Users\pcedillo\AppData\Local\Box\Box Tools\Metrics\BoxTools_Metrics_EFD61745.db
- post callback: 05945A26
- log callback: 05945A9E
- context: 00000000
- post interval in seconds: 600
- max records in a post: 100
- max db records: 500
- disable sender: true
[2025-05-13 17:06:00,358] [46   ] [INFO ] [] - Shutting down the metrics collector
[2025-05-13 17:16:00,344] [47   ] [INFO ] [] - Initializing the metrics collector
[2025-05-13 17:16:00,363] [47   ] [INFO ] [] - MetricsCollector::Sender(49): _disableSentMetrics 1
[2025-05-13 17:16:00,365] [47   ] [INFO ] [] - MetricsCollector::Initialize(231): Initialized metrics collector
- session id: d24a9342-5ca6-49b8-b791-21820418c456
- device id: 4ca35884-a93a-48fc-ad16-80b2a90aa32e
- application id: Box Tools Win exe
- application name: BoxTools
- application version: 4.28.1.1163
- metric collection url: https://client-log.box.com/index.php?rm=box_gen204_json_record
- metric data path: C:\Users\pcedillo\AppData\Local\Box\Box Tools\Metrics\BoxTools_Metrics_EFD61745.db
- post callback: 05945A26
- log callback: 05945A9E
- context: 00000000
- post interval in seconds: 600
- max records in a post: 100
- max db records: 500
- disable sender: true
[2025-05-13 17:16:00,392] [47   ] [INFO ] [] - Shutting down the metrics collector
[2025-05-13 17:26:00,288] [45   ] [INFO ] [] - Initializing the metrics collector
[2025-05-13 17:26:00,303] [45   ] [INFO ] [] - MetricsCollector::Sender(49): _disableSentMetrics 1
[2025-05-13 17:26:00,303] [45   ] [INFO ] [] - MetricsCollector::Initialize(231): Initialized metrics collector
- session id: d24a9342-5ca6-49b8-b791-21820418c456
- device id: 4ca35884-a93a-48fc-ad16-80b2a90aa32e
- application id: Box Tools Win exe
- application name: BoxTools
- application version: 4.28.1.1163
- metric collection url: https://client-log.box.com/index.php?rm=box_gen204_json_record
- metric data path: C:\Users\pcedillo\AppData\Local\Box\Box Tools\Metrics\BoxTools_Metrics_EFD61745.db
- post callback: 05945A26
- log callback: 05945A9E
- context: 00000000
- post interval in seconds: 600
- max records in a post: 100
- max db records: 500
- disable sender: true
[2025-05-13 17:26:00,321] [45   ] [INFO ] [] - Shutting down the metrics collector
[2025-05-13 20:30:30,956] [16   ] [INFO ] [] - Initializing the metrics collector
[2025-05-13 20:30:30,980] [16   ] [INFO ] [] - MetricsCollector::Sender(49): _disableSentMetrics 1
[2025-05-13 20:30:30,980] [16   ] [INFO ] [] - MetricsCollector::Initialize(231): Initialized metrics collector
- session id: d24a9342-5ca6-49b8-b791-21820418c456
- device id: 4ca35884-a93a-48fc-ad16-80b2a90aa32e
- application id: Box Tools Win exe
- application name: BoxTools
- application version: 4.28.1.1163
- metric collection url: https://client-log.box.com/index.php?rm=box_gen204_json_record
- metric data path: C:\Users\pcedillo\AppData\Local\Box\Box Tools\Metrics\BoxTools_Metrics_EFD61745.db
- post callback: 05945A26
- log callback: 05945A9E
- context: 00000000
- post interval in seconds: 600
- max records in a post: 100
- max db records: 500
- disable sender: true
[2025-05-13 20:30:30,993] [16   ] [INFO ] [] - Shutting down the metrics collector
[2025-05-13 20:40:30,963] [44   ] [INFO ] [] - Initializing the metrics collector
[2025-05-13 20:40:30,980] [44   ] [INFO ] [] - MetricsCollector::Sender(49): _disableSentMetrics 1
[2025-05-13 20:40:30,980] [44   ] [INFO ] [] - MetricsCollector::Initialize(231): Initialized metrics collector
- session id: d24a9342-5ca6-49b8-b791-21820418c456
- device id: 4ca35884-a93a-48fc-ad16-80b2a90aa32e
- application id: Box Tools Win exe
- application name: BoxTools
- application version: 4.28.1.1163
- metric collection url: https://client-log.box.com/index.php?rm=box_gen204_json_record
- metric data path: C:\Users\pcedillo\AppData\Local\Box\Box Tools\Metrics\BoxTools_Metrics_EFD61745.db
- post callback: 05945A26
- log callback: 05945A9E
- context: 00000000
- post interval in seconds: 600
- max records in a post: 100
- max db records: 500
- disable sender: true
[2025-05-13 20:40:31,008] [44   ] [INFO ] [] - Shutting down the metrics collector
[2025-05-13 20:50:30,959] [9    ] [INFO ] [] - Initializing the metrics collector
[2025-05-13 20:50:30,978] [9    ] [INFO ] [] - MetricsCollector::Sender(49): _disableSentMetrics 1
[2025-05-13 20:50:30,978] [9    ] [INFO ] [] - MetricsCollector::Initialize(231): Initialized metrics collector
- session id: d24a9342-5ca6-49b8-b791-21820418c456
- device id: 4ca35884-a93a-48fc-ad16-80b2a90aa32e
- application id: Box Tools Win exe
- application name: BoxTools
- application version: 4.28.1.1163
- metric collection url: https://client-log.box.com/index.php?rm=box_gen204_json_record
- metric data path: C:\Users\pcedillo\AppData\Local\Box\Box Tools\Metrics\BoxTools_Metrics_EFD61745.db
- post callback: 05945A26
- log callback: 05945A9E
- context: 00000000
- post interval in seconds: 600
- max records in a post: 100
- max db records: 500
- disable sender: true
[2025-05-13 20:50:30,992] [9    ] [INFO ] [] - Shutting down the metrics collector
[2025-05-13 21:00:30,984] [42   ] [INFO ] [] - Initializing the metrics collector
[2025-05-13 21:00:31,003] [42   ] [INFO ] [] - MetricsCollector::Sender(49): _disableSentMetrics 1
[2025-05-13 21:00:31,007] [42   ] [INFO ] [] - MetricsCollector::Initialize(231): Initialized metrics collector
- session id: d24a9342-5ca6-49b8-b791-21820418c456
- device id: 4ca35884-a93a-48fc-ad16-80b2a90aa32e
- application id: Box Tools Win exe
- application name: BoxTools
- application version: 4.28.1.1163
- metric collection url: https://client-log.box.com/index.php?rm=box_gen204_json_record
- metric data path: C:\Users\pcedillo\AppData\Local\Box\Box Tools\Metrics\BoxTools_Metrics_EFD61745.db
- post callback: 05945A26
- log callback: 05945A9E
- context: 00000000
- post interval in seconds: 600
- max records in a post: 100
- max db records: 500
- disable sender: true
[2025-05-13 21:00:31,020] [42   ] [INFO ] [] - Shutting down the metrics collector
[2025-05-13 21:10:30,992] [63   ] [INFO ] [] - Initializing the metrics collector
[2025-05-13 21:10:31,007] [63   ] [INFO ] [] - MetricsCollector::Sender(49): _disableSentMetrics 1
[2025-05-13 21:10:31,009] [63   ] [INFO ] [] - MetricsCollector::Initialize(231): Initialized metrics collector
- session id: d24a9342-5ca6-49b8-b791-21820418c456
- device id: 4ca35884-a93a-48fc-ad16-80b2a90aa32e
- application id: Box Tools Win exe
- application name: BoxTools
- application version: 4.28.1.1163
- metric collection url: https://client-log.box.com/index.php?rm=box_gen204_json_record
- metric data path: C:\Users\pcedillo\AppData\Local\Box\Box Tools\Metrics\BoxTools_Metrics_EFD61745.db
- post callback: 05945A26
- log callback: 05945A9E
- context: 00000000
- post interval in seconds: 600
- max records in a post: 100
- max db records: 500
- disable sender: true
[2025-05-13 21:10:31,023] [63   ] [INFO ] [] - Shutting down the metrics collector
[2025-05-13 21:20:31,017] [37   ] [INFO ] [] - Initializing the metrics collector
[2025-05-13 21:20:31,438] [37   ] [INFO ] [] - MetricsCollector::Sender(49): _disableSentMetrics 1
[2025-05-13 21:20:31,485] [37   ] [INFO ] [] - MetricsCollector::Initialize(231): Initialized metrics collector
- session id: d24a9342-5ca6-49b8-b791-21820418c456
- device id: 4ca35884-a93a-48fc-ad16-80b2a90aa32e
- application id: Box Tools Win exe
- application name: BoxTools
- application version: 4.28.1.1163
- metric collection url: https://client-log.box.com/index.php?rm=box_gen204_json_record
- metric data path: C:\Users\pcedillo\AppData\Local\Box\Box Tools\Metrics\BoxTools_Metrics_EFD61745.db
- post callback: 05945A26
- log callback: 05945A9E
- context: 00000000
- post interval in seconds: 600
- max records in a post: 100
- max db records: 500
- disable sender: true
[2025-05-13 21:20:31,733] [37   ] [INFO ] [] - Shutting down the metrics collector
[2025-05-13 21:30:31,015] [41   ] [INFO ] [] - Initializing the metrics collector
[2025-05-13 21:30:31,040] [41   ] [INFO ] [] - MetricsCollector::Sender(49): _disableSentMetrics 1
[2025-05-13 21:30:31,040] [41   ] [INFO ] [] - MetricsCollector::Initialize(231): Initialized metrics collector
- session id: d24a9342-5ca6-49b8-b791-21820418c456
- device id: 4ca35884-a93a-48fc-ad16-80b2a90aa32e
- application id: Box Tools Win exe
- application name: BoxTools
- application version: 4.28.1.1163
- metric collection url: https://client-log.box.com/index.php?rm=box_gen204_json_record
- metric data path: C:\Users\pcedillo\AppData\Local\Box\Box Tools\Metrics\BoxTools_Metrics_EFD61745.db
- post callback: 05945A26
- log callback: 05945A9E
- context: 00000000
- post interval in seconds: 600
- max records in a post: 100
- max db records: 500
- disable sender: true
[2025-05-13 21:30:31,058] [41   ] [INFO ] [] - Shutting down the metrics collector
[2025-05-13 21:40:31,016] [38   ] [INFO ] [] - Initializing the metrics collector
[2025-05-13 21:40:31,036] [38   ] [INFO ] [] - MetricsCollector::Sender(49): _disableSentMetrics 1
[2025-05-13 21:40:31,039] [38   ] [INFO ] [] - MetricsCollector::Initialize(231): Initialized metrics collector
- session id: d24a9342-5ca6-49b8-b791-21820418c456
- device id: 4ca35884-a93a-48fc-ad16-80b2a90aa32e
- application id: Box Tools Win exe
- application name: BoxTools
- application version: 4.28.1.1163
- metric collection url: https://client-log.box.com/index.php?rm=box_gen204_json_record
- metric data path: C:\Users\pcedillo\AppData\Local\Box\Box Tools\Metrics\BoxTools_Metrics_EFD61745.db
- post callback: 05945A26
- log callback: 05945A9E
- context: 00000000
- post interval in seconds: 600
- max records in a post: 100
- max db records: 500
- disable sender: true
[2025-05-13 21:40:31,056] [38   ] [INFO ] [] - Shutting down the metrics collector
[2025-05-13 21:52:59,067] [36   ] [INFO ] [] - Initializing the metrics collector
[2025-05-13 21:52:59,110] [36   ] [INFO ] [] - MetricsCollector::Sender(49): _disableSentMetrics 1
[2025-05-13 21:52:59,114] [36   ] [INFO ] [] - MetricsCollector::Initialize(231): Initialized metrics collector
- session id: d24a9342-5ca6-49b8-b791-21820418c456
- device id: 4ca35884-a93a-48fc-ad16-80b2a90aa32e
- application id: Box Tools Win exe
- application name: BoxTools
- application version: 4.28.1.1163
- metric collection url: https://client-log.box.com/index.php?rm=box_gen204_json_record
- metric data path: C:\Users\pcedillo\AppData\Local\Box\Box Tools\Metrics\BoxTools_Metrics_EFD61745.db
- post callback: 05945A26
- log callback: 05945A9E
- context: 00000000
- post interval in seconds: 600
- max records in a post: 100
- max db records: 500
- disable sender: true
[2025-05-13 21:52:59,165] [36   ] [INFO ] [] - Shutting down the metrics collector
[2025-05-13 22:02:59,073] [39   ] [INFO ] [] - Initializing the metrics collector
[2025-05-13 22:02:59,104] [39   ] [INFO ] [] - MetricsCollector::Sender(49): _disableSentMetrics 1
[2025-05-13 22:02:59,108] [39   ] [INFO ] [] - MetricsCollector::Initialize(231): Initialized metrics collector
- session id: d24a9342-5ca6-49b8-b791-21820418c456
- device id: 4ca35884-a93a-48fc-ad16-80b2a90aa32e
- application id: Box Tools Win exe
- application name: BoxTools
- application version: 4.28.1.1163
- metric collection url: https://client-log.box.com/index.php?rm=box_gen204_json_record
- metric data path: C:\Users\pcedillo\AppData\Local\Box\Box Tools\Metrics\BoxTools_Metrics_EFD61745.db
- post callback: 05945A26
- log callback: 05945A9E
- context: 00000000
- post interval in seconds: 600
- max records in a post: 100
- max db records: 500
- disable sender: true
[2025-05-13 22:02:59,145] [39   ] [INFO ] [] - Shutting down the metrics collector
[2025-05-13 22:12:59,079] [35   ] [INFO ] [] - Initializing the metrics collector
[2025-05-13 22:12:59,089] [35   ] [INFO ] [] - MetricsCollector::Sender(49): _disableSentMetrics 1
[2025-05-13 22:12:59,089] [35   ] [INFO ] [] - MetricsCollector::Initialize(231): Initialized metrics collector
- session id: d24a9342-5ca6-49b8-b791-21820418c456
- device id: 4ca35884-a93a-48fc-ad16-80b2a90aa32e
- application id: Box Tools Win exe
- application name: BoxTools
- application version: 4.28.1.1163
- metric collection url: https://client-log.box.com/index.php?rm=box_gen204_json_record
- metric data path: C:\Users\pcedillo\AppData\Local\Box\Box Tools\Metrics\BoxTools_Metrics_EFD61745.db
- post callback: 05945A26
- log callback: 05945A9E
- context: 00000000
- post interval in seconds: 600
- max records in a post: 100
- max db records: 500
- disable sender: true
[2025-05-13 22:12:59,099] [35   ] [INFO ] [] - Shutting down the metrics collector
[2025-05-13 22:22:59,722] [35   ] [INFO ] [] - Initializing the metrics collector
[2025-05-13 22:23:01,342] [35   ] [INFO ] [] - MetricsCollector::Sender(49): _disableSentMetrics 1
[2025-05-13 22:23:01,474] [35   ] [INFO ] [] - MetricsCollector::Initialize(231): Initialized metrics collector
- session id: d24a9342-5ca6-49b8-b791-21820418c456
- device id: 4ca35884-a93a-48fc-ad16-80b2a90aa32e
- application id: Box Tools Win exe
- application name: BoxTools
- application version: 4.28.1.1163
- metric collection url: https://client-log.box.com/index.php?rm=box_gen204_json_record
- metric data path: C:\Users\pcedillo\AppData\Local\Box\Box Tools\Metrics\BoxTools_Metrics_EFD61745.db
- post callback: 05945A26
- log callback: 05945A9E
- context: 00000000
- post interval in seconds: 600
- max records in a post: 100
- max db records: 500
- disable sender: true
[2025-05-13 22:23:01,865] [35   ] [INFO ] [] - Shutting down the metrics collector
[2025-05-13 22:32:59,372] [39   ] [INFO ] [] - Initializing the metrics collector
[2025-05-13 22:32:59,372] [39   ] [INFO ] [] - MetricsCollector::Sender(49): _disableSentMetrics 1
[2025-05-13 22:32:59,372] [39   ] [INFO ] [] - MetricsCollector::Initialize(231): Initialized metrics collector
- session id: d24a9342-5ca6-49b8-b791-21820418c456
- device id: 4ca35884-a93a-48fc-ad16-80b2a90aa32e
- application id: Box Tools Win exe
- application name: BoxTools
- application version: 4.28.1.1163
- metric collection url: https://client-log.box.com/index.php?rm=box_gen204_json_record
- metric data path: C:\Users\pcedillo\AppData\Local\Box\Box Tools\Metrics\BoxTools_Metrics_EFD61745.db
- post callback: 05945A26
- log callback: 05945A9E
- context: 00000000
- post interval in seconds: 600
- max records in a post: 100
- max db records: 500
- disable sender: true
[2025-05-13 22:32:59,388] [39   ] [INFO ] [] - Shutting down the metrics collector
[2025-05-13 22:42:59,389] [39   ] [INFO ] [] - Initializing the metrics collector
[2025-05-13 22:42:59,427] [39   ] [INFO ] [] - MetricsCollector::Sender(49): _disableSentMetrics 1
[2025-05-13 22:42:59,429] [39   ] [INFO ] [] - MetricsCollector::Initialize(231): Initialized metrics collector
- session id: d24a9342-5ca6-49b8-b791-21820418c456
- device id: 4ca35884-a93a-48fc-ad16-80b2a90aa32e
- application id: Box Tools Win exe
- application name: BoxTools
- application version: 4.28.1.1163
- metric collection url: https://client-log.box.com/index.php?rm=box_gen204_json_record
- metric data path: C:\Users\pcedillo\AppData\Local\Box\Box Tools\Metrics\BoxTools_Metrics_EFD61745.db
- post callback: 05945A26
- log callback: 05945A9E
- context: 00000000
- post interval in seconds: 600
- max records in a post: 100
- max db records: 500
- disable sender: true
[2025-05-13 22:42:59,474] [39   ] [INFO ] [] - Shutting down the metrics collector
[2025-05-13 22:52:59,408] [35   ] [INFO ] [] - Initializing the metrics collector
[2025-05-13 22:52:59,428] [35   ] [INFO ] [] - MetricsCollector::Sender(49): _disableSentMetrics 1
[2025-05-13 22:52:59,428] [35   ] [INFO ] [] - MetricsCollector::Initialize(231): Initialized metrics collector
- session id: d24a9342-5ca6-49b8-b791-21820418c456
- device id: 4ca35884-a93a-48fc-ad16-80b2a90aa32e
- application id: Box Tools Win exe
- application name: BoxTools
- application version: 4.28.1.1163
- metric collection url: https://client-log.box.com/index.php?rm=box_gen204_json_record
- metric data path: C:\Users\pcedillo\AppData\Local\Box\Box Tools\Metrics\BoxTools_Metrics_EFD61745.db
- post callback: 05945A26
- log callback: 05945A9E
- context: 00000000
- post interval in seconds: 600
- max records in a post: 100
- max db records: 500
- disable sender: true
[2025-05-13 22:52:59,443] [35   ] [INFO ] [] - Shutting down the metrics collector
[2025-05-13 23:02:59,426] [36   ] [INFO ] [] - Initializing the metrics collector
[2025-05-13 23:02:59,446] [36   ] [INFO ] [] - MetricsCollector::Sender(49): _disableSentMetrics 1
[2025-05-13 23:02:59,446] [36   ] [INFO ] [] - MetricsCollector::Initialize(231): Initialized metrics collector
- session id: d24a9342-5ca6-49b8-b791-21820418c456
- device id: 4ca35884-a93a-48fc-ad16-80b2a90aa32e
- application id: Box Tools Win exe
- application name: BoxTools
- application version: 4.28.1.1163
- metric collection url: https://client-log.box.com/index.php?rm=box_gen204_json_record
- metric data path: C:\Users\pcedillo\AppData\Local\Box\Box Tools\Metrics\BoxTools_Metrics_EFD61745.db
- post callback: 05945A26
- log callback: 05945A9E
- context: 00000000
- post interval in seconds: 600
- max records in a post: 100
- max db records: 500
- disable sender: true
[2025-05-13 23:02:59,479] [36   ] [INFO ] [] - Shutting down the metrics collector
