[2024-10-21 00:08:14,223] [47   ] [INFO ] [] - Initializing the metrics collector
[2024-10-21 00:08:14,239] [47   ] [INFO ] [] - MetricsCollector::Sender(49): _disableSentMetrics 1
[2024-10-21 00:08:14,239] [47   ] [INFO ] [] - MetricsCollector::Initialize(231): Initialized metrics collector
- session id: b8d4a4bd-e4f9-4079-89d0-1073a56071c9
- device id: 4ca35884-a93a-48fc-ad16-80b2a90aa32e
- application id: Box Tools Win exe
- application name: BoxTools
- application version: 4.26.1.1109
- metric collection url: https://client-log.box.com/index.php?rm=box_gen204_json_record
- metric data path: C:\Users\pcedillo\AppData\Local\Box\Box Tools\Metrics\BoxTools_Metrics.db
- post callback: 04CA391E
- log callback: 04CA3B76
- context: 00000000
- post interval in seconds: 600
- max records in a post: 100
- max db records: 500
- disable sender: true
[2024-10-21 00:08:14,239] [47   ] [INFO ] [] - Shutting down the metrics collector
[2024-10-21 00:18:14,077] [48   ] [INFO ] [] - Initializing the metrics collector
[2024-10-21 00:18:14,077] [48   ] [INFO ] [] - MetricsCollector::Sender(49): _disableSentMetrics 1
[2024-10-21 00:18:14,077] [48   ] [INFO ] [] - MetricsCollector::Initialize(231): Initialized metrics collector
- session id: b8d4a4bd-e4f9-4079-89d0-1073a56071c9
- device id: 4ca35884-a93a-48fc-ad16-80b2a90aa32e
- application id: Box Tools Win exe
- application name: BoxTools
- application version: 4.26.1.1109
- metric collection url: https://client-log.box.com/index.php?rm=box_gen204_json_record
- metric data path: C:\Users\pcedillo\AppData\Local\Box\Box Tools\Metrics\BoxTools_Metrics.db
- post callback: 04CA391E
- log callback: 04CA3B76
- context: 00000000
- post interval in seconds: 600
- max records in a post: 100
- max db records: 500
- disable sender: true
[2024-10-21 00:18:14,077] [48   ] [INFO ] [] - Shutting down the metrics collector
[2024-10-21 00:28:14,112] [42   ] [INFO ] [] - Initializing the metrics collector
[2024-10-21 00:28:14,115] [42   ] [INFO ] [] - MetricsCollector::Sender(49): _disableSentMetrics 1
[2024-10-21 00:28:14,115] [42   ] [INFO ] [] - MetricsCollector::Initialize(231): Initialized metrics collector
- session id: b8d4a4bd-e4f9-4079-89d0-1073a56071c9
- device id: 4ca35884-a93a-48fc-ad16-80b2a90aa32e
- application id: Box Tools Win exe
- application name: BoxTools
- application version: 4.26.1.1109
- metric collection url: https://client-log.box.com/index.php?rm=box_gen204_json_record
- metric data path: C:\Users\pcedillo\AppData\Local\Box\Box Tools\Metrics\BoxTools_Metrics.db
- post callback: 04CA391E
- log callback: 04CA3B76
- context: 00000000
- post interval in seconds: 600
- max records in a post: 100
- max db records: 500
- disable sender: true
[2024-10-21 00:28:14,132] [42   ] [INFO ] [] - Shutting down the metrics collector
[2024-10-21 00:38:14,161] [86   ] [INFO ] [] - Initializing the metrics collector
[2024-10-21 00:38:14,161] [86   ] [INFO ] [] - MetricsCollector::Sender(49): _disableSentMetrics 1
[2024-10-21 00:38:14,161] [86   ] [INFO ] [] - MetricsCollector::Initialize(231): Initialized metrics collector
- session id: b8d4a4bd-e4f9-4079-89d0-1073a56071c9
- device id: 4ca35884-a93a-48fc-ad16-80b2a90aa32e
- application id: Box Tools Win exe
- application name: BoxTools
- application version: 4.26.1.1109
- metric collection url: https://client-log.box.com/index.php?rm=box_gen204_json_record
- metric data path: C:\Users\pcedillo\AppData\Local\Box\Box Tools\Metrics\BoxTools_Metrics.db
- post callback: 04CA391E
- log callback: 04CA3B76
- context: 00000000
- post interval in seconds: 600
- max records in a post: 100
- max db records: 500
- disable sender: true
[2024-10-21 00:38:14,177] [86   ] [INFO ] [] - Shutting down the metrics collector
[2024-10-21 00:48:17,967] [106  ] [INFO ] [] - Initializing the metrics collector
[2024-10-21 00:48:17,967] [106  ] [INFO ] [] - MetricsCollector::Sender(49): _disableSentMetrics 1
[2024-10-21 00:48:17,967] [106  ] [INFO ] [] - MetricsCollector::Initialize(231): Initialized metrics collector
- session id: b8d4a4bd-e4f9-4079-89d0-1073a56071c9
- device id: 4ca35884-a93a-48fc-ad16-80b2a90aa32e
- application id: Box Tools Win exe
- application name: BoxTools
- application version: 4.26.1.1109
- metric collection url: https://client-log.box.com/index.php?rm=box_gen204_json_record
- metric data path: C:\Users\pcedillo\AppData\Local\Box\Box Tools\Metrics\BoxTools_Metrics.db
- post callback: 04CA391E
- log callback: 04CA3B76
- context: 00000000
- post interval in seconds: 600
- max records in a post: 100
- max db records: 500
- disable sender: true
[2024-10-21 00:48:17,987] [106  ] [INFO ] [] - Shutting down the metrics collector
[2024-10-21 00:58:20,804] [92   ] [INFO ] [] - Initializing the metrics collector
[2024-10-21 00:58:20,804] [92   ] [INFO ] [] - MetricsCollector::Sender(49): _disableSentMetrics 1
[2024-10-21 00:58:20,804] [92   ] [INFO ] [] - MetricsCollector::Initialize(231): Initialized metrics collector
- session id: b8d4a4bd-e4f9-4079-89d0-1073a56071c9
- device id: 4ca35884-a93a-48fc-ad16-80b2a90aa32e
- application id: Box Tools Win exe
- application name: BoxTools
- application version: 4.26.1.1109
- metric collection url: https://client-log.box.com/index.php?rm=box_gen204_json_record
- metric data path: C:\Users\pcedillo\AppData\Local\Box\Box Tools\Metrics\BoxTools_Metrics.db
- post callback: 04CA391E
- log callback: 04CA3B76
- context: 00000000
- post interval in seconds: 600
- max records in a post: 100
- max db records: 500
- disable sender: true
[2024-10-21 00:58:20,819] [92   ] [INFO ] [] - Shutting down the metrics collector
[2024-10-21 01:08:20,445] [16   ] [INFO ] [] - Initializing the metrics collector
[2024-10-21 01:08:20,445] [16   ] [INFO ] [] - MetricsCollector::Sender(49): _disableSentMetrics 1
[2024-10-21 01:08:20,445] [16   ] [INFO ] [] - MetricsCollector::Initialize(231): Initialized metrics collector
- session id: b8d4a4bd-e4f9-4079-89d0-1073a56071c9
- device id: 4ca35884-a93a-48fc-ad16-80b2a90aa32e
- application id: Box Tools Win exe
- application name: BoxTools
- application version: 4.26.1.1109
- metric collection url: https://client-log.box.com/index.php?rm=box_gen204_json_record
- metric data path: C:\Users\pcedillo\AppData\Local\Box\Box Tools\Metrics\BoxTools_Metrics.db
- post callback: 04CA391E
- log callback: 04CA3B76
- context: 00000000
- post interval in seconds: 600
- max records in a post: 100
- max db records: 500
- disable sender: true
[2024-10-21 01:08:20,462] [16   ] [INFO ] [] - Shutting down the metrics collector
[2024-10-21 01:18:20,541] [105  ] [INFO ] [] - Initializing the metrics collector
[2024-10-21 01:18:20,556] [105  ] [INFO ] [] - MetricsCollector::Sender(49): _disableSentMetrics 1
[2024-10-21 01:18:20,556] [105  ] [INFO ] [] - MetricsCollector::Initialize(231): Initialized metrics collector
- session id: b8d4a4bd-e4f9-4079-89d0-1073a56071c9
- device id: 4ca35884-a93a-48fc-ad16-80b2a90aa32e
- application id: Box Tools Win exe
- application name: BoxTools
- application version: 4.26.1.1109
- metric collection url: https://client-log.box.com/index.php?rm=box_gen204_json_record
- metric data path: C:\Users\pcedillo\AppData\Local\Box\Box Tools\Metrics\BoxTools_Metrics.db
- post callback: 04CA391E
- log callback: 04CA3B76
- context: 00000000
- post interval in seconds: 600
- max records in a post: 100
- max db records: 500
- disable sender: true
[2024-10-21 01:18:20,574] [105  ] [INFO ] [] - Shutting down the metrics collector
[2024-10-21 01:28:20,395] [91   ] [INFO ] [] - Initializing the metrics collector
[2024-10-21 01:28:20,395] [91   ] [INFO ] [] - MetricsCollector::Sender(49): _disableSentMetrics 1
[2024-10-21 01:28:20,395] [91   ] [INFO ] [] - MetricsCollector::Initialize(231): Initialized metrics collector
- session id: b8d4a4bd-e4f9-4079-89d0-1073a56071c9
- device id: 4ca35884-a93a-48fc-ad16-80b2a90aa32e
- application id: Box Tools Win exe
- application name: BoxTools
- application version: 4.26.1.1109
- metric collection url: https://client-log.box.com/index.php?rm=box_gen204_json_record
- metric data path: C:\Users\pcedillo\AppData\Local\Box\Box Tools\Metrics\BoxTools_Metrics.db
- post callback: 04CA391E
- log callback: 04CA3B76
- context: 00000000
- post interval in seconds: 600
- max records in a post: 100
- max db records: 500
- disable sender: true
[2024-10-21 01:28:20,411] [91   ] [INFO ] [] - Shutting down the metrics collector
[2024-10-21 01:38:20,398] [89   ] [INFO ] [] - Initializing the metrics collector
[2024-10-21 01:38:20,409] [89   ] [INFO ] [] - MetricsCollector::Sender(49): _disableSentMetrics 1
[2024-10-21 01:38:20,409] [89   ] [INFO ] [] - MetricsCollector::Initialize(231): Initialized metrics collector
- session id: b8d4a4bd-e4f9-4079-89d0-1073a56071c9
- device id: 4ca35884-a93a-48fc-ad16-80b2a90aa32e
- application id: Box Tools Win exe
- application name: BoxTools
- application version: 4.26.1.1109
- metric collection url: https://client-log.box.com/index.php?rm=box_gen204_json_record
- metric data path: C:\Users\pcedillo\AppData\Local\Box\Box Tools\Metrics\BoxTools_Metrics.db
- post callback: 04CA391E
- log callback: 04CA3B76
- context: 00000000
- post interval in seconds: 600
- max records in a post: 100
- max db records: 500
- disable sender: true
[2024-10-21 01:38:20,419] [89   ] [INFO ] [] - Shutting down the metrics collector
[2024-10-21 01:48:20,330] [107  ] [INFO ] [] - Initializing the metrics collector
[2024-10-21 01:48:20,330] [107  ] [INFO ] [] - MetricsCollector::Sender(49): _disableSentMetrics 1
[2024-10-21 01:48:20,330] [107  ] [INFO ] [] - MetricsCollector::Initialize(231): Initialized metrics collector
- session id: b8d4a4bd-e4f9-4079-89d0-1073a56071c9
- device id: 4ca35884-a93a-48fc-ad16-80b2a90aa32e
- application id: Box Tools Win exe
- application name: BoxTools
- application version: 4.26.1.1109
- metric collection url: https://client-log.box.com/index.php?rm=box_gen204_json_record
- metric data path: C:\Users\pcedillo\AppData\Local\Box\Box Tools\Metrics\BoxTools_Metrics.db
- post callback: 04CA391E
- log callback: 04CA3B76
- context: 00000000
- post interval in seconds: 600
- max records in a post: 100
- max db records: 500
- disable sender: true
[2024-10-21 01:48:20,350] [107  ] [INFO ] [] - Shutting down the metrics collector
[2024-10-21 01:58:20,277] [43   ] [INFO ] [] - Initializing the metrics collector
[2024-10-21 01:58:20,281] [43   ] [INFO ] [] - MetricsCollector::Sender(49): _disableSentMetrics 1
[2024-10-21 01:58:20,281] [43   ] [INFO ] [] - MetricsCollector::Initialize(231): Initialized metrics collector
- session id: b8d4a4bd-e4f9-4079-89d0-1073a56071c9
- device id: 4ca35884-a93a-48fc-ad16-80b2a90aa32e
- application id: Box Tools Win exe
- application name: BoxTools
- application version: 4.26.1.1109
- metric collection url: https://client-log.box.com/index.php?rm=box_gen204_json_record
- metric data path: C:\Users\pcedillo\AppData\Local\Box\Box Tools\Metrics\BoxTools_Metrics.db
- post callback: 04CA391E
- log callback: 04CA3B76
- context: 00000000
- post interval in seconds: 600
- max records in a post: 100
- max db records: 500
- disable sender: true
[2024-10-21 01:58:20,293] [43   ] [INFO ] [] - Shutting down the metrics collector
[2024-10-21 02:08:20,298] [90   ] [INFO ] [] - Initializing the metrics collector
[2024-10-21 02:08:20,298] [90   ] [INFO ] [] - MetricsCollector::Sender(49): _disableSentMetrics 1
[2024-10-21 02:08:20,298] [90   ] [INFO ] [] - MetricsCollector::Initialize(231): Initialized metrics collector
- session id: b8d4a4bd-e4f9-4079-89d0-1073a56071c9
- device id: 4ca35884-a93a-48fc-ad16-80b2a90aa32e
- application id: Box Tools Win exe
- application name: BoxTools
- application version: 4.26.1.1109
- metric collection url: https://client-log.box.com/index.php?rm=box_gen204_json_record
- metric data path: C:\Users\pcedillo\AppData\Local\Box\Box Tools\Metrics\BoxTools_Metrics.db
- post callback: 04CA391E
- log callback: 04CA3B76
- context: 00000000
- post interval in seconds: 600
- max records in a post: 100
- max db records: 500
- disable sender: true
[2024-10-21 02:08:20,315] [90   ] [INFO ] [] - Shutting down the metrics collector
[2024-10-21 02:18:20,210] [110  ] [INFO ] [] - Initializing the metrics collector
[2024-10-21 02:18:20,220] [110  ] [INFO ] [] - MetricsCollector::Sender(49): _disableSentMetrics 1
[2024-10-21 02:18:20,221] [110  ] [INFO ] [] - MetricsCollector::Initialize(231): Initialized metrics collector
- session id: b8d4a4bd-e4f9-4079-89d0-1073a56071c9
- device id: 4ca35884-a93a-48fc-ad16-80b2a90aa32e
- application id: Box Tools Win exe
- application name: BoxTools
- application version: 4.26.1.1109
- metric collection url: https://client-log.box.com/index.php?rm=box_gen204_json_record
- metric data path: C:\Users\pcedillo\AppData\Local\Box\Box Tools\Metrics\BoxTools_Metrics.db
- post callback: 04CA391E
- log callback: 04CA3B76
- context: 00000000
- post interval in seconds: 600
- max records in a post: 100
- max db records: 500
- disable sender: true
[2024-10-21 02:18:20,226] [110  ] [INFO ] [] - Shutting down the metrics collector
[2024-10-21 02:28:20,236] [21   ] [INFO ] [] - Initializing the metrics collector
[2024-10-21 02:28:20,243] [21   ] [INFO ] [] - MetricsCollector::Sender(49): _disableSentMetrics 1
[2024-10-21 02:28:20,243] [21   ] [INFO ] [] - MetricsCollector::Initialize(231): Initialized metrics collector
- session id: b8d4a4bd-e4f9-4079-89d0-1073a56071c9
- device id: 4ca35884-a93a-48fc-ad16-80b2a90aa32e
- application id: Box Tools Win exe
- application name: BoxTools
- application version: 4.26.1.1109
- metric collection url: https://client-log.box.com/index.php?rm=box_gen204_json_record
- metric data path: C:\Users\pcedillo\AppData\Local\Box\Box Tools\Metrics\BoxTools_Metrics.db
- post callback: 04CA391E
- log callback: 04CA3B76
- context: 00000000
- post interval in seconds: 600
- max records in a post: 100
- max db records: 500
- disable sender: true
[2024-10-21 02:28:20,253] [21   ] [INFO ] [] - Shutting down the metrics collector
[2024-10-21 02:38:20,153] [19   ] [INFO ] [] - Initializing the metrics collector
[2024-10-21 02:38:20,155] [19   ] [INFO ] [] - MetricsCollector::Sender(49): _disableSentMetrics 1
[2024-10-21 02:38:20,155] [19   ] [INFO ] [] - MetricsCollector::Initialize(231): Initialized metrics collector
- session id: b8d4a4bd-e4f9-4079-89d0-1073a56071c9
- device id: 4ca35884-a93a-48fc-ad16-80b2a90aa32e
- application id: Box Tools Win exe
- application name: BoxTools
- application version: 4.26.1.1109
- metric collection url: https://client-log.box.com/index.php?rm=box_gen204_json_record
- metric data path: C:\Users\pcedillo\AppData\Local\Box\Box Tools\Metrics\BoxTools_Metrics.db
- post callback: 04CA391E
- log callback: 04CA3B76
- context: 00000000
- post interval in seconds: 600
- max records in a post: 100
- max db records: 500
- disable sender: true
[2024-10-21 02:38:20,169] [19   ] [INFO ] [] - Shutting down the metrics collector
[2024-10-21 02:48:20,218] [39   ] [INFO ] [] - Initializing the metrics collector
[2024-10-21 02:48:20,218] [39   ] [INFO ] [] - MetricsCollector::Sender(49): _disableSentMetrics 1
[2024-10-21 02:48:20,218] [39   ] [INFO ] [] - MetricsCollector::Initialize(231): Initialized metrics collector
- session id: b8d4a4bd-e4f9-4079-89d0-1073a56071c9
- device id: 4ca35884-a93a-48fc-ad16-80b2a90aa32e
- application id: Box Tools Win exe
- application name: BoxTools
- application version: 4.26.1.1109
- metric collection url: https://client-log.box.com/index.php?rm=box_gen204_json_record
- metric data path: C:\Users\pcedillo\AppData\Local\Box\Box Tools\Metrics\BoxTools_Metrics.db
- post callback: 04CA391E
- log callback: 04CA3B76
- context: 00000000
- post interval in seconds: 600
- max records in a post: 100
- max db records: 500
- disable sender: true
[2024-10-21 02:48:20,234] [39   ] [INFO ] [] - Shutting down the metrics collector
[2024-10-21 02:58:20,298] [84   ] [INFO ] [] - Initializing the metrics collector
[2024-10-21 02:58:20,298] [84   ] [INFO ] [] - MetricsCollector::Sender(49): _disableSentMetrics 1
[2024-10-21 02:58:20,298] [84   ] [INFO ] [] - MetricsCollector::Initialize(231): Initialized metrics collector
- session id: b8d4a4bd-e4f9-4079-89d0-1073a56071c9
- device id: 4ca35884-a93a-48fc-ad16-80b2a90aa32e
- application id: Box Tools Win exe
- application name: BoxTools
- application version: 4.26.1.1109
- metric collection url: https://client-log.box.com/index.php?rm=box_gen204_json_record
- metric data path: C:\Users\pcedillo\AppData\Local\Box\Box Tools\Metrics\BoxTools_Metrics.db
- post callback: 04CA391E
- log callback: 04CA3B76
- context: 00000000
- post interval in seconds: 600
- max records in a post: 100
- max db records: 500
- disable sender: true
[2024-10-21 02:58:20,313] [84   ] [INFO ] [] - Shutting down the metrics collector
[2024-10-21 03:08:20,096] [37   ] [INFO ] [] - Initializing the metrics collector
[2024-10-21 03:08:20,102] [37   ] [INFO ] [] - MetricsCollector::Sender(49): _disableSentMetrics 1
[2024-10-21 03:08:20,102] [37   ] [INFO ] [] - MetricsCollector::Initialize(231): Initialized metrics collector
- session id: b8d4a4bd-e4f9-4079-89d0-1073a56071c9
- device id: 4ca35884-a93a-48fc-ad16-80b2a90aa32e
- application id: Box Tools Win exe
- application name: BoxTools
- application version: 4.26.1.1109
- metric collection url: https://client-log.box.com/index.php?rm=box_gen204_json_record
- metric data path: C:\Users\pcedillo\AppData\Local\Box\Box Tools\Metrics\BoxTools_Metrics.db
- post callback: 04CA391E
- log callback: 04CA3B76
- context: 00000000
- post interval in seconds: 600
- max records in a post: 100
- max db records: 500
- disable sender: true
[2024-10-21 03:08:20,112] [37   ] [INFO ] [] - Shutting down the metrics collector
[2024-10-21 03:18:20,049] [101  ] [INFO ] [] - Initializing the metrics collector
[2024-10-21 03:18:20,059] [101  ] [INFO ] [] - MetricsCollector::Sender(49): _disableSentMetrics 1
[2024-10-21 03:18:20,059] [101  ] [INFO ] [] - MetricsCollector::Initialize(231): Initialized metrics collector
- session id: b8d4a4bd-e4f9-4079-89d0-1073a56071c9
- device id: 4ca35884-a93a-48fc-ad16-80b2a90aa32e
- application id: Box Tools Win exe
- application name: BoxTools
- application version: 4.26.1.1109
- metric collection url: https://client-log.box.com/index.php?rm=box_gen204_json_record
- metric data path: C:\Users\pcedillo\AppData\Local\Box\Box Tools\Metrics\BoxTools_Metrics.db
- post callback: 04CA391E
- log callback: 04CA3B76
- context: 00000000
- post interval in seconds: 600
- max records in a post: 100
- max db records: 500
- disable sender: true
[2024-10-21 03:18:20,065] [101  ] [INFO ] [] - Shutting down the metrics collector
[2024-10-21 03:28:20,127] [100  ] [INFO ] [] - Initializing the metrics collector
[2024-10-21 03:28:20,127] [100  ] [INFO ] [] - MetricsCollector::Sender(49): _disableSentMetrics 1
[2024-10-21 03:28:20,127] [100  ] [INFO ] [] - MetricsCollector::Initialize(231): Initialized metrics collector
- session id: b8d4a4bd-e4f9-4079-89d0-1073a56071c9
- device id: 4ca35884-a93a-48fc-ad16-80b2a90aa32e
- application id: Box Tools Win exe
- application name: BoxTools
- application version: 4.26.1.1109
- metric collection url: https://client-log.box.com/index.php?rm=box_gen204_json_record
- metric data path: C:\Users\pcedillo\AppData\Local\Box\Box Tools\Metrics\BoxTools_Metrics.db
- post callback: 04CA391E
- log callback: 04CA3B76
- context: 00000000
- post interval in seconds: 600
- max records in a post: 100
- max db records: 500
- disable sender: true
[2024-10-21 03:28:20,143] [100  ] [INFO ] [] - Shutting down the metrics collector
[2024-10-21 03:38:20,102] [99   ] [INFO ] [] - Initializing the metrics collector
[2024-10-21 03:38:20,112] [99   ] [INFO ] [] - MetricsCollector::Sender(49): _disableSentMetrics 1
[2024-10-21 03:38:20,112] [99   ] [INFO ] [] - MetricsCollector::Initialize(231): Initialized metrics collector
- session id: b8d4a4bd-e4f9-4079-89d0-1073a56071c9
- device id: 4ca35884-a93a-48fc-ad16-80b2a90aa32e
- application id: Box Tools Win exe
- application name: BoxTools
- application version: 4.26.1.1109
- metric collection url: https://client-log.box.com/index.php?rm=box_gen204_json_record
- metric data path: C:\Users\pcedillo\AppData\Local\Box\Box Tools\Metrics\BoxTools_Metrics.db
- post callback: 04CA391E
- log callback: 04CA3B76
- context: 00000000
- post interval in seconds: 600
- max records in a post: 100
- max db records: 500
- disable sender: true
[2024-10-21 03:38:20,120] [99   ] [INFO ] [] - Shutting down the metrics collector
[2024-10-21 03:48:19,924] [98   ] [INFO ] [] - Initializing the metrics collector
[2024-10-21 03:48:19,930] [98   ] [INFO ] [] - MetricsCollector::Sender(49): _disableSentMetrics 1
[2024-10-21 03:48:19,930] [98   ] [INFO ] [] - MetricsCollector::Initialize(231): Initialized metrics collector
- session id: b8d4a4bd-e4f9-4079-89d0-1073a56071c9
- device id: 4ca35884-a93a-48fc-ad16-80b2a90aa32e
- application id: Box Tools Win exe
- application name: BoxTools
- application version: 4.26.1.1109
- metric collection url: https://client-log.box.com/index.php?rm=box_gen204_json_record
- metric data path: C:\Users\pcedillo\AppData\Local\Box\Box Tools\Metrics\BoxTools_Metrics.db
- post callback: 04CA391E
- log callback: 04CA3B76
- context: 00000000
- post interval in seconds: 600
- max records in a post: 100
- max db records: 500
- disable sender: true
[2024-10-21 03:48:19,930] [98   ] [INFO ] [] - Shutting down the metrics collector
[2024-10-21 03:58:19,951] [96   ] [INFO ] [] - Initializing the metrics collector
[2024-10-21 03:58:19,951] [96   ] [INFO ] [] - MetricsCollector::Sender(49): _disableSentMetrics 1
[2024-10-21 03:58:19,951] [96   ] [INFO ] [] - MetricsCollector::Initialize(231): Initialized metrics collector
- session id: b8d4a4bd-e4f9-4079-89d0-1073a56071c9
- device id: 4ca35884-a93a-48fc-ad16-80b2a90aa32e
- application id: Box Tools Win exe
- application name: BoxTools
- application version: 4.26.1.1109
- metric collection url: https://client-log.box.com/index.php?rm=box_gen204_json_record
- metric data path: C:\Users\pcedillo\AppData\Local\Box\Box Tools\Metrics\BoxTools_Metrics.db
- post callback: 04CA391E
- log callback: 04CA3B76
- context: 00000000
- post interval in seconds: 600
- max records in a post: 100
- max db records: 500
- disable sender: true
[2024-10-21 03:58:19,971] [96   ] [INFO ] [] - Shutting down the metrics collector
[2024-10-21 04:08:20,029] [95   ] [INFO ] [] - Initializing the metrics collector
[2024-10-21 04:08:20,029] [95   ] [INFO ] [] - MetricsCollector::Sender(49): _disableSentMetrics 1
[2024-10-21 04:08:20,029] [95   ] [INFO ] [] - MetricsCollector::Initialize(231): Initialized metrics collector
- session id: b8d4a4bd-e4f9-4079-89d0-1073a56071c9
- device id: 4ca35884-a93a-48fc-ad16-80b2a90aa32e
- application id: Box Tools Win exe
- application name: BoxTools
- application version: 4.26.1.1109
- metric collection url: https://client-log.box.com/index.php?rm=box_gen204_json_record
- metric data path: C:\Users\pcedillo\AppData\Local\Box\Box Tools\Metrics\BoxTools_Metrics.db
- post callback: 04CA391E
- log callback: 04CA3B76
- context: 00000000
- post interval in seconds: 600
- max records in a post: 100
- max db records: 500
- disable sender: true
[2024-10-21 04:08:20,044] [95   ] [INFO ] [] - Shutting down the metrics collector
[2024-10-21 04:18:19,821] [97   ] [INFO ] [] - Initializing the metrics collector
[2024-10-21 04:18:19,821] [97   ] [INFO ] [] - MetricsCollector::Sender(49): _disableSentMetrics 1
[2024-10-21 04:18:19,821] [97   ] [INFO ] [] - MetricsCollector::Initialize(231): Initialized metrics collector
- session id: b8d4a4bd-e4f9-4079-89d0-1073a56071c9
- device id: 4ca35884-a93a-48fc-ad16-80b2a90aa32e
- application id: Box Tools Win exe
- application name: BoxTools
- application version: 4.26.1.1109
- metric collection url: https://client-log.box.com/index.php?rm=box_gen204_json_record
- metric data path: C:\Users\pcedillo\AppData\Local\Box\Box Tools\Metrics\BoxTools_Metrics.db
- post callback: 04CA391E
- log callback: 04CA3B76
- context: 00000000
- post interval in seconds: 600
- max records in a post: 100
- max db records: 500
- disable sender: true
[2024-10-21 04:18:19,839] [97   ] [INFO ] [] - Shutting down the metrics collector
[2024-10-21 04:28:19,831] [93   ] [INFO ] [] - Initializing the metrics collector
[2024-10-21 04:28:19,831] [93   ] [INFO ] [] - MetricsCollector::Sender(49): _disableSentMetrics 1
[2024-10-21 04:28:19,831] [93   ] [INFO ] [] - MetricsCollector::Initialize(231): Initialized metrics collector
- session id: b8d4a4bd-e4f9-4079-89d0-1073a56071c9
- device id: 4ca35884-a93a-48fc-ad16-80b2a90aa32e
- application id: Box Tools Win exe
- application name: BoxTools
- application version: 4.26.1.1109
- metric collection url: https://client-log.box.com/index.php?rm=box_gen204_json_record
- metric data path: C:\Users\pcedillo\AppData\Local\Box\Box Tools\Metrics\BoxTools_Metrics.db
- post callback: 04CA391E
- log callback: 04CA3B76
- context: 00000000
- post interval in seconds: 600
- max records in a post: 100
- max db records: 500
- disable sender: true
[2024-10-21 04:28:19,846] [93   ] [INFO ] [] - Shutting down the metrics collector
[2024-10-21 04:38:19,880] [46   ] [INFO ] [] - Initializing the metrics collector
[2024-10-21 04:38:19,884] [46   ] [INFO ] [] - MetricsCollector::Sender(49): _disableSentMetrics 1
[2024-10-21 04:38:19,884] [46   ] [INFO ] [] - MetricsCollector::Initialize(231): Initialized metrics collector
- session id: b8d4a4bd-e4f9-4079-89d0-1073a56071c9
- device id: 4ca35884-a93a-48fc-ad16-80b2a90aa32e
- application id: Box Tools Win exe
- application name: BoxTools
- application version: 4.26.1.1109
- metric collection url: https://client-log.box.com/index.php?rm=box_gen204_json_record
- metric data path: C:\Users\pcedillo\AppData\Local\Box\Box Tools\Metrics\BoxTools_Metrics.db
- post callback: 04CA391E
- log callback: 04CA3B76
- context: 00000000
- post interval in seconds: 600
- max records in a post: 100
- max db records: 500
- disable sender: true
[2024-10-21 04:38:19,901] [46   ] [INFO ] [] - Shutting down the metrics collector
[2024-10-21 04:48:19,853] [94   ] [INFO ] [] - Initializing the metrics collector
[2024-10-21 04:48:19,853] [94   ] [INFO ] [] - MetricsCollector::Sender(49): _disableSentMetrics 1
[2024-10-21 04:48:19,853] [94   ] [INFO ] [] - MetricsCollector::Initialize(231): Initialized metrics collector
- session id: b8d4a4bd-e4f9-4079-89d0-1073a56071c9
- device id: 4ca35884-a93a-48fc-ad16-80b2a90aa32e
- application id: Box Tools Win exe
- application name: BoxTools
- application version: 4.26.1.1109
- metric collection url: https://client-log.box.com/index.php?rm=box_gen204_json_record
- metric data path: C:\Users\pcedillo\AppData\Local\Box\Box Tools\Metrics\BoxTools_Metrics.db
- post callback: 04CA391E
- log callback: 04CA3B76
- context: 00000000
- post interval in seconds: 600
- max records in a post: 100
- max db records: 500
- disable sender: true
[2024-10-21 04:48:19,868] [94   ] [INFO ] [] - Shutting down the metrics collector
[2024-10-21 04:58:19,749] [49   ] [INFO ] [] - Initializing the metrics collector
[2024-10-21 04:58:19,751] [49   ] [INFO ] [] - MetricsCollector::Sender(49): _disableSentMetrics 1
[2024-10-21 04:58:19,751] [49   ] [INFO ] [] - MetricsCollector::Initialize(231): Initialized metrics collector
- session id: b8d4a4bd-e4f9-4079-89d0-1073a56071c9
- device id: 4ca35884-a93a-48fc-ad16-80b2a90aa32e
- application id: Box Tools Win exe
- application name: BoxTools
- application version: 4.26.1.1109
- metric collection url: https://client-log.box.com/index.php?rm=box_gen204_json_record
- metric data path: C:\Users\pcedillo\AppData\Local\Box\Box Tools\Metrics\BoxTools_Metrics.db
- post callback: 04CA391E
- log callback: 04CA3B76
- context: 00000000
- post interval in seconds: 600
- max records in a post: 100
- max db records: 500
- disable sender: true
[2024-10-21 04:58:19,769] [49   ] [INFO ] [] - Shutting down the metrics collector
[2024-10-21 05:08:19,763] [55   ] [INFO ] [] - Initializing the metrics collector
[2024-10-21 05:08:19,763] [55   ] [INFO ] [] - MetricsCollector::Sender(49): _disableSentMetrics 1
[2024-10-21 05:08:19,763] [55   ] [INFO ] [] - MetricsCollector::Initialize(231): Initialized metrics collector
- session id: b8d4a4bd-e4f9-4079-89d0-1073a56071c9
- device id: 4ca35884-a93a-48fc-ad16-80b2a90aa32e
- application id: Box Tools Win exe
- application name: BoxTools
- application version: 4.26.1.1109
- metric collection url: https://client-log.box.com/index.php?rm=box_gen204_json_record
- metric data path: C:\Users\pcedillo\AppData\Local\Box\Box Tools\Metrics\BoxTools_Metrics.db
- post callback: 04CA391E
- log callback: 04CA3B76
- context: 00000000
- post interval in seconds: 600
- max records in a post: 100
- max db records: 500
- disable sender: true
[2024-10-21 05:08:19,778] [55   ] [INFO ] [] - Shutting down the metrics collector
[2024-10-21 05:18:19,797] [45   ] [INFO ] [] - Initializing the metrics collector
[2024-10-21 05:18:19,798] [45   ] [INFO ] [] - MetricsCollector::Sender(49): _disableSentMetrics 1
[2024-10-21 05:18:19,798] [45   ] [INFO ] [] - MetricsCollector::Initialize(231): Initialized metrics collector
- session id: b8d4a4bd-e4f9-4079-89d0-1073a56071c9
- device id: 4ca35884-a93a-48fc-ad16-80b2a90aa32e
- application id: Box Tools Win exe
- application name: BoxTools
- application version: 4.26.1.1109
- metric collection url: https://client-log.box.com/index.php?rm=box_gen204_json_record
- metric data path: C:\Users\pcedillo\AppData\Local\Box\Box Tools\Metrics\BoxTools_Metrics.db
- post callback: 04CA391E
- log callback: 04CA3B76
- context: 00000000
- post interval in seconds: 600
- max records in a post: 100
- max db records: 500
- disable sender: true
[2024-10-21 05:18:19,813] [45   ] [INFO ] [] - Shutting down the metrics collector
[2024-10-21 05:28:19,654] [83   ] [INFO ] [] - Initializing the metrics collector
[2024-10-21 05:28:19,654] [83   ] [INFO ] [] - MetricsCollector::Sender(49): _disableSentMetrics 1
[2024-10-21 05:28:19,654] [83   ] [INFO ] [] - MetricsCollector::Initialize(231): Initialized metrics collector
- session id: b8d4a4bd-e4f9-4079-89d0-1073a56071c9
- device id: 4ca35884-a93a-48fc-ad16-80b2a90aa32e
- application id: Box Tools Win exe
- application name: BoxTools
- application version: 4.26.1.1109
- metric collection url: https://client-log.box.com/index.php?rm=box_gen204_json_record
- metric data path: C:\Users\pcedillo\AppData\Local\Box\Box Tools\Metrics\BoxTools_Metrics.db
- post callback: 04CA391E
- log callback: 04CA3B76
- context: 00000000
- post interval in seconds: 600
- max records in a post: 100
- max db records: 500
- disable sender: true
[2024-10-21 05:28:19,675] [83   ] [INFO ] [] - Shutting down the metrics collector
[2024-10-21 05:38:19,617] [22   ] [INFO ] [] - Initializing the metrics collector
[2024-10-21 05:38:19,617] [22   ] [INFO ] [] - MetricsCollector::Sender(49): _disableSentMetrics 1
[2024-10-21 05:38:19,617] [22   ] [INFO ] [] - MetricsCollector::Initialize(231): Initialized metrics collector
- session id: b8d4a4bd-e4f9-4079-89d0-1073a56071c9
- device id: 4ca35884-a93a-48fc-ad16-80b2a90aa32e
- application id: Box Tools Win exe
- application name: BoxTools
- application version: 4.26.1.1109
- metric collection url: https://client-log.box.com/index.php?rm=box_gen204_json_record
- metric data path: C:\Users\pcedillo\AppData\Local\Box\Box Tools\Metrics\BoxTools_Metrics.db
- post callback: 04CA391E
- log callback: 04CA3B76
- context: 00000000
- post interval in seconds: 600
- max records in a post: 100
- max db records: 500
- disable sender: true
[2024-10-21 05:38:19,635] [22   ] [INFO ] [] - Shutting down the metrics collector
[2024-10-21 05:48:19,646] [18   ] [INFO ] [] - Initializing the metrics collector
[2024-10-21 05:48:19,646] [18   ] [INFO ] [] - MetricsCollector::Sender(49): _disableSentMetrics 1
[2024-10-21 05:48:19,646] [18   ] [INFO ] [] - MetricsCollector::Initialize(231): Initialized metrics collector
- session id: b8d4a4bd-e4f9-4079-89d0-1073a56071c9
- device id: 4ca35884-a93a-48fc-ad16-80b2a90aa32e
- application id: Box Tools Win exe
- application name: BoxTools
- application version: 4.26.1.1109
- metric collection url: https://client-log.box.com/index.php?rm=box_gen204_json_record
- metric data path: C:\Users\pcedillo\AppData\Local\Box\Box Tools\Metrics\BoxTools_Metrics.db
- post callback: 04CA391E
- log callback: 04CA3B76
- context: 00000000
- post interval in seconds: 600
- max records in a post: 100
- max db records: 500
- disable sender: true
[2024-10-21 05:48:19,662] [18   ] [INFO ] [] - Shutting down the metrics collector
[2024-10-21 05:58:19,565] [87   ] [INFO ] [] - Initializing the metrics collector
[2024-10-21 05:58:19,574] [87   ] [INFO ] [] - MetricsCollector::Sender(49): _disableSentMetrics 1
[2024-10-21 05:58:19,574] [87   ] [INFO ] [] - MetricsCollector::Initialize(231): Initialized metrics collector
- session id: b8d4a4bd-e4f9-4079-89d0-1073a56071c9
- device id: 4ca35884-a93a-48fc-ad16-80b2a90aa32e
- application id: Box Tools Win exe
- application name: BoxTools
- application version: 4.26.1.1109
- metric collection url: https://client-log.box.com/index.php?rm=box_gen204_json_record
- metric data path: C:\Users\pcedillo\AppData\Local\Box\Box Tools\Metrics\BoxTools_Metrics.db
- post callback: 04CA391E
- log callback: 04CA3B76
- context: 00000000
- post interval in seconds: 600
- max records in a post: 100
- max db records: 500
- disable sender: true
[2024-10-21 05:58:19,581] [87   ] [INFO ] [] - Shutting down the metrics collector
[2024-10-21 06:08:19,488] [14   ] [INFO ] [] - Initializing the metrics collector
[2024-10-21 06:08:19,493] [14   ] [INFO ] [] - MetricsCollector::Sender(49): _disableSentMetrics 1
[2024-10-21 06:08:19,493] [14   ] [INFO ] [] - MetricsCollector::Initialize(231): Initialized metrics collector
- session id: b8d4a4bd-e4f9-4079-89d0-1073a56071c9
- device id: 4ca35884-a93a-48fc-ad16-80b2a90aa32e
- application id: Box Tools Win exe
- application name: BoxTools
- application version: 4.26.1.1109
- metric collection url: https://client-log.box.com/index.php?rm=box_gen204_json_record
- metric data path: C:\Users\pcedillo\AppData\Local\Box\Box Tools\Metrics\BoxTools_Metrics.db
- post callback: 04CA391E
- log callback: 04CA3B76
- context: 00000000
- post interval in seconds: 600
- max records in a post: 100
- max db records: 500
- disable sender: true
[2024-10-21 06:08:19,504] [14   ] [INFO ] [] - Shutting down the metrics collector
[2024-10-21 06:18:19,500] [31   ] [INFO ] [] - Initializing the metrics collector
[2024-10-21 06:18:19,510] [31   ] [INFO ] [] - MetricsCollector::Sender(49): _disableSentMetrics 1
[2024-10-21 06:18:19,510] [31   ] [INFO ] [] - MetricsCollector::Initialize(231): Initialized metrics collector
- session id: b8d4a4bd-e4f9-4079-89d0-1073a56071c9
- device id: 4ca35884-a93a-48fc-ad16-80b2a90aa32e
- application id: Box Tools Win exe
- application name: BoxTools
- application version: 4.26.1.1109
- metric collection url: https://client-log.box.com/index.php?rm=box_gen204_json_record
- metric data path: C:\Users\pcedillo\AppData\Local\Box\Box Tools\Metrics\BoxTools_Metrics.db
- post callback: 04CA391E
- log callback: 04CA3B76
- context: 00000000
- post interval in seconds: 600
- max records in a post: 100
- max db records: 500
- disable sender: true
[2024-10-21 06:18:19,516] [31   ] [INFO ] [] - Shutting down the metrics collector
[2024-10-21 06:28:19,546] [23   ] [INFO ] [] - Initializing the metrics collector
[2024-10-21 06:28:19,546] [23   ] [INFO ] [] - MetricsCollector::Sender(49): _disableSentMetrics 1
[2024-10-21 06:28:19,546] [23   ] [INFO ] [] - MetricsCollector::Initialize(231): Initialized metrics collector
- session id: b8d4a4bd-e4f9-4079-89d0-1073a56071c9
- device id: 4ca35884-a93a-48fc-ad16-80b2a90aa32e
- application id: Box Tools Win exe
- application name: BoxTools
- application version: 4.26.1.1109
- metric collection url: https://client-log.box.com/index.php?rm=box_gen204_json_record
- metric data path: C:\Users\pcedillo\AppData\Local\Box\Box Tools\Metrics\BoxTools_Metrics.db
- post callback: 04CA391E
- log callback: 04CA3B76
- context: 00000000
- post interval in seconds: 600
- max records in a post: 100
- max db records: 500
- disable sender: true
[2024-10-21 06:28:19,562] [23   ] [INFO ] [] - Shutting down the metrics collector
[2024-10-21 06:38:19,597] [32   ] [INFO ] [] - Initializing the metrics collector
[2024-10-21 06:38:19,598] [32   ] [INFO ] [] - MetricsCollector::Sender(49): _disableSentMetrics 1
[2024-10-21 06:38:19,598] [32   ] [INFO ] [] - MetricsCollector::Initialize(231): Initialized metrics collector
- session id: b8d4a4bd-e4f9-4079-89d0-1073a56071c9
- device id: 4ca35884-a93a-48fc-ad16-80b2a90aa32e
- application id: Box Tools Win exe
- application name: BoxTools
- application version: 4.26.1.1109
- metric collection url: https://client-log.box.com/index.php?rm=box_gen204_json_record
- metric data path: C:\Users\pcedillo\AppData\Local\Box\Box Tools\Metrics\BoxTools_Metrics.db
- post callback: 04CA391E
- log callback: 04CA3B76
- context: 00000000
- post interval in seconds: 600
- max records in a post: 100
- max db records: 500
- disable sender: true
[2024-10-21 06:38:19,614] [32   ] [INFO ] [] - Shutting down the metrics collector
[2024-10-21 06:48:19,681] [34   ] [INFO ] [] - Initializing the metrics collector
[2024-10-21 06:48:19,681] [34   ] [INFO ] [] - MetricsCollector::Sender(49): _disableSentMetrics 1
[2024-10-21 06:48:19,681] [34   ] [INFO ] [] - MetricsCollector::Initialize(231): Initialized metrics collector
- session id: b8d4a4bd-e4f9-4079-89d0-1073a56071c9
- device id: 4ca35884-a93a-48fc-ad16-80b2a90aa32e
- application id: Box Tools Win exe
- application name: BoxTools
- application version: 4.26.1.1109
- metric collection url: https://client-log.box.com/index.php?rm=box_gen204_json_record
- metric data path: C:\Users\pcedillo\AppData\Local\Box\Box Tools\Metrics\BoxTools_Metrics.db
- post callback: 04CA391E
- log callback: 04CA3B76
- context: 00000000
- post interval in seconds: 600
- max records in a post: 100
- max db records: 500
- disable sender: true
[2024-10-21 06:48:19,696] [34   ] [INFO ] [] - Shutting down the metrics collector
[2024-10-21 06:58:19,746] [85   ] [INFO ] [] - Initializing the metrics collector
[2024-10-21 06:58:19,746] [85   ] [INFO ] [] - MetricsCollector::Sender(49): _disableSentMetrics 1
[2024-10-21 06:58:19,746] [85   ] [INFO ] [] - MetricsCollector::Initialize(231): Initialized metrics collector
- session id: b8d4a4bd-e4f9-4079-89d0-1073a56071c9
- device id: 4ca35884-a93a-48fc-ad16-80b2a90aa32e
- application id: Box Tools Win exe
- application name: BoxTools
- application version: 4.26.1.1109
- metric collection url: https://client-log.box.com/index.php?rm=box_gen204_json_record
- metric data path: C:\Users\pcedillo\AppData\Local\Box\Box Tools\Metrics\BoxTools_Metrics.db
- post callback: 04CA391E
- log callback: 04CA3B76
- context: 00000000
- post interval in seconds: 600
- max records in a post: 100
- max db records: 500
- disable sender: true
[2024-10-21 06:58:19,762] [85   ] [INFO ] [] - Shutting down the metrics collector
[2024-10-21 07:08:19,499] [33   ] [INFO ] [] - Initializing the metrics collector
[2024-10-21 07:08:19,499] [33   ] [INFO ] [] - MetricsCollector::Sender(49): _disableSentMetrics 1
[2024-10-21 07:08:19,499] [33   ] [INFO ] [] - MetricsCollector::Initialize(231): Initialized metrics collector
- session id: b8d4a4bd-e4f9-4079-89d0-1073a56071c9
- device id: 4ca35884-a93a-48fc-ad16-80b2a90aa32e
- application id: Box Tools Win exe
- application name: BoxTools
- application version: 4.26.1.1109
- metric collection url: https://client-log.box.com/index.php?rm=box_gen204_json_record
- metric data path: C:\Users\pcedillo\AppData\Local\Box\Box Tools\Metrics\BoxTools_Metrics.db
- post callback: 04CA391E
- log callback: 04CA3B76
- context: 00000000
- post interval in seconds: 600
- max records in a post: 100
- max db records: 500
- disable sender: true
[2024-10-21 07:08:19,515] [33   ] [INFO ] [] - Shutting down the metrics collector
[2024-10-21 07:18:19,320] [10   ] [INFO ] [] - Initializing the metrics collector
[2024-10-21 07:18:19,329] [10   ] [INFO ] [] - MetricsCollector::Sender(49): _disableSentMetrics 1
[2024-10-21 07:18:19,329] [10   ] [INFO ] [] - MetricsCollector::Initialize(231): Initialized metrics collector
- session id: b8d4a4bd-e4f9-4079-89d0-1073a56071c9
- device id: 4ca35884-a93a-48fc-ad16-80b2a90aa32e
- application id: Box Tools Win exe
- application name: BoxTools
- application version: 4.26.1.1109
- metric collection url: https://client-log.box.com/index.php?rm=box_gen204_json_record
- metric data path: C:\Users\pcedillo\AppData\Local\Box\Box Tools\Metrics\BoxTools_Metrics.db
- post callback: 04CA391E
- log callback: 04CA3B76
- context: 00000000
- post interval in seconds: 600
- max records in a post: 100
- max db records: 500
- disable sender: true
[2024-10-21 07:18:19,336] [10   ] [INFO ] [] - Shutting down the metrics collector
[2024-10-21 07:28:19,280] [33   ] [INFO ] [] - Initializing the metrics collector
[2024-10-21 07:28:19,288] [33   ] [INFO ] [] - MetricsCollector::Sender(49): _disableSentMetrics 1
[2024-10-21 07:28:19,288] [33   ] [INFO ] [] - MetricsCollector::Initialize(231): Initialized metrics collector
- session id: b8d4a4bd-e4f9-4079-89d0-1073a56071c9
- device id: 4ca35884-a93a-48fc-ad16-80b2a90aa32e
- application id: Box Tools Win exe
- application name: BoxTools
- application version: 4.26.1.1109
- metric collection url: https://client-log.box.com/index.php?rm=box_gen204_json_record
- metric data path: C:\Users\pcedillo\AppData\Local\Box\Box Tools\Metrics\BoxTools_Metrics.db
- post callback: 04CA391E
- log callback: 04CA3B76
- context: 00000000
- post interval in seconds: 600
- max records in a post: 100
- max db records: 500
- disable sender: true
[2024-10-21 07:28:19,296] [33   ] [INFO ] [] - Shutting down the metrics collector
[2024-10-21 07:38:19,293] [85   ] [INFO ] [] - Initializing the metrics collector
[2024-10-21 07:38:19,293] [85   ] [INFO ] [] - MetricsCollector::Sender(49): _disableSentMetrics 1
[2024-10-21 07:38:19,293] [85   ] [INFO ] [] - MetricsCollector::Initialize(231): Initialized metrics collector
- session id: b8d4a4bd-e4f9-4079-89d0-1073a56071c9
- device id: 4ca35884-a93a-48fc-ad16-80b2a90aa32e
- application id: Box Tools Win exe
- application name: BoxTools
- application version: 4.26.1.1109
- metric collection url: https://client-log.box.com/index.php?rm=box_gen204_json_record
- metric data path: C:\Users\pcedillo\AppData\Local\Box\Box Tools\Metrics\BoxTools_Metrics.db
- post callback: 04CA391E
- log callback: 04CA3B76
- context: 00000000
- post interval in seconds: 600
- max records in a post: 100
- max db records: 500
- disable sender: true
[2024-10-21 07:38:19,293] [85   ] [INFO ] [] - Shutting down the metrics collector
[2024-10-21 07:48:19,343] [34   ] [INFO ] [] - Initializing the metrics collector
[2024-10-21 07:48:19,349] [34   ] [INFO ] [] - MetricsCollector::Sender(49): _disableSentMetrics 1
[2024-10-21 07:48:19,349] [34   ] [INFO ] [] - MetricsCollector::Initialize(231): Initialized metrics collector
- session id: b8d4a4bd-e4f9-4079-89d0-1073a56071c9
- device id: 4ca35884-a93a-48fc-ad16-80b2a90aa32e
- application id: Box Tools Win exe
- application name: BoxTools
- application version: 4.26.1.1109
- metric collection url: https://client-log.box.com/index.php?rm=box_gen204_json_record
- metric data path: C:\Users\pcedillo\AppData\Local\Box\Box Tools\Metrics\BoxTools_Metrics.db
- post callback: 04CA391E
- log callback: 04CA3B76
- context: 00000000
- post interval in seconds: 600
- max records in a post: 100
- max db records: 500
- disable sender: true
[2024-10-21 07:48:19,359] [34   ] [INFO ] [] - Shutting down the metrics collector
[2024-10-21 07:58:19,403] [32   ] [INFO ] [] - Initializing the metrics collector
[2024-10-21 07:58:19,403] [32   ] [INFO ] [] - MetricsCollector::Sender(49): _disableSentMetrics 1
[2024-10-21 07:58:19,403] [32   ] [INFO ] [] - MetricsCollector::Initialize(231): Initialized metrics collector
- session id: b8d4a4bd-e4f9-4079-89d0-1073a56071c9
- device id: 4ca35884-a93a-48fc-ad16-80b2a90aa32e
- application id: Box Tools Win exe
- application name: BoxTools
- application version: 4.26.1.1109
- metric collection url: https://client-log.box.com/index.php?rm=box_gen204_json_record
- metric data path: C:\Users\pcedillo\AppData\Local\Box\Box Tools\Metrics\BoxTools_Metrics.db
- post callback: 04CA391E
- log callback: 04CA3B76
- context: 00000000
- post interval in seconds: 600
- max records in a post: 100
- max db records: 500
- disable sender: true
[2024-10-21 07:58:19,418] [32   ] [INFO ] [] - Shutting down the metrics collector
[2024-10-21 08:08:19,475] [23   ] [INFO ] [] - Initializing the metrics collector
[2024-10-21 08:08:19,479] [23   ] [INFO ] [] - MetricsCollector::Sender(49): _disableSentMetrics 1
[2024-10-21 08:08:19,479] [23   ] [INFO ] [] - MetricsCollector::Initialize(231): Initialized metrics collector
- session id: b8d4a4bd-e4f9-4079-89d0-1073a56071c9
- device id: 4ca35884-a93a-48fc-ad16-80b2a90aa32e
- application id: Box Tools Win exe
- application name: BoxTools
- application version: 4.26.1.1109
- metric collection url: https://client-log.box.com/index.php?rm=box_gen204_json_record
- metric data path: C:\Users\pcedillo\AppData\Local\Box\Box Tools\Metrics\BoxTools_Metrics.db
- post callback: 04CA391E
- log callback: 04CA3B76
- context: 00000000
- post interval in seconds: 600
- max records in a post: 100
- max db records: 500
- disable sender: true
[2024-10-21 08:08:19,491] [23   ] [INFO ] [] - Shutting down the metrics collector
[2024-10-21 08:18:19,173] [31   ] [INFO ] [] - Initializing the metrics collector
[2024-10-21 08:18:19,173] [31   ] [INFO ] [] - MetricsCollector::Sender(49): _disableSentMetrics 1
[2024-10-21 08:18:19,173] [31   ] [INFO ] [] - MetricsCollector::Initialize(231): Initialized metrics collector
- session id: b8d4a4bd-e4f9-4079-89d0-1073a56071c9
- device id: 4ca35884-a93a-48fc-ad16-80b2a90aa32e
- application id: Box Tools Win exe
- application name: BoxTools
- application version: 4.26.1.1109
- metric collection url: https://client-log.box.com/index.php?rm=box_gen204_json_record
- metric data path: C:\Users\pcedillo\AppData\Local\Box\Box Tools\Metrics\BoxTools_Metrics.db
- post callback: 04CA391E
- log callback: 04CA3B76
- context: 00000000
- post interval in seconds: 600
- max records in a post: 100
- max db records: 500
- disable sender: true
[2024-10-21 08:18:19,189] [31   ] [INFO ] [] - Shutting down the metrics collector
[2024-10-21 08:28:19,027] [14   ] [INFO ] [] - Initializing the metrics collector
[2024-10-21 08:28:19,035] [14   ] [INFO ] [] - MetricsCollector::Sender(49): _disableSentMetrics 1
[2024-10-21 08:28:19,035] [14   ] [INFO ] [] - MetricsCollector::Initialize(231): Initialized metrics collector
- session id: b8d4a4bd-e4f9-4079-89d0-1073a56071c9
- device id: 4ca35884-a93a-48fc-ad16-80b2a90aa32e
- application id: Box Tools Win exe
- application name: BoxTools
- application version: 4.26.1.1109
- metric collection url: https://client-log.box.com/index.php?rm=box_gen204_json_record
- metric data path: C:\Users\pcedillo\AppData\Local\Box\Box Tools\Metrics\BoxTools_Metrics.db
- post callback: 04CA391E
- log callback: 04CA3B76
- context: 00000000
- post interval in seconds: 600
- max records in a post: 100
- max db records: 500
- disable sender: true
[2024-10-21 08:28:19,043] [14   ] [INFO ] [] - Shutting down the metrics collector
[2024-10-21 08:38:18,991] [87   ] [INFO ] [] - Initializing the metrics collector
[2024-10-21 08:38:18,991] [87   ] [INFO ] [] - MetricsCollector::Sender(49): _disableSentMetrics 1
[2024-10-21 08:38:18,991] [87   ] [INFO ] [] - MetricsCollector::Initialize(231): Initialized metrics collector
- session id: b8d4a4bd-e4f9-4079-89d0-1073a56071c9
- device id: 4ca35884-a93a-48fc-ad16-80b2a90aa32e
- application id: Box Tools Win exe
- application name: BoxTools
- application version: 4.26.1.1109
- metric collection url: https://client-log.box.com/index.php?rm=box_gen204_json_record
- metric data path: C:\Users\pcedillo\AppData\Local\Box\Box Tools\Metrics\BoxTools_Metrics.db
- post callback: 04CA391E
- log callback: 04CA3B76
- context: 00000000
- post interval in seconds: 600
- max records in a post: 100
- max db records: 500
- disable sender: true
[2024-10-21 08:38:18,991] [87   ] [INFO ] [] - Shutting down the metrics collector
[2024-10-21 08:48:19,008] [18   ] [INFO ] [] - Initializing the metrics collector
[2024-10-21 08:48:19,012] [18   ] [INFO ] [] - MetricsCollector::Sender(49): _disableSentMetrics 1
[2024-10-21 08:48:19,012] [18   ] [INFO ] [] - MetricsCollector::Initialize(231): Initialized metrics collector
- session id: b8d4a4bd-e4f9-4079-89d0-1073a56071c9
- device id: 4ca35884-a93a-48fc-ad16-80b2a90aa32e
- application id: Box Tools Win exe
- application name: BoxTools
- application version: 4.26.1.1109
- metric collection url: https://client-log.box.com/index.php?rm=box_gen204_json_record
- metric data path: C:\Users\pcedillo\AppData\Local\Box\Box Tools\Metrics\BoxTools_Metrics.db
- post callback: 04CA391E
- log callback: 04CA3B76
- context: 00000000
- post interval in seconds: 600
- max records in a post: 100
- max db records: 500
- disable sender: true
[2024-10-21 08:48:19,024] [18   ] [INFO ] [] - Shutting down the metrics collector
[2024-10-21 08:58:19,061] [22   ] [INFO ] [] - Initializing the metrics collector
[2024-10-21 08:58:19,067] [22   ] [INFO ] [] - MetricsCollector::Sender(49): _disableSentMetrics 1
[2024-10-21 08:58:19,068] [22   ] [INFO ] [] - MetricsCollector::Initialize(231): Initialized metrics collector
- session id: b8d4a4bd-e4f9-4079-89d0-1073a56071c9
- device id: 4ca35884-a93a-48fc-ad16-80b2a90aa32e
- application id: Box Tools Win exe
- application name: BoxTools
- application version: 4.26.1.1109
- metric collection url: https://client-log.box.com/index.php?rm=box_gen204_json_record
- metric data path: C:\Users\pcedillo\AppData\Local\Box\Box Tools\Metrics\BoxTools_Metrics.db
- post callback: 04CA391E
- log callback: 04CA3B76
- context: 00000000
- post interval in seconds: 600
- max records in a post: 100
- max db records: 500
- disable sender: true
[2024-10-21 08:58:19,073] [22   ] [INFO ] [] - Shutting down the metrics collector
[2024-10-21 09:08:19,119] [83   ] [INFO ] [] - Initializing the metrics collector
[2024-10-21 09:08:19,126] [83   ] [INFO ] [] - MetricsCollector::Sender(49): _disableSentMetrics 1
[2024-10-21 09:08:19,127] [83   ] [INFO ] [] - MetricsCollector::Initialize(231): Initialized metrics collector
- session id: b8d4a4bd-e4f9-4079-89d0-1073a56071c9
- device id: 4ca35884-a93a-48fc-ad16-80b2a90aa32e
- application id: Box Tools Win exe
- application name: BoxTools
- application version: 4.26.1.1109
- metric collection url: https://client-log.box.com/index.php?rm=box_gen204_json_record
- metric data path: C:\Users\pcedillo\AppData\Local\Box\Box Tools\Metrics\BoxTools_Metrics.db
- post callback: 04CA391E
- log callback: 04CA3B76
- context: 00000000
- post interval in seconds: 600
- max records in a post: 100
- max db records: 500
- disable sender: true
[2024-10-21 09:08:19,136] [83   ] [INFO ] [] - Shutting down the metrics collector
[2024-10-21 09:18:19,144] [45   ] [INFO ] [] - Initializing the metrics collector
[2024-10-21 09:18:19,147] [45   ] [INFO ] [] - MetricsCollector::Sender(49): _disableSentMetrics 1
[2024-10-21 09:18:19,147] [45   ] [INFO ] [] - MetricsCollector::Initialize(231): Initialized metrics collector
- session id: b8d4a4bd-e4f9-4079-89d0-1073a56071c9
- device id: 4ca35884-a93a-48fc-ad16-80b2a90aa32e
- application id: Box Tools Win exe
- application name: BoxTools
- application version: 4.26.1.1109
- metric collection url: https://client-log.box.com/index.php?rm=box_gen204_json_record
- metric data path: C:\Users\pcedillo\AppData\Local\Box\Box Tools\Metrics\BoxTools_Metrics.db
- post callback: 04CA391E
- log callback: 04CA3B76
- context: 00000000
- post interval in seconds: 600
- max records in a post: 100
- max db records: 500
- disable sender: true
[2024-10-21 09:18:19,162] [45   ] [INFO ] [] - Shutting down the metrics collector
[2024-10-21 09:28:18,938] [55   ] [INFO ] [] - Initializing the metrics collector
[2024-10-21 09:28:18,939] [55   ] [INFO ] [] - MetricsCollector::Sender(49): _disableSentMetrics 1
[2024-10-21 09:28:18,939] [55   ] [INFO ] [] - MetricsCollector::Initialize(231): Initialized metrics collector
- session id: b8d4a4bd-e4f9-4079-89d0-1073a56071c9
- device id: 4ca35884-a93a-48fc-ad16-80b2a90aa32e
- application id: Box Tools Win exe
- application name: BoxTools
- application version: 4.26.1.1109
- metric collection url: https://client-log.box.com/index.php?rm=box_gen204_json_record
- metric data path: C:\Users\pcedillo\AppData\Local\Box\Box Tools\Metrics\BoxTools_Metrics.db
- post callback: 04CA391E
- log callback: 04CA3B76
- context: 00000000
- post interval in seconds: 600
- max records in a post: 100
- max db records: 500
- disable sender: true
[2024-10-21 09:28:18,957] [55   ] [INFO ] [] - Shutting down the metrics collector
[2024-10-21 09:38:18,883] [49   ] [INFO ] [] - Initializing the metrics collector
[2024-10-21 09:38:18,883] [49   ] [INFO ] [] - MetricsCollector::Sender(49): _disableSentMetrics 1
[2024-10-21 09:38:18,883] [49   ] [INFO ] [] - MetricsCollector::Initialize(231): Initialized metrics collector
- session id: b8d4a4bd-e4f9-4079-89d0-1073a56071c9
- device id: 4ca35884-a93a-48fc-ad16-80b2a90aa32e
- application id: Box Tools Win exe
- application name: BoxTools
- application version: 4.26.1.1109
- metric collection url: https://client-log.box.com/index.php?rm=box_gen204_json_record
- metric data path: C:\Users\pcedillo\AppData\Local\Box\Box Tools\Metrics\BoxTools_Metrics.db
- post callback: 04CA391E
- log callback: 04CA3B76
- context: 00000000
- post interval in seconds: 600
- max records in a post: 100
- max db records: 500
- disable sender: true
[2024-10-21 09:38:18,901] [49   ] [INFO ] [] - Shutting down the metrics collector
[2024-10-21 09:48:18,868] [94   ] [INFO ] [] - Initializing the metrics collector
[2024-10-21 09:48:18,868] [94   ] [INFO ] [] - MetricsCollector::Sender(49): _disableSentMetrics 1
[2024-10-21 09:48:18,868] [94   ] [INFO ] [] - MetricsCollector::Initialize(231): Initialized metrics collector
- session id: b8d4a4bd-e4f9-4079-89d0-1073a56071c9
- device id: 4ca35884-a93a-48fc-ad16-80b2a90aa32e
- application id: Box Tools Win exe
- application name: BoxTools
- application version: 4.26.1.1109
- metric collection url: https://client-log.box.com/index.php?rm=box_gen204_json_record
- metric data path: C:\Users\pcedillo\AppData\Local\Box\Box Tools\Metrics\BoxTools_Metrics.db
- post callback: 04CA391E
- log callback: 04CA3B76
- context: 00000000
- post interval in seconds: 600
- max records in a post: 100
- max db records: 500
- disable sender: true
[2024-10-21 09:48:18,884] [94   ] [INFO ] [] - Shutting down the metrics collector
[2024-10-21 09:58:18,868] [46   ] [INFO ] [] - Initializing the metrics collector
[2024-10-21 09:58:18,875] [46   ] [INFO ] [] - MetricsCollector::Sender(49): _disableSentMetrics 1
[2024-10-21 09:58:18,875] [46   ] [INFO ] [] - MetricsCollector::Initialize(231): Initialized metrics collector
- session id: b8d4a4bd-e4f9-4079-89d0-1073a56071c9
- device id: 4ca35884-a93a-48fc-ad16-80b2a90aa32e
- application id: Box Tools Win exe
- application name: BoxTools
- application version: 4.26.1.1109
- metric collection url: https://client-log.box.com/index.php?rm=box_gen204_json_record
- metric data path: C:\Users\pcedillo\AppData\Local\Box\Box Tools\Metrics\BoxTools_Metrics.db
- post callback: 04CA391E
- log callback: 04CA3B76
- context: 00000000
- post interval in seconds: 600
- max records in a post: 100
- max db records: 500
- disable sender: true
[2024-10-21 09:58:18,881] [46   ] [INFO ] [] - Shutting down the metrics collector
[2024-10-21 10:08:18,890] [93   ] [INFO ] [] - Initializing the metrics collector
[2024-10-21 10:08:18,890] [93   ] [INFO ] [] - MetricsCollector::Sender(49): _disableSentMetrics 1
[2024-10-21 10:08:18,890] [93   ] [INFO ] [] - MetricsCollector::Initialize(231): Initialized metrics collector
- session id: b8d4a4bd-e4f9-4079-89d0-1073a56071c9
- device id: 4ca35884-a93a-48fc-ad16-80b2a90aa32e
- application id: Box Tools Win exe
- application name: BoxTools
- application version: 4.26.1.1109
- metric collection url: https://client-log.box.com/index.php?rm=box_gen204_json_record
- metric data path: C:\Users\pcedillo\AppData\Local\Box\Box Tools\Metrics\BoxTools_Metrics.db
- post callback: 04CA391E
- log callback: 04CA3B76
- context: 00000000
- post interval in seconds: 600
- max records in a post: 100
- max db records: 500
- disable sender: true
[2024-10-21 10:08:18,907] [93   ] [INFO ] [] - Shutting down the metrics collector
[2024-10-21 10:18:18,925] [18   ] [INFO ] [] - Initializing the metrics collector
[2024-10-21 10:18:18,930] [18   ] [INFO ] [] - MetricsCollector::Sender(49): _disableSentMetrics 1
[2024-10-21 10:18:18,930] [18   ] [INFO ] [] - MetricsCollector::Initialize(231): Initialized metrics collector
- session id: b8d4a4bd-e4f9-4079-89d0-1073a56071c9
- device id: 4ca35884-a93a-48fc-ad16-80b2a90aa32e
- application id: Box Tools Win exe
- application name: BoxTools
- application version: 4.26.1.1109
- metric collection url: https://client-log.box.com/index.php?rm=box_gen204_json_record
- metric data path: C:\Users\pcedillo\AppData\Local\Box\Box Tools\Metrics\BoxTools_Metrics.db
- post callback: 04CA391E
- log callback: 04CA3B76
- context: 00000000
- post interval in seconds: 600
- max records in a post: 100
- max db records: 500
- disable sender: true
[2024-10-21 10:18:18,930] [18   ] [INFO ] [] - Shutting down the metrics collector
[2024-10-21 10:28:18,909] [49   ] [INFO ] [] - Initializing the metrics collector
[2024-10-21 10:28:18,910] [49   ] [INFO ] [] - MetricsCollector::Sender(49): _disableSentMetrics 1
[2024-10-21 10:28:18,910] [49   ] [INFO ] [] - MetricsCollector::Initialize(231): Initialized metrics collector
- session id: b8d4a4bd-e4f9-4079-89d0-1073a56071c9
- device id: 4ca35884-a93a-48fc-ad16-80b2a90aa32e
- application id: Box Tools Win exe
- application name: BoxTools
- application version: 4.26.1.1109
- metric collection url: https://client-log.box.com/index.php?rm=box_gen204_json_record
- metric data path: C:\Users\pcedillo\AppData\Local\Box\Box Tools\Metrics\BoxTools_Metrics.db
- post callback: 04CA391E
- log callback: 04CA3B76
- context: 00000000
- post interval in seconds: 600
- max records in a post: 100
- max db records: 500
- disable sender: true
[2024-10-21 10:28:18,910] [49   ] [INFO ] [] - Shutting down the metrics collector
[2024-10-21 10:38:18,767] [46   ] [INFO ] [] - Initializing the metrics collector
[2024-10-21 10:38:18,767] [46   ] [INFO ] [] - MetricsCollector::Sender(49): _disableSentMetrics 1
[2024-10-21 10:38:18,767] [46   ] [INFO ] [] - MetricsCollector::Initialize(231): Initialized metrics collector
- session id: b8d4a4bd-e4f9-4079-89d0-1073a56071c9
- device id: 4ca35884-a93a-48fc-ad16-80b2a90aa32e
- application id: Box Tools Win exe
- application name: BoxTools
- application version: 4.26.1.1109
- metric collection url: https://client-log.box.com/index.php?rm=box_gen204_json_record
- metric data path: C:\Users\pcedillo\AppData\Local\Box\Box Tools\Metrics\BoxTools_Metrics.db
- post callback: 04CA391E
- log callback: 04CA3B76
- context: 00000000
- post interval in seconds: 600
- max records in a post: 100
- max db records: 500
- disable sender: true
[2024-10-21 10:38:18,767] [46   ] [INFO ] [] - Shutting down the metrics collector
[2024-10-21 10:48:18,703] [94   ] [INFO ] [] - Initializing the metrics collector
[2024-10-21 10:48:18,705] [94   ] [INFO ] [] - MetricsCollector::Sender(49): _disableSentMetrics 1
[2024-10-21 10:48:18,710] [94   ] [INFO ] [] - MetricsCollector::Initialize(231): Initialized metrics collector
- session id: b8d4a4bd-e4f9-4079-89d0-1073a56071c9
- device id: 4ca35884-a93a-48fc-ad16-80b2a90aa32e
- application id: Box Tools Win exe
- application name: BoxTools
- application version: 4.26.1.1109
- metric collection url: https://client-log.box.com/index.php?rm=box_gen204_json_record
- metric data path: C:\Users\pcedillo\AppData\Local\Box\Box Tools\Metrics\BoxTools_Metrics.db
- post callback: 04CA391E
- log callback: 04CA3B76
- context: 00000000
- post interval in seconds: 600
- max records in a post: 100
- max db records: 500
- disable sender: true
[2024-10-21 10:48:18,714] [94   ] [INFO ] [] - Shutting down the metrics collector
[2024-10-21 10:58:18,669] [93   ] [INFO ] [] - Initializing the metrics collector
[2024-10-21 10:58:18,669] [93   ] [INFO ] [] - MetricsCollector::Sender(49): _disableSentMetrics 1
[2024-10-21 10:58:18,669] [93   ] [INFO ] [] - MetricsCollector::Initialize(231): Initialized metrics collector
- session id: b8d4a4bd-e4f9-4079-89d0-1073a56071c9
- device id: 4ca35884-a93a-48fc-ad16-80b2a90aa32e
- application id: Box Tools Win exe
- application name: BoxTools
- application version: 4.26.1.1109
- metric collection url: https://client-log.box.com/index.php?rm=box_gen204_json_record
- metric data path: C:\Users\pcedillo\AppData\Local\Box\Box Tools\Metrics\BoxTools_Metrics.db
- post callback: 04CA391E
- log callback: 04CA3B76
- context: 00000000
- post interval in seconds: 600
- max records in a post: 100
- max db records: 500
- disable sender: true
[2024-10-21 10:58:18,688] [93   ] [INFO ] [] - Shutting down the metrics collector
[2024-10-21 11:08:18,645] [55   ] [INFO ] [] - Initializing the metrics collector
[2024-10-21 11:08:18,652] [55   ] [INFO ] [] - MetricsCollector::Sender(49): _disableSentMetrics 1
[2024-10-21 11:08:18,652] [55   ] [INFO ] [] - MetricsCollector::Initialize(231): Initialized metrics collector
- session id: b8d4a4bd-e4f9-4079-89d0-1073a56071c9
- device id: 4ca35884-a93a-48fc-ad16-80b2a90aa32e
- application id: Box Tools Win exe
- application name: BoxTools
- application version: 4.26.1.1109
- metric collection url: https://client-log.box.com/index.php?rm=box_gen204_json_record
- metric data path: C:\Users\pcedillo\AppData\Local\Box\Box Tools\Metrics\BoxTools_Metrics.db
- post callback: 04CA391E
- log callback: 04CA3B76
- context: 00000000
- post interval in seconds: 600
- max records in a post: 100
- max db records: 500
- disable sender: true
[2024-10-21 11:08:18,653] [55   ] [INFO ] [] - Shutting down the metrics collector
[2024-10-21 11:18:18,666] [45   ] [INFO ] [] - Initializing the metrics collector
[2024-10-21 11:18:18,666] [45   ] [INFO ] [] - MetricsCollector::Sender(49): _disableSentMetrics 1
[2024-10-21 11:18:18,666] [45   ] [INFO ] [] - MetricsCollector::Initialize(231): Initialized metrics collector
- session id: b8d4a4bd-e4f9-4079-89d0-1073a56071c9
- device id: 4ca35884-a93a-48fc-ad16-80b2a90aa32e
- application id: Box Tools Win exe
- application name: BoxTools
- application version: 4.26.1.1109
- metric collection url: https://client-log.box.com/index.php?rm=box_gen204_json_record
- metric data path: C:\Users\pcedillo\AppData\Local\Box\Box Tools\Metrics\BoxTools_Metrics.db
- post callback: 04CA391E
- log callback: 04CA3B76
- context: 00000000
- post interval in seconds: 600
- max records in a post: 100
- max db records: 500
- disable sender: true
[2024-10-21 11:18:18,682] [45   ] [INFO ] [] - Shutting down the metrics collector
[2024-10-21 11:28:18,700] [18   ] [INFO ] [] - Initializing the metrics collector
[2024-10-21 11:28:18,700] [18   ] [INFO ] [] - MetricsCollector::Sender(49): _disableSentMetrics 1
[2024-10-21 11:28:18,700] [18   ] [INFO ] [] - MetricsCollector::Initialize(231): Initialized metrics collector
- session id: b8d4a4bd-e4f9-4079-89d0-1073a56071c9
- device id: 4ca35884-a93a-48fc-ad16-80b2a90aa32e
- application id: Box Tools Win exe
- application name: BoxTools
- application version: 4.26.1.1109
- metric collection url: https://client-log.box.com/index.php?rm=box_gen204_json_record
- metric data path: C:\Users\pcedillo\AppData\Local\Box\Box Tools\Metrics\BoxTools_Metrics.db
- post callback: 04CA391E
- log callback: 04CA3B76
- context: 00000000
- post interval in seconds: 600
- max records in a post: 100
- max db records: 500
- disable sender: true
[2024-10-21 11:28:18,717] [18   ] [INFO ] [] - Shutting down the metrics collector
[2024-10-21 11:38:18,631] [55   ] [INFO ] [] - Initializing the metrics collector
[2024-10-21 11:38:18,637] [55   ] [INFO ] [] - MetricsCollector::Sender(49): _disableSentMetrics 1
[2024-10-21 11:38:18,637] [55   ] [INFO ] [] - MetricsCollector::Initialize(231): Initialized metrics collector
- session id: b8d4a4bd-e4f9-4079-89d0-1073a56071c9
- device id: 4ca35884-a93a-48fc-ad16-80b2a90aa32e
- application id: Box Tools Win exe
- application name: BoxTools
- application version: 4.26.1.1109
- metric collection url: https://client-log.box.com/index.php?rm=box_gen204_json_record
- metric data path: C:\Users\pcedillo\AppData\Local\Box\Box Tools\Metrics\BoxTools_Metrics.db
- post callback: 04CA391E
- log callback: 04CA3B76
- context: 00000000
- post interval in seconds: 600
- max records in a post: 100
- max db records: 500
- disable sender: true
[2024-10-21 11:38:18,644] [55   ] [INFO ] [] - Shutting down the metrics collector
[2024-10-21 11:48:18,503] [93   ] [INFO ] [] - Initializing the metrics collector
[2024-10-21 11:48:18,509] [93   ] [INFO ] [] - MetricsCollector::Sender(49): _disableSentMetrics 1
[2024-10-21 11:48:18,509] [93   ] [INFO ] [] - MetricsCollector::Initialize(231): Initialized metrics collector
- session id: b8d4a4bd-e4f9-4079-89d0-1073a56071c9
- device id: 4ca35884-a93a-48fc-ad16-80b2a90aa32e
- application id: Box Tools Win exe
- application name: BoxTools
- application version: 4.26.1.1109
- metric collection url: https://client-log.box.com/index.php?rm=box_gen204_json_record
- metric data path: C:\Users\pcedillo\AppData\Local\Box\Box Tools\Metrics\BoxTools_Metrics.db
- post callback: 04CA391E
- log callback: 04CA3B76
- context: 00000000
- post interval in seconds: 600
- max records in a post: 100
- max db records: 500
- disable sender: true
[2024-10-21 11:48:18,519] [93   ] [INFO ] [] - Shutting down the metrics collector
[2024-10-21 11:58:18,427] [94   ] [INFO ] [] - Initializing the metrics collector
[2024-10-21 11:58:18,433] [94   ] [INFO ] [] - MetricsCollector::Sender(49): _disableSentMetrics 1
[2024-10-21 11:58:18,433] [94   ] [INFO ] [] - MetricsCollector::Initialize(231): Initialized metrics collector
- session id: b8d4a4bd-e4f9-4079-89d0-1073a56071c9
- device id: 4ca35884-a93a-48fc-ad16-80b2a90aa32e
- application id: Box Tools Win exe
- application name: BoxTools
- application version: 4.26.1.1109
- metric collection url: https://client-log.box.com/index.php?rm=box_gen204_json_record
- metric data path: C:\Users\pcedillo\AppData\Local\Box\Box Tools\Metrics\BoxTools_Metrics.db
- post callback: 04CA391E
- log callback: 04CA3B76
- context: 00000000
- post interval in seconds: 600
- max records in a post: 100
- max db records: 500
- disable sender: true
[2024-10-21 11:58:18,445] [94   ] [INFO ] [] - Shutting down the metrics collector
[2024-10-21 12:08:18,388] [18   ] [INFO ] [] - Initializing the metrics collector
[2024-10-21 12:08:18,388] [18   ] [INFO ] [] - MetricsCollector::Sender(49): _disableSentMetrics 1
[2024-10-21 12:08:18,388] [18   ] [INFO ] [] - MetricsCollector::Initialize(231): Initialized metrics collector
- session id: b8d4a4bd-e4f9-4079-89d0-1073a56071c9
- device id: 4ca35884-a93a-48fc-ad16-80b2a90aa32e
- application id: Box Tools Win exe
- application name: BoxTools
- application version: 4.26.1.1109
- metric collection url: https://client-log.box.com/index.php?rm=box_gen204_json_record
- metric data path: C:\Users\pcedillo\AppData\Local\Box\Box Tools\Metrics\BoxTools_Metrics.db
- post callback: 04CA391E
- log callback: 04CA3B76
- context: 00000000
- post interval in seconds: 600
- max records in a post: 100
- max db records: 500
- disable sender: true
[2024-10-21 12:08:18,409] [18   ] [INFO ] [] - Shutting down the metrics collector
[2024-10-21 12:18:18,384] [46   ] [INFO ] [] - Initializing the metrics collector
[2024-10-21 12:18:18,384] [46   ] [INFO ] [] - MetricsCollector::Sender(49): _disableSentMetrics 1
[2024-10-21 12:18:18,384] [46   ] [INFO ] [] - MetricsCollector::Initialize(231): Initialized metrics collector
- session id: b8d4a4bd-e4f9-4079-89d0-1073a56071c9
- device id: 4ca35884-a93a-48fc-ad16-80b2a90aa32e
- application id: Box Tools Win exe
- application name: BoxTools
- application version: 4.26.1.1109
- metric collection url: https://client-log.box.com/index.php?rm=box_gen204_json_record
- metric data path: C:\Users\pcedillo\AppData\Local\Box\Box Tools\Metrics\BoxTools_Metrics.db
- post callback: 04CA391E
- log callback: 04CA3B76
- context: 00000000
- post interval in seconds: 600
- max records in a post: 100
- max db records: 500
- disable sender: true
[2024-10-21 12:18:18,399] [46   ] [INFO ] [] - Shutting down the metrics collector
[2024-10-21 12:28:18,388] [83   ] [INFO ] [] - Initializing the metrics collector
[2024-10-21 12:28:18,388] [83   ] [INFO ] [] - MetricsCollector::Sender(49): _disableSentMetrics 1
[2024-10-21 12:28:18,388] [83   ] [INFO ] [] - MetricsCollector::Initialize(231): Initialized metrics collector
- session id: b8d4a4bd-e4f9-4079-89d0-1073a56071c9
- device id: 4ca35884-a93a-48fc-ad16-80b2a90aa32e
- application id: Box Tools Win exe
- application name: BoxTools
- application version: 4.26.1.1109
- metric collection url: https://client-log.box.com/index.php?rm=box_gen204_json_record
- metric data path: C:\Users\pcedillo\AppData\Local\Box\Box Tools\Metrics\BoxTools_Metrics.db
- post callback: 04CA391E
- log callback: 04CA3B76
- context: 00000000
- post interval in seconds: 600
- max records in a post: 100
- max db records: 500
- disable sender: true
[2024-10-21 12:28:18,410] [83   ] [INFO ] [] - Shutting down the metrics collector
[2024-10-21 12:38:18,431] [22   ] [INFO ] [] - Initializing the metrics collector
[2024-10-21 12:38:18,436] [22   ] [INFO ] [] - MetricsCollector::Sender(49): _disableSentMetrics 1
[2024-10-21 12:38:18,436] [22   ] [INFO ] [] - MetricsCollector::Initialize(231): Initialized metrics collector
- session id: b8d4a4bd-e4f9-4079-89d0-1073a56071c9
- device id: 4ca35884-a93a-48fc-ad16-80b2a90aa32e
- application id: Box Tools Win exe
- application name: BoxTools
- application version: 4.26.1.1109
- metric collection url: https://client-log.box.com/index.php?rm=box_gen204_json_record
- metric data path: C:\Users\pcedillo\AppData\Local\Box\Box Tools\Metrics\BoxTools_Metrics.db
- post callback: 04CA391E
- log callback: 04CA3B76
- context: 00000000
- post interval in seconds: 600
- max records in a post: 100
- max db records: 500
- disable sender: true
[2024-10-21 12:38:18,441] [22   ] [INFO ] [] - Shutting down the metrics collector
[2024-10-21 12:48:18,335] [39   ] [INFO ] [] - Initializing the metrics collector
[2024-10-21 12:48:18,344] [39   ] [INFO ] [] - MetricsCollector::Sender(49): _disableSentMetrics 1
[2024-10-21 12:48:18,344] [39   ] [INFO ] [] - MetricsCollector::Initialize(231): Initialized metrics collector
- session id: b8d4a4bd-e4f9-4079-89d0-1073a56071c9
- device id: 4ca35884-a93a-48fc-ad16-80b2a90aa32e
- application id: Box Tools Win exe
- application name: BoxTools
- application version: 4.26.1.1109
- metric collection url: https://client-log.box.com/index.php?rm=box_gen204_json_record
- metric data path: C:\Users\pcedillo\AppData\Local\Box\Box Tools\Metrics\BoxTools_Metrics.db
- post callback: 04CA391E
- log callback: 04CA3B76
- context: 00000000
- post interval in seconds: 600
- max records in a post: 100
- max db records: 500
- disable sender: true
[2024-10-21 12:48:18,352] [39   ] [INFO ] [] - Shutting down the metrics collector
[2024-10-21 12:58:18,212] [87   ] [INFO ] [] - Initializing the metrics collector
[2024-10-21 12:58:18,212] [87   ] [INFO ] [] - MetricsCollector::Sender(49): _disableSentMetrics 1
[2024-10-21 12:58:18,212] [87   ] [INFO ] [] - MetricsCollector::Initialize(231): Initialized metrics collector
- session id: b8d4a4bd-e4f9-4079-89d0-1073a56071c9
- device id: 4ca35884-a93a-48fc-ad16-80b2a90aa32e
- application id: Box Tools Win exe
- application name: BoxTools
- application version: 4.26.1.1109
- metric collection url: https://client-log.box.com/index.php?rm=box_gen204_json_record
- metric data path: C:\Users\pcedillo\AppData\Local\Box\Box Tools\Metrics\BoxTools_Metrics.db
- post callback: 04CA391E
- log callback: 04CA3B76
- context: 00000000
- post interval in seconds: 600
- max records in a post: 100
- max db records: 500
- disable sender: true
[2024-10-21 12:58:18,228] [87   ] [INFO ] [] - Shutting down the metrics collector
[2024-10-21 13:08:18,148] [14   ] [INFO ] [] - Initializing the metrics collector
[2024-10-21 13:08:18,156] [14   ] [INFO ] [] - MetricsCollector::Sender(49): _disableSentMetrics 1
[2024-10-21 13:08:18,156] [14   ] [INFO ] [] - MetricsCollector::Initialize(231): Initialized metrics collector
- session id: b8d4a4bd-e4f9-4079-89d0-1073a56071c9
- device id: 4ca35884-a93a-48fc-ad16-80b2a90aa32e
- application id: Box Tools Win exe
- application name: BoxTools
- application version: 4.26.1.1109
- metric collection url: https://client-log.box.com/index.php?rm=box_gen204_json_record
- metric data path: C:\Users\pcedillo\AppData\Local\Box\Box Tools\Metrics\BoxTools_Metrics.db
- post callback: 04CA391E
- log callback: 04CA3B76
- context: 00000000
- post interval in seconds: 600
- max records in a post: 100
- max db records: 500
- disable sender: true
[2024-10-21 13:08:18,164] [14   ] [INFO ] [] - Shutting down the metrics collector
[2024-10-21 13:18:18,110] [31   ] [INFO ] [] - Initializing the metrics collector
[2024-10-21 13:18:18,111] [31   ] [INFO ] [] - MetricsCollector::Sender(49): _disableSentMetrics 1
[2024-10-21 13:18:18,111] [31   ] [INFO ] [] - MetricsCollector::Initialize(231): Initialized metrics collector
- session id: b8d4a4bd-e4f9-4079-89d0-1073a56071c9
- device id: 4ca35884-a93a-48fc-ad16-80b2a90aa32e
- application id: Box Tools Win exe
- application name: BoxTools
- application version: 4.26.1.1109
- metric collection url: https://client-log.box.com/index.php?rm=box_gen204_json_record
- metric data path: C:\Users\pcedillo\AppData\Local\Box\Box Tools\Metrics\BoxTools_Metrics.db
- post callback: 04CA391E
- log callback: 04CA3B76
- context: 00000000
- post interval in seconds: 600
- max records in a post: 100
- max db records: 500
- disable sender: true
[2024-10-21 13:18:18,135] [31   ] [INFO ] [] - Shutting down the metrics collector
[2024-10-21 13:28:18,116] [23   ] [INFO ] [] - Initializing the metrics collector
[2024-10-21 13:28:18,116] [23   ] [INFO ] [] - MetricsCollector::Sender(49): _disableSentMetrics 1
[2024-10-21 13:28:18,116] [23   ] [INFO ] [] - MetricsCollector::Initialize(231): Initialized metrics collector
- session id: b8d4a4bd-e4f9-4079-89d0-1073a56071c9
- device id: 4ca35884-a93a-48fc-ad16-80b2a90aa32e
- application id: Box Tools Win exe
- application name: BoxTools
- application version: 4.26.1.1109
- metric collection url: https://client-log.box.com/index.php?rm=box_gen204_json_record
- metric data path: C:\Users\pcedillo\AppData\Local\Box\Box Tools\Metrics\BoxTools_Metrics.db
- post callback: 04CA391E
- log callback: 04CA3B76
- context: 00000000
- post interval in seconds: 600
- max records in a post: 100
- max db records: 500
- disable sender: true
[2024-10-21 13:28:18,137] [23   ] [INFO ] [] - Shutting down the metrics collector
[2024-10-21 13:38:18,127] [32   ] [INFO ] [] - Initializing the metrics collector
[2024-10-21 13:38:18,127] [32   ] [INFO ] [] - MetricsCollector::Sender(49): _disableSentMetrics 1
[2024-10-21 13:38:18,127] [32   ] [INFO ] [] - MetricsCollector::Initialize(231): Initialized metrics collector
- session id: b8d4a4bd-e4f9-4079-89d0-1073a56071c9
- device id: 4ca35884-a93a-48fc-ad16-80b2a90aa32e
- application id: Box Tools Win exe
- application name: BoxTools
- application version: 4.26.1.1109
- metric collection url: https://client-log.box.com/index.php?rm=box_gen204_json_record
- metric data path: C:\Users\pcedillo\AppData\Local\Box\Box Tools\Metrics\BoxTools_Metrics.db
- post callback: 04CA391E
- log callback: 04CA3B76
- context: 00000000
- post interval in seconds: 600
- max records in a post: 100
- max db records: 500
- disable sender: true
[2024-10-21 13:38:18,142] [32   ] [INFO ] [] - Shutting down the metrics collector
[2024-10-21 13:48:18,171] [34   ] [INFO ] [] - Initializing the metrics collector
[2024-10-21 13:48:18,171] [34   ] [INFO ] [] - MetricsCollector::Sender(49): _disableSentMetrics 1
[2024-10-21 13:48:18,171] [34   ] [INFO ] [] - MetricsCollector::Initialize(231): Initialized metrics collector
- session id: b8d4a4bd-e4f9-4079-89d0-1073a56071c9
- device id: 4ca35884-a93a-48fc-ad16-80b2a90aa32e
- application id: Box Tools Win exe
- application name: BoxTools
- application version: 4.26.1.1109
- metric collection url: https://client-log.box.com/index.php?rm=box_gen204_json_record
- metric data path: C:\Users\pcedillo\AppData\Local\Box\Box Tools\Metrics\BoxTools_Metrics.db
- post callback: 04CA391E
- log callback: 04CA3B76
- context: 00000000
- post interval in seconds: 600
- max records in a post: 100
- max db records: 500
- disable sender: true
[2024-10-21 13:48:18,188] [34   ] [INFO ] [] - Shutting down the metrics collector
[2024-10-21 13:58:18,195] [85   ] [INFO ] [] - Initializing the metrics collector
[2024-10-21 13:58:18,195] [85   ] [INFO ] [] - MetricsCollector::Sender(49): _disableSentMetrics 1
[2024-10-21 13:58:18,210] [85   ] [INFO ] [] - MetricsCollector::Initialize(231): Initialized metrics collector
- session id: b8d4a4bd-e4f9-4079-89d0-1073a56071c9
- device id: 4ca35884-a93a-48fc-ad16-80b2a90aa32e
- application id: Box Tools Win exe
- application name: BoxTools
- application version: 4.26.1.1109
- metric collection url: https://client-log.box.com/index.php?rm=box_gen204_json_record
- metric data path: C:\Users\pcedillo\AppData\Local\Box\Box Tools\Metrics\BoxTools_Metrics.db
- post callback: 04CA391E
- log callback: 04CA3B76
- context: 00000000
- post interval in seconds: 600
- max records in a post: 100
- max db records: 500
- disable sender: true
[2024-10-21 13:58:18,216] [85   ] [INFO ] [] - Shutting down the metrics collector
[2024-10-21 14:08:18,243] [33   ] [INFO ] [] - Initializing the metrics collector
[2024-10-21 14:08:18,243] [33   ] [INFO ] [] - MetricsCollector::Sender(49): _disableSentMetrics 1
[2024-10-21 14:08:18,243] [33   ] [INFO ] [] - MetricsCollector::Initialize(231): Initialized metrics collector
- session id: b8d4a4bd-e4f9-4079-89d0-1073a56071c9
- device id: 4ca35884-a93a-48fc-ad16-80b2a90aa32e
- application id: Box Tools Win exe
- application name: BoxTools
- application version: 4.26.1.1109
- metric collection url: https://client-log.box.com/index.php?rm=box_gen204_json_record
- metric data path: C:\Users\pcedillo\AppData\Local\Box\Box Tools\Metrics\BoxTools_Metrics.db
- post callback: 04CA391E
- log callback: 04CA3B76
- context: 00000000
- post interval in seconds: 600
- max records in a post: 100
- max db records: 500
- disable sender: true
[2024-10-21 14:08:18,259] [33   ] [INFO ] [] - Shutting down the metrics collector
[2024-10-21 14:18:18,309] [10   ] [INFO ] [] - Initializing the metrics collector
[2024-10-21 14:18:18,309] [10   ] [INFO ] [] - MetricsCollector::Sender(49): _disableSentMetrics 1
[2024-10-21 14:18:18,309] [10   ] [INFO ] [] - MetricsCollector::Initialize(231): Initialized metrics collector
- session id: b8d4a4bd-e4f9-4079-89d0-1073a56071c9
- device id: 4ca35884-a93a-48fc-ad16-80b2a90aa32e
- application id: Box Tools Win exe
- application name: BoxTools
- application version: 4.26.1.1109
- metric collection url: https://client-log.box.com/index.php?rm=box_gen204_json_record
- metric data path: C:\Users\pcedillo\AppData\Local\Box\Box Tools\Metrics\BoxTools_Metrics.db
- post callback: 04CA391E
- log callback: 04CA3B76
- context: 00000000
- post interval in seconds: 600
- max records in a post: 100
- max db records: 500
- disable sender: true
[2024-10-21 14:18:18,328] [10   ] [INFO ] [] - Shutting down the metrics collector
[2024-10-21 14:28:18,371] [97   ] [INFO ] [] - Initializing the metrics collector
[2024-10-21 14:28:18,371] [97   ] [INFO ] [] - MetricsCollector::Sender(49): _disableSentMetrics 1
[2024-10-21 14:28:18,371] [97   ] [INFO ] [] - MetricsCollector::Initialize(231): Initialized metrics collector
- session id: b8d4a4bd-e4f9-4079-89d0-1073a56071c9
- device id: 4ca35884-a93a-48fc-ad16-80b2a90aa32e
- application id: Box Tools Win exe
- application name: BoxTools
- application version: 4.26.1.1109
- metric collection url: https://client-log.box.com/index.php?rm=box_gen204_json_record
- metric data path: C:\Users\pcedillo\AppData\Local\Box\Box Tools\Metrics\BoxTools_Metrics.db
- post callback: 04CA391E
- log callback: 04CA3B76
- context: 00000000
- post interval in seconds: 600
- max records in a post: 100
- max db records: 500
- disable sender: true
[2024-10-21 14:28:18,394] [97   ] [INFO ] [] - Shutting down the metrics collector
[2024-10-21 14:38:18,436] [95   ] [INFO ] [] - Initializing the metrics collector
[2024-10-21 14:38:18,443] [95   ] [INFO ] [] - MetricsCollector::Sender(49): _disableSentMetrics 1
[2024-10-21 14:38:18,443] [95   ] [INFO ] [] - MetricsCollector::Initialize(231): Initialized metrics collector
- session id: b8d4a4bd-e4f9-4079-89d0-1073a56071c9
- device id: 4ca35884-a93a-48fc-ad16-80b2a90aa32e
- application id: Box Tools Win exe
- application name: BoxTools
- application version: 4.26.1.1109
- metric collection url: https://client-log.box.com/index.php?rm=box_gen204_json_record
- metric data path: C:\Users\pcedillo\AppData\Local\Box\Box Tools\Metrics\BoxTools_Metrics.db
- post callback: 04CA391E
- log callback: 04CA3B76
- context: 00000000
- post interval in seconds: 600
- max records in a post: 100
- max db records: 500
- disable sender: true
[2024-10-21 14:38:18,452] [95   ] [INFO ] [] - Shutting down the metrics collector
[2024-10-21 14:48:18,484] [98   ] [INFO ] [] - Initializing the metrics collector
[2024-10-21 14:48:18,491] [98   ] [INFO ] [] - MetricsCollector::Sender(49): _disableSentMetrics 1
[2024-10-21 14:48:18,491] [98   ] [INFO ] [] - MetricsCollector::Initialize(231): Initialized metrics collector
- session id: b8d4a4bd-e4f9-4079-89d0-1073a56071c9
- device id: 4ca35884-a93a-48fc-ad16-80b2a90aa32e
- application id: Box Tools Win exe
- application name: BoxTools
- application version: 4.26.1.1109
- metric collection url: https://client-log.box.com/index.php?rm=box_gen204_json_record
- metric data path: C:\Users\pcedillo\AppData\Local\Box\Box Tools\Metrics\BoxTools_Metrics.db
- post callback: 04CA391E
- log callback: 04CA3B76
- context: 00000000
- post interval in seconds: 600
- max records in a post: 100
- max db records: 500
- disable sender: true
[2024-10-21 14:48:18,500] [98   ] [INFO ] [] - Shutting down the metrics collector
[2024-10-21 14:58:18,567] [95   ] [INFO ] [] - Initializing the metrics collector
[2024-10-21 14:58:18,567] [95   ] [INFO ] [] - MetricsCollector::Sender(49): _disableSentMetrics 1
[2024-10-21 14:58:18,567] [95   ] [INFO ] [] - MetricsCollector::Initialize(231): Initialized metrics collector
- session id: b8d4a4bd-e4f9-4079-89d0-1073a56071c9
- device id: 4ca35884-a93a-48fc-ad16-80b2a90aa32e
- application id: Box Tools Win exe
- application name: BoxTools
- application version: 4.26.1.1109
- metric collection url: https://client-log.box.com/index.php?rm=box_gen204_json_record
- metric data path: C:\Users\pcedillo\AppData\Local\Box\Box Tools\Metrics\BoxTools_Metrics.db
- post callback: 04CA391E
- log callback: 04CA3B76
- context: 00000000
- post interval in seconds: 600
- max records in a post: 100
- max db records: 500
- disable sender: true
[2024-10-21 14:58:18,582] [95   ] [INFO ] [] - Shutting down the metrics collector
[2024-10-21 15:08:18,219] [97   ] [INFO ] [] - Initializing the metrics collector
[2024-10-21 15:08:18,219] [97   ] [INFO ] [] - MetricsCollector::Sender(49): _disableSentMetrics 1
[2024-10-21 15:08:18,219] [97   ] [INFO ] [] - MetricsCollector::Initialize(231): Initialized metrics collector
- session id: b8d4a4bd-e4f9-4079-89d0-1073a56071c9
- device id: 4ca35884-a93a-48fc-ad16-80b2a90aa32e
- application id: Box Tools Win exe
- application name: BoxTools
- application version: 4.26.1.1109
- metric collection url: https://client-log.box.com/index.php?rm=box_gen204_json_record
- metric data path: C:\Users\pcedillo\AppData\Local\Box\Box Tools\Metrics\BoxTools_Metrics.db
- post callback: 04CA391E
- log callback: 04CA3B76
- context: 00000000
- post interval in seconds: 600
- max records in a post: 100
- max db records: 500
- disable sender: true
[2024-10-21 15:08:18,236] [97   ] [INFO ] [] - Shutting down the metrics collector
[2024-10-21 15:18:17,982] [10   ] [INFO ] [] - Initializing the metrics collector
[2024-10-21 15:18:17,988] [10   ] [INFO ] [] - MetricsCollector::Sender(49): _disableSentMetrics 1
[2024-10-21 15:18:17,988] [10   ] [INFO ] [] - MetricsCollector::Initialize(231): Initialized metrics collector
- session id: b8d4a4bd-e4f9-4079-89d0-1073a56071c9
- device id: 4ca35884-a93a-48fc-ad16-80b2a90aa32e
- application id: Box Tools Win exe
- application name: BoxTools
- application version: 4.26.1.1109
- metric collection url: https://client-log.box.com/index.php?rm=box_gen204_json_record
- metric data path: C:\Users\pcedillo\AppData\Local\Box\Box Tools\Metrics\BoxTools_Metrics.db
- post callback: 04CA391E
- log callback: 04CA3B76
- context: 00000000
- post interval in seconds: 600
- max records in a post: 100
- max db records: 500
- disable sender: true
[2024-10-21 15:18:17,998] [10   ] [INFO ] [] - Shutting down the metrics collector
[2024-10-21 15:28:17,809] [33   ] [INFO ] [] - Initializing the metrics collector
[2024-10-21 15:28:17,809] [33   ] [INFO ] [] - MetricsCollector::Sender(49): _disableSentMetrics 1
[2024-10-21 15:28:17,809] [33   ] [INFO ] [] - MetricsCollector::Initialize(231): Initialized metrics collector
- session id: b8d4a4bd-e4f9-4079-89d0-1073a56071c9
- device id: 4ca35884-a93a-48fc-ad16-80b2a90aa32e
- application id: Box Tools Win exe
- application name: BoxTools
- application version: 4.26.1.1109
- metric collection url: https://client-log.box.com/index.php?rm=box_gen204_json_record
- metric data path: C:\Users\pcedillo\AppData\Local\Box\Box Tools\Metrics\BoxTools_Metrics.db
- post callback: 04CA391E
- log callback: 04CA3B76
- context: 00000000
- post interval in seconds: 600
- max records in a post: 100
- max db records: 500
- disable sender: true
[2024-10-21 15:28:17,809] [33   ] [INFO ] [] - Shutting down the metrics collector
[2024-10-21 15:38:17,730] [85   ] [INFO ] [] - Initializing the metrics collector
[2024-10-21 15:38:17,736] [85   ] [INFO ] [] - MetricsCollector::Sender(49): _disableSentMetrics 1
[2024-10-21 15:38:17,736] [85   ] [INFO ] [] - MetricsCollector::Initialize(231): Initialized metrics collector
- session id: b8d4a4bd-e4f9-4079-89d0-1073a56071c9
- device id: 4ca35884-a93a-48fc-ad16-80b2a90aa32e
- application id: Box Tools Win exe
- application name: BoxTools
- application version: 4.26.1.1109
- metric collection url: https://client-log.box.com/index.php?rm=box_gen204_json_record
- metric data path: C:\Users\pcedillo\AppData\Local\Box\Box Tools\Metrics\BoxTools_Metrics.db
- post callback: 04CA391E
- log callback: 04CA3B76
- context: 00000000
- post interval in seconds: 600
- max records in a post: 100
- max db records: 500
- disable sender: true
[2024-10-21 15:38:17,736] [85   ] [INFO ] [] - Shutting down the metrics collector
[2024-10-21 15:48:17,667] [34   ] [INFO ] [] - Initializing the metrics collector
[2024-10-21 15:48:17,673] [34   ] [INFO ] [] - MetricsCollector::Sender(49): _disableSentMetrics 1
[2024-10-21 15:48:17,674] [34   ] [INFO ] [] - MetricsCollector::Initialize(231): Initialized metrics collector
- session id: b8d4a4bd-e4f9-4079-89d0-1073a56071c9
- device id: 4ca35884-a93a-48fc-ad16-80b2a90aa32e
- application id: Box Tools Win exe
- application name: BoxTools
- application version: 4.26.1.1109
- metric collection url: https://client-log.box.com/index.php?rm=box_gen204_json_record
- metric data path: C:\Users\pcedillo\AppData\Local\Box\Box Tools\Metrics\BoxTools_Metrics.db
- post callback: 04CA391E
- log callback: 04CA3B76
- context: 00000000
- post interval in seconds: 600
- max records in a post: 100
- max db records: 500
- disable sender: true
[2024-10-21 15:48:17,678] [34   ] [INFO ] [] - Shutting down the metrics collector
[2024-10-21 15:58:17,647] [10   ] [INFO ] [] - Initializing the metrics collector
[2024-10-21 15:58:17,647] [10   ] [INFO ] [] - MetricsCollector::Sender(49): _disableSentMetrics 1
[2024-10-21 15:58:17,647] [10   ] [INFO ] [] - MetricsCollector::Initialize(231): Initialized metrics collector
- session id: b8d4a4bd-e4f9-4079-89d0-1073a56071c9
- device id: 4ca35884-a93a-48fc-ad16-80b2a90aa32e
- application id: Box Tools Win exe
- application name: BoxTools
- application version: 4.26.1.1109
- metric collection url: https://client-log.box.com/index.php?rm=box_gen204_json_record
- metric data path: C:\Users\pcedillo\AppData\Local\Box\Box Tools\Metrics\BoxTools_Metrics.db
- post callback: 04CA391E
- log callback: 04CA3B76
- context: 00000000
- post interval in seconds: 600
- max records in a post: 100
- max db records: 500
- disable sender: true
[2024-10-21 15:58:17,663] [10   ] [INFO ] [] - Shutting down the metrics collector
[2024-10-21 16:08:17,654] [97   ] [INFO ] [] - Initializing the metrics collector
[2024-10-21 16:08:17,654] [97   ] [INFO ] [] - MetricsCollector::Sender(49): _disableSentMetrics 1
[2024-10-21 16:08:17,669] [97   ] [INFO ] [] - MetricsCollector::Initialize(231): Initialized metrics collector
- session id: b8d4a4bd-e4f9-4079-89d0-1073a56071c9
- device id: 4ca35884-a93a-48fc-ad16-80b2a90aa32e
- application id: Box Tools Win exe
- application name: BoxTools
- application version: 4.26.1.1109
- metric collection url: https://client-log.box.com/index.php?rm=box_gen204_json_record
- metric data path: C:\Users\pcedillo\AppData\Local\Box\Box Tools\Metrics\BoxTools_Metrics.db
- post callback: 04CA391E
- log callback: 04CA3B76
- context: 00000000
- post interval in seconds: 600
- max records in a post: 100
- max db records: 500
- disable sender: true
[2024-10-21 16:08:17,685] [97   ] [INFO ] [] - Shutting down the metrics collector
[2024-10-21 16:18:17,684] [95   ] [INFO ] [] - Initializing the metrics collector
[2024-10-21 16:18:17,706] [95   ] [INFO ] [] - MetricsCollector::Sender(49): _disableSentMetrics 1
[2024-10-21 16:18:17,706] [95   ] [INFO ] [] - MetricsCollector::Initialize(231): Initialized metrics collector
- session id: b8d4a4bd-e4f9-4079-89d0-1073a56071c9
- device id: 4ca35884-a93a-48fc-ad16-80b2a90aa32e
- application id: Box Tools Win exe
- application name: BoxTools
- application version: 4.26.1.1109
- metric collection url: https://client-log.box.com/index.php?rm=box_gen204_json_record
- metric data path: C:\Users\pcedillo\AppData\Local\Box\Box Tools\Metrics\BoxTools_Metrics.db
- post callback: 04CA391E
- log callback: 04CA3B76
- context: 00000000
- post interval in seconds: 600
- max records in a post: 100
- max db records: 500
- disable sender: true
[2024-10-21 16:18:17,720] [95   ] [INFO ] [] - Shutting down the metrics collector
[2024-10-21 16:28:17,725] [55   ] [INFO ] [] - Initializing the metrics collector
[2024-10-21 16:28:17,743] [55   ] [INFO ] [] - MetricsCollector::Sender(49): _disableSentMetrics 1
[2024-10-21 16:28:17,747] [55   ] [INFO ] [] - MetricsCollector::Initialize(231): Initialized metrics collector
- session id: b8d4a4bd-e4f9-4079-89d0-1073a56071c9
- device id: 4ca35884-a93a-48fc-ad16-80b2a90aa32e
- application id: Box Tools Win exe
- application name: BoxTools
- application version: 4.26.1.1109
- metric collection url: https://client-log.box.com/index.php?rm=box_gen204_json_record
- metric data path: C:\Users\pcedillo\AppData\Local\Box\Box Tools\Metrics\BoxTools_Metrics.db
- post callback: 04CA391E
- log callback: 04CA3B76
- context: 00000000
- post interval in seconds: 600
- max records in a post: 100
- max db records: 500
- disable sender: true
[2024-10-21 16:28:17,762] [55   ] [INFO ] [] - Shutting down the metrics collector
[2024-10-21 16:38:17,758] [32   ] [INFO ] [] - Initializing the metrics collector
[2024-10-21 16:38:17,780] [32   ] [INFO ] [] - MetricsCollector::Sender(49): _disableSentMetrics 1
[2024-10-21 16:38:17,780] [32   ] [INFO ] [] - MetricsCollector::Initialize(231): Initialized metrics collector
- session id: b8d4a4bd-e4f9-4079-89d0-1073a56071c9
- device id: 4ca35884-a93a-48fc-ad16-80b2a90aa32e
- application id: Box Tools Win exe
- application name: BoxTools
- application version: 4.26.1.1109
- metric collection url: https://client-log.box.com/index.php?rm=box_gen204_json_record
- metric data path: C:\Users\pcedillo\AppData\Local\Box\Box Tools\Metrics\BoxTools_Metrics.db
- post callback: 04CA391E
- log callback: 04CA3B76
- context: 00000000
- post interval in seconds: 600
- max records in a post: 100
- max db records: 500
- disable sender: true
[2024-10-21 16:38:17,790] [32   ] [INFO ] [] - Shutting down the metrics collector
